[STD@00:24:38.624] Adding buffer 0 to pool
[STD@00:24:38.626] Adding buffer 1 to pool
[STD@00:24:38.626] Adding buffer 2 to pool
[STD@00:24:38.627] Adding buffer 3 to pool
[STD@00:24:38.627] Adding buffer 4 to pool
[STD@00:24:38.627] Adding buffer 5 to pool
[STD@00:24:38.627] Adding buffer 6 to pool
[STD@00:24:38.628] Adding buffer 7 to pool
[STD@00:24:38.628] Adding buffer 8 to pool
[STD@00:24:38.628] Adding buffer 9 to pool
[STD@00:24:38.628] Adding buffer 10 to pool
[STD@00:24:38.629] Adding buffer 11 to pool
[STD@00:24:38.629] Adding buffer 12 to pool
[STD@00:24:38.630] Adding buffer 13 to pool
[STD@00:24:38.630] Adding buffer 14 to pool
[STD@00:24:38.630] Adding buffer 15 to pool
[STD@00:24:38.630] Opening audio file ..\..\logs\LetsGoPublic\20061122\000\LetsGoPublic-20061122-000-input_and_output.raw for output
[STD@00:24:38.632] Starting device
[DBG@00:24:38.907] Saving buffer 0.
[DBG@00:24:38.908] Saved 4096 bytes from buffer to file.
[DBG@00:24:38.908] Added buffer back to pool.
[DBG@00:24:39.153] Saving buffer 1.
[DBG@00:24:39.153] Saved 4096 bytes from buffer to file.
[DBG@00:24:39.153] Added buffer back to pool.
[DBG@00:24:39.403] Saving buffer 2.
[DBG@00:24:39.403] Saved 4096 bytes from buffer to file.
[DBG@00:24:39.403] Added buffer back to pool.
[DBG@00:24:39.663] Saving buffer 3.
[DBG@00:24:39.663] Saved 4096 bytes from buffer to file.
[DBG@00:24:39.734] Added buffer back to pool.
[DBG@00:24:39.913] Saving buffer 4.
[DBG@00:24:39.913] Saved 4096 bytes from buffer to file.
[DBG@00:24:39.954] Added buffer back to pool.
[DBG@00:24:40.173] Saving buffer 5.
[DBG@00:24:40.173] Saved 4096 bytes from buffer to file.
[DBG@00:24:40.173] Added buffer back to pool.
[DBG@00:24:40.433] Saving buffer 6.
[DBG@00:24:40.433] Saved 4096 bytes from buffer to file.
[DBG@00:24:40.433] Added buffer back to pool.
[DBG@00:24:40.683] Saving buffer 7.
[DBG@00:24:40.683] Saved 4096 bytes from buffer to file.
[DBG@00:24:40.683] Added buffer back to pool.
[DBG@00:24:40.943] Saving buffer 8.
[DBG@00:24:40.943] Saved 4096 bytes from buffer to file.
[DBG@00:24:40.943] Added buffer back to pool.
[DBG@00:24:41.193] Saving buffer 9.
[DBG@00:24:41.193] Saved 4096 bytes from buffer to file.
[DBG@00:24:41.193] Added buffer back to pool.
[DBG@00:24:41.453] Saving buffer 10.
[DBG@00:24:41.453] Saved 4096 bytes from buffer to file.
[DBG@00:24:41.453] Added buffer back to pool.
[DBG@00:24:41.713] Saving buffer 11.
[DBG@00:24:41.713] Saved 4096 bytes from buffer to file.
[DBG@00:24:41.713] Added buffer back to pool.
[DBG@00:24:41.963] Saving buffer 12.
[DBG@00:24:41.963] Saved 4096 bytes from buffer to file.
[DBG@00:24:41.963] Added buffer back to pool.
[DBG@00:24:42.223] Saving buffer 13.
[DBG@00:24:42.223] Saved 4096 bytes from buffer to file.
[DBG@00:24:42.223] Added buffer back to pool.
[DBG@00:24:42.473] Saving buffer 14.
[DBG@00:24:42.473] Saved 4096 bytes from buffer to file.
[DBG@00:24:42.473] Added buffer back to pool.
[DBG@00:24:42.733] Saving buffer 15.
[DBG@00:24:42.733] Saved 4096 bytes from buffer to file.
[DBG@00:24:42.733] Added buffer back to pool.
[DBG@00:24:42.993] Saving buffer 0.
[DBG@00:24:42.993] Saved 4096 bytes from buffer to file.
[DBG@00:24:42.993] Added buffer back to pool.
[DBG@00:24:43.243] Saving buffer 1.
[DBG@00:24:43.243] Saved 4096 bytes from buffer to file.
[DBG@00:24:43.243] Added buffer back to pool.
[DBG@00:24:43.503] Saving buffer 2.
[DBG@00:24:43.503] Saved 4096 bytes from buffer to file.
[DBG@00:24:43.503] Added buffer back to pool.
[DBG@00:24:43.753] Saving buffer 3.
[DBG@00:24:43.753] Saved 4096 bytes from buffer to file.
[DBG@00:24:43.753] Added buffer back to pool.
[DBG@00:24:44.013] Saving buffer 4.
[DBG@00:24:44.013] Saved 4096 bytes from buffer to file.
[DBG@00:24:44.013] Added buffer back to pool.
[DBG@00:24:44.273] Saving buffer 5.
[DBG@00:24:44.273] Saved 4096 bytes from buffer to file.
[DBG@00:24:44.273] Added buffer back to pool.
[DBG@00:24:44.523] Saving buffer 6.
[DBG@00:24:44.523] Saved 4096 bytes from buffer to file.
[DBG@00:24:44.523] Added buffer back to pool.
[DBG@00:24:44.783] Saving buffer 7.
[DBG@00:24:44.783] Saved 4096 bytes from buffer to file.
[DBG@00:24:44.783] Added buffer back to pool.
[DBG@00:24:45.033] Saving buffer 8.
[DBG@00:24:45.033] Saved 4096 bytes from buffer to file.
[DBG@00:24:45.033] Added buffer back to pool.
[DBG@00:24:45.293] Saving buffer 9.
[DBG@00:24:45.293] Saved 4096 bytes from buffer to file.
[DBG@00:24:45.293] Added buffer back to pool.
[DBG@00:24:45.553] Saving buffer 10.
[DBG@00:24:45.553] Saved 4096 bytes from buffer to file.
[DBG@00:24:45.553] Added buffer back to pool.
[DBG@00:24:45.803] Saving buffer 11.
[DBG@00:24:45.803] Saved 4096 bytes from buffer to file.
[DBG@00:24:45.803] Added buffer back to pool.
[DBG@00:24:46.063] Saving buffer 12.
[DBG@00:24:46.063] Saved 4096 bytes from buffer to file.
[DBG@00:24:46.063] Added buffer back to pool.
[DBG@00:24:46.313] Saving buffer 13.
[DBG@00:24:46.313] Saved 4096 bytes from buffer to file.
[DBG@00:24:46.313] Added buffer back to pool.
[DBG@00:24:46.573] Saving buffer 14.
[DBG@00:24:46.573] Saved 4096 bytes from buffer to file.
[DBG@00:24:46.573] Added buffer back to pool.
[DBG@00:24:46.833] Saving buffer 15.
[DBG@00:24:46.833] Saved 4096 bytes from buffer to file.
[DBG@00:24:46.833] Added buffer back to pool.
[DBG@00:24:47.083] Saving buffer 0.
[DBG@00:24:47.083] Saved 4096 bytes from buffer to file.
[DBG@00:24:47.083] Added buffer back to pool.
[DBG@00:24:47.343] Saving buffer 1.
[DBG@00:24:47.343] Saved 4096 bytes from buffer to file.
[DBG@00:24:47.343] Added buffer back to pool.
[DBG@00:24:47.593] Saving buffer 2.
[DBG@00:24:47.593] Saved 4096 bytes from buffer to file.
[DBG@00:24:47.593] Added buffer back to pool.
[DBG@00:24:47.853] Saving buffer 3.
[DBG@00:24:47.853] Saved 4096 bytes from buffer to file.
[DBG@00:24:47.853] Added buffer back to pool.
[DBG@00:24:48.113] Saving buffer 4.
[DBG@00:24:48.113] Saved 4096 bytes from buffer to file.
[DBG@00:24:48.113] Added buffer back to pool.
[DBG@00:24:48.363] Saving buffer 5.
[DBG@00:24:48.363] Saved 4096 bytes from buffer to file.
[DBG@00:24:48.363] Added buffer back to pool.
[DBG@00:24:48.623] Saving buffer 6.
[DBG@00:24:48.623] Saved 4096 bytes from buffer to file.
[DBG@00:24:48.623] Added buffer back to pool.
[DBG@00:24:48.873] Saving buffer 7.
[DBG@00:24:48.873] Saved 4096 bytes from buffer to file.
[DBG@00:24:48.873] Added buffer back to pool.
[DBG@00:24:49.133] Saving buffer 8.
[DBG@00:24:49.133] Saved 4096 bytes from buffer to file.
[DBG@00:24:49.133] Added buffer back to pool.
[DBG@00:24:49.393] Saving buffer 9.
[DBG@00:24:49.393] Saved 4096 bytes from buffer to file.
[DBG@00:24:49.393] Added buffer back to pool.
[DBG@00:24:49.643] Saving buffer 10.
[DBG@00:24:49.643] Saved 4096 bytes from buffer to file.
[DBG@00:24:49.643] Added buffer back to pool.
[DBG@00:24:49.903] Saving buffer 11.
[DBG@00:24:49.903] Saved 4096 bytes from buffer to file.
[DBG@00:24:49.903] Added buffer back to pool.
[DBG@00:24:50.152] Saving buffer 12.
[DBG@00:24:50.153] Saved 4096 bytes from buffer to file.
[DBG@00:24:50.153] Added buffer back to pool.
[DBG@00:24:50.412] Saving buffer 13.
[DBG@00:24:50.413] Saved 4096 bytes from buffer to file.
[DBG@00:24:50.413] Added buffer back to pool.
[DBG@00:24:50.672] Saving buffer 14.
[DBG@00:24:50.673] Saved 4096 bytes from buffer to file.
[DBG@00:24:50.673] Added buffer back to pool.
[DBG@00:24:50.923] Saving buffer 15.
[DBG@00:24:50.923] Saved 4096 bytes from buffer to file.
[DBG@00:24:50.923] Added buffer back to pool.
[DBG@00:24:51.183] Saving buffer 0.
[DBG@00:24:51.183] Saved 4096 bytes from buffer to file.
[DBG@00:24:51.183] Added buffer back to pool.
[DBG@00:24:51.432] Saving buffer 1.
[DBG@00:24:51.433] Saved 4096 bytes from buffer to file.
[DBG@00:24:51.433] Added buffer back to pool.
[DBG@00:24:51.693] Saving buffer 2.
[DBG@00:24:51.693] Saved 4096 bytes from buffer to file.
[DBG@00:24:51.693] Added buffer back to pool.
[DBG@00:24:51.952] Saving buffer 3.
[DBG@00:24:51.953] Saved 4096 bytes from buffer to file.
[DBG@00:24:51.953] Added buffer back to pool.
[DBG@00:24:52.203] Saving buffer 4.
[DBG@00:24:52.203] Saved 4096 bytes from buffer to file.
[DBG@00:24:52.203] Added buffer back to pool.
[DBG@00:24:52.463] Saving buffer 5.
[DBG@00:24:52.463] Saved 4096 bytes from buffer to file.
[DBG@00:24:52.463] Added buffer back to pool.
[DBG@00:24:52.712] Saving buffer 6.
[DBG@00:24:52.713] Saved 4096 bytes from buffer to file.
[DBG@00:24:52.713] Added buffer back to pool.
[DBG@00:24:52.972] Saving buffer 7.
[DBG@00:24:52.973] Saved 4096 bytes from buffer to file.
[DBG@00:24:52.973] Added buffer back to pool.
[DBG@00:24:53.232] Saving buffer 8.
[DBG@00:24:53.233] Saved 4096 bytes from buffer to file.
[DBG@00:24:53.233] Added buffer back to pool.
[DBG@00:24:53.483] Saving buffer 9.
[DBG@00:24:53.483] Saved 4096 bytes from buffer to file.
[DBG@00:24:53.483] Added buffer back to pool.
[DBG@00:24:53.742] Saving buffer 10.
[DBG@00:24:53.743] Saved 4096 bytes from buffer to file.
[DBG@00:24:53.743] Added buffer back to pool.
[DBG@00:24:53.993] Saving buffer 11.
[DBG@00:24:53.993] Saved 4096 bytes from buffer to file.
[DBG@00:24:53.993] Added buffer back to pool.
[DBG@00:24:54.252] Saving buffer 12.
[DBG@00:24:54.253] Saved 4096 bytes from buffer to file.
[DBG@00:24:54.253] Added buffer back to pool.
[DBG@00:24:54.512] Saving buffer 13.
[DBG@00:24:54.513] Saved 4096 bytes from buffer to file.
[DBG@00:24:54.513] Added buffer back to pool.
[DBG@00:24:54.762] Saving buffer 14.
[DBG@00:24:54.763] Saved 4096 bytes from buffer to file.
[DBG@00:24:54.763] Added buffer back to pool.
[DBG@00:24:55.022] Saving buffer 15.
[DBG@00:24:55.023] Saved 4096 bytes from buffer to file.
[DBG@00:24:55.023] Added buffer back to pool.
[DBG@00:24:55.272] Saving buffer 0.
[DBG@00:24:55.273] Saved 4096 bytes from buffer to file.
[DBG@00:24:55.274] Added buffer back to pool.
[DBG@00:24:55.532] Saving buffer 1.
[DBG@00:24:55.532] Saved 4096 bytes from buffer to file.
[DBG@00:24:55.533] Added buffer back to pool.
[DBG@00:24:55.793] Saving buffer 2.
[DBG@00:24:55.793] Saved 4096 bytes from buffer to file.
[DBG@00:24:55.793] Added buffer back to pool.
[DBG@00:24:56.042] Saving buffer 3.
[DBG@00:24:56.043] Saved 4096 bytes from buffer to file.
[DBG@00:24:56.043] Added buffer back to pool.
[DBG@00:24:56.302] Saving buffer 4.
[DBG@00:24:56.303] Saved 4096 bytes from buffer to file.
[DBG@00:24:56.303] Added buffer back to pool.
[DBG@00:24:56.552] Saving buffer 5.
[DBG@00:24:56.553] Saved 4096 bytes from buffer to file.
[DBG@00:24:56.553] Added buffer back to pool.
[DBG@00:24:56.812] Saving buffer 6.
[DBG@00:24:56.812] Saved 4096 bytes from buffer to file.
[DBG@00:24:56.813] Added buffer back to pool.
[DBG@00:24:57.072] Saving buffer 7.
[DBG@00:24:57.073] Saved 4096 bytes from buffer to file.
[DBG@00:24:57.082] Added buffer back to pool.
[DBG@00:24:57.322] Saving buffer 8.
[DBG@00:24:57.322] Saved 4096 bytes from buffer to file.
[DBG@00:24:57.323] Added buffer back to pool.
[DBG@00:24:57.582] Saving buffer 9.
[DBG@00:24:57.582] Saved 4096 bytes from buffer to file.
[DBG@00:24:57.583] Added buffer back to pool.
[DBG@00:24:57.832] Saving buffer 10.
[DBG@00:24:57.832] Saved 4096 bytes from buffer to file.
[DBG@00:24:57.832] Added buffer back to pool.
[DBG@00:24:58.092] Saving buffer 11.
[DBG@00:24:58.092] Saved 4096 bytes from buffer to file.
[DBG@00:24:58.092] Added buffer back to pool.
[DBG@00:24:58.352] Saving buffer 12.
[DBG@00:24:58.352] Saved 4096 bytes from buffer to file.
[DBG@00:24:58.352] Added buffer back to pool.
[DBG@00:24:58.602] Saving buffer 13.
[DBG@00:24:58.602] Saved 4096 bytes from buffer to file.
[DBG@00:24:58.602] Added buffer back to pool.
[DBG@00:24:58.862] Saving buffer 14.
[DBG@00:24:58.863] Saved 4096 bytes from buffer to file.
[DBG@00:24:58.863] Added buffer back to pool.
[DBG@00:24:59.112] Saving buffer 15.
[DBG@00:24:59.112] Saved 4096 bytes from buffer to file.
[DBG@00:24:59.112] Added buffer back to pool.
[DBG@00:24:59.372] Saving buffer 0.
[DBG@00:24:59.373] Saved 4096 bytes from buffer to file.
[DBG@00:24:59.373] Added buffer back to pool.
[DBG@00:24:59.632] Saving buffer 1.
[DBG@00:24:59.633] Saved 4096 bytes from buffer to file.
[DBG@00:24:59.633] Added buffer back to pool.
[DBG@00:24:59.882] Saving buffer 2.
[DBG@00:24:59.882] Saved 4096 bytes from buffer to file.
[DBG@00:24:59.882] Added buffer back to pool.
[DBG@00:25:00.142] Saving buffer 3.
[DBG@00:25:00.142] Saved 4096 bytes from buffer to file.
[DBG@00:25:00.142] Added buffer back to pool.
[DBG@00:25:00.392] Saving buffer 4.
[DBG@00:25:00.392] Saved 4096 bytes from buffer to file.
[DBG@00:25:00.392] Added buffer back to pool.
[DBG@00:25:00.652] Saving buffer 5.
[DBG@00:25:00.652] Saved 4096 bytes from buffer to file.
[DBG@00:25:00.652] Added buffer back to pool.
[DBG@00:25:00.912] Saving buffer 6.
[DBG@00:25:00.912] Saved 4096 bytes from buffer to file.
[DBG@00:25:00.912] Added buffer back to pool.
[DBG@00:25:01.162] Saving buffer 7.
[DBG@00:25:01.162] Saved 4096 bytes from buffer to file.
[DBG@00:25:01.162] Added buffer back to pool.
[DBG@00:25:01.422] Saving buffer 8.
[DBG@00:25:01.422] Saved 4096 bytes from buffer to file.
[DBG@00:25:01.422] Added buffer back to pool.
[DBG@00:25:01.672] Saving buffer 9.
[DBG@00:25:01.672] Saved 4096 bytes from buffer to file.
[DBG@00:25:01.672] Added buffer back to pool.
[DBG@00:25:01.932] Saving buffer 10.
[DBG@00:25:01.932] Saved 4096 bytes from buffer to file.
[DBG@00:25:01.932] Added buffer back to pool.
[DBG@00:25:02.192] Saving buffer 11.
[DBG@00:25:02.192] Saved 4096 bytes from buffer to file.
[DBG@00:25:02.192] Added buffer back to pool.
[DBG@00:25:02.442] Saving buffer 12.
[DBG@00:25:02.442] Saved 4096 bytes from buffer to file.
[DBG@00:25:02.443] Added buffer back to pool.
[DBG@00:25:02.702] Saving buffer 13.
[DBG@00:25:02.702] Saved 4096 bytes from buffer to file.
[DBG@00:25:02.702] Added buffer back to pool.
[DBG@00:25:02.952] Saving buffer 14.
[DBG@00:25:02.953] Saved 4096 bytes from buffer to file.
[DBG@00:25:02.953] Added buffer back to pool.
[DBG@00:25:03.212] Saving buffer 15.
[DBG@00:25:03.212] Saved 4096 bytes from buffer to file.
[DBG@00:25:03.212] Added buffer back to pool.
[DBG@00:25:03.472] Saving buffer 0.
[DBG@00:25:03.473] Saved 4096 bytes from buffer to file.
[DBG@00:25:03.473] Added buffer back to pool.
[DBG@00:25:03.722] Saving buffer 1.
[DBG@00:25:03.722] Saved 4096 bytes from buffer to file.
[DBG@00:25:03.722] Added buffer back to pool.
[DBG@00:25:03.982] Saving buffer 2.
[DBG@00:25:03.982] Saved 4096 bytes from buffer to file.
[DBG@00:25:03.982] Added buffer back to pool.
[DBG@00:25:04.232] Saving buffer 3.
[DBG@00:25:04.232] Saved 4096 bytes from buffer to file.
[DBG@00:25:04.232] Added buffer back to pool.
[DBG@00:25:04.492] Saving buffer 4.
[DBG@00:25:04.492] Saved 4096 bytes from buffer to file.
[DBG@00:25:04.492] Added buffer back to pool.
[DBG@00:25:04.752] Saving buffer 5.
[DBG@00:25:04.752] Saved 4096 bytes from buffer to file.
[DBG@00:25:04.752] Added buffer back to pool.
[DBG@00:25:05.002] Saving buffer 6.
[DBG@00:25:05.002] Saved 4096 bytes from buffer to file.
[DBG@00:25:05.002] Added buffer back to pool.
[DBG@00:25:05.262] Saving buffer 7.
[DBG@00:25:05.262] Saved 4096 bytes from buffer to file.
[DBG@00:25:05.262] Added buffer back to pool.
[DBG@00:25:05.512] Saving buffer 8.
[DBG@00:25:05.512] Saved 4096 bytes from buffer to file.
[DBG@00:25:05.512] Added buffer back to pool.
[DBG@00:25:05.772] Saving buffer 9.
[DBG@00:25:05.772] Saved 4096 bytes from buffer to file.
[DBG@00:25:05.772] Added buffer back to pool.
[DBG@00:25:06.032] Saving buffer 10.
[DBG@00:25:06.032] Saved 4096 bytes from buffer to file.
[DBG@00:25:06.032] Added buffer back to pool.
[DBG@00:25:06.282] Saving buffer 11.
[DBG@00:25:06.282] Saved 4096 bytes from buffer to file.
[DBG@00:25:06.282] Added buffer back to pool.
[DBG@00:25:06.542] Saving buffer 12.
[DBG@00:25:06.542] Saved 4096 bytes from buffer to file.
[DBG@00:25:06.542] Added buffer back to pool.
[DBG@00:25:06.792] Saving buffer 13.
[DBG@00:25:06.792] Saved 4096 bytes from buffer to file.
[DBG@00:25:06.792] Added buffer back to pool.
[DBG@00:25:07.052] Saving buffer 14.
[DBG@00:25:07.052] Saved 4096 bytes from buffer to file.
[DBG@00:25:07.052] Added buffer back to pool.
[DBG@00:25:07.312] Saving buffer 15.
[DBG@00:25:07.312] Saved 4096 bytes from buffer to file.
[DBG@00:25:07.312] Added buffer back to pool.
[DBG@00:25:07.562] Saving buffer 0.
[DBG@00:25:07.563] Saved 4096 bytes from buffer to file.
[DBG@00:25:07.563] Added buffer back to pool.
[DBG@00:25:07.822] Saving buffer 1.
[DBG@00:25:07.822] Saved 4096 bytes from buffer to file.
[DBG@00:25:07.822] Added buffer back to pool.
[DBG@00:25:08.072] Saving buffer 2.
[DBG@00:25:08.072] Saved 4096 bytes from buffer to file.
[DBG@00:25:08.072] Added buffer back to pool.
[DBG@00:25:08.332] Saving buffer 3.
[DBG@00:25:08.332] Saved 4096 bytes from buffer to file.
[DBG@00:25:08.332] Added buffer back to pool.
[DBG@00:25:08.592] Saving buffer 4.
[DBG@00:25:08.592] Saved 4096 bytes from buffer to file.
[DBG@00:25:08.593] Added buffer back to pool.
[DBG@00:25:08.842] Saving buffer 5.
[DBG@00:25:08.842] Saved 4096 bytes from buffer to file.
[DBG@00:25:08.842] Added buffer back to pool.
[DBG@00:25:09.102] Saving buffer 6.
[DBG@00:25:09.102] Saved 4096 bytes from buffer to file.
[DBG@00:25:09.102] Added buffer back to pool.
[DBG@00:25:09.352] Saving buffer 7.
[DBG@00:25:09.352] Saved 4096 bytes from buffer to file.
[DBG@00:25:09.352] Added buffer back to pool.
[DBG@00:25:09.612] Saving buffer 8.
[DBG@00:25:09.612] Saved 4096 bytes from buffer to file.
[DBG@00:25:09.612] Added buffer back to pool.
[DBG@00:25:09.872] Saving buffer 9.
[DBG@00:25:09.872] Saved 4096 bytes from buffer to file.
[DBG@00:25:09.872] Added buffer back to pool.
[DBG@00:25:10.122] Saving buffer 10.
[DBG@00:25:10.122] Saved 4096 bytes from buffer to file.
[DBG@00:25:10.122] Added buffer back to pool.
[DBG@00:25:10.382] Saving buffer 11.
[DBG@00:25:10.382] Saved 4096 bytes from buffer to file.
[DBG@00:25:10.382] Added buffer back to pool.
[DBG@00:25:10.632] Saving buffer 12.
[DBG@00:25:10.632] Saved 4096 bytes from buffer to file.
[DBG@00:25:10.632] Added buffer back to pool.
[DBG@00:25:10.892] Saving buffer 13.
[DBG@00:25:10.892] Saved 4096 bytes from buffer to file.
[DBG@00:25:10.892] Added buffer back to pool.
[DBG@00:25:11.152] Saving buffer 14.
[DBG@00:25:11.152] Saved 4096 bytes from buffer to file.
[DBG@00:25:11.152] Added buffer back to pool.
[DBG@00:25:11.402] Saving buffer 15.
[DBG@00:25:11.402] Saved 4096 bytes from buffer to file.
[DBG@00:25:11.402] Added buffer back to pool.
[DBG@00:25:11.662] Saving buffer 0.
[DBG@00:25:11.662] Saved 4096 bytes from buffer to file.
[DBG@00:25:11.662] Added buffer back to pool.
[DBG@00:25:11.912] Saving buffer 1.
[DBG@00:25:11.912] Saved 4096 bytes from buffer to file.
[DBG@00:25:11.912] Added buffer back to pool.
[DBG@00:25:12.172] Saving buffer 2.
[DBG@00:25:12.172] Saved 4096 bytes from buffer to file.
[DBG@00:25:12.172] Added buffer back to pool.
[DBG@00:25:12.432] Saving buffer 3.
[DBG@00:25:12.432] Saved 4096 bytes from buffer to file.
[DBG@00:25:12.432] Added buffer back to pool.
[DBG@00:25:12.682] Saving buffer 4.
[DBG@00:25:12.682] Saved 4096 bytes from buffer to file.
[DBG@00:25:12.682] Added buffer back to pool.
[DBG@00:25:12.942] Saving buffer 5.
[DBG@00:25:12.942] Saved 4096 bytes from buffer to file.
[DBG@00:25:12.942] Added buffer back to pool.
[DBG@00:25:13.192] Saving buffer 6.
[DBG@00:25:13.192] Saved 4096 bytes from buffer to file.
[DBG@00:25:13.192] Added buffer back to pool.
[DBG@00:25:13.452] Saving buffer 7.
[DBG@00:25:13.452] Saved 4096 bytes from buffer to file.
[DBG@00:25:13.452] Added buffer back to pool.
[DBG@00:25:13.712] Saving buffer 8.
[DBG@00:25:13.712] Saved 4096 bytes from buffer to file.
[DBG@00:25:13.712] Added buffer back to pool.
[DBG@00:25:13.962] Saving buffer 9.
[DBG@00:25:13.962] Saved 4096 bytes from buffer to file.
[DBG@00:25:13.962] Added buffer back to pool.
[DBG@00:25:14.222] Saving buffer 10.
[DBG@00:25:14.222] Saved 4096 bytes from buffer to file.
[DBG@00:25:14.222] Added buffer back to pool.
[DBG@00:25:14.472] Saving buffer 11.
[DBG@00:25:14.472] Saved 4096 bytes from buffer to file.
[DBG@00:25:14.472] Added buffer back to pool.
[DBG@00:25:14.732] Saving buffer 12.
[DBG@00:25:14.732] Saved 4096 bytes from buffer to file.
[DBG@00:25:14.732] Added buffer back to pool.
[DBG@00:25:14.992] Saving buffer 13.
[DBG@00:25:14.992] Saved 4096 bytes from buffer to file.
[DBG@00:25:14.992] Added buffer back to pool.
[DBG@00:25:15.242] Saving buffer 14.
[DBG@00:25:15.242] Saved 4096 bytes from buffer to file.
[DBG@00:25:15.242] Added buffer back to pool.
[DBG@00:25:15.502] Saving buffer 15.
[DBG@00:25:15.502] Saved 4096 bytes from buffer to file.
[DBG@00:25:15.502] Added buffer back to pool.
[DBG@00:25:15.752] Saving buffer 0.
[DBG@00:25:15.753] Saved 4096 bytes from buffer to file.
[DBG@00:25:15.753] Added buffer back to pool.
[DBG@00:25:16.012] Saving buffer 1.
[DBG@00:25:16.012] Saved 4096 bytes from buffer to file.
[DBG@00:25:16.012] Added buffer back to pool.
[DBG@00:25:16.272] Saving buffer 2.
[DBG@00:25:16.272] Saved 4096 bytes from buffer to file.
[DBG@00:25:16.272] Added buffer back to pool.
[DBG@00:25:16.522] Saving buffer 3.
[DBG@00:25:16.522] Saved 4096 bytes from buffer to file.
[DBG@00:25:16.522] Added buffer back to pool.
[DBG@00:25:16.782] Saving buffer 4.
[DBG@00:25:16.782] Saved 4096 bytes from buffer to file.
[DBG@00:25:16.782] Added buffer back to pool.
[DBG@00:25:17.032] Saving buffer 5.
[DBG@00:25:17.032] Saved 4096 bytes from buffer to file.
[DBG@00:25:17.032] Added buffer back to pool.
[DBG@00:25:17.292] Saving buffer 6.
[DBG@00:25:17.292] Saved 4096 bytes from buffer to file.
[DBG@00:25:17.292] Added buffer back to pool.
[DBG@00:25:17.552] Saving buffer 7.
[DBG@00:25:17.552] Saved 4096 bytes from buffer to file.
[DBG@00:25:17.552] Added buffer back to pool.
[DBG@00:25:17.802] Saving buffer 8.
[DBG@00:25:17.802] Saved 4096 bytes from buffer to file.
[DBG@00:25:17.802] Added buffer back to pool.
[DBG@00:25:18.062] Saving buffer 9.
[DBG@00:25:18.062] Saved 4096 bytes from buffer to file.
[DBG@00:25:18.062] Added buffer back to pool.
[DBG@00:25:18.312] Saving buffer 10.
[DBG@00:25:18.312] Saved 4096 bytes from buffer to file.
[DBG@00:25:18.312] Added buffer back to pool.
[DBG@00:25:18.572] Saving buffer 11.
[DBG@00:25:18.572] Saved 4096 bytes from buffer to file.
[DBG@00:25:18.572] Added buffer back to pool.
[DBG@00:25:18.832] Saving buffer 12.
[DBG@00:25:18.832] Saved 4096 bytes from buffer to file.
[DBG@00:25:18.832] Added buffer back to pool.
[DBG@00:25:19.082] Saving buffer 13.
[DBG@00:25:19.082] Saved 4096 bytes from buffer to file.
[DBG@00:25:19.082] Added buffer back to pool.
[DBG@00:25:19.342] Saving buffer 14.
[DBG@00:25:19.342] Saved 4096 bytes from buffer to file.
[DBG@00:25:19.342] Added buffer back to pool.
[DBG@00:25:19.592] Saving buffer 15.
[DBG@00:25:19.592] Saved 4096 bytes from buffer to file.
[DBG@00:25:19.592] Added buffer back to pool.
[DBG@00:25:19.852] Saving buffer 0.
[DBG@00:25:19.852] Saved 4096 bytes from buffer to file.
[DBG@00:25:19.852] Added buffer back to pool.
[DBG@00:25:20.112] Saving buffer 1.
[DBG@00:25:20.112] Saved 4096 bytes from buffer to file.
[DBG@00:25:20.112] Added buffer back to pool.
[DBG@00:25:20.362] Saving buffer 2.
[DBG@00:25:20.362] Saved 4096 bytes from buffer to file.
[DBG@00:25:20.362] Added buffer back to pool.
[DBG@00:25:20.622] Saving buffer 3.
[DBG@00:25:20.622] Saved 4096 bytes from buffer to file.
[DBG@00:25:20.622] Added buffer back to pool.
[DBG@00:25:20.872] Saving buffer 4.
[DBG@00:25:20.872] Saved 4096 bytes from buffer to file.
[DBG@00:25:20.872] Added buffer back to pool.
[DBG@00:25:21.132] Saving buffer 5.
[DBG@00:25:21.132] Saved 4096 bytes from buffer to file.
[DBG@00:25:21.132] Added buffer back to pool.
[DBG@00:25:21.392] Saving buffer 6.
[DBG@00:25:21.392] Saved 4096 bytes from buffer to file.
[DBG@00:25:21.392] Added buffer back to pool.
[DBG@00:25:21.642] Saving buffer 7.
[DBG@00:25:21.642] Saved 4096 bytes from buffer to file.
[DBG@00:25:21.642] Added buffer back to pool.
[DBG@00:25:21.902] Saving buffer 8.
[DBG@00:25:21.902] Saved 4096 bytes from buffer to file.
[DBG@00:25:21.902] Added buffer back to pool.
[DBG@00:25:22.152] Saving buffer 9.
[DBG@00:25:22.152] Saved 4096 bytes from buffer to file.
[DBG@00:25:22.152] Added buffer back to pool.
[DBG@00:25:22.412] Saving buffer 10.
[DBG@00:25:22.412] Saved 4096 bytes from buffer to file.
[DBG@00:25:22.412] Added buffer back to pool.
[DBG@00:25:22.672] Saving buffer 11.
[DBG@00:25:22.672] Saved 4096 bytes from buffer to file.
[DBG@00:25:22.672] Added buffer back to pool.
[DBG@00:25:22.922] Saving buffer 12.
[DBG@00:25:22.922] Saved 4096 bytes from buffer to file.
[DBG@00:25:22.922] Added buffer back to pool.
[DBG@00:25:23.182] Saving buffer 13.
[DBG@00:25:23.182] Saved 4096 bytes from buffer to file.
[DBG@00:25:23.182] Added buffer back to pool.
[DBG@00:25:23.432] Saving buffer 14.
[DBG@00:25:23.432] Saved 4096 bytes from buffer to file.
[DBG@00:25:23.432] Added buffer back to pool.
[DBG@00:25:23.692] Saving buffer 15.
[DBG@00:25:23.692] Saved 4096 bytes from buffer to file.
[DBG@00:25:23.692] Added buffer back to pool.
[DBG@00:25:23.952] Saving buffer 0.
[DBG@00:25:23.953] Saved 4096 bytes from buffer to file.
[DBG@00:25:23.959] Added buffer back to pool.
[DBG@00:25:24.201] Saving buffer 1.
[DBG@00:25:24.202] Saved 4096 bytes from buffer to file.
[DBG@00:25:24.202] Added buffer back to pool.
[DBG@00:25:24.461] Saving buffer 2.
[DBG@00:25:24.462] Saved 4096 bytes from buffer to file.
[DBG@00:25:24.462] Added buffer back to pool.
[DBG@00:25:24.711] Saving buffer 3.
[DBG@00:25:24.712] Saved 4096 bytes from buffer to file.
[DBG@00:25:24.712] Added buffer back to pool.
[DBG@00:25:24.971] Saving buffer 4.
[DBG@00:25:24.972] Saved 4096 bytes from buffer to file.
[DBG@00:25:24.972] Added buffer back to pool.
[DBG@00:25:25.231] Saving buffer 5.
[DBG@00:25:25.232] Saved 4096 bytes from buffer to file.
[DBG@00:25:25.232] Added buffer back to pool.
[DBG@00:25:25.481] Saving buffer 6.
[DBG@00:25:25.482] Saved 4096 bytes from buffer to file.
[DBG@00:25:25.482] Added buffer back to pool.
[DBG@00:25:25.741] Saving buffer 7.
[DBG@00:25:25.742] Saved 4096 bytes from buffer to file.
[DBG@00:25:25.742] Added buffer back to pool.
[DBG@00:25:25.991] Saving buffer 8.
[DBG@00:25:25.992] Saved 4096 bytes from buffer to file.
[DBG@00:25:25.992] Added buffer back to pool.
[DBG@00:25:26.251] Saving buffer 9.
[DBG@00:25:26.252] Saved 4096 bytes from buffer to file.
[DBG@00:25:26.252] Added buffer back to pool.
[DBG@00:25:26.511] Saving buffer 10.
[DBG@00:25:26.512] Saved 4096 bytes from buffer to file.
[DBG@00:25:26.512] Added buffer back to pool.
[DBG@00:25:26.761] Saving buffer 11.
[DBG@00:25:26.762] Saved 4096 bytes from buffer to file.
[DBG@00:25:26.762] Added buffer back to pool.
[DBG@00:25:27.021] Saving buffer 12.
[DBG@00:25:27.021] Saved 4096 bytes from buffer to file.
[DBG@00:25:27.022] Added buffer back to pool.
[DBG@00:25:27.271] Saving buffer 13.
[DBG@00:25:27.272] Saved 4096 bytes from buffer to file.
[DBG@00:25:27.272] Added buffer back to pool.
[DBG@00:25:27.531] Saving buffer 14.
[DBG@00:25:27.531] Saved 4096 bytes from buffer to file.
[DBG@00:25:27.532] Added buffer back to pool.
[DBG@00:25:27.791] Saving buffer 15.
[DBG@00:25:27.792] Saved 4096 bytes from buffer to file.
[DBG@00:25:27.792] Added buffer back to pool.
[DBG@00:25:28.042] Saving buffer 0.
[DBG@00:25:28.042] Saved 4096 bytes from buffer to file.
[DBG@00:25:28.043] Added buffer back to pool.
[DBG@00:25:28.301] Saving buffer 1.
[DBG@00:25:28.302] Saved 4096 bytes from buffer to file.
[DBG@00:25:28.306] Added buffer back to pool.
[DBG@00:25:28.551] Saving buffer 2.
[DBG@00:25:28.551] Saved 4096 bytes from buffer to file.
[DBG@00:25:28.552] Added buffer back to pool.
[DBG@00:25:28.811] Saving buffer 3.
[DBG@00:25:28.811] Saved 4096 bytes from buffer to file.
[DBG@00:25:28.812] Added buffer back to pool.
[DBG@00:25:29.071] Saving buffer 4.
[DBG@00:25:29.071] Saved 4096 bytes from buffer to file.
[DBG@00:25:29.072] Added buffer back to pool.
[DBG@00:25:29.321] Saving buffer 5.
[DBG@00:25:29.321] Saved 4096 bytes from buffer to file.
[DBG@00:25:29.322] Added buffer back to pool.
[DBG@00:25:29.581] Saving buffer 6.
[DBG@00:25:29.581] Saved 4096 bytes from buffer to file.
[DBG@00:25:29.582] Added buffer back to pool.
[DBG@00:25:29.831] Saving buffer 7.
[DBG@00:25:29.831] Saved 4096 bytes from buffer to file.
[DBG@00:25:29.832] Added buffer back to pool.
[DBG@00:25:30.091] Saving buffer 8.
[DBG@00:25:30.091] Saved 4096 bytes from buffer to file.
[DBG@00:25:30.092] Added buffer back to pool.
[DBG@00:25:30.351] Saving buffer 9.
[DBG@00:25:30.351] Saved 4096 bytes from buffer to file.
[DBG@00:25:30.352] Added buffer back to pool.
[DBG@00:25:30.601] Saving buffer 10.
[DBG@00:25:30.601] Saved 4096 bytes from buffer to file.
[DBG@00:25:30.601] Added buffer back to pool.
[DBG@00:25:30.861] Saving buffer 11.
[DBG@00:25:30.861] Saved 4096 bytes from buffer to file.
[DBG@00:25:30.861] Added buffer back to pool.
[DBG@00:25:31.111] Saving buffer 12.
[DBG@00:25:31.111] Saved 4096 bytes from buffer to file.
[DBG@00:25:31.111] Added buffer back to pool.
[DBG@00:25:31.371] Saving buffer 13.
[DBG@00:25:31.371] Saved 4096 bytes from buffer to file.
[DBG@00:25:31.371] Added buffer back to pool.
[DBG@00:25:31.631] Saving buffer 14.
[DBG@00:25:31.632] Saved 4096 bytes from buffer to file.
[DBG@00:25:31.632] Added buffer back to pool.
[DBG@00:25:31.881] Saving buffer 15.
[DBG@00:25:31.882] Saved 4096 bytes from buffer to file.
[DBG@00:25:31.882] Added buffer back to pool.
[DBG@00:25:32.141] Saving buffer 0.
[DBG@00:25:32.142] Saved 4096 bytes from buffer to file.
[DBG@00:25:32.142] Added buffer back to pool.
[DBG@00:25:32.391] Saving buffer 1.
[DBG@00:25:32.391] Saved 4096 bytes from buffer to file.
[DBG@00:25:32.391] Added buffer back to pool.
[DBG@00:25:32.651] Saving buffer 2.
[DBG@00:25:32.651] Saved 4096 bytes from buffer to file.
[DBG@00:25:32.651] Added buffer back to pool.
[DBG@00:25:32.911] Saving buffer 3.
[DBG@00:25:32.912] Saved 4096 bytes from buffer to file.
[DBG@00:25:32.912] Added buffer back to pool.
[DBG@00:25:33.161] Saving buffer 4.
[DBG@00:25:33.161] Saved 4096 bytes from buffer to file.
[DBG@00:25:33.161] Added buffer back to pool.
[DBG@00:25:33.421] Saving buffer 5.
[DBG@00:25:33.422] Saved 4096 bytes from buffer to file.
[DBG@00:25:33.422] Added buffer back to pool.
[DBG@00:25:33.671] Saving buffer 6.
[DBG@00:25:33.671] Saved 4096 bytes from buffer to file.
[DBG@00:25:33.671] Added buffer back to pool.
[DBG@00:25:33.931] Saving buffer 7.
[DBG@00:25:33.931] Saved 4096 bytes from buffer to file.
[DBG@00:25:33.931] Added buffer back to pool.
[DBG@00:25:34.191] Saving buffer 8.
[DBG@00:25:34.191] Saved 4096 bytes from buffer to file.
[DBG@00:25:34.191] Added buffer back to pool.
[DBG@00:25:34.441] Saving buffer 9.
[DBG@00:25:34.441] Saved 4096 bytes from buffer to file.
[DBG@00:25:34.441] Added buffer back to pool.
[DBG@00:25:34.701] Saving buffer 10.
[DBG@00:25:34.701] Saved 4096 bytes from buffer to file.
[DBG@00:25:34.701] Added buffer back to pool.
[DBG@00:25:34.951] Saving buffer 11.
[DBG@00:25:34.951] Saved 4096 bytes from buffer to file.
[DBG@00:25:34.951] Added buffer back to pool.
[DBG@00:25:35.211] Saving buffer 12.
[DBG@00:25:35.211] Saved 4096 bytes from buffer to file.
[DBG@00:25:35.211] Added buffer back to pool.
[DBG@00:25:35.471] Saving buffer 13.
[DBG@00:25:35.471] Saved 4096 bytes from buffer to file.
[DBG@00:25:35.471] Added buffer back to pool.
[DBG@00:25:35.721] Saving buffer 14.
[DBG@00:25:35.721] Saved 4096 bytes from buffer to file.
[DBG@00:25:35.721] Added buffer back to pool.
[DBG@00:25:35.981] Saving buffer 15.
[DBG@00:25:35.981] Saved 4096 bytes from buffer to file.
[DBG@00:25:35.981] Added buffer back to pool.
[DBG@00:25:36.231] Saving buffer 0.
[DBG@00:25:36.232] Saved 4096 bytes from buffer to file.
[DBG@00:25:36.232] Added buffer back to pool.
[DBG@00:25:36.491] Saving buffer 1.
[DBG@00:25:36.491] Saved 4096 bytes from buffer to file.
[DBG@00:25:36.491] Added buffer back to pool.
[DBG@00:25:36.751] Saving buffer 2.
[DBG@00:25:36.751] Saved 4096 bytes from buffer to file.
[DBG@00:25:36.751] Added buffer back to pool.
[DBG@00:25:37.001] Saving buffer 3.
[DBG@00:25:37.001] Saved 4096 bytes from buffer to file.
[DBG@00:25:37.001] Added buffer back to pool.
[DBG@00:25:37.261] Saving buffer 4.
[DBG@00:25:37.261] Saved 4096 bytes from buffer to file.
[DBG@00:25:37.262] Added buffer back to pool.
[DBG@00:25:37.511] Saving buffer 5.
[DBG@00:25:37.511] Saved 4096 bytes from buffer to file.
[DBG@00:25:37.511] Added buffer back to pool.
[DBG@00:25:37.771] Saving buffer 6.
[DBG@00:25:37.771] Saved 4096 bytes from buffer to file.
[DBG@00:25:37.771] Added buffer back to pool.
[DBG@00:25:38.031] Saving buffer 7.
[DBG@00:25:38.031] Saved 4096 bytes from buffer to file.
[DBG@00:25:38.031] Added buffer back to pool.
[DBG@00:25:38.281] Saving buffer 8.
[DBG@00:25:38.281] Saved 4096 bytes from buffer to file.
[DBG@00:25:38.281] Added buffer back to pool.
[DBG@00:25:38.541] Saving buffer 9.
[DBG@00:25:38.541] Saved 4096 bytes from buffer to file.
[DBG@00:25:38.541] Added buffer back to pool.
[DBG@00:25:38.791] Saving buffer 10.
[DBG@00:25:38.791] Saved 4096 bytes from buffer to file.
[DBG@00:25:38.791] Added buffer back to pool.
[DBG@00:25:39.051] Saving buffer 11.
[DBG@00:25:39.052] Saved 4096 bytes from buffer to file.
[DBG@00:25:39.052] Added buffer back to pool.
[DBG@00:25:39.311] Saving buffer 12.
[DBG@00:25:39.311] Saved 4096 bytes from buffer to file.
[DBG@00:25:39.311] Added buffer back to pool.
[DBG@00:25:39.561] Saving buffer 13.
[DBG@00:25:39.561] Saved 4096 bytes from buffer to file.
[DBG@00:25:39.562] Added buffer back to pool.
[DBG@00:25:39.821] Saving buffer 14.
[DBG@00:25:39.821] Saved 4096 bytes from buffer to file.
[DBG@00:25:39.821] Added buffer back to pool.
[DBG@00:25:40.071] Saving buffer 15.
[DBG@00:25:40.071] Saved 4096 bytes from buffer to file.
[DBG@00:25:40.071] Added buffer back to pool.
[DBG@00:25:40.331] Saving buffer 0.
[DBG@00:25:40.331] Saved 4096 bytes from buffer to file.
[DBG@00:25:40.332] Added buffer back to pool.
[DBG@00:25:40.591] Saving buffer 1.
[DBG@00:25:40.591] Saved 4096 bytes from buffer to file.
[DBG@00:25:40.591] Added buffer back to pool.
[DBG@00:25:40.841] Saving buffer 2.
[DBG@00:25:40.841] Saved 4096 bytes from buffer to file.
[DBG@00:25:40.841] Added buffer back to pool.
[DBG@00:25:41.101] Saving buffer 3.
[DBG@00:25:41.101] Saved 4096 bytes from buffer to file.
[DBG@00:25:41.101] Added buffer back to pool.
[DBG@00:25:41.351] Saving buffer 4.
[DBG@00:25:41.351] Saved 4096 bytes from buffer to file.
[DBG@00:25:41.351] Added buffer back to pool.
[DBG@00:25:41.611] Saving buffer 5.
[DBG@00:25:41.611] Saved 4096 bytes from buffer to file.
[DBG@00:25:41.611] Added buffer back to pool.
[DBG@00:25:41.871] Saving buffer 6.
[DBG@00:25:41.871] Saved 4096 bytes from buffer to file.
[DBG@00:25:41.871] Added buffer back to pool.
[DBG@00:25:42.121] Saving buffer 7.
[DBG@00:25:42.121] Saved 4096 bytes from buffer to file.
[DBG@00:25:42.121] Added buffer back to pool.
[DBG@00:25:42.381] Saving buffer 8.
[DBG@00:25:42.381] Saved 4096 bytes from buffer to file.
[DBG@00:25:42.381] Added buffer back to pool.
[DBG@00:25:42.631] Saving buffer 9.
[DBG@00:25:42.631] Saved 4096 bytes from buffer to file.
[DBG@00:25:42.631] Added buffer back to pool.
[DBG@00:25:42.891] Saving buffer 10.
[DBG@00:25:42.891] Saved 4096 bytes from buffer to file.
[DBG@00:25:42.891] Added buffer back to pool.
[DBG@00:25:43.151] Saving buffer 11.
[DBG@00:25:43.151] Saved 4096 bytes from buffer to file.
[DBG@00:25:43.151] Added buffer back to pool.
[DBG@00:25:43.401] Saving buffer 12.
[DBG@00:25:43.401] Saved 4096 bytes from buffer to file.
[DBG@00:25:43.401] Added buffer back to pool.
[DBG@00:25:43.661] Saving buffer 13.
[DBG@00:25:43.661] Saved 4096 bytes from buffer to file.
[DBG@00:25:43.661] Added buffer back to pool.
[DBG@00:25:43.911] Saving buffer 14.
[DBG@00:25:43.911] Saved 4096 bytes from buffer to file.
[DBG@00:25:43.911] Added buffer back to pool.
[DBG@00:25:44.171] Saving buffer 15.
[DBG@00:25:44.171] Saved 4096 bytes from buffer to file.
[DBG@00:25:44.171] Added buffer back to pool.
[DBG@00:25:44.431] Saving buffer 0.
[DBG@00:25:44.432] Saved 4096 bytes from buffer to file.
[DBG@00:25:44.432] Added buffer back to pool.
[DBG@00:25:44.681] Saving buffer 1.
[DBG@00:25:44.681] Saved 4096 bytes from buffer to file.
[DBG@00:25:44.681] Added buffer back to pool.
[DBG@00:25:44.941] Saving buffer 2.
[DBG@00:25:44.941] Saved 4096 bytes from buffer to file.
[DBG@00:25:44.941] Added buffer back to pool.
[DBG@00:25:45.191] Saving buffer 3.
[DBG@00:25:45.191] Saved 4096 bytes from buffer to file.
[DBG@00:25:45.191] Added buffer back to pool.
[DBG@00:25:45.451] Saving buffer 4.
[DBG@00:25:45.451] Saved 4096 bytes from buffer to file.
[DBG@00:25:45.451] Added buffer back to pool.
[DBG@00:25:45.711] Saving buffer 5.
[DBG@00:25:45.711] Saved 4096 bytes from buffer to file.
[DBG@00:25:45.711] Added buffer back to pool.
[DBG@00:25:45.961] Saving buffer 6.
[DBG@00:25:45.961] Saved 4096 bytes from buffer to file.
[DBG@00:25:45.961] Added buffer back to pool.
[DBG@00:25:46.221] Saving buffer 7.
[DBG@00:25:46.221] Saved 4096 bytes from buffer to file.
[DBG@00:25:46.221] Added buffer back to pool.
[DBG@00:25:46.471] Saving buffer 8.
[DBG@00:25:46.471] Saved 4096 bytes from buffer to file.
[DBG@00:25:46.471] Added buffer back to pool.
[DBG@00:25:46.731] Saving buffer 9.
[DBG@00:25:46.731] Saved 4096 bytes from buffer to file.
[DBG@00:25:46.731] Added buffer back to pool.
[DBG@00:25:46.991] Saving buffer 10.
[DBG@00:25:46.991] Saved 4096 bytes from buffer to file.
[DBG@00:25:46.991] Added buffer back to pool.
[DBG@00:25:47.241] Saving buffer 11.
[DBG@00:25:47.241] Saved 4096 bytes from buffer to file.
[DBG@00:25:47.241] Added buffer back to pool.
[DBG@00:25:47.501] Saving buffer 12.
[DBG@00:25:47.501] Saved 4096 bytes from buffer to file.
[DBG@00:25:47.501] Added buffer back to pool.
[DBG@00:25:47.751] Saving buffer 13.
[DBG@00:25:47.751] Saved 4096 bytes from buffer to file.
[DBG@00:25:47.751] Added buffer back to pool.
[DBG@00:25:48.011] Saving buffer 14.
[DBG@00:25:48.011] Saved 4096 bytes from buffer to file.
[DBG@00:25:48.011] Added buffer back to pool.
[DBG@00:25:48.271] Saving buffer 15.
[DBG@00:25:48.271] Saved 4096 bytes from buffer to file.
[DBG@00:25:48.271] Added buffer back to pool.
[DBG@00:25:48.521] Saving buffer 0.
[DBG@00:25:48.521] Saved 4096 bytes from buffer to file.
[DBG@00:25:48.522] Added buffer back to pool.
[DBG@00:25:48.781] Saving buffer 1.
[DBG@00:25:48.781] Saved 4096 bytes from buffer to file.
[DBG@00:25:48.781] Added buffer back to pool.
[DBG@00:25:49.031] Saving buffer 2.
[DBG@00:25:49.031] Saved 4096 bytes from buffer to file.
[DBG@00:25:49.031] Added buffer back to pool.
[DBG@00:25:49.291] Saving buffer 3.
[DBG@00:25:49.291] Saved 4096 bytes from buffer to file.
[DBG@00:25:49.291] Added buffer back to pool.
[DBG@00:25:49.551] Saving buffer 4.
[DBG@00:25:49.551] Saved 4096 bytes from buffer to file.
[DBG@00:25:49.551] Added buffer back to pool.
[DBG@00:25:49.801] Saving buffer 5.
[DBG@00:25:49.801] Saved 4096 bytes from buffer to file.
[DBG@00:25:49.801] Added buffer back to pool.
[DBG@00:25:50.061] Saving buffer 6.
[DBG@00:25:50.061] Saved 4096 bytes from buffer to file.
[DBG@00:25:50.061] Added buffer back to pool.
[DBG@00:25:50.311] Saving buffer 7.
[DBG@00:25:50.311] Saved 4096 bytes from buffer to file.
[DBG@00:25:50.311] Added buffer back to pool.
[DBG@00:25:50.571] Saving buffer 8.
[DBG@00:25:50.571] Saved 4096 bytes from buffer to file.
[DBG@00:25:50.571] Added buffer back to pool.
[DBG@00:25:50.831] Saving buffer 9.
[DBG@00:25:50.831] Saved 4096 bytes from buffer to file.
[DBG@00:25:50.831] Added buffer back to pool.
[DBG@00:25:51.081] Saving buffer 10.
[DBG@00:25:51.081] Saved 4096 bytes from buffer to file.
[DBG@00:25:51.081] Added buffer back to pool.
[DBG@00:25:51.341] Saving buffer 11.
[DBG@00:25:51.341] Saved 4096 bytes from buffer to file.
[DBG@00:25:51.341] Added buffer back to pool.
[DBG@00:25:51.591] Saving buffer 12.
[DBG@00:25:51.591] Saved 4096 bytes from buffer to file.
[DBG@00:25:51.591] Added buffer back to pool.
[DBG@00:25:51.851] Saving buffer 13.
[DBG@00:25:51.851] Saved 4096 bytes from buffer to file.
[DBG@00:25:51.851] Added buffer back to pool.
[DBG@00:25:52.111] Saving buffer 14.
[DBG@00:25:52.111] Saved 4096 bytes from buffer to file.
[DBG@00:25:52.111] Added buffer back to pool.
[DBG@00:25:52.361] Saving buffer 15.
[DBG@00:25:52.361] Saved 4096 bytes from buffer to file.
[DBG@00:25:52.361] Added buffer back to pool.
[DBG@00:25:52.621] Saving buffer 0.
[DBG@00:25:52.621] Saved 4096 bytes from buffer to file.
[DBG@00:25:52.621] Added buffer back to pool.
[DBG@00:25:52.871] Saving buffer 1.
[DBG@00:25:52.871] Saved 4096 bytes from buffer to file.
[DBG@00:25:52.871] Added buffer back to pool.
[DBG@00:25:53.131] Saving buffer 2.
[DBG@00:25:53.131] Saved 4096 bytes from buffer to file.
[DBG@00:25:53.131] Added buffer back to pool.
[DBG@00:25:53.391] Saving buffer 3.
[DBG@00:25:53.391] Saved 4096 bytes from buffer to file.
[DBG@00:25:53.391] Added buffer back to pool.
[DBG@00:25:53.641] Saving buffer 4.
[DBG@00:25:53.641] Saved 4096 bytes from buffer to file.
[DBG@00:25:53.641] Added buffer back to pool.
[DBG@00:25:53.901] Saving buffer 5.
[DBG@00:25:53.901] Saved 4096 bytes from buffer to file.
[DBG@00:25:53.901] Added buffer back to pool.
[DBG@00:25:54.151] Saving buffer 6.
[DBG@00:25:54.151] Saved 4096 bytes from buffer to file.
[DBG@00:25:54.151] Added buffer back to pool.
[DBG@00:25:54.411] Saving buffer 7.
[DBG@00:25:54.411] Saved 4096 bytes from buffer to file.
[DBG@00:25:54.411] Added buffer back to pool.
[DBG@00:25:54.671] Saving buffer 8.
[DBG@00:25:54.671] Saved 4096 bytes from buffer to file.
[DBG@00:25:54.671] Added buffer back to pool.
[DBG@00:25:54.921] Saving buffer 9.
[DBG@00:25:54.921] Saved 4096 bytes from buffer to file.
[DBG@00:25:54.921] Added buffer back to pool.
[DBG@00:25:55.181] Saving buffer 10.
[DBG@00:25:55.181] Saved 4096 bytes from buffer to file.
[DBG@00:25:55.181] Added buffer back to pool.
[DBG@00:25:55.430] Saving buffer 11.
[DBG@00:25:55.431] Saved 4096 bytes from buffer to file.
[DBG@00:25:55.431] Added buffer back to pool.
[DBG@00:25:55.690] Saving buffer 12.
[DBG@00:25:55.691] Saved 4096 bytes from buffer to file.
[DBG@00:25:55.691] Added buffer back to pool.
[DBG@00:25:55.950] Saving buffer 13.
[DBG@00:25:55.951] Saved 4096 bytes from buffer to file.
[DBG@00:25:55.951] Added buffer back to pool.
[DBG@00:25:56.200] Saving buffer 14.
[DBG@00:25:56.201] Saved 4096 bytes from buffer to file.
[DBG@00:25:56.201] Added buffer back to pool.
[DBG@00:25:56.460] Saving buffer 15.
[DBG@00:25:56.461] Saved 4096 bytes from buffer to file.
[DBG@00:25:56.461] Added buffer back to pool.
[DBG@00:25:56.710] Saving buffer 0.
[DBG@00:25:56.711] Saved 4096 bytes from buffer to file.
[DBG@00:25:56.711] Added buffer back to pool.
[DBG@00:25:56.970] Saving buffer 1.
[DBG@00:25:56.971] Saved 4096 bytes from buffer to file.
[DBG@00:25:56.971] Added buffer back to pool.
[DBG@00:25:57.230] Saving buffer 2.
[DBG@00:25:57.231] Saved 4096 bytes from buffer to file.
[DBG@00:25:57.231] Added buffer back to pool.
[DBG@00:25:57.480] Saving buffer 3.
[DBG@00:25:57.481] Saved 4096 bytes from buffer to file.
[DBG@00:25:57.481] Added buffer back to pool.
[DBG@00:25:57.740] Saving buffer 4.
[DBG@00:25:57.741] Saved 4096 bytes from buffer to file.
[DBG@00:25:57.741] Added buffer back to pool.
[DBG@00:25:57.991] Saving buffer 5.
[DBG@00:25:57.991] Saved 4096 bytes from buffer to file.
[DBG@00:25:57.991] Added buffer back to pool.
[STD@00:25:58.127] Stopping device
[DBG@00:25:58.128] Saving buffer 6.
[DBG@00:25:58.128] Saved 2080 bytes from buffer to file.
[DBG@00:25:58.128] Added buffer back to pool.
[DBG@00:25:58.129] waveInReset (0)
[STD@00:25:58.129] Closing wave file
