[STD@22:30:15.768] Adding buffer 0 to pool
[STD@22:30:15.769] Adding buffer 1 to pool
[STD@22:30:15.770] Adding buffer 2 to pool
[STD@22:30:15.771] Adding buffer 3 to pool
[STD@22:30:15.771] Adding buffer 4 to pool
[STD@22:30:15.772] Adding buffer 5 to pool
[STD@22:30:15.772] Adding buffer 6 to pool
[STD@22:30:15.772] Adding buffer 7 to pool
[STD@22:30:15.773] Adding buffer 8 to pool
[STD@22:30:15.773] Adding buffer 9 to pool
[STD@22:30:15.773] Adding buffer 10 to pool
[STD@22:30:15.774] Adding buffer 11 to pool
[STD@22:30:15.774] Adding buffer 12 to pool
[STD@22:30:15.775] Adding buffer 13 to pool
[STD@22:30:15.775] Adding buffer 14 to pool
[STD@22:30:15.775] Adding buffer 15 to pool
[STD@22:30:15.775] Opening audio file ..\..\logs\LetsGoPublic\20061122\021\LetsGoPublic-20061122-021-input_and_output.raw for output
[STD@22:30:15.777] Starting device
[DBG@22:30:16.038] Saving buffer 0.
[DBG@22:30:16.039] Saved 4096 bytes from buffer to file.
[DBG@22:30:16.039] Added buffer back to pool.
[DBG@22:30:16.298] Saving buffer 1.
[DBG@22:30:16.298] Saved 4096 bytes from buffer to file.
[DBG@22:30:16.298] Added buffer back to pool.
[DBG@22:30:16.548] Saving buffer 2.
[DBG@22:30:16.548] Saved 4096 bytes from buffer to file.
[DBG@22:30:16.548] Added buffer back to pool.
[DBG@22:30:16.808] Saving buffer 3.
[DBG@22:30:16.808] Saved 4096 bytes from buffer to file.
[DBG@22:30:16.808] Added buffer back to pool.
[DBG@22:30:17.058] Saving buffer 4.
[DBG@22:30:17.058] Saved 4096 bytes from buffer to file.
[DBG@22:30:17.114] Added buffer back to pool.
[DBG@22:30:17.318] Saving buffer 5.
[DBG@22:30:17.318] Saved 4096 bytes from buffer to file.
[DBG@22:30:17.318] Added buffer back to pool.
[DBG@22:30:17.578] Saving buffer 6.
[DBG@22:30:17.578] Saved 4096 bytes from buffer to file.
[DBG@22:30:17.578] Added buffer back to pool.
[DBG@22:30:17.828] Saving buffer 7.
[DBG@22:30:17.828] Saved 4096 bytes from buffer to file.
[DBG@22:30:17.926] Added buffer back to pool.
[DBG@22:30:18.088] Saving buffer 8.
[DBG@22:30:18.088] Saved 4096 bytes from buffer to file.
[DBG@22:30:18.088] Added buffer back to pool.
[DBG@22:30:18.338] Saving buffer 9.
[DBG@22:30:18.338] Saved 4096 bytes from buffer to file.
[DBG@22:30:18.338] Added buffer back to pool.
[DBG@22:30:18.598] Saving buffer 10.
[DBG@22:30:18.598] Saved 4096 bytes from buffer to file.
[DBG@22:30:18.598] Added buffer back to pool.
[DBG@22:30:18.858] Saving buffer 11.
[DBG@22:30:18.858] Saved 4096 bytes from buffer to file.
[DBG@22:30:18.858] Added buffer back to pool.
[DBG@22:30:19.108] Saving buffer 12.
[DBG@22:30:19.108] Saved 4096 bytes from buffer to file.
[DBG@22:30:19.108] Added buffer back to pool.
[DBG@22:30:19.368] Saving buffer 13.
[DBG@22:30:19.368] Saved 4096 bytes from buffer to file.
[DBG@22:30:19.368] Added buffer back to pool.
[DBG@22:30:19.618] Saving buffer 14.
[DBG@22:30:19.618] Saved 4096 bytes from buffer to file.
[DBG@22:30:19.618] Added buffer back to pool.
[DBG@22:30:19.878] Saving buffer 15.
[DBG@22:30:19.878] Saved 4096 bytes from buffer to file.
[DBG@22:30:19.878] Added buffer back to pool.
[DBG@22:30:20.138] Saving buffer 0.
[DBG@22:30:20.138] Saved 4096 bytes from buffer to file.
[DBG@22:30:20.138] Added buffer back to pool.
[DBG@22:30:20.388] Saving buffer 1.
[DBG@22:30:20.388] Saved 4096 bytes from buffer to file.
[DBG@22:30:20.388] Added buffer back to pool.
[DBG@22:30:20.648] Saving buffer 2.
[DBG@22:30:20.648] Saved 4096 bytes from buffer to file.
[DBG@22:30:20.648] Added buffer back to pool.
[DBG@22:30:20.898] Saving buffer 3.
[DBG@22:30:20.898] Saved 4096 bytes from buffer to file.
[DBG@22:30:20.898] Added buffer back to pool.
[DBG@22:30:21.158] Saving buffer 4.
[DBG@22:30:21.158] Saved 4096 bytes from buffer to file.
[DBG@22:30:21.158] Added buffer back to pool.
[DBG@22:30:21.418] Saving buffer 5.
[DBG@22:30:21.418] Saved 4096 bytes from buffer to file.
[DBG@22:30:21.418] Added buffer back to pool.
[DBG@22:30:21.668] Saving buffer 6.
[DBG@22:30:21.668] Saved 4096 bytes from buffer to file.
[DBG@22:30:21.668] Added buffer back to pool.
[DBG@22:30:21.928] Saving buffer 7.
[DBG@22:30:21.928] Saved 4096 bytes from buffer to file.
[DBG@22:30:21.928] Added buffer back to pool.
[DBG@22:30:22.178] Saving buffer 8.
[DBG@22:30:22.178] Saved 4096 bytes from buffer to file.
[DBG@22:30:22.178] Added buffer back to pool.
[DBG@22:30:22.438] Saving buffer 9.
[DBG@22:30:22.438] Saved 4096 bytes from buffer to file.
[DBG@22:30:22.438] Added buffer back to pool.
[DBG@22:30:22.698] Saving buffer 10.
[DBG@22:30:22.698] Saved 4096 bytes from buffer to file.
[DBG@22:30:22.698] Added buffer back to pool.
[DBG@22:30:22.947] Saving buffer 11.
[DBG@22:30:22.948] Saved 4096 bytes from buffer to file.
[DBG@22:30:22.948] Added buffer back to pool.
[DBG@22:30:23.207] Saving buffer 12.
[DBG@22:30:23.208] Saved 4096 bytes from buffer to file.
[DBG@22:30:23.208] Added buffer back to pool.
[DBG@22:30:23.457] Saving buffer 13.
[DBG@22:30:23.458] Saved 4096 bytes from buffer to file.
[DBG@22:30:23.458] Added buffer back to pool.
[DBG@22:30:23.717] Saving buffer 14.
[DBG@22:30:23.718] Saved 4096 bytes from buffer to file.
[DBG@22:30:23.718] Added buffer back to pool.
[DBG@22:30:23.977] Saving buffer 15.
[DBG@22:30:23.978] Saved 4096 bytes from buffer to file.
[DBG@22:30:23.978] Added buffer back to pool.
[DBG@22:30:24.227] Saving buffer 0.
[DBG@22:30:24.228] Saved 4096 bytes from buffer to file.
[DBG@22:30:24.228] Added buffer back to pool.
[DBG@22:30:24.487] Saving buffer 1.
[DBG@22:30:24.488] Saved 4096 bytes from buffer to file.
[DBG@22:30:24.488] Added buffer back to pool.
[DBG@22:30:24.737] Saving buffer 2.
[DBG@22:30:24.738] Saved 4096 bytes from buffer to file.
[DBG@22:30:24.738] Added buffer back to pool.
[DBG@22:30:24.997] Saving buffer 3.
[DBG@22:30:24.998] Saved 4096 bytes from buffer to file.
[DBG@22:30:24.998] Added buffer back to pool.
[DBG@22:30:25.257] Saving buffer 4.
[DBG@22:30:25.258] Saved 4096 bytes from buffer to file.
[DBG@22:30:25.258] Added buffer back to pool.
[DBG@22:30:25.507] Saving buffer 5.
[DBG@22:30:25.508] Saved 4096 bytes from buffer to file.
[DBG@22:30:25.508] Added buffer back to pool.
[DBG@22:30:25.767] Saving buffer 6.
[DBG@22:30:25.767] Saved 4096 bytes from buffer to file.
[DBG@22:30:25.768] Added buffer back to pool.
[DBG@22:30:26.017] Saving buffer 7.
[DBG@22:30:26.017] Saved 4096 bytes from buffer to file.
[DBG@22:30:26.018] Added buffer back to pool.
[DBG@22:30:26.277] Saving buffer 8.
[DBG@22:30:26.277] Saved 4096 bytes from buffer to file.
[DBG@22:30:26.278] Added buffer back to pool.
[DBG@22:30:26.537] Saving buffer 9.
[DBG@22:30:26.537] Saved 4096 bytes from buffer to file.
[DBG@22:30:26.538] Added buffer back to pool.
[DBG@22:30:26.787] Saving buffer 10.
[DBG@22:30:26.787] Saved 4096 bytes from buffer to file.
[DBG@22:30:26.788] Added buffer back to pool.
[DBG@22:30:27.047] Saving buffer 11.
[DBG@22:30:27.047] Saved 4096 bytes from buffer to file.
[DBG@22:30:27.048] Added buffer back to pool.
[DBG@22:30:27.297] Saving buffer 12.
[DBG@22:30:27.297] Saved 4096 bytes from buffer to file.
[DBG@22:30:27.298] Added buffer back to pool.
[DBG@22:30:27.557] Saving buffer 13.
[DBG@22:30:27.557] Saved 4096 bytes from buffer to file.
[DBG@22:30:27.558] Added buffer back to pool.
[DBG@22:30:27.817] Saving buffer 14.
[DBG@22:30:27.817] Saved 4096 bytes from buffer to file.
[DBG@22:30:27.818] Added buffer back to pool.
[DBG@22:30:28.067] Saving buffer 15.
[DBG@22:30:28.067] Saved 4096 bytes from buffer to file.
[DBG@22:30:28.068] Added buffer back to pool.
[DBG@22:30:28.327] Saving buffer 0.
[DBG@22:30:28.328] Saved 4096 bytes from buffer to file.
[DBG@22:30:28.328] Added buffer back to pool.
[DBG@22:30:28.577] Saving buffer 1.
[DBG@22:30:28.578] Saved 4096 bytes from buffer to file.
[DBG@22:30:28.578] Added buffer back to pool.
[DBG@22:30:28.837] Saving buffer 2.
[DBG@22:30:28.837] Saved 4096 bytes from buffer to file.
[DBG@22:30:28.838] Added buffer back to pool.
[DBG@22:30:29.097] Saving buffer 3.
[DBG@22:30:29.098] Saved 4096 bytes from buffer to file.
[DBG@22:30:29.098] Added buffer back to pool.
[DBG@22:30:29.347] Saving buffer 4.
[DBG@22:30:29.348] Saved 4096 bytes from buffer to file.
[DBG@22:30:29.348] Added buffer back to pool.
[DBG@22:30:29.607] Saving buffer 5.
[DBG@22:30:29.608] Saved 4096 bytes from buffer to file.
[DBG@22:30:29.608] Added buffer back to pool.
[DBG@22:30:29.857] Saving buffer 6.
[DBG@22:30:29.857] Saved 4096 bytes from buffer to file.
[DBG@22:30:29.858] Added buffer back to pool.
[DBG@22:30:30.117] Saving buffer 7.
[DBG@22:30:30.118] Saved 4096 bytes from buffer to file.
[DBG@22:30:30.118] Added buffer back to pool.
[DBG@22:30:30.377] Saving buffer 8.
[DBG@22:30:30.378] Saved 4096 bytes from buffer to file.
[DBG@22:30:30.378] Added buffer back to pool.
[DBG@22:30:30.627] Saving buffer 9.
[DBG@22:30:30.628] Saved 4096 bytes from buffer to file.
[DBG@22:30:30.628] Added buffer back to pool.
[DBG@22:30:30.887] Saving buffer 10.
[DBG@22:30:30.888] Saved 4096 bytes from buffer to file.
[DBG@22:30:30.888] Added buffer back to pool.
[DBG@22:30:31.137] Saving buffer 11.
[DBG@22:30:31.138] Saved 4096 bytes from buffer to file.
[DBG@22:30:31.138] Added buffer back to pool.
[DBG@22:30:31.397] Saving buffer 12.
[DBG@22:30:31.397] Saved 4096 bytes from buffer to file.
[DBG@22:30:31.398] Added buffer back to pool.
[DBG@22:30:31.657] Saving buffer 13.
[DBG@22:30:31.657] Saved 4096 bytes from buffer to file.
[DBG@22:30:31.657] Added buffer back to pool.
[DBG@22:30:31.907] Saving buffer 14.
[DBG@22:30:31.908] Saved 4096 bytes from buffer to file.
[DBG@22:30:31.908] Added buffer back to pool.
[DBG@22:30:32.167] Saving buffer 15.
[DBG@22:30:32.167] Saved 4096 bytes from buffer to file.
[DBG@22:30:32.167] Added buffer back to pool.
[DBG@22:30:32.417] Saving buffer 0.
[DBG@22:30:32.418] Saved 4096 bytes from buffer to file.
[DBG@22:30:32.418] Added buffer back to pool.
[DBG@22:30:32.677] Saving buffer 1.
[DBG@22:30:32.677] Saved 4096 bytes from buffer to file.
[DBG@22:30:32.677] Added buffer back to pool.
[DBG@22:30:32.937] Saving buffer 2.
[DBG@22:30:32.937] Saved 4096 bytes from buffer to file.
[DBG@22:30:32.937] Added buffer back to pool.
[DBG@22:30:33.187] Saving buffer 3.
[DBG@22:30:33.187] Saved 4096 bytes from buffer to file.
[DBG@22:30:33.187] Added buffer back to pool.
[DBG@22:30:33.447] Saving buffer 4.
[DBG@22:30:33.447] Saved 4096 bytes from buffer to file.
[DBG@22:30:33.447] Added buffer back to pool.
[DBG@22:30:33.697] Saving buffer 5.
[DBG@22:30:33.697] Saved 4096 bytes from buffer to file.
[DBG@22:30:33.697] Added buffer back to pool.
[DBG@22:30:33.957] Saving buffer 6.
[DBG@22:30:33.957] Saved 4096 bytes from buffer to file.
[DBG@22:30:33.957] Added buffer back to pool.
[DBG@22:30:34.217] Saving buffer 7.
[DBG@22:30:34.217] Saved 4096 bytes from buffer to file.
[DBG@22:30:34.217] Added buffer back to pool.
[DBG@22:30:34.467] Saving buffer 8.
[DBG@22:30:34.467] Saved 4096 bytes from buffer to file.
[DBG@22:30:34.467] Added buffer back to pool.
[DBG@22:30:34.727] Saving buffer 9.
[DBG@22:30:34.727] Saved 4096 bytes from buffer to file.
[DBG@22:30:34.727] Added buffer back to pool.
[DBG@22:30:34.977] Saving buffer 10.
[DBG@22:30:34.977] Saved 4096 bytes from buffer to file.
[DBG@22:30:34.977] Added buffer back to pool.
[DBG@22:30:35.237] Saving buffer 11.
[DBG@22:30:35.237] Saved 4096 bytes from buffer to file.
[DBG@22:30:35.237] Added buffer back to pool.
[DBG@22:30:35.497] Saving buffer 12.
[DBG@22:30:35.497] Saved 4096 bytes from buffer to file.
[DBG@22:30:35.497] Added buffer back to pool.
[DBG@22:30:35.747] Saving buffer 13.
[DBG@22:30:35.747] Saved 4096 bytes from buffer to file.
[DBG@22:30:35.747] Added buffer back to pool.
[DBG@22:30:36.007] Saving buffer 14.
[DBG@22:30:36.007] Saved 4096 bytes from buffer to file.
[DBG@22:30:36.007] Added buffer back to pool.
[DBG@22:30:36.257] Saving buffer 15.
[DBG@22:30:36.257] Saved 4096 bytes from buffer to file.
[DBG@22:30:36.257] Added buffer back to pool.
[DBG@22:30:36.517] Saving buffer 0.
[DBG@22:30:36.517] Saved 4096 bytes from buffer to file.
[DBG@22:30:36.518] Added buffer back to pool.
[DBG@22:30:36.777] Saving buffer 1.
[DBG@22:30:36.777] Saved 4096 bytes from buffer to file.
[DBG@22:30:36.777] Added buffer back to pool.
[DBG@22:30:37.027] Saving buffer 2.
[DBG@22:30:37.027] Saved 4096 bytes from buffer to file.
[DBG@22:30:37.027] Added buffer back to pool.
[DBG@22:30:37.287] Saving buffer 3.
[DBG@22:30:37.287] Saved 4096 bytes from buffer to file.
[DBG@22:30:37.287] Added buffer back to pool.
[DBG@22:30:37.537] Saving buffer 4.
[DBG@22:30:37.537] Saved 4096 bytes from buffer to file.
[DBG@22:30:37.537] Added buffer back to pool.
[DBG@22:30:37.797] Saving buffer 5.
[DBG@22:30:37.797] Saved 4096 bytes from buffer to file.
[DBG@22:30:37.797] Added buffer back to pool.
[DBG@22:30:38.057] Saving buffer 6.
[DBG@22:30:38.057] Saved 4096 bytes from buffer to file.
[DBG@22:30:38.057] Added buffer back to pool.
[DBG@22:30:38.307] Saving buffer 7.
[DBG@22:30:38.307] Saved 4096 bytes from buffer to file.
[DBG@22:30:38.307] Added buffer back to pool.
[DBG@22:30:38.567] Saving buffer 8.
[DBG@22:30:38.567] Saved 4096 bytes from buffer to file.
[DBG@22:30:38.567] Added buffer back to pool.
[DBG@22:30:38.817] Saving buffer 9.
[DBG@22:30:38.817] Saved 4096 bytes from buffer to file.
[DBG@22:30:38.817] Added buffer back to pool.
[DBG@22:30:39.077] Saving buffer 10.
[DBG@22:30:39.077] Saved 4096 bytes from buffer to file.
[DBG@22:30:39.077] Added buffer back to pool.
[DBG@22:30:39.337] Saving buffer 11.
[DBG@22:30:39.337] Saved 4096 bytes from buffer to file.
[DBG@22:30:39.337] Added buffer back to pool.
[DBG@22:30:39.587] Saving buffer 12.
[DBG@22:30:39.587] Saved 4096 bytes from buffer to file.
[DBG@22:30:39.587] Added buffer back to pool.
[DBG@22:30:39.847] Saving buffer 13.
[DBG@22:30:39.847] Saved 4096 bytes from buffer to file.
[DBG@22:30:39.847] Added buffer back to pool.
[DBG@22:30:40.097] Saving buffer 14.
[DBG@22:30:40.097] Saved 4096 bytes from buffer to file.
[DBG@22:30:40.097] Added buffer back to pool.
[DBG@22:30:40.357] Saving buffer 15.
[DBG@22:30:40.357] Saved 4096 bytes from buffer to file.
[DBG@22:30:40.357] Added buffer back to pool.
[DBG@22:30:40.617] Saving buffer 0.
[DBG@22:30:40.617] Saved 4096 bytes from buffer to file.
[DBG@22:30:40.617] Added buffer back to pool.
[DBG@22:30:40.867] Saving buffer 1.
[DBG@22:30:40.867] Saved 4096 bytes from buffer to file.
[DBG@22:30:40.867] Added buffer back to pool.
[DBG@22:30:41.127] Saving buffer 2.
[DBG@22:30:41.127] Saved 4096 bytes from buffer to file.
[DBG@22:30:41.127] Added buffer back to pool.
[DBG@22:30:41.377] Saving buffer 3.
[DBG@22:30:41.377] Saved 4096 bytes from buffer to file.
[DBG@22:30:41.377] Added buffer back to pool.
[DBG@22:30:41.637] Saving buffer 4.
[DBG@22:30:41.637] Saved 4096 bytes from buffer to file.
[DBG@22:30:41.637] Added buffer back to pool.
[DBG@22:30:41.897] Saving buffer 5.
[DBG@22:30:41.897] Saved 4096 bytes from buffer to file.
[DBG@22:30:41.897] Added buffer back to pool.
[DBG@22:30:42.147] Saving buffer 6.
[DBG@22:30:42.147] Saved 4096 bytes from buffer to file.
[DBG@22:30:42.147] Added buffer back to pool.
[DBG@22:30:42.407] Saving buffer 7.
[DBG@22:30:42.407] Saved 4096 bytes from buffer to file.
[DBG@22:30:42.407] Added buffer back to pool.
[DBG@22:30:42.657] Saving buffer 8.
[DBG@22:30:42.657] Saved 4096 bytes from buffer to file.
[DBG@22:30:42.663] Added buffer back to pool.
[DBG@22:30:42.917] Saving buffer 9.
[DBG@22:30:42.917] Saved 4096 bytes from buffer to file.
[DBG@22:30:42.917] Added buffer back to pool.
[DBG@22:30:43.177] Saving buffer 10.
[DBG@22:30:43.177] Saved 4096 bytes from buffer to file.
[DBG@22:30:43.177] Added buffer back to pool.
[DBG@22:30:43.427] Saving buffer 11.
[DBG@22:30:43.427] Saved 4096 bytes from buffer to file.
[DBG@22:30:43.427] Added buffer back to pool.
[DBG@22:30:43.687] Saving buffer 12.
[DBG@22:30:43.687] Saved 4096 bytes from buffer to file.
[DBG@22:30:43.687] Added buffer back to pool.
[DBG@22:30:43.937] Saving buffer 13.
[DBG@22:30:43.937] Saved 4096 bytes from buffer to file.
[DBG@22:30:43.937] Added buffer back to pool.
[DBG@22:30:44.197] Saving buffer 14.
[DBG@22:30:44.197] Saved 4096 bytes from buffer to file.
[DBG@22:30:44.197] Added buffer back to pool.
[DBG@22:30:44.457] Saving buffer 15.
[DBG@22:30:44.457] Saved 4096 bytes from buffer to file.
[DBG@22:30:44.457] Added buffer back to pool.
[DBG@22:30:44.707] Saving buffer 0.
[DBG@22:30:44.707] Saved 4096 bytes from buffer to file.
[DBG@22:30:44.707] Added buffer back to pool.
[DBG@22:30:44.967] Saving buffer 1.
[DBG@22:30:44.967] Saved 4096 bytes from buffer to file.
[DBG@22:30:44.967] Added buffer back to pool.
[DBG@22:30:45.217] Saving buffer 2.
[DBG@22:30:45.217] Saved 4096 bytes from buffer to file.
[DBG@22:30:45.217] Added buffer back to pool.
[DBG@22:30:45.477] Saving buffer 3.
[DBG@22:30:45.477] Saved 4096 bytes from buffer to file.
[DBG@22:30:45.477] Added buffer back to pool.
[DBG@22:30:45.737] Saving buffer 4.
[DBG@22:30:45.737] Saved 4096 bytes from buffer to file.
[DBG@22:30:45.737] Added buffer back to pool.
[DBG@22:30:45.987] Saving buffer 5.
[DBG@22:30:45.987] Saved 4096 bytes from buffer to file.
[DBG@22:30:45.987] Added buffer back to pool.
[DBG@22:30:46.247] Saving buffer 6.
[DBG@22:30:46.247] Saved 4096 bytes from buffer to file.
[DBG@22:30:46.247] Added buffer back to pool.
[DBG@22:30:46.497] Saving buffer 7.
[DBG@22:30:46.497] Saved 4096 bytes from buffer to file.
[DBG@22:30:46.497] Added buffer back to pool.
[DBG@22:30:46.757] Saving buffer 8.
[DBG@22:30:46.757] Saved 4096 bytes from buffer to file.
[DBG@22:30:46.757] Added buffer back to pool.
[DBG@22:30:47.017] Saving buffer 9.
[DBG@22:30:47.017] Saved 4096 bytes from buffer to file.
[DBG@22:30:47.017] Added buffer back to pool.
[DBG@22:30:47.267] Saving buffer 10.
[DBG@22:30:47.267] Saved 4096 bytes from buffer to file.
[DBG@22:30:47.267] Added buffer back to pool.
[DBG@22:30:47.527] Saving buffer 11.
[DBG@22:30:47.527] Saved 4096 bytes from buffer to file.
[DBG@22:30:47.527] Added buffer back to pool.
[DBG@22:30:47.777] Saving buffer 12.
[DBG@22:30:47.777] Saved 4096 bytes from buffer to file.
[DBG@22:30:47.777] Added buffer back to pool.
[DBG@22:30:48.037] Saving buffer 13.
[DBG@22:30:48.037] Saved 4096 bytes from buffer to file.
[DBG@22:30:48.037] Added buffer back to pool.
[DBG@22:30:48.297] Saving buffer 14.
[DBG@22:30:48.297] Saved 4096 bytes from buffer to file.
[DBG@22:30:48.297] Added buffer back to pool.
[DBG@22:30:48.547] Saving buffer 15.
[DBG@22:30:48.547] Saved 4096 bytes from buffer to file.
[DBG@22:30:48.547] Added buffer back to pool.
[DBG@22:30:48.807] Saving buffer 0.
[DBG@22:30:48.807] Saved 4096 bytes from buffer to file.
[DBG@22:30:48.808] Added buffer back to pool.
[DBG@22:30:49.056] Saving buffer 1.
[DBG@22:30:49.057] Saved 4096 bytes from buffer to file.
[DBG@22:30:49.057] Added buffer back to pool.
[DBG@22:30:49.316] Saving buffer 2.
[DBG@22:30:49.317] Saved 4096 bytes from buffer to file.
[DBG@22:30:49.317] Added buffer back to pool.
[DBG@22:30:49.576] Saving buffer 3.
[DBG@22:30:49.577] Saved 4096 bytes from buffer to file.
[DBG@22:30:49.577] Added buffer back to pool.
[DBG@22:30:49.826] Saving buffer 4.
[DBG@22:30:49.827] Saved 4096 bytes from buffer to file.
[DBG@22:30:49.827] Added buffer back to pool.
[DBG@22:30:50.087] Saving buffer 5.
[DBG@22:30:50.087] Saved 4096 bytes from buffer to file.
[DBG@22:30:50.087] Added buffer back to pool.
[DBG@22:30:50.336] Saving buffer 6.
[DBG@22:30:50.337] Saved 4096 bytes from buffer to file.
[DBG@22:30:50.337] Added buffer back to pool.
[DBG@22:30:50.596] Saving buffer 7.
[DBG@22:30:50.597] Saved 4096 bytes from buffer to file.
[DBG@22:30:50.597] Added buffer back to pool.
[DBG@22:30:50.857] Saving buffer 8.
[DBG@22:30:50.857] Saved 4096 bytes from buffer to file.
[DBG@22:30:50.857] Added buffer back to pool.
[DBG@22:30:51.106] Saving buffer 9.
[DBG@22:30:51.107] Saved 4096 bytes from buffer to file.
[DBG@22:30:51.107] Added buffer back to pool.
[DBG@22:30:51.366] Saving buffer 10.
[DBG@22:30:51.367] Saved 4096 bytes from buffer to file.
[DBG@22:30:51.367] Added buffer back to pool.
[DBG@22:30:51.616] Saving buffer 11.
[DBG@22:30:51.617] Saved 4096 bytes from buffer to file.
[DBG@22:30:51.617] Added buffer back to pool.
[DBG@22:30:51.876] Saving buffer 12.
[DBG@22:30:51.876] Saved 4096 bytes from buffer to file.
[DBG@22:30:51.877] Added buffer back to pool.
[DBG@22:30:52.136] Saving buffer 13.
[DBG@22:30:52.137] Saved 4096 bytes from buffer to file.
[DBG@22:30:52.137] Added buffer back to pool.
[DBG@22:30:52.386] Saving buffer 14.
[DBG@22:30:52.386] Saved 4096 bytes from buffer to file.
[DBG@22:30:52.387] Added buffer back to pool.
[DBG@22:30:52.646] Saving buffer 15.
[DBG@22:30:52.646] Saved 4096 bytes from buffer to file.
[DBG@22:30:52.647] Added buffer back to pool.
[DBG@22:30:52.896] Saving buffer 0.
[DBG@22:30:52.897] Saved 4096 bytes from buffer to file.
[DBG@22:30:52.897] Added buffer back to pool.
[DBG@22:30:53.156] Saving buffer 1.
[DBG@22:30:53.156] Saved 4096 bytes from buffer to file.
[DBG@22:30:53.157] Added buffer back to pool.
[DBG@22:30:53.416] Saving buffer 2.
[DBG@22:30:53.416] Saved 4096 bytes from buffer to file.
[DBG@22:30:53.417] Added buffer back to pool.
[DBG@22:30:53.666] Saving buffer 3.
[DBG@22:30:53.666] Saved 4096 bytes from buffer to file.
[DBG@22:30:53.667] Added buffer back to pool.
[DBG@22:30:53.926] Saving buffer 4.
[DBG@22:30:53.926] Saved 4096 bytes from buffer to file.
[DBG@22:30:53.927] Added buffer back to pool.
[DBG@22:30:54.176] Saving buffer 5.
[DBG@22:30:54.176] Saved 4096 bytes from buffer to file.
[DBG@22:30:54.177] Added buffer back to pool.
[DBG@22:30:54.436] Saving buffer 6.
[DBG@22:30:54.437] Saved 4096 bytes from buffer to file.
[DBG@22:30:54.437] Added buffer back to pool.
[DBG@22:30:54.696] Saving buffer 7.
[DBG@22:30:54.696] Saved 4096 bytes from buffer to file.
[DBG@22:30:54.696] Added buffer back to pool.
[DBG@22:30:54.946] Saving buffer 8.
[DBG@22:30:54.947] Saved 4096 bytes from buffer to file.
[DBG@22:30:54.947] Added buffer back to pool.
[DBG@22:30:55.207] Saving buffer 9.
[DBG@22:30:55.207] Saved 4096 bytes from buffer to file.
[DBG@22:30:55.207] Added buffer back to pool.
[DBG@22:30:55.456] Saving buffer 10.
[DBG@22:30:55.456] Saved 4096 bytes from buffer to file.
[DBG@22:30:55.457] Added buffer back to pool.
[DBG@22:30:55.716] Saving buffer 11.
[DBG@22:30:55.717] Saved 4096 bytes from buffer to file.
[DBG@22:30:55.717] Added buffer back to pool.
[DBG@22:30:55.976] Saving buffer 12.
[DBG@22:30:55.977] Saved 4096 bytes from buffer to file.
[DBG@22:30:55.977] Added buffer back to pool.
[DBG@22:30:56.226] Saving buffer 13.
[DBG@22:30:56.226] Saved 4096 bytes from buffer to file.
[DBG@22:30:56.227] Added buffer back to pool.
[DBG@22:30:56.486] Saving buffer 14.
[DBG@22:30:56.486] Saved 4096 bytes from buffer to file.
[DBG@22:30:56.487] Added buffer back to pool.
[DBG@22:30:56.736] Saving buffer 15.
[DBG@22:30:56.736] Saved 4096 bytes from buffer to file.
[DBG@22:30:56.736] Added buffer back to pool.
[DBG@22:30:56.996] Saving buffer 0.
[DBG@22:30:56.997] Saved 4096 bytes from buffer to file.
[DBG@22:30:56.997] Added buffer back to pool.
[DBG@22:30:57.256] Saving buffer 1.
[DBG@22:30:57.256] Saved 4096 bytes from buffer to file.
[DBG@22:30:57.257] Added buffer back to pool.
[DBG@22:30:57.506] Saving buffer 2.
[DBG@22:30:57.506] Saved 4096 bytes from buffer to file.
[DBG@22:30:57.507] Added buffer back to pool.
[DBG@22:30:57.766] Saving buffer 3.
[DBG@22:30:57.766] Saved 4096 bytes from buffer to file.
[DBG@22:30:57.767] Added buffer back to pool.
[DBG@22:30:58.016] Saving buffer 4.
[DBG@22:30:58.016] Saved 4096 bytes from buffer to file.
[DBG@22:30:58.017] Added buffer back to pool.
[DBG@22:30:58.276] Saving buffer 5.
[DBG@22:30:58.276] Saved 4096 bytes from buffer to file.
[DBG@22:30:58.277] Added buffer back to pool.
[DBG@22:30:58.536] Saving buffer 6.
[DBG@22:30:58.536] Saved 4096 bytes from buffer to file.
[DBG@22:30:58.537] Added buffer back to pool.
[DBG@22:30:58.786] Saving buffer 7.
[DBG@22:30:58.786] Saved 4096 bytes from buffer to file.
[DBG@22:30:58.786] Added buffer back to pool.
[DBG@22:30:59.046] Saving buffer 8.
[DBG@22:30:59.046] Saved 4096 bytes from buffer to file.
[DBG@22:30:59.046] Added buffer back to pool.
[DBG@22:30:59.296] Saving buffer 9.
[DBG@22:30:59.296] Saved 4096 bytes from buffer to file.
[DBG@22:30:59.297] Added buffer back to pool.
[DBG@22:30:59.556] Saving buffer 10.
[DBG@22:30:59.556] Saved 4096 bytes from buffer to file.
[DBG@22:30:59.557] Added buffer back to pool.
[DBG@22:30:59.816] Saving buffer 11.
[DBG@22:30:59.816] Saved 4096 bytes from buffer to file.
[DBG@22:30:59.816] Added buffer back to pool.
[DBG@22:31:00.066] Saving buffer 12.
[DBG@22:31:00.066] Saved 4096 bytes from buffer to file.
[DBG@22:31:00.066] Added buffer back to pool.
[DBG@22:31:00.326] Saving buffer 13.
[DBG@22:31:00.326] Saved 4096 bytes from buffer to file.
[DBG@22:31:00.327] Added buffer back to pool.
[DBG@22:31:00.576] Saving buffer 14.
[DBG@22:31:00.576] Saved 4096 bytes from buffer to file.
[DBG@22:31:00.577] Added buffer back to pool.
[DBG@22:31:00.836] Saving buffer 15.
[DBG@22:31:00.836] Saved 4096 bytes from buffer to file.
[DBG@22:31:00.837] Added buffer back to pool.
[DBG@22:31:01.096] Saving buffer 0.
[DBG@22:31:01.097] Saved 4096 bytes from buffer to file.
[DBG@22:31:01.097] Added buffer back to pool.
[DBG@22:31:01.346] Saving buffer 1.
[DBG@22:31:01.347] Saved 4096 bytes from buffer to file.
[DBG@22:31:01.347] Added buffer back to pool.
[DBG@22:31:01.606] Saving buffer 2.
[DBG@22:31:01.606] Saved 4096 bytes from buffer to file.
[DBG@22:31:01.606] Added buffer back to pool.
[DBG@22:31:01.856] Saving buffer 3.
[DBG@22:31:01.856] Saved 4096 bytes from buffer to file.
[DBG@22:31:01.857] Added buffer back to pool.
[DBG@22:31:02.116] Saving buffer 4.
[DBG@22:31:02.116] Saved 4096 bytes from buffer to file.
[DBG@22:31:02.117] Added buffer back to pool.
[DBG@22:31:02.376] Saving buffer 5.
[DBG@22:31:02.376] Saved 4096 bytes from buffer to file.
[DBG@22:31:02.376] Added buffer back to pool.
[DBG@22:31:02.626] Saving buffer 6.
[DBG@22:31:02.626] Saved 4096 bytes from buffer to file.
[DBG@22:31:02.626] Added buffer back to pool.
[DBG@22:31:02.886] Saving buffer 7.
[DBG@22:31:02.886] Saved 4096 bytes from buffer to file.
[DBG@22:31:02.886] Added buffer back to pool.
[DBG@22:31:03.136] Saving buffer 8.
[DBG@22:31:03.136] Saved 4096 bytes from buffer to file.
[DBG@22:31:03.136] Added buffer back to pool.
[DBG@22:31:03.396] Saving buffer 9.
[DBG@22:31:03.396] Saved 4096 bytes from buffer to file.
[DBG@22:31:03.396] Added buffer back to pool.
[DBG@22:31:03.656] Saving buffer 10.
[DBG@22:31:03.656] Saved 4096 bytes from buffer to file.
[DBG@22:31:03.656] Added buffer back to pool.
[DBG@22:31:03.906] Saving buffer 11.
[DBG@22:31:03.906] Saved 4096 bytes from buffer to file.
[DBG@22:31:03.906] Added buffer back to pool.
[DBG@22:31:04.166] Saving buffer 12.
[DBG@22:31:04.166] Saved 4096 bytes from buffer to file.
[DBG@22:31:04.166] Added buffer back to pool.
[DBG@22:31:04.416] Saving buffer 13.
[DBG@22:31:04.416] Saved 4096 bytes from buffer to file.
[DBG@22:31:04.417] Added buffer back to pool.
[DBG@22:31:04.676] Saving buffer 14.
[DBG@22:31:04.676] Saved 4096 bytes from buffer to file.
[DBG@22:31:04.676] Added buffer back to pool.
[DBG@22:31:04.936] Saving buffer 15.
[DBG@22:31:04.936] Saved 4096 bytes from buffer to file.
[DBG@22:31:04.936] Added buffer back to pool.
[DBG@22:31:05.186] Saving buffer 0.
[DBG@22:31:05.187] Saved 4096 bytes from buffer to file.
[DBG@22:31:05.187] Added buffer back to pool.
[DBG@22:31:05.446] Saving buffer 1.
[DBG@22:31:05.446] Saved 4096 bytes from buffer to file.
[DBG@22:31:05.446] Added buffer back to pool.
[DBG@22:31:05.696] Saving buffer 2.
[DBG@22:31:05.696] Saved 4096 bytes from buffer to file.
[DBG@22:31:05.696] Added buffer back to pool.
[DBG@22:31:05.956] Saving buffer 3.
[DBG@22:31:05.956] Saved 4096 bytes from buffer to file.
[DBG@22:31:05.956] Added buffer back to pool.
[DBG@22:31:06.216] Saving buffer 4.
[DBG@22:31:06.216] Saved 4096 bytes from buffer to file.
[DBG@22:31:06.216] Added buffer back to pool.
[DBG@22:31:06.466] Saving buffer 5.
[DBG@22:31:06.466] Saved 4096 bytes from buffer to file.
[DBG@22:31:06.466] Added buffer back to pool.
[DBG@22:31:06.726] Saving buffer 6.
[DBG@22:31:06.726] Saved 4096 bytes from buffer to file.
[DBG@22:31:06.802] Added buffer back to pool.
[DBG@22:31:06.976] Saving buffer 7.
[DBG@22:31:06.976] Saved 4096 bytes from buffer to file.
[DBG@22:31:06.976] Added buffer back to pool.
[DBG@22:31:07.236] Saving buffer 8.
[DBG@22:31:07.236] Saved 4096 bytes from buffer to file.
[DBG@22:31:07.349] Added buffer back to pool.
[DBG@22:31:07.496] Saving buffer 9.
[DBG@22:31:07.496] Saved 4096 bytes from buffer to file.
[DBG@22:31:07.535] Added buffer back to pool.
[DBG@22:31:07.746] Saving buffer 10.
[DBG@22:31:07.746] Saved 4096 bytes from buffer to file.
[DBG@22:31:07.746] Added buffer back to pool.
[DBG@22:31:08.006] Saving buffer 11.
[DBG@22:31:08.006] Saved 4096 bytes from buffer to file.
[DBG@22:31:08.006] Added buffer back to pool.
[DBG@22:31:08.256] Saving buffer 12.
[DBG@22:31:08.256] Saved 4096 bytes from buffer to file.
[DBG@22:31:08.256] Added buffer back to pool.
[DBG@22:31:08.516] Saving buffer 13.
[DBG@22:31:08.516] Saved 4096 bytes from buffer to file.
[DBG@22:31:08.567] Added buffer back to pool.
[DBG@22:31:08.776] Saving buffer 14.
[DBG@22:31:08.776] Saved 4096 bytes from buffer to file.
[DBG@22:31:08.817] Added buffer back to pool.
[DBG@22:31:09.026] Saving buffer 15.
[DBG@22:31:09.026] Saved 4096 bytes from buffer to file.
[DBG@22:31:09.026] Added buffer back to pool.
[DBG@22:31:09.286] Saving buffer 0.
[DBG@22:31:09.286] Saved 4096 bytes from buffer to file.
[DBG@22:31:09.287] Added buffer back to pool.
[DBG@22:31:09.536] Saving buffer 1.
[DBG@22:31:09.536] Saved 4096 bytes from buffer to file.
[DBG@22:31:09.536] Added buffer back to pool.
[DBG@22:31:09.796] Saving buffer 2.
[DBG@22:31:09.796] Saved 4096 bytes from buffer to file.
[DBG@22:31:09.796] Added buffer back to pool.
[DBG@22:31:10.056] Saving buffer 3.
[DBG@22:31:10.056] Saved 4096 bytes from buffer to file.
[DBG@22:31:10.056] Added buffer back to pool.
[DBG@22:31:10.306] Saving buffer 4.
[DBG@22:31:10.306] Saved 4096 bytes from buffer to file.
[DBG@22:31:10.306] Added buffer back to pool.
[DBG@22:31:10.566] Saving buffer 5.
[DBG@22:31:10.566] Saved 4096 bytes from buffer to file.
[DBG@22:31:10.566] Added buffer back to pool.
[DBG@22:31:10.816] Saving buffer 6.
[DBG@22:31:10.816] Saved 4096 bytes from buffer to file.
[DBG@22:31:10.816] Added buffer back to pool.
[DBG@22:31:11.076] Saving buffer 7.
[DBG@22:31:11.076] Saved 4096 bytes from buffer to file.
[DBG@22:31:11.076] Added buffer back to pool.
[DBG@22:31:11.336] Saving buffer 8.
[DBG@22:31:11.336] Saved 4096 bytes from buffer to file.
[DBG@22:31:11.336] Added buffer back to pool.
[DBG@22:31:11.586] Saving buffer 9.
[DBG@22:31:11.586] Saved 4096 bytes from buffer to file.
[DBG@22:31:11.586] Added buffer back to pool.
[DBG@22:31:11.846] Saving buffer 10.
[DBG@22:31:11.846] Saved 4096 bytes from buffer to file.
[DBG@22:31:11.846] Added buffer back to pool.
[DBG@22:31:12.096] Saving buffer 11.
[DBG@22:31:12.096] Saved 4096 bytes from buffer to file.
[DBG@22:31:12.130] Added buffer back to pool.
[DBG@22:31:12.356] Saving buffer 12.
[DBG@22:31:12.356] Saved 4096 bytes from buffer to file.
[DBG@22:31:12.356] Added buffer back to pool.
[DBG@22:31:12.616] Saving buffer 13.
[DBG@22:31:12.616] Saved 4096 bytes from buffer to file.
[DBG@22:31:12.677] Added buffer back to pool.
[DBG@22:31:12.866] Saving buffer 14.
[DBG@22:31:12.866] Saved 4096 bytes from buffer to file.
[DBG@22:31:12.866] Added buffer back to pool.
[DBG@22:31:13.126] Saving buffer 15.
[DBG@22:31:13.126] Saved 4096 bytes from buffer to file.
[DBG@22:31:13.126] Added buffer back to pool.
[DBG@22:31:13.376] Saving buffer 0.
[DBG@22:31:13.377] Saved 4096 bytes from buffer to file.
[DBG@22:31:13.377] Added buffer back to pool.
[DBG@22:31:13.635] Saving buffer 1.
[DBG@22:31:13.636] Saved 4096 bytes from buffer to file.
[DBG@22:31:13.636] Added buffer back to pool.
[DBG@22:31:13.895] Saving buffer 2.
[DBG@22:31:13.896] Saved 4096 bytes from buffer to file.
[DBG@22:31:13.896] Added buffer back to pool.
[DBG@22:31:14.145] Saving buffer 3.
[DBG@22:31:14.146] Saved 4096 bytes from buffer to file.
[DBG@22:31:14.146] Added buffer back to pool.
[DBG@22:31:14.405] Saving buffer 4.
[DBG@22:31:14.406] Saved 4096 bytes from buffer to file.
[DBG@22:31:14.406] Added buffer back to pool.
[DBG@22:31:14.655] Saving buffer 5.
[DBG@22:31:14.656] Saved 4096 bytes from buffer to file.
[DBG@22:31:14.656] Added buffer back to pool.
[DBG@22:31:14.916] Saving buffer 6.
[DBG@22:31:14.916] Saved 4096 bytes from buffer to file.
[DBG@22:31:14.916] Added buffer back to pool.
[DBG@22:31:15.176] Saving buffer 7.
[DBG@22:31:15.176] Saved 4096 bytes from buffer to file.
[DBG@22:31:15.176] Added buffer back to pool.
[DBG@22:31:15.425] Saving buffer 8.
[DBG@22:31:15.426] Saved 4096 bytes from buffer to file.
[DBG@22:31:15.426] Added buffer back to pool.
[DBG@22:31:15.686] Saving buffer 9.
[DBG@22:31:15.686] Saved 4096 bytes from buffer to file.
[DBG@22:31:15.686] Added buffer back to pool.
[DBG@22:31:15.935] Saving buffer 10.
[DBG@22:31:15.936] Saved 4096 bytes from buffer to file.
[DBG@22:31:15.936] Added buffer back to pool.
[DBG@22:31:16.195] Saving buffer 11.
[DBG@22:31:16.196] Saved 4096 bytes from buffer to file.
[DBG@22:31:16.196] Added buffer back to pool.
[DBG@22:31:16.455] Saving buffer 12.
[DBG@22:31:16.456] Saved 4096 bytes from buffer to file.
[DBG@22:31:16.456] Added buffer back to pool.
[DBG@22:31:16.705] Saving buffer 13.
[DBG@22:31:16.706] Saved 4096 bytes from buffer to file.
[DBG@22:31:16.706] Added buffer back to pool.
[DBG@22:31:16.965] Saving buffer 14.
[DBG@22:31:16.966] Saved 4096 bytes from buffer to file.
[DBG@22:31:16.966] Added buffer back to pool.
[DBG@22:31:17.215] Saving buffer 15.
[DBG@22:31:17.216] Saved 4096 bytes from buffer to file.
[DBG@22:31:17.216] Added buffer back to pool.
[DBG@22:31:17.475] Saving buffer 0.
[DBG@22:31:17.476] Saved 4096 bytes from buffer to file.
[DBG@22:31:17.489] Added buffer back to pool.
[DBG@22:31:17.735] Saving buffer 1.
[DBG@22:31:17.736] Saved 4096 bytes from buffer to file.
[DBG@22:31:17.736] Added buffer back to pool.
[DBG@22:31:17.985] Saving buffer 2.
[DBG@22:31:17.985] Saved 4096 bytes from buffer to file.
[DBG@22:31:17.986] Added buffer back to pool.
[DBG@22:31:18.245] Saving buffer 3.
[DBG@22:31:18.246] Saved 4096 bytes from buffer to file.
[DBG@22:31:18.246] Added buffer back to pool.
[DBG@22:31:18.495] Saving buffer 4.
[DBG@22:31:18.496] Saved 4096 bytes from buffer to file.
[DBG@22:31:18.496] Added buffer back to pool.
[DBG@22:31:18.755] Saving buffer 5.
[DBG@22:31:18.755] Saved 4096 bytes from buffer to file.
[DBG@22:31:18.756] Added buffer back to pool.
[DBG@22:31:19.015] Saving buffer 6.
[DBG@22:31:19.015] Saved 4096 bytes from buffer to file.
[DBG@22:31:19.016] Added buffer back to pool.
[DBG@22:31:19.265] Saving buffer 7.
[DBG@22:31:19.266] Saved 4096 bytes from buffer to file.
[DBG@22:31:19.266] Added buffer back to pool.
[DBG@22:31:19.525] Saving buffer 8.
[DBG@22:31:19.526] Saved 4096 bytes from buffer to file.
[DBG@22:31:19.551] Added buffer back to pool.
[DBG@22:31:19.775] Saving buffer 9.
[DBG@22:31:19.775] Saved 4096 bytes from buffer to file.
[DBG@22:31:19.776] Added buffer back to pool.
[DBG@22:31:20.035] Saving buffer 10.
[DBG@22:31:20.035] Saved 4096 bytes from buffer to file.
[DBG@22:31:20.036] Added buffer back to pool.
[DBG@22:31:20.295] Saving buffer 11.
[DBG@22:31:20.295] Saved 4096 bytes from buffer to file.
[DBG@22:31:20.296] Added buffer back to pool.
[DBG@22:31:20.545] Saving buffer 12.
[DBG@22:31:20.545] Saved 4096 bytes from buffer to file.
[DBG@22:31:20.583] Added buffer back to pool.
[DBG@22:31:20.805] Saving buffer 13.
[DBG@22:31:20.806] Saved 4096 bytes from buffer to file.
[DBG@22:31:20.806] Added buffer back to pool.
[DBG@22:31:21.055] Saving buffer 14.
[DBG@22:31:21.055] Saved 4096 bytes from buffer to file.
[DBG@22:31:21.056] Added buffer back to pool.
[DBG@22:31:21.315] Saving buffer 15.
[DBG@22:31:21.316] Saved 4096 bytes from buffer to file.
[DBG@22:31:21.316] Added buffer back to pool.
[DBG@22:31:21.575] Saving buffer 0.
[DBG@22:31:21.576] Saved 4096 bytes from buffer to file.
[DBG@22:31:21.577] Added buffer back to pool.
[DBG@22:31:21.825] Saving buffer 1.
[DBG@22:31:21.826] Saved 4096 bytes from buffer to file.
[DBG@22:31:21.826] Added buffer back to pool.
[DBG@22:31:22.085] Saving buffer 2.
[DBG@22:31:22.085] Saved 4096 bytes from buffer to file.
[DBG@22:31:22.086] Added buffer back to pool.
[DBG@22:31:22.335] Saving buffer 3.
[DBG@22:31:22.335] Saved 4096 bytes from buffer to file.
[DBG@22:31:22.442] Added buffer back to pool.
[DBG@22:31:22.595] Saving buffer 4.
[DBG@22:31:22.596] Saved 4096 bytes from buffer to file.
[DBG@22:31:22.596] Added buffer back to pool.
[DBG@22:31:22.855] Saving buffer 5.
[DBG@22:31:22.855] Saved 4096 bytes from buffer to file.
[DBG@22:31:22.893] Added buffer back to pool.
[DBG@22:31:23.105] Saving buffer 6.
[DBG@22:31:23.105] Saved 4096 bytes from buffer to file.
[DBG@22:31:23.105] Added buffer back to pool.
[DBG@22:31:23.365] Saving buffer 7.
[DBG@22:31:23.365] Saved 4096 bytes from buffer to file.
[DBG@22:31:23.365] Added buffer back to pool.
[DBG@22:31:23.615] Saving buffer 8.
[DBG@22:31:23.615] Saved 4096 bytes from buffer to file.
[DBG@22:31:23.615] Added buffer back to pool.
[DBG@22:31:23.875] Saving buffer 9.
[DBG@22:31:23.875] Saved 4096 bytes from buffer to file.
[DBG@22:31:23.875] Added buffer back to pool.
[DBG@22:31:24.135] Saving buffer 10.
[DBG@22:31:24.135] Saved 4096 bytes from buffer to file.
[DBG@22:31:24.135] Added buffer back to pool.
[DBG@22:31:24.385] Saving buffer 11.
[DBG@22:31:24.385] Saved 4096 bytes from buffer to file.
[DBG@22:31:24.385] Added buffer back to pool.
[DBG@22:31:24.645] Saving buffer 12.
[DBG@22:31:24.645] Saved 4096 bytes from buffer to file.
[DBG@22:31:24.645] Added buffer back to pool.
[DBG@22:31:24.895] Saving buffer 13.
[DBG@22:31:24.895] Saved 4096 bytes from buffer to file.
[DBG@22:31:24.895] Added buffer back to pool.
[DBG@22:31:25.155] Saving buffer 14.
[DBG@22:31:25.155] Saved 4096 bytes from buffer to file.
[DBG@22:31:25.155] Added buffer back to pool.
[DBG@22:31:25.415] Saving buffer 15.
[DBG@22:31:25.415] Saved 4096 bytes from buffer to file.
[DBG@22:31:25.415] Added buffer back to pool.
[DBG@22:31:25.665] Saving buffer 0.
[DBG@22:31:25.665] Saved 4096 bytes from buffer to file.
[DBG@22:31:25.666] Added buffer back to pool.
[DBG@22:31:25.925] Saving buffer 1.
[DBG@22:31:25.925] Saved 4096 bytes from buffer to file.
[DBG@22:31:25.925] Added buffer back to pool.
[DBG@22:31:26.175] Saving buffer 2.
[DBG@22:31:26.175] Saved 4096 bytes from buffer to file.
[DBG@22:31:26.175] Added buffer back to pool.
[DBG@22:31:26.435] Saving buffer 3.
[DBG@22:31:26.435] Saved 4096 bytes from buffer to file.
[DBG@22:31:26.435] Added buffer back to pool.
[DBG@22:31:26.695] Saving buffer 4.
[DBG@22:31:26.695] Saved 4096 bytes from buffer to file.
[DBG@22:31:26.695] Added buffer back to pool.
[DBG@22:31:26.945] Saving buffer 5.
[DBG@22:31:26.945] Saved 4096 bytes from buffer to file.
[DBG@22:31:26.945] Added buffer back to pool.
[DBG@22:31:27.205] Saving buffer 6.
[DBG@22:31:27.205] Saved 4096 bytes from buffer to file.
[DBG@22:31:27.205] Added buffer back to pool.
[DBG@22:31:27.455] Saving buffer 7.
[DBG@22:31:27.455] Saved 4096 bytes from buffer to file.
[DBG@22:31:27.455] Added buffer back to pool.
[DBG@22:31:27.715] Saving buffer 8.
[DBG@22:31:27.715] Saved 4096 bytes from buffer to file.
[DBG@22:31:27.715] Added buffer back to pool.
[DBG@22:31:27.975] Saving buffer 9.
[DBG@22:31:27.975] Saved 4096 bytes from buffer to file.
[DBG@22:31:27.975] Added buffer back to pool.
[DBG@22:31:28.225] Saving buffer 10.
[DBG@22:31:28.225] Saved 4096 bytes from buffer to file.
[DBG@22:31:28.225] Added buffer back to pool.
[DBG@22:31:28.485] Saving buffer 11.
[DBG@22:31:28.485] Saved 4096 bytes from buffer to file.
[DBG@22:31:28.485] Added buffer back to pool.
[DBG@22:31:28.735] Saving buffer 12.
[DBG@22:31:28.735] Saved 4096 bytes from buffer to file.
[DBG@22:31:28.735] Added buffer back to pool.
[DBG@22:31:28.995] Saving buffer 13.
[DBG@22:31:28.995] Saved 4096 bytes from buffer to file.
[DBG@22:31:28.995] Added buffer back to pool.
[DBG@22:31:29.255] Saving buffer 14.
[DBG@22:31:29.255] Saved 4096 bytes from buffer to file.
[DBG@22:31:29.255] Added buffer back to pool.
[DBG@22:31:29.505] Saving buffer 15.
[DBG@22:31:29.505] Saved 4096 bytes from buffer to file.
[DBG@22:31:29.505] Added buffer back to pool.
[DBG@22:31:29.765] Saving buffer 0.
[DBG@22:31:29.766] Saved 4096 bytes from buffer to file.
[DBG@22:31:29.766] Added buffer back to pool.
[DBG@22:31:30.015] Saving buffer 1.
[DBG@22:31:30.015] Saved 4096 bytes from buffer to file.
[DBG@22:31:30.015] Added buffer back to pool.
[DBG@22:31:30.275] Saving buffer 2.
[DBG@22:31:30.275] Saved 4096 bytes from buffer to file.
[DBG@22:31:30.275] Added buffer back to pool.
[DBG@22:31:30.535] Saving buffer 3.
[DBG@22:31:30.535] Saved 4096 bytes from buffer to file.
[DBG@22:31:30.535] Added buffer back to pool.
[DBG@22:31:30.785] Saving buffer 4.
[DBG@22:31:30.785] Saved 4096 bytes from buffer to file.
[DBG@22:31:30.785] Added buffer back to pool.
[DBG@22:31:31.045] Saving buffer 5.
[DBG@22:31:31.045] Saved 4096 bytes from buffer to file.
[DBG@22:31:31.046] Added buffer back to pool.
[DBG@22:31:31.295] Saving buffer 6.
[DBG@22:31:31.295] Saved 4096 bytes from buffer to file.
[DBG@22:31:31.295] Added buffer back to pool.
[DBG@22:31:31.555] Saving buffer 7.
[DBG@22:31:31.555] Saved 4096 bytes from buffer to file.
[DBG@22:31:31.556] Added buffer back to pool.
[DBG@22:31:31.815] Saving buffer 8.
[DBG@22:31:31.815] Saved 4096 bytes from buffer to file.
[DBG@22:31:31.815] Added buffer back to pool.
[DBG@22:31:32.065] Saving buffer 9.
[DBG@22:31:32.065] Saved 4096 bytes from buffer to file.
[DBG@22:31:32.065] Added buffer back to pool.
[DBG@22:31:32.325] Saving buffer 10.
[DBG@22:31:32.325] Saved 4096 bytes from buffer to file.
[DBG@22:31:32.325] Added buffer back to pool.
[DBG@22:31:32.575] Saving buffer 11.
[DBG@22:31:32.575] Saved 4096 bytes from buffer to file.
[DBG@22:31:32.575] Added buffer back to pool.
[DBG@22:31:32.835] Saving buffer 12.
[DBG@22:31:32.835] Saved 4096 bytes from buffer to file.
[DBG@22:31:32.835] Added buffer back to pool.
[DBG@22:31:33.095] Saving buffer 13.
[DBG@22:31:33.095] Saved 4096 bytes from buffer to file.
[DBG@22:31:33.095] Added buffer back to pool.
[DBG@22:31:33.345] Saving buffer 14.
[DBG@22:31:33.345] Saved 4096 bytes from buffer to file.
[DBG@22:31:33.345] Added buffer back to pool.
[DBG@22:31:33.605] Saving buffer 15.
[DBG@22:31:33.605] Saved 4096 bytes from buffer to file.
[DBG@22:31:33.605] Added buffer back to pool.
[DBG@22:31:33.855] Saving buffer 0.
[DBG@22:31:33.856] Saved 4096 bytes from buffer to file.
[DBG@22:31:33.856] Added buffer back to pool.
[DBG@22:31:34.115] Saving buffer 1.
[DBG@22:31:34.115] Saved 4096 bytes from buffer to file.
[DBG@22:31:34.115] Added buffer back to pool.
[DBG@22:31:34.375] Saving buffer 2.
[DBG@22:31:34.375] Saved 4096 bytes from buffer to file.
[DBG@22:31:34.375] Added buffer back to pool.
[DBG@22:31:34.625] Saving buffer 3.
[DBG@22:31:34.625] Saved 4096 bytes from buffer to file.
[DBG@22:31:34.625] Added buffer back to pool.
[DBG@22:31:34.885] Saving buffer 4.
[DBG@22:31:34.885] Saved 4096 bytes from buffer to file.
[DBG@22:31:34.885] Added buffer back to pool.
[DBG@22:31:35.135] Saving buffer 5.
[DBG@22:31:35.135] Saved 4096 bytes from buffer to file.
[DBG@22:31:35.146] Added buffer back to pool.
[DBG@22:31:35.395] Saving buffer 6.
[DBG@22:31:35.395] Saved 4096 bytes from buffer to file.
[DBG@22:31:35.395] Added buffer back to pool.
[DBG@22:31:35.655] Saving buffer 7.
[DBG@22:31:35.655] Saved 4096 bytes from buffer to file.
[DBG@22:31:35.655] Added buffer back to pool.
[DBG@22:31:35.905] Saving buffer 8.
[DBG@22:31:35.905] Saved 4096 bytes from buffer to file.
[DBG@22:31:35.905] Added buffer back to pool.
[DBG@22:31:36.165] Saving buffer 9.
[DBG@22:31:36.165] Saved 4096 bytes from buffer to file.
[DBG@22:31:36.165] Added buffer back to pool.
[DBG@22:31:36.415] Saving buffer 10.
[DBG@22:31:36.415] Saved 4096 bytes from buffer to file.
[DBG@22:31:36.415] Added buffer back to pool.
[DBG@22:31:36.675] Saving buffer 11.
[DBG@22:31:36.675] Saved 4096 bytes from buffer to file.
[DBG@22:31:36.675] Added buffer back to pool.
[DBG@22:31:36.935] Saving buffer 12.
[DBG@22:31:36.935] Saved 4096 bytes from buffer to file.
[DBG@22:31:36.935] Added buffer back to pool.
[DBG@22:31:37.185] Saving buffer 13.
[DBG@22:31:37.185] Saved 4096 bytes from buffer to file.
[DBG@22:31:37.185] Added buffer back to pool.
[DBG@22:31:37.445] Saving buffer 14.
[DBG@22:31:37.445] Saved 4096 bytes from buffer to file.
[DBG@22:31:37.445] Added buffer back to pool.
[DBG@22:31:37.694] Saving buffer 15.
[DBG@22:31:37.695] Saved 4096 bytes from buffer to file.
[DBG@22:31:37.695] Added buffer back to pool.
[DBG@22:31:37.954] Saving buffer 0.
[DBG@22:31:37.955] Saved 4096 bytes from buffer to file.
[DBG@22:31:37.955] Added buffer back to pool.
[DBG@22:31:38.214] Saving buffer 1.
[DBG@22:31:38.215] Saved 4096 bytes from buffer to file.
[DBG@22:31:38.215] Added buffer back to pool.
[DBG@22:31:38.464] Saving buffer 2.
[DBG@22:31:38.465] Saved 4096 bytes from buffer to file.
[DBG@22:31:38.465] Added buffer back to pool.
[DBG@22:31:38.724] Saving buffer 3.
[DBG@22:31:38.725] Saved 4096 bytes from buffer to file.
[DBG@22:31:38.725] Added buffer back to pool.
[DBG@22:31:38.974] Saving buffer 4.
[DBG@22:31:38.975] Saved 4096 bytes from buffer to file.
[DBG@22:31:38.975] Added buffer back to pool.
[DBG@22:31:39.234] Saving buffer 5.
[DBG@22:31:39.235] Saved 4096 bytes from buffer to file.
[DBG@22:31:39.235] Added buffer back to pool.
[DBG@22:31:39.494] Saving buffer 6.
[DBG@22:31:39.495] Saved 4096 bytes from buffer to file.
[DBG@22:31:39.495] Added buffer back to pool.
[DBG@22:31:39.744] Saving buffer 7.
[DBG@22:31:39.745] Saved 4096 bytes from buffer to file.
[DBG@22:31:39.745] Added buffer back to pool.
[DBG@22:31:40.004] Saving buffer 8.
[DBG@22:31:40.005] Saved 4096 bytes from buffer to file.
[DBG@22:31:40.005] Added buffer back to pool.
[DBG@22:31:40.254] Saving buffer 9.
[DBG@22:31:40.255] Saved 4096 bytes from buffer to file.
[DBG@22:31:40.255] Added buffer back to pool.
[DBG@22:31:40.514] Saving buffer 10.
[DBG@22:31:40.515] Saved 4096 bytes from buffer to file.
[DBG@22:31:40.515] Added buffer back to pool.
[DBG@22:31:40.774] Saving buffer 11.
[DBG@22:31:40.775] Saved 4096 bytes from buffer to file.
[DBG@22:31:40.775] Added buffer back to pool.
[DBG@22:31:41.024] Saving buffer 12.
[DBG@22:31:41.025] Saved 4096 bytes from buffer to file.
[DBG@22:31:41.025] Added buffer back to pool.
[DBG@22:31:41.284] Saving buffer 13.
[DBG@22:31:41.285] Saved 4096 bytes from buffer to file.
[DBG@22:31:41.305] Added buffer back to pool.
[DBG@22:31:41.534] Saving buffer 14.
[DBG@22:31:41.535] Saved 4096 bytes from buffer to file.
[DBG@22:31:41.548] Added buffer back to pool.
[DBG@22:31:41.794] Saving buffer 15.
[DBG@22:31:41.794] Saved 4096 bytes from buffer to file.
[DBG@22:31:41.795] Added buffer back to pool.
[DBG@22:31:42.054] Saving buffer 0.
[DBG@22:31:42.055] Saved 4096 bytes from buffer to file.
[DBG@22:31:42.055] Added buffer back to pool.
[DBG@22:31:42.304] Saving buffer 1.
[DBG@22:31:42.304] Saved 4096 bytes from buffer to file.
[DBG@22:31:42.305] Added buffer back to pool.
[DBG@22:31:42.564] Saving buffer 2.
[DBG@22:31:42.565] Saved 4096 bytes from buffer to file.
[DBG@22:31:42.565] Added buffer back to pool.
[DBG@22:31:42.814] Saving buffer 3.
[DBG@22:31:42.815] Saved 4096 bytes from buffer to file.
[DBG@22:31:42.816] Added buffer back to pool.
[DBG@22:31:43.074] Saving buffer 4.
[DBG@22:31:43.075] Saved 4096 bytes from buffer to file.
[DBG@22:31:43.075] Added buffer back to pool.
[DBG@22:31:43.334] Saving buffer 5.
[DBG@22:31:43.336] Saved 4096 bytes from buffer to file.
[DBG@22:31:43.336] Added buffer back to pool.
[DBG@22:31:43.584] Saving buffer 6.
[DBG@22:31:43.585] Saved 4096 bytes from buffer to file.
[DBG@22:31:43.585] Added buffer back to pool.
[DBG@22:31:43.844] Saving buffer 7.
[DBG@22:31:43.845] Saved 4096 bytes from buffer to file.
[DBG@22:31:43.845] Added buffer back to pool.
[DBG@22:31:44.094] Saving buffer 8.
[DBG@22:31:44.095] Saved 4096 bytes from buffer to file.
[DBG@22:31:44.095] Added buffer back to pool.
[DBG@22:31:44.354] Saving buffer 9.
[DBG@22:31:44.354] Saved 4096 bytes from buffer to file.
[DBG@22:31:44.364] Added buffer back to pool.
[DBG@22:31:44.614] Saving buffer 10.
[DBG@22:31:44.614] Saved 4096 bytes from buffer to file.
[DBG@22:31:44.708] Added buffer back to pool.
[DBG@22:31:44.864] Saving buffer 11.
[DBG@22:31:44.865] Saved 4096 bytes from buffer to file.
[DBG@22:31:44.865] Added buffer back to pool.
[DBG@22:31:45.124] Saving buffer 12.
[DBG@22:31:45.124] Saved 4096 bytes from buffer to file.
[DBG@22:31:45.125] Added buffer back to pool.
[DBG@22:31:45.374] Saving buffer 13.
[DBG@22:31:45.374] Saved 4096 bytes from buffer to file.
[DBG@22:31:45.375] Added buffer back to pool.
[DBG@22:31:45.634] Saving buffer 14.
[DBG@22:31:45.634] Saved 4096 bytes from buffer to file.
[DBG@22:31:45.634] Added buffer back to pool.
[DBG@22:31:45.894] Saving buffer 15.
[DBG@22:31:45.895] Saved 4096 bytes from buffer to file.
[DBG@22:31:45.895] Added buffer back to pool.
[DBG@22:31:46.144] Saving buffer 0.
[DBG@22:31:46.145] Saved 4096 bytes from buffer to file.
[DBG@22:31:46.145] Added buffer back to pool.
[DBG@22:31:46.404] Saving buffer 1.
[DBG@22:31:46.404] Saved 4096 bytes from buffer to file.
[DBG@22:31:46.405] Added buffer back to pool.
[DBG@22:31:46.654] Saving buffer 2.
[DBG@22:31:46.654] Saved 4096 bytes from buffer to file.
[DBG@22:31:46.654] Added buffer back to pool.
[DBG@22:31:46.914] Saving buffer 3.
[DBG@22:31:46.914] Saved 4096 bytes from buffer to file.
[DBG@22:31:46.914] Added buffer back to pool.
[DBG@22:31:47.174] Saving buffer 4.
[DBG@22:31:47.174] Saved 4096 bytes from buffer to file.
[DBG@22:31:47.174] Added buffer back to pool.
[DBG@22:31:47.424] Saving buffer 5.
[DBG@22:31:47.424] Saved 4096 bytes from buffer to file.
[DBG@22:31:47.424] Added buffer back to pool.
[DBG@22:31:47.684] Saving buffer 6.
[DBG@22:31:47.684] Saved 4096 bytes from buffer to file.
[DBG@22:31:47.684] Added buffer back to pool.
[DBG@22:31:47.934] Saving buffer 7.
[DBG@22:31:47.934] Saved 4096 bytes from buffer to file.
[DBG@22:31:47.934] Added buffer back to pool.
[DBG@22:31:48.194] Saving buffer 8.
[DBG@22:31:48.194] Saved 4096 bytes from buffer to file.
[DBG@22:31:48.194] Added buffer back to pool.
[DBG@22:31:48.454] Saving buffer 9.
[DBG@22:31:48.454] Saved 4096 bytes from buffer to file.
[DBG@22:31:48.454] Added buffer back to pool.
[DBG@22:31:48.704] Saving buffer 10.
[DBG@22:31:48.704] Saved 4096 bytes from buffer to file.
[DBG@22:31:48.704] Added buffer back to pool.
[DBG@22:31:48.964] Saving buffer 11.
[DBG@22:31:48.964] Saved 4096 bytes from buffer to file.
[DBG@22:31:48.964] Added buffer back to pool.
[DBG@22:31:49.214] Saving buffer 12.
[DBG@22:31:49.214] Saved 4096 bytes from buffer to file.
[DBG@22:31:49.214] Added buffer back to pool.
[DBG@22:31:49.474] Saving buffer 13.
[DBG@22:31:49.474] Saved 4096 bytes from buffer to file.
[DBG@22:31:49.474] Added buffer back to pool.
[DBG@22:31:49.734] Saving buffer 14.
[DBG@22:31:49.734] Saved 4096 bytes from buffer to file.
[DBG@22:31:49.734] Added buffer back to pool.
[DBG@22:31:49.984] Saving buffer 15.
[DBG@22:31:49.984] Saved 4096 bytes from buffer to file.
[DBG@22:31:49.984] Added buffer back to pool.
[DBG@22:31:50.244] Saving buffer 0.
[DBG@22:31:50.244] Saved 4096 bytes from buffer to file.
[DBG@22:31:50.245] Added buffer back to pool.
[DBG@22:31:50.494] Saving buffer 1.
[DBG@22:31:50.494] Saved 4096 bytes from buffer to file.
[DBG@22:31:50.494] Added buffer back to pool.
[DBG@22:31:50.754] Saving buffer 2.
[DBG@22:31:50.754] Saved 4096 bytes from buffer to file.
[DBG@22:31:50.754] Added buffer back to pool.
[DBG@22:31:51.014] Saving buffer 3.
[DBG@22:31:51.014] Saved 4096 bytes from buffer to file.
[DBG@22:31:51.014] Added buffer back to pool.
[DBG@22:31:51.264] Saving buffer 4.
[DBG@22:31:51.264] Saved 4096 bytes from buffer to file.
[DBG@22:31:51.264] Added buffer back to pool.
[DBG@22:31:51.524] Saving buffer 5.
[DBG@22:31:51.524] Saved 4096 bytes from buffer to file.
[DBG@22:31:51.524] Added buffer back to pool.
[DBG@22:31:51.774] Saving buffer 6.
[DBG@22:31:51.774] Saved 4096 bytes from buffer to file.
[DBG@22:31:51.774] Added buffer back to pool.
[DBG@22:31:52.034] Saving buffer 7.
[DBG@22:31:52.034] Saved 4096 bytes from buffer to file.
[DBG@22:31:52.034] Added buffer back to pool.
[DBG@22:31:52.294] Saving buffer 8.
[DBG@22:31:52.294] Saved 4096 bytes from buffer to file.
[DBG@22:31:52.294] Added buffer back to pool.
[STD@22:31:52.340] Stopping device
[DBG@22:31:52.340] Saving buffer 9.
[DBG@22:31:52.341] Saved 768 bytes from buffer to file.
[DBG@22:31:52.341] Added buffer back to pool.
[DBG@22:31:52.341] waveInReset (0)
[STD@22:31:52.341] Closing wave file
