[STD@22:08:57.670] Adding buffer 0 to pool
[STD@22:08:57.671] Adding buffer 1 to pool
[STD@22:08:57.671] Adding buffer 2 to pool
[STD@22:08:57.672] Adding buffer 3 to pool
[STD@22:08:57.672] Adding buffer 4 to pool
[STD@22:08:57.672] Adding buffer 5 to pool
[STD@22:08:57.673] Adding buffer 6 to pool
[STD@22:08:57.673] Adding buffer 7 to pool
[STD@22:08:57.673] Adding buffer 8 to pool
[STD@22:08:57.674] Adding buffer 9 to pool
[STD@22:08:57.674] Adding buffer 10 to pool
[STD@22:08:57.674] Adding buffer 11 to pool
[STD@22:08:57.674] Adding buffer 12 to pool
[STD@22:08:57.675] Adding buffer 13 to pool
[STD@22:08:57.676] Adding buffer 14 to pool
[STD@22:08:57.676] Adding buffer 15 to pool
[STD@22:08:57.676] Opening audio file ..\..\logs\LetsGoPublic\20061122\020\LetsGoPublic-20061122-020-input_and_output.raw for output
[STD@22:08:57.678] Starting device
[DBG@22:08:57.949] Saving buffer 0.
[DBG@22:08:57.950] Saved 4096 bytes from buffer to file.
[DBG@22:08:57.950] Added buffer back to pool.
[DBG@22:08:58.199] Saving buffer 1.
[DBG@22:08:58.199] Saved 4096 bytes from buffer to file.
[DBG@22:08:58.199] Added buffer back to pool.
[DBG@22:08:58.449] Saving buffer 2.
[DBG@22:08:58.449] Saved 4096 bytes from buffer to file.
[DBG@22:08:58.449] Added buffer back to pool.
[DBG@22:08:58.709] Saving buffer 3.
[DBG@22:08:58.709] Saved 4096 bytes from buffer to file.
[DBG@22:08:58.709] Added buffer back to pool.
[DBG@22:08:58.959] Saving buffer 4.
[DBG@22:08:58.959] Saved 4096 bytes from buffer to file.
[DBG@22:08:58.993] Added buffer back to pool.
[DBG@22:08:59.219] Saving buffer 5.
[DBG@22:08:59.219] Saved 4096 bytes from buffer to file.
[DBG@22:08:59.219] Added buffer back to pool.
[DBG@22:08:59.479] Saving buffer 6.
[DBG@22:08:59.479] Saved 4096 bytes from buffer to file.
[DBG@22:08:59.479] Added buffer back to pool.
[DBG@22:08:59.729] Saving buffer 7.
[DBG@22:08:59.729] Saved 4096 bytes from buffer to file.
[DBG@22:08:59.729] Added buffer back to pool.
[DBG@22:08:59.989] Saving buffer 8.
[DBG@22:08:59.989] Saved 4096 bytes from buffer to file.
[DBG@22:08:59.989] Added buffer back to pool.
[DBG@22:09:00.239] Saving buffer 9.
[DBG@22:09:00.239] Saved 4096 bytes from buffer to file.
[DBG@22:09:00.239] Added buffer back to pool.
[DBG@22:09:00.499] Saving buffer 10.
[DBG@22:09:00.499] Saved 4096 bytes from buffer to file.
[DBG@22:09:00.499] Added buffer back to pool.
[DBG@22:09:00.759] Saving buffer 11.
[DBG@22:09:00.759] Saved 4096 bytes from buffer to file.
[DBG@22:09:00.759] Added buffer back to pool.
[DBG@22:09:01.009] Saving buffer 12.
[DBG@22:09:01.009] Saved 4096 bytes from buffer to file.
[DBG@22:09:01.009] Added buffer back to pool.
[DBG@22:09:01.269] Saving buffer 13.
[DBG@22:09:01.269] Saved 4096 bytes from buffer to file.
[DBG@22:09:01.269] Added buffer back to pool.
[DBG@22:09:01.519] Saving buffer 14.
[DBG@22:09:01.519] Saved 4096 bytes from buffer to file.
[DBG@22:09:01.519] Added buffer back to pool.
[DBG@22:09:01.779] Saving buffer 15.
[DBG@22:09:01.779] Saved 4096 bytes from buffer to file.
[DBG@22:09:01.779] Added buffer back to pool.
[DBG@22:09:02.039] Saving buffer 0.
[DBG@22:09:02.039] Saved 4096 bytes from buffer to file.
[DBG@22:09:02.039] Added buffer back to pool.
[DBG@22:09:02.289] Saving buffer 1.
[DBG@22:09:02.289] Saved 4096 bytes from buffer to file.
[DBG@22:09:02.289] Added buffer back to pool.
[DBG@22:09:02.549] Saving buffer 2.
[DBG@22:09:02.549] Saved 4096 bytes from buffer to file.
[DBG@22:09:02.549] Added buffer back to pool.
[DBG@22:09:02.799] Saving buffer 3.
[DBG@22:09:02.799] Saved 4096 bytes from buffer to file.
[DBG@22:09:02.799] Added buffer back to pool.
[DBG@22:09:03.059] Saving buffer 4.
[DBG@22:09:03.059] Saved 4096 bytes from buffer to file.
[DBG@22:09:03.059] Added buffer back to pool.
[DBG@22:09:03.318] Saving buffer 5.
[DBG@22:09:03.319] Saved 4096 bytes from buffer to file.
[DBG@22:09:03.319] Added buffer back to pool.
[DBG@22:09:03.568] Saving buffer 6.
[DBG@22:09:03.569] Saved 4096 bytes from buffer to file.
[DBG@22:09:03.569] Added buffer back to pool.
[DBG@22:09:03.828] Saving buffer 7.
[DBG@22:09:03.829] Saved 4096 bytes from buffer to file.
[DBG@22:09:03.829] Added buffer back to pool.
[DBG@22:09:04.079] Saving buffer 8.
[DBG@22:09:04.079] Saved 4096 bytes from buffer to file.
[DBG@22:09:04.079] Added buffer back to pool.
[DBG@22:09:04.339] Saving buffer 9.
[DBG@22:09:04.339] Saved 4096 bytes from buffer to file.
[DBG@22:09:04.339] Added buffer back to pool.
[DBG@22:09:04.599] Saving buffer 10.
[DBG@22:09:04.599] Saved 4096 bytes from buffer to file.
[DBG@22:09:04.599] Added buffer back to pool.
[DBG@22:09:04.849] Saving buffer 11.
[DBG@22:09:04.849] Saved 4096 bytes from buffer to file.
[DBG@22:09:04.849] Added buffer back to pool.
[DBG@22:09:05.108] Saving buffer 12.
[DBG@22:09:05.109] Saved 4096 bytes from buffer to file.
[DBG@22:09:05.109] Added buffer back to pool.
[DBG@22:09:05.359] Saving buffer 13.
[DBG@22:09:05.359] Saved 4096 bytes from buffer to file.
[DBG@22:09:05.359] Added buffer back to pool.
[DBG@22:09:05.618] Saving buffer 14.
[DBG@22:09:05.618] Saved 4096 bytes from buffer to file.
[DBG@22:09:05.619] Added buffer back to pool.
[DBG@22:09:05.878] Saving buffer 15.
[DBG@22:09:05.878] Saved 4096 bytes from buffer to file.
[DBG@22:09:05.879] Added buffer back to pool.
[DBG@22:09:06.128] Saving buffer 0.
[DBG@22:09:06.129] Saved 4096 bytes from buffer to file.
[DBG@22:09:06.129] Added buffer back to pool.
[DBG@22:09:06.388] Saving buffer 1.
[DBG@22:09:06.388] Saved 4096 bytes from buffer to file.
[DBG@22:09:06.389] Added buffer back to pool.
[DBG@22:09:06.638] Saving buffer 2.
[DBG@22:09:06.638] Saved 4096 bytes from buffer to file.
[DBG@22:09:06.639] Added buffer back to pool.
[DBG@22:09:06.899] Saving buffer 3.
[DBG@22:09:06.899] Saved 4096 bytes from buffer to file.
[DBG@22:09:06.899] Added buffer back to pool.
[DBG@22:09:07.158] Saving buffer 4.
[DBG@22:09:07.159] Saved 4096 bytes from buffer to file.
[DBG@22:09:07.159] Added buffer back to pool.
[DBG@22:09:07.409] Saving buffer 5.
[DBG@22:09:07.409] Saved 4096 bytes from buffer to file.
[DBG@22:09:07.409] Added buffer back to pool.
[DBG@22:09:07.668] Saving buffer 6.
[DBG@22:09:07.668] Saved 4096 bytes from buffer to file.
[DBG@22:09:07.669] Added buffer back to pool.
[DBG@22:09:07.918] Saving buffer 7.
[DBG@22:09:07.918] Saved 4096 bytes from buffer to file.
[DBG@22:09:07.919] Added buffer back to pool.
[DBG@22:09:08.178] Saving buffer 8.
[DBG@22:09:08.179] Saved 4096 bytes from buffer to file.
[DBG@22:09:08.179] Added buffer back to pool.
[DBG@22:09:08.438] Saving buffer 9.
[DBG@22:09:08.439] Saved 4096 bytes from buffer to file.
[DBG@22:09:08.439] Added buffer back to pool.
[DBG@22:09:08.688] Saving buffer 10.
[DBG@22:09:08.689] Saved 4096 bytes from buffer to file.
[DBG@22:09:08.689] Added buffer back to pool.
[DBG@22:09:08.948] Saving buffer 11.
[DBG@22:09:08.949] Saved 4096 bytes from buffer to file.
[DBG@22:09:08.949] Added buffer back to pool.
[DBG@22:09:09.198] Saving buffer 12.
[DBG@22:09:09.199] Saved 4096 bytes from buffer to file.
[DBG@22:09:09.199] Added buffer back to pool.
[DBG@22:09:09.458] Saving buffer 13.
[DBG@22:09:09.458] Saved 4096 bytes from buffer to file.
[DBG@22:09:09.459] Added buffer back to pool.
[DBG@22:09:09.718] Saving buffer 14.
[DBG@22:09:09.718] Saved 4096 bytes from buffer to file.
[DBG@22:09:09.719] Added buffer back to pool.
[DBG@22:09:09.968] Saving buffer 15.
[DBG@22:09:09.968] Saved 4096 bytes from buffer to file.
[DBG@22:09:09.983] Added buffer back to pool.
[DBG@22:09:10.228] Saving buffer 0.
[DBG@22:09:10.229] Saved 4096 bytes from buffer to file.
[DBG@22:09:10.229] Added buffer back to pool.
[DBG@22:09:10.478] Saving buffer 1.
[DBG@22:09:10.478] Saved 4096 bytes from buffer to file.
[DBG@22:09:10.479] Added buffer back to pool.
[DBG@22:09:10.738] Saving buffer 2.
[DBG@22:09:10.738] Saved 4096 bytes from buffer to file.
[DBG@22:09:10.739] Added buffer back to pool.
[DBG@22:09:10.998] Saving buffer 3.
[DBG@22:09:10.999] Saved 4096 bytes from buffer to file.
[DBG@22:09:10.999] Added buffer back to pool.
[DBG@22:09:11.248] Saving buffer 4.
[DBG@22:09:11.249] Saved 4096 bytes from buffer to file.
[DBG@22:09:11.249] Added buffer back to pool.
[DBG@22:09:11.508] Saving buffer 5.
[DBG@22:09:11.508] Saved 4096 bytes from buffer to file.
[DBG@22:09:11.509] Added buffer back to pool.
[DBG@22:09:11.758] Saving buffer 6.
[DBG@22:09:11.758] Saved 4096 bytes from buffer to file.
[DBG@22:09:11.758] Added buffer back to pool.
[DBG@22:09:12.018] Saving buffer 7.
[DBG@22:09:12.018] Saved 4096 bytes from buffer to file.
[DBG@22:09:12.018] Added buffer back to pool.
[DBG@22:09:12.278] Saving buffer 8.
[DBG@22:09:12.278] Saved 4096 bytes from buffer to file.
[DBG@22:09:12.278] Added buffer back to pool.
[DBG@22:09:12.528] Saving buffer 9.
[DBG@22:09:12.528] Saved 4096 bytes from buffer to file.
[DBG@22:09:12.528] Added buffer back to pool.
[DBG@22:09:12.788] Saving buffer 10.
[DBG@22:09:12.788] Saved 4096 bytes from buffer to file.
[DBG@22:09:12.788] Added buffer back to pool.
[DBG@22:09:13.038] Saving buffer 11.
[DBG@22:09:13.038] Saved 4096 bytes from buffer to file.
[DBG@22:09:13.038] Added buffer back to pool.
[DBG@22:09:13.298] Saving buffer 12.
[DBG@22:09:13.298] Saved 4096 bytes from buffer to file.
[DBG@22:09:13.298] Added buffer back to pool.
[DBG@22:09:13.558] Saving buffer 13.
[DBG@22:09:13.558] Saved 4096 bytes from buffer to file.
[DBG@22:09:13.558] Added buffer back to pool.
[DBG@22:09:13.808] Saving buffer 14.
[DBG@22:09:13.808] Saved 4096 bytes from buffer to file.
[DBG@22:09:13.808] Added buffer back to pool.
[DBG@22:09:14.068] Saving buffer 15.
[DBG@22:09:14.068] Saved 4096 bytes from buffer to file.
[DBG@22:09:14.068] Added buffer back to pool.
[DBG@22:09:14.318] Saving buffer 0.
[DBG@22:09:14.318] Saved 4096 bytes from buffer to file.
[DBG@22:09:14.319] Added buffer back to pool.
[DBG@22:09:14.578] Saving buffer 1.
[DBG@22:09:14.578] Saved 4096 bytes from buffer to file.
[DBG@22:09:14.578] Added buffer back to pool.
[DBG@22:09:14.838] Saving buffer 2.
[DBG@22:09:14.838] Saved 4096 bytes from buffer to file.
[DBG@22:09:14.838] Added buffer back to pool.
[DBG@22:09:15.088] Saving buffer 3.
[DBG@22:09:15.088] Saved 4096 bytes from buffer to file.
[DBG@22:09:15.088] Added buffer back to pool.
[DBG@22:09:15.348] Saving buffer 4.
[DBG@22:09:15.348] Saved 4096 bytes from buffer to file.
[DBG@22:09:15.348] Added buffer back to pool.
[DBG@22:09:15.598] Saving buffer 5.
[DBG@22:09:15.598] Saved 4096 bytes from buffer to file.
[DBG@22:09:15.598] Added buffer back to pool.
[DBG@22:09:15.858] Saving buffer 6.
[DBG@22:09:15.858] Saved 4096 bytes from buffer to file.
[DBG@22:09:15.858] Added buffer back to pool.
[DBG@22:09:16.118] Saving buffer 7.
[DBG@22:09:16.118] Saved 4096 bytes from buffer to file.
[DBG@22:09:16.118] Added buffer back to pool.
[DBG@22:09:16.368] Saving buffer 8.
[DBG@22:09:16.368] Saved 4096 bytes from buffer to file.
[DBG@22:09:16.369] Added buffer back to pool.
[DBG@22:09:16.628] Saving buffer 9.
[DBG@22:09:16.628] Saved 4096 bytes from buffer to file.
[DBG@22:09:16.628] Added buffer back to pool.
[DBG@22:09:16.878] Saving buffer 10.
[DBG@22:09:16.878] Saved 4096 bytes from buffer to file.
[DBG@22:09:16.878] Added buffer back to pool.
[DBG@22:09:17.138] Saving buffer 11.
[DBG@22:09:17.138] Saved 4096 bytes from buffer to file.
[DBG@22:09:17.147] Added buffer back to pool.
[DBG@22:09:17.398] Saving buffer 12.
[DBG@22:09:17.398] Saved 4096 bytes from buffer to file.
[DBG@22:09:17.398] Added buffer back to pool.
[DBG@22:09:17.648] Saving buffer 13.
[DBG@22:09:17.648] Saved 4096 bytes from buffer to file.
[DBG@22:09:17.648] Added buffer back to pool.
[DBG@22:09:17.908] Saving buffer 14.
[DBG@22:09:17.908] Saved 4096 bytes from buffer to file.
[DBG@22:09:17.908] Added buffer back to pool.
[DBG@22:09:18.158] Saving buffer 15.
[DBG@22:09:18.158] Saved 4096 bytes from buffer to file.
[DBG@22:09:18.158] Added buffer back to pool.
[DBG@22:09:18.418] Saving buffer 0.
[DBG@22:09:18.418] Saved 4096 bytes from buffer to file.
[DBG@22:09:18.419] Added buffer back to pool.
[DBG@22:09:18.678] Saving buffer 1.
[DBG@22:09:18.678] Saved 4096 bytes from buffer to file.
[DBG@22:09:18.678] Added buffer back to pool.
[DBG@22:09:18.928] Saving buffer 2.
[DBG@22:09:18.928] Saved 4096 bytes from buffer to file.
[DBG@22:09:18.928] Added buffer back to pool.
[DBG@22:09:19.188] Saving buffer 3.
[DBG@22:09:19.188] Saved 4096 bytes from buffer to file.
[DBG@22:09:19.197] Added buffer back to pool.
[DBG@22:09:19.438] Saving buffer 4.
[DBG@22:09:19.438] Saved 4096 bytes from buffer to file.
[DBG@22:09:19.438] Added buffer back to pool.
[DBG@22:09:19.698] Saving buffer 5.
[DBG@22:09:19.698] Saved 4096 bytes from buffer to file.
[DBG@22:09:19.698] Added buffer back to pool.
[DBG@22:09:19.958] Saving buffer 6.
[DBG@22:09:19.958] Saved 4096 bytes from buffer to file.
[DBG@22:09:19.958] Added buffer back to pool.
[DBG@22:09:20.208] Saving buffer 7.
[DBG@22:09:20.208] Saved 4096 bytes from buffer to file.
[DBG@22:09:20.208] Added buffer back to pool.
[DBG@22:09:20.468] Saving buffer 8.
[DBG@22:09:20.468] Saved 4096 bytes from buffer to file.
[DBG@22:09:20.468] Added buffer back to pool.
[DBG@22:09:20.718] Saving buffer 9.
[DBG@22:09:20.718] Saved 4096 bytes from buffer to file.
[DBG@22:09:20.718] Added buffer back to pool.
[DBG@22:09:20.978] Saving buffer 10.
[DBG@22:09:20.978] Saved 4096 bytes from buffer to file.
[DBG@22:09:20.978] Added buffer back to pool.
[DBG@22:09:21.238] Saving buffer 11.
[DBG@22:09:21.238] Saved 4096 bytes from buffer to file.
[DBG@22:09:21.238] Added buffer back to pool.
[DBG@22:09:21.488] Saving buffer 12.
[DBG@22:09:21.488] Saved 4096 bytes from buffer to file.
[DBG@22:09:21.488] Added buffer back to pool.
[DBG@22:09:21.748] Saving buffer 13.
[DBG@22:09:21.748] Saved 4096 bytes from buffer to file.
[DBG@22:09:21.748] Added buffer back to pool.
[DBG@22:09:21.998] Saving buffer 14.
[DBG@22:09:21.998] Saved 4096 bytes from buffer to file.
[DBG@22:09:21.998] Added buffer back to pool.
[DBG@22:09:22.258] Saving buffer 15.
[DBG@22:09:22.258] Saved 4096 bytes from buffer to file.
[DBG@22:09:22.258] Added buffer back to pool.
[DBG@22:09:22.518] Saving buffer 0.
[DBG@22:09:22.518] Saved 4096 bytes from buffer to file.
[DBG@22:09:22.518] Added buffer back to pool.
[DBG@22:09:22.768] Saving buffer 1.
[DBG@22:09:22.768] Saved 4096 bytes from buffer to file.
[DBG@22:09:22.768] Added buffer back to pool.
[DBG@22:09:23.028] Saving buffer 2.
[DBG@22:09:23.028] Saved 4096 bytes from buffer to file.
[DBG@22:09:23.028] Added buffer back to pool.
[DBG@22:09:23.278] Saving buffer 3.
[DBG@22:09:23.278] Saved 4096 bytes from buffer to file.
[DBG@22:09:23.278] Added buffer back to pool.
[DBG@22:09:23.538] Saving buffer 4.
[DBG@22:09:23.538] Saved 4096 bytes from buffer to file.
[DBG@22:09:23.538] Added buffer back to pool.
[DBG@22:09:23.798] Saving buffer 5.
[DBG@22:09:23.798] Saved 4096 bytes from buffer to file.
[DBG@22:09:23.798] Added buffer back to pool.
[DBG@22:09:24.048] Saving buffer 6.
[DBG@22:09:24.048] Saved 4096 bytes from buffer to file.
[DBG@22:09:24.048] Added buffer back to pool.
[DBG@22:09:24.308] Saving buffer 7.
[DBG@22:09:24.308] Saved 4096 bytes from buffer to file.
[DBG@22:09:24.308] Added buffer back to pool.
[DBG@22:09:24.558] Saving buffer 8.
[DBG@22:09:24.558] Saved 4096 bytes from buffer to file.
[DBG@22:09:24.558] Added buffer back to pool.
[DBG@22:09:24.818] Saving buffer 9.
[DBG@22:09:24.818] Saved 4096 bytes from buffer to file.
[DBG@22:09:24.818] Added buffer back to pool.
[DBG@22:09:25.078] Saving buffer 10.
[DBG@22:09:25.078] Saved 4096 bytes from buffer to file.
[DBG@22:09:25.078] Added buffer back to pool.
[DBG@22:09:25.328] Saving buffer 11.
[DBG@22:09:25.328] Saved 4096 bytes from buffer to file.
[DBG@22:09:25.331] Added buffer back to pool.
[DBG@22:09:25.588] Saving buffer 12.
[DBG@22:09:25.588] Saved 4096 bytes from buffer to file.
[DBG@22:09:25.588] Added buffer back to pool.
[DBG@22:09:25.838] Saving buffer 13.
[DBG@22:09:25.838] Saved 4096 bytes from buffer to file.
[DBG@22:09:25.838] Added buffer back to pool.
[DBG@22:09:26.098] Saving buffer 14.
[DBG@22:09:26.098] Saved 4096 bytes from buffer to file.
[DBG@22:09:26.098] Added buffer back to pool.
[DBG@22:09:26.358] Saving buffer 15.
[DBG@22:09:26.358] Saved 4096 bytes from buffer to file.
[DBG@22:09:26.358] Added buffer back to pool.
[DBG@22:09:26.608] Saving buffer 0.
[DBG@22:09:26.608] Saved 4096 bytes from buffer to file.
[DBG@22:09:26.609] Added buffer back to pool.
[DBG@22:09:26.868] Saving buffer 1.
[DBG@22:09:26.868] Saved 4096 bytes from buffer to file.
[DBG@22:09:26.868] Added buffer back to pool.
[DBG@22:09:27.118] Saving buffer 2.
[DBG@22:09:27.118] Saved 4096 bytes from buffer to file.
[DBG@22:09:27.118] Added buffer back to pool.
[DBG@22:09:27.378] Saving buffer 3.
[DBG@22:09:27.378] Saved 4096 bytes from buffer to file.
[DBG@22:09:27.387] Added buffer back to pool.
[DBG@22:09:27.638] Saving buffer 4.
[DBG@22:09:27.638] Saved 4096 bytes from buffer to file.
[DBG@22:09:27.668] Added buffer back to pool.
[DBG@22:09:27.887] Saving buffer 5.
[DBG@22:09:27.888] Saved 4096 bytes from buffer to file.
[DBG@22:09:27.888] Added buffer back to pool.
[DBG@22:09:28.147] Saving buffer 6.
[DBG@22:09:28.148] Saved 4096 bytes from buffer to file.
[DBG@22:09:28.148] Added buffer back to pool.
[DBG@22:09:28.398] Saving buffer 7.
[DBG@22:09:28.398] Saved 4096 bytes from buffer to file.
[DBG@22:09:28.398] Added buffer back to pool.
[DBG@22:09:28.657] Saving buffer 8.
[DBG@22:09:28.658] Saved 4096 bytes from buffer to file.
[DBG@22:09:28.658] Added buffer back to pool.
[DBG@22:09:28.918] Saving buffer 9.
[DBG@22:09:28.918] Saved 4096 bytes from buffer to file.
[DBG@22:09:28.918] Added buffer back to pool.
[DBG@22:09:29.168] Saving buffer 10.
[DBG@22:09:29.168] Saved 4096 bytes from buffer to file.
[DBG@22:09:29.168] Added buffer back to pool.
[DBG@22:09:29.428] Saving buffer 11.
[DBG@22:09:29.428] Saved 4096 bytes from buffer to file.
[DBG@22:09:29.428] Added buffer back to pool.
[DBG@22:09:29.678] Saving buffer 12.
[DBG@22:09:29.678] Saved 4096 bytes from buffer to file.
[DBG@22:09:29.678] Added buffer back to pool.
[DBG@22:09:29.937] Saving buffer 13.
[DBG@22:09:29.938] Saved 4096 bytes from buffer to file.
[DBG@22:09:29.938] Added buffer back to pool.
[DBG@22:09:30.198] Saving buffer 14.
[DBG@22:09:30.198] Saved 4096 bytes from buffer to file.
[DBG@22:09:30.198] Added buffer back to pool.
[DBG@22:09:30.448] Saving buffer 15.
[DBG@22:09:30.448] Saved 4096 bytes from buffer to file.
[DBG@22:09:30.448] Added buffer back to pool.
[DBG@22:09:30.707] Saving buffer 0.
[DBG@22:09:30.708] Saved 4096 bytes from buffer to file.
[DBG@22:09:30.708] Added buffer back to pool.
[DBG@22:09:30.957] Saving buffer 1.
[DBG@22:09:30.958] Saved 4096 bytes from buffer to file.
[DBG@22:09:30.958] Added buffer back to pool.
[DBG@22:09:31.217] Saving buffer 2.
[DBG@22:09:31.218] Saved 4096 bytes from buffer to file.
[DBG@22:09:31.324] Added buffer back to pool.
[DBG@22:09:31.478] Saving buffer 3.
[DBG@22:09:31.478] Saved 4096 bytes from buffer to file.
[DBG@22:09:31.478] Added buffer back to pool.
[DBG@22:09:31.728] Saving buffer 4.
[DBG@22:09:31.728] Saved 4096 bytes from buffer to file.
[DBG@22:09:31.728] Added buffer back to pool.
[DBG@22:09:31.987] Saving buffer 5.
[DBG@22:09:31.988] Saved 4096 bytes from buffer to file.
[DBG@22:09:31.988] Added buffer back to pool.
[DBG@22:09:32.237] Saving buffer 6.
[DBG@22:09:32.238] Saved 4096 bytes from buffer to file.
[DBG@22:09:32.363] Added buffer back to pool.
[DBG@22:09:32.497] Saving buffer 7.
[DBG@22:09:32.498] Saved 4096 bytes from buffer to file.
[DBG@22:09:32.498] Added buffer back to pool.
[DBG@22:09:32.757] Saving buffer 8.
[DBG@22:09:32.757] Saved 4096 bytes from buffer to file.
[DBG@22:09:32.758] Added buffer back to pool.
[DBG@22:09:33.007] Saving buffer 9.
[DBG@22:09:33.007] Saved 4096 bytes from buffer to file.
[DBG@22:09:33.008] Added buffer back to pool.
[DBG@22:09:33.267] Saving buffer 10.
[DBG@22:09:33.268] Saved 4096 bytes from buffer to file.
[DBG@22:09:33.268] Added buffer back to pool.
[DBG@22:09:33.517] Saving buffer 11.
[DBG@22:09:33.517] Saved 4096 bytes from buffer to file.
[DBG@22:09:33.518] Added buffer back to pool.
[DBG@22:09:33.777] Saving buffer 12.
[DBG@22:09:33.777] Saved 4096 bytes from buffer to file.
[DBG@22:09:33.778] Added buffer back to pool.
[DBG@22:09:34.037] Saving buffer 13.
[DBG@22:09:34.037] Saved 4096 bytes from buffer to file.
[DBG@22:09:34.037] Added buffer back to pool.
[DBG@22:09:34.287] Saving buffer 14.
[DBG@22:09:34.287] Saved 4096 bytes from buffer to file.
[DBG@22:09:34.287] Added buffer back to pool.
[DBG@22:09:34.547] Saving buffer 15.
[DBG@22:09:34.547] Saved 4096 bytes from buffer to file.
[DBG@22:09:34.547] Added buffer back to pool.
[DBG@22:09:34.797] Saving buffer 0.
[DBG@22:09:34.798] Saved 4096 bytes from buffer to file.
[DBG@22:09:34.798] Added buffer back to pool.
[DBG@22:09:35.057] Saving buffer 1.
[DBG@22:09:35.057] Saved 4096 bytes from buffer to file.
[DBG@22:09:35.057] Added buffer back to pool.
[DBG@22:09:35.317] Saving buffer 2.
[DBG@22:09:35.317] Saved 4096 bytes from buffer to file.
[DBG@22:09:35.317] Added buffer back to pool.
[DBG@22:09:35.567] Saving buffer 3.
[DBG@22:09:35.567] Saved 4096 bytes from buffer to file.
[DBG@22:09:35.567] Added buffer back to pool.
[DBG@22:09:35.827] Saving buffer 4.
[DBG@22:09:35.827] Saved 4096 bytes from buffer to file.
[DBG@22:09:35.827] Added buffer back to pool.
[DBG@22:09:36.077] Saving buffer 5.
[DBG@22:09:36.077] Saved 4096 bytes from buffer to file.
[DBG@22:09:36.077] Added buffer back to pool.
[DBG@22:09:36.337] Saving buffer 6.
[DBG@22:09:36.337] Saved 4096 bytes from buffer to file.
[DBG@22:09:36.337] Added buffer back to pool.
[DBG@22:09:36.597] Saving buffer 7.
[DBG@22:09:36.597] Saved 4096 bytes from buffer to file.
[DBG@22:09:36.597] Added buffer back to pool.
[DBG@22:09:36.847] Saving buffer 8.
[DBG@22:09:36.847] Saved 4096 bytes from buffer to file.
[DBG@22:09:36.847] Added buffer back to pool.
[DBG@22:09:37.107] Saving buffer 9.
[DBG@22:09:37.107] Saved 4096 bytes from buffer to file.
[DBG@22:09:37.107] Added buffer back to pool.
[DBG@22:09:37.357] Saving buffer 10.
[DBG@22:09:37.357] Saved 4096 bytes from buffer to file.
[DBG@22:09:37.357] Added buffer back to pool.
[DBG@22:09:37.617] Saving buffer 11.
[DBG@22:09:37.617] Saved 4096 bytes from buffer to file.
[DBG@22:09:37.617] Added buffer back to pool.
[DBG@22:09:37.877] Saving buffer 12.
[DBG@22:09:37.877] Saved 4096 bytes from buffer to file.
[DBG@22:09:37.877] Added buffer back to pool.
[DBG@22:09:38.127] Saving buffer 13.
[DBG@22:09:38.127] Saved 4096 bytes from buffer to file.
[DBG@22:09:38.127] Added buffer back to pool.
[DBG@22:09:38.387] Saving buffer 14.
[DBG@22:09:38.387] Saved 4096 bytes from buffer to file.
[DBG@22:09:38.387] Added buffer back to pool.
[DBG@22:09:38.637] Saving buffer 15.
[DBG@22:09:38.637] Saved 4096 bytes from buffer to file.
[DBG@22:09:38.637] Added buffer back to pool.
[DBG@22:09:38.897] Saving buffer 0.
[DBG@22:09:38.897] Saved 4096 bytes from buffer to file.
[DBG@22:09:38.898] Added buffer back to pool.
[DBG@22:09:39.157] Saving buffer 1.
[DBG@22:09:39.157] Saved 4096 bytes from buffer to file.
[DBG@22:09:39.157] Added buffer back to pool.
[DBG@22:09:39.407] Saving buffer 2.
[DBG@22:09:39.407] Saved 4096 bytes from buffer to file.
[DBG@22:09:39.407] Added buffer back to pool.
[DBG@22:09:39.667] Saving buffer 3.
[DBG@22:09:39.667] Saved 4096 bytes from buffer to file.
[DBG@22:09:39.667] Added buffer back to pool.
[DBG@22:09:39.917] Saving buffer 4.
[DBG@22:09:39.917] Saved 4096 bytes from buffer to file.
[DBG@22:09:39.917] Added buffer back to pool.
[DBG@22:09:40.177] Saving buffer 5.
[DBG@22:09:40.177] Saved 4096 bytes from buffer to file.
[DBG@22:09:40.177] Added buffer back to pool.
[DBG@22:09:40.437] Saving buffer 6.
[DBG@22:09:40.437] Saved 4096 bytes from buffer to file.
[DBG@22:09:40.437] Added buffer back to pool.
[DBG@22:09:40.687] Saving buffer 7.
[DBG@22:09:40.687] Saved 4096 bytes from buffer to file.
[DBG@22:09:40.687] Added buffer back to pool.
[DBG@22:09:40.947] Saving buffer 8.
[DBG@22:09:40.947] Saved 4096 bytes from buffer to file.
[DBG@22:09:40.947] Added buffer back to pool.
[DBG@22:09:41.197] Saving buffer 9.
[DBG@22:09:41.197] Saved 4096 bytes from buffer to file.
[DBG@22:09:41.197] Added buffer back to pool.
[DBG@22:09:41.457] Saving buffer 10.
[DBG@22:09:41.457] Saved 4096 bytes from buffer to file.
[DBG@22:09:41.457] Added buffer back to pool.
[DBG@22:09:41.717] Saving buffer 11.
[DBG@22:09:41.717] Saved 4096 bytes from buffer to file.
[DBG@22:09:41.717] Added buffer back to pool.
[DBG@22:09:41.967] Saving buffer 12.
[DBG@22:09:41.967] Saved 4096 bytes from buffer to file.
[DBG@22:09:41.967] Added buffer back to pool.
[DBG@22:09:42.227] Saving buffer 13.
[DBG@22:09:42.227] Saved 4096 bytes from buffer to file.
[DBG@22:09:42.227] Added buffer back to pool.
[DBG@22:09:42.477] Saving buffer 14.
[DBG@22:09:42.477] Saved 4096 bytes from buffer to file.
[DBG@22:09:42.478] Added buffer back to pool.
[DBG@22:09:42.737] Saving buffer 15.
[DBG@22:09:42.737] Saved 4096 bytes from buffer to file.
[DBG@22:09:42.738] Added buffer back to pool.
[DBG@22:09:42.997] Saving buffer 0.
[DBG@22:09:42.997] Saved 4096 bytes from buffer to file.
[DBG@22:09:42.997] Added buffer back to pool.
[DBG@22:09:43.247] Saving buffer 1.
[DBG@22:09:43.247] Saved 4096 bytes from buffer to file.
[DBG@22:09:43.247] Added buffer back to pool.
[DBG@22:09:43.507] Saving buffer 2.
[DBG@22:09:43.507] Saved 4096 bytes from buffer to file.
[DBG@22:09:43.507] Added buffer back to pool.
[DBG@22:09:43.757] Saving buffer 3.
[DBG@22:09:43.757] Saved 4096 bytes from buffer to file.
[DBG@22:09:43.757] Added buffer back to pool.
[DBG@22:09:44.017] Saving buffer 4.
[DBG@22:09:44.017] Saved 4096 bytes from buffer to file.
[DBG@22:09:44.017] Added buffer back to pool.
[DBG@22:09:44.277] Saving buffer 5.
[DBG@22:09:44.277] Saved 4096 bytes from buffer to file.
[DBG@22:09:44.277] Added buffer back to pool.
[DBG@22:09:44.527] Saving buffer 6.
[DBG@22:09:44.527] Saved 4096 bytes from buffer to file.
[DBG@22:09:44.559] Added buffer back to pool.
[DBG@22:09:44.787] Saving buffer 7.
[DBG@22:09:44.787] Saved 4096 bytes from buffer to file.
[DBG@22:09:44.787] Added buffer back to pool.
[DBG@22:09:45.037] Saving buffer 8.
[DBG@22:09:45.037] Saved 4096 bytes from buffer to file.
[DBG@22:09:45.061] Added buffer back to pool.
[DBG@22:09:45.297] Saving buffer 9.
[DBG@22:09:45.297] Saved 4096 bytes from buffer to file.
[DBG@22:09:45.297] Added buffer back to pool.
[DBG@22:09:45.557] Saving buffer 10.
[DBG@22:09:45.557] Saved 4096 bytes from buffer to file.
[DBG@22:09:45.557] Added buffer back to pool.
[DBG@22:09:45.807] Saving buffer 11.
[DBG@22:09:45.807] Saved 4096 bytes from buffer to file.
[DBG@22:09:45.807] Added buffer back to pool.
[DBG@22:09:46.067] Saving buffer 12.
[DBG@22:09:46.067] Saved 4096 bytes from buffer to file.
[DBG@22:09:46.067] Added buffer back to pool.
[DBG@22:09:46.317] Saving buffer 13.
[DBG@22:09:46.317] Saved 4096 bytes from buffer to file.
[DBG@22:09:46.317] Added buffer back to pool.
[DBG@22:09:46.577] Saving buffer 14.
[DBG@22:09:46.577] Saved 4096 bytes from buffer to file.
[DBG@22:09:46.577] Added buffer back to pool.
[DBG@22:09:46.837] Saving buffer 15.
[DBG@22:09:46.837] Saved 4096 bytes from buffer to file.
[DBG@22:09:46.837] Added buffer back to pool.
[DBG@22:09:47.087] Saving buffer 0.
[DBG@22:09:47.087] Saved 4096 bytes from buffer to file.
[DBG@22:09:47.087] Added buffer back to pool.
[DBG@22:09:47.347] Saving buffer 1.
[DBG@22:09:47.347] Saved 4096 bytes from buffer to file.
[DBG@22:09:47.347] Added buffer back to pool.
[DBG@22:09:47.597] Saving buffer 2.
[DBG@22:09:47.597] Saved 4096 bytes from buffer to file.
[DBG@22:09:47.597] Added buffer back to pool.
[DBG@22:09:47.857] Saving buffer 3.
[DBG@22:09:47.857] Saved 4096 bytes from buffer to file.
[DBG@22:09:47.857] Added buffer back to pool.
[DBG@22:09:48.117] Saving buffer 4.
[DBG@22:09:48.117] Saved 4096 bytes from buffer to file.
[DBG@22:09:48.117] Added buffer back to pool.
[DBG@22:09:48.367] Saving buffer 5.
[DBG@22:09:48.367] Saved 4096 bytes from buffer to file.
[DBG@22:09:48.367] Added buffer back to pool.
[DBG@22:09:48.627] Saving buffer 6.
[DBG@22:09:48.627] Saved 4096 bytes from buffer to file.
[DBG@22:09:48.627] Added buffer back to pool.
[DBG@22:09:48.877] Saving buffer 7.
[DBG@22:09:48.877] Saved 4096 bytes from buffer to file.
[DBG@22:09:48.877] Added buffer back to pool.
[DBG@22:09:49.137] Saving buffer 8.
[DBG@22:09:49.137] Saved 4096 bytes from buffer to file.
[DBG@22:09:49.137] Added buffer back to pool.
[DBG@22:09:49.397] Saving buffer 9.
[DBG@22:09:49.397] Saved 4096 bytes from buffer to file.
[DBG@22:09:49.397] Added buffer back to pool.
[DBG@22:09:49.647] Saving buffer 10.
[DBG@22:09:49.647] Saved 4096 bytes from buffer to file.
[DBG@22:09:49.647] Added buffer back to pool.
[DBG@22:09:49.907] Saving buffer 11.
[DBG@22:09:49.907] Saved 4096 bytes from buffer to file.
[DBG@22:09:49.907] Added buffer back to pool.
[DBG@22:09:50.157] Saving buffer 12.
[DBG@22:09:50.157] Saved 4096 bytes from buffer to file.
[DBG@22:09:50.157] Added buffer back to pool.
[DBG@22:09:50.417] Saving buffer 13.
[DBG@22:09:50.417] Saved 4096 bytes from buffer to file.
[DBG@22:09:50.417] Added buffer back to pool.
[DBG@22:09:50.677] Saving buffer 14.
[DBG@22:09:50.677] Saved 4096 bytes from buffer to file.
[DBG@22:09:50.677] Added buffer back to pool.
[DBG@22:09:50.927] Saving buffer 15.
[DBG@22:09:50.927] Saved 4096 bytes from buffer to file.
[DBG@22:09:50.927] Added buffer back to pool.
[DBG@22:09:51.187] Saving buffer 0.
[DBG@22:09:51.187] Saved 4096 bytes from buffer to file.
[DBG@22:09:51.187] Added buffer back to pool.
[DBG@22:09:51.437] Saving buffer 1.
[DBG@22:09:51.437] Saved 4096 bytes from buffer to file.
[DBG@22:09:51.437] Added buffer back to pool.
[DBG@22:09:51.697] Saving buffer 2.
[DBG@22:09:51.697] Saved 4096 bytes from buffer to file.
[DBG@22:09:51.697] Added buffer back to pool.
[DBG@22:09:51.957] Saving buffer 3.
[DBG@22:09:51.957] Saved 4096 bytes from buffer to file.
[DBG@22:09:51.957] Added buffer back to pool.
[DBG@22:09:52.207] Saving buffer 4.
[DBG@22:09:52.207] Saved 4096 bytes from buffer to file.
[DBG@22:09:52.262] Added buffer back to pool.
[DBG@22:09:52.467] Saving buffer 5.
[DBG@22:09:52.467] Saved 4096 bytes from buffer to file.
[DBG@22:09:52.467] Added buffer back to pool.
[DBG@22:09:52.716] Saving buffer 6.
[DBG@22:09:52.717] Saved 4096 bytes from buffer to file.
[DBG@22:09:52.717] Added buffer back to pool.
[DBG@22:09:52.976] Saving buffer 7.
[DBG@22:09:52.977] Saved 4096 bytes from buffer to file.
[DBG@22:09:52.977] Added buffer back to pool.
[DBG@22:09:53.237] Saving buffer 8.
[DBG@22:09:53.237] Saved 4096 bytes from buffer to file.
[DBG@22:09:53.237] Added buffer back to pool.
[DBG@22:09:53.487] Saving buffer 9.
[DBG@22:09:53.487] Saved 4096 bytes from buffer to file.
[DBG@22:09:53.487] Added buffer back to pool.
[DBG@22:09:53.746] Saving buffer 10.
[DBG@22:09:53.747] Saved 4096 bytes from buffer to file.
[DBG@22:09:53.747] Added buffer back to pool.
[DBG@22:09:53.996] Saving buffer 11.
[DBG@22:09:53.997] Saved 4096 bytes from buffer to file.
[DBG@22:09:53.997] Added buffer back to pool.
[DBG@22:09:54.256] Saving buffer 12.
[DBG@22:09:54.257] Saved 4096 bytes from buffer to file.
[DBG@22:09:54.257] Added buffer back to pool.
[DBG@22:09:54.516] Saving buffer 13.
[DBG@22:09:54.517] Saved 4096 bytes from buffer to file.
[DBG@22:09:54.517] Added buffer back to pool.
[DBG@22:09:54.766] Saving buffer 14.
[DBG@22:09:54.767] Saved 4096 bytes from buffer to file.
[DBG@22:09:54.767] Added buffer back to pool.
[DBG@22:09:55.026] Saving buffer 15.
[DBG@22:09:55.027] Saved 4096 bytes from buffer to file.
[DBG@22:09:55.027] Added buffer back to pool.
[DBG@22:09:55.276] Saving buffer 0.
[DBG@22:09:55.277] Saved 4096 bytes from buffer to file.
[DBG@22:09:55.278] Added buffer back to pool.
[DBG@22:09:55.537] Saving buffer 1.
[DBG@22:09:55.537] Saved 4096 bytes from buffer to file.
[DBG@22:09:55.537] Added buffer back to pool.
[DBG@22:09:55.796] Saving buffer 2.
[DBG@22:09:55.796] Saved 4096 bytes from buffer to file.
[DBG@22:09:55.797] Added buffer back to pool.
[DBG@22:09:56.046] Saving buffer 3.
[DBG@22:09:56.046] Saved 4096 bytes from buffer to file.
[DBG@22:09:56.047] Added buffer back to pool.
[DBG@22:09:56.306] Saving buffer 4.
[DBG@22:09:56.306] Saved 4096 bytes from buffer to file.
[DBG@22:09:56.307] Added buffer back to pool.
[DBG@22:09:56.556] Saving buffer 5.
[DBG@22:09:56.556] Saved 4096 bytes from buffer to file.
[DBG@22:09:56.557] Added buffer back to pool.
[DBG@22:09:56.816] Saving buffer 6.
[DBG@22:09:56.816] Saved 4096 bytes from buffer to file.
[DBG@22:09:56.816] Added buffer back to pool.
[DBG@22:09:57.076] Saving buffer 7.
[DBG@22:09:57.076] Saved 4096 bytes from buffer to file.
[DBG@22:09:57.077] Added buffer back to pool.
[DBG@22:09:57.326] Saving buffer 8.
[DBG@22:09:57.326] Saved 4096 bytes from buffer to file.
[DBG@22:09:57.327] Added buffer back to pool.
[DBG@22:09:57.586] Saving buffer 9.
[DBG@22:09:57.586] Saved 4096 bytes from buffer to file.
[DBG@22:09:57.587] Added buffer back to pool.
[DBG@22:09:57.836] Saving buffer 10.
[DBG@22:09:57.836] Saved 4096 bytes from buffer to file.
[DBG@22:09:57.837] Added buffer back to pool.
[DBG@22:09:58.096] Saving buffer 11.
[DBG@22:09:58.096] Saved 4096 bytes from buffer to file.
[DBG@22:09:58.097] Added buffer back to pool.
[DBG@22:09:58.356] Saving buffer 12.
[DBG@22:09:58.356] Saved 4096 bytes from buffer to file.
[DBG@22:09:58.357] Added buffer back to pool.
[DBG@22:09:58.606] Saving buffer 13.
[DBG@22:09:58.606] Saved 4096 bytes from buffer to file.
[DBG@22:09:58.607] Added buffer back to pool.
[DBG@22:09:58.866] Saving buffer 14.
[DBG@22:09:58.866] Saved 4096 bytes from buffer to file.
[DBG@22:09:58.867] Added buffer back to pool.
[DBG@22:09:59.116] Saving buffer 15.
[DBG@22:09:59.116] Saved 4096 bytes from buffer to file.
[DBG@22:09:59.116] Added buffer back to pool.
[DBG@22:09:59.376] Saving buffer 0.
[DBG@22:09:59.377] Saved 4096 bytes from buffer to file.
[DBG@22:09:59.378] Added buffer back to pool.
[DBG@22:09:59.636] Saving buffer 1.
[DBG@22:09:59.636] Saved 4096 bytes from buffer to file.
[DBG@22:09:59.636] Added buffer back to pool.
[DBG@22:09:59.886] Saving buffer 2.
[DBG@22:09:59.886] Saved 4096 bytes from buffer to file.
[DBG@22:09:59.886] Added buffer back to pool.
[DBG@22:10:00.146] Saving buffer 3.
[DBG@22:10:00.146] Saved 4096 bytes from buffer to file.
[DBG@22:10:00.147] Added buffer back to pool.
[DBG@22:10:00.396] Saving buffer 4.
[DBG@22:10:00.396] Saved 4096 bytes from buffer to file.
[DBG@22:10:00.396] Added buffer back to pool.
[DBG@22:10:00.656] Saving buffer 5.
[DBG@22:10:00.657] Saved 4096 bytes from buffer to file.
[DBG@22:10:00.657] Added buffer back to pool.
[DBG@22:10:00.916] Saving buffer 6.
[DBG@22:10:00.917] Saved 4096 bytes from buffer to file.
[DBG@22:10:00.917] Added buffer back to pool.
[DBG@22:10:01.166] Saving buffer 7.
[DBG@22:10:01.167] Saved 4096 bytes from buffer to file.
[DBG@22:10:01.167] Added buffer back to pool.
[DBG@22:10:01.426] Saving buffer 8.
[DBG@22:10:01.427] Saved 4096 bytes from buffer to file.
[DBG@22:10:01.427] Added buffer back to pool.
[DBG@22:10:01.676] Saving buffer 9.
[DBG@22:10:01.677] Saved 4096 bytes from buffer to file.
[DBG@22:10:01.677] Added buffer back to pool.
[DBG@22:10:01.936] Saving buffer 10.
[DBG@22:10:01.936] Saved 4096 bytes from buffer to file.
[DBG@22:10:01.936] Added buffer back to pool.
[DBG@22:10:02.196] Saving buffer 11.
[DBG@22:10:02.196] Saved 4096 bytes from buffer to file.
[DBG@22:10:02.196] Added buffer back to pool.
[DBG@22:10:02.446] Saving buffer 12.
[DBG@22:10:02.446] Saved 4096 bytes from buffer to file.
[DBG@22:10:02.446] Added buffer back to pool.
[DBG@22:10:02.706] Saving buffer 13.
[DBG@22:10:02.706] Saved 4096 bytes from buffer to file.
[DBG@22:10:02.706] Added buffer back to pool.
[DBG@22:10:02.956] Saving buffer 14.
[DBG@22:10:02.956] Saved 4096 bytes from buffer to file.
[DBG@22:10:02.956] Added buffer back to pool.
[DBG@22:10:03.216] Saving buffer 15.
[DBG@22:10:03.216] Saved 4096 bytes from buffer to file.
[DBG@22:10:03.216] Added buffer back to pool.
[DBG@22:10:03.476] Saving buffer 0.
[DBG@22:10:03.477] Saved 4096 bytes from buffer to file.
[DBG@22:10:03.477] Added buffer back to pool.
[DBG@22:10:03.726] Saving buffer 1.
[DBG@22:10:03.726] Saved 4096 bytes from buffer to file.
[DBG@22:10:03.726] Added buffer back to pool.
[DBG@22:10:03.986] Saving buffer 2.
[DBG@22:10:03.986] Saved 4096 bytes from buffer to file.
[DBG@22:10:03.986] Added buffer back to pool.
[DBG@22:10:04.236] Saving buffer 3.
[DBG@22:10:04.236] Saved 4096 bytes from buffer to file.
[DBG@22:10:04.236] Added buffer back to pool.
[DBG@22:10:04.496] Saving buffer 4.
[DBG@22:10:04.496] Saved 4096 bytes from buffer to file.
[DBG@22:10:04.496] Added buffer back to pool.
[DBG@22:10:04.756] Saving buffer 5.
[DBG@22:10:04.756] Saved 4096 bytes from buffer to file.
[DBG@22:10:04.756] Added buffer back to pool.
[DBG@22:10:05.006] Saving buffer 6.
[DBG@22:10:05.006] Saved 4096 bytes from buffer to file.
[DBG@22:10:05.006] Added buffer back to pool.
[DBG@22:10:05.266] Saving buffer 7.
[DBG@22:10:05.266] Saved 4096 bytes from buffer to file.
[DBG@22:10:05.266] Added buffer back to pool.
[DBG@22:10:05.516] Saving buffer 8.
[DBG@22:10:05.516] Saved 4096 bytes from buffer to file.
[DBG@22:10:05.516] Added buffer back to pool.
[DBG@22:10:05.776] Saving buffer 9.
[DBG@22:10:05.776] Saved 4096 bytes from buffer to file.
[DBG@22:10:05.776] Added buffer back to pool.
[DBG@22:10:06.036] Saving buffer 10.
[DBG@22:10:06.036] Saved 4096 bytes from buffer to file.
[DBG@22:10:06.036] Added buffer back to pool.
[DBG@22:10:06.286] Saving buffer 11.
[DBG@22:10:06.286] Saved 4096 bytes from buffer to file.
[DBG@22:10:06.286] Added buffer back to pool.
[DBG@22:10:06.546] Saving buffer 12.
[DBG@22:10:06.546] Saved 4096 bytes from buffer to file.
[DBG@22:10:06.546] Added buffer back to pool.
[DBG@22:10:06.796] Saving buffer 13.
[DBG@22:10:06.796] Saved 4096 bytes from buffer to file.
[DBG@22:10:06.796] Added buffer back to pool.
[DBG@22:10:07.056] Saving buffer 14.
[DBG@22:10:07.056] Saved 4096 bytes from buffer to file.
[DBG@22:10:07.056] Added buffer back to pool.
[DBG@22:10:07.316] Saving buffer 15.
[DBG@22:10:07.316] Saved 4096 bytes from buffer to file.
[DBG@22:10:07.316] Added buffer back to pool.
[DBG@22:10:07.566] Saving buffer 0.
[DBG@22:10:07.567] Saved 4096 bytes from buffer to file.
[DBG@22:10:07.567] Added buffer back to pool.
[DBG@22:10:07.826] Saving buffer 1.
[DBG@22:10:07.826] Saved 4096 bytes from buffer to file.
[DBG@22:10:07.826] Added buffer back to pool.
[DBG@22:10:08.076] Saving buffer 2.
[DBG@22:10:08.076] Saved 4096 bytes from buffer to file.
[DBG@22:10:08.076] Added buffer back to pool.
[DBG@22:10:08.336] Saving buffer 3.
[DBG@22:10:08.336] Saved 4096 bytes from buffer to file.
[DBG@22:10:08.336] Added buffer back to pool.
[DBG@22:10:08.596] Saving buffer 4.
[DBG@22:10:08.596] Saved 4096 bytes from buffer to file.
[DBG@22:10:08.596] Added buffer back to pool.
[DBG@22:10:08.846] Saving buffer 5.
[DBG@22:10:08.846] Saved 4096 bytes from buffer to file.
[DBG@22:10:08.846] Added buffer back to pool.
[DBG@22:10:09.106] Saving buffer 6.
[DBG@22:10:09.106] Saved 4096 bytes from buffer to file.
[DBG@22:10:09.106] Added buffer back to pool.
[DBG@22:10:09.356] Saving buffer 7.
[DBG@22:10:09.356] Saved 4096 bytes from buffer to file.
[DBG@22:10:09.356] Added buffer back to pool.
[DBG@22:10:09.616] Saving buffer 8.
[DBG@22:10:09.616] Saved 4096 bytes from buffer to file.
[DBG@22:10:09.616] Added buffer back to pool.
[DBG@22:10:09.876] Saving buffer 9.
[DBG@22:10:09.876] Saved 4096 bytes from buffer to file.
[DBG@22:10:09.876] Added buffer back to pool.
[DBG@22:10:10.126] Saving buffer 10.
[DBG@22:10:10.126] Saved 4096 bytes from buffer to file.
[DBG@22:10:10.126] Added buffer back to pool.
[DBG@22:10:10.386] Saving buffer 11.
[DBG@22:10:10.386] Saved 4096 bytes from buffer to file.
[DBG@22:10:10.386] Added buffer back to pool.
[DBG@22:10:10.636] Saving buffer 12.
[DBG@22:10:10.636] Saved 4096 bytes from buffer to file.
[DBG@22:10:10.636] Added buffer back to pool.
[DBG@22:10:10.896] Saving buffer 13.
[DBG@22:10:10.896] Saved 4096 bytes from buffer to file.
[DBG@22:10:10.896] Added buffer back to pool.
[DBG@22:10:11.156] Saving buffer 14.
[DBG@22:10:11.156] Saved 4096 bytes from buffer to file.
[DBG@22:10:11.156] Added buffer back to pool.
[DBG@22:10:11.406] Saving buffer 15.
[DBG@22:10:11.406] Saved 4096 bytes from buffer to file.
[DBG@22:10:11.406] Added buffer back to pool.
[DBG@22:10:11.666] Saving buffer 0.
[DBG@22:10:11.666] Saved 4096 bytes from buffer to file.
[DBG@22:10:11.666] Added buffer back to pool.
[DBG@22:10:11.916] Saving buffer 1.
[DBG@22:10:11.916] Saved 4096 bytes from buffer to file.
[DBG@22:10:11.916] Added buffer back to pool.
[DBG@22:10:12.176] Saving buffer 2.
[DBG@22:10:12.176] Saved 4096 bytes from buffer to file.
[DBG@22:10:12.177] Added buffer back to pool.
[DBG@22:10:12.436] Saving buffer 3.
[DBG@22:10:12.436] Saved 4096 bytes from buffer to file.
[DBG@22:10:12.436] Added buffer back to pool.
[DBG@22:10:12.686] Saving buffer 4.
[DBG@22:10:12.686] Saved 4096 bytes from buffer to file.
[DBG@22:10:12.686] Added buffer back to pool.
[DBG@22:10:12.946] Saving buffer 5.
[DBG@22:10:12.946] Saved 4096 bytes from buffer to file.
[DBG@22:10:12.946] Added buffer back to pool.
[DBG@22:10:13.196] Saving buffer 6.
[DBG@22:10:13.196] Saved 4096 bytes from buffer to file.
[DBG@22:10:13.196] Added buffer back to pool.
[DBG@22:10:13.456] Saving buffer 7.
[DBG@22:10:13.456] Saved 4096 bytes from buffer to file.
[DBG@22:10:13.456] Added buffer back to pool.
[DBG@22:10:13.716] Saving buffer 8.
[DBG@22:10:13.716] Saved 4096 bytes from buffer to file.
[DBG@22:10:13.716] Added buffer back to pool.
[DBG@22:10:13.966] Saving buffer 9.
[DBG@22:10:13.966] Saved 4096 bytes from buffer to file.
[DBG@22:10:13.966] Added buffer back to pool.
[DBG@22:10:14.226] Saving buffer 10.
[DBG@22:10:14.226] Saved 4096 bytes from buffer to file.
[DBG@22:10:14.226] Added buffer back to pool.
[DBG@22:10:14.476] Saving buffer 11.
[DBG@22:10:14.476] Saved 4096 bytes from buffer to file.
[DBG@22:10:14.476] Added buffer back to pool.
[DBG@22:10:14.736] Saving buffer 12.
[DBG@22:10:14.736] Saved 4096 bytes from buffer to file.
[DBG@22:10:14.736] Added buffer back to pool.
[DBG@22:10:14.996] Saving buffer 13.
[DBG@22:10:14.996] Saved 4096 bytes from buffer to file.
[DBG@22:10:14.996] Added buffer back to pool.
[DBG@22:10:15.246] Saving buffer 14.
[DBG@22:10:15.246] Saved 4096 bytes from buffer to file.
[DBG@22:10:15.246] Added buffer back to pool.
[DBG@22:10:15.506] Saving buffer 15.
[DBG@22:10:15.506] Saved 4096 bytes from buffer to file.
[DBG@22:10:15.506] Added buffer back to pool.
[DBG@22:10:15.756] Saving buffer 0.
[DBG@22:10:15.756] Saved 4096 bytes from buffer to file.
[DBG@22:10:15.756] Added buffer back to pool.
[DBG@22:10:16.016] Saving buffer 1.
[DBG@22:10:16.016] Saved 4096 bytes from buffer to file.
[DBG@22:10:16.016] Added buffer back to pool.
[DBG@22:10:16.276] Saving buffer 2.
[DBG@22:10:16.276] Saved 4096 bytes from buffer to file.
[DBG@22:10:16.276] Added buffer back to pool.
[DBG@22:10:16.526] Saving buffer 3.
[DBG@22:10:16.526] Saved 4096 bytes from buffer to file.
[DBG@22:10:16.526] Added buffer back to pool.
[DBG@22:10:16.786] Saving buffer 4.
[DBG@22:10:16.786] Saved 4096 bytes from buffer to file.
[DBG@22:10:16.786] Added buffer back to pool.
[DBG@22:10:17.035] Saving buffer 5.
[DBG@22:10:17.036] Saved 4096 bytes from buffer to file.
[DBG@22:10:17.036] Added buffer back to pool.
[DBG@22:10:17.295] Saving buffer 6.
[DBG@22:10:17.296] Saved 4096 bytes from buffer to file.
[DBG@22:10:17.296] Added buffer back to pool.
[DBG@22:10:17.555] Saving buffer 7.
[DBG@22:10:17.556] Saved 4096 bytes from buffer to file.
[DBG@22:10:17.556] Added buffer back to pool.
[DBG@22:10:17.805] Saving buffer 8.
[DBG@22:10:17.806] Saved 4096 bytes from buffer to file.
[DBG@22:10:17.806] Added buffer back to pool.
[DBG@22:10:18.065] Saving buffer 9.
[DBG@22:10:18.066] Saved 4096 bytes from buffer to file.
[DBG@22:10:18.066] Added buffer back to pool.
[DBG@22:10:18.315] Saving buffer 10.
[DBG@22:10:18.316] Saved 4096 bytes from buffer to file.
[DBG@22:10:18.316] Added buffer back to pool.
[DBG@22:10:18.575] Saving buffer 11.
[DBG@22:10:18.576] Saved 4096 bytes from buffer to file.
[DBG@22:10:18.576] Added buffer back to pool.
[DBG@22:10:18.835] Saving buffer 12.
[DBG@22:10:18.836] Saved 4096 bytes from buffer to file.
[DBG@22:10:18.836] Added buffer back to pool.
[DBG@22:10:19.085] Saving buffer 13.
[DBG@22:10:19.086] Saved 4096 bytes from buffer to file.
[DBG@22:10:19.086] Added buffer back to pool.
[DBG@22:10:19.345] Saving buffer 14.
[DBG@22:10:19.346] Saved 4096 bytes from buffer to file.
[DBG@22:10:19.346] Added buffer back to pool.
[DBG@22:10:19.595] Saving buffer 15.
[DBG@22:10:19.596] Saved 4096 bytes from buffer to file.
[DBG@22:10:19.596] Added buffer back to pool.
[DBG@22:10:19.855] Saving buffer 0.
[DBG@22:10:19.856] Saved 4096 bytes from buffer to file.
[DBG@22:10:19.856] Added buffer back to pool.
[DBG@22:10:20.115] Saving buffer 1.
[DBG@22:10:20.115] Saved 4096 bytes from buffer to file.
[DBG@22:10:20.116] Added buffer back to pool.
[DBG@22:10:20.365] Saving buffer 2.
[DBG@22:10:20.365] Saved 4096 bytes from buffer to file.
[DBG@22:10:20.366] Added buffer back to pool.
[DBG@22:10:20.625] Saving buffer 3.
[DBG@22:10:20.625] Saved 4096 bytes from buffer to file.
[DBG@22:10:20.626] Added buffer back to pool.
[DBG@22:10:20.875] Saving buffer 4.
[DBG@22:10:20.875] Saved 4096 bytes from buffer to file.
[DBG@22:10:20.876] Added buffer back to pool.
[DBG@22:10:21.135] Saving buffer 5.
[DBG@22:10:21.136] Saved 4096 bytes from buffer to file.
[DBG@22:10:21.136] Added buffer back to pool.
[DBG@22:10:21.395] Saving buffer 6.
[DBG@22:10:21.395] Saved 4096 bytes from buffer to file.
[DBG@22:10:21.396] Added buffer back to pool.
[DBG@22:10:21.645] Saving buffer 7.
[DBG@22:10:21.645] Saved 4096 bytes from buffer to file.
[DBG@22:10:21.646] Added buffer back to pool.
[DBG@22:10:21.905] Saving buffer 8.
[DBG@22:10:21.905] Saved 4096 bytes from buffer to file.
[DBG@22:10:21.906] Added buffer back to pool.
[DBG@22:10:22.155] Saving buffer 9.
[DBG@22:10:22.155] Saved 4096 bytes from buffer to file.
[DBG@22:10:22.156] Added buffer back to pool.
[DBG@22:10:22.415] Saving buffer 10.
[DBG@22:10:22.415] Saved 4096 bytes from buffer to file.
[DBG@22:10:22.415] Added buffer back to pool.
[DBG@22:10:22.675] Saving buffer 11.
[DBG@22:10:22.675] Saved 4096 bytes from buffer to file.
[DBG@22:10:22.676] Added buffer back to pool.
[DBG@22:10:22.925] Saving buffer 12.
[DBG@22:10:22.925] Saved 4096 bytes from buffer to file.
[DBG@22:10:22.926] Added buffer back to pool.
[DBG@22:10:23.185] Saving buffer 13.
[DBG@22:10:23.185] Saved 4096 bytes from buffer to file.
[DBG@22:10:23.186] Added buffer back to pool.
[DBG@22:10:23.435] Saving buffer 14.
[DBG@22:10:23.435] Saved 4096 bytes from buffer to file.
[DBG@22:10:23.436] Added buffer back to pool.
[DBG@22:10:23.695] Saving buffer 15.
[DBG@22:10:23.695] Saved 4096 bytes from buffer to file.
[DBG@22:10:23.696] Added buffer back to pool.
[DBG@22:10:23.955] Saving buffer 0.
[DBG@22:10:23.956] Saved 4096 bytes from buffer to file.
[DBG@22:10:23.956] Added buffer back to pool.
[DBG@22:10:24.205] Saving buffer 1.
[DBG@22:10:24.205] Saved 4096 bytes from buffer to file.
[DBG@22:10:24.206] Added buffer back to pool.
[DBG@22:10:24.465] Saving buffer 2.
[DBG@22:10:24.465] Saved 4096 bytes from buffer to file.
[DBG@22:10:24.465] Added buffer back to pool.
[DBG@22:10:24.715] Saving buffer 3.
[DBG@22:10:24.715] Saved 4096 bytes from buffer to file.
[DBG@22:10:24.715] Added buffer back to pool.
[DBG@22:10:24.975] Saving buffer 4.
[DBG@22:10:24.975] Saved 4096 bytes from buffer to file.
[DBG@22:10:24.975] Added buffer back to pool.
[DBG@22:10:25.235] Saving buffer 5.
[DBG@22:10:25.235] Saved 4096 bytes from buffer to file.
[DBG@22:10:25.235] Added buffer back to pool.
[DBG@22:10:25.485] Saving buffer 6.
[DBG@22:10:25.485] Saved 4096 bytes from buffer to file.
[DBG@22:10:25.486] Added buffer back to pool.
[DBG@22:10:25.745] Saving buffer 7.
[DBG@22:10:25.745] Saved 4096 bytes from buffer to file.
[DBG@22:10:25.746] Added buffer back to pool.
[DBG@22:10:25.995] Saving buffer 8.
[DBG@22:10:25.995] Saved 4096 bytes from buffer to file.
[DBG@22:10:25.996] Added buffer back to pool.
[DBG@22:10:26.255] Saving buffer 9.
[DBG@22:10:26.255] Saved 4096 bytes from buffer to file.
[DBG@22:10:26.255] Added buffer back to pool.
[DBG@22:10:26.515] Saving buffer 10.
[DBG@22:10:26.515] Saved 4096 bytes from buffer to file.
[DBG@22:10:26.515] Added buffer back to pool.
[DBG@22:10:26.765] Saving buffer 11.
[DBG@22:10:26.765] Saved 4096 bytes from buffer to file.
[DBG@22:10:26.765] Added buffer back to pool.
[DBG@22:10:27.025] Saving buffer 12.
[DBG@22:10:27.025] Saved 4096 bytes from buffer to file.
[DBG@22:10:27.025] Added buffer back to pool.
[DBG@22:10:27.275] Saving buffer 13.
[DBG@22:10:27.275] Saved 4096 bytes from buffer to file.
[DBG@22:10:27.275] Added buffer back to pool.
[DBG@22:10:27.535] Saving buffer 14.
[DBG@22:10:27.535] Saved 4096 bytes from buffer to file.
[DBG@22:10:27.535] Added buffer back to pool.
[DBG@22:10:27.795] Saving buffer 15.
[DBG@22:10:27.795] Saved 4096 bytes from buffer to file.
[DBG@22:10:27.795] Added buffer back to pool.
[DBG@22:10:28.045] Saving buffer 0.
[DBG@22:10:28.046] Saved 4096 bytes from buffer to file.
[DBG@22:10:28.046] Added buffer back to pool.
[DBG@22:10:28.305] Saving buffer 1.
[DBG@22:10:28.305] Saved 4096 bytes from buffer to file.
[DBG@22:10:28.305] Added buffer back to pool.
[DBG@22:10:28.555] Saving buffer 2.
[DBG@22:10:28.555] Saved 4096 bytes from buffer to file.
[DBG@22:10:28.555] Added buffer back to pool.
[DBG@22:10:28.815] Saving buffer 3.
[DBG@22:10:28.815] Saved 4096 bytes from buffer to file.
[DBG@22:10:28.815] Added buffer back to pool.
[DBG@22:10:29.075] Saving buffer 4.
[DBG@22:10:29.075] Saved 4096 bytes from buffer to file.
[DBG@22:10:29.075] Added buffer back to pool.
[DBG@22:10:29.325] Saving buffer 5.
[DBG@22:10:29.325] Saved 4096 bytes from buffer to file.
[DBG@22:10:29.325] Added buffer back to pool.
[DBG@22:10:29.585] Saving buffer 6.
[DBG@22:10:29.585] Saved 4096 bytes from buffer to file.
[DBG@22:10:29.585] Added buffer back to pool.
[DBG@22:10:29.835] Saving buffer 7.
[DBG@22:10:29.835] Saved 4096 bytes from buffer to file.
[DBG@22:10:29.835] Added buffer back to pool.
[DBG@22:10:30.095] Saving buffer 8.
[DBG@22:10:30.095] Saved 4096 bytes from buffer to file.
[DBG@22:10:30.095] Added buffer back to pool.
[DBG@22:10:30.355] Saving buffer 9.
[DBG@22:10:30.355] Saved 4096 bytes from buffer to file.
[DBG@22:10:30.356] Added buffer back to pool.
[DBG@22:10:30.605] Saving buffer 10.
[DBG@22:10:30.605] Saved 4096 bytes from buffer to file.
[DBG@22:10:30.605] Added buffer back to pool.
[DBG@22:10:30.865] Saving buffer 11.
[DBG@22:10:30.865] Saved 4096 bytes from buffer to file.
[DBG@22:10:30.866] Added buffer back to pool.
[DBG@22:10:31.115] Saving buffer 12.
[DBG@22:10:31.115] Saved 4096 bytes from buffer to file.
[DBG@22:10:31.115] Added buffer back to pool.
[DBG@22:10:31.375] Saving buffer 13.
[DBG@22:10:31.375] Saved 4096 bytes from buffer to file.
[DBG@22:10:31.376] Added buffer back to pool.
[DBG@22:10:31.635] Saving buffer 14.
[DBG@22:10:31.635] Saved 4096 bytes from buffer to file.
[DBG@22:10:31.636] Added buffer back to pool.
[DBG@22:10:31.885] Saving buffer 15.
[DBG@22:10:31.885] Saved 4096 bytes from buffer to file.
[DBG@22:10:31.886] Added buffer back to pool.
[DBG@22:10:32.145] Saving buffer 0.
[DBG@22:10:32.146] Saved 4096 bytes from buffer to file.
[DBG@22:10:32.146] Added buffer back to pool.
[DBG@22:10:32.395] Saving buffer 1.
[DBG@22:10:32.395] Saved 4096 bytes from buffer to file.
[DBG@22:10:32.395] Added buffer back to pool.
[DBG@22:10:32.655] Saving buffer 2.
[DBG@22:10:32.655] Saved 4096 bytes from buffer to file.
[DBG@22:10:32.655] Added buffer back to pool.
[DBG@22:10:32.915] Saving buffer 3.
[DBG@22:10:32.915] Saved 4096 bytes from buffer to file.
[DBG@22:10:32.915] Added buffer back to pool.
[DBG@22:10:33.165] Saving buffer 4.
[DBG@22:10:33.165] Saved 4096 bytes from buffer to file.
[DBG@22:10:33.165] Added buffer back to pool.
[DBG@22:10:33.425] Saving buffer 5.
[DBG@22:10:33.425] Saved 4096 bytes from buffer to file.
[DBG@22:10:33.426] Added buffer back to pool.
[DBG@22:10:33.675] Saving buffer 6.
[DBG@22:10:33.675] Saved 4096 bytes from buffer to file.
[DBG@22:10:33.675] Added buffer back to pool.
[DBG@22:10:33.935] Saving buffer 7.
[DBG@22:10:33.935] Saved 4096 bytes from buffer to file.
[DBG@22:10:33.935] Added buffer back to pool.
[DBG@22:10:34.195] Saving buffer 8.
[DBG@22:10:34.195] Saved 4096 bytes from buffer to file.
[DBG@22:10:34.195] Added buffer back to pool.
[DBG@22:10:34.445] Saving buffer 9.
[DBG@22:10:34.445] Saved 4096 bytes from buffer to file.
[DBG@22:10:34.445] Added buffer back to pool.
[DBG@22:10:34.705] Saving buffer 10.
[DBG@22:10:34.705] Saved 4096 bytes from buffer to file.
[DBG@22:10:34.705] Added buffer back to pool.
[DBG@22:10:34.955] Saving buffer 11.
[DBG@22:10:34.955] Saved 4096 bytes from buffer to file.
[DBG@22:10:34.955] Added buffer back to pool.
[DBG@22:10:35.215] Saving buffer 12.
[DBG@22:10:35.215] Saved 4096 bytes from buffer to file.
[DBG@22:10:35.215] Added buffer back to pool.
[DBG@22:10:35.475] Saving buffer 13.
[DBG@22:10:35.475] Saved 4096 bytes from buffer to file.
[DBG@22:10:35.507] Added buffer back to pool.
[DBG@22:10:35.725] Saving buffer 14.
[DBG@22:10:35.725] Saved 4096 bytes from buffer to file.
[DBG@22:10:35.725] Added buffer back to pool.
[DBG@22:10:35.985] Saving buffer 15.
[DBG@22:10:35.985] Saved 4096 bytes from buffer to file.
[DBG@22:10:35.985] Added buffer back to pool.
[DBG@22:10:36.235] Saving buffer 0.
[DBG@22:10:36.236] Saved 4096 bytes from buffer to file.
[DBG@22:10:36.236] Added buffer back to pool.
[DBG@22:10:36.495] Saving buffer 1.
[DBG@22:10:36.495] Saved 4096 bytes from buffer to file.
[DBG@22:10:36.495] Added buffer back to pool.
[DBG@22:10:36.755] Saving buffer 2.
[DBG@22:10:36.755] Saved 4096 bytes from buffer to file.
[DBG@22:10:36.755] Added buffer back to pool.
[DBG@22:10:37.005] Saving buffer 3.
[DBG@22:10:37.005] Saved 4096 bytes from buffer to file.
[DBG@22:10:37.005] Added buffer back to pool.
[DBG@22:10:37.265] Saving buffer 4.
[DBG@22:10:37.265] Saved 4096 bytes from buffer to file.
[DBG@22:10:37.265] Added buffer back to pool.
[DBG@22:10:37.515] Saving buffer 5.
[DBG@22:10:37.515] Saved 4096 bytes from buffer to file.
[DBG@22:10:37.515] Added buffer back to pool.
[DBG@22:10:37.775] Saving buffer 6.
[DBG@22:10:37.775] Saved 4096 bytes from buffer to file.
[DBG@22:10:37.775] Added buffer back to pool.
[DBG@22:10:38.035] Saving buffer 7.
[DBG@22:10:38.035] Saved 4096 bytes from buffer to file.
[DBG@22:10:38.035] Added buffer back to pool.
[DBG@22:10:38.285] Saving buffer 8.
[DBG@22:10:38.285] Saved 4096 bytes from buffer to file.
[DBG@22:10:38.285] Added buffer back to pool.
[DBG@22:10:38.545] Saving buffer 9.
[DBG@22:10:38.545] Saved 4096 bytes from buffer to file.
[DBG@22:10:38.545] Added buffer back to pool.
[DBG@22:10:38.795] Saving buffer 10.
[DBG@22:10:38.795] Saved 4096 bytes from buffer to file.
[DBG@22:10:38.795] Added buffer back to pool.
[DBG@22:10:39.055] Saving buffer 11.
[DBG@22:10:39.055] Saved 4096 bytes from buffer to file.
[DBG@22:10:39.055] Added buffer back to pool.
[DBG@22:10:39.315] Saving buffer 12.
[DBG@22:10:39.315] Saved 4096 bytes from buffer to file.
[DBG@22:10:39.315] Added buffer back to pool.
[DBG@22:10:39.565] Saving buffer 13.
[DBG@22:10:39.565] Saved 4096 bytes from buffer to file.
[DBG@22:10:39.565] Added buffer back to pool.
[DBG@22:10:39.825] Saving buffer 14.
[DBG@22:10:39.825] Saved 4096 bytes from buffer to file.
[DBG@22:10:39.825] Added buffer back to pool.
[DBG@22:10:40.075] Saving buffer 15.
[DBG@22:10:40.075] Saved 4096 bytes from buffer to file.
[DBG@22:10:40.075] Added buffer back to pool.
[DBG@22:10:40.335] Saving buffer 0.
[DBG@22:10:40.335] Saved 4096 bytes from buffer to file.
[DBG@22:10:40.335] Added buffer back to pool.
[DBG@22:10:40.595] Saving buffer 1.
[DBG@22:10:40.595] Saved 4096 bytes from buffer to file.
[DBG@22:10:40.595] Added buffer back to pool.
[DBG@22:10:40.845] Saving buffer 2.
[DBG@22:10:40.845] Saved 4096 bytes from buffer to file.
[DBG@22:10:40.845] Added buffer back to pool.
[DBG@22:10:41.105] Saving buffer 3.
[DBG@22:10:41.105] Saved 4096 bytes from buffer to file.
[DBG@22:10:41.105] Added buffer back to pool.
[DBG@22:10:41.355] Saving buffer 4.
[DBG@22:10:41.355] Saved 4096 bytes from buffer to file.
[DBG@22:10:41.355] Added buffer back to pool.
[DBG@22:10:41.614] Saving buffer 5.
[DBG@22:10:41.615] Saved 4096 bytes from buffer to file.
[DBG@22:10:41.615] Added buffer back to pool.
[DBG@22:10:41.874] Saving buffer 6.
[DBG@22:10:41.875] Saved 4096 bytes from buffer to file.
[DBG@22:10:41.875] Added buffer back to pool.
[DBG@22:10:42.125] Saving buffer 7.
[DBG@22:10:42.125] Saved 4096 bytes from buffer to file.
[DBG@22:10:42.125] Added buffer back to pool.
[DBG@22:10:42.384] Saving buffer 8.
[DBG@22:10:42.385] Saved 4096 bytes from buffer to file.
[DBG@22:10:42.385] Added buffer back to pool.
[DBG@22:10:42.634] Saving buffer 9.
[DBG@22:10:42.635] Saved 4096 bytes from buffer to file.
[DBG@22:10:42.635] Added buffer back to pool.
[DBG@22:10:42.894] Saving buffer 10.
[DBG@22:10:42.895] Saved 4096 bytes from buffer to file.
[DBG@22:10:42.895] Added buffer back to pool.
[DBG@22:10:43.154] Saving buffer 11.
[DBG@22:10:43.155] Saved 4096 bytes from buffer to file.
[DBG@22:10:43.155] Added buffer back to pool.
[DBG@22:10:43.404] Saving buffer 12.
[DBG@22:10:43.405] Saved 4096 bytes from buffer to file.
[DBG@22:10:43.405] Added buffer back to pool.
[DBG@22:10:43.664] Saving buffer 13.
[DBG@22:10:43.665] Saved 4096 bytes from buffer to file.
[DBG@22:10:43.665] Added buffer back to pool.
[DBG@22:10:43.914] Saving buffer 14.
[DBG@22:10:43.915] Saved 4096 bytes from buffer to file.
[DBG@22:10:43.915] Added buffer back to pool.
[DBG@22:10:44.174] Saving buffer 15.
[DBG@22:10:44.175] Saved 4096 bytes from buffer to file.
[DBG@22:10:44.175] Added buffer back to pool.
[DBG@22:10:44.434] Saving buffer 0.
[DBG@22:10:44.435] Saved 4096 bytes from buffer to file.
[DBG@22:10:44.435] Added buffer back to pool.
[DBG@22:10:44.684] Saving buffer 1.
[DBG@22:10:44.684] Saved 4096 bytes from buffer to file.
[DBG@22:10:44.685] Added buffer back to pool.
[DBG@22:10:44.944] Saving buffer 2.
[DBG@22:10:44.944] Saved 4096 bytes from buffer to file.
[DBG@22:10:44.945] Added buffer back to pool.
[DBG@22:10:45.194] Saving buffer 3.
[DBG@22:10:45.194] Saved 4096 bytes from buffer to file.
[DBG@22:10:45.195] Added buffer back to pool.
[DBG@22:10:45.454] Saving buffer 4.
[DBG@22:10:45.454] Saved 4096 bytes from buffer to file.
[DBG@22:10:45.455] Added buffer back to pool.
[DBG@22:10:45.714] Saving buffer 5.
[DBG@22:10:45.714] Saved 4096 bytes from buffer to file.
[DBG@22:10:45.715] Added buffer back to pool.
[DBG@22:10:45.964] Saving buffer 6.
[DBG@22:10:45.964] Saved 4096 bytes from buffer to file.
[DBG@22:10:45.965] Added buffer back to pool.
[DBG@22:10:46.224] Saving buffer 7.
[DBG@22:10:46.224] Saved 4096 bytes from buffer to file.
[DBG@22:10:46.225] Added buffer back to pool.
[DBG@22:10:46.474] Saving buffer 8.
[DBG@22:10:46.474] Saved 4096 bytes from buffer to file.
[DBG@22:10:46.475] Added buffer back to pool.
[DBG@22:10:46.734] Saving buffer 9.
[DBG@22:10:46.734] Saved 4096 bytes from buffer to file.
[DBG@22:10:46.735] Added buffer back to pool.
[DBG@22:10:46.994] Saving buffer 10.
[DBG@22:10:46.994] Saved 4096 bytes from buffer to file.
[DBG@22:10:46.995] Added buffer back to pool.
[DBG@22:10:47.244] Saving buffer 11.
[DBG@22:10:47.244] Saved 4096 bytes from buffer to file.
[DBG@22:10:47.244] Added buffer back to pool.
[DBG@22:10:47.504] Saving buffer 12.
[DBG@22:10:47.504] Saved 4096 bytes from buffer to file.
[DBG@22:10:47.505] Added buffer back to pool.
[DBG@22:10:47.754] Saving buffer 13.
[DBG@22:10:47.754] Saved 4096 bytes from buffer to file.
[DBG@22:10:47.754] Added buffer back to pool.
[DBG@22:10:48.014] Saving buffer 14.
[DBG@22:10:48.014] Saved 4096 bytes from buffer to file.
[DBG@22:10:48.014] Added buffer back to pool.
[DBG@22:10:48.274] Saving buffer 15.
[DBG@22:10:48.274] Saved 4096 bytes from buffer to file.
[DBG@22:10:48.274] Added buffer back to pool.
[DBG@22:10:48.524] Saving buffer 0.
[DBG@22:10:48.525] Saved 4096 bytes from buffer to file.
[DBG@22:10:48.525] Added buffer back to pool.
[DBG@22:10:48.784] Saving buffer 1.
[DBG@22:10:48.784] Saved 4096 bytes from buffer to file.
[DBG@22:10:48.784] Added buffer back to pool.
[DBG@22:10:49.034] Saving buffer 2.
[DBG@22:10:49.034] Saved 4096 bytes from buffer to file.
[DBG@22:10:49.034] Added buffer back to pool.
[DBG@22:10:49.294] Saving buffer 3.
[DBG@22:10:49.294] Saved 4096 bytes from buffer to file.
[DBG@22:10:49.294] Added buffer back to pool.
[DBG@22:10:49.554] Saving buffer 4.
[DBG@22:10:49.554] Saved 4096 bytes from buffer to file.
[DBG@22:10:49.554] Added buffer back to pool.
[DBG@22:10:49.804] Saving buffer 5.
[DBG@22:10:49.804] Saved 4096 bytes from buffer to file.
[DBG@22:10:49.804] Added buffer back to pool.
[DBG@22:10:50.064] Saving buffer 6.
[DBG@22:10:50.064] Saved 4096 bytes from buffer to file.
[DBG@22:10:50.064] Added buffer back to pool.
[DBG@22:10:50.314] Saving buffer 7.
[DBG@22:10:50.314] Saved 4096 bytes from buffer to file.
[DBG@22:10:50.314] Added buffer back to pool.
[DBG@22:10:50.574] Saving buffer 8.
[DBG@22:10:50.574] Saved 4096 bytes from buffer to file.
[DBG@22:10:50.574] Added buffer back to pool.
[DBG@22:10:50.834] Saving buffer 9.
[DBG@22:10:50.834] Saved 4096 bytes from buffer to file.
[DBG@22:10:50.834] Added buffer back to pool.
[DBG@22:10:51.084] Saving buffer 10.
[DBG@22:10:51.084] Saved 4096 bytes from buffer to file.
[DBG@22:10:51.084] Added buffer back to pool.
[DBG@22:10:51.344] Saving buffer 11.
[DBG@22:10:51.344] Saved 4096 bytes from buffer to file.
[DBG@22:10:51.344] Added buffer back to pool.
[DBG@22:10:51.594] Saving buffer 12.
[DBG@22:10:51.594] Saved 4096 bytes from buffer to file.
[DBG@22:10:51.594] Added buffer back to pool.
[DBG@22:10:51.854] Saving buffer 13.
[DBG@22:10:51.854] Saved 4096 bytes from buffer to file.
[DBG@22:10:51.854] Added buffer back to pool.
[DBG@22:10:52.114] Saving buffer 14.
[DBG@22:10:52.114] Saved 4096 bytes from buffer to file.
[DBG@22:10:52.114] Added buffer back to pool.
[DBG@22:10:52.364] Saving buffer 15.
[DBG@22:10:52.364] Saved 4096 bytes from buffer to file.
[DBG@22:10:52.364] Added buffer back to pool.
[DBG@22:10:52.624] Saving buffer 0.
[DBG@22:10:52.625] Saved 4096 bytes from buffer to file.
[DBG@22:10:52.625] Added buffer back to pool.
[DBG@22:10:52.874] Saving buffer 1.
[DBG@22:10:52.874] Saved 4096 bytes from buffer to file.
[DBG@22:10:52.874] Added buffer back to pool.
[DBG@22:10:53.134] Saving buffer 2.
[DBG@22:10:53.134] Saved 4096 bytes from buffer to file.
[DBG@22:10:53.134] Added buffer back to pool.
[DBG@22:10:53.394] Saving buffer 3.
[DBG@22:10:53.395] Saved 4096 bytes from buffer to file.
[DBG@22:10:53.395] Added buffer back to pool.
[DBG@22:10:53.644] Saving buffer 4.
[DBG@22:10:53.644] Saved 4096 bytes from buffer to file.
[DBG@22:10:53.645] Added buffer back to pool.
[DBG@22:10:53.904] Saving buffer 5.
[DBG@22:10:53.904] Saved 4096 bytes from buffer to file.
[DBG@22:10:53.904] Added buffer back to pool.
[DBG@22:10:54.154] Saving buffer 6.
[DBG@22:10:54.154] Saved 4096 bytes from buffer to file.
[DBG@22:10:54.155] Added buffer back to pool.
[DBG@22:10:54.414] Saving buffer 7.
[DBG@22:10:54.414] Saved 4096 bytes from buffer to file.
[DBG@22:10:54.415] Added buffer back to pool.
[DBG@22:10:54.674] Saving buffer 8.
[DBG@22:10:54.674] Saved 4096 bytes from buffer to file.
[DBG@22:10:54.674] Added buffer back to pool.
[DBG@22:10:54.924] Saving buffer 9.
[DBG@22:10:54.924] Saved 4096 bytes from buffer to file.
[DBG@22:10:54.924] Added buffer back to pool.
[DBG@22:10:55.184] Saving buffer 10.
[DBG@22:10:55.184] Saved 4096 bytes from buffer to file.
[DBG@22:10:55.184] Added buffer back to pool.
[DBG@22:10:55.434] Saving buffer 11.
[DBG@22:10:55.434] Saved 4096 bytes from buffer to file.
[DBG@22:10:55.434] Added buffer back to pool.
[DBG@22:10:55.694] Saving buffer 12.
[DBG@22:10:55.694] Saved 4096 bytes from buffer to file.
[DBG@22:10:55.694] Added buffer back to pool.
[DBG@22:10:55.954] Saving buffer 13.
[DBG@22:10:55.954] Saved 4096 bytes from buffer to file.
[DBG@22:10:55.954] Added buffer back to pool.
[DBG@22:10:56.204] Saving buffer 14.
[DBG@22:10:56.204] Saved 4096 bytes from buffer to file.
[DBG@22:10:56.204] Added buffer back to pool.
[DBG@22:10:56.464] Saving buffer 15.
[DBG@22:10:56.464] Saved 4096 bytes from buffer to file.
[DBG@22:10:56.464] Added buffer back to pool.
[DBG@22:10:56.714] Saving buffer 0.
[DBG@22:10:56.714] Saved 4096 bytes from buffer to file.
[DBG@22:10:56.715] Added buffer back to pool.
[DBG@22:10:56.974] Saving buffer 1.
[DBG@22:10:56.974] Saved 4096 bytes from buffer to file.
[DBG@22:10:56.974] Added buffer back to pool.
[DBG@22:10:57.234] Saving buffer 2.
[DBG@22:10:57.234] Saved 4096 bytes from buffer to file.
[DBG@22:10:57.234] Added buffer back to pool.
[DBG@22:10:57.484] Saving buffer 3.
[DBG@22:10:57.484] Saved 4096 bytes from buffer to file.
[DBG@22:10:57.484] Added buffer back to pool.
[DBG@22:10:57.744] Saving buffer 4.
[DBG@22:10:57.744] Saved 4096 bytes from buffer to file.
[DBG@22:10:57.744] Added buffer back to pool.
[DBG@22:10:57.994] Saving buffer 5.
[DBG@22:10:57.994] Saved 4096 bytes from buffer to file.
[DBG@22:10:57.994] Added buffer back to pool.
[DBG@22:10:58.254] Saving buffer 6.
[DBG@22:10:58.254] Saved 4096 bytes from buffer to file.
[DBG@22:10:58.254] Added buffer back to pool.
[DBG@22:10:58.514] Saving buffer 7.
[DBG@22:10:58.514] Saved 4096 bytes from buffer to file.
[DBG@22:10:58.514] Added buffer back to pool.
[DBG@22:10:58.764] Saving buffer 8.
[DBG@22:10:58.764] Saved 4096 bytes from buffer to file.
[DBG@22:10:58.764] Added buffer back to pool.
[DBG@22:10:59.024] Saving buffer 9.
[DBG@22:10:59.024] Saved 4096 bytes from buffer to file.
[DBG@22:10:59.024] Added buffer back to pool.
[DBG@22:10:59.274] Saving buffer 10.
[DBG@22:10:59.274] Saved 4096 bytes from buffer to file.
[DBG@22:10:59.274] Added buffer back to pool.
[DBG@22:10:59.534] Saving buffer 11.
[DBG@22:10:59.534] Saved 4096 bytes from buffer to file.
[DBG@22:10:59.534] Added buffer back to pool.
[DBG@22:10:59.794] Saving buffer 12.
[DBG@22:10:59.794] Saved 4096 bytes from buffer to file.
[DBG@22:10:59.794] Added buffer back to pool.
[DBG@22:11:00.044] Saving buffer 13.
[DBG@22:11:00.044] Saved 4096 bytes from buffer to file.
[DBG@22:11:00.044] Added buffer back to pool.
[DBG@22:11:00.304] Saving buffer 14.
[DBG@22:11:00.304] Saved 4096 bytes from buffer to file.
[DBG@22:11:00.304] Added buffer back to pool.
[DBG@22:11:00.554] Saving buffer 15.
[DBG@22:11:00.554] Saved 4096 bytes from buffer to file.
[DBG@22:11:00.554] Added buffer back to pool.
[DBG@22:11:00.814] Saving buffer 0.
[DBG@22:11:00.814] Saved 4096 bytes from buffer to file.
[DBG@22:11:00.814] Added buffer back to pool.
[DBG@22:11:01.074] Saving buffer 1.
[DBG@22:11:01.074] Saved 4096 bytes from buffer to file.
[DBG@22:11:01.074] Added buffer back to pool.
[DBG@22:11:01.324] Saving buffer 2.
[DBG@22:11:01.324] Saved 4096 bytes from buffer to file.
[DBG@22:11:01.324] Added buffer back to pool.
[DBG@22:11:01.584] Saving buffer 3.
[DBG@22:11:01.584] Saved 4096 bytes from buffer to file.
[DBG@22:11:01.584] Added buffer back to pool.
[DBG@22:11:01.834] Saving buffer 4.
[DBG@22:11:01.834] Saved 4096 bytes from buffer to file.
[DBG@22:11:01.834] Added buffer back to pool.
[DBG@22:11:02.094] Saving buffer 5.
[DBG@22:11:02.094] Saved 4096 bytes from buffer to file.
[DBG@22:11:02.094] Added buffer back to pool.
[DBG@22:11:02.354] Saving buffer 6.
[DBG@22:11:02.354] Saved 4096 bytes from buffer to file.
[DBG@22:11:02.354] Added buffer back to pool.
[DBG@22:11:02.604] Saving buffer 7.
[DBG@22:11:02.604] Saved 4096 bytes from buffer to file.
[DBG@22:11:02.604] Added buffer back to pool.
[DBG@22:11:02.864] Saving buffer 8.
[DBG@22:11:02.864] Saved 4096 bytes from buffer to file.
[DBG@22:11:02.864] Added buffer back to pool.
[DBG@22:11:03.114] Saving buffer 9.
[DBG@22:11:03.114] Saved 4096 bytes from buffer to file.
[DBG@22:11:03.114] Added buffer back to pool.
[DBG@22:11:03.374] Saving buffer 10.
[DBG@22:11:03.374] Saved 4096 bytes from buffer to file.
[DBG@22:11:03.374] Added buffer back to pool.
[DBG@22:11:03.634] Saving buffer 11.
[DBG@22:11:03.634] Saved 4096 bytes from buffer to file.
[DBG@22:11:03.634] Added buffer back to pool.
[DBG@22:11:03.884] Saving buffer 12.
[DBG@22:11:03.884] Saved 4096 bytes from buffer to file.
[DBG@22:11:03.884] Added buffer back to pool.
[DBG@22:11:04.144] Saving buffer 13.
[DBG@22:11:04.144] Saved 4096 bytes from buffer to file.
[DBG@22:11:04.144] Added buffer back to pool.
[DBG@22:11:04.394] Saving buffer 14.
[DBG@22:11:04.394] Saved 4096 bytes from buffer to file.
[DBG@22:11:04.394] Added buffer back to pool.
[DBG@22:11:04.654] Saving buffer 15.
[DBG@22:11:04.654] Saved 4096 bytes from buffer to file.
[DBG@22:11:04.654] Added buffer back to pool.
[DBG@22:11:04.914] Saving buffer 0.
[DBG@22:11:04.914] Saved 4096 bytes from buffer to file.
[DBG@22:11:04.915] Added buffer back to pool.
[DBG@22:11:05.164] Saving buffer 1.
[DBG@22:11:05.164] Saved 4096 bytes from buffer to file.
[DBG@22:11:05.164] Added buffer back to pool.
[DBG@22:11:05.424] Saving buffer 2.
[DBG@22:11:05.424] Saved 4096 bytes from buffer to file.
[DBG@22:11:05.424] Added buffer back to pool.
[DBG@22:11:05.673] Saving buffer 3.
[DBG@22:11:05.674] Saved 4096 bytes from buffer to file.
[DBG@22:11:05.674] Added buffer back to pool.
[DBG@22:11:05.933] Saving buffer 4.
[DBG@22:11:05.934] Saved 4096 bytes from buffer to file.
[DBG@22:11:05.934] Added buffer back to pool.
[DBG@22:11:06.193] Saving buffer 5.
[DBG@22:11:06.194] Saved 4096 bytes from buffer to file.
[DBG@22:11:06.194] Added buffer back to pool.
[DBG@22:11:06.443] Saving buffer 6.
[DBG@22:11:06.444] Saved 4096 bytes from buffer to file.
[DBG@22:11:06.444] Added buffer back to pool.
[DBG@22:11:06.703] Saving buffer 7.
[DBG@22:11:06.704] Saved 4096 bytes from buffer to file.
[DBG@22:11:06.704] Added buffer back to pool.
[DBG@22:11:06.953] Saving buffer 8.
[DBG@22:11:06.954] Saved 4096 bytes from buffer to file.
[DBG@22:11:06.954] Added buffer back to pool.
[DBG@22:11:07.213] Saving buffer 9.
[DBG@22:11:07.214] Saved 4096 bytes from buffer to file.
[DBG@22:11:07.214] Added buffer back to pool.
[DBG@22:11:07.473] Saving buffer 10.
[DBG@22:11:07.474] Saved 4096 bytes from buffer to file.
[DBG@22:11:07.474] Added buffer back to pool.
[DBG@22:11:07.723] Saving buffer 11.
[DBG@22:11:07.724] Saved 4096 bytes from buffer to file.
[DBG@22:11:07.724] Added buffer back to pool.
[DBG@22:11:07.983] Saving buffer 12.
[DBG@22:11:07.984] Saved 4096 bytes from buffer to file.
[DBG@22:11:07.984] Added buffer back to pool.
[DBG@22:11:08.233] Saving buffer 13.
[DBG@22:11:08.234] Saved 4096 bytes from buffer to file.
[DBG@22:11:08.234] Added buffer back to pool.
[DBG@22:11:08.493] Saving buffer 14.
[DBG@22:11:08.494] Saved 4096 bytes from buffer to file.
[DBG@22:11:08.494] Added buffer back to pool.
[DBG@22:11:08.753] Saving buffer 15.
[DBG@22:11:08.753] Saved 4096 bytes from buffer to file.
[DBG@22:11:08.754] Added buffer back to pool.
[DBG@22:11:09.003] Saving buffer 0.
[DBG@22:11:09.004] Saved 4096 bytes from buffer to file.
[DBG@22:11:09.004] Added buffer back to pool.
[DBG@22:11:09.263] Saving buffer 1.
[DBG@22:11:09.263] Saved 4096 bytes from buffer to file.
[DBG@22:11:09.264] Added buffer back to pool.
[DBG@22:11:09.513] Saving buffer 2.
[DBG@22:11:09.513] Saved 4096 bytes from buffer to file.
[DBG@22:11:09.514] Added buffer back to pool.
[STD@22:11:09.531] Stopping device
[DBG@22:11:09.532] Saving buffer 3.
[DBG@22:11:09.532] Saved 160 bytes from buffer to file.
[DBG@22:11:09.532] Added buffer back to pool.
[DBG@22:11:09.533] waveInReset (0)
[STD@22:11:09.533] Closing wave file
