[STD@19:30:33.328] Adding buffer 0 to pool
[STD@19:30:33.329] Adding buffer 1 to pool
[STD@19:30:33.329] Adding buffer 2 to pool
[STD@19:30:33.330] Adding buffer 3 to pool
[STD@19:30:33.330] Adding buffer 4 to pool
[STD@19:30:33.330] Adding buffer 5 to pool
[STD@19:30:33.331] Adding buffer 6 to pool
[STD@19:30:33.331] Adding buffer 7 to pool
[STD@19:30:33.331] Adding buffer 8 to pool
[STD@19:30:33.331] Adding buffer 9 to pool
[STD@19:30:33.332] Adding buffer 10 to pool
[STD@19:30:33.332] Adding buffer 11 to pool
[STD@19:30:33.332] Adding buffer 12 to pool
[STD@19:30:33.334] Adding buffer 13 to pool
[STD@19:30:33.334] Adding buffer 14 to pool
[STD@19:30:33.335] Adding buffer 15 to pool
[STD@19:30:33.335] Opening audio file ..\..\logs\LetsGoPublic\20061122\008\LetsGoPublic-20061122-008-input_and_output.raw for output
[STD@19:30:33.337] Starting device
[DBG@19:30:33.598] Saving buffer 0.
[DBG@19:30:33.600] Saved 4096 bytes from buffer to file.
[DBG@19:30:33.600] Added buffer back to pool.
[DBG@19:30:33.857] Saving buffer 1.
[DBG@19:30:33.858] Saved 4096 bytes from buffer to file.
[DBG@19:30:33.858] Added buffer back to pool.
[DBG@19:30:34.107] Saving buffer 2.
[DBG@19:30:34.108] Saved 4096 bytes from buffer to file.
[DBG@19:30:34.108] Added buffer back to pool.
[DBG@19:30:34.367] Saving buffer 3.
[DBG@19:30:34.368] Saved 4096 bytes from buffer to file.
[DBG@19:30:34.368] Added buffer back to pool.
[DBG@19:30:34.617] Saving buffer 4.
[DBG@19:30:34.618] Saved 4096 bytes from buffer to file.
[DBG@19:30:34.618] Added buffer back to pool.
[DBG@19:30:34.877] Saving buffer 5.
[DBG@19:30:34.878] Saved 4096 bytes from buffer to file.
[DBG@19:30:34.878] Added buffer back to pool.
[DBG@19:30:35.137] Saving buffer 6.
[DBG@19:30:35.137] Saved 4096 bytes from buffer to file.
[DBG@19:30:35.146] Added buffer back to pool.
[DBG@19:30:35.387] Saving buffer 7.
[DBG@19:30:35.387] Saved 4096 bytes from buffer to file.
[DBG@19:30:35.388] Added buffer back to pool.
[DBG@19:30:35.647] Saving buffer 8.
[DBG@19:30:35.647] Saved 4096 bytes from buffer to file.
[DBG@19:30:35.648] Added buffer back to pool.
[DBG@19:30:35.897] Saving buffer 9.
[DBG@19:30:35.897] Saved 4096 bytes from buffer to file.
[DBG@19:30:35.898] Added buffer back to pool.
[DBG@19:30:36.157] Saving buffer 10.
[DBG@19:30:36.157] Saved 4096 bytes from buffer to file.
[DBG@19:30:36.158] Added buffer back to pool.
[DBG@19:30:36.417] Saving buffer 11.
[DBG@19:30:36.417] Saved 4096 bytes from buffer to file.
[DBG@19:30:36.418] Added buffer back to pool.
[DBG@19:30:36.667] Saving buffer 12.
[DBG@19:30:36.667] Saved 4096 bytes from buffer to file.
[DBG@19:30:36.668] Added buffer back to pool.
[DBG@19:30:36.927] Saving buffer 13.
[DBG@19:30:36.927] Saved 4096 bytes from buffer to file.
[DBG@19:30:36.928] Added buffer back to pool.
[DBG@19:30:37.177] Saving buffer 14.
[DBG@19:30:37.177] Saved 4096 bytes from buffer to file.
[DBG@19:30:37.178] Added buffer back to pool.
[DBG@19:30:37.437] Saving buffer 15.
[DBG@19:30:37.437] Saved 4096 bytes from buffer to file.
[DBG@19:30:37.438] Added buffer back to pool.
[DBG@19:30:37.697] Saving buffer 0.
[DBG@19:30:37.698] Saved 4096 bytes from buffer to file.
[DBG@19:30:37.698] Added buffer back to pool.
[DBG@19:30:37.947] Saving buffer 1.
[DBG@19:30:37.947] Saved 4096 bytes from buffer to file.
[DBG@19:30:37.947] Added buffer back to pool.
[DBG@19:30:38.207] Saving buffer 2.
[DBG@19:30:38.207] Saved 4096 bytes from buffer to file.
[DBG@19:30:38.207] Added buffer back to pool.
[DBG@19:30:38.457] Saving buffer 3.
[DBG@19:30:38.457] Saved 4096 bytes from buffer to file.
[DBG@19:30:38.457] Added buffer back to pool.
[DBG@19:30:38.717] Saving buffer 4.
[DBG@19:30:38.717] Saved 4096 bytes from buffer to file.
[DBG@19:30:38.717] Added buffer back to pool.
[DBG@19:30:38.977] Saving buffer 5.
[DBG@19:30:38.977] Saved 4096 bytes from buffer to file.
[DBG@19:30:38.977] Added buffer back to pool.
[DBG@19:30:39.227] Saving buffer 6.
[DBG@19:30:39.227] Saved 4096 bytes from buffer to file.
[DBG@19:30:39.228] Added buffer back to pool.
[DBG@19:30:39.487] Saving buffer 7.
[DBG@19:30:39.487] Saved 4096 bytes from buffer to file.
[DBG@19:30:39.487] Added buffer back to pool.
[DBG@19:30:39.737] Saving buffer 8.
[DBG@19:30:39.737] Saved 4096 bytes from buffer to file.
[DBG@19:30:39.737] Added buffer back to pool.
[DBG@19:30:39.997] Saving buffer 9.
[DBG@19:30:39.997] Saved 4096 bytes from buffer to file.
[DBG@19:30:39.997] Added buffer back to pool.
[DBG@19:30:40.257] Saving buffer 10.
[DBG@19:30:40.257] Saved 4096 bytes from buffer to file.
[DBG@19:30:40.257] Added buffer back to pool.
[DBG@19:30:40.507] Saving buffer 11.
[DBG@19:30:40.507] Saved 4096 bytes from buffer to file.
[DBG@19:30:40.507] Added buffer back to pool.
[DBG@19:30:40.767] Saving buffer 12.
[DBG@19:30:40.767] Saved 4096 bytes from buffer to file.
[DBG@19:30:40.767] Added buffer back to pool.
[DBG@19:30:41.017] Saving buffer 13.
[DBG@19:30:41.017] Saved 4096 bytes from buffer to file.
[DBG@19:30:41.017] Added buffer back to pool.
[DBG@19:30:41.277] Saving buffer 14.
[DBG@19:30:41.277] Saved 4096 bytes from buffer to file.
[DBG@19:30:41.277] Added buffer back to pool.
[DBG@19:30:41.537] Saving buffer 15.
[DBG@19:30:41.537] Saved 4096 bytes from buffer to file.
[DBG@19:30:41.537] Added buffer back to pool.
[DBG@19:30:41.787] Saving buffer 0.
[DBG@19:30:41.788] Saved 4096 bytes from buffer to file.
[DBG@19:30:41.788] Added buffer back to pool.
[DBG@19:30:42.047] Saving buffer 1.
[DBG@19:30:42.047] Saved 4096 bytes from buffer to file.
[DBG@19:30:42.047] Added buffer back to pool.
[DBG@19:30:42.297] Saving buffer 2.
[DBG@19:30:42.297] Saved 4096 bytes from buffer to file.
[DBG@19:30:42.298] Added buffer back to pool.
[DBG@19:30:42.557] Saving buffer 3.
[DBG@19:30:42.557] Saved 4096 bytes from buffer to file.
[DBG@19:30:42.557] Added buffer back to pool.
[DBG@19:30:42.817] Saving buffer 4.
[DBG@19:30:42.817] Saved 4096 bytes from buffer to file.
[DBG@19:30:42.818] Added buffer back to pool.
[DBG@19:30:43.067] Saving buffer 5.
[DBG@19:30:43.067] Saved 4096 bytes from buffer to file.
[DBG@19:30:43.068] Added buffer back to pool.
[DBG@19:30:43.327] Saving buffer 6.
[DBG@19:30:43.327] Saved 4096 bytes from buffer to file.
[DBG@19:30:43.327] Added buffer back to pool.
[DBG@19:30:43.577] Saving buffer 7.
[DBG@19:30:43.577] Saved 4096 bytes from buffer to file.
[DBG@19:30:43.578] Added buffer back to pool.
[DBG@19:30:43.837] Saving buffer 8.
[DBG@19:30:43.837] Saved 4096 bytes from buffer to file.
[DBG@19:30:43.837] Added buffer back to pool.
[DBG@19:30:44.097] Saving buffer 9.
[DBG@19:30:44.097] Saved 4096 bytes from buffer to file.
[DBG@19:30:44.097] Added buffer back to pool.
[DBG@19:30:44.347] Saving buffer 10.
[DBG@19:30:44.347] Saved 4096 bytes from buffer to file.
[DBG@19:30:44.348] Added buffer back to pool.
[DBG@19:30:44.607] Saving buffer 11.
[DBG@19:30:44.607] Saved 4096 bytes from buffer to file.
[DBG@19:30:44.607] Added buffer back to pool.
[DBG@19:30:44.857] Saving buffer 12.
[DBG@19:30:44.857] Saved 4096 bytes from buffer to file.
[DBG@19:30:44.857] Added buffer back to pool.
[DBG@19:30:45.117] Saving buffer 13.
[DBG@19:30:45.117] Saved 4096 bytes from buffer to file.
[DBG@19:30:45.117] Added buffer back to pool.
[DBG@19:30:45.377] Saving buffer 14.
[DBG@19:30:45.377] Saved 4096 bytes from buffer to file.
[DBG@19:30:45.377] Added buffer back to pool.
[DBG@19:30:45.627] Saving buffer 15.
[DBG@19:30:45.627] Saved 4096 bytes from buffer to file.
[DBG@19:30:45.627] Added buffer back to pool.
[DBG@19:30:45.887] Saving buffer 0.
[DBG@19:30:45.888] Saved 4096 bytes from buffer to file.
[DBG@19:30:45.888] Added buffer back to pool.
[DBG@19:30:46.137] Saving buffer 1.
[DBG@19:30:46.137] Saved 4096 bytes from buffer to file.
[DBG@19:30:46.137] Added buffer back to pool.
[DBG@19:30:46.397] Saving buffer 2.
[DBG@19:30:46.397] Saved 4096 bytes from buffer to file.
[DBG@19:30:46.397] Added buffer back to pool.
[DBG@19:30:46.657] Saving buffer 3.
[DBG@19:30:46.657] Saved 4096 bytes from buffer to file.
[DBG@19:30:46.657] Added buffer back to pool.
[DBG@19:30:46.907] Saving buffer 4.
[DBG@19:30:46.907] Saved 4096 bytes from buffer to file.
[DBG@19:30:46.907] Added buffer back to pool.
[DBG@19:30:47.167] Saving buffer 5.
[DBG@19:30:47.167] Saved 4096 bytes from buffer to file.
[DBG@19:30:47.167] Added buffer back to pool.
[DBG@19:30:47.417] Saving buffer 6.
[DBG@19:30:47.417] Saved 4096 bytes from buffer to file.
[DBG@19:30:47.417] Added buffer back to pool.
[DBG@19:30:47.677] Saving buffer 7.
[DBG@19:30:47.677] Saved 4096 bytes from buffer to file.
[DBG@19:30:47.677] Added buffer back to pool.
[DBG@19:30:47.937] Saving buffer 8.
[DBG@19:30:47.937] Saved 4096 bytes from buffer to file.
[DBG@19:30:47.937] Added buffer back to pool.
[DBG@19:30:48.187] Saving buffer 9.
[DBG@19:30:48.187] Saved 4096 bytes from buffer to file.
[DBG@19:30:48.187] Added buffer back to pool.
[DBG@19:30:48.447] Saving buffer 10.
[DBG@19:30:48.447] Saved 4096 bytes from buffer to file.
[DBG@19:30:48.447] Added buffer back to pool.
[DBG@19:30:48.697] Saving buffer 11.
[DBG@19:30:48.697] Saved 4096 bytes from buffer to file.
[DBG@19:30:48.697] Added buffer back to pool.
[DBG@19:30:48.957] Saving buffer 12.
[DBG@19:30:48.957] Saved 4096 bytes from buffer to file.
[DBG@19:30:48.957] Added buffer back to pool.
[DBG@19:30:49.217] Saving buffer 13.
[DBG@19:30:49.217] Saved 4096 bytes from buffer to file.
[DBG@19:30:49.217] Added buffer back to pool.
[DBG@19:30:49.467] Saving buffer 14.
[DBG@19:30:49.467] Saved 4096 bytes from buffer to file.
[DBG@19:30:49.467] Added buffer back to pool.
[DBG@19:30:49.727] Saving buffer 15.
[DBG@19:30:49.727] Saved 4096 bytes from buffer to file.
[DBG@19:30:49.727] Added buffer back to pool.
[DBG@19:30:49.977] Saving buffer 0.
[DBG@19:30:49.978] Saved 4096 bytes from buffer to file.
[DBG@19:30:49.978] Added buffer back to pool.
[DBG@19:30:50.237] Saving buffer 1.
[DBG@19:30:50.237] Saved 4096 bytes from buffer to file.
[DBG@19:30:50.237] Added buffer back to pool.
[DBG@19:30:50.497] Saving buffer 2.
[DBG@19:30:50.497] Saved 4096 bytes from buffer to file.
[DBG@19:30:50.497] Added buffer back to pool.
[DBG@19:30:50.747] Saving buffer 3.
[DBG@19:30:50.747] Saved 4096 bytes from buffer to file.
[DBG@19:30:50.747] Added buffer back to pool.
[DBG@19:30:51.007] Saving buffer 4.
[DBG@19:30:51.007] Saved 4096 bytes from buffer to file.
[DBG@19:30:51.007] Added buffer back to pool.
[DBG@19:30:51.257] Saving buffer 5.
[DBG@19:30:51.257] Saved 4096 bytes from buffer to file.
[DBG@19:30:51.257] Added buffer back to pool.
[DBG@19:30:51.517] Saving buffer 6.
[DBG@19:30:51.517] Saved 4096 bytes from buffer to file.
[DBG@19:30:51.517] Added buffer back to pool.
[DBG@19:30:51.777] Saving buffer 7.
[DBG@19:30:51.777] Saved 4096 bytes from buffer to file.
[DBG@19:30:51.777] Added buffer back to pool.
[DBG@19:30:52.027] Saving buffer 8.
[DBG@19:30:52.027] Saved 4096 bytes from buffer to file.
[DBG@19:30:52.027] Added buffer back to pool.
[DBG@19:30:52.287] Saving buffer 9.
[DBG@19:30:52.287] Saved 4096 bytes from buffer to file.
[DBG@19:30:52.287] Added buffer back to pool.
[DBG@19:30:52.537] Saving buffer 10.
[DBG@19:30:52.537] Saved 4096 bytes from buffer to file.
[DBG@19:30:52.537] Added buffer back to pool.
[DBG@19:30:52.797] Saving buffer 11.
[DBG@19:30:52.797] Saved 4096 bytes from buffer to file.
[DBG@19:30:52.797] Added buffer back to pool.
[DBG@19:30:53.057] Saving buffer 12.
[DBG@19:30:53.057] Saved 4096 bytes from buffer to file.
[DBG@19:30:53.057] Added buffer back to pool.
[DBG@19:30:53.307] Saving buffer 13.
[DBG@19:30:53.307] Saved 4096 bytes from buffer to file.
[DBG@19:30:53.307] Added buffer back to pool.
[DBG@19:30:53.567] Saving buffer 14.
[DBG@19:30:53.567] Saved 4096 bytes from buffer to file.
[DBG@19:30:53.567] Added buffer back to pool.
[DBG@19:30:53.817] Saving buffer 15.
[DBG@19:30:53.817] Saved 4096 bytes from buffer to file.
[DBG@19:30:53.817] Added buffer back to pool.
[DBG@19:30:54.077] Saving buffer 0.
[DBG@19:30:54.077] Saved 4096 bytes from buffer to file.
[DBG@19:30:54.077] Added buffer back to pool.
[DBG@19:30:54.337] Saving buffer 1.
[DBG@19:30:54.337] Saved 4096 bytes from buffer to file.
[DBG@19:30:54.337] Added buffer back to pool.
[DBG@19:30:54.587] Saving buffer 2.
[DBG@19:30:54.587] Saved 4096 bytes from buffer to file.
[DBG@19:30:54.587] Added buffer back to pool.
[DBG@19:30:54.847] Saving buffer 3.
[DBG@19:30:54.847] Saved 4096 bytes from buffer to file.
[DBG@19:30:54.847] Added buffer back to pool.
[DBG@19:30:55.097] Saving buffer 4.
[DBG@19:30:55.097] Saved 4096 bytes from buffer to file.
[DBG@19:30:55.097] Added buffer back to pool.
[DBG@19:30:55.357] Saving buffer 5.
[DBG@19:30:55.357] Saved 4096 bytes from buffer to file.
[DBG@19:30:55.357] Added buffer back to pool.
[DBG@19:30:55.617] Saving buffer 6.
[DBG@19:30:55.617] Saved 4096 bytes from buffer to file.
[DBG@19:30:55.617] Added buffer back to pool.
[DBG@19:30:55.867] Saving buffer 7.
[DBG@19:30:55.867] Saved 4096 bytes from buffer to file.
[DBG@19:30:55.867] Added buffer back to pool.
[DBG@19:30:56.127] Saving buffer 8.
[DBG@19:30:56.127] Saved 4096 bytes from buffer to file.
[DBG@19:30:56.127] Added buffer back to pool.
[DBG@19:30:56.377] Saving buffer 9.
[DBG@19:30:56.377] Saved 4096 bytes from buffer to file.
[DBG@19:30:56.377] Added buffer back to pool.
[DBG@19:30:56.637] Saving buffer 10.
[DBG@19:30:56.637] Saved 4096 bytes from buffer to file.
[DBG@19:30:56.637] Added buffer back to pool.
[DBG@19:30:56.897] Saving buffer 11.
[DBG@19:30:56.897] Saved 4096 bytes from buffer to file.
[DBG@19:30:56.897] Added buffer back to pool.
[DBG@19:30:57.146] Saving buffer 12.
[DBG@19:30:57.147] Saved 4096 bytes from buffer to file.
[DBG@19:30:57.147] Added buffer back to pool.
[DBG@19:30:57.406] Saving buffer 13.
[DBG@19:30:57.407] Saved 4096 bytes from buffer to file.
[DBG@19:30:57.407] Added buffer back to pool.
[DBG@19:30:57.656] Saving buffer 14.
[DBG@19:30:57.657] Saved 4096 bytes from buffer to file.
[DBG@19:30:57.657] Added buffer back to pool.
[DBG@19:30:57.916] Saving buffer 15.
[DBG@19:30:57.917] Saved 4096 bytes from buffer to file.
[DBG@19:30:57.917] Added buffer back to pool.
[DBG@19:30:58.176] Saving buffer 0.
[DBG@19:30:58.178] Saved 4096 bytes from buffer to file.
[DBG@19:30:58.178] Added buffer back to pool.
[DBG@19:30:58.426] Saving buffer 1.
[DBG@19:30:58.427] Saved 4096 bytes from buffer to file.
[DBG@19:30:58.427] Added buffer back to pool.
[DBG@19:30:58.686] Saving buffer 2.
[DBG@19:30:58.687] Saved 4096 bytes from buffer to file.
[DBG@19:30:58.687] Added buffer back to pool.
[DBG@19:30:58.936] Saving buffer 3.
[DBG@19:30:58.937] Saved 4096 bytes from buffer to file.
[DBG@19:30:58.937] Added buffer back to pool.
[DBG@19:30:59.196] Saving buffer 4.
[DBG@19:30:59.197] Saved 4096 bytes from buffer to file.
[DBG@19:30:59.197] Added buffer back to pool.
[DBG@19:30:59.456] Saving buffer 5.
[DBG@19:30:59.457] Saved 4096 bytes from buffer to file.
[DBG@19:30:59.457] Added buffer back to pool.
[DBG@19:30:59.706] Saving buffer 6.
[DBG@19:30:59.706] Saved 4096 bytes from buffer to file.
[DBG@19:30:59.707] Added buffer back to pool.
[DBG@19:30:59.966] Saving buffer 7.
[DBG@19:30:59.966] Saved 4096 bytes from buffer to file.
[DBG@19:30:59.967] Added buffer back to pool.
[DBG@19:31:00.216] Saving buffer 8.
[DBG@19:31:00.216] Saved 4096 bytes from buffer to file.
[DBG@19:31:00.217] Added buffer back to pool.
[DBG@19:31:00.476] Saving buffer 9.
[DBG@19:31:00.476] Saved 4096 bytes from buffer to file.
[DBG@19:31:00.477] Added buffer back to pool.
[DBG@19:31:00.736] Saving buffer 10.
[DBG@19:31:00.736] Saved 4096 bytes from buffer to file.
[DBG@19:31:00.737] Added buffer back to pool.
[DBG@19:31:00.986] Saving buffer 11.
[DBG@19:31:00.986] Saved 4096 bytes from buffer to file.
[DBG@19:31:00.987] Added buffer back to pool.
[DBG@19:31:01.246] Saving buffer 12.
[DBG@19:31:01.246] Saved 4096 bytes from buffer to file.
[DBG@19:31:01.247] Added buffer back to pool.
[DBG@19:31:01.496] Saving buffer 13.
[DBG@19:31:01.496] Saved 4096 bytes from buffer to file.
[DBG@19:31:01.497] Added buffer back to pool.
[DBG@19:31:01.756] Saving buffer 14.
[DBG@19:31:01.756] Saved 4096 bytes from buffer to file.
[DBG@19:31:01.757] Added buffer back to pool.
[DBG@19:31:02.016] Saving buffer 15.
[DBG@19:31:02.017] Saved 4096 bytes from buffer to file.
[DBG@19:31:02.017] Added buffer back to pool.
[DBG@19:31:02.266] Saving buffer 0.
[DBG@19:31:02.267] Saved 4096 bytes from buffer to file.
[DBG@19:31:02.268] Added buffer back to pool.
[DBG@19:31:02.526] Saving buffer 1.
[DBG@19:31:02.527] Saved 4096 bytes from buffer to file.
[DBG@19:31:02.527] Added buffer back to pool.
[DBG@19:31:02.776] Saving buffer 2.
[DBG@19:31:02.777] Saved 4096 bytes from buffer to file.
[DBG@19:31:02.777] Added buffer back to pool.
[DBG@19:31:03.036] Saving buffer 3.
[DBG@19:31:03.036] Saved 4096 bytes from buffer to file.
[DBG@19:31:03.037] Added buffer back to pool.
[DBG@19:31:03.296] Saving buffer 4.
[DBG@19:31:03.296] Saved 4096 bytes from buffer to file.
[DBG@19:31:03.297] Added buffer back to pool.
[DBG@19:31:03.546] Saving buffer 5.
[DBG@19:31:03.546] Saved 4096 bytes from buffer to file.
[DBG@19:31:03.547] Added buffer back to pool.
[DBG@19:31:03.806] Saving buffer 6.
[DBG@19:31:03.806] Saved 4096 bytes from buffer to file.
[DBG@19:31:03.806] Added buffer back to pool.
[DBG@19:31:04.056] Saving buffer 7.
[DBG@19:31:04.056] Saved 4096 bytes from buffer to file.
[DBG@19:31:04.056] Added buffer back to pool.
[DBG@19:31:04.316] Saving buffer 8.
[DBG@19:31:04.316] Saved 4096 bytes from buffer to file.
[DBG@19:31:04.316] Added buffer back to pool.
[DBG@19:31:04.576] Saving buffer 9.
[DBG@19:31:04.576] Saved 4096 bytes from buffer to file.
[DBG@19:31:04.576] Added buffer back to pool.
[DBG@19:31:04.826] Saving buffer 10.
[DBG@19:31:04.826] Saved 4096 bytes from buffer to file.
[DBG@19:31:04.826] Added buffer back to pool.
[DBG@19:31:05.086] Saving buffer 11.
[DBG@19:31:05.086] Saved 4096 bytes from buffer to file.
[DBG@19:31:05.086] Added buffer back to pool.
[DBG@19:31:05.336] Saving buffer 12.
[DBG@19:31:05.336] Saved 4096 bytes from buffer to file.
[DBG@19:31:05.336] Added buffer back to pool.
[DBG@19:31:05.596] Saving buffer 13.
[DBG@19:31:05.596] Saved 4096 bytes from buffer to file.
[DBG@19:31:05.596] Added buffer back to pool.
[DBG@19:31:05.856] Saving buffer 14.
[DBG@19:31:05.856] Saved 4096 bytes from buffer to file.
[DBG@19:31:05.856] Added buffer back to pool.
[DBG@19:31:06.106] Saving buffer 15.
[DBG@19:31:06.106] Saved 4096 bytes from buffer to file.
[DBG@19:31:06.106] Added buffer back to pool.
[DBG@19:31:06.366] Saving buffer 0.
[DBG@19:31:06.367] Saved 4096 bytes from buffer to file.
[DBG@19:31:06.367] Added buffer back to pool.
[DBG@19:31:06.616] Saving buffer 1.
[DBG@19:31:06.616] Saved 4096 bytes from buffer to file.
[DBG@19:31:06.616] Added buffer back to pool.
[DBG@19:31:06.876] Saving buffer 2.
[DBG@19:31:06.876] Saved 4096 bytes from buffer to file.
[DBG@19:31:06.876] Added buffer back to pool.
[DBG@19:31:07.136] Saving buffer 3.
[DBG@19:31:07.136] Saved 4096 bytes from buffer to file.
[DBG@19:31:07.137] Added buffer back to pool.
[DBG@19:31:07.386] Saving buffer 4.
[DBG@19:31:07.386] Saved 4096 bytes from buffer to file.
[DBG@19:31:07.387] Added buffer back to pool.
[DBG@19:31:07.646] Saving buffer 5.
[DBG@19:31:07.646] Saved 4096 bytes from buffer to file.
[DBG@19:31:07.646] Added buffer back to pool.
[DBG@19:31:07.896] Saving buffer 6.
[DBG@19:31:07.896] Saved 4096 bytes from buffer to file.
[DBG@19:31:07.896] Added buffer back to pool.
[DBG@19:31:08.156] Saving buffer 7.
[DBG@19:31:08.156] Saved 4096 bytes from buffer to file.
[DBG@19:31:08.157] Added buffer back to pool.
[DBG@19:31:08.416] Saving buffer 8.
[DBG@19:31:08.416] Saved 4096 bytes from buffer to file.
[DBG@19:31:08.416] Added buffer back to pool.
[DBG@19:31:08.666] Saving buffer 9.
[DBG@19:31:08.666] Saved 4096 bytes from buffer to file.
[DBG@19:31:08.666] Added buffer back to pool.
[DBG@19:31:08.926] Saving buffer 10.
[DBG@19:31:08.926] Saved 4096 bytes from buffer to file.
[DBG@19:31:08.926] Added buffer back to pool.
[DBG@19:31:09.176] Saving buffer 11.
[DBG@19:31:09.176] Saved 4096 bytes from buffer to file.
[DBG@19:31:09.176] Added buffer back to pool.
[DBG@19:31:09.436] Saving buffer 12.
[DBG@19:31:09.436] Saved 4096 bytes from buffer to file.
[DBG@19:31:09.437] Added buffer back to pool.
[DBG@19:31:09.696] Saving buffer 13.
[DBG@19:31:09.696] Saved 4096 bytes from buffer to file.
[DBG@19:31:09.696] Added buffer back to pool.
[DBG@19:31:09.946] Saving buffer 14.
[DBG@19:31:09.946] Saved 4096 bytes from buffer to file.
[DBG@19:31:09.946] Added buffer back to pool.
[DBG@19:31:10.206] Saving buffer 15.
[DBG@19:31:10.206] Saved 4096 bytes from buffer to file.
[DBG@19:31:10.206] Added buffer back to pool.
[DBG@19:31:10.456] Saving buffer 0.
[DBG@19:31:10.457] Saved 4096 bytes from buffer to file.
[DBG@19:31:10.457] Added buffer back to pool.
[DBG@19:31:10.716] Saving buffer 1.
[DBG@19:31:10.716] Saved 4096 bytes from buffer to file.
[DBG@19:31:10.716] Added buffer back to pool.
[DBG@19:31:10.976] Saving buffer 2.
[DBG@19:31:10.976] Saved 4096 bytes from buffer to file.
[DBG@19:31:10.976] Added buffer back to pool.
[DBG@19:31:11.226] Saving buffer 3.
[DBG@19:31:11.226] Saved 4096 bytes from buffer to file.
[DBG@19:31:11.226] Added buffer back to pool.
[DBG@19:31:11.486] Saving buffer 4.
[DBG@19:31:11.486] Saved 4096 bytes from buffer to file.
[DBG@19:31:11.486] Added buffer back to pool.
[DBG@19:31:11.736] Saving buffer 5.
[DBG@19:31:11.736] Saved 4096 bytes from buffer to file.
[DBG@19:31:11.736] Added buffer back to pool.
[DBG@19:31:11.996] Saving buffer 6.
[DBG@19:31:11.996] Saved 4096 bytes from buffer to file.
[DBG@19:31:11.996] Added buffer back to pool.
[DBG@19:31:12.256] Saving buffer 7.
[DBG@19:31:12.256] Saved 4096 bytes from buffer to file.
[DBG@19:31:12.256] Added buffer back to pool.
[DBG@19:31:12.506] Saving buffer 8.
[DBG@19:31:12.506] Saved 4096 bytes from buffer to file.
[DBG@19:31:12.506] Added buffer back to pool.
[DBG@19:31:12.766] Saving buffer 9.
[DBG@19:31:12.766] Saved 4096 bytes from buffer to file.
[DBG@19:31:12.766] Added buffer back to pool.
[DBG@19:31:13.016] Saving buffer 10.
[DBG@19:31:13.016] Saved 4096 bytes from buffer to file.
[DBG@19:31:13.016] Added buffer back to pool.
[DBG@19:31:13.276] Saving buffer 11.
[DBG@19:31:13.276] Saved 4096 bytes from buffer to file.
[DBG@19:31:13.276] Added buffer back to pool.
[DBG@19:31:13.536] Saving buffer 12.
[DBG@19:31:13.536] Saved 4096 bytes from buffer to file.
[DBG@19:31:13.536] Added buffer back to pool.
[DBG@19:31:13.786] Saving buffer 13.
[DBG@19:31:13.786] Saved 4096 bytes from buffer to file.
[DBG@19:31:13.786] Added buffer back to pool.
[DBG@19:31:14.046] Saving buffer 14.
[DBG@19:31:14.046] Saved 4096 bytes from buffer to file.
[DBG@19:31:14.046] Added buffer back to pool.
[DBG@19:31:14.296] Saving buffer 15.
[DBG@19:31:14.296] Saved 4096 bytes from buffer to file.
[DBG@19:31:14.296] Added buffer back to pool.
[DBG@19:31:14.556] Saving buffer 0.
[DBG@19:31:14.557] Saved 4096 bytes from buffer to file.
[DBG@19:31:14.557] Added buffer back to pool.
[DBG@19:31:14.816] Saving buffer 1.
[DBG@19:31:14.816] Saved 4096 bytes from buffer to file.
[DBG@19:31:14.816] Added buffer back to pool.
[DBG@19:31:15.066] Saving buffer 2.
[DBG@19:31:15.066] Saved 4096 bytes from buffer to file.
[DBG@19:31:15.066] Added buffer back to pool.
[DBG@19:31:15.326] Saving buffer 3.
[DBG@19:31:15.326] Saved 4096 bytes from buffer to file.
[DBG@19:31:15.326] Added buffer back to pool.
[DBG@19:31:15.576] Saving buffer 4.
[DBG@19:31:15.576] Saved 4096 bytes from buffer to file.
[DBG@19:31:15.576] Added buffer back to pool.
[DBG@19:31:15.836] Saving buffer 5.
[DBG@19:31:15.836] Saved 4096 bytes from buffer to file.
[DBG@19:31:15.836] Added buffer back to pool.
[DBG@19:31:16.096] Saving buffer 6.
[DBG@19:31:16.096] Saved 4096 bytes from buffer to file.
[DBG@19:31:16.096] Added buffer back to pool.
[DBG@19:31:16.346] Saving buffer 7.
[DBG@19:31:16.346] Saved 4096 bytes from buffer to file.
[DBG@19:31:16.346] Added buffer back to pool.
[DBG@19:31:16.606] Saving buffer 8.
[DBG@19:31:16.606] Saved 4096 bytes from buffer to file.
[DBG@19:31:16.606] Added buffer back to pool.
[DBG@19:31:16.856] Saving buffer 9.
[DBG@19:31:16.856] Saved 4096 bytes from buffer to file.
[DBG@19:31:16.856] Added buffer back to pool.
[DBG@19:31:17.116] Saving buffer 10.
[DBG@19:31:17.116] Saved 4096 bytes from buffer to file.
[DBG@19:31:17.116] Added buffer back to pool.
[DBG@19:31:17.376] Saving buffer 11.
[DBG@19:31:17.376] Saved 4096 bytes from buffer to file.
[DBG@19:31:17.376] Added buffer back to pool.
[DBG@19:31:17.626] Saving buffer 12.
[DBG@19:31:17.626] Saved 4096 bytes from buffer to file.
[DBG@19:31:17.626] Added buffer back to pool.
[DBG@19:31:17.886] Saving buffer 13.
[DBG@19:31:17.886] Saved 4096 bytes from buffer to file.
[DBG@19:31:17.886] Added buffer back to pool.
[DBG@19:31:18.136] Saving buffer 14.
[DBG@19:31:18.136] Saved 4096 bytes from buffer to file.
[DBG@19:31:18.136] Added buffer back to pool.
[DBG@19:31:18.396] Saving buffer 15.
[DBG@19:31:18.396] Saved 4096 bytes from buffer to file.
[DBG@19:31:18.396] Added buffer back to pool.
[DBG@19:31:18.656] Saving buffer 0.
[DBG@19:31:18.656] Saved 4096 bytes from buffer to file.
[DBG@19:31:18.656] Added buffer back to pool.
[DBG@19:31:18.906] Saving buffer 1.
[DBG@19:31:18.906] Saved 4096 bytes from buffer to file.
[DBG@19:31:18.906] Added buffer back to pool.
[DBG@19:31:19.166] Saving buffer 2.
[DBG@19:31:19.166] Saved 4096 bytes from buffer to file.
[DBG@19:31:19.166] Added buffer back to pool.
[DBG@19:31:19.416] Saving buffer 3.
[DBG@19:31:19.416] Saved 4096 bytes from buffer to file.
[DBG@19:31:19.416] Added buffer back to pool.
[DBG@19:31:19.676] Saving buffer 4.
[DBG@19:31:19.676] Saved 4096 bytes from buffer to file.
[DBG@19:31:19.676] Added buffer back to pool.
[DBG@19:31:19.936] Saving buffer 5.
[DBG@19:31:19.936] Saved 4096 bytes from buffer to file.
[DBG@19:31:19.936] Added buffer back to pool.
[DBG@19:31:20.186] Saving buffer 6.
[DBG@19:31:20.186] Saved 4096 bytes from buffer to file.
[DBG@19:31:20.186] Added buffer back to pool.
[DBG@19:31:20.446] Saving buffer 7.
[DBG@19:31:20.446] Saved 4096 bytes from buffer to file.
[DBG@19:31:20.447] Added buffer back to pool.
[DBG@19:31:20.696] Saving buffer 8.
[DBG@19:31:20.696] Saved 4096 bytes from buffer to file.
[DBG@19:31:20.696] Added buffer back to pool.
[DBG@19:31:20.955] Saving buffer 9.
[DBG@19:31:20.956] Saved 4096 bytes from buffer to file.
[DBG@19:31:20.956] Added buffer back to pool.
[DBG@19:31:21.215] Saving buffer 10.
[DBG@19:31:21.216] Saved 4096 bytes from buffer to file.
[DBG@19:31:21.216] Added buffer back to pool.
[DBG@19:31:21.465] Saving buffer 11.
[DBG@19:31:21.466] Saved 4096 bytes from buffer to file.
[DBG@19:31:21.466] Added buffer back to pool.
[DBG@19:31:21.725] Saving buffer 12.
[DBG@19:31:21.726] Saved 4096 bytes from buffer to file.
[DBG@19:31:21.726] Added buffer back to pool.
[DBG@19:31:21.975] Saving buffer 13.
[DBG@19:31:21.976] Saved 4096 bytes from buffer to file.
[DBG@19:31:21.976] Added buffer back to pool.
[DBG@19:31:22.235] Saving buffer 14.
[DBG@19:31:22.236] Saved 4096 bytes from buffer to file.
[DBG@19:31:22.236] Added buffer back to pool.
[DBG@19:31:22.495] Saving buffer 15.
[DBG@19:31:22.496] Saved 4096 bytes from buffer to file.
[DBG@19:31:22.496] Added buffer back to pool.
[DBG@19:31:22.745] Saving buffer 0.
[DBG@19:31:22.746] Saved 4096 bytes from buffer to file.
[DBG@19:31:22.747] Added buffer back to pool.
[DBG@19:31:23.005] Saving buffer 1.
[DBG@19:31:23.006] Saved 4096 bytes from buffer to file.
[DBG@19:31:23.006] Added buffer back to pool.
[DBG@19:31:23.255] Saving buffer 2.
[DBG@19:31:23.256] Saved 4096 bytes from buffer to file.
[DBG@19:31:23.256] Added buffer back to pool.
[DBG@19:31:23.515] Saving buffer 3.
[DBG@19:31:23.516] Saved 4096 bytes from buffer to file.
[DBG@19:31:23.516] Added buffer back to pool.
[DBG@19:31:23.775] Saving buffer 4.
[DBG@19:31:23.776] Saved 4096 bytes from buffer to file.
[DBG@19:31:23.776] Added buffer back to pool.
[DBG@19:31:24.025] Saving buffer 5.
[DBG@19:31:24.026] Saved 4096 bytes from buffer to file.
[DBG@19:31:24.026] Added buffer back to pool.
[DBG@19:31:24.285] Saving buffer 6.
[DBG@19:31:24.286] Saved 4096 bytes from buffer to file.
[DBG@19:31:24.286] Added buffer back to pool.
[DBG@19:31:24.535] Saving buffer 7.
[DBG@19:31:24.536] Saved 4096 bytes from buffer to file.
[DBG@19:31:24.536] Added buffer back to pool.
[DBG@19:31:24.795] Saving buffer 8.
[DBG@19:31:24.795] Saved 4096 bytes from buffer to file.
[DBG@19:31:24.796] Added buffer back to pool.
[DBG@19:31:25.055] Saving buffer 9.
[DBG@19:31:25.055] Saved 4096 bytes from buffer to file.
[DBG@19:31:25.056] Added buffer back to pool.
[DBG@19:31:25.305] Saving buffer 10.
[DBG@19:31:25.306] Saved 4096 bytes from buffer to file.
[DBG@19:31:25.306] Added buffer back to pool.
[DBG@19:31:25.565] Saving buffer 11.
[DBG@19:31:25.566] Saved 4096 bytes from buffer to file.
[DBG@19:31:25.566] Added buffer back to pool.
[DBG@19:31:25.815] Saving buffer 12.
[DBG@19:31:25.815] Saved 4096 bytes from buffer to file.
[DBG@19:31:25.816] Added buffer back to pool.
[DBG@19:31:26.075] Saving buffer 13.
[DBG@19:31:26.076] Saved 4096 bytes from buffer to file.
[DBG@19:31:26.076] Added buffer back to pool.
[DBG@19:31:26.335] Saving buffer 14.
[DBG@19:31:26.335] Saved 4096 bytes from buffer to file.
[DBG@19:31:26.336] Added buffer back to pool.
[DBG@19:31:26.585] Saving buffer 15.
[DBG@19:31:26.585] Saved 4096 bytes from buffer to file.
[DBG@19:31:26.586] Added buffer back to pool.
[DBG@19:31:26.845] Saving buffer 0.
[DBG@19:31:26.847] Saved 4096 bytes from buffer to file.
[DBG@19:31:26.847] Added buffer back to pool.
[DBG@19:31:27.095] Saving buffer 1.
[DBG@19:31:27.095] Saved 4096 bytes from buffer to file.
[DBG@19:31:27.095] Added buffer back to pool.
[DBG@19:31:27.355] Saving buffer 2.
[DBG@19:31:27.355] Saved 4096 bytes from buffer to file.
[DBG@19:31:27.356] Added buffer back to pool.
[DBG@19:31:27.615] Saving buffer 3.
[DBG@19:31:27.615] Saved 4096 bytes from buffer to file.
[DBG@19:31:27.616] Added buffer back to pool.
[DBG@19:31:27.865] Saving buffer 4.
[DBG@19:31:27.865] Saved 4096 bytes from buffer to file.
[DBG@19:31:27.865] Added buffer back to pool.
[DBG@19:31:28.125] Saving buffer 5.
[DBG@19:31:28.125] Saved 4096 bytes from buffer to file.
[DBG@19:31:28.125] Added buffer back to pool.
[DBG@19:31:28.375] Saving buffer 6.
[DBG@19:31:28.375] Saved 4096 bytes from buffer to file.
[DBG@19:31:28.375] Added buffer back to pool.
[DBG@19:31:28.635] Saving buffer 7.
[DBG@19:31:28.635] Saved 4096 bytes from buffer to file.
[DBG@19:31:28.635] Added buffer back to pool.
[DBG@19:31:28.895] Saving buffer 8.
[DBG@19:31:28.895] Saved 4096 bytes from buffer to file.
[DBG@19:31:28.896] Added buffer back to pool.
[DBG@19:31:29.145] Saving buffer 9.
[DBG@19:31:29.145] Saved 4096 bytes from buffer to file.
[DBG@19:31:29.145] Added buffer back to pool.
[DBG@19:31:29.405] Saving buffer 10.
[DBG@19:31:29.405] Saved 4096 bytes from buffer to file.
[DBG@19:31:29.405] Added buffer back to pool.
[DBG@19:31:29.655] Saving buffer 11.
[DBG@19:31:29.655] Saved 4096 bytes from buffer to file.
[DBG@19:31:29.655] Added buffer back to pool.
[DBG@19:31:29.915] Saving buffer 12.
[DBG@19:31:29.915] Saved 4096 bytes from buffer to file.
[DBG@19:31:29.915] Added buffer back to pool.
[DBG@19:31:30.175] Saving buffer 13.
[DBG@19:31:30.175] Saved 4096 bytes from buffer to file.
[DBG@19:31:30.175] Added buffer back to pool.
[DBG@19:31:30.425] Saving buffer 14.
[DBG@19:31:30.425] Saved 4096 bytes from buffer to file.
[DBG@19:31:30.425] Added buffer back to pool.
[DBG@19:31:30.685] Saving buffer 15.
[DBG@19:31:30.685] Saved 4096 bytes from buffer to file.
[DBG@19:31:30.685] Added buffer back to pool.
[DBG@19:31:30.935] Saving buffer 0.
[DBG@19:31:30.936] Saved 4096 bytes from buffer to file.
[DBG@19:31:30.936] Added buffer back to pool.
[DBG@19:31:31.195] Saving buffer 1.
[DBG@19:31:31.195] Saved 4096 bytes from buffer to file.
[DBG@19:31:31.195] Added buffer back to pool.
[DBG@19:31:31.455] Saving buffer 2.
[DBG@19:31:31.455] Saved 4096 bytes from buffer to file.
[DBG@19:31:31.455] Added buffer back to pool.
[DBG@19:31:31.705] Saving buffer 3.
[DBG@19:31:31.706] Saved 4096 bytes from buffer to file.
[DBG@19:31:31.706] Added buffer back to pool.
[DBG@19:31:31.965] Saving buffer 4.
[DBG@19:31:31.965] Saved 4096 bytes from buffer to file.
[DBG@19:31:31.965] Added buffer back to pool.
[DBG@19:31:32.215] Saving buffer 5.
[DBG@19:31:32.215] Saved 4096 bytes from buffer to file.
[DBG@19:31:32.216] Added buffer back to pool.
[DBG@19:31:32.475] Saving buffer 6.
[DBG@19:31:32.475] Saved 4096 bytes from buffer to file.
[DBG@19:31:32.476] Added buffer back to pool.
[DBG@19:31:32.735] Saving buffer 7.
[DBG@19:31:32.735] Saved 4096 bytes from buffer to file.
[DBG@19:31:32.737] Added buffer back to pool.
[DBG@19:31:32.985] Saving buffer 8.
[DBG@19:31:32.985] Saved 4096 bytes from buffer to file.
[DBG@19:31:32.985] Added buffer back to pool.
[DBG@19:31:33.245] Saving buffer 9.
[DBG@19:31:33.245] Saved 4096 bytes from buffer to file.
[DBG@19:31:33.245] Added buffer back to pool.
[DBG@19:31:33.495] Saving buffer 10.
[DBG@19:31:33.495] Saved 4096 bytes from buffer to file.
[DBG@19:31:33.495] Added buffer back to pool.
[DBG@19:31:33.755] Saving buffer 11.
[DBG@19:31:33.755] Saved 4096 bytes from buffer to file.
[DBG@19:31:33.755] Added buffer back to pool.
[DBG@19:31:34.015] Saving buffer 12.
[DBG@19:31:34.015] Saved 4096 bytes from buffer to file.
[DBG@19:31:34.015] Added buffer back to pool.
[DBG@19:31:34.265] Saving buffer 13.
[DBG@19:31:34.265] Saved 4096 bytes from buffer to file.
[DBG@19:31:34.265] Added buffer back to pool.
[DBG@19:31:34.525] Saving buffer 14.
[DBG@19:31:34.525] Saved 4096 bytes from buffer to file.
[DBG@19:31:34.525] Added buffer back to pool.
[DBG@19:31:34.775] Saving buffer 15.
[DBG@19:31:34.775] Saved 4096 bytes from buffer to file.
[DBG@19:31:34.775] Added buffer back to pool.
[DBG@19:31:35.035] Saving buffer 0.
[DBG@19:31:35.036] Saved 4096 bytes from buffer to file.
[DBG@19:31:35.036] Added buffer back to pool.
[DBG@19:31:35.295] Saving buffer 1.
[DBG@19:31:35.295] Saved 4096 bytes from buffer to file.
[DBG@19:31:35.295] Added buffer back to pool.
[DBG@19:31:35.545] Saving buffer 2.
[DBG@19:31:35.545] Saved 4096 bytes from buffer to file.
[DBG@19:31:35.545] Added buffer back to pool.
[DBG@19:31:35.805] Saving buffer 3.
[DBG@19:31:35.805] Saved 4096 bytes from buffer to file.
[DBG@19:31:35.805] Added buffer back to pool.
[DBG@19:31:36.055] Saving buffer 4.
[DBG@19:31:36.055] Saved 4096 bytes from buffer to file.
[DBG@19:31:36.055] Added buffer back to pool.
[DBG@19:31:36.315] Saving buffer 5.
[DBG@19:31:36.315] Saved 4096 bytes from buffer to file.
[DBG@19:31:36.315] Added buffer back to pool.
[DBG@19:31:36.575] Saving buffer 6.
[DBG@19:31:36.575] Saved 4096 bytes from buffer to file.
[DBG@19:31:36.575] Added buffer back to pool.
[DBG@19:31:36.825] Saving buffer 7.
[DBG@19:31:36.825] Saved 4096 bytes from buffer to file.
[DBG@19:31:36.825] Added buffer back to pool.
[DBG@19:31:37.085] Saving buffer 8.
[DBG@19:31:37.085] Saved 4096 bytes from buffer to file.
[DBG@19:31:37.085] Added buffer back to pool.
[DBG@19:31:37.335] Saving buffer 9.
[DBG@19:31:37.335] Saved 4096 bytes from buffer to file.
[DBG@19:31:37.335] Added buffer back to pool.
[DBG@19:31:37.595] Saving buffer 10.
[DBG@19:31:37.595] Saved 4096 bytes from buffer to file.
[DBG@19:31:37.595] Added buffer back to pool.
[DBG@19:31:37.855] Saving buffer 11.
[DBG@19:31:37.855] Saved 4096 bytes from buffer to file.
[DBG@19:31:37.855] Added buffer back to pool.
[DBG@19:31:38.105] Saving buffer 12.
[DBG@19:31:38.105] Saved 4096 bytes from buffer to file.
[DBG@19:31:38.105] Added buffer back to pool.
[DBG@19:31:38.365] Saving buffer 13.
[DBG@19:31:38.365] Saved 4096 bytes from buffer to file.
[DBG@19:31:38.365] Added buffer back to pool.
[DBG@19:31:38.615] Saving buffer 14.
[DBG@19:31:38.615] Saved 4096 bytes from buffer to file.
[DBG@19:31:38.615] Added buffer back to pool.
[DBG@19:31:38.875] Saving buffer 15.
[DBG@19:31:38.875] Saved 4096 bytes from buffer to file.
[DBG@19:31:38.875] Added buffer back to pool.
[DBG@19:31:39.135] Saving buffer 0.
[DBG@19:31:39.136] Saved 4096 bytes from buffer to file.
[DBG@19:31:39.136] Added buffer back to pool.
[DBG@19:31:39.385] Saving buffer 1.
[DBG@19:31:39.385] Saved 4096 bytes from buffer to file.
[DBG@19:31:39.385] Added buffer back to pool.
[DBG@19:31:39.645] Saving buffer 2.
[DBG@19:31:39.645] Saved 4096 bytes from buffer to file.
[DBG@19:31:39.646] Added buffer back to pool.
[DBG@19:31:39.895] Saving buffer 3.
[DBG@19:31:39.895] Saved 4096 bytes from buffer to file.
[DBG@19:31:39.895] Added buffer back to pool.
[DBG@19:31:40.155] Saving buffer 4.
[DBG@19:31:40.155] Saved 4096 bytes from buffer to file.
[DBG@19:31:40.155] Added buffer back to pool.
[DBG@19:31:40.415] Saving buffer 5.
[DBG@19:31:40.415] Saved 4096 bytes from buffer to file.
[DBG@19:31:40.415] Added buffer back to pool.
[DBG@19:31:40.665] Saving buffer 6.
[DBG@19:31:40.665] Saved 4096 bytes from buffer to file.
[DBG@19:31:40.665] Added buffer back to pool.
[DBG@19:31:40.925] Saving buffer 7.
[DBG@19:31:40.925] Saved 4096 bytes from buffer to file.
[DBG@19:31:40.925] Added buffer back to pool.
[DBG@19:31:41.175] Saving buffer 8.
[DBG@19:31:41.175] Saved 4096 bytes from buffer to file.
[DBG@19:31:41.175] Added buffer back to pool.
[DBG@19:31:41.435] Saving buffer 9.
[DBG@19:31:41.435] Saved 4096 bytes from buffer to file.
[DBG@19:31:41.435] Added buffer back to pool.
[DBG@19:31:41.695] Saving buffer 10.
[DBG@19:31:41.695] Saved 4096 bytes from buffer to file.
[DBG@19:31:41.695] Added buffer back to pool.
[DBG@19:31:41.945] Saving buffer 11.
[DBG@19:31:41.945] Saved 4096 bytes from buffer to file.
[DBG@19:31:41.945] Added buffer back to pool.
[DBG@19:31:42.205] Saving buffer 12.
[DBG@19:31:42.205] Saved 4096 bytes from buffer to file.
[DBG@19:31:42.205] Added buffer back to pool.
[DBG@19:31:42.455] Saving buffer 13.
[DBG@19:31:42.455] Saved 4096 bytes from buffer to file.
[DBG@19:31:42.455] Added buffer back to pool.
[DBG@19:31:42.715] Saving buffer 14.
[DBG@19:31:42.715] Saved 4096 bytes from buffer to file.
[DBG@19:31:42.715] Added buffer back to pool.
[DBG@19:31:42.975] Saving buffer 15.
[DBG@19:31:42.975] Saved 4096 bytes from buffer to file.
[DBG@19:31:42.975] Added buffer back to pool.
[DBG@19:31:43.225] Saving buffer 0.
[DBG@19:31:43.225] Saved 4096 bytes from buffer to file.
[DBG@19:31:43.225] Added buffer back to pool.
[DBG@19:31:43.485] Saving buffer 1.
[DBG@19:31:43.485] Saved 4096 bytes from buffer to file.
[DBG@19:31:43.485] Added buffer back to pool.
[DBG@19:31:43.735] Saving buffer 2.
[DBG@19:31:43.735] Saved 4096 bytes from buffer to file.
[DBG@19:31:43.735] Added buffer back to pool.
[DBG@19:31:43.995] Saving buffer 3.
[DBG@19:31:43.995] Saved 4096 bytes from buffer to file.
[DBG@19:31:43.995] Added buffer back to pool.
[DBG@19:31:44.255] Saving buffer 4.
[DBG@19:31:44.255] Saved 4096 bytes from buffer to file.
[DBG@19:31:44.255] Added buffer back to pool.
[DBG@19:31:44.505] Saving buffer 5.
[DBG@19:31:44.505] Saved 4096 bytes from buffer to file.
[DBG@19:31:44.505] Added buffer back to pool.
[DBG@19:31:44.765] Saving buffer 6.
[DBG@19:31:44.765] Saved 4096 bytes from buffer to file.
[DBG@19:31:44.765] Added buffer back to pool.
[DBG@19:31:45.015] Saving buffer 7.
[DBG@19:31:45.015] Saved 4096 bytes from buffer to file.
[DBG@19:31:45.015] Added buffer back to pool.
[DBG@19:31:45.275] Saving buffer 8.
[DBG@19:31:45.275] Saved 4096 bytes from buffer to file.
[DBG@19:31:45.275] Added buffer back to pool.
[DBG@19:31:45.535] Saving buffer 9.
[DBG@19:31:45.535] Saved 4096 bytes from buffer to file.
[DBG@19:31:45.535] Added buffer back to pool.
[DBG@19:31:45.784] Saving buffer 10.
[DBG@19:31:45.785] Saved 4096 bytes from buffer to file.
[DBG@19:31:45.785] Added buffer back to pool.
[DBG@19:31:46.044] Saving buffer 11.
[DBG@19:31:46.045] Saved 4096 bytes from buffer to file.
[DBG@19:31:46.045] Added buffer back to pool.
[DBG@19:31:46.294] Saving buffer 12.
[DBG@19:31:46.295] Saved 4096 bytes from buffer to file.
[DBG@19:31:46.295] Added buffer back to pool.
[DBG@19:31:46.554] Saving buffer 13.
[DBG@19:31:46.555] Saved 4096 bytes from buffer to file.
[DBG@19:31:46.555] Added buffer back to pool.
[DBG@19:31:46.814] Saving buffer 14.
[DBG@19:31:46.815] Saved 4096 bytes from buffer to file.
[DBG@19:31:46.815] Added buffer back to pool.
[DBG@19:31:47.064] Saving buffer 15.
[DBG@19:31:47.065] Saved 4096 bytes from buffer to file.
[DBG@19:31:47.065] Added buffer back to pool.
[DBG@19:31:47.324] Saving buffer 0.
[DBG@19:31:47.325] Saved 4096 bytes from buffer to file.
[DBG@19:31:47.326] Added buffer back to pool.
[DBG@19:31:47.574] Saving buffer 1.
[DBG@19:31:47.575] Saved 4096 bytes from buffer to file.
[DBG@19:31:47.575] Added buffer back to pool.
[DBG@19:31:47.834] Saving buffer 2.
[DBG@19:31:47.835] Saved 4096 bytes from buffer to file.
[DBG@19:31:47.835] Added buffer back to pool.
[DBG@19:31:48.094] Saving buffer 3.
[DBG@19:31:48.095] Saved 4096 bytes from buffer to file.
[DBG@19:31:48.095] Added buffer back to pool.
[DBG@19:31:48.345] Saving buffer 4.
[DBG@19:31:48.345] Saved 4096 bytes from buffer to file.
[DBG@19:31:48.345] Added buffer back to pool.
[DBG@19:31:48.604] Saving buffer 5.
[DBG@19:31:48.605] Saved 4096 bytes from buffer to file.
[DBG@19:31:48.605] Added buffer back to pool.
[DBG@19:31:48.855] Saving buffer 6.
[DBG@19:31:48.855] Saved 4096 bytes from buffer to file.
[DBG@19:31:48.855] Added buffer back to pool.
[DBG@19:31:49.114] Saving buffer 7.
[DBG@19:31:49.115] Saved 4096 bytes from buffer to file.
[DBG@19:31:49.115] Added buffer back to pool.
[DBG@19:31:49.374] Saving buffer 8.
[DBG@19:31:49.375] Saved 4096 bytes from buffer to file.
[DBG@19:31:49.375] Added buffer back to pool.
[DBG@19:31:49.624] Saving buffer 9.
[DBG@19:31:49.625] Saved 4096 bytes from buffer to file.
[DBG@19:31:49.625] Added buffer back to pool.
[DBG@19:31:49.884] Saving buffer 10.
[DBG@19:31:49.884] Saved 4096 bytes from buffer to file.
[DBG@19:31:49.885] Added buffer back to pool.
[DBG@19:31:50.134] Saving buffer 11.
[DBG@19:31:50.134] Saved 4096 bytes from buffer to file.
[DBG@19:31:50.135] Added buffer back to pool.
[DBG@19:31:50.394] Saving buffer 12.
[DBG@19:31:50.394] Saved 4096 bytes from buffer to file.
[DBG@19:31:50.395] Added buffer back to pool.
[DBG@19:31:50.654] Saving buffer 13.
[DBG@19:31:50.654] Saved 4096 bytes from buffer to file.
[DBG@19:31:50.655] Added buffer back to pool.
[DBG@19:31:50.904] Saving buffer 14.
[DBG@19:31:50.904] Saved 4096 bytes from buffer to file.
[DBG@19:31:50.905] Added buffer back to pool.
[DBG@19:31:51.164] Saving buffer 15.
[DBG@19:31:51.164] Saved 4096 bytes from buffer to file.
[DBG@19:31:51.165] Added buffer back to pool.
[DBG@19:31:51.414] Saving buffer 0.
[DBG@19:31:51.415] Saved 4096 bytes from buffer to file.
[DBG@19:31:51.415] Added buffer back to pool.
[DBG@19:31:51.674] Saving buffer 1.
[DBG@19:31:51.674] Saved 4096 bytes from buffer to file.
[DBG@19:31:51.675] Added buffer back to pool.
[DBG@19:31:51.934] Saving buffer 2.
[DBG@19:31:51.934] Saved 4096 bytes from buffer to file.
[DBG@19:31:51.935] Added buffer back to pool.
[DBG@19:31:52.184] Saving buffer 3.
[DBG@19:31:52.184] Saved 4096 bytes from buffer to file.
[DBG@19:31:52.184] Added buffer back to pool.
[DBG@19:31:52.444] Saving buffer 4.
[DBG@19:31:52.444] Saved 4096 bytes from buffer to file.
[DBG@19:31:52.444] Added buffer back to pool.
[DBG@19:31:52.694] Saving buffer 5.
[DBG@19:31:52.695] Saved 4096 bytes from buffer to file.
[DBG@19:31:52.695] Added buffer back to pool.
[DBG@19:31:52.954] Saving buffer 6.
[DBG@19:31:52.955] Saved 4096 bytes from buffer to file.
[DBG@19:31:52.975] Added buffer back to pool.
[DBG@19:31:53.214] Saving buffer 7.
[DBG@19:31:53.214] Saved 4096 bytes from buffer to file.
[DBG@19:31:53.215] Added buffer back to pool.
[DBG@19:31:53.464] Saving buffer 8.
[DBG@19:31:53.464] Saved 4096 bytes from buffer to file.
[DBG@19:31:53.464] Added buffer back to pool.
[DBG@19:31:53.724] Saving buffer 9.
[DBG@19:31:53.724] Saved 4096 bytes from buffer to file.
[DBG@19:31:53.725] Added buffer back to pool.
[DBG@19:31:53.974] Saving buffer 10.
[DBG@19:31:53.974] Saved 4096 bytes from buffer to file.
[DBG@19:31:53.974] Added buffer back to pool.
[DBG@19:31:54.234] Saving buffer 11.
[DBG@19:31:54.234] Saved 4096 bytes from buffer to file.
[DBG@19:31:54.234] Added buffer back to pool.
[DBG@19:31:54.494] Saving buffer 12.
[DBG@19:31:54.494] Saved 4096 bytes from buffer to file.
[DBG@19:31:54.495] Added buffer back to pool.
[DBG@19:31:54.744] Saving buffer 13.
[DBG@19:31:54.744] Saved 4096 bytes from buffer to file.
[DBG@19:31:54.744] Added buffer back to pool.
[DBG@19:31:55.004] Saving buffer 14.
[DBG@19:31:55.004] Saved 4096 bytes from buffer to file.
[DBG@19:31:55.005] Added buffer back to pool.
[DBG@19:31:55.254] Saving buffer 15.
[DBG@19:31:55.254] Saved 4096 bytes from buffer to file.
[DBG@19:31:55.255] Added buffer back to pool.
[DBG@19:31:55.514] Saving buffer 0.
[DBG@19:31:55.516] Saved 4096 bytes from buffer to file.
[DBG@19:31:55.516] Added buffer back to pool.
[DBG@19:31:55.774] Saving buffer 1.
[DBG@19:31:55.774] Saved 4096 bytes from buffer to file.
[DBG@19:31:55.774] Added buffer back to pool.
[DBG@19:31:56.024] Saving buffer 2.
[DBG@19:31:56.024] Saved 4096 bytes from buffer to file.
[DBG@19:31:56.024] Added buffer back to pool.
[DBG@19:31:56.284] Saving buffer 3.
[DBG@19:31:56.284] Saved 4096 bytes from buffer to file.
[DBG@19:31:56.284] Added buffer back to pool.
[DBG@19:31:56.534] Saving buffer 4.
[DBG@19:31:56.534] Saved 4096 bytes from buffer to file.
[DBG@19:31:56.534] Added buffer back to pool.
[DBG@19:31:56.794] Saving buffer 5.
[DBG@19:31:56.794] Saved 4096 bytes from buffer to file.
[DBG@19:31:56.794] Added buffer back to pool.
[DBG@19:31:57.054] Saving buffer 6.
[DBG@19:31:57.054] Saved 4096 bytes from buffer to file.
[DBG@19:31:57.054] Added buffer back to pool.
[DBG@19:31:57.304] Saving buffer 7.
[DBG@19:31:57.304] Saved 4096 bytes from buffer to file.
[DBG@19:31:57.304] Added buffer back to pool.
[DBG@19:31:57.564] Saving buffer 8.
[DBG@19:31:57.564] Saved 4096 bytes from buffer to file.
[DBG@19:31:57.564] Added buffer back to pool.
[DBG@19:31:57.814] Saving buffer 9.
[DBG@19:31:57.814] Saved 4096 bytes from buffer to file.
[DBG@19:31:57.814] Added buffer back to pool.
[DBG@19:31:58.074] Saving buffer 10.
[DBG@19:31:58.074] Saved 4096 bytes from buffer to file.
[DBG@19:31:58.074] Added buffer back to pool.
[DBG@19:31:58.334] Saving buffer 11.
[DBG@19:31:58.334] Saved 4096 bytes from buffer to file.
[DBG@19:31:58.334] Added buffer back to pool.
[DBG@19:31:58.584] Saving buffer 12.
[DBG@19:31:58.584] Saved 4096 bytes from buffer to file.
[DBG@19:31:58.584] Added buffer back to pool.
[DBG@19:31:58.844] Saving buffer 13.
[DBG@19:31:58.844] Saved 4096 bytes from buffer to file.
[DBG@19:31:58.844] Added buffer back to pool.
[DBG@19:31:59.094] Saving buffer 14.
[DBG@19:31:59.094] Saved 4096 bytes from buffer to file.
[DBG@19:31:59.094] Added buffer back to pool.
[DBG@19:31:59.354] Saving buffer 15.
[DBG@19:31:59.354] Saved 4096 bytes from buffer to file.
[DBG@19:31:59.354] Added buffer back to pool.
[DBG@19:31:59.614] Saving buffer 0.
[DBG@19:31:59.615] Saved 4096 bytes from buffer to file.
[DBG@19:31:59.615] Added buffer back to pool.
[DBG@19:31:59.864] Saving buffer 1.
[DBG@19:31:59.864] Saved 4096 bytes from buffer to file.
[DBG@19:31:59.864] Added buffer back to pool.
[DBG@19:32:00.124] Saving buffer 2.
[DBG@19:32:00.124] Saved 4096 bytes from buffer to file.
[DBG@19:32:00.124] Added buffer back to pool.
[DBG@19:32:00.374] Saving buffer 3.
[DBG@19:32:00.374] Saved 4096 bytes from buffer to file.
[DBG@19:32:00.374] Added buffer back to pool.
[DBG@19:32:00.634] Saving buffer 4.
[DBG@19:32:00.634] Saved 4096 bytes from buffer to file.
[DBG@19:32:00.634] Added buffer back to pool.
[DBG@19:32:00.894] Saving buffer 5.
[DBG@19:32:00.894] Saved 4096 bytes from buffer to file.
[DBG@19:32:00.894] Added buffer back to pool.
[DBG@19:32:01.144] Saving buffer 6.
[DBG@19:32:01.144] Saved 4096 bytes from buffer to file.
[DBG@19:32:01.144] Added buffer back to pool.
[DBG@19:32:01.404] Saving buffer 7.
[DBG@19:32:01.404] Saved 4096 bytes from buffer to file.
[DBG@19:32:01.404] Added buffer back to pool.
[DBG@19:32:01.654] Saving buffer 8.
[DBG@19:32:01.654] Saved 4096 bytes from buffer to file.
[DBG@19:32:01.654] Added buffer back to pool.
[DBG@19:32:01.914] Saving buffer 9.
[DBG@19:32:01.914] Saved 4096 bytes from buffer to file.
[DBG@19:32:01.914] Added buffer back to pool.
[DBG@19:32:02.174] Saving buffer 10.
[DBG@19:32:02.174] Saved 4096 bytes from buffer to file.
[DBG@19:32:02.174] Added buffer back to pool.
[DBG@19:32:02.424] Saving buffer 11.
[DBG@19:32:02.424] Saved 4096 bytes from buffer to file.
[DBG@19:32:02.424] Added buffer back to pool.
[DBG@19:32:02.684] Saving buffer 12.
[DBG@19:32:02.684] Saved 4096 bytes from buffer to file.
[DBG@19:32:02.684] Added buffer back to pool.
[DBG@19:32:02.934] Saving buffer 13.
[DBG@19:32:02.934] Saved 4096 bytes from buffer to file.
[DBG@19:32:02.934] Added buffer back to pool.
[DBG@19:32:03.194] Saving buffer 14.
[DBG@19:32:03.194] Saved 4096 bytes from buffer to file.
[DBG@19:32:03.194] Added buffer back to pool.
[DBG@19:32:03.454] Saving buffer 15.
[DBG@19:32:03.454] Saved 4096 bytes from buffer to file.
[DBG@19:32:03.454] Added buffer back to pool.
[DBG@19:32:03.704] Saving buffer 0.
[DBG@19:32:03.704] Saved 4096 bytes from buffer to file.
[DBG@19:32:03.705] Added buffer back to pool.
[DBG@19:32:03.964] Saving buffer 1.
[DBG@19:32:03.964] Saved 4096 bytes from buffer to file.
[DBG@19:32:03.964] Added buffer back to pool.
[DBG@19:32:04.214] Saving buffer 2.
[DBG@19:32:04.214] Saved 4096 bytes from buffer to file.
[DBG@19:32:04.214] Added buffer back to pool.
[DBG@19:32:04.474] Saving buffer 3.
[DBG@19:32:04.474] Saved 4096 bytes from buffer to file.
[DBG@19:32:04.474] Added buffer back to pool.
[DBG@19:32:04.734] Saving buffer 4.
[DBG@19:32:04.734] Saved 4096 bytes from buffer to file.
[DBG@19:32:04.734] Added buffer back to pool.
[DBG@19:32:04.984] Saving buffer 5.
[DBG@19:32:04.984] Saved 4096 bytes from buffer to file.
[DBG@19:32:04.984] Added buffer back to pool.
[DBG@19:32:05.244] Saving buffer 6.
[DBG@19:32:05.244] Saved 4096 bytes from buffer to file.
[DBG@19:32:05.244] Added buffer back to pool.
[DBG@19:32:05.494] Saving buffer 7.
[DBG@19:32:05.494] Saved 4096 bytes from buffer to file.
[DBG@19:32:05.494] Added buffer back to pool.
[DBG@19:32:05.754] Saving buffer 8.
[DBG@19:32:05.754] Saved 4096 bytes from buffer to file.
[DBG@19:32:05.754] Added buffer back to pool.
[DBG@19:32:06.014] Saving buffer 9.
[DBG@19:32:06.014] Saved 4096 bytes from buffer to file.
[DBG@19:32:06.014] Added buffer back to pool.
[DBG@19:32:06.264] Saving buffer 10.
[DBG@19:32:06.264] Saved 4096 bytes from buffer to file.
[DBG@19:32:06.264] Added buffer back to pool.
[DBG@19:32:06.524] Saving buffer 11.
[DBG@19:32:06.524] Saved 4096 bytes from buffer to file.
[DBG@19:32:06.524] Added buffer back to pool.
[DBG@19:32:06.774] Saving buffer 12.
[DBG@19:32:06.774] Saved 4096 bytes from buffer to file.
[DBG@19:32:06.774] Added buffer back to pool.
[DBG@19:32:07.034] Saving buffer 13.
[DBG@19:32:07.034] Saved 4096 bytes from buffer to file.
[DBG@19:32:07.034] Added buffer back to pool.
[DBG@19:32:07.294] Saving buffer 14.
[DBG@19:32:07.294] Saved 4096 bytes from buffer to file.
[DBG@19:32:07.294] Added buffer back to pool.
[DBG@19:32:07.544] Saving buffer 15.
[DBG@19:32:07.544] Saved 4096 bytes from buffer to file.
[DBG@19:32:07.544] Added buffer back to pool.
[DBG@19:32:07.804] Saving buffer 0.
[DBG@19:32:07.805] Saved 4096 bytes from buffer to file.
[DBG@19:32:07.805] Added buffer back to pool.
[DBG@19:32:08.054] Saving buffer 1.
[DBG@19:32:08.054] Saved 4096 bytes from buffer to file.
[DBG@19:32:08.054] Added buffer back to pool.
[DBG@19:32:08.314] Saving buffer 2.
[DBG@19:32:08.314] Saved 4096 bytes from buffer to file.
[DBG@19:32:08.314] Added buffer back to pool.
[DBG@19:32:08.574] Saving buffer 3.
[DBG@19:32:08.574] Saved 4096 bytes from buffer to file.
[DBG@19:32:08.574] Added buffer back to pool.
[DBG@19:32:08.824] Saving buffer 4.
[DBG@19:32:08.824] Saved 4096 bytes from buffer to file.
[DBG@19:32:08.824] Added buffer back to pool.
[DBG@19:32:09.084] Saving buffer 5.
[DBG@19:32:09.084] Saved 4096 bytes from buffer to file.
[DBG@19:32:09.084] Added buffer back to pool.
[DBG@19:32:09.334] Saving buffer 6.
[DBG@19:32:09.334] Saved 4096 bytes from buffer to file.
[DBG@19:32:09.334] Added buffer back to pool.
[DBG@19:32:09.594] Saving buffer 7.
[DBG@19:32:09.594] Saved 4096 bytes from buffer to file.
[DBG@19:32:09.594] Added buffer back to pool.
[DBG@19:32:09.854] Saving buffer 8.
[DBG@19:32:09.854] Saved 4096 bytes from buffer to file.
[DBG@19:32:09.854] Added buffer back to pool.
[DBG@19:32:10.104] Saving buffer 9.
[DBG@19:32:10.104] Saved 4096 bytes from buffer to file.
[DBG@19:32:10.104] Added buffer back to pool.
[DBG@19:32:10.364] Saving buffer 10.
[DBG@19:32:10.364] Saved 4096 bytes from buffer to file.
[DBG@19:32:10.364] Added buffer back to pool.
[DBG@19:32:10.614] Saving buffer 11.
[DBG@19:32:10.614] Saved 4096 bytes from buffer to file.
[DBG@19:32:10.614] Added buffer back to pool.
[DBG@19:32:10.873] Saving buffer 12.
[DBG@19:32:10.874] Saved 4096 bytes from buffer to file.
[DBG@19:32:10.874] Added buffer back to pool.
[DBG@19:32:11.133] Saving buffer 13.
[DBG@19:32:11.134] Saved 4096 bytes from buffer to file.
[DBG@19:32:11.134] Added buffer back to pool.
[DBG@19:32:11.383] Saving buffer 14.
[DBG@19:32:11.384] Saved 4096 bytes from buffer to file.
[DBG@19:32:11.384] Added buffer back to pool.
[DBG@19:32:11.643] Saving buffer 15.
[DBG@19:32:11.644] Saved 4096 bytes from buffer to file.
[DBG@19:32:11.644] Added buffer back to pool.
[DBG@19:32:11.893] Saving buffer 0.
[DBG@19:32:11.894] Saved 4096 bytes from buffer to file.
[DBG@19:32:11.894] Added buffer back to pool.
[DBG@19:32:12.153] Saving buffer 1.
[DBG@19:32:12.154] Saved 4096 bytes from buffer to file.
[DBG@19:32:12.154] Added buffer back to pool.
[DBG@19:32:12.413] Saving buffer 2.
[DBG@19:32:12.414] Saved 4096 bytes from buffer to file.
[DBG@19:32:12.414] Added buffer back to pool.
[DBG@19:32:12.663] Saving buffer 3.
[DBG@19:32:12.664] Saved 4096 bytes from buffer to file.
[DBG@19:32:12.664] Added buffer back to pool.
[DBG@19:32:12.923] Saving buffer 4.
[DBG@19:32:12.924] Saved 4096 bytes from buffer to file.
[DBG@19:32:12.924] Added buffer back to pool.
[DBG@19:32:13.173] Saving buffer 5.
[DBG@19:32:13.173] Saved 4096 bytes from buffer to file.
[DBG@19:32:13.174] Added buffer back to pool.
[DBG@19:32:13.433] Saving buffer 6.
[DBG@19:32:13.434] Saved 4096 bytes from buffer to file.
[DBG@19:32:13.434] Added buffer back to pool.
[DBG@19:32:13.693] Saving buffer 7.
[DBG@19:32:13.693] Saved 4096 bytes from buffer to file.
[DBG@19:32:13.694] Added buffer back to pool.
[DBG@19:32:13.943] Saving buffer 8.
[DBG@19:32:13.943] Saved 4096 bytes from buffer to file.
[DBG@19:32:13.944] Added buffer back to pool.
[DBG@19:32:14.203] Saving buffer 9.
[DBG@19:32:14.203] Saved 4096 bytes from buffer to file.
[DBG@19:32:14.204] Added buffer back to pool.
[DBG@19:32:14.453] Saving buffer 10.
[DBG@19:32:14.453] Saved 4096 bytes from buffer to file.
[DBG@19:32:14.454] Added buffer back to pool.
[DBG@19:32:14.713] Saving buffer 11.
[DBG@19:32:14.713] Saved 4096 bytes from buffer to file.
[DBG@19:32:14.714] Added buffer back to pool.
[DBG@19:32:14.973] Saving buffer 12.
[DBG@19:32:14.974] Saved 4096 bytes from buffer to file.
[DBG@19:32:14.974] Added buffer back to pool.
[DBG@19:32:15.223] Saving buffer 13.
[DBG@19:32:15.223] Saved 4096 bytes from buffer to file.
[DBG@19:32:15.224] Added buffer back to pool.
[DBG@19:32:15.483] Saving buffer 14.
[DBG@19:32:15.483] Saved 4096 bytes from buffer to file.
[DBG@19:32:15.484] Added buffer back to pool.
[DBG@19:32:15.733] Saving buffer 15.
[DBG@19:32:15.733] Saved 4096 bytes from buffer to file.
[DBG@19:32:15.734] Added buffer back to pool.
[DBG@19:32:15.993] Saving buffer 0.
[DBG@19:32:15.994] Saved 4096 bytes from buffer to file.
[DBG@19:32:15.994] Added buffer back to pool.
[DBG@19:32:16.253] Saving buffer 1.
[DBG@19:32:16.253] Saved 4096 bytes from buffer to file.
[DBG@19:32:16.253] Added buffer back to pool.
[DBG@19:32:16.503] Saving buffer 2.
[DBG@19:32:16.503] Saved 4096 bytes from buffer to file.
[DBG@19:32:16.503] Added buffer back to pool.
[DBG@19:32:16.763] Saving buffer 3.
[DBG@19:32:16.763] Saved 4096 bytes from buffer to file.
[DBG@19:32:16.763] Added buffer back to pool.
[DBG@19:32:17.013] Saving buffer 4.
[DBG@19:32:17.013] Saved 4096 bytes from buffer to file.
[DBG@19:32:17.013] Added buffer back to pool.
[DBG@19:32:17.273] Saving buffer 5.
[DBG@19:32:17.273] Saved 4096 bytes from buffer to file.
[DBG@19:32:17.273] Added buffer back to pool.
[DBG@19:32:17.533] Saving buffer 6.
[DBG@19:32:17.533] Saved 4096 bytes from buffer to file.
[DBG@19:32:17.533] Added buffer back to pool.
[DBG@19:32:17.783] Saving buffer 7.
[DBG@19:32:17.783] Saved 4096 bytes from buffer to file.
[DBG@19:32:17.783] Added buffer back to pool.
[DBG@19:32:18.043] Saving buffer 8.
[DBG@19:32:18.043] Saved 4096 bytes from buffer to file.
[DBG@19:32:18.043] Added buffer back to pool.
[DBG@19:32:18.293] Saving buffer 9.
[DBG@19:32:18.293] Saved 4096 bytes from buffer to file.
[DBG@19:32:18.293] Added buffer back to pool.
[DBG@19:32:18.553] Saving buffer 10.
[DBG@19:32:18.553] Saved 4096 bytes from buffer to file.
[DBG@19:32:18.553] Added buffer back to pool.
[STD@19:32:18.603] Stopping device
[DBG@19:32:18.604] Saving buffer 11.
[DBG@19:32:18.604] Saved 864 bytes from buffer to file.
[DBG@19:32:18.604] Added buffer back to pool.
[DBG@19:32:18.604] waveInReset (0)
[STD@19:32:18.604] Closing wave file
