[STD@19:50:51.290] Adding buffer 0 to pool
[STD@19:50:51.291] Adding buffer 1 to pool
[STD@19:50:51.291] Adding buffer 2 to pool
[STD@19:50:51.291] Adding buffer 3 to pool
[STD@19:50:51.292] Adding buffer 4 to pool
[STD@19:50:51.292] Adding buffer 5 to pool
[STD@19:50:51.292] Adding buffer 6 to pool
[STD@19:50:51.293] Adding buffer 7 to pool
[STD@19:50:51.293] Adding buffer 8 to pool
[STD@19:50:51.293] Adding buffer 9 to pool
[STD@19:50:51.293] Adding buffer 10 to pool
[STD@19:50:51.294] Adding buffer 11 to pool
[STD@19:50:51.294] Adding buffer 12 to pool
[STD@19:50:51.296] Adding buffer 13 to pool
[STD@19:50:51.296] Adding buffer 14 to pool
[STD@19:50:51.296] Adding buffer 15 to pool
[STD@19:50:51.297] Opening audio file ..\..\logs\LetsGoPublic\20061122\011\LetsGoPublic-20061122-011-input_and_output.raw for output
[STD@19:50:51.298] Starting device
[DBG@19:50:51.559] Saving buffer 0.
[DBG@19:50:51.561] Saved 4096 bytes from buffer to file.
[DBG@19:50:51.561] Added buffer back to pool.
[DBG@19:50:51.819] Saving buffer 1.
[DBG@19:50:51.819] Saved 4096 bytes from buffer to file.
[DBG@19:50:51.819] Added buffer back to pool.
[DBG@19:50:52.069] Saving buffer 2.
[DBG@19:50:52.069] Saved 4096 bytes from buffer to file.
[DBG@19:50:52.069] Added buffer back to pool.
[DBG@19:50:52.329] Saving buffer 3.
[DBG@19:50:52.329] Saved 4096 bytes from buffer to file.
[DBG@19:50:52.329] Added buffer back to pool.
[DBG@19:50:52.579] Saving buffer 4.
[DBG@19:50:52.579] Saved 4096 bytes from buffer to file.
[DBG@19:50:52.579] Added buffer back to pool.
[DBG@19:50:52.839] Saving buffer 5.
[DBG@19:50:52.839] Saved 4096 bytes from buffer to file.
[DBG@19:50:52.839] Added buffer back to pool.
[DBG@19:50:53.099] Saving buffer 6.
[DBG@19:50:53.099] Saved 4096 bytes from buffer to file.
[DBG@19:50:53.099] Added buffer back to pool.
[DBG@19:50:53.349] Saving buffer 7.
[DBG@19:50:53.349] Saved 4096 bytes from buffer to file.
[DBG@19:50:53.349] Added buffer back to pool.
[DBG@19:50:53.609] Saving buffer 8.
[DBG@19:50:53.609] Saved 4096 bytes from buffer to file.
[DBG@19:50:53.609] Added buffer back to pool.
[DBG@19:50:53.859] Saving buffer 9.
[DBG@19:50:53.859] Saved 4096 bytes from buffer to file.
[DBG@19:50:53.859] Added buffer back to pool.
[DBG@19:50:54.119] Saving buffer 10.
[DBG@19:50:54.119] Saved 4096 bytes from buffer to file.
[DBG@19:50:54.119] Added buffer back to pool.
[DBG@19:50:54.379] Saving buffer 11.
[DBG@19:50:54.379] Saved 4096 bytes from buffer to file.
[DBG@19:50:54.379] Added buffer back to pool.
[DBG@19:50:54.629] Saving buffer 12.
[DBG@19:50:54.629] Saved 4096 bytes from buffer to file.
[DBG@19:50:54.629] Added buffer back to pool.
[DBG@19:50:54.889] Saving buffer 13.
[DBG@19:50:54.889] Saved 4096 bytes from buffer to file.
[DBG@19:50:54.889] Added buffer back to pool.
[DBG@19:50:55.139] Saving buffer 14.
[DBG@19:50:55.139] Saved 4096 bytes from buffer to file.
[DBG@19:50:55.139] Added buffer back to pool.
[DBG@19:50:55.399] Saving buffer 15.
[DBG@19:50:55.399] Saved 4096 bytes from buffer to file.
[DBG@19:50:55.399] Added buffer back to pool.
[DBG@19:50:55.659] Saving buffer 0.
[DBG@19:50:55.660] Saved 4096 bytes from buffer to file.
[DBG@19:50:55.660] Added buffer back to pool.
[DBG@19:50:55.909] Saving buffer 1.
[DBG@19:50:55.909] Saved 4096 bytes from buffer to file.
[DBG@19:50:55.909] Added buffer back to pool.
[DBG@19:50:56.169] Saving buffer 2.
[DBG@19:50:56.169] Saved 4096 bytes from buffer to file.
[DBG@19:50:56.169] Added buffer back to pool.
[DBG@19:50:56.419] Saving buffer 3.
[DBG@19:50:56.419] Saved 4096 bytes from buffer to file.
[DBG@19:50:56.419] Added buffer back to pool.
[DBG@19:50:56.679] Saving buffer 4.
[DBG@19:50:56.679] Saved 4096 bytes from buffer to file.
[DBG@19:50:56.679] Added buffer back to pool.
[DBG@19:50:56.939] Saving buffer 5.
[DBG@19:50:56.939] Saved 4096 bytes from buffer to file.
[DBG@19:50:56.939] Added buffer back to pool.
[DBG@19:50:57.189] Saving buffer 6.
[DBG@19:50:57.189] Saved 4096 bytes from buffer to file.
[DBG@19:50:57.190] Added buffer back to pool.
[DBG@19:50:57.449] Saving buffer 7.
[DBG@19:50:57.449] Saved 4096 bytes from buffer to file.
[DBG@19:50:57.449] Added buffer back to pool.
[DBG@19:50:57.699] Saving buffer 8.
[DBG@19:50:57.699] Saved 4096 bytes from buffer to file.
[DBG@19:50:57.699] Added buffer back to pool.
[DBG@19:50:57.959] Saving buffer 9.
[DBG@19:50:57.959] Saved 4096 bytes from buffer to file.
[DBG@19:50:57.959] Added buffer back to pool.
[DBG@19:50:58.219] Saving buffer 10.
[DBG@19:50:58.219] Saved 4096 bytes from buffer to file.
[DBG@19:50:58.219] Added buffer back to pool.
[DBG@19:50:58.469] Saving buffer 11.
[DBG@19:50:58.469] Saved 4096 bytes from buffer to file.
[DBG@19:50:58.469] Added buffer back to pool.
[DBG@19:50:58.729] Saving buffer 12.
[DBG@19:50:58.729] Saved 4096 bytes from buffer to file.
[DBG@19:50:58.729] Added buffer back to pool.
[DBG@19:50:58.979] Saving buffer 13.
[DBG@19:50:58.979] Saved 4096 bytes from buffer to file.
[DBG@19:50:58.979] Added buffer back to pool.
[DBG@19:50:59.239] Saving buffer 14.
[DBG@19:50:59.239] Saved 4096 bytes from buffer to file.
[DBG@19:50:59.239] Added buffer back to pool.
[DBG@19:50:59.499] Saving buffer 15.
[DBG@19:50:59.499] Saved 4096 bytes from buffer to file.
[DBG@19:50:59.499] Added buffer back to pool.
[DBG@19:50:59.749] Saving buffer 0.
[DBG@19:50:59.749] Saved 4096 bytes from buffer to file.
[DBG@19:50:59.749] Added buffer back to pool.
[DBG@19:51:00.009] Saving buffer 1.
[DBG@19:51:00.009] Saved 4096 bytes from buffer to file.
[DBG@19:51:00.009] Added buffer back to pool.
[DBG@19:51:00.259] Saving buffer 2.
[DBG@19:51:00.259] Saved 4096 bytes from buffer to file.
[DBG@19:51:00.259] Added buffer back to pool.
[DBG@19:51:00.519] Saving buffer 3.
[DBG@19:51:00.519] Saved 4096 bytes from buffer to file.
[DBG@19:51:00.519] Added buffer back to pool.
[DBG@19:51:00.779] Saving buffer 4.
[DBG@19:51:00.779] Saved 4096 bytes from buffer to file.
[DBG@19:51:00.779] Added buffer back to pool.
[DBG@19:51:01.029] Saving buffer 5.
[DBG@19:51:01.029] Saved 4096 bytes from buffer to file.
[DBG@19:51:01.029] Added buffer back to pool.
[DBG@19:51:01.289] Saving buffer 6.
[DBG@19:51:01.289] Saved 4096 bytes from buffer to file.
[DBG@19:51:01.289] Added buffer back to pool.
[DBG@19:51:01.539] Saving buffer 7.
[DBG@19:51:01.539] Saved 4096 bytes from buffer to file.
[DBG@19:51:01.539] Added buffer back to pool.
[DBG@19:51:01.799] Saving buffer 8.
[DBG@19:51:01.799] Saved 4096 bytes from buffer to file.
[DBG@19:51:01.799] Added buffer back to pool.
[DBG@19:51:02.059] Saving buffer 9.
[DBG@19:51:02.059] Saved 4096 bytes from buffer to file.
[DBG@19:51:02.059] Added buffer back to pool.
[DBG@19:51:02.309] Saving buffer 10.
[DBG@19:51:02.309] Saved 4096 bytes from buffer to file.
[DBG@19:51:02.309] Added buffer back to pool.
[DBG@19:51:02.569] Saving buffer 11.
[DBG@19:51:02.569] Saved 4096 bytes from buffer to file.
[DBG@19:51:02.569] Added buffer back to pool.
[DBG@19:51:02.819] Saving buffer 12.
[DBG@19:51:02.819] Saved 4096 bytes from buffer to file.
[DBG@19:51:02.819] Added buffer back to pool.
[DBG@19:51:03.079] Saving buffer 13.
[DBG@19:51:03.079] Saved 4096 bytes from buffer to file.
[DBG@19:51:03.079] Added buffer back to pool.
[DBG@19:51:03.339] Saving buffer 14.
[DBG@19:51:03.339] Saved 4096 bytes from buffer to file.
[DBG@19:51:03.339] Added buffer back to pool.
[DBG@19:51:03.589] Saving buffer 15.
[DBG@19:51:03.589] Saved 4096 bytes from buffer to file.
[DBG@19:51:03.589] Added buffer back to pool.
[DBG@19:51:03.849] Saving buffer 0.
[DBG@19:51:03.849] Saved 4096 bytes from buffer to file.
[DBG@19:51:03.850] Added buffer back to pool.
[DBG@19:51:04.099] Saving buffer 1.
[DBG@19:51:04.099] Saved 4096 bytes from buffer to file.
[DBG@19:51:04.099] Added buffer back to pool.
[DBG@19:51:04.359] Saving buffer 2.
[DBG@19:51:04.359] Saved 4096 bytes from buffer to file.
[DBG@19:51:04.359] Added buffer back to pool.
[DBG@19:51:04.619] Saving buffer 3.
[DBG@19:51:04.619] Saved 4096 bytes from buffer to file.
[DBG@19:51:04.619] Added buffer back to pool.
[DBG@19:51:04.869] Saving buffer 4.
[DBG@19:51:04.869] Saved 4096 bytes from buffer to file.
[DBG@19:51:04.869] Added buffer back to pool.
[DBG@19:51:05.129] Saving buffer 5.
[DBG@19:51:05.129] Saved 4096 bytes from buffer to file.
[DBG@19:51:05.129] Added buffer back to pool.
[DBG@19:51:05.378] Saving buffer 6.
[DBG@19:51:05.379] Saved 4096 bytes from buffer to file.
[DBG@19:51:05.379] Added buffer back to pool.
[DBG@19:51:05.638] Saving buffer 7.
[DBG@19:51:05.639] Saved 4096 bytes from buffer to file.
[DBG@19:51:05.639] Added buffer back to pool.
[DBG@19:51:05.898] Saving buffer 8.
[DBG@19:51:05.899] Saved 4096 bytes from buffer to file.
[DBG@19:51:05.899] Added buffer back to pool.
[DBG@19:51:06.148] Saving buffer 9.
[DBG@19:51:06.149] Saved 4096 bytes from buffer to file.
[DBG@19:51:06.149] Added buffer back to pool.
[DBG@19:51:06.408] Saving buffer 10.
[DBG@19:51:06.409] Saved 4096 bytes from buffer to file.
[DBG@19:51:06.409] Added buffer back to pool.
[DBG@19:51:06.658] Saving buffer 11.
[DBG@19:51:06.659] Saved 4096 bytes from buffer to file.
[DBG@19:51:06.659] Added buffer back to pool.
[DBG@19:51:06.918] Saving buffer 12.
[DBG@19:51:06.919] Saved 4096 bytes from buffer to file.
[DBG@19:51:06.919] Added buffer back to pool.
[DBG@19:51:07.178] Saving buffer 13.
[DBG@19:51:07.179] Saved 4096 bytes from buffer to file.
[DBG@19:51:07.179] Added buffer back to pool.
[DBG@19:51:07.428] Saving buffer 14.
[DBG@19:51:07.429] Saved 4096 bytes from buffer to file.
[DBG@19:51:07.429] Added buffer back to pool.
[DBG@19:51:07.688] Saving buffer 15.
[DBG@19:51:07.689] Saved 4096 bytes from buffer to file.
[DBG@19:51:07.689] Added buffer back to pool.
[DBG@19:51:07.938] Saving buffer 0.
[DBG@19:51:07.939] Saved 4096 bytes from buffer to file.
[DBG@19:51:07.939] Added buffer back to pool.
[DBG@19:51:08.198] Saving buffer 1.
[DBG@19:51:08.199] Saved 4096 bytes from buffer to file.
[DBG@19:51:08.199] Added buffer back to pool.
[DBG@19:51:08.458] Saving buffer 2.
[DBG@19:51:08.458] Saved 4096 bytes from buffer to file.
[DBG@19:51:08.459] Added buffer back to pool.
[DBG@19:51:08.708] Saving buffer 3.
[DBG@19:51:08.708] Saved 4096 bytes from buffer to file.
[DBG@19:51:08.709] Added buffer back to pool.
[DBG@19:51:08.968] Saving buffer 4.
[DBG@19:51:08.968] Saved 4096 bytes from buffer to file.
[DBG@19:51:08.969] Added buffer back to pool.
[DBG@19:51:09.218] Saving buffer 5.
[DBG@19:51:09.218] Saved 4096 bytes from buffer to file.
[DBG@19:51:09.219] Added buffer back to pool.
[DBG@19:51:09.478] Saving buffer 6.
[DBG@19:51:09.478] Saved 4096 bytes from buffer to file.
[DBG@19:51:09.479] Added buffer back to pool.
[DBG@19:51:09.738] Saving buffer 7.
[DBG@19:51:09.738] Saved 4096 bytes from buffer to file.
[DBG@19:51:09.739] Added buffer back to pool.
[DBG@19:51:09.988] Saving buffer 8.
[DBG@19:51:09.988] Saved 4096 bytes from buffer to file.
[DBG@19:51:09.989] Added buffer back to pool.
[DBG@19:51:10.248] Saving buffer 9.
[DBG@19:51:10.248] Saved 4096 bytes from buffer to file.
[DBG@19:51:10.249] Added buffer back to pool.
[DBG@19:51:10.498] Saving buffer 10.
[DBG@19:51:10.498] Saved 4096 bytes from buffer to file.
[DBG@19:51:10.499] Added buffer back to pool.
[DBG@19:51:10.758] Saving buffer 11.
[DBG@19:51:10.758] Saved 4096 bytes from buffer to file.
[DBG@19:51:10.758] Added buffer back to pool.
[DBG@19:51:11.018] Saving buffer 12.
[DBG@19:51:11.019] Saved 4096 bytes from buffer to file.
[DBG@19:51:11.019] Added buffer back to pool.
[DBG@19:51:11.268] Saving buffer 13.
[DBG@19:51:11.268] Saved 4096 bytes from buffer to file.
[DBG@19:51:11.268] Added buffer back to pool.
[DBG@19:51:11.528] Saving buffer 14.
[DBG@19:51:11.529] Saved 4096 bytes from buffer to file.
[DBG@19:51:11.529] Added buffer back to pool.
[DBG@19:51:11.778] Saving buffer 15.
[DBG@19:51:11.779] Saved 4096 bytes from buffer to file.
[DBG@19:51:11.779] Added buffer back to pool.
[DBG@19:51:12.038] Saving buffer 0.
[DBG@19:51:12.040] Saved 4096 bytes from buffer to file.
[DBG@19:51:12.040] Added buffer back to pool.
[DBG@19:51:12.298] Saving buffer 1.
[DBG@19:51:12.299] Saved 4096 bytes from buffer to file.
[DBG@19:51:12.299] Added buffer back to pool.
[DBG@19:51:12.548] Saving buffer 2.
[DBG@19:51:12.549] Saved 4096 bytes from buffer to file.
[DBG@19:51:12.549] Added buffer back to pool.
[DBG@19:51:12.808] Saving buffer 3.
[DBG@19:51:12.809] Saved 4096 bytes from buffer to file.
[DBG@19:51:12.809] Added buffer back to pool.
[DBG@19:51:13.058] Saving buffer 4.
[DBG@19:51:13.059] Saved 4096 bytes from buffer to file.
[DBG@19:51:13.059] Added buffer back to pool.
[DBG@19:51:13.318] Saving buffer 5.
[DBG@19:51:13.319] Saved 4096 bytes from buffer to file.
[DBG@19:51:13.319] Added buffer back to pool.
[DBG@19:51:13.578] Saving buffer 6.
[DBG@19:51:13.579] Saved 4096 bytes from buffer to file.
[DBG@19:51:13.579] Added buffer back to pool.
[DBG@19:51:13.828] Saving buffer 7.
[DBG@19:51:13.828] Saved 4096 bytes from buffer to file.
[DBG@19:51:13.828] Added buffer back to pool.
[DBG@19:51:14.088] Saving buffer 8.
[DBG@19:51:14.088] Saved 4096 bytes from buffer to file.
[DBG@19:51:14.088] Added buffer back to pool.
[DBG@19:51:14.338] Saving buffer 9.
[DBG@19:51:14.338] Saved 4096 bytes from buffer to file.
[DBG@19:51:14.338] Added buffer back to pool.
[DBG@19:51:14.598] Saving buffer 10.
[DBG@19:51:14.598] Saved 4096 bytes from buffer to file.
[DBG@19:51:14.599] Added buffer back to pool.
[DBG@19:51:14.858] Saving buffer 11.
[DBG@19:51:14.858] Saved 4096 bytes from buffer to file.
[DBG@19:51:14.858] Added buffer back to pool.
[DBG@19:51:15.108] Saving buffer 12.
[DBG@19:51:15.108] Saved 4096 bytes from buffer to file.
[DBG@19:51:15.108] Added buffer back to pool.
[DBG@19:51:15.368] Saving buffer 13.
[DBG@19:51:15.368] Saved 4096 bytes from buffer to file.
[DBG@19:51:15.368] Added buffer back to pool.
[DBG@19:51:15.618] Saving buffer 14.
[DBG@19:51:15.618] Saved 4096 bytes from buffer to file.
[DBG@19:51:15.619] Added buffer back to pool.
[DBG@19:51:15.878] Saving buffer 15.
[DBG@19:51:15.878] Saved 4096 bytes from buffer to file.
[DBG@19:51:15.878] Added buffer back to pool.
[DBG@19:51:16.138] Saving buffer 0.
[DBG@19:51:16.139] Saved 4096 bytes from buffer to file.
[DBG@19:51:16.140] Added buffer back to pool.
[DBG@19:51:16.388] Saving buffer 1.
[DBG@19:51:16.388] Saved 4096 bytes from buffer to file.
[DBG@19:51:16.389] Added buffer back to pool.
[DBG@19:51:16.648] Saving buffer 2.
[DBG@19:51:16.648] Saved 4096 bytes from buffer to file.
[DBG@19:51:16.648] Added buffer back to pool.
[DBG@19:51:16.898] Saving buffer 3.
[DBG@19:51:16.898] Saved 4096 bytes from buffer to file.
[DBG@19:51:16.898] Added buffer back to pool.
[DBG@19:51:17.158] Saving buffer 4.
[DBG@19:51:17.158] Saved 4096 bytes from buffer to file.
[DBG@19:51:17.158] Added buffer back to pool.
[DBG@19:51:17.418] Saving buffer 5.
[DBG@19:51:17.418] Saved 4096 bytes from buffer to file.
[DBG@19:51:17.418] Added buffer back to pool.
[DBG@19:51:17.668] Saving buffer 6.
[DBG@19:51:17.668] Saved 4096 bytes from buffer to file.
[DBG@19:51:17.668] Added buffer back to pool.
[DBG@19:51:17.928] Saving buffer 7.
[DBG@19:51:17.928] Saved 4096 bytes from buffer to file.
[DBG@19:51:17.928] Added buffer back to pool.
[DBG@19:51:18.178] Saving buffer 8.
[DBG@19:51:18.178] Saved 4096 bytes from buffer to file.
[DBG@19:51:18.178] Added buffer back to pool.
[DBG@19:51:18.438] Saving buffer 9.
[DBG@19:51:18.438] Saved 4096 bytes from buffer to file.
[DBG@19:51:18.438] Added buffer back to pool.
[DBG@19:51:18.698] Saving buffer 10.
[DBG@19:51:18.698] Saved 4096 bytes from buffer to file.
[DBG@19:51:18.698] Added buffer back to pool.
[DBG@19:51:18.948] Saving buffer 11.
[DBG@19:51:18.948] Saved 4096 bytes from buffer to file.
[DBG@19:51:18.948] Added buffer back to pool.
[DBG@19:51:19.208] Saving buffer 12.
[DBG@19:51:19.208] Saved 4096 bytes from buffer to file.
[DBG@19:51:19.208] Added buffer back to pool.
[DBG@19:51:19.458] Saving buffer 13.
[DBG@19:51:19.458] Saved 4096 bytes from buffer to file.
[DBG@19:51:19.458] Added buffer back to pool.
[DBG@19:51:19.718] Saving buffer 14.
[DBG@19:51:19.718] Saved 4096 bytes from buffer to file.
[DBG@19:51:19.718] Added buffer back to pool.
[DBG@19:51:19.978] Saving buffer 15.
[DBG@19:51:19.978] Saved 4096 bytes from buffer to file.
[DBG@19:51:19.978] Added buffer back to pool.
[DBG@19:51:20.228] Saving buffer 0.
[DBG@19:51:20.229] Saved 4096 bytes from buffer to file.
[DBG@19:51:20.229] Added buffer back to pool.
[DBG@19:51:20.488] Saving buffer 1.
[DBG@19:51:20.488] Saved 4096 bytes from buffer to file.
[DBG@19:51:20.488] Added buffer back to pool.
[DBG@19:51:20.738] Saving buffer 2.
[DBG@19:51:20.738] Saved 4096 bytes from buffer to file.
[DBG@19:51:20.739] Added buffer back to pool.
[DBG@19:51:20.998] Saving buffer 3.
[DBG@19:51:20.998] Saved 4096 bytes from buffer to file.
[DBG@19:51:20.998] Added buffer back to pool.
[DBG@19:51:21.258] Saving buffer 4.
[DBG@19:51:21.258] Saved 4096 bytes from buffer to file.
[DBG@19:51:21.258] Added buffer back to pool.
[DBG@19:51:21.508] Saving buffer 5.
[DBG@19:51:21.508] Saved 4096 bytes from buffer to file.
[DBG@19:51:21.508] Added buffer back to pool.
[DBG@19:51:21.768] Saving buffer 6.
[DBG@19:51:21.768] Saved 4096 bytes from buffer to file.
[DBG@19:51:21.768] Added buffer back to pool.
[DBG@19:51:22.018] Saving buffer 7.
[DBG@19:51:22.018] Saved 4096 bytes from buffer to file.
[DBG@19:51:22.018] Added buffer back to pool.
[DBG@19:51:22.278] Saving buffer 8.
[DBG@19:51:22.278] Saved 4096 bytes from buffer to file.
[DBG@19:51:22.278] Added buffer back to pool.
[DBG@19:51:22.538] Saving buffer 9.
[DBG@19:51:22.538] Saved 4096 bytes from buffer to file.
[DBG@19:51:22.538] Added buffer back to pool.
[DBG@19:51:22.788] Saving buffer 10.
[DBG@19:51:22.788] Saved 4096 bytes from buffer to file.
[DBG@19:51:22.788] Added buffer back to pool.
[DBG@19:51:23.048] Saving buffer 11.
[DBG@19:51:23.048] Saved 4096 bytes from buffer to file.
[DBG@19:51:23.048] Added buffer back to pool.
[DBG@19:51:23.298] Saving buffer 12.
[DBG@19:51:23.298] Saved 4096 bytes from buffer to file.
[DBG@19:51:23.298] Added buffer back to pool.
[DBG@19:51:23.558] Saving buffer 13.
[DBG@19:51:23.558] Saved 4096 bytes from buffer to file.
[DBG@19:51:23.558] Added buffer back to pool.
[DBG@19:51:23.818] Saving buffer 14.
[DBG@19:51:23.818] Saved 4096 bytes from buffer to file.
[DBG@19:51:23.818] Added buffer back to pool.
[DBG@19:51:24.068] Saving buffer 15.
[DBG@19:51:24.068] Saved 4096 bytes from buffer to file.
[DBG@19:51:24.068] Added buffer back to pool.
[DBG@19:51:24.328] Saving buffer 0.
[DBG@19:51:24.328] Saved 4096 bytes from buffer to file.
[DBG@19:51:24.328] Added buffer back to pool.
[DBG@19:51:24.578] Saving buffer 1.
[DBG@19:51:24.578] Saved 4096 bytes from buffer to file.
[DBG@19:51:24.578] Added buffer back to pool.
[DBG@19:51:24.838] Saving buffer 2.
[DBG@19:51:24.838] Saved 4096 bytes from buffer to file.
[DBG@19:51:24.838] Added buffer back to pool.
[DBG@19:51:25.098] Saving buffer 3.
[DBG@19:51:25.098] Saved 4096 bytes from buffer to file.
[DBG@19:51:25.098] Added buffer back to pool.
[DBG@19:51:25.348] Saving buffer 4.
[DBG@19:51:25.348] Saved 4096 bytes from buffer to file.
[DBG@19:51:25.348] Added buffer back to pool.
[DBG@19:51:25.608] Saving buffer 5.
[DBG@19:51:25.608] Saved 4096 bytes from buffer to file.
[DBG@19:51:25.608] Added buffer back to pool.
[DBG@19:51:25.858] Saving buffer 6.
[DBG@19:51:25.858] Saved 4096 bytes from buffer to file.
[DBG@19:51:25.858] Added buffer back to pool.
[DBG@19:51:26.118] Saving buffer 7.
[DBG@19:51:26.118] Saved 4096 bytes from buffer to file.
[DBG@19:51:26.118] Added buffer back to pool.
[DBG@19:51:26.378] Saving buffer 8.
[DBG@19:51:26.378] Saved 4096 bytes from buffer to file.
[DBG@19:51:26.378] Added buffer back to pool.
[DBG@19:51:26.628] Saving buffer 9.
[DBG@19:51:26.628] Saved 4096 bytes from buffer to file.
[DBG@19:51:26.628] Added buffer back to pool.
[DBG@19:51:26.888] Saving buffer 10.
[DBG@19:51:26.888] Saved 4096 bytes from buffer to file.
[DBG@19:51:26.888] Added buffer back to pool.
[DBG@19:51:27.138] Saving buffer 11.
[DBG@19:51:27.138] Saved 4096 bytes from buffer to file.
[DBG@19:51:27.138] Added buffer back to pool.
[DBG@19:51:27.398] Saving buffer 12.
[DBG@19:51:27.398] Saved 4096 bytes from buffer to file.
[DBG@19:51:27.398] Added buffer back to pool.
[DBG@19:51:27.658] Saving buffer 13.
[DBG@19:51:27.658] Saved 4096 bytes from buffer to file.
[DBG@19:51:27.658] Added buffer back to pool.
[DBG@19:51:27.908] Saving buffer 14.
[DBG@19:51:27.908] Saved 4096 bytes from buffer to file.
[DBG@19:51:27.908] Added buffer back to pool.
[DBG@19:51:28.168] Saving buffer 15.
[DBG@19:51:28.168] Saved 4096 bytes from buffer to file.
[DBG@19:51:28.168] Added buffer back to pool.
[DBG@19:51:28.418] Saving buffer 0.
[DBG@19:51:28.418] Saved 4096 bytes from buffer to file.
[DBG@19:51:28.418] Added buffer back to pool.
[DBG@19:51:28.678] Saving buffer 1.
[DBG@19:51:28.678] Saved 4096 bytes from buffer to file.
[DBG@19:51:28.678] Added buffer back to pool.
[DBG@19:51:28.938] Saving buffer 2.
[DBG@19:51:28.938] Saved 4096 bytes from buffer to file.
[DBG@19:51:28.938] Added buffer back to pool.
[DBG@19:51:29.188] Saving buffer 3.
[DBG@19:51:29.188] Saved 4096 bytes from buffer to file.
[DBG@19:51:29.188] Added buffer back to pool.
[DBG@19:51:29.448] Saving buffer 4.
[DBG@19:51:29.448] Saved 4096 bytes from buffer to file.
[DBG@19:51:29.448] Added buffer back to pool.
[DBG@19:51:29.698] Saving buffer 5.
[DBG@19:51:29.698] Saved 4096 bytes from buffer to file.
[DBG@19:51:29.698] Added buffer back to pool.
[DBG@19:51:29.957] Saving buffer 6.
[DBG@19:51:29.958] Saved 4096 bytes from buffer to file.
[DBG@19:51:29.958] Added buffer back to pool.
[DBG@19:51:30.217] Saving buffer 7.
[DBG@19:51:30.218] Saved 4096 bytes from buffer to file.
[DBG@19:51:30.218] Added buffer back to pool.
[DBG@19:51:30.467] Saving buffer 8.
[DBG@19:51:30.468] Saved 4096 bytes from buffer to file.
[DBG@19:51:30.468] Added buffer back to pool.
[DBG@19:51:30.727] Saving buffer 9.
[DBG@19:51:30.728] Saved 4096 bytes from buffer to file.
[DBG@19:51:30.728] Added buffer back to pool.
[DBG@19:51:30.977] Saving buffer 10.
[DBG@19:51:30.978] Saved 4096 bytes from buffer to file.
[DBG@19:51:30.978] Added buffer back to pool.
[DBG@19:51:31.237] Saving buffer 11.
[DBG@19:51:31.238] Saved 4096 bytes from buffer to file.
[DBG@19:51:31.238] Added buffer back to pool.
[DBG@19:51:31.497] Saving buffer 12.
[DBG@19:51:31.498] Saved 4096 bytes from buffer to file.
[DBG@19:51:31.498] Added buffer back to pool.
[DBG@19:51:31.747] Saving buffer 13.
[DBG@19:51:31.748] Saved 4096 bytes from buffer to file.
[DBG@19:51:31.748] Added buffer back to pool.
[DBG@19:51:32.007] Saving buffer 14.
[DBG@19:51:32.007] Saved 4096 bytes from buffer to file.
[DBG@19:51:32.008] Added buffer back to pool.
[DBG@19:51:32.257] Saving buffer 15.
[DBG@19:51:32.257] Saved 4096 bytes from buffer to file.
[DBG@19:51:32.258] Added buffer back to pool.
[DBG@19:51:32.517] Saving buffer 0.
[DBG@19:51:32.518] Saved 4096 bytes from buffer to file.
[DBG@19:51:32.518] Added buffer back to pool.
[DBG@19:51:32.777] Saving buffer 1.
[DBG@19:51:32.778] Saved 4096 bytes from buffer to file.
[DBG@19:51:32.778] Added buffer back to pool.
[DBG@19:51:33.027] Saving buffer 2.
[DBG@19:51:33.027] Saved 4096 bytes from buffer to file.
[DBG@19:51:33.028] Added buffer back to pool.
[DBG@19:51:33.287] Saving buffer 3.
[DBG@19:51:33.287] Saved 4096 bytes from buffer to file.
[DBG@19:51:33.288] Added buffer back to pool.
[DBG@19:51:33.537] Saving buffer 4.
[DBG@19:51:33.537] Saved 4096 bytes from buffer to file.
[DBG@19:51:33.538] Added buffer back to pool.
[DBG@19:51:33.797] Saving buffer 5.
[DBG@19:51:33.797] Saved 4096 bytes from buffer to file.
[DBG@19:51:33.798] Added buffer back to pool.
[DBG@19:51:34.057] Saving buffer 6.
[DBG@19:51:34.057] Saved 4096 bytes from buffer to file.
[DBG@19:51:34.058] Added buffer back to pool.
[DBG@19:51:34.307] Saving buffer 7.
[DBG@19:51:34.307] Saved 4096 bytes from buffer to file.
[DBG@19:51:34.308] Added buffer back to pool.
[DBG@19:51:34.567] Saving buffer 8.
[DBG@19:51:34.567] Saved 4096 bytes from buffer to file.
[DBG@19:51:34.568] Added buffer back to pool.
[DBG@19:51:34.817] Saving buffer 9.
[DBG@19:51:34.817] Saved 4096 bytes from buffer to file.
[DBG@19:51:34.818] Added buffer back to pool.
[DBG@19:51:35.077] Saving buffer 10.
[DBG@19:51:35.077] Saved 4096 bytes from buffer to file.
[DBG@19:51:35.078] Added buffer back to pool.
[DBG@19:51:35.337] Saving buffer 11.
[DBG@19:51:35.337] Saved 4096 bytes from buffer to file.
[DBG@19:51:35.338] Added buffer back to pool.
[DBG@19:51:35.587] Saving buffer 12.
[DBG@19:51:35.587] Saved 4096 bytes from buffer to file.
[DBG@19:51:35.587] Added buffer back to pool.
[DBG@19:51:35.847] Saving buffer 13.
[DBG@19:51:35.847] Saved 4096 bytes from buffer to file.
[DBG@19:51:35.848] Added buffer back to pool.
[DBG@19:51:36.097] Saving buffer 14.
[DBG@19:51:36.097] Saved 4096 bytes from buffer to file.
[DBG@19:51:36.098] Added buffer back to pool.
[DBG@19:51:36.357] Saving buffer 15.
[DBG@19:51:36.357] Saved 4096 bytes from buffer to file.
[DBG@19:51:36.358] Added buffer back to pool.
[DBG@19:51:36.617] Saving buffer 0.
[DBG@19:51:36.618] Saved 4096 bytes from buffer to file.
[DBG@19:51:36.618] Added buffer back to pool.
[DBG@19:51:36.867] Saving buffer 1.
[DBG@19:51:36.867] Saved 4096 bytes from buffer to file.
[DBG@19:51:36.867] Added buffer back to pool.
[DBG@19:51:37.127] Saving buffer 2.
[DBG@19:51:37.127] Saved 4096 bytes from buffer to file.
[DBG@19:51:37.127] Added buffer back to pool.
[DBG@19:51:37.377] Saving buffer 3.
[DBG@19:51:37.377] Saved 4096 bytes from buffer to file.
[DBG@19:51:37.377] Added buffer back to pool.
[DBG@19:51:37.637] Saving buffer 4.
[DBG@19:51:37.637] Saved 4096 bytes from buffer to file.
[DBG@19:51:37.637] Added buffer back to pool.
[DBG@19:51:37.897] Saving buffer 5.
[DBG@19:51:37.897] Saved 4096 bytes from buffer to file.
[DBG@19:51:37.897] Added buffer back to pool.
[DBG@19:51:38.147] Saving buffer 6.
[DBG@19:51:38.147] Saved 4096 bytes from buffer to file.
[DBG@19:51:38.147] Added buffer back to pool.
[DBG@19:51:38.407] Saving buffer 7.
[DBG@19:51:38.407] Saved 4096 bytes from buffer to file.
[DBG@19:51:38.407] Added buffer back to pool.
[DBG@19:51:38.657] Saving buffer 8.
[DBG@19:51:38.658] Saved 4096 bytes from buffer to file.
[DBG@19:51:38.658] Added buffer back to pool.
[DBG@19:51:38.917] Saving buffer 9.
[DBG@19:51:38.918] Saved 4096 bytes from buffer to file.
[DBG@19:51:38.918] Added buffer back to pool.
[DBG@19:51:39.177] Saving buffer 10.
[DBG@19:51:39.177] Saved 4096 bytes from buffer to file.
[DBG@19:51:39.178] Added buffer back to pool.
[DBG@19:51:39.427] Saving buffer 11.
[DBG@19:51:39.428] Saved 4096 bytes from buffer to file.
[DBG@19:51:39.428] Added buffer back to pool.
[DBG@19:51:39.687] Saving buffer 12.
[DBG@19:51:39.687] Saved 4096 bytes from buffer to file.
[DBG@19:51:39.688] Added buffer back to pool.
[DBG@19:51:39.937] Saving buffer 13.
[DBG@19:51:39.937] Saved 4096 bytes from buffer to file.
[DBG@19:51:39.938] Added buffer back to pool.
[DBG@19:51:40.197] Saving buffer 14.
[DBG@19:51:40.198] Saved 4096 bytes from buffer to file.
[DBG@19:51:40.198] Added buffer back to pool.
[DBG@19:51:40.457] Saving buffer 15.
[DBG@19:51:40.457] Saved 4096 bytes from buffer to file.
[DBG@19:51:40.458] Added buffer back to pool.
[DBG@19:51:40.707] Saving buffer 0.
[DBG@19:51:40.708] Saved 4096 bytes from buffer to file.
[DBG@19:51:40.708] Added buffer back to pool.
[DBG@19:51:40.967] Saving buffer 1.
[DBG@19:51:40.967] Saved 4096 bytes from buffer to file.
[DBG@19:51:40.968] Added buffer back to pool.
[DBG@19:51:41.217] Saving buffer 2.
[DBG@19:51:41.217] Saved 4096 bytes from buffer to file.
[DBG@19:51:41.217] Added buffer back to pool.
[DBG@19:51:41.477] Saving buffer 3.
[DBG@19:51:41.477] Saved 4096 bytes from buffer to file.
[DBG@19:51:41.477] Added buffer back to pool.
[DBG@19:51:41.737] Saving buffer 4.
[DBG@19:51:41.737] Saved 4096 bytes from buffer to file.
[DBG@19:51:41.738] Added buffer back to pool.
[DBG@19:51:41.987] Saving buffer 5.
[DBG@19:51:41.987] Saved 4096 bytes from buffer to file.
[DBG@19:51:41.988] Added buffer back to pool.
[DBG@19:51:42.247] Saving buffer 6.
[DBG@19:51:42.247] Saved 4096 bytes from buffer to file.
[DBG@19:51:42.247] Added buffer back to pool.
[DBG@19:51:42.497] Saving buffer 7.
[DBG@19:51:42.497] Saved 4096 bytes from buffer to file.
[DBG@19:51:42.497] Added buffer back to pool.
[DBG@19:51:42.757] Saving buffer 8.
[DBG@19:51:42.757] Saved 4096 bytes from buffer to file.
[DBG@19:51:42.758] Added buffer back to pool.
[DBG@19:51:43.017] Saving buffer 9.
[DBG@19:51:43.017] Saved 4096 bytes from buffer to file.
[DBG@19:51:43.018] Added buffer back to pool.
[DBG@19:51:43.267] Saving buffer 10.
[DBG@19:51:43.267] Saved 4096 bytes from buffer to file.
[DBG@19:51:43.267] Added buffer back to pool.
[DBG@19:51:43.527] Saving buffer 11.
[DBG@19:51:43.527] Saved 4096 bytes from buffer to file.
[DBG@19:51:43.527] Added buffer back to pool.
[DBG@19:51:43.777] Saving buffer 12.
[DBG@19:51:43.777] Saved 4096 bytes from buffer to file.
[DBG@19:51:43.777] Added buffer back to pool.
[DBG@19:51:44.037] Saving buffer 13.
[DBG@19:51:44.037] Saved 4096 bytes from buffer to file.
[DBG@19:51:44.037] Added buffer back to pool.
[DBG@19:51:44.297] Saving buffer 14.
[DBG@19:51:44.297] Saved 4096 bytes from buffer to file.
[DBG@19:51:44.297] Added buffer back to pool.
[DBG@19:51:44.547] Saving buffer 15.
[DBG@19:51:44.547] Saved 4096 bytes from buffer to file.
[DBG@19:51:44.548] Added buffer back to pool.
[DBG@19:51:44.807] Saving buffer 0.
[DBG@19:51:44.808] Saved 4096 bytes from buffer to file.
[DBG@19:51:44.808] Added buffer back to pool.
[DBG@19:51:45.057] Saving buffer 1.
[DBG@19:51:45.057] Saved 4096 bytes from buffer to file.
[DBG@19:51:45.057] Added buffer back to pool.
[DBG@19:51:45.317] Saving buffer 2.
[DBG@19:51:45.317] Saved 4096 bytes from buffer to file.
[DBG@19:51:45.317] Added buffer back to pool.
[DBG@19:51:45.577] Saving buffer 3.
[DBG@19:51:45.577] Saved 4096 bytes from buffer to file.
[DBG@19:51:45.577] Added buffer back to pool.
[DBG@19:51:45.827] Saving buffer 4.
[DBG@19:51:45.827] Saved 4096 bytes from buffer to file.
[DBG@19:51:45.827] Added buffer back to pool.
[DBG@19:51:46.087] Saving buffer 5.
[DBG@19:51:46.087] Saved 4096 bytes from buffer to file.
[DBG@19:51:46.087] Added buffer back to pool.
[DBG@19:51:46.337] Saving buffer 6.
[DBG@19:51:46.337] Saved 4096 bytes from buffer to file.
[DBG@19:51:46.337] Added buffer back to pool.
[DBG@19:51:46.597] Saving buffer 7.
[DBG@19:51:46.597] Saved 4096 bytes from buffer to file.
[DBG@19:51:46.597] Added buffer back to pool.
[DBG@19:51:46.857] Saving buffer 8.
[DBG@19:51:46.857] Saved 4096 bytes from buffer to file.
[DBG@19:51:46.857] Added buffer back to pool.
[DBG@19:51:47.107] Saving buffer 9.
[DBG@19:51:47.107] Saved 4096 bytes from buffer to file.
[DBG@19:51:47.107] Added buffer back to pool.
[DBG@19:51:47.367] Saving buffer 10.
[DBG@19:51:47.367] Saved 4096 bytes from buffer to file.
[DBG@19:51:47.367] Added buffer back to pool.
[DBG@19:51:47.617] Saving buffer 11.
[DBG@19:51:47.617] Saved 4096 bytes from buffer to file.
[DBG@19:51:47.617] Added buffer back to pool.
[DBG@19:51:47.877] Saving buffer 12.
[DBG@19:51:47.877] Saved 4096 bytes from buffer to file.
[DBG@19:51:47.877] Added buffer back to pool.
[DBG@19:51:48.137] Saving buffer 13.
[DBG@19:51:48.137] Saved 4096 bytes from buffer to file.
[DBG@19:51:48.137] Added buffer back to pool.
[DBG@19:51:48.387] Saving buffer 14.
[DBG@19:51:48.387] Saved 4096 bytes from buffer to file.
[DBG@19:51:48.387] Added buffer back to pool.
[DBG@19:51:48.647] Saving buffer 15.
[DBG@19:51:48.647] Saved 4096 bytes from buffer to file.
[DBG@19:51:48.647] Added buffer back to pool.
[DBG@19:51:48.897] Saving buffer 0.
[DBG@19:51:48.897] Saved 4096 bytes from buffer to file.
[DBG@19:51:48.898] Added buffer back to pool.
[DBG@19:51:49.157] Saving buffer 1.
[DBG@19:51:49.157] Saved 4096 bytes from buffer to file.
[DBG@19:51:49.157] Added buffer back to pool.
[DBG@19:51:49.417] Saving buffer 2.
[DBG@19:51:49.417] Saved 4096 bytes from buffer to file.
[DBG@19:51:49.417] Added buffer back to pool.
[DBG@19:51:49.667] Saving buffer 3.
[DBG@19:51:49.667] Saved 4096 bytes from buffer to file.
[DBG@19:51:49.667] Added buffer back to pool.
[DBG@19:51:49.927] Saving buffer 4.
[DBG@19:51:49.927] Saved 4096 bytes from buffer to file.
[DBG@19:51:49.927] Added buffer back to pool.
[DBG@19:51:50.177] Saving buffer 5.
[DBG@19:51:50.177] Saved 4096 bytes from buffer to file.
[DBG@19:51:50.177] Added buffer back to pool.
[DBG@19:51:50.437] Saving buffer 6.
[DBG@19:51:50.437] Saved 4096 bytes from buffer to file.
[DBG@19:51:50.437] Added buffer back to pool.
[DBG@19:51:50.697] Saving buffer 7.
[DBG@19:51:50.697] Saved 4096 bytes from buffer to file.
[DBG@19:51:50.697] Added buffer back to pool.
[DBG@19:51:50.947] Saving buffer 8.
[DBG@19:51:50.947] Saved 4096 bytes from buffer to file.
[DBG@19:51:50.947] Added buffer back to pool.
[DBG@19:51:51.207] Saving buffer 9.
[DBG@19:51:51.207] Saved 4096 bytes from buffer to file.
[DBG@19:51:51.207] Added buffer back to pool.
[DBG@19:51:51.457] Saving buffer 10.
[DBG@19:51:51.457] Saved 4096 bytes from buffer to file.
[DBG@19:51:51.457] Added buffer back to pool.
[DBG@19:51:51.717] Saving buffer 11.
[DBG@19:51:51.717] Saved 4096 bytes from buffer to file.
[DBG@19:51:51.717] Added buffer back to pool.
[DBG@19:51:51.977] Saving buffer 12.
[DBG@19:51:51.977] Saved 4096 bytes from buffer to file.
[DBG@19:51:51.977] Added buffer back to pool.
[DBG@19:51:52.227] Saving buffer 13.
[DBG@19:51:52.227] Saved 4096 bytes from buffer to file.
[DBG@19:51:52.227] Added buffer back to pool.
[DBG@19:51:52.487] Saving buffer 14.
[DBG@19:51:52.487] Saved 4096 bytes from buffer to file.
[DBG@19:51:52.487] Added buffer back to pool.
[DBG@19:51:52.737] Saving buffer 15.
[DBG@19:51:52.737] Saved 4096 bytes from buffer to file.
[DBG@19:51:52.737] Added buffer back to pool.
[DBG@19:51:52.997] Saving buffer 0.
[DBG@19:51:52.997] Saved 4096 bytes from buffer to file.
[DBG@19:51:52.997] Added buffer back to pool.
[DBG@19:51:53.257] Saving buffer 1.
[DBG@19:51:53.257] Saved 4096 bytes from buffer to file.
[DBG@19:51:53.257] Added buffer back to pool.
[DBG@19:51:53.507] Saving buffer 2.
[DBG@19:51:53.507] Saved 4096 bytes from buffer to file.
[DBG@19:51:53.507] Added buffer back to pool.
[DBG@19:51:53.767] Saving buffer 3.
[DBG@19:51:53.767] Saved 4096 bytes from buffer to file.
[DBG@19:51:53.767] Added buffer back to pool.
[DBG@19:51:54.017] Saving buffer 4.
[DBG@19:51:54.017] Saved 4096 bytes from buffer to file.
[DBG@19:51:54.017] Added buffer back to pool.
[DBG@19:51:54.276] Saving buffer 5.
[DBG@19:51:54.277] Saved 4096 bytes from buffer to file.
[DBG@19:51:54.277] Added buffer back to pool.
[DBG@19:51:54.536] Saving buffer 6.
[DBG@19:51:54.537] Saved 4096 bytes from buffer to file.
[DBG@19:51:54.537] Added buffer back to pool.
[DBG@19:51:54.786] Saving buffer 7.
[DBG@19:51:54.787] Saved 4096 bytes from buffer to file.
[DBG@19:51:54.787] Added buffer back to pool.
[DBG@19:51:55.046] Saving buffer 8.
[DBG@19:51:55.047] Saved 4096 bytes from buffer to file.
[DBG@19:51:55.047] Added buffer back to pool.
[DBG@19:51:55.296] Saving buffer 9.
[DBG@19:51:55.297] Saved 4096 bytes from buffer to file.
[DBG@19:51:55.297] Added buffer back to pool.
[DBG@19:51:55.556] Saving buffer 10.
[DBG@19:51:55.557] Saved 4096 bytes from buffer to file.
[DBG@19:51:55.557] Added buffer back to pool.
[DBG@19:51:55.816] Saving buffer 11.
[DBG@19:51:55.817] Saved 4096 bytes from buffer to file.
[DBG@19:51:55.817] Added buffer back to pool.
[DBG@19:51:56.066] Saving buffer 12.
[DBG@19:51:56.067] Saved 4096 bytes from buffer to file.
[DBG@19:51:56.067] Added buffer back to pool.
[DBG@19:51:56.326] Saving buffer 13.
[DBG@19:51:56.327] Saved 4096 bytes from buffer to file.
[DBG@19:51:56.327] Added buffer back to pool.
[DBG@19:51:56.576] Saving buffer 14.
[DBG@19:51:56.577] Saved 4096 bytes from buffer to file.
[DBG@19:51:56.577] Added buffer back to pool.
[DBG@19:51:56.837] Saving buffer 15.
[DBG@19:51:56.837] Saved 4096 bytes from buffer to file.
[DBG@19:51:56.837] Added buffer back to pool.
[DBG@19:51:57.096] Saving buffer 0.
[DBG@19:51:57.098] Saved 4096 bytes from buffer to file.
[DBG@19:51:57.131] Added buffer back to pool.
[DBG@19:51:57.346] Saving buffer 1.
[DBG@19:51:57.347] Saved 4096 bytes from buffer to file.
[DBG@19:51:57.347] Added buffer back to pool.
[DBG@19:51:57.606] Saving buffer 2.
[DBG@19:51:57.607] Saved 4096 bytes from buffer to file.
[DBG@19:51:57.607] Added buffer back to pool.
[DBG@19:51:57.856] Saving buffer 3.
[DBG@19:51:57.857] Saved 4096 bytes from buffer to file.
[DBG@19:51:57.857] Added buffer back to pool.
[DBG@19:51:58.116] Saving buffer 4.
[DBG@19:51:58.116] Saved 4096 bytes from buffer to file.
[DBG@19:51:58.117] Added buffer back to pool.
[DBG@19:51:58.376] Saving buffer 5.
[DBG@19:51:58.376] Saved 4096 bytes from buffer to file.
[DBG@19:51:58.377] Added buffer back to pool.
[DBG@19:51:58.626] Saving buffer 6.
[DBG@19:51:58.626] Saved 4096 bytes from buffer to file.
[DBG@19:51:58.627] Added buffer back to pool.
[DBG@19:51:58.886] Saving buffer 7.
[DBG@19:51:58.886] Saved 4096 bytes from buffer to file.
[DBG@19:51:58.887] Added buffer back to pool.
[DBG@19:51:59.136] Saving buffer 8.
[DBG@19:51:59.136] Saved 4096 bytes from buffer to file.
[DBG@19:51:59.137] Added buffer back to pool.
[DBG@19:51:59.396] Saving buffer 9.
[DBG@19:51:59.396] Saved 4096 bytes from buffer to file.
[DBG@19:51:59.397] Added buffer back to pool.
[DBG@19:51:59.656] Saving buffer 10.
[DBG@19:51:59.656] Saved 4096 bytes from buffer to file.
[DBG@19:51:59.657] Added buffer back to pool.
[DBG@19:51:59.906] Saving buffer 11.
[DBG@19:51:59.906] Saved 4096 bytes from buffer to file.
[DBG@19:51:59.907] Added buffer back to pool.
[DBG@19:52:00.166] Saving buffer 12.
[DBG@19:52:00.166] Saved 4096 bytes from buffer to file.
[DBG@19:52:00.167] Added buffer back to pool.
[DBG@19:52:00.416] Saving buffer 13.
[DBG@19:52:00.416] Saved 4096 bytes from buffer to file.
[DBG@19:52:00.416] Added buffer back to pool.
[DBG@19:52:00.676] Saving buffer 14.
[DBG@19:52:00.676] Saved 4096 bytes from buffer to file.
[DBG@19:52:00.676] Added buffer back to pool.
[DBG@19:52:00.936] Saving buffer 15.
[DBG@19:52:00.936] Saved 4096 bytes from buffer to file.
[DBG@19:52:00.936] Added buffer back to pool.
[DBG@19:52:01.186] Saving buffer 0.
[DBG@19:52:01.187] Saved 4096 bytes from buffer to file.
[DBG@19:52:01.187] Added buffer back to pool.
[DBG@19:52:01.446] Saving buffer 1.
[DBG@19:52:01.446] Saved 4096 bytes from buffer to file.
[DBG@19:52:01.447] Added buffer back to pool.
[DBG@19:52:01.696] Saving buffer 2.
[DBG@19:52:01.696] Saved 4096 bytes from buffer to file.
[DBG@19:52:01.696] Added buffer back to pool.
[DBG@19:52:01.956] Saving buffer 3.
[DBG@19:52:01.956] Saved 4096 bytes from buffer to file.
[DBG@19:52:01.956] Added buffer back to pool.
[DBG@19:52:02.216] Saving buffer 4.
[DBG@19:52:02.216] Saved 4096 bytes from buffer to file.
[DBG@19:52:02.217] Added buffer back to pool.
[DBG@19:52:02.466] Saving buffer 5.
[DBG@19:52:02.466] Saved 4096 bytes from buffer to file.
[DBG@19:52:02.467] Added buffer back to pool.
[DBG@19:52:02.726] Saving buffer 6.
[DBG@19:52:02.726] Saved 4096 bytes from buffer to file.
[DBG@19:52:02.726] Added buffer back to pool.
[DBG@19:52:02.976] Saving buffer 7.
[DBG@19:52:02.977] Saved 4096 bytes from buffer to file.
[DBG@19:52:02.977] Added buffer back to pool.
[DBG@19:52:03.236] Saving buffer 8.
[DBG@19:52:03.236] Saved 4096 bytes from buffer to file.
[DBG@19:52:03.236] Added buffer back to pool.
[DBG@19:52:03.496] Saving buffer 9.
[DBG@19:52:03.496] Saved 4096 bytes from buffer to file.
[DBG@19:52:03.496] Added buffer back to pool.
[DBG@19:52:03.746] Saving buffer 10.
[DBG@19:52:03.746] Saved 4096 bytes from buffer to file.
[DBG@19:52:03.746] Added buffer back to pool.
[DBG@19:52:04.006] Saving buffer 11.
[DBG@19:52:04.006] Saved 4096 bytes from buffer to file.
[DBG@19:52:04.006] Added buffer back to pool.
[DBG@19:52:04.256] Saving buffer 12.
[DBG@19:52:04.256] Saved 4096 bytes from buffer to file.
[DBG@19:52:04.256] Added buffer back to pool.
[DBG@19:52:04.516] Saving buffer 13.
[DBG@19:52:04.516] Saved 4096 bytes from buffer to file.
[DBG@19:52:04.516] Added buffer back to pool.
[DBG@19:52:04.776] Saving buffer 14.
[DBG@19:52:04.776] Saved 4096 bytes from buffer to file.
[DBG@19:52:04.776] Added buffer back to pool.
[DBG@19:52:05.026] Saving buffer 15.
[DBG@19:52:05.026] Saved 4096 bytes from buffer to file.
[DBG@19:52:05.026] Added buffer back to pool.
[DBG@19:52:05.286] Saving buffer 0.
[DBG@19:52:05.288] Saved 4096 bytes from buffer to file.
[DBG@19:52:05.288] Added buffer back to pool.
[DBG@19:52:05.536] Saving buffer 1.
[DBG@19:52:05.536] Saved 4096 bytes from buffer to file.
[DBG@19:52:05.537] Added buffer back to pool.
[DBG@19:52:05.796] Saving buffer 2.
[DBG@19:52:05.796] Saved 4096 bytes from buffer to file.
[DBG@19:52:05.796] Added buffer back to pool.
[DBG@19:52:06.056] Saving buffer 3.
[DBG@19:52:06.056] Saved 4096 bytes from buffer to file.
[DBG@19:52:06.056] Added buffer back to pool.
[DBG@19:52:06.306] Saving buffer 4.
[DBG@19:52:06.306] Saved 4096 bytes from buffer to file.
[DBG@19:52:06.306] Added buffer back to pool.
[DBG@19:52:06.566] Saving buffer 5.
[DBG@19:52:06.566] Saved 4096 bytes from buffer to file.
[DBG@19:52:06.566] Added buffer back to pool.
[DBG@19:52:06.816] Saving buffer 6.
[DBG@19:52:06.816] Saved 4096 bytes from buffer to file.
[DBG@19:52:06.816] Added buffer back to pool.
[DBG@19:52:07.076] Saving buffer 7.
[DBG@19:52:07.076] Saved 4096 bytes from buffer to file.
[DBG@19:52:07.076] Added buffer back to pool.
[DBG@19:52:07.336] Saving buffer 8.
[DBG@19:52:07.336] Saved 4096 bytes from buffer to file.
[DBG@19:52:07.337] Added buffer back to pool.
[DBG@19:52:07.586] Saving buffer 9.
[DBG@19:52:07.586] Saved 4096 bytes from buffer to file.
[DBG@19:52:07.586] Added buffer back to pool.
[DBG@19:52:07.846] Saving buffer 10.
[DBG@19:52:07.846] Saved 4096 bytes from buffer to file.
[DBG@19:52:07.846] Added buffer back to pool.
[DBG@19:52:08.096] Saving buffer 11.
[DBG@19:52:08.096] Saved 4096 bytes from buffer to file.
[DBG@19:52:08.097] Added buffer back to pool.
[DBG@19:52:08.356] Saving buffer 12.
[DBG@19:52:08.356] Saved 4096 bytes from buffer to file.
[DBG@19:52:08.356] Added buffer back to pool.
[DBG@19:52:08.616] Saving buffer 13.
[DBG@19:52:08.616] Saved 4096 bytes from buffer to file.
[DBG@19:52:08.616] Added buffer back to pool.
[DBG@19:52:08.866] Saving buffer 14.
[DBG@19:52:08.866] Saved 4096 bytes from buffer to file.
[DBG@19:52:08.866] Added buffer back to pool.
[DBG@19:52:09.126] Saving buffer 15.
[DBG@19:52:09.126] Saved 4096 bytes from buffer to file.
[DBG@19:52:09.126] Added buffer back to pool.
[DBG@19:52:09.376] Saving buffer 0.
[DBG@19:52:09.377] Saved 4096 bytes from buffer to file.
[DBG@19:52:09.377] Added buffer back to pool.
[DBG@19:52:09.636] Saving buffer 1.
[DBG@19:52:09.636] Saved 4096 bytes from buffer to file.
[DBG@19:52:09.636] Added buffer back to pool.
[DBG@19:52:09.896] Saving buffer 2.
[DBG@19:52:09.896] Saved 4096 bytes from buffer to file.
[DBG@19:52:09.896] Added buffer back to pool.
[DBG@19:52:10.146] Saving buffer 3.
[DBG@19:52:10.146] Saved 4096 bytes from buffer to file.
[DBG@19:52:10.146] Added buffer back to pool.
[DBG@19:52:10.406] Saving buffer 4.
[DBG@19:52:10.406] Saved 4096 bytes from buffer to file.
[DBG@19:52:10.406] Added buffer back to pool.
[DBG@19:52:10.656] Saving buffer 5.
[DBG@19:52:10.656] Saved 4096 bytes from buffer to file.
[DBG@19:52:10.656] Added buffer back to pool.
[DBG@19:52:10.916] Saving buffer 6.
[DBG@19:52:10.916] Saved 4096 bytes from buffer to file.
[DBG@19:52:10.916] Added buffer back to pool.
[DBG@19:52:11.176] Saving buffer 7.
[DBG@19:52:11.176] Saved 4096 bytes from buffer to file.
[DBG@19:52:11.176] Added buffer back to pool.
[DBG@19:52:11.426] Saving buffer 8.
[DBG@19:52:11.426] Saved 4096 bytes from buffer to file.
[DBG@19:52:11.426] Added buffer back to pool.
[DBG@19:52:11.686] Saving buffer 9.
[DBG@19:52:11.686] Saved 4096 bytes from buffer to file.
[DBG@19:52:11.686] Added buffer back to pool.
[DBG@19:52:11.936] Saving buffer 10.
[DBG@19:52:11.936] Saved 4096 bytes from buffer to file.
[DBG@19:52:11.936] Added buffer back to pool.
[DBG@19:52:12.196] Saving buffer 11.
[DBG@19:52:12.196] Saved 4096 bytes from buffer to file.
[DBG@19:52:12.197] Added buffer back to pool.
[DBG@19:52:12.456] Saving buffer 12.
[DBG@19:52:12.456] Saved 4096 bytes from buffer to file.
[DBG@19:52:12.456] Added buffer back to pool.
[DBG@19:52:12.706] Saving buffer 13.
[DBG@19:52:12.706] Saved 4096 bytes from buffer to file.
[DBG@19:52:12.707] Added buffer back to pool.
[DBG@19:52:12.966] Saving buffer 14.
[DBG@19:52:12.966] Saved 4096 bytes from buffer to file.
[DBG@19:52:12.967] Added buffer back to pool.
[DBG@19:52:13.216] Saving buffer 15.
[DBG@19:52:13.216] Saved 4096 bytes from buffer to file.
[DBG@19:52:13.216] Added buffer back to pool.
[DBG@19:52:13.476] Saving buffer 0.
[DBG@19:52:13.477] Saved 4096 bytes from buffer to file.
[DBG@19:52:13.477] Added buffer back to pool.
[DBG@19:52:13.736] Saving buffer 1.
[DBG@19:52:13.736] Saved 4096 bytes from buffer to file.
[DBG@19:52:13.736] Added buffer back to pool.
[DBG@19:52:13.986] Saving buffer 2.
[DBG@19:52:13.986] Saved 4096 bytes from buffer to file.
[DBG@19:52:13.986] Added buffer back to pool.
[DBG@19:52:14.246] Saving buffer 3.
[DBG@19:52:14.246] Saved 4096 bytes from buffer to file.
[DBG@19:52:14.246] Added buffer back to pool.
[DBG@19:52:14.496] Saving buffer 4.
[DBG@19:52:14.496] Saved 4096 bytes from buffer to file.
[DBG@19:52:14.496] Added buffer back to pool.
[DBG@19:52:14.756] Saving buffer 5.
[DBG@19:52:14.756] Saved 4096 bytes from buffer to file.
[DBG@19:52:14.756] Added buffer back to pool.
[DBG@19:52:15.016] Saving buffer 6.
[DBG@19:52:15.016] Saved 4096 bytes from buffer to file.
[DBG@19:52:15.016] Added buffer back to pool.
[DBG@19:52:15.266] Saving buffer 7.
[DBG@19:52:15.266] Saved 4096 bytes from buffer to file.
[DBG@19:52:15.266] Added buffer back to pool.
[DBG@19:52:15.526] Saving buffer 8.
[DBG@19:52:15.526] Saved 4096 bytes from buffer to file.
[DBG@19:52:15.526] Added buffer back to pool.
[DBG@19:52:15.776] Saving buffer 9.
[DBG@19:52:15.776] Saved 4096 bytes from buffer to file.
[DBG@19:52:15.776] Added buffer back to pool.
[DBG@19:52:16.036] Saving buffer 10.
[DBG@19:52:16.036] Saved 4096 bytes from buffer to file.
[DBG@19:52:16.036] Added buffer back to pool.
[DBG@19:52:16.296] Saving buffer 11.
[DBG@19:52:16.296] Saved 4096 bytes from buffer to file.
[DBG@19:52:16.296] Added buffer back to pool.
[DBG@19:52:16.546] Saving buffer 12.
[DBG@19:52:16.546] Saved 4096 bytes from buffer to file.
[DBG@19:52:16.546] Added buffer back to pool.
[DBG@19:52:16.806] Saving buffer 13.
[DBG@19:52:16.806] Saved 4096 bytes from buffer to file.
[DBG@19:52:16.806] Added buffer back to pool.
[DBG@19:52:17.056] Saving buffer 14.
[DBG@19:52:17.056] Saved 4096 bytes from buffer to file.
[DBG@19:52:17.056] Added buffer back to pool.
[DBG@19:52:17.316] Saving buffer 15.
[DBG@19:52:17.316] Saved 4096 bytes from buffer to file.
[DBG@19:52:17.316] Added buffer back to pool.
[DBG@19:52:17.576] Saving buffer 0.
[DBG@19:52:17.576] Saved 4096 bytes from buffer to file.
[DBG@19:52:17.576] Added buffer back to pool.
[DBG@19:52:17.826] Saving buffer 1.
[DBG@19:52:17.826] Saved 4096 bytes from buffer to file.
[DBG@19:52:17.826] Added buffer back to pool.
[DBG@19:52:18.086] Saving buffer 2.
[DBG@19:52:18.086] Saved 4096 bytes from buffer to file.
[DBG@19:52:18.086] Added buffer back to pool.
[DBG@19:52:18.336] Saving buffer 3.
[DBG@19:52:18.336] Saved 4096 bytes from buffer to file.
[DBG@19:52:18.336] Added buffer back to pool.
[DBG@19:52:18.596] Saving buffer 4.
[DBG@19:52:18.596] Saved 4096 bytes from buffer to file.
[DBG@19:52:18.596] Added buffer back to pool.
[DBG@19:52:18.855] Saving buffer 5.
[DBG@19:52:18.856] Saved 4096 bytes from buffer to file.
[DBG@19:52:18.856] Added buffer back to pool.
[DBG@19:52:19.105] Saving buffer 6.
[DBG@19:52:19.106] Saved 4096 bytes from buffer to file.
[DBG@19:52:19.106] Added buffer back to pool.
[DBG@19:52:19.365] Saving buffer 7.
[DBG@19:52:19.366] Saved 4096 bytes from buffer to file.
[DBG@19:52:19.366] Added buffer back to pool.
[DBG@19:52:19.615] Saving buffer 8.
[DBG@19:52:19.616] Saved 4096 bytes from buffer to file.
[DBG@19:52:19.616] Added buffer back to pool.
[DBG@19:52:19.875] Saving buffer 9.
[DBG@19:52:19.876] Saved 4096 bytes from buffer to file.
[DBG@19:52:19.876] Added buffer back to pool.
[DBG@19:52:20.136] Saving buffer 10.
[DBG@19:52:20.136] Saved 4096 bytes from buffer to file.
[DBG@19:52:20.136] Added buffer back to pool.
[DBG@19:52:20.385] Saving buffer 11.
[DBG@19:52:20.386] Saved 4096 bytes from buffer to file.
[DBG@19:52:20.386] Added buffer back to pool.
[DBG@19:52:20.645] Saving buffer 12.
[DBG@19:52:20.646] Saved 4096 bytes from buffer to file.
[DBG@19:52:20.646] Added buffer back to pool.
[DBG@19:52:20.896] Saving buffer 13.
[DBG@19:52:20.896] Saved 4096 bytes from buffer to file.
[DBG@19:52:20.896] Added buffer back to pool.
[DBG@19:52:21.155] Saving buffer 14.
[DBG@19:52:21.156] Saved 4096 bytes from buffer to file.
[DBG@19:52:21.156] Added buffer back to pool.
[DBG@19:52:21.416] Saving buffer 15.
[DBG@19:52:21.416] Saved 4096 bytes from buffer to file.
[DBG@19:52:21.416] Added buffer back to pool.
[DBG@19:52:21.665] Saving buffer 0.
[DBG@19:52:21.666] Saved 4096 bytes from buffer to file.
[DBG@19:52:21.666] Added buffer back to pool.
[DBG@19:52:21.925] Saving buffer 1.
[DBG@19:52:21.926] Saved 4096 bytes from buffer to file.
[DBG@19:52:21.926] Added buffer back to pool.
[DBG@19:52:22.175] Saving buffer 2.
[DBG@19:52:22.176] Saved 4096 bytes from buffer to file.
[DBG@19:52:22.176] Added buffer back to pool.
[DBG@19:52:22.435] Saving buffer 3.
[DBG@19:52:22.435] Saved 4096 bytes from buffer to file.
[DBG@19:52:22.436] Added buffer back to pool.
[DBG@19:52:22.695] Saving buffer 4.
[DBG@19:52:22.696] Saved 4096 bytes from buffer to file.
[DBG@19:52:22.696] Added buffer back to pool.
[DBG@19:52:22.945] Saving buffer 5.
[DBG@19:52:22.945] Saved 4096 bytes from buffer to file.
[DBG@19:52:22.946] Added buffer back to pool.
[DBG@19:52:23.205] Saving buffer 6.
[DBG@19:52:23.205] Saved 4096 bytes from buffer to file.
[DBG@19:52:23.206] Added buffer back to pool.
[DBG@19:52:23.455] Saving buffer 7.
[DBG@19:52:23.455] Saved 4096 bytes from buffer to file.
[DBG@19:52:23.456] Added buffer back to pool.
[DBG@19:52:23.715] Saving buffer 8.
[DBG@19:52:23.715] Saved 4096 bytes from buffer to file.
[DBG@19:52:23.716] Added buffer back to pool.
[DBG@19:52:23.975] Saving buffer 9.
[DBG@19:52:23.975] Saved 4096 bytes from buffer to file.
[DBG@19:52:23.976] Added buffer back to pool.
[DBG@19:52:24.225] Saving buffer 10.
[DBG@19:52:24.225] Saved 4096 bytes from buffer to file.
[DBG@19:52:24.226] Added buffer back to pool.
[DBG@19:52:24.485] Saving buffer 11.
[DBG@19:52:24.485] Saved 4096 bytes from buffer to file.
[DBG@19:52:24.486] Added buffer back to pool.
[DBG@19:52:24.735] Saving buffer 12.
[DBG@19:52:24.735] Saved 4096 bytes from buffer to file.
[DBG@19:52:24.735] Added buffer back to pool.
[DBG@19:52:24.995] Saving buffer 13.
[DBG@19:52:24.995] Saved 4096 bytes from buffer to file.
[DBG@19:52:24.995] Added buffer back to pool.
[DBG@19:52:25.255] Saving buffer 14.
[DBG@19:52:25.256] Saved 4096 bytes from buffer to file.
[DBG@19:52:25.256] Added buffer back to pool.
[DBG@19:52:25.505] Saving buffer 15.
[DBG@19:52:25.505] Saved 4096 bytes from buffer to file.
[DBG@19:52:25.506] Added buffer back to pool.
[DBG@19:52:25.765] Saving buffer 0.
[DBG@19:52:25.766] Saved 4096 bytes from buffer to file.
[DBG@19:52:25.767] Added buffer back to pool.
[DBG@19:52:26.015] Saving buffer 1.
[DBG@19:52:26.015] Saved 4096 bytes from buffer to file.
[DBG@19:52:26.015] Added buffer back to pool.
[DBG@19:52:26.275] Saving buffer 2.
[DBG@19:52:26.275] Saved 4096 bytes from buffer to file.
[DBG@19:52:26.277] Added buffer back to pool.
[DBG@19:52:26.535] Saving buffer 3.
[DBG@19:52:26.535] Saved 4096 bytes from buffer to file.
[DBG@19:52:26.535] Added buffer back to pool.
[DBG@19:52:26.785] Saving buffer 4.
[DBG@19:52:26.785] Saved 4096 bytes from buffer to file.
[DBG@19:52:26.785] Added buffer back to pool.
[DBG@19:52:27.045] Saving buffer 5.
[DBG@19:52:27.045] Saved 4096 bytes from buffer to file.
[DBG@19:52:27.045] Added buffer back to pool.
[DBG@19:52:27.295] Saving buffer 6.
[DBG@19:52:27.295] Saved 4096 bytes from buffer to file.
[DBG@19:52:27.296] Added buffer back to pool.
[DBG@19:52:27.555] Saving buffer 7.
[DBG@19:52:27.555] Saved 4096 bytes from buffer to file.
[DBG@19:52:27.555] Added buffer back to pool.
[DBG@19:52:27.815] Saving buffer 8.
[DBG@19:52:27.815] Saved 4096 bytes from buffer to file.
[DBG@19:52:27.815] Added buffer back to pool.
[DBG@19:52:28.065] Saving buffer 9.
[DBG@19:52:28.065] Saved 4096 bytes from buffer to file.
[DBG@19:52:28.065] Added buffer back to pool.
[DBG@19:52:28.325] Saving buffer 10.
[DBG@19:52:28.325] Saved 4096 bytes from buffer to file.
[DBG@19:52:28.326] Added buffer back to pool.
[DBG@19:52:28.575] Saving buffer 11.
[DBG@19:52:28.575] Saved 4096 bytes from buffer to file.
[DBG@19:52:28.575] Added buffer back to pool.
[DBG@19:52:28.835] Saving buffer 12.
[DBG@19:52:28.835] Saved 4096 bytes from buffer to file.
[DBG@19:52:28.835] Added buffer back to pool.
[DBG@19:52:29.095] Saving buffer 13.
[DBG@19:52:29.095] Saved 4096 bytes from buffer to file.
[DBG@19:52:29.095] Added buffer back to pool.
[DBG@19:52:29.345] Saving buffer 14.
[DBG@19:52:29.346] Saved 4096 bytes from buffer to file.
[DBG@19:52:29.346] Added buffer back to pool.
[DBG@19:52:29.605] Saving buffer 15.
[DBG@19:52:29.605] Saved 4096 bytes from buffer to file.
[DBG@19:52:29.605] Added buffer back to pool.
[DBG@19:52:29.855] Saving buffer 0.
[DBG@19:52:29.856] Saved 4096 bytes from buffer to file.
[DBG@19:52:29.856] Added buffer back to pool.
[DBG@19:52:30.115] Saving buffer 1.
[DBG@19:52:30.115] Saved 4096 bytes from buffer to file.
[DBG@19:52:30.115] Added buffer back to pool.
[DBG@19:52:30.375] Saving buffer 2.
[DBG@19:52:30.375] Saved 4096 bytes from buffer to file.
[DBG@19:52:30.375] Added buffer back to pool.
[DBG@19:52:30.625] Saving buffer 3.
[DBG@19:52:30.625] Saved 4096 bytes from buffer to file.
[DBG@19:52:30.625] Added buffer back to pool.
[DBG@19:52:30.885] Saving buffer 4.
[DBG@19:52:30.885] Saved 4096 bytes from buffer to file.
[DBG@19:52:30.885] Added buffer back to pool.
[DBG@19:52:31.135] Saving buffer 5.
[DBG@19:52:31.135] Saved 4096 bytes from buffer to file.
[DBG@19:52:31.135] Added buffer back to pool.
[DBG@19:52:31.395] Saving buffer 6.
[DBG@19:52:31.395] Saved 4096 bytes from buffer to file.
[DBG@19:52:31.395] Added buffer back to pool.
[DBG@19:52:31.655] Saving buffer 7.
[DBG@19:52:31.655] Saved 4096 bytes from buffer to file.
[DBG@19:52:31.655] Added buffer back to pool.
[DBG@19:52:31.905] Saving buffer 8.
[DBG@19:52:31.905] Saved 4096 bytes from buffer to file.
[DBG@19:52:31.905] Added buffer back to pool.
[DBG@19:52:32.165] Saving buffer 9.
[DBG@19:52:32.165] Saved 4096 bytes from buffer to file.
[DBG@19:52:32.165] Added buffer back to pool.
[DBG@19:52:32.415] Saving buffer 10.
[DBG@19:52:32.415] Saved 4096 bytes from buffer to file.
[DBG@19:52:32.415] Added buffer back to pool.
[DBG@19:52:32.675] Saving buffer 11.
[DBG@19:52:32.675] Saved 4096 bytes from buffer to file.
[DBG@19:52:32.675] Added buffer back to pool.
[DBG@19:52:32.935] Saving buffer 12.
[DBG@19:52:32.935] Saved 4096 bytes from buffer to file.
[DBG@19:52:32.935] Added buffer back to pool.
[DBG@19:52:33.185] Saving buffer 13.
[DBG@19:52:33.185] Saved 4096 bytes from buffer to file.
[DBG@19:52:33.185] Added buffer back to pool.
[DBG@19:52:33.445] Saving buffer 14.
[DBG@19:52:33.445] Saved 4096 bytes from buffer to file.
[DBG@19:52:33.445] Added buffer back to pool.
[DBG@19:52:33.695] Saving buffer 15.
[DBG@19:52:33.695] Saved 4096 bytes from buffer to file.
[DBG@19:52:33.695] Added buffer back to pool.
[DBG@19:52:33.955] Saving buffer 0.
[DBG@19:52:33.956] Saved 4096 bytes from buffer to file.
[DBG@19:52:33.956] Added buffer back to pool.
[DBG@19:52:34.215] Saving buffer 1.
[DBG@19:52:34.215] Saved 4096 bytes from buffer to file.
[DBG@19:52:34.215] Added buffer back to pool.
[DBG@19:52:34.465] Saving buffer 2.
[DBG@19:52:34.465] Saved 4096 bytes from buffer to file.
[DBG@19:52:34.465] Added buffer back to pool.
[DBG@19:52:34.725] Saving buffer 3.
[DBG@19:52:34.725] Saved 4096 bytes from buffer to file.
[DBG@19:52:34.725] Added buffer back to pool.
[DBG@19:52:34.975] Saving buffer 4.
[DBG@19:52:34.975] Saved 4096 bytes from buffer to file.
[DBG@19:52:34.975] Added buffer back to pool.
[DBG@19:52:35.235] Saving buffer 5.
[DBG@19:52:35.235] Saved 4096 bytes from buffer to file.
[DBG@19:52:35.235] Added buffer back to pool.
[DBG@19:52:35.495] Saving buffer 6.
[DBG@19:52:35.495] Saved 4096 bytes from buffer to file.
[DBG@19:52:35.495] Added buffer back to pool.
[DBG@19:52:35.745] Saving buffer 7.
[DBG@19:52:35.745] Saved 4096 bytes from buffer to file.
[DBG@19:52:35.745] Added buffer back to pool.
[DBG@19:52:36.005] Saving buffer 8.
[DBG@19:52:36.005] Saved 4096 bytes from buffer to file.
[DBG@19:52:36.005] Added buffer back to pool.
[DBG@19:52:36.255] Saving buffer 9.
[DBG@19:52:36.255] Saved 4096 bytes from buffer to file.
[DBG@19:52:36.255] Added buffer back to pool.
[DBG@19:52:36.515] Saving buffer 10.
[DBG@19:52:36.515] Saved 4096 bytes from buffer to file.
[DBG@19:52:36.515] Added buffer back to pool.
[DBG@19:52:36.775] Saving buffer 11.
[DBG@19:52:36.775] Saved 4096 bytes from buffer to file.
[DBG@19:52:36.775] Added buffer back to pool.
[DBG@19:52:37.025] Saving buffer 12.
[DBG@19:52:37.025] Saved 4096 bytes from buffer to file.
[DBG@19:52:37.025] Added buffer back to pool.
[DBG@19:52:37.285] Saving buffer 13.
[DBG@19:52:37.285] Saved 4096 bytes from buffer to file.
[DBG@19:52:37.285] Added buffer back to pool.
[DBG@19:52:37.535] Saving buffer 14.
[DBG@19:52:37.535] Saved 4096 bytes from buffer to file.
[DBG@19:52:37.535] Added buffer back to pool.
[DBG@19:52:37.795] Saving buffer 15.
[DBG@19:52:37.795] Saved 4096 bytes from buffer to file.
[DBG@19:52:37.795] Added buffer back to pool.
[DBG@19:52:38.055] Saving buffer 0.
[DBG@19:52:38.056] Saved 4096 bytes from buffer to file.
[DBG@19:52:38.056] Added buffer back to pool.
[DBG@19:52:38.305] Saving buffer 1.
[DBG@19:52:38.305] Saved 4096 bytes from buffer to file.
[DBG@19:52:38.305] Added buffer back to pool.
[DBG@19:52:38.565] Saving buffer 2.
[DBG@19:52:38.565] Saved 4096 bytes from buffer to file.
[DBG@19:52:38.565] Added buffer back to pool.
[DBG@19:52:38.815] Saving buffer 3.
[DBG@19:52:38.815] Saved 4096 bytes from buffer to file.
[DBG@19:52:38.815] Added buffer back to pool.
[DBG@19:52:39.075] Saving buffer 4.
[DBG@19:52:39.075] Saved 4096 bytes from buffer to file.
[DBG@19:52:39.075] Added buffer back to pool.
[DBG@19:52:39.335] Saving buffer 5.
[DBG@19:52:39.335] Saved 4096 bytes from buffer to file.
[DBG@19:52:39.335] Added buffer back to pool.
[DBG@19:52:39.585] Saving buffer 6.
[DBG@19:52:39.585] Saved 4096 bytes from buffer to file.
[DBG@19:52:39.585] Added buffer back to pool.
[DBG@19:52:39.845] Saving buffer 7.
[DBG@19:52:39.845] Saved 4096 bytes from buffer to file.
[DBG@19:52:39.845] Added buffer back to pool.
[DBG@19:52:40.095] Saving buffer 8.
[DBG@19:52:40.095] Saved 4096 bytes from buffer to file.
[DBG@19:52:40.095] Added buffer back to pool.
[DBG@19:52:40.355] Saving buffer 9.
[DBG@19:52:40.355] Saved 4096 bytes from buffer to file.
[DBG@19:52:40.355] Added buffer back to pool.
[DBG@19:52:40.615] Saving buffer 10.
[DBG@19:52:40.615] Saved 4096 bytes from buffer to file.
[DBG@19:52:40.615] Added buffer back to pool.
[DBG@19:52:40.865] Saving buffer 11.
[DBG@19:52:40.865] Saved 4096 bytes from buffer to file.
[DBG@19:52:40.865] Added buffer back to pool.
[DBG@19:52:41.125] Saving buffer 12.
[DBG@19:52:41.125] Saved 4096 bytes from buffer to file.
[DBG@19:52:41.125] Added buffer back to pool.
[DBG@19:52:41.375] Saving buffer 13.
[DBG@19:52:41.375] Saved 4096 bytes from buffer to file.
[DBG@19:52:41.375] Added buffer back to pool.
[DBG@19:52:41.635] Saving buffer 14.
[DBG@19:52:41.635] Saved 4096 bytes from buffer to file.
[DBG@19:52:41.635] Added buffer back to pool.
[DBG@19:52:41.895] Saving buffer 15.
[DBG@19:52:41.895] Saved 4096 bytes from buffer to file.
[DBG@19:52:41.895] Added buffer back to pool.
[DBG@19:52:42.145] Saving buffer 0.
[DBG@19:52:42.145] Saved 4096 bytes from buffer to file.
[DBG@19:52:42.145] Added buffer back to pool.
[DBG@19:52:42.405] Saving buffer 1.
[DBG@19:52:42.405] Saved 4096 bytes from buffer to file.
[DBG@19:52:42.405] Added buffer back to pool.
[DBG@19:52:42.655] Saving buffer 2.
[DBG@19:52:42.655] Saved 4096 bytes from buffer to file.
[DBG@19:52:42.655] Added buffer back to pool.
[DBG@19:52:42.915] Saving buffer 3.
[DBG@19:52:42.915] Saved 4096 bytes from buffer to file.
[DBG@19:52:42.915] Added buffer back to pool.
[DBG@19:52:43.175] Saving buffer 4.
[DBG@19:52:43.175] Saved 4096 bytes from buffer to file.
[DBG@19:52:43.175] Added buffer back to pool.
[DBG@19:52:43.425] Saving buffer 5.
[DBG@19:52:43.425] Saved 4096 bytes from buffer to file.
[DBG@19:52:43.425] Added buffer back to pool.
[DBG@19:52:43.685] Saving buffer 6.
[DBG@19:52:43.685] Saved 4096 bytes from buffer to file.
[DBG@19:52:43.685] Added buffer back to pool.
[DBG@19:52:43.934] Saving buffer 7.
[DBG@19:52:43.935] Saved 4096 bytes from buffer to file.
[DBG@19:52:43.935] Added buffer back to pool.
[DBG@19:52:44.195] Saving buffer 8.
[DBG@19:52:44.195] Saved 4096 bytes from buffer to file.
[DBG@19:52:44.195] Added buffer back to pool.
[DBG@19:52:44.454] Saving buffer 9.
[DBG@19:52:44.455] Saved 4096 bytes from buffer to file.
[DBG@19:52:44.455] Added buffer back to pool.
[DBG@19:52:44.704] Saving buffer 10.
[DBG@19:52:44.705] Saved 4096 bytes from buffer to file.
[DBG@19:52:44.705] Added buffer back to pool.
[DBG@19:52:44.964] Saving buffer 11.
[DBG@19:52:44.965] Saved 4096 bytes from buffer to file.
[DBG@19:52:44.965] Added buffer back to pool.
[DBG@19:52:45.215] Saving buffer 12.
[DBG@19:52:45.215] Saved 4096 bytes from buffer to file.
[DBG@19:52:45.215] Added buffer back to pool.
[STD@19:52:45.335] Stopping device
[DBG@19:52:45.336] Saving buffer 13.
[DBG@19:52:45.336] Saved 1920 bytes from buffer to file.
[DBG@19:52:45.336] Added buffer back to pool.
[DBG@19:52:45.336] waveInReset (0)
[STD@19:52:45.337] Closing wave file
