Begin utterance: 000
Received 3328 bytes of audio data...
Received 640 bytes of audio data...
PARTIAL RESULT (000): 
Received 2560 bytes of audio data...
PARTIAL RESULT (000): 
Received 2432 bytes of audio data...
PARTIAL RESULT (000): 
Received 2560 bytes of audio data...
PARTIAL RESULT (000): 
Received 2432 bytes of audio data...
PARTIAL RESULT (000): 
Received 2560 bytes of audio data...
PARTIAL RESULT (000): 
Received 2432 bytes of audio data...
PARTIAL RESULT (000): 
Received 2560 bytes of audio data...
PARTIAL RESULT (000): 
Received 2560 bytes of audio data...
PARTIAL RESULT (000): 
Received 2176 bytes of audio data...
PARTIAL RESULT (000): 
End utterance: 000
FINAL RESULT (000): 
Abort utterance: 000
Begin utterance: 001
Received 3328 bytes of audio data...
Received 1152 bytes of audio data...
PARTIAL RESULT (001): 
Received 2432 bytes of audio data...
PARTIAL RESULT (001): 
Received 2560 bytes of audio data...
PARTIAL RESULT (001): 
Received 2432 bytes of audio data...
PARTIAL RESULT (001): 
Received 2560 bytes of audio data...
PARTIAL RESULT (001): 
Received 2432 bytes of audio data...
PARTIAL RESULT (001): 
Received 2944 bytes of audio data...
PARTIAL RESULT (001): 
End utterance: 001
FINAL RESULT (001): 
Abort utterance: 001
Begin utterance: 002
Received 3328 bytes of audio data...
Received 128 bytes of audio data...
PARTIAL RESULT (002): 
Received 3584 bytes of audio data...
PARTIAL RESULT (002): 
End utterance: 002
FINAL RESULT (002): 
Abort utterance: 002
Begin utterance: 003
Received 3328 bytes of audio data...
Received 128 bytes of audio data...
PARTIAL RESULT (003): 
Received 2560 bytes of audio data...
PARTIAL RESULT (003): 
End utterance: 003
FINAL RESULT (003): 
Abort utterance: 003
Begin utterance: 004
Received 3328 bytes of audio data...
Received 512 bytes of audio data...
PARTIAL RESULT (004): 
Received 3200 bytes of audio data...
PARTIAL RESULT (004): 
End utterance: 004
FINAL RESULT (004): 
Abort utterance: 004
Begin utterance: 005
Received 3328 bytes of audio data...
Received 2048 bytes of audio data...
PARTIAL RESULT (005): 
Received 2560 bytes of audio data...
PARTIAL RESULT (005): 
Received 2432 bytes of audio data...
PARTIAL RESULT (005): 
Received 1408 bytes of audio data...
PARTIAL RESULT (005): 
End utterance: 005
FINAL RESULT (005): 
Abort utterance: 005
Begin utterance: 006
Received 3328 bytes of audio data...
Received 2048 bytes of audio data...
PARTIAL RESULT (006): 
Received 2432 bytes of audio data...
PARTIAL RESULT (006): 
Received 1920 bytes of audio data...
PARTIAL RESULT (006): 
End utterance: 006
FINAL RESULT (006): 
Abort utterance: 006
Begin utterance: 007
Received 3328 bytes of audio data...
Received 2560 bytes of audio data...
PARTIAL RESULT (007): 
Received 3584 bytes of audio data...
PARTIAL RESULT (007): 
End utterance: 007
FINAL RESULT (007): 
Abort utterance: 007
Begin utterance: 008
Received 3328 bytes of audio data...
Received 1408 bytes of audio data...
PARTIAL RESULT (008): 
Received 2304 bytes of audio data...
PARTIAL RESULT (008): 
End utterance: 008
FINAL RESULT (008): 
Abort utterance: 008
Begin utterance: 009
Received 3328 bytes of audio data...
Received 1024 bytes of audio data...
PARTIAL RESULT (009): 
Received 2560 bytes of audio data...
PARTIAL RESULT (009): 
Received 2432 bytes of audio data...
PARTIAL RESULT (009): 
Received 3584 bytes of audio data...
PARTIAL RESULT (009): 
End utterance: 009
FINAL RESULT (009): 
Abort utterance: 009
Begin utterance: 010
Received 3328 bytes of audio data...
Received 256 bytes of audio data...
PARTIAL RESULT (010): 
Received 2560 bytes of audio data...
PARTIAL RESULT (010): 
Received 2432 bytes of audio data...
PARTIAL RESULT (010): 
Received 1408 bytes of audio data...
PARTIAL RESULT (010): 
End utterance: 010
FINAL RESULT (010): 
Abort utterance: 010
Begin utterance: 011
Received 3328 bytes of audio data...
Received 1664 bytes of audio data...
PARTIAL RESULT (011): 
Received 2560 bytes of audio data...
PARTIAL RESULT (011): 
End utterance: 011
FINAL RESULT (011): 
Abort utterance: 011
Begin utterance: 012
Received 3328 bytes of audio data...
Received 1536 bytes of audio data...
PARTIAL RESULT (012): 
Received 2176 bytes of audio data...
PARTIAL RESULT (012): 
End utterance: 012
FINAL RESULT (012): 
Abort utterance: 012
Begin utterance: 013
Received 3328 bytes of audio data...
Received 256 bytes of audio data...
PARTIAL RESULT (013): 
Received 2560 bytes of audio data...
PARTIAL RESULT (013): 
Received 2560 bytes of audio data...
PARTIAL RESULT (013): 
Received 2432 bytes of audio data...
PARTIAL RESULT (013): 
Received 2560 bytes of audio data...
PARTIAL RESULT (013): 
Received 2432 bytes of audio data...
PARTIAL RESULT (013): 
Received 2304 bytes of audio data...
PARTIAL RESULT (013): 
End utterance: 013
FINAL RESULT (013): 
Abort utterance: 013
Begin utterance: 014
Received 3328 bytes of audio data...
Received 768 bytes of audio data...
PARTIAL RESULT (014): 
Received 3584 bytes of audio data...
PARTIAL RESULT (014): 
End utterance: 014
FINAL RESULT (014): 
Abort utterance: 014
Begin utterance: 015
Received 3328 bytes of audio data...
Received 1792 bytes of audio data...
PARTIAL RESULT (015): 
Received 2560 bytes of audio data...
PARTIAL RESULT (015): 
Received 2432 bytes of audio data...
PARTIAL RESULT (015): 
Received 2560 bytes of audio data...
PARTIAL RESULT (015): 
Received 2432 bytes of audio data...
PARTIAL RESULT (015): 
Received 1920 bytes of audio data...
PARTIAL RESULT (015): 
End utterance: 015
FINAL RESULT (015): 
Abort utterance: 015
Begin utterance: 016
Received 3328 bytes of audio data...
Received 2176 bytes of audio data...
PARTIAL RESULT (016): 
Received 2560 bytes of audio data...
PARTIAL RESULT (016): 
Received 2432 bytes of audio data...
PARTIAL RESULT (016): 
Received 2560 bytes of audio data...
PARTIAL RESULT (016): 
Received 2432 bytes of audio data...
PARTIAL RESULT (016): 
Received 2944 bytes of audio data...
PARTIAL RESULT (016): 
Received 3328 bytes of audio data...
PARTIAL RESULT (016): 
Received 1152 bytes of audio data...
PARTIAL RESULT (016): 
Received 3072 bytes of audio data...
PARTIAL RESULT (016): 
End utterance: 016
FINAL RESULT (016): 
Abort utterance: 016
Begin utterance: 017
Received 3328 bytes of audio data...
Received 256 bytes of audio data...
PARTIAL RESULT (017): 
Received 2176 bytes of audio data...
PARTIAL RESULT (017): 
End utterance: 017
Abort utterance: 017
Abort utterance: 017
Begin utterance: 018
Received 3328 bytes of audio data...
Received 768 bytes of audio data...
PARTIAL RESULT (018): 
Received 1280 bytes of audio data...
PARTIAL RESULT (018): 
End utterance: 018
Abort utterance: 018
Abort utterance: 018
Begin utterance: 019
Received 3328 bytes of audio data...
Received 1152 bytes of audio data...
PARTIAL RESULT (019): 
Received 2560 bytes of audio data...
PARTIAL RESULT (019): 
Received 2560 bytes of audio data...
PARTIAL RESULT (019): 
Received 2432 bytes of audio data...
PARTIAL RESULT (019): 
Received 1664 bytes of audio data...
PARTIAL RESULT (019): 
End utterance: 019
Abort utterance: 019
Abort utterance: 019
Begin utterance: 020
Received 3328 bytes of audio data...
Received 2432 bytes of audio data...
PARTIAL RESULT (020): 
Received 2560 bytes of audio data...
PARTIAL RESULT (020): 
Received 2432 bytes of audio data...
PARTIAL RESULT (020): 
Received 1408 bytes of audio data...
PARTIAL RESULT (020): 
End utterance: 020
FINAL RESULT (020): 
Abort utterance: 020
Begin utterance: 021
Received 3328 bytes of audio data...
Received 128 bytes of audio data...
PARTIAL RESULT (021): 
Received 2560 bytes of audio data...
PARTIAL RESULT (021): 
Received 2432 bytes of audio data...
PARTIAL RESULT (021): 
Received 2560 bytes of audio data...
PARTIAL RESULT (021): 
Received 2432 bytes of audio data...
PARTIAL RESULT (021): 
Received 3456 bytes of audio data...
PARTIAL RESULT (021): 
End utterance: 021
FINAL RESULT (021): 
Abort utterance: 021
Begin utterance: 022
Received 3328 bytes of audio data...
Received 1920 bytes of audio data...
PARTIAL RESULT (022): 
Received 2432 bytes of audio data...
PARTIAL RESULT (022): 
Received 1664 bytes of audio data...
PARTIAL RESULT (022): 
End utterance: 022
FINAL RESULT (022): 
Abort utterance: 022
Begin utterance: 023
Received 3328 bytes of audio data...
Received 1792 bytes of audio data...
PARTIAL RESULT (023): 
End utterance: 023
FINAL RESULT (023): 
Abort utterance: 023
Begin utterance: 024
Received 3328 bytes of audio data...
Received 1920 bytes of audio data...
PARTIAL RESULT (024): 
Received 2432 bytes of audio data...
PARTIAL RESULT (024): 
Received 2560 bytes of audio data...
PARTIAL RESULT (024): 
Received 2560 bytes of audio data...
PARTIAL RESULT (024): 
Received 2432 bytes of audio data...
PARTIAL RESULT (024): 
Received 2688 bytes of audio data...
PARTIAL RESULT (024): 
End utterance: 024
FINAL RESULT (024): 
Abort utterance: 024
Begin utterance: 025
Received 3328 bytes of audio data...
Received 384 bytes of audio data...
PARTIAL RESULT (025): 
Received 2432 bytes of audio data...
PARTIAL RESULT (025): 
Received 2560 bytes of audio data...
PARTIAL RESULT (025): 
Received 3328 bytes of audio data...
PARTIAL RESULT (025): 
End utterance: 025
FINAL RESULT (025): 
Abort utterance: 025
Begin utterance: 026
Received 3328 bytes of audio data...
Received 1536 bytes of audio data...
PARTIAL RESULT (026): 
End utterance: 026
FINAL RESULT (026): 
Abort utterance: 026
Begin utterance: 027
Received 3328 bytes of audio data...
Received 1792 bytes of audio data...
PARTIAL RESULT (027): 
Received 2560 bytes of audio data...
PARTIAL RESULT (027): 
Received 2432 bytes of audio data...
PARTIAL RESULT (027): 
Received 2432 bytes of audio data...
PARTIAL RESULT (027): 
Received 3328 bytes of audio data...
PARTIAL RESULT (027): 
Received 1792 bytes of audio data...
PARTIAL RESULT (027): 
Received 2432 bytes of audio data...
PARTIAL RESULT (027): 
Received 1408 bytes of audio data...
PARTIAL RESULT (027): 
End utterance: 027
FINAL RESULT (027): 
Abort utterance: 027
Begin utterance: 028
Received 3328 bytes of audio data...
Received 1792 bytes of audio data...
PARTIAL RESULT (028): 
End utterance: 028
FINAL RESULT (028): 
Abort utterance: 028
Begin utterance: 029
Received 3328 bytes of audio data...
Received 1024 bytes of audio data...
PARTIAL RESULT (029): 
Received 2560 bytes of audio data...
PARTIAL RESULT (029): 
Received 2432 bytes of audio data...
PARTIAL RESULT (029): 
Received 2560 bytes of audio data...
PARTIAL RESULT (029): 
Received 2432 bytes of audio data...
PARTIAL RESULT (029): 
Received 3584 bytes of audio data...
PARTIAL RESULT (029): 
End utterance: 029
FINAL RESULT (029): 
Abort utterance: 029
Begin utterance: 030
Received 3328 bytes of audio data...
Received 512 bytes of audio data...
PARTIAL RESULT (030): 
Received 3712 bytes of audio data...
PARTIAL RESULT (030): 
End utterance: 030
FINAL RESULT (030): 
Abort utterance: 030
Begin utterance: 031
Received 3328 bytes of audio data...
Received 1152 bytes of audio data...
PARTIAL RESULT (031): 
Received 2432 bytes of audio data...
PARTIAL RESULT (031): 
Received 3200 bytes of audio data...
PARTIAL RESULT (031): 
End utterance: 031
FINAL RESULT (031): 
Abort utterance: 031
Begin utterance: 032
Received 3328 bytes of audio data...
Received 256 bytes of audio data...
PARTIAL RESULT (032): 
Received 2176 bytes of audio data...
PARTIAL RESULT (032): 
End utterance: 032
FINAL RESULT (032): 
Abort utterance: 032
Begin utterance: 033
Received 3328 bytes of audio data...
Received 512 bytes of audio data...
PARTIAL RESULT (033): 
Received 2432 bytes of audio data...
PARTIAL RESULT (033): 
Received 2560 bytes of audio data...
PARTIAL RESULT (033): 
Received 2560 bytes of audio data...
PARTIAL RESULT (033): 
Received 2432 bytes of audio data...
PARTIAL RESULT (033): 
Received 1664 bytes of audio data...
PARTIAL RESULT (033): 
End utterance: 033
FINAL RESULT (033): 
Abort utterance: 033
Begin utterance: 034
Received 3328 bytes of audio data...
Received 1920 bytes of audio data...
PARTIAL RESULT (034): 
Received 2560 bytes of audio data...
PARTIAL RESULT (034): 
Received 2432 bytes of audio data...
PARTIAL RESULT (034): 
Received 2560 bytes of audio data...
PARTIAL RESULT (034): 
Received 1536 bytes of audio data...
PARTIAL RESULT (034): 
End utterance: 034
FINAL RESULT (034): 
Abort utterance: 034
Begin utterance: 035
Received 3328 bytes of audio data...
Received 2304 bytes of audio data...
PARTIAL RESULT (035): 
Received 2560 bytes of audio data...
PARTIAL RESULT (035): 
Received 2432 bytes of audio data...
PARTIAL RESULT (035): 
Received 3584 bytes of audio data...
PARTIAL RESULT (035): 
End utterance: 035
FINAL RESULT (035): 
Abort utterance: 035
Begin utterance: 036
Received 3328 bytes of audio data...
Received 1152 bytes of audio data...
PARTIAL RESULT (036): 
Received 2432 bytes of audio data...
PARTIAL RESULT (036): 
Received 3712 bytes of audio data...
PARTIAL RESULT (036): 
End utterance: 036
FINAL RESULT (036): 
Abort utterance: 036
Begin utterance: 037
Received 3328 bytes of audio data...
Received 2432 bytes of audio data...
PARTIAL RESULT (037): 
Received 2432 bytes of audio data...
PARTIAL RESULT (037): 
Received 2560 bytes of audio data...
PARTIAL RESULT (037): 
Received 1536 bytes of audio data...
PARTIAL RESULT (037): 
End utterance: 037
FINAL RESULT (037): 
Abort utterance: 037
Begin utterance: 038
Received 3328 bytes of audio data...
Received 2432 bytes of audio data...
PARTIAL RESULT (038): 
Received 2560 bytes of audio data...
PARTIAL RESULT (038): 
Received 2432 bytes of audio data...
PARTIAL RESULT (038): 
Received 2560 bytes of audio data...
PARTIAL RESULT (038): 
Received 2432 bytes of audio data...
PARTIAL RESULT (038): 
Received 3072 bytes of audio data...
PARTIAL RESULT (038): 
End utterance: 038
FINAL RESULT (038): 
Abort utterance: 038
Begin utterance: 039
Received 3328 bytes of audio data...
Received 1152 bytes of audio data...
PARTIAL RESULT (039): 
Received 2560 bytes of audio data...
PARTIAL RESULT (039): 
Received 2432 bytes of audio data...
PARTIAL RESULT (039): 
End utterance: 039
FINAL RESULT (039): 
Abort utterance: 039
Begin utterance: 040
Received 3328 bytes of audio data...
Received 640 bytes of audio data...
PARTIAL RESULT (040): 
Received 2432 bytes of audio data...
PARTIAL RESULT (040): 
Received 1408 bytes of audio data...
PARTIAL RESULT (040): 
End utterance: 040
FINAL RESULT (040): 
Abort utterance: 040
Begin utterance: 041
Received 3328 bytes of audio data...
Received 3200 bytes of audio data...
PARTIAL RESULT (041): 
End utterance: 041
FINAL RESULT (041): 
Abort utterance: 041
Begin utterance: 042
Received 3328 bytes of audio data...
Received 1024 bytes of audio data...
PARTIAL RESULT (042): 
Received 2432 bytes of audio data...
PARTIAL RESULT (042): 
Received 2560 bytes of audio data...
PARTIAL RESULT (042): 
Received 2560 bytes of audio data...
PARTIAL RESULT (042): 
Received 2432 bytes of audio data...
PARTIAL RESULT (042): 
Received 2560 bytes of audio data...
PARTIAL RESULT (042): 
Received 3584 bytes of audio data...
PARTIAL RESULT (042): 
End utterance: 042
FINAL RESULT (042): 
Abort utterance: 042
Begin utterance: 043
Received 3328 bytes of audio data...
Received 256 bytes of audio data...
PARTIAL RESULT (043): 
Received 2432 bytes of audio data...
PARTIAL RESULT (043): 
Received 2560 bytes of audio data...
PARTIAL RESULT (043): 
Received 2432 bytes of audio data...
PARTIAL RESULT (043): 
Received 2560 bytes of audio data...
PARTIAL RESULT (043): 
Received 1792 bytes of audio data...
PARTIAL RESULT (043): 
End utterance: 043
FINAL RESULT (043): 
Abort utterance: 043
Begin utterance: 044
Received 3328 bytes of audio data...
Received 1920 bytes of audio data...
PARTIAL RESULT (044): 
Received 2560 bytes of audio data...
PARTIAL RESULT (044): 
Received 2688 bytes of audio data...
PARTIAL RESULT (044): 
End utterance: 044
FINAL RESULT (044): 
Abort utterance: 044
Begin utterance: 045
Received 3328 bytes of audio data...
Received 2560 bytes of audio data...
PARTIAL RESULT (045): 
Received 2432 bytes of audio data...
PARTIAL RESULT (045): 
Received 2432 bytes of audio data...
PARTIAL RESULT (045): 
End utterance: 045
FINAL RESULT (045): 
Abort utterance: 045
Begin utterance: 046
Received 3328 bytes of audio data...
Received 1280 bytes of audio data...
PARTIAL RESULT (046): 
End utterance: 046
FINAL RESULT (046): 
Abort utterance: 046
Begin utterance: 047
Received 3328 bytes of audio data...
Received 1152 bytes of audio data...
PARTIAL RESULT (047): 
Received 2560 bytes of audio data...
PARTIAL RESULT (047): 
Received 2432 bytes of audio data...
PARTIAL RESULT (047): 
Received 2560 bytes of audio data...
PARTIAL RESULT (047): 
Received 2560 bytes of audio data...
PARTIAL RESULT (047): 
Received 2816 bytes of audio data...
PARTIAL RESULT (047): 
End utterance: 047
FINAL RESULT (047): 
Abort utterance: 047
Begin utterance: 048
Received 3328 bytes of audio data...
Received 128 bytes of audio data...
PARTIAL RESULT (048): 
Received 2432 bytes of audio data...
PARTIAL RESULT (048): 
Received 1920 bytes of audio data...
PARTIAL RESULT (048): 
Received 3328 bytes of audio data...
PARTIAL RESULT (048): 
Received 1920 bytes of audio data...
PARTIAL RESULT (048): 
Received 2176 bytes of audio data...
PARTIAL RESULT (048): 
End utterance: 048
FINAL RESULT (048): 
Abort utterance: 048
Begin utterance: 049
Received 3328 bytes of audio data...
Received 768 bytes of audio data...
PARTIAL RESULT (049): 
Received 1408 bytes of audio data...
PARTIAL RESULT (049): 
End utterance: 049
FINAL RESULT (049): 
Abort utterance: 049
Begin utterance: 050
Received 3328 bytes of audio data...
Received 512 bytes of audio data...
PARTIAL RESULT (050): 
Received 2560 bytes of audio data...
PARTIAL RESULT (050): 
Received 3072 bytes of audio data...
PARTIAL RESULT (050): 
End utterance: 050
FINAL RESULT (050): 
Abort utterance: 050
Begin utterance: 051
Received 3328 bytes of audio data...
Received 1280 bytes of audio data...
PARTIAL RESULT (051): 
End utterance: 051
FINAL RESULT (051): 
Abort utterance: 051
Begin utterance: 052
Received 3328 bytes of audio data...
Received 2048 bytes of audio data...
PARTIAL RESULT (052): 
End utterance: 052
FINAL RESULT (052): 
Abort utterance: 052
Begin utterance: 053
Received 3328 bytes of audio data...
Received 2176 bytes of audio data...
PARTIAL RESULT (053): 
Received 2560 bytes of audio data...
PARTIAL RESULT (053): 
Received 2432 bytes of audio data...
PARTIAL RESULT (053): 
Received 2560 bytes of audio data...
PARTIAL RESULT (053): 
Received 3584 bytes of audio data...
PARTIAL RESULT (053): 
End utterance: 053
FINAL RESULT (053): 
Abort utterance: 053
