[STD@21:27:39.535] Adding buffer 0 to pool
[STD@21:27:39.536] Adding buffer 1 to pool
[STD@21:27:39.537] Adding buffer 2 to pool
[STD@21:27:39.537] Adding buffer 3 to pool
[STD@21:27:39.537] Adding buffer 4 to pool
[STD@21:27:39.538] Adding buffer 5 to pool
[STD@21:27:39.538] Adding buffer 6 to pool
[STD@21:27:39.538] Adding buffer 7 to pool
[STD@21:27:39.539] Adding buffer 8 to pool
[STD@21:27:39.539] Adding buffer 9 to pool
[STD@21:27:39.539] Adding buffer 10 to pool
[STD@21:27:39.539] Adding buffer 11 to pool
[STD@21:27:39.540] Adding buffer 12 to pool
[STD@21:27:39.541] Adding buffer 13 to pool
[STD@21:27:39.541] Adding buffer 14 to pool
[STD@21:27:39.542] Adding buffer 15 to pool
[STD@21:27:39.543] Opening audio file ..\..\logs\LetsGoPublic\20061122\019\LetsGoPublic-20061122-019-input_and_output.raw for output
[STD@21:27:39.565] Starting device
[DBG@21:27:39.826] Saving buffer 0.
[DBG@21:27:39.828] Saved 4096 bytes from buffer to file.
[DBG@21:27:39.828] Added buffer back to pool.
[DBG@21:27:40.086] Saving buffer 1.
[DBG@21:27:40.086] Saved 4096 bytes from buffer to file.
[DBG@21:27:40.086] Added buffer back to pool.
[DBG@21:27:40.336] Saving buffer 2.
[DBG@21:27:40.336] Saved 4096 bytes from buffer to file.
[DBG@21:27:40.358] Added buffer back to pool.
[DBG@21:27:40.596] Saving buffer 3.
[DBG@21:27:40.596] Saved 4096 bytes from buffer to file.
[DBG@21:27:40.667] Added buffer back to pool.
[DBG@21:27:40.846] Saving buffer 4.
[DBG@21:27:40.846] Saved 4096 bytes from buffer to file.
[DBG@21:27:40.846] Added buffer back to pool.
[DBG@21:27:41.106] Saving buffer 5.
[DBG@21:27:41.106] Saved 4096 bytes from buffer to file.
[DBG@21:27:41.136] Added buffer back to pool.
[DBG@21:27:41.366] Saving buffer 6.
[DBG@21:27:41.366] Saved 4096 bytes from buffer to file.
[DBG@21:27:41.366] Added buffer back to pool.
[DBG@21:27:41.616] Saving buffer 7.
[DBG@21:27:41.616] Saved 4096 bytes from buffer to file.
[DBG@21:27:41.620] Added buffer back to pool.
[DBG@21:27:41.876] Saving buffer 8.
[DBG@21:27:41.876] Saved 4096 bytes from buffer to file.
[DBG@21:27:41.876] Added buffer back to pool.
[DBG@21:27:42.126] Saving buffer 9.
[DBG@21:27:42.126] Saved 4096 bytes from buffer to file.
[DBG@21:27:42.126] Added buffer back to pool.
[DBG@21:27:42.386] Saving buffer 10.
[DBG@21:27:42.386] Saved 4096 bytes from buffer to file.
[DBG@21:27:42.386] Added buffer back to pool.
[DBG@21:27:42.646] Saving buffer 11.
[DBG@21:27:42.646] Saved 4096 bytes from buffer to file.
[DBG@21:27:42.646] Added buffer back to pool.
[DBG@21:27:42.896] Saving buffer 12.
[DBG@21:27:42.896] Saved 4096 bytes from buffer to file.
[DBG@21:27:42.896] Added buffer back to pool.
[DBG@21:27:43.156] Saving buffer 13.
[DBG@21:27:43.156] Saved 4096 bytes from buffer to file.
[DBG@21:27:43.156] Added buffer back to pool.
[DBG@21:27:43.406] Saving buffer 14.
[DBG@21:27:43.406] Saved 4096 bytes from buffer to file.
[DBG@21:27:43.406] Added buffer back to pool.
[DBG@21:27:43.666] Saving buffer 15.
[DBG@21:27:43.666] Saved 4096 bytes from buffer to file.
[DBG@21:27:43.666] Added buffer back to pool.
[DBG@21:27:43.926] Saving buffer 0.
[DBG@21:27:43.926] Saved 4096 bytes from buffer to file.
[DBG@21:27:43.926] Added buffer back to pool.
[DBG@21:27:44.176] Saving buffer 1.
[DBG@21:27:44.176] Saved 4096 bytes from buffer to file.
[DBG@21:27:44.176] Added buffer back to pool.
[DBG@21:27:44.436] Saving buffer 2.
[DBG@21:27:44.436] Saved 4096 bytes from buffer to file.
[DBG@21:27:44.436] Added buffer back to pool.
[DBG@21:27:44.686] Saving buffer 3.
[DBG@21:27:44.686] Saved 4096 bytes from buffer to file.
[DBG@21:27:44.686] Added buffer back to pool.
[DBG@21:27:44.946] Saving buffer 4.
[DBG@21:27:44.946] Saved 4096 bytes from buffer to file.
[DBG@21:27:44.946] Added buffer back to pool.
[DBG@21:27:45.206] Saving buffer 5.
[DBG@21:27:45.206] Saved 4096 bytes from buffer to file.
[DBG@21:27:45.206] Added buffer back to pool.
[DBG@21:27:45.456] Saving buffer 6.
[DBG@21:27:45.456] Saved 4096 bytes from buffer to file.
[DBG@21:27:45.456] Added buffer back to pool.
[DBG@21:27:45.716] Saving buffer 7.
[DBG@21:27:45.716] Saved 4096 bytes from buffer to file.
[DBG@21:27:45.716] Added buffer back to pool.
[DBG@21:27:45.966] Saving buffer 8.
[DBG@21:27:45.966] Saved 4096 bytes from buffer to file.
[DBG@21:27:45.966] Added buffer back to pool.
[DBG@21:27:46.226] Saving buffer 9.
[DBG@21:27:46.226] Saved 4096 bytes from buffer to file.
[DBG@21:27:46.226] Added buffer back to pool.
[DBG@21:27:46.486] Saving buffer 10.
[DBG@21:27:46.486] Saved 4096 bytes from buffer to file.
[DBG@21:27:46.486] Added buffer back to pool.
[DBG@21:27:46.736] Saving buffer 11.
[DBG@21:27:46.736] Saved 4096 bytes from buffer to file.
[DBG@21:27:46.736] Added buffer back to pool.
[DBG@21:27:46.996] Saving buffer 12.
[DBG@21:27:46.996] Saved 4096 bytes from buffer to file.
[DBG@21:27:46.996] Added buffer back to pool.
[DBG@21:27:47.246] Saving buffer 13.
[DBG@21:27:47.246] Saved 4096 bytes from buffer to file.
[DBG@21:27:47.246] Added buffer back to pool.
[DBG@21:27:47.506] Saving buffer 14.
[DBG@21:27:47.506] Saved 4096 bytes from buffer to file.
[DBG@21:27:47.506] Added buffer back to pool.
[DBG@21:27:47.766] Saving buffer 15.
[DBG@21:27:47.766] Saved 4096 bytes from buffer to file.
[DBG@21:27:47.766] Added buffer back to pool.
[DBG@21:27:48.016] Saving buffer 0.
[DBG@21:27:48.016] Saved 4096 bytes from buffer to file.
[DBG@21:27:48.016] Added buffer back to pool.
[DBG@21:27:48.276] Saving buffer 1.
[DBG@21:27:48.276] Saved 4096 bytes from buffer to file.
[DBG@21:27:48.276] Added buffer back to pool.
[DBG@21:27:48.526] Saving buffer 2.
[DBG@21:27:48.526] Saved 4096 bytes from buffer to file.
[DBG@21:27:48.526] Added buffer back to pool.
[DBG@21:27:48.786] Saving buffer 3.
[DBG@21:27:48.786] Saved 4096 bytes from buffer to file.
[DBG@21:27:48.786] Added buffer back to pool.
[DBG@21:27:49.046] Saving buffer 4.
[DBG@21:27:49.046] Saved 4096 bytes from buffer to file.
[DBG@21:27:49.046] Added buffer back to pool.
[DBG@21:27:49.296] Saving buffer 5.
[DBG@21:27:49.296] Saved 4096 bytes from buffer to file.
[DBG@21:27:49.296] Added buffer back to pool.
[DBG@21:27:49.556] Saving buffer 6.
[DBG@21:27:49.556] Saved 4096 bytes from buffer to file.
[DBG@21:27:49.556] Added buffer back to pool.
[DBG@21:27:49.806] Saving buffer 7.
[DBG@21:27:49.806] Saved 4096 bytes from buffer to file.
[DBG@21:27:49.806] Added buffer back to pool.
[DBG@21:27:50.066] Saving buffer 8.
[DBG@21:27:50.066] Saved 4096 bytes from buffer to file.
[DBG@21:27:50.066] Added buffer back to pool.
[DBG@21:27:50.326] Saving buffer 9.
[DBG@21:27:50.326] Saved 4096 bytes from buffer to file.
[DBG@21:27:50.326] Added buffer back to pool.
[DBG@21:27:50.576] Saving buffer 10.
[DBG@21:27:50.576] Saved 4096 bytes from buffer to file.
[DBG@21:27:50.576] Added buffer back to pool.
[DBG@21:27:50.836] Saving buffer 11.
[DBG@21:27:50.836] Saved 4096 bytes from buffer to file.
[DBG@21:27:50.836] Added buffer back to pool.
[DBG@21:27:51.086] Saving buffer 12.
[DBG@21:27:51.086] Saved 4096 bytes from buffer to file.
[DBG@21:27:51.086] Added buffer back to pool.
[DBG@21:27:51.346] Saving buffer 13.
[DBG@21:27:51.346] Saved 4096 bytes from buffer to file.
[DBG@21:27:51.346] Added buffer back to pool.
[DBG@21:27:51.606] Saving buffer 14.
[DBG@21:27:51.606] Saved 4096 bytes from buffer to file.
[DBG@21:27:51.606] Added buffer back to pool.
[DBG@21:27:51.856] Saving buffer 15.
[DBG@21:27:51.856] Saved 4096 bytes from buffer to file.
[DBG@21:27:51.856] Added buffer back to pool.
[DBG@21:27:52.116] Saving buffer 0.
[DBG@21:27:52.116] Saved 4096 bytes from buffer to file.
[DBG@21:27:52.116] Added buffer back to pool.
[DBG@21:27:52.366] Saving buffer 1.
[DBG@21:27:52.366] Saved 4096 bytes from buffer to file.
[DBG@21:27:52.366] Added buffer back to pool.
[DBG@21:27:52.625] Saving buffer 2.
[DBG@21:27:52.626] Saved 4096 bytes from buffer to file.
[DBG@21:27:52.626] Added buffer back to pool.
[DBG@21:27:52.886] Saving buffer 3.
[DBG@21:27:52.886] Saved 4096 bytes from buffer to file.
[DBG@21:27:52.886] Added buffer back to pool.
[DBG@21:27:53.136] Saving buffer 4.
[DBG@21:27:53.136] Saved 4096 bytes from buffer to file.
[DBG@21:27:53.136] Added buffer back to pool.
[DBG@21:27:53.395] Saving buffer 5.
[DBG@21:27:53.396] Saved 4096 bytes from buffer to file.
[DBG@21:27:53.396] Added buffer back to pool.
[DBG@21:27:53.645] Saving buffer 6.
[DBG@21:27:53.646] Saved 4096 bytes from buffer to file.
[DBG@21:27:53.646] Added buffer back to pool.
[DBG@21:27:53.905] Saving buffer 7.
[DBG@21:27:53.906] Saved 4096 bytes from buffer to file.
[DBG@21:27:53.906] Added buffer back to pool.
[DBG@21:27:54.165] Saving buffer 8.
[DBG@21:27:54.166] Saved 4096 bytes from buffer to file.
[DBG@21:27:54.166] Added buffer back to pool.
[DBG@21:27:54.415] Saving buffer 9.
[DBG@21:27:54.416] Saved 4096 bytes from buffer to file.
[DBG@21:27:54.416] Added buffer back to pool.
[DBG@21:27:54.675] Saving buffer 10.
[DBG@21:27:54.676] Saved 4096 bytes from buffer to file.
[DBG@21:27:54.676] Added buffer back to pool.
[DBG@21:27:54.925] Saving buffer 11.
[DBG@21:27:54.926] Saved 4096 bytes from buffer to file.
[DBG@21:27:54.926] Added buffer back to pool.
[DBG@21:27:55.185] Saving buffer 12.
[DBG@21:27:55.186] Saved 4096 bytes from buffer to file.
[DBG@21:27:55.186] Added buffer back to pool.
[DBG@21:27:55.445] Saving buffer 13.
[DBG@21:27:55.445] Saved 4096 bytes from buffer to file.
[DBG@21:27:55.446] Added buffer back to pool.
[DBG@21:27:55.695] Saving buffer 14.
[DBG@21:27:55.696] Saved 4096 bytes from buffer to file.
[DBG@21:27:55.696] Added buffer back to pool.
[DBG@21:27:55.955] Saving buffer 15.
[DBG@21:27:55.956] Saved 4096 bytes from buffer to file.
[DBG@21:27:55.956] Added buffer back to pool.
[DBG@21:27:56.206] Saving buffer 0.
[DBG@21:27:56.206] Saved 4096 bytes from buffer to file.
[DBG@21:27:56.206] Added buffer back to pool.
[DBG@21:27:56.465] Saving buffer 1.
[DBG@21:27:56.465] Saved 4096 bytes from buffer to file.
[DBG@21:27:56.466] Added buffer back to pool.
[DBG@21:27:56.725] Saving buffer 2.
[DBG@21:27:56.725] Saved 4096 bytes from buffer to file.
[DBG@21:27:56.726] Added buffer back to pool.
[DBG@21:27:56.975] Saving buffer 3.
[DBG@21:27:56.975] Saved 4096 bytes from buffer to file.
[DBG@21:27:56.976] Added buffer back to pool.
[DBG@21:27:57.235] Saving buffer 4.
[DBG@21:27:57.235] Saved 4096 bytes from buffer to file.
[DBG@21:27:57.236] Added buffer back to pool.
[DBG@21:27:57.485] Saving buffer 5.
[DBG@21:27:57.485] Saved 4096 bytes from buffer to file.
[DBG@21:27:57.486] Added buffer back to pool.
[DBG@21:27:57.745] Saving buffer 6.
[DBG@21:27:57.745] Saved 4096 bytes from buffer to file.
[DBG@21:27:57.746] Added buffer back to pool.
[DBG@21:27:58.005] Saving buffer 7.
[DBG@21:27:58.005] Saved 4096 bytes from buffer to file.
[DBG@21:27:58.006] Added buffer back to pool.
[DBG@21:27:58.255] Saving buffer 8.
[DBG@21:27:58.255] Saved 4096 bytes from buffer to file.
[DBG@21:27:58.256] Added buffer back to pool.
[DBG@21:27:58.515] Saving buffer 9.
[DBG@21:27:58.515] Saved 4096 bytes from buffer to file.
[DBG@21:27:58.516] Added buffer back to pool.
[DBG@21:27:58.765] Saving buffer 10.
[DBG@21:27:58.765] Saved 4096 bytes from buffer to file.
[DBG@21:27:58.765] Added buffer back to pool.
[DBG@21:27:59.025] Saving buffer 11.
[DBG@21:27:59.025] Saved 4096 bytes from buffer to file.
[DBG@21:27:59.026] Added buffer back to pool.
[DBG@21:27:59.285] Saving buffer 12.
[DBG@21:27:59.285] Saved 4096 bytes from buffer to file.
[DBG@21:27:59.286] Added buffer back to pool.
[DBG@21:27:59.535] Saving buffer 13.
[DBG@21:27:59.535] Saved 4096 bytes from buffer to file.
[DBG@21:27:59.535] Added buffer back to pool.
[DBG@21:27:59.795] Saving buffer 14.
[DBG@21:27:59.795] Saved 4096 bytes from buffer to file.
[DBG@21:27:59.795] Added buffer back to pool.
[DBG@21:28:00.045] Saving buffer 15.
[DBG@21:28:00.045] Saved 4096 bytes from buffer to file.
[DBG@21:28:00.045] Added buffer back to pool.
[DBG@21:28:00.305] Saving buffer 0.
[DBG@21:28:00.306] Saved 4096 bytes from buffer to file.
[DBG@21:28:00.306] Added buffer back to pool.
[DBG@21:28:00.565] Saving buffer 1.
[DBG@21:28:00.565] Saved 4096 bytes from buffer to file.
[DBG@21:28:00.565] Added buffer back to pool.
[DBG@21:28:00.815] Saving buffer 2.
[DBG@21:28:00.815] Saved 4096 bytes from buffer to file.
[DBG@21:28:00.815] Added buffer back to pool.
[DBG@21:28:01.075] Saving buffer 3.
[DBG@21:28:01.075] Saved 4096 bytes from buffer to file.
[DBG@21:28:01.075] Added buffer back to pool.
[DBG@21:28:01.325] Saving buffer 4.
[DBG@21:28:01.325] Saved 4096 bytes from buffer to file.
[DBG@21:28:01.326] Added buffer back to pool.
[DBG@21:28:01.585] Saving buffer 5.
[DBG@21:28:01.585] Saved 4096 bytes from buffer to file.
[DBG@21:28:01.586] Added buffer back to pool.
[DBG@21:28:01.845] Saving buffer 6.
[DBG@21:28:01.846] Saved 4096 bytes from buffer to file.
[DBG@21:28:01.846] Added buffer back to pool.
[DBG@21:28:02.095] Saving buffer 7.
[DBG@21:28:02.095] Saved 4096 bytes from buffer to file.
[DBG@21:28:02.095] Added buffer back to pool.
[DBG@21:28:02.355] Saving buffer 8.
[DBG@21:28:02.355] Saved 4096 bytes from buffer to file.
[DBG@21:28:02.356] Added buffer back to pool.
[DBG@21:28:02.605] Saving buffer 9.
[DBG@21:28:02.605] Saved 4096 bytes from buffer to file.
[DBG@21:28:02.605] Added buffer back to pool.
[DBG@21:28:02.865] Saving buffer 10.
[DBG@21:28:02.865] Saved 4096 bytes from buffer to file.
[DBG@21:28:02.866] Added buffer back to pool.
[DBG@21:28:03.125] Saving buffer 11.
[DBG@21:28:03.125] Saved 4096 bytes from buffer to file.
[DBG@21:28:03.125] Added buffer back to pool.
[DBG@21:28:03.375] Saving buffer 12.
[DBG@21:28:03.376] Saved 4096 bytes from buffer to file.
[DBG@21:28:03.376] Added buffer back to pool.
[DBG@21:28:03.635] Saving buffer 13.
[DBG@21:28:03.635] Saved 4096 bytes from buffer to file.
[DBG@21:28:03.650] Added buffer back to pool.
[DBG@21:28:03.885] Saving buffer 14.
[DBG@21:28:03.885] Saved 4096 bytes from buffer to file.
[DBG@21:28:03.891] Added buffer back to pool.
[DBG@21:28:04.145] Saving buffer 15.
[DBG@21:28:04.145] Saved 4096 bytes from buffer to file.
[DBG@21:28:04.145] Added buffer back to pool.
[DBG@21:28:04.405] Saving buffer 0.
[DBG@21:28:04.406] Saved 4096 bytes from buffer to file.
[DBG@21:28:04.406] Added buffer back to pool.
[DBG@21:28:04.655] Saving buffer 1.
[DBG@21:28:04.655] Saved 4096 bytes from buffer to file.
[DBG@21:28:04.655] Added buffer back to pool.
[DBG@21:28:04.915] Saving buffer 2.
[DBG@21:28:04.915] Saved 4096 bytes from buffer to file.
[DBG@21:28:04.915] Added buffer back to pool.
[DBG@21:28:05.165] Saving buffer 3.
[DBG@21:28:05.165] Saved 4096 bytes from buffer to file.
[DBG@21:28:05.165] Added buffer back to pool.
[DBG@21:28:05.425] Saving buffer 4.
[DBG@21:28:05.425] Saved 4096 bytes from buffer to file.
[DBG@21:28:05.425] Added buffer back to pool.
[DBG@21:28:05.685] Saving buffer 5.
[DBG@21:28:05.685] Saved 4096 bytes from buffer to file.
[DBG@21:28:05.685] Added buffer back to pool.
[DBG@21:28:05.935] Saving buffer 6.
[DBG@21:28:05.935] Saved 4096 bytes from buffer to file.
[DBG@21:28:05.935] Added buffer back to pool.
[DBG@21:28:06.195] Saving buffer 7.
[DBG@21:28:06.195] Saved 4096 bytes from buffer to file.
[DBG@21:28:06.195] Added buffer back to pool.
[DBG@21:28:06.445] Saving buffer 8.
[DBG@21:28:06.445] Saved 4096 bytes from buffer to file.
[DBG@21:28:06.445] Added buffer back to pool.
[DBG@21:28:06.705] Saving buffer 9.
[DBG@21:28:06.705] Saved 4096 bytes from buffer to file.
[DBG@21:28:06.705] Added buffer back to pool.
[DBG@21:28:06.965] Saving buffer 10.
[DBG@21:28:06.965] Saved 4096 bytes from buffer to file.
[DBG@21:28:06.965] Added buffer back to pool.
[DBG@21:28:07.215] Saving buffer 11.
[DBG@21:28:07.215] Saved 4096 bytes from buffer to file.
[DBG@21:28:07.215] Added buffer back to pool.
[DBG@21:28:07.475] Saving buffer 12.
[DBG@21:28:07.475] Saved 4096 bytes from buffer to file.
[DBG@21:28:07.475] Added buffer back to pool.
[DBG@21:28:07.725] Saving buffer 13.
[DBG@21:28:07.725] Saved 4096 bytes from buffer to file.
[DBG@21:28:07.725] Added buffer back to pool.
[DBG@21:28:07.985] Saving buffer 14.
[DBG@21:28:07.985] Saved 4096 bytes from buffer to file.
[DBG@21:28:07.985] Added buffer back to pool.
[DBG@21:28:08.245] Saving buffer 15.
[DBG@21:28:08.245] Saved 4096 bytes from buffer to file.
[DBG@21:28:08.245] Added buffer back to pool.
[DBG@21:28:08.495] Saving buffer 0.
[DBG@21:28:08.496] Saved 4096 bytes from buffer to file.
[DBG@21:28:08.496] Added buffer back to pool.
[DBG@21:28:08.755] Saving buffer 1.
[DBG@21:28:08.755] Saved 4096 bytes from buffer to file.
[DBG@21:28:08.755] Added buffer back to pool.
[DBG@21:28:09.005] Saving buffer 2.
[DBG@21:28:09.005] Saved 4096 bytes from buffer to file.
[DBG@21:28:09.005] Added buffer back to pool.
[DBG@21:28:09.265] Saving buffer 3.
[DBG@21:28:09.265] Saved 4096 bytes from buffer to file.
[DBG@21:28:09.265] Added buffer back to pool.
[DBG@21:28:09.525] Saving buffer 4.
[DBG@21:28:09.525] Saved 4096 bytes from buffer to file.
[DBG@21:28:09.525] Added buffer back to pool.
[DBG@21:28:09.775] Saving buffer 5.
[DBG@21:28:09.775] Saved 4096 bytes from buffer to file.
[DBG@21:28:09.775] Added buffer back to pool.
[DBG@21:28:10.035] Saving buffer 6.
[DBG@21:28:10.035] Saved 4096 bytes from buffer to file.
[DBG@21:28:10.035] Added buffer back to pool.
[DBG@21:28:10.285] Saving buffer 7.
[DBG@21:28:10.285] Saved 4096 bytes from buffer to file.
[DBG@21:28:10.285] Added buffer back to pool.
[DBG@21:28:10.545] Saving buffer 8.
[DBG@21:28:10.545] Saved 4096 bytes from buffer to file.
[DBG@21:28:10.545] Added buffer back to pool.
[DBG@21:28:10.805] Saving buffer 9.
[DBG@21:28:10.805] Saved 4096 bytes from buffer to file.
[DBG@21:28:10.805] Added buffer back to pool.
[DBG@21:28:11.055] Saving buffer 10.
[DBG@21:28:11.055] Saved 4096 bytes from buffer to file.
[DBG@21:28:11.055] Added buffer back to pool.
[DBG@21:28:11.315] Saving buffer 11.
[DBG@21:28:11.315] Saved 4096 bytes from buffer to file.
[DBG@21:28:11.315] Added buffer back to pool.
[DBG@21:28:11.565] Saving buffer 12.
[DBG@21:28:11.565] Saved 4096 bytes from buffer to file.
[DBG@21:28:11.565] Added buffer back to pool.
[DBG@21:28:11.825] Saving buffer 13.
[DBG@21:28:11.825] Saved 4096 bytes from buffer to file.
[DBG@21:28:11.825] Added buffer back to pool.
[DBG@21:28:12.085] Saving buffer 14.
[DBG@21:28:12.085] Saved 4096 bytes from buffer to file.
[DBG@21:28:12.085] Added buffer back to pool.
[DBG@21:28:12.335] Saving buffer 15.
[DBG@21:28:12.335] Saved 4096 bytes from buffer to file.
[DBG@21:28:12.335] Added buffer back to pool.
[DBG@21:28:12.595] Saving buffer 0.
[DBG@21:28:12.595] Saved 4096 bytes from buffer to file.
[DBG@21:28:12.595] Added buffer back to pool.
[DBG@21:28:12.845] Saving buffer 1.
[DBG@21:28:12.845] Saved 4096 bytes from buffer to file.
[DBG@21:28:12.845] Added buffer back to pool.
[DBG@21:28:13.105] Saving buffer 2.
[DBG@21:28:13.105] Saved 4096 bytes from buffer to file.
[DBG@21:28:13.105] Added buffer back to pool.
[DBG@21:28:13.365] Saving buffer 3.
[DBG@21:28:13.365] Saved 4096 bytes from buffer to file.
[DBG@21:28:13.365] Added buffer back to pool.
[DBG@21:28:13.615] Saving buffer 4.
[DBG@21:28:13.615] Saved 4096 bytes from buffer to file.
[DBG@21:28:13.615] Added buffer back to pool.
[DBG@21:28:13.875] Saving buffer 5.
[DBG@21:28:13.875] Saved 4096 bytes from buffer to file.
[DBG@21:28:13.875] Added buffer back to pool.
[DBG@21:28:14.125] Saving buffer 6.
[DBG@21:28:14.125] Saved 4096 bytes from buffer to file.
[DBG@21:28:14.125] Added buffer back to pool.
[DBG@21:28:14.385] Saving buffer 7.
[DBG@21:28:14.385] Saved 4096 bytes from buffer to file.
[DBG@21:28:14.385] Added buffer back to pool.
[DBG@21:28:14.645] Saving buffer 8.
[DBG@21:28:14.645] Saved 4096 bytes from buffer to file.
[DBG@21:28:14.645] Added buffer back to pool.
[DBG@21:28:14.895] Saving buffer 9.
[DBG@21:28:14.895] Saved 4096 bytes from buffer to file.
[DBG@21:28:14.895] Added buffer back to pool.
[DBG@21:28:15.155] Saving buffer 10.
[DBG@21:28:15.155] Saved 4096 bytes from buffer to file.
[DBG@21:28:15.155] Added buffer back to pool.
[DBG@21:28:15.405] Saving buffer 11.
[DBG@21:28:15.405] Saved 4096 bytes from buffer to file.
[DBG@21:28:15.405] Added buffer back to pool.
[DBG@21:28:15.665] Saving buffer 12.
[DBG@21:28:15.665] Saved 4096 bytes from buffer to file.
[DBG@21:28:15.665] Added buffer back to pool.
[DBG@21:28:15.925] Saving buffer 13.
[DBG@21:28:15.925] Saved 4096 bytes from buffer to file.
[DBG@21:28:15.925] Added buffer back to pool.
[DBG@21:28:16.175] Saving buffer 14.
[DBG@21:28:16.175] Saved 4096 bytes from buffer to file.
[DBG@21:28:16.175] Added buffer back to pool.
[DBG@21:28:16.435] Saving buffer 15.
[DBG@21:28:16.435] Saved 4096 bytes from buffer to file.
[DBG@21:28:16.435] Added buffer back to pool.
[DBG@21:28:16.685] Saving buffer 0.
[DBG@21:28:16.685] Saved 4096 bytes from buffer to file.
[DBG@21:28:16.685] Added buffer back to pool.
[DBG@21:28:16.945] Saving buffer 1.
[DBG@21:28:16.945] Saved 4096 bytes from buffer to file.
[DBG@21:28:16.945] Added buffer back to pool.
[DBG@21:28:17.204] Saving buffer 2.
[DBG@21:28:17.205] Saved 4096 bytes from buffer to file.
[DBG@21:28:17.205] Added buffer back to pool.
[DBG@21:28:17.454] Saving buffer 3.
[DBG@21:28:17.455] Saved 4096 bytes from buffer to file.
[DBG@21:28:17.455] Added buffer back to pool.
[DBG@21:28:17.714] Saving buffer 4.
[DBG@21:28:17.715] Saved 4096 bytes from buffer to file.
[DBG@21:28:17.715] Added buffer back to pool.
[DBG@21:28:17.964] Saving buffer 5.
[DBG@21:28:17.965] Saved 4096 bytes from buffer to file.
[DBG@21:28:17.965] Added buffer back to pool.
[DBG@21:28:18.224] Saving buffer 6.
[DBG@21:28:18.225] Saved 4096 bytes from buffer to file.
[DBG@21:28:18.225] Added buffer back to pool.
[DBG@21:28:18.484] Saving buffer 7.
[DBG@21:28:18.485] Saved 4096 bytes from buffer to file.
[DBG@21:28:18.485] Added buffer back to pool.
[DBG@21:28:18.734] Saving buffer 8.
[DBG@21:28:18.735] Saved 4096 bytes from buffer to file.
[DBG@21:28:18.735] Added buffer back to pool.
[DBG@21:28:18.994] Saving buffer 9.
[DBG@21:28:18.995] Saved 4096 bytes from buffer to file.
[DBG@21:28:18.995] Added buffer back to pool.
[DBG@21:28:19.244] Saving buffer 10.
[DBG@21:28:19.245] Saved 4096 bytes from buffer to file.
[DBG@21:28:19.245] Added buffer back to pool.
[DBG@21:28:19.504] Saving buffer 11.
[DBG@21:28:19.505] Saved 4096 bytes from buffer to file.
[DBG@21:28:19.505] Added buffer back to pool.
[DBG@21:28:19.764] Saving buffer 12.
[DBG@21:28:19.765] Saved 4096 bytes from buffer to file.
[DBG@21:28:19.765] Added buffer back to pool.
[DBG@21:28:20.014] Saving buffer 13.
[DBG@21:28:20.015] Saved 4096 bytes from buffer to file.
[DBG@21:28:20.015] Added buffer back to pool.
[DBG@21:28:20.274] Saving buffer 14.
[DBG@21:28:20.274] Saved 4096 bytes from buffer to file.
[DBG@21:28:20.275] Added buffer back to pool.
[DBG@21:28:20.524] Saving buffer 15.
[DBG@21:28:20.524] Saved 4096 bytes from buffer to file.
[DBG@21:28:20.525] Added buffer back to pool.
[DBG@21:28:20.784] Saving buffer 0.
[DBG@21:28:20.785] Saved 4096 bytes from buffer to file.
[DBG@21:28:20.785] Added buffer back to pool.
[DBG@21:28:21.044] Saving buffer 1.
[DBG@21:28:21.044] Saved 4096 bytes from buffer to file.
[DBG@21:28:21.045] Added buffer back to pool.
[DBG@21:28:21.294] Saving buffer 2.
[DBG@21:28:21.294] Saved 4096 bytes from buffer to file.
[DBG@21:28:21.295] Added buffer back to pool.
[DBG@21:28:21.554] Saving buffer 3.
[DBG@21:28:21.554] Saved 4096 bytes from buffer to file.
[DBG@21:28:21.555] Added buffer back to pool.
[DBG@21:28:21.804] Saving buffer 4.
[DBG@21:28:21.804] Saved 4096 bytes from buffer to file.
[DBG@21:28:21.805] Added buffer back to pool.
[DBG@21:28:22.064] Saving buffer 5.
[DBG@21:28:22.064] Saved 4096 bytes from buffer to file.
[DBG@21:28:22.065] Added buffer back to pool.
[DBG@21:28:22.324] Saving buffer 6.
[DBG@21:28:22.324] Saved 4096 bytes from buffer to file.
[DBG@21:28:22.325] Added buffer back to pool.
[DBG@21:28:22.574] Saving buffer 7.
[DBG@21:28:22.574] Saved 4096 bytes from buffer to file.
[DBG@21:28:22.575] Added buffer back to pool.
[DBG@21:28:22.834] Saving buffer 8.
[DBG@21:28:22.834] Saved 4096 bytes from buffer to file.
[DBG@21:28:22.835] Added buffer back to pool.
[DBG@21:28:23.084] Saving buffer 9.
[DBG@21:28:23.084] Saved 4096 bytes from buffer to file.
[DBG@21:28:23.084] Added buffer back to pool.
[DBG@21:28:23.344] Saving buffer 10.
[DBG@21:28:23.344] Saved 4096 bytes from buffer to file.
[DBG@21:28:23.345] Added buffer back to pool.
[DBG@21:28:23.604] Saving buffer 11.
[DBG@21:28:23.604] Saved 4096 bytes from buffer to file.
[DBG@21:28:23.605] Added buffer back to pool.
[DBG@21:28:23.854] Saving buffer 12.
[DBG@21:28:23.854] Saved 4096 bytes from buffer to file.
[DBG@21:28:23.854] Added buffer back to pool.
[DBG@21:28:24.114] Saving buffer 13.
[DBG@21:28:24.114] Saved 4096 bytes from buffer to file.
[DBG@21:28:24.114] Added buffer back to pool.
[DBG@21:28:24.364] Saving buffer 14.
[DBG@21:28:24.364] Saved 4096 bytes from buffer to file.
[DBG@21:28:24.364] Added buffer back to pool.
[DBG@21:28:24.624] Saving buffer 15.
[DBG@21:28:24.624] Saved 4096 bytes from buffer to file.
[DBG@21:28:24.624] Added buffer back to pool.
[DBG@21:28:24.884] Saving buffer 0.
[DBG@21:28:24.885] Saved 4096 bytes from buffer to file.
[DBG@21:28:24.885] Added buffer back to pool.
[DBG@21:28:25.134] Saving buffer 1.
[DBG@21:28:25.134] Saved 4096 bytes from buffer to file.
[DBG@21:28:25.134] Added buffer back to pool.
[DBG@21:28:25.394] Saving buffer 2.
[DBG@21:28:25.394] Saved 4096 bytes from buffer to file.
[DBG@21:28:25.394] Added buffer back to pool.
[DBG@21:28:25.644] Saving buffer 3.
[DBG@21:28:25.644] Saved 4096 bytes from buffer to file.
[DBG@21:28:25.644] Added buffer back to pool.
[DBG@21:28:25.904] Saving buffer 4.
[DBG@21:28:25.904] Saved 4096 bytes from buffer to file.
[DBG@21:28:25.904] Added buffer back to pool.
[DBG@21:28:26.164] Saving buffer 5.
[DBG@21:28:26.164] Saved 4096 bytes from buffer to file.
[DBG@21:28:26.164] Added buffer back to pool.
[DBG@21:28:26.414] Saving buffer 6.
[DBG@21:28:26.414] Saved 4096 bytes from buffer to file.
[DBG@21:28:26.414] Added buffer back to pool.
[DBG@21:28:26.674] Saving buffer 7.
[DBG@21:28:26.674] Saved 4096 bytes from buffer to file.
[DBG@21:28:26.674] Added buffer back to pool.
[DBG@21:28:26.924] Saving buffer 8.
[DBG@21:28:26.924] Saved 4096 bytes from buffer to file.
[DBG@21:28:26.924] Added buffer back to pool.
[DBG@21:28:27.184] Saving buffer 9.
[DBG@21:28:27.184] Saved 4096 bytes from buffer to file.
[DBG@21:28:27.184] Added buffer back to pool.
[DBG@21:28:27.444] Saving buffer 10.
[DBG@21:28:27.444] Saved 4096 bytes from buffer to file.
[DBG@21:28:27.444] Added buffer back to pool.
[DBG@21:28:27.694] Saving buffer 11.
[DBG@21:28:27.694] Saved 4096 bytes from buffer to file.
[DBG@21:28:27.694] Added buffer back to pool.
[DBG@21:28:27.954] Saving buffer 12.
[DBG@21:28:27.954] Saved 4096 bytes from buffer to file.
[DBG@21:28:27.954] Added buffer back to pool.
[DBG@21:28:28.204] Saving buffer 13.
[DBG@21:28:28.204] Saved 4096 bytes from buffer to file.
[DBG@21:28:28.204] Added buffer back to pool.
[DBG@21:28:28.464] Saving buffer 14.
[DBG@21:28:28.464] Saved 4096 bytes from buffer to file.
[DBG@21:28:28.464] Added buffer back to pool.
[DBG@21:28:28.724] Saving buffer 15.
[DBG@21:28:28.724] Saved 4096 bytes from buffer to file.
[DBG@21:28:28.724] Added buffer back to pool.
[DBG@21:28:28.974] Saving buffer 0.
[DBG@21:28:28.975] Saved 4096 bytes from buffer to file.
[DBG@21:28:28.975] Added buffer back to pool.
[DBG@21:28:29.234] Saving buffer 1.
[DBG@21:28:29.234] Saved 4096 bytes from buffer to file.
[DBG@21:28:29.234] Added buffer back to pool.
[DBG@21:28:29.484] Saving buffer 2.
[DBG@21:28:29.484] Saved 4096 bytes from buffer to file.
[DBG@21:28:29.484] Added buffer back to pool.
[DBG@21:28:29.744] Saving buffer 3.
[DBG@21:28:29.744] Saved 4096 bytes from buffer to file.
[DBG@21:28:29.744] Added buffer back to pool.
[DBG@21:28:30.004] Saving buffer 4.
[DBG@21:28:30.004] Saved 4096 bytes from buffer to file.
[DBG@21:28:30.004] Added buffer back to pool.
[DBG@21:28:30.254] Saving buffer 5.
[DBG@21:28:30.254] Saved 4096 bytes from buffer to file.
[DBG@21:28:30.254] Added buffer back to pool.
[DBG@21:28:30.514] Saving buffer 6.
[DBG@21:28:30.514] Saved 4096 bytes from buffer to file.
[DBG@21:28:30.514] Added buffer back to pool.
[DBG@21:28:30.764] Saving buffer 7.
[DBG@21:28:30.764] Saved 4096 bytes from buffer to file.
[DBG@21:28:30.764] Added buffer back to pool.
[DBG@21:28:31.024] Saving buffer 8.
[DBG@21:28:31.024] Saved 4096 bytes from buffer to file.
[DBG@21:28:31.024] Added buffer back to pool.
[DBG@21:28:31.284] Saving buffer 9.
[DBG@21:28:31.284] Saved 4096 bytes from buffer to file.
[DBG@21:28:31.284] Added buffer back to pool.
[DBG@21:28:31.534] Saving buffer 10.
[DBG@21:28:31.534] Saved 4096 bytes from buffer to file.
[DBG@21:28:31.534] Added buffer back to pool.
[DBG@21:28:31.794] Saving buffer 11.
[DBG@21:28:31.794] Saved 4096 bytes from buffer to file.
[DBG@21:28:31.794] Added buffer back to pool.
[DBG@21:28:32.044] Saving buffer 12.
[DBG@21:28:32.044] Saved 4096 bytes from buffer to file.
[DBG@21:28:32.044] Added buffer back to pool.
[DBG@21:28:32.304] Saving buffer 13.
[DBG@21:28:32.304] Saved 4096 bytes from buffer to file.
[DBG@21:28:32.304] Added buffer back to pool.
[DBG@21:28:32.564] Saving buffer 14.
[DBG@21:28:32.564] Saved 4096 bytes from buffer to file.
[DBG@21:28:32.564] Added buffer back to pool.
[DBG@21:28:32.814] Saving buffer 15.
[DBG@21:28:32.814] Saved 4096 bytes from buffer to file.
[DBG@21:28:32.814] Added buffer back to pool.
[DBG@21:28:33.074] Saving buffer 0.
[DBG@21:28:33.075] Saved 4096 bytes from buffer to file.
[DBG@21:28:33.075] Added buffer back to pool.
[DBG@21:28:33.324] Saving buffer 1.
[DBG@21:28:33.324] Saved 4096 bytes from buffer to file.
[DBG@21:28:33.324] Added buffer back to pool.
[DBG@21:28:33.584] Saving buffer 2.
[DBG@21:28:33.584] Saved 4096 bytes from buffer to file.
[DBG@21:28:33.585] Added buffer back to pool.
[DBG@21:28:33.844] Saving buffer 3.
[DBG@21:28:33.844] Saved 4096 bytes from buffer to file.
[DBG@21:28:33.844] Added buffer back to pool.
[DBG@21:28:34.094] Saving buffer 4.
[DBG@21:28:34.094] Saved 4096 bytes from buffer to file.
[DBG@21:28:34.094] Added buffer back to pool.
[DBG@21:28:34.354] Saving buffer 5.
[DBG@21:28:34.355] Saved 4096 bytes from buffer to file.
[DBG@21:28:34.355] Added buffer back to pool.
[DBG@21:28:34.604] Saving buffer 6.
[DBG@21:28:34.604] Saved 4096 bytes from buffer to file.
[DBG@21:28:34.604] Added buffer back to pool.
[DBG@21:28:34.864] Saving buffer 7.
[DBG@21:28:34.864] Saved 4096 bytes from buffer to file.
[DBG@21:28:34.864] Added buffer back to pool.
[DBG@21:28:35.124] Saving buffer 8.
[DBG@21:28:35.124] Saved 4096 bytes from buffer to file.
[DBG@21:28:35.124] Added buffer back to pool.
[DBG@21:28:35.374] Saving buffer 9.
[DBG@21:28:35.374] Saved 4096 bytes from buffer to file.
[DBG@21:28:35.374] Added buffer back to pool.
[DBG@21:28:35.634] Saving buffer 10.
[DBG@21:28:35.634] Saved 4096 bytes from buffer to file.
[DBG@21:28:35.634] Added buffer back to pool.
[DBG@21:28:35.884] Saving buffer 11.
[DBG@21:28:35.884] Saved 4096 bytes from buffer to file.
[DBG@21:28:35.884] Added buffer back to pool.
[DBG@21:28:36.144] Saving buffer 12.
[DBG@21:28:36.144] Saved 4096 bytes from buffer to file.
[DBG@21:28:36.144] Added buffer back to pool.
[DBG@21:28:36.404] Saving buffer 13.
[DBG@21:28:36.404] Saved 4096 bytes from buffer to file.
[DBG@21:28:36.404] Added buffer back to pool.
[DBG@21:28:36.654] Saving buffer 14.
[DBG@21:28:36.654] Saved 4096 bytes from buffer to file.
[DBG@21:28:36.654] Added buffer back to pool.
[DBG@21:28:36.914] Saving buffer 15.
[DBG@21:28:36.914] Saved 4096 bytes from buffer to file.
[DBG@21:28:36.914] Added buffer back to pool.
[DBG@21:28:37.164] Saving buffer 0.
[DBG@21:28:37.164] Saved 4096 bytes from buffer to file.
[DBG@21:28:37.164] Added buffer back to pool.
[DBG@21:28:37.424] Saving buffer 1.
[DBG@21:28:37.424] Saved 4096 bytes from buffer to file.
[DBG@21:28:37.424] Added buffer back to pool.
[DBG@21:28:37.684] Saving buffer 2.
[DBG@21:28:37.684] Saved 4096 bytes from buffer to file.
[DBG@21:28:37.684] Added buffer back to pool.
[DBG@21:28:37.934] Saving buffer 3.
[DBG@21:28:37.934] Saved 4096 bytes from buffer to file.
[DBG@21:28:37.934] Added buffer back to pool.
[DBG@21:28:38.194] Saving buffer 4.
[DBG@21:28:38.194] Saved 4096 bytes from buffer to file.
[DBG@21:28:38.194] Added buffer back to pool.
[DBG@21:28:38.444] Saving buffer 5.
[DBG@21:28:38.444] Saved 4096 bytes from buffer to file.
[DBG@21:28:38.445] Added buffer back to pool.
[DBG@21:28:38.704] Saving buffer 6.
[DBG@21:28:38.704] Saved 4096 bytes from buffer to file.
[DBG@21:28:38.704] Added buffer back to pool.
[DBG@21:28:38.964] Saving buffer 7.
[DBG@21:28:38.964] Saved 4096 bytes from buffer to file.
[DBG@21:28:38.964] Added buffer back to pool.
[DBG@21:28:39.214] Saving buffer 8.
[DBG@21:28:39.214] Saved 4096 bytes from buffer to file.
[DBG@21:28:39.214] Added buffer back to pool.
[DBG@21:28:39.474] Saving buffer 9.
[DBG@21:28:39.474] Saved 4096 bytes from buffer to file.
[DBG@21:28:39.474] Added buffer back to pool.
[DBG@21:28:39.724] Saving buffer 10.
[DBG@21:28:39.724] Saved 4096 bytes from buffer to file.
[DBG@21:28:39.724] Added buffer back to pool.
[DBG@21:28:39.984] Saving buffer 11.
[DBG@21:28:39.984] Saved 4096 bytes from buffer to file.
[DBG@21:28:39.984] Added buffer back to pool.
[DBG@21:28:40.244] Saving buffer 12.
[DBG@21:28:40.244] Saved 4096 bytes from buffer to file.
[DBG@21:28:40.244] Added buffer back to pool.
[DBG@21:28:40.494] Saving buffer 13.
[DBG@21:28:40.494] Saved 4096 bytes from buffer to file.
[DBG@21:28:40.494] Added buffer back to pool.
[DBG@21:28:40.754] Saving buffer 14.
[DBG@21:28:40.754] Saved 4096 bytes from buffer to file.
[DBG@21:28:40.754] Added buffer back to pool.
[DBG@21:28:41.004] Saving buffer 15.
[DBG@21:28:41.004] Saved 4096 bytes from buffer to file.
[DBG@21:28:41.004] Added buffer back to pool.
[DBG@21:28:41.264] Saving buffer 0.
[DBG@21:28:41.264] Saved 4096 bytes from buffer to file.
[DBG@21:28:41.265] Added buffer back to pool.
[DBG@21:28:41.524] Saving buffer 1.
[DBG@21:28:41.524] Saved 4096 bytes from buffer to file.
[DBG@21:28:41.524] Added buffer back to pool.
[DBG@21:28:41.773] Saving buffer 2.
[DBG@21:28:41.774] Saved 4096 bytes from buffer to file.
[DBG@21:28:41.774] Added buffer back to pool.
[DBG@21:28:42.033] Saving buffer 3.
[DBG@21:28:42.034] Saved 4096 bytes from buffer to file.
[DBG@21:28:42.034] Added buffer back to pool.
[DBG@21:28:42.283] Saving buffer 4.
[DBG@21:28:42.284] Saved 4096 bytes from buffer to file.
[DBG@21:28:42.284] Added buffer back to pool.
[DBG@21:28:42.544] Saving buffer 5.
[DBG@21:28:42.544] Saved 4096 bytes from buffer to file.
[DBG@21:28:42.544] Added buffer back to pool.
[DBG@21:28:42.803] Saving buffer 6.
[DBG@21:28:42.804] Saved 4096 bytes from buffer to file.
[DBG@21:28:42.804] Added buffer back to pool.
[DBG@21:28:43.053] Saving buffer 7.
[DBG@21:28:43.054] Saved 4096 bytes from buffer to file.
[DBG@21:28:43.054] Added buffer back to pool.
[DBG@21:28:43.313] Saving buffer 8.
[DBG@21:28:43.314] Saved 4096 bytes from buffer to file.
[DBG@21:28:43.314] Added buffer back to pool.
[DBG@21:28:43.563] Saving buffer 9.
[DBG@21:28:43.564] Saved 4096 bytes from buffer to file.
[DBG@21:28:43.564] Added buffer back to pool.
[DBG@21:28:43.823] Saving buffer 10.
[DBG@21:28:43.824] Saved 4096 bytes from buffer to file.
[DBG@21:28:43.824] Added buffer back to pool.
[DBG@21:28:44.083] Saving buffer 11.
[DBG@21:28:44.084] Saved 4096 bytes from buffer to file.
[DBG@21:28:44.084] Added buffer back to pool.
[DBG@21:28:44.333] Saving buffer 12.
[DBG@21:28:44.334] Saved 4096 bytes from buffer to file.
[DBG@21:28:44.334] Added buffer back to pool.
[DBG@21:28:44.593] Saving buffer 13.
[DBG@21:28:44.594] Saved 4096 bytes from buffer to file.
[DBG@21:28:44.594] Added buffer back to pool.
[DBG@21:28:44.843] Saving buffer 14.
[DBG@21:28:44.844] Saved 4096 bytes from buffer to file.
[DBG@21:28:44.844] Added buffer back to pool.
[DBG@21:28:45.103] Saving buffer 15.
[DBG@21:28:45.104] Saved 4096 bytes from buffer to file.
[DBG@21:28:45.104] Added buffer back to pool.
[DBG@21:28:45.363] Saving buffer 0.
[DBG@21:28:45.365] Saved 4096 bytes from buffer to file.
[DBG@21:28:45.365] Added buffer back to pool.
[DBG@21:28:45.613] Saving buffer 1.
[DBG@21:28:45.613] Saved 4096 bytes from buffer to file.
[DBG@21:28:45.614] Added buffer back to pool.
[DBG@21:28:45.873] Saving buffer 2.
[DBG@21:28:45.873] Saved 4096 bytes from buffer to file.
[DBG@21:28:45.874] Added buffer back to pool.
[DBG@21:28:46.123] Saving buffer 3.
[DBG@21:28:46.123] Saved 4096 bytes from buffer to file.
[DBG@21:28:46.124] Added buffer back to pool.
[DBG@21:28:46.383] Saving buffer 4.
[DBG@21:28:46.383] Saved 4096 bytes from buffer to file.
[DBG@21:28:46.384] Added buffer back to pool.
[DBG@21:28:46.643] Saving buffer 5.
[DBG@21:28:46.643] Saved 4096 bytes from buffer to file.
[DBG@21:28:46.644] Added buffer back to pool.
[DBG@21:28:46.893] Saving buffer 6.
[DBG@21:28:46.893] Saved 4096 bytes from buffer to file.
[DBG@21:28:46.894] Added buffer back to pool.
[DBG@21:28:47.153] Saving buffer 7.
[DBG@21:28:47.153] Saved 4096 bytes from buffer to file.
[DBG@21:28:47.154] Added buffer back to pool.
[DBG@21:28:47.403] Saving buffer 8.
[DBG@21:28:47.403] Saved 4096 bytes from buffer to file.
[DBG@21:28:47.404] Added buffer back to pool.
[DBG@21:28:47.663] Saving buffer 9.
[DBG@21:28:47.663] Saved 4096 bytes from buffer to file.
[DBG@21:28:47.664] Added buffer back to pool.
[DBG@21:28:47.923] Saving buffer 10.
[DBG@21:28:47.923] Saved 4096 bytes from buffer to file.
[DBG@21:28:47.924] Added buffer back to pool.
[DBG@21:28:48.173] Saving buffer 11.
[DBG@21:28:48.173] Saved 4096 bytes from buffer to file.
[DBG@21:28:48.173] Added buffer back to pool.
[DBG@21:28:48.433] Saving buffer 12.
[DBG@21:28:48.433] Saved 4096 bytes from buffer to file.
[DBG@21:28:48.433] Added buffer back to pool.
[DBG@21:28:48.683] Saving buffer 13.
[DBG@21:28:48.683] Saved 4096 bytes from buffer to file.
[DBG@21:28:48.683] Added buffer back to pool.
[DBG@21:28:48.943] Saving buffer 14.
[DBG@21:28:48.943] Saved 4096 bytes from buffer to file.
[DBG@21:28:48.943] Added buffer back to pool.
[DBG@21:28:49.203] Saving buffer 15.
[DBG@21:28:49.203] Saved 4096 bytes from buffer to file.
[DBG@21:28:49.203] Added buffer back to pool.
[DBG@21:28:49.453] Saving buffer 0.
[DBG@21:28:49.454] Saved 4096 bytes from buffer to file.
[DBG@21:28:49.454] Added buffer back to pool.
[DBG@21:28:49.713] Saving buffer 1.
[DBG@21:28:49.713] Saved 4096 bytes from buffer to file.
[DBG@21:28:49.714] Added buffer back to pool.
[DBG@21:28:49.963] Saving buffer 2.
[DBG@21:28:49.963] Saved 4096 bytes from buffer to file.
[DBG@21:28:49.963] Added buffer back to pool.
[DBG@21:28:50.223] Saving buffer 3.
[DBG@21:28:50.223] Saved 4096 bytes from buffer to file.
[DBG@21:28:50.223] Added buffer back to pool.
[DBG@21:28:50.483] Saving buffer 4.
[DBG@21:28:50.483] Saved 4096 bytes from buffer to file.
[DBG@21:28:50.483] Added buffer back to pool.
[DBG@21:28:50.733] Saving buffer 5.
[DBG@21:28:50.733] Saved 4096 bytes from buffer to file.
[DBG@21:28:50.733] Added buffer back to pool.
[DBG@21:28:50.993] Saving buffer 6.
[DBG@21:28:50.993] Saved 4096 bytes from buffer to file.
[DBG@21:28:50.993] Added buffer back to pool.
[DBG@21:28:51.243] Saving buffer 7.
[DBG@21:28:51.243] Saved 4096 bytes from buffer to file.
[DBG@21:28:51.243] Added buffer back to pool.
[DBG@21:28:51.503] Saving buffer 8.
[DBG@21:28:51.503] Saved 4096 bytes from buffer to file.
[DBG@21:28:51.503] Added buffer back to pool.
[DBG@21:28:51.763] Saving buffer 9.
[DBG@21:28:51.763] Saved 4096 bytes from buffer to file.
[DBG@21:28:51.763] Added buffer back to pool.
[DBG@21:28:52.013] Saving buffer 10.
[DBG@21:28:52.013] Saved 4096 bytes from buffer to file.
[DBG@21:28:52.013] Added buffer back to pool.
[DBG@21:28:52.273] Saving buffer 11.
[DBG@21:28:52.273] Saved 4096 bytes from buffer to file.
[DBG@21:28:52.273] Added buffer back to pool.
[DBG@21:28:52.523] Saving buffer 12.
[DBG@21:28:52.523] Saved 4096 bytes from buffer to file.
[DBG@21:28:52.523] Added buffer back to pool.
[DBG@21:28:52.783] Saving buffer 13.
[DBG@21:28:52.783] Saved 4096 bytes from buffer to file.
[DBG@21:28:52.783] Added buffer back to pool.
[DBG@21:28:53.043] Saving buffer 14.
[DBG@21:28:53.043] Saved 4096 bytes from buffer to file.
[DBG@21:28:53.043] Added buffer back to pool.
[DBG@21:28:53.293] Saving buffer 15.
[DBG@21:28:53.293] Saved 4096 bytes from buffer to file.
[DBG@21:28:53.293] Added buffer back to pool.
[DBG@21:28:53.553] Saving buffer 0.
[DBG@21:28:53.553] Saved 4096 bytes from buffer to file.
[DBG@21:28:53.554] Added buffer back to pool.
[DBG@21:28:53.803] Saving buffer 1.
[DBG@21:28:53.803] Saved 4096 bytes from buffer to file.
[DBG@21:28:53.803] Added buffer back to pool.
[DBG@21:28:54.063] Saving buffer 2.
[DBG@21:28:54.063] Saved 4096 bytes from buffer to file.
[DBG@21:28:54.064] Added buffer back to pool.
[DBG@21:28:54.323] Saving buffer 3.
[DBG@21:28:54.323] Saved 4096 bytes from buffer to file.
[DBG@21:28:54.323] Added buffer back to pool.
[DBG@21:28:54.573] Saving buffer 4.
[DBG@21:28:54.573] Saved 4096 bytes from buffer to file.
[DBG@21:28:54.573] Added buffer back to pool.
[DBG@21:28:54.833] Saving buffer 5.
[DBG@21:28:54.833] Saved 4096 bytes from buffer to file.
[DBG@21:28:54.833] Added buffer back to pool.
[DBG@21:28:55.083] Saving buffer 6.
[DBG@21:28:55.083] Saved 4096 bytes from buffer to file.
[DBG@21:28:55.083] Added buffer back to pool.
[DBG@21:28:55.343] Saving buffer 7.
[DBG@21:28:55.343] Saved 4096 bytes from buffer to file.
[DBG@21:28:55.343] Added buffer back to pool.
[DBG@21:28:55.603] Saving buffer 8.
[DBG@21:28:55.603] Saved 4096 bytes from buffer to file.
[DBG@21:28:55.603] Added buffer back to pool.
[DBG@21:28:55.853] Saving buffer 9.
[DBG@21:28:55.853] Saved 4096 bytes from buffer to file.
[DBG@21:28:55.854] Added buffer back to pool.
[DBG@21:28:56.113] Saving buffer 10.
[DBG@21:28:56.113] Saved 4096 bytes from buffer to file.
[DBG@21:28:56.113] Added buffer back to pool.
[DBG@21:28:56.363] Saving buffer 11.
[DBG@21:28:56.363] Saved 4096 bytes from buffer to file.
[DBG@21:28:56.363] Added buffer back to pool.
[DBG@21:28:56.623] Saving buffer 12.
[DBG@21:28:56.623] Saved 4096 bytes from buffer to file.
[DBG@21:28:56.623] Added buffer back to pool.
[DBG@21:28:56.883] Saving buffer 13.
[DBG@21:28:56.883] Saved 4096 bytes from buffer to file.
[DBG@21:28:56.883] Added buffer back to pool.
[DBG@21:28:57.133] Saving buffer 14.
[DBG@21:28:57.133] Saved 4096 bytes from buffer to file.
[DBG@21:28:57.133] Added buffer back to pool.
[DBG@21:28:57.393] Saving buffer 15.
[DBG@21:28:57.393] Saved 4096 bytes from buffer to file.
[DBG@21:28:57.393] Added buffer back to pool.
[DBG@21:28:57.643] Saving buffer 0.
[DBG@21:28:57.643] Saved 4096 bytes from buffer to file.
[DBG@21:28:57.644] Added buffer back to pool.
[DBG@21:28:57.903] Saving buffer 1.
[DBG@21:28:57.903] Saved 4096 bytes from buffer to file.
[DBG@21:28:57.903] Added buffer back to pool.
[DBG@21:28:58.163] Saving buffer 2.
[DBG@21:28:58.163] Saved 4096 bytes from buffer to file.
[DBG@21:28:58.163] Added buffer back to pool.
[DBG@21:28:58.413] Saving buffer 3.
[DBG@21:28:58.413] Saved 4096 bytes from buffer to file.
[DBG@21:28:58.413] Added buffer back to pool.
[DBG@21:28:58.673] Saving buffer 4.
[DBG@21:28:58.673] Saved 4096 bytes from buffer to file.
[DBG@21:28:58.673] Added buffer back to pool.
[DBG@21:28:58.923] Saving buffer 5.
[DBG@21:28:58.923] Saved 4096 bytes from buffer to file.
[DBG@21:28:58.923] Added buffer back to pool.
[DBG@21:28:59.183] Saving buffer 6.
[DBG@21:28:59.183] Saved 4096 bytes from buffer to file.
[DBG@21:28:59.183] Added buffer back to pool.
[DBG@21:28:59.443] Saving buffer 7.
[DBG@21:28:59.443] Saved 4096 bytes from buffer to file.
[DBG@21:28:59.443] Added buffer back to pool.
[DBG@21:28:59.693] Saving buffer 8.
[DBG@21:28:59.693] Saved 4096 bytes from buffer to file.
[DBG@21:28:59.693] Added buffer back to pool.
[DBG@21:28:59.953] Saving buffer 9.
[DBG@21:28:59.953] Saved 4096 bytes from buffer to file.
[DBG@21:28:59.953] Added buffer back to pool.
[DBG@21:29:00.203] Saving buffer 10.
[DBG@21:29:00.203] Saved 4096 bytes from buffer to file.
[DBG@21:29:00.203] Added buffer back to pool.
[DBG@21:29:00.463] Saving buffer 11.
[DBG@21:29:00.463] Saved 4096 bytes from buffer to file.
[DBG@21:29:00.463] Added buffer back to pool.
[DBG@21:29:00.723] Saving buffer 12.
[DBG@21:29:00.723] Saved 4096 bytes from buffer to file.
[DBG@21:29:00.723] Added buffer back to pool.
[DBG@21:29:00.973] Saving buffer 13.
[DBG@21:29:00.973] Saved 4096 bytes from buffer to file.
[DBG@21:29:00.973] Added buffer back to pool.
[DBG@21:29:01.233] Saving buffer 14.
[DBG@21:29:01.233] Saved 4096 bytes from buffer to file.
[DBG@21:29:01.233] Added buffer back to pool.
[DBG@21:29:01.483] Saving buffer 15.
[DBG@21:29:01.483] Saved 4096 bytes from buffer to file.
[DBG@21:29:01.483] Added buffer back to pool.
[DBG@21:29:01.743] Saving buffer 0.
[DBG@21:29:01.744] Saved 4096 bytes from buffer to file.
[DBG@21:29:01.744] Added buffer back to pool.
[DBG@21:29:02.003] Saving buffer 1.
[DBG@21:29:02.003] Saved 4096 bytes from buffer to file.
[DBG@21:29:02.003] Added buffer back to pool.
[DBG@21:29:02.253] Saving buffer 2.
[DBG@21:29:02.253] Saved 4096 bytes from buffer to file.
[DBG@21:29:02.253] Added buffer back to pool.
[DBG@21:29:02.513] Saving buffer 3.
[DBG@21:29:02.513] Saved 4096 bytes from buffer to file.
[DBG@21:29:02.513] Added buffer back to pool.
[DBG@21:29:02.763] Saving buffer 4.
[DBG@21:29:02.763] Saved 4096 bytes from buffer to file.
[DBG@21:29:02.763] Added buffer back to pool.
[DBG@21:29:03.023] Saving buffer 5.
[DBG@21:29:03.023] Saved 4096 bytes from buffer to file.
[DBG@21:29:03.023] Added buffer back to pool.
[DBG@21:29:03.283] Saving buffer 6.
[DBG@21:29:03.283] Saved 4096 bytes from buffer to file.
[DBG@21:29:03.283] Added buffer back to pool.
[DBG@21:29:03.533] Saving buffer 7.
[DBG@21:29:03.533] Saved 4096 bytes from buffer to file.
[DBG@21:29:03.533] Added buffer back to pool.
[DBG@21:29:03.793] Saving buffer 8.
[DBG@21:29:03.793] Saved 4096 bytes from buffer to file.
[DBG@21:29:03.793] Added buffer back to pool.
[DBG@21:29:04.043] Saving buffer 9.
[DBG@21:29:04.043] Saved 4096 bytes from buffer to file.
[DBG@21:29:04.043] Added buffer back to pool.
[DBG@21:29:04.303] Saving buffer 10.
[DBG@21:29:04.303] Saved 4096 bytes from buffer to file.
[DBG@21:29:04.303] Added buffer back to pool.
[DBG@21:29:04.563] Saving buffer 11.
[DBG@21:29:04.563] Saved 4096 bytes from buffer to file.
[DBG@21:29:04.563] Added buffer back to pool.
[DBG@21:29:04.813] Saving buffer 12.
[DBG@21:29:04.813] Saved 4096 bytes from buffer to file.
[DBG@21:29:04.813] Added buffer back to pool.
[DBG@21:29:05.073] Saving buffer 13.
[DBG@21:29:05.073] Saved 4096 bytes from buffer to file.
[DBG@21:29:05.073] Added buffer back to pool.
[DBG@21:29:05.323] Saving buffer 14.
[DBG@21:29:05.323] Saved 4096 bytes from buffer to file.
[DBG@21:29:05.323] Added buffer back to pool.
[DBG@21:29:05.583] Saving buffer 15.
[DBG@21:29:05.583] Saved 4096 bytes from buffer to file.
[DBG@21:29:05.583] Added buffer back to pool.
[DBG@21:29:05.843] Saving buffer 0.
[DBG@21:29:05.843] Saved 4096 bytes from buffer to file.
[DBG@21:29:05.843] Added buffer back to pool.
[DBG@21:29:06.093] Saving buffer 1.
[DBG@21:29:06.093] Saved 4096 bytes from buffer to file.
[DBG@21:29:06.093] Added buffer back to pool.
[DBG@21:29:06.352] Saving buffer 2.
[DBG@21:29:06.353] Saved 4096 bytes from buffer to file.
[DBG@21:29:06.353] Added buffer back to pool.
[DBG@21:29:06.602] Saving buffer 3.
[DBG@21:29:06.603] Saved 4096 bytes from buffer to file.
[DBG@21:29:06.603] Added buffer back to pool.
[DBG@21:29:06.862] Saving buffer 4.
[DBG@21:29:06.863] Saved 4096 bytes from buffer to file.
[DBG@21:29:06.863] Added buffer back to pool.
[DBG@21:29:07.122] Saving buffer 5.
[DBG@21:29:07.123] Saved 4096 bytes from buffer to file.
[DBG@21:29:07.123] Added buffer back to pool.
[DBG@21:29:07.373] Saving buffer 6.
[DBG@21:29:07.373] Saved 4096 bytes from buffer to file.
[DBG@21:29:07.373] Added buffer back to pool.
[DBG@21:29:07.632] Saving buffer 7.
[DBG@21:29:07.633] Saved 4096 bytes from buffer to file.
[DBG@21:29:07.633] Added buffer back to pool.
[DBG@21:29:07.883] Saving buffer 8.
[DBG@21:29:07.883] Saved 4096 bytes from buffer to file.
[DBG@21:29:07.883] Added buffer back to pool.
[DBG@21:29:08.143] Saving buffer 9.
[DBG@21:29:08.143] Saved 4096 bytes from buffer to file.
[DBG@21:29:08.143] Added buffer back to pool.
[DBG@21:29:08.403] Saving buffer 10.
[DBG@21:29:08.403] Saved 4096 bytes from buffer to file.
[DBG@21:29:08.403] Added buffer back to pool.
[DBG@21:29:08.652] Saving buffer 11.
[DBG@21:29:08.653] Saved 4096 bytes from buffer to file.
[DBG@21:29:08.653] Added buffer back to pool.
[DBG@21:29:08.912] Saving buffer 12.
[DBG@21:29:08.913] Saved 4096 bytes from buffer to file.
[DBG@21:29:08.913] Added buffer back to pool.
[DBG@21:29:09.162] Saving buffer 13.
[DBG@21:29:09.162] Saved 4096 bytes from buffer to file.
[DBG@21:29:09.163] Added buffer back to pool.
[DBG@21:29:09.423] Saving buffer 14.
[DBG@21:29:09.423] Saved 4096 bytes from buffer to file.
[DBG@21:29:09.423] Added buffer back to pool.
[DBG@21:29:09.682] Saving buffer 15.
[DBG@21:29:09.683] Saved 4096 bytes from buffer to file.
[DBG@21:29:09.683] Added buffer back to pool.
[DBG@21:29:09.932] Saving buffer 0.
[DBG@21:29:09.933] Saved 4096 bytes from buffer to file.
[DBG@21:29:09.933] Added buffer back to pool.
[DBG@21:29:10.192] Saving buffer 1.
[DBG@21:29:10.192] Saved 4096 bytes from buffer to file.
[DBG@21:29:10.193] Added buffer back to pool.
[DBG@21:29:10.442] Saving buffer 2.
[DBG@21:29:10.443] Saved 4096 bytes from buffer to file.
[DBG@21:29:10.443] Added buffer back to pool.
[DBG@21:29:10.702] Saving buffer 3.
[DBG@21:29:10.702] Saved 4096 bytes from buffer to file.
[DBG@21:29:10.703] Added buffer back to pool.
[DBG@21:29:10.963] Saving buffer 4.
[DBG@21:29:10.963] Saved 4096 bytes from buffer to file.
[DBG@21:29:10.963] Added buffer back to pool.
[DBG@21:29:11.213] Saving buffer 5.
[DBG@21:29:11.213] Saved 4096 bytes from buffer to file.
[DBG@21:29:11.213] Added buffer back to pool.
[DBG@21:29:11.472] Saving buffer 6.
[DBG@21:29:11.472] Saved 4096 bytes from buffer to file.
[DBG@21:29:11.473] Added buffer back to pool.
[DBG@21:29:11.722] Saving buffer 7.
[DBG@21:29:11.722] Saved 4096 bytes from buffer to file.
[DBG@21:29:11.723] Added buffer back to pool.
[DBG@21:29:11.982] Saving buffer 8.
[DBG@21:29:11.982] Saved 4096 bytes from buffer to file.
[DBG@21:29:12.010] Added buffer back to pool.
[DBG@21:29:12.242] Saving buffer 9.
[DBG@21:29:12.243] Saved 4096 bytes from buffer to file.
[DBG@21:29:12.243] Added buffer back to pool.
[DBG@21:29:12.492] Saving buffer 10.
[DBG@21:29:12.492] Saved 4096 bytes from buffer to file.
[DBG@21:29:12.492] Added buffer back to pool.
[DBG@21:29:12.752] Saving buffer 11.
[DBG@21:29:12.752] Saved 4096 bytes from buffer to file.
[DBG@21:29:12.752] Added buffer back to pool.
[DBG@21:29:13.002] Saving buffer 12.
[DBG@21:29:13.002] Saved 4096 bytes from buffer to file.
[DBG@21:29:13.002] Added buffer back to pool.
[DBG@21:29:13.262] Saving buffer 13.
[DBG@21:29:13.262] Saved 4096 bytes from buffer to file.
[DBG@21:29:13.262] Added buffer back to pool.
[DBG@21:29:13.522] Saving buffer 14.
[DBG@21:29:13.522] Saved 4096 bytes from buffer to file.
[DBG@21:29:13.522] Added buffer back to pool.
[DBG@21:29:13.772] Saving buffer 15.
[DBG@21:29:13.772] Saved 4096 bytes from buffer to file.
[DBG@21:29:13.772] Added buffer back to pool.
[DBG@21:29:14.032] Saving buffer 0.
[DBG@21:29:14.033] Saved 4096 bytes from buffer to file.
[DBG@21:29:14.033] Added buffer back to pool.
[DBG@21:29:14.282] Saving buffer 1.
[DBG@21:29:14.282] Saved 4096 bytes from buffer to file.
[DBG@21:29:14.282] Added buffer back to pool.
[DBG@21:29:14.542] Saving buffer 2.
[DBG@21:29:14.542] Saved 4096 bytes from buffer to file.
[DBG@21:29:14.543] Added buffer back to pool.
[DBG@21:29:14.802] Saving buffer 3.
[DBG@21:29:14.802] Saved 4096 bytes from buffer to file.
[DBG@21:29:14.802] Added buffer back to pool.
[DBG@21:29:15.052] Saving buffer 4.
[DBG@21:29:15.052] Saved 4096 bytes from buffer to file.
[DBG@21:29:15.052] Added buffer back to pool.
[DBG@21:29:15.312] Saving buffer 5.
[DBG@21:29:15.312] Saved 4096 bytes from buffer to file.
[DBG@21:29:15.312] Added buffer back to pool.
[DBG@21:29:15.562] Saving buffer 6.
[DBG@21:29:15.562] Saved 4096 bytes from buffer to file.
[DBG@21:29:15.562] Added buffer back to pool.
[DBG@21:29:15.822] Saving buffer 7.
[DBG@21:29:15.822] Saved 4096 bytes from buffer to file.
[DBG@21:29:15.822] Added buffer back to pool.
[DBG@21:29:16.082] Saving buffer 8.
[DBG@21:29:16.082] Saved 4096 bytes from buffer to file.
[DBG@21:29:16.082] Added buffer back to pool.
[DBG@21:29:16.332] Saving buffer 9.
[DBG@21:29:16.332] Saved 4096 bytes from buffer to file.
[DBG@21:29:16.332] Added buffer back to pool.
[DBG@21:29:16.592] Saving buffer 10.
[DBG@21:29:16.592] Saved 4096 bytes from buffer to file.
[DBG@21:29:16.592] Added buffer back to pool.
[DBG@21:29:16.842] Saving buffer 11.
[DBG@21:29:16.842] Saved 4096 bytes from buffer to file.
[DBG@21:29:16.842] Added buffer back to pool.
[DBG@21:29:17.102] Saving buffer 12.
[DBG@21:29:17.102] Saved 4096 bytes from buffer to file.
[DBG@21:29:17.102] Added buffer back to pool.
[DBG@21:29:17.362] Saving buffer 13.
[DBG@21:29:17.362] Saved 4096 bytes from buffer to file.
[DBG@21:29:17.362] Added buffer back to pool.
[DBG@21:29:17.612] Saving buffer 14.
[DBG@21:29:17.612] Saved 4096 bytes from buffer to file.
[DBG@21:29:17.612] Added buffer back to pool.
[DBG@21:29:17.872] Saving buffer 15.
[DBG@21:29:17.872] Saved 4096 bytes from buffer to file.
[DBG@21:29:17.872] Added buffer back to pool.
[DBG@21:29:18.122] Saving buffer 0.
[DBG@21:29:18.123] Saved 4096 bytes from buffer to file.
[DBG@21:29:18.123] Added buffer back to pool.
[DBG@21:29:18.382] Saving buffer 1.
[DBG@21:29:18.382] Saved 4096 bytes from buffer to file.
[DBG@21:29:18.382] Added buffer back to pool.
[DBG@21:29:18.642] Saving buffer 2.
[DBG@21:29:18.642] Saved 4096 bytes from buffer to file.
[DBG@21:29:18.642] Added buffer back to pool.
[DBG@21:29:18.892] Saving buffer 3.
[DBG@21:29:18.892] Saved 4096 bytes from buffer to file.
[DBG@21:29:18.892] Added buffer back to pool.
[DBG@21:29:19.152] Saving buffer 4.
[DBG@21:29:19.152] Saved 4096 bytes from buffer to file.
[DBG@21:29:19.152] Added buffer back to pool.
[DBG@21:29:19.402] Saving buffer 5.
[DBG@21:29:19.402] Saved 4096 bytes from buffer to file.
[DBG@21:29:19.402] Added buffer back to pool.
[DBG@21:29:19.662] Saving buffer 6.
[DBG@21:29:19.662] Saved 4096 bytes from buffer to file.
[DBG@21:29:19.662] Added buffer back to pool.
[DBG@21:29:19.922] Saving buffer 7.
[DBG@21:29:19.922] Saved 4096 bytes from buffer to file.
[DBG@21:29:19.922] Added buffer back to pool.
[DBG@21:29:20.172] Saving buffer 8.
[DBG@21:29:20.172] Saved 4096 bytes from buffer to file.
[DBG@21:29:20.172] Added buffer back to pool.
[DBG@21:29:20.432] Saving buffer 9.
[DBG@21:29:20.432] Saved 4096 bytes from buffer to file.
[DBG@21:29:20.432] Added buffer back to pool.
[DBG@21:29:20.682] Saving buffer 10.
[DBG@21:29:20.682] Saved 4096 bytes from buffer to file.
[DBG@21:29:20.682] Added buffer back to pool.
[DBG@21:29:20.942] Saving buffer 11.
[DBG@21:29:20.942] Saved 4096 bytes from buffer to file.
[DBG@21:29:20.942] Added buffer back to pool.
[DBG@21:29:21.202] Saving buffer 12.
[DBG@21:29:21.202] Saved 4096 bytes from buffer to file.
[DBG@21:29:21.202] Added buffer back to pool.
[DBG@21:29:21.452] Saving buffer 13.
[DBG@21:29:21.452] Saved 4096 bytes from buffer to file.
[DBG@21:29:21.452] Added buffer back to pool.
[DBG@21:29:21.712] Saving buffer 14.
[DBG@21:29:21.712] Saved 4096 bytes from buffer to file.
[DBG@21:29:21.712] Added buffer back to pool.
[DBG@21:29:21.962] Saving buffer 15.
[DBG@21:29:21.962] Saved 4096 bytes from buffer to file.
[DBG@21:29:21.962] Added buffer back to pool.
[DBG@21:29:22.222] Saving buffer 0.
[DBG@21:29:22.222] Saved 4096 bytes from buffer to file.
[DBG@21:29:22.222] Added buffer back to pool.
[DBG@21:29:22.482] Saving buffer 1.
[DBG@21:29:22.482] Saved 4096 bytes from buffer to file.
[DBG@21:29:22.482] Added buffer back to pool.
[DBG@21:29:22.732] Saving buffer 2.
[DBG@21:29:22.732] Saved 4096 bytes from buffer to file.
[DBG@21:29:22.732] Added buffer back to pool.
[DBG@21:29:22.992] Saving buffer 3.
[DBG@21:29:22.992] Saved 4096 bytes from buffer to file.
[DBG@21:29:22.992] Added buffer back to pool.
[DBG@21:29:23.242] Saving buffer 4.
[DBG@21:29:23.242] Saved 4096 bytes from buffer to file.
[DBG@21:29:23.242] Added buffer back to pool.
[DBG@21:29:23.502] Saving buffer 5.
[DBG@21:29:23.502] Saved 4096 bytes from buffer to file.
[DBG@21:29:23.502] Added buffer back to pool.
[DBG@21:29:23.762] Saving buffer 6.
[DBG@21:29:23.762] Saved 4096 bytes from buffer to file.
[DBG@21:29:23.762] Added buffer back to pool.
[DBG@21:29:24.012] Saving buffer 7.
[DBG@21:29:24.012] Saved 4096 bytes from buffer to file.
[DBG@21:29:24.012] Added buffer back to pool.
[DBG@21:29:24.272] Saving buffer 8.
[DBG@21:29:24.272] Saved 4096 bytes from buffer to file.
[DBG@21:29:24.272] Added buffer back to pool.
[DBG@21:29:24.522] Saving buffer 9.
[DBG@21:29:24.522] Saved 4096 bytes from buffer to file.
[DBG@21:29:24.522] Added buffer back to pool.
[DBG@21:29:24.782] Saving buffer 10.
[DBG@21:29:24.782] Saved 4096 bytes from buffer to file.
[DBG@21:29:24.782] Added buffer back to pool.
[DBG@21:29:25.042] Saving buffer 11.
[DBG@21:29:25.042] Saved 4096 bytes from buffer to file.
[DBG@21:29:25.042] Added buffer back to pool.
[DBG@21:29:25.292] Saving buffer 12.
[DBG@21:29:25.292] Saved 4096 bytes from buffer to file.
[DBG@21:29:25.292] Added buffer back to pool.
[DBG@21:29:25.552] Saving buffer 13.
[DBG@21:29:25.552] Saved 4096 bytes from buffer to file.
[DBG@21:29:25.552] Added buffer back to pool.
[DBG@21:29:25.802] Saving buffer 14.
[DBG@21:29:25.802] Saved 4096 bytes from buffer to file.
[DBG@21:29:25.802] Added buffer back to pool.
[DBG@21:29:26.062] Saving buffer 15.
[DBG@21:29:26.062] Saved 4096 bytes from buffer to file.
[DBG@21:29:26.062] Added buffer back to pool.
[DBG@21:29:26.322] Saving buffer 0.
[DBG@21:29:26.322] Saved 4096 bytes from buffer to file.
[DBG@21:29:26.322] Added buffer back to pool.
[DBG@21:29:26.572] Saving buffer 1.
[DBG@21:29:26.572] Saved 4096 bytes from buffer to file.
[DBG@21:29:26.572] Added buffer back to pool.
[DBG@21:29:26.832] Saving buffer 2.
[DBG@21:29:26.832] Saved 4096 bytes from buffer to file.
[DBG@21:29:26.832] Added buffer back to pool.
[DBG@21:29:27.082] Saving buffer 3.
[DBG@21:29:27.082] Saved 4096 bytes from buffer to file.
[DBG@21:29:27.082] Added buffer back to pool.
[DBG@21:29:27.342] Saving buffer 4.
[DBG@21:29:27.342] Saved 4096 bytes from buffer to file.
[DBG@21:29:27.342] Added buffer back to pool.
[DBG@21:29:27.602] Saving buffer 5.
[DBG@21:29:27.602] Saved 4096 bytes from buffer to file.
[DBG@21:29:27.602] Added buffer back to pool.
[DBG@21:29:27.852] Saving buffer 6.
[DBG@21:29:27.852] Saved 4096 bytes from buffer to file.
[DBG@21:29:27.852] Added buffer back to pool.
[DBG@21:29:28.112] Saving buffer 7.
[DBG@21:29:28.112] Saved 4096 bytes from buffer to file.
[DBG@21:29:28.112] Added buffer back to pool.
[DBG@21:29:28.362] Saving buffer 8.
[DBG@21:29:28.362] Saved 4096 bytes from buffer to file.
[DBG@21:29:28.362] Added buffer back to pool.
[DBG@21:29:28.622] Saving buffer 9.
[DBG@21:29:28.622] Saved 4096 bytes from buffer to file.
[DBG@21:29:28.622] Added buffer back to pool.
[DBG@21:29:28.882] Saving buffer 10.
[DBG@21:29:28.882] Saved 4096 bytes from buffer to file.
[DBG@21:29:28.882] Added buffer back to pool.
[DBG@21:29:29.132] Saving buffer 11.
[DBG@21:29:29.132] Saved 4096 bytes from buffer to file.
[DBG@21:29:29.132] Added buffer back to pool.
[DBG@21:29:29.392] Saving buffer 12.
[DBG@21:29:29.392] Saved 4096 bytes from buffer to file.
[DBG@21:29:29.405] Added buffer back to pool.
[DBG@21:29:29.642] Saving buffer 13.
[DBG@21:29:29.642] Saved 4096 bytes from buffer to file.
[DBG@21:29:29.642] Added buffer back to pool.
[DBG@21:29:29.902] Saving buffer 14.
[DBG@21:29:29.902] Saved 4096 bytes from buffer to file.
[DBG@21:29:29.902] Added buffer back to pool.
[DBG@21:29:30.162] Saving buffer 15.
[DBG@21:29:30.162] Saved 4096 bytes from buffer to file.
[DBG@21:29:30.162] Added buffer back to pool.
[DBG@21:29:30.412] Saving buffer 0.
[DBG@21:29:30.412] Saved 4096 bytes from buffer to file.
[DBG@21:29:30.412] Added buffer back to pool.
[DBG@21:29:30.672] Saving buffer 1.
[DBG@21:29:30.672] Saved 4096 bytes from buffer to file.
[DBG@21:29:30.672] Added buffer back to pool.
[DBG@21:29:30.922] Saving buffer 2.
[DBG@21:29:30.922] Saved 4096 bytes from buffer to file.
[DBG@21:29:30.922] Added buffer back to pool.
[DBG@21:29:31.182] Saving buffer 3.
[DBG@21:29:31.182] Saved 4096 bytes from buffer to file.
[DBG@21:29:31.182] Added buffer back to pool.
[DBG@21:29:31.441] Saving buffer 4.
[DBG@21:29:31.442] Saved 4096 bytes from buffer to file.
[DBG@21:29:31.442] Added buffer back to pool.
[DBG@21:29:31.691] Saving buffer 5.
[DBG@21:29:31.692] Saved 4096 bytes from buffer to file.
[DBG@21:29:31.692] Added buffer back to pool.
[DBG@21:29:31.951] Saving buffer 6.
[DBG@21:29:31.952] Saved 4096 bytes from buffer to file.
[DBG@21:29:31.952] Added buffer back to pool.
[DBG@21:29:32.201] Saving buffer 7.
[DBG@21:29:32.202] Saved 4096 bytes from buffer to file.
[DBG@21:29:32.202] Added buffer back to pool.
[DBG@21:29:32.461] Saving buffer 8.
[DBG@21:29:32.462] Saved 4096 bytes from buffer to file.
[DBG@21:29:32.462] Added buffer back to pool.
[DBG@21:29:32.721] Saving buffer 9.
[DBG@21:29:32.722] Saved 4096 bytes from buffer to file.
[DBG@21:29:32.722] Added buffer back to pool.
[DBG@21:29:32.971] Saving buffer 10.
[DBG@21:29:32.972] Saved 4096 bytes from buffer to file.
[DBG@21:29:32.972] Added buffer back to pool.
[DBG@21:29:33.231] Saving buffer 11.
[DBG@21:29:33.232] Saved 4096 bytes from buffer to file.
[DBG@21:29:33.232] Added buffer back to pool.
[DBG@21:29:33.481] Saving buffer 12.
[DBG@21:29:33.482] Saved 4096 bytes from buffer to file.
[DBG@21:29:33.482] Added buffer back to pool.
[DBG@21:29:33.741] Saving buffer 13.
[DBG@21:29:33.742] Saved 4096 bytes from buffer to file.
[DBG@21:29:33.742] Added buffer back to pool.
[DBG@21:29:34.002] Saving buffer 14.
[DBG@21:29:34.002] Saved 4096 bytes from buffer to file.
[DBG@21:29:34.002] Added buffer back to pool.
[DBG@21:29:34.251] Saving buffer 15.
[DBG@21:29:34.252] Saved 4096 bytes from buffer to file.
[DBG@21:29:34.252] Added buffer back to pool.
[DBG@21:29:34.511] Saving buffer 0.
[DBG@21:29:34.512] Saved 4096 bytes from buffer to file.
[DBG@21:29:34.512] Added buffer back to pool.
[DBG@21:29:34.761] Saving buffer 1.
[DBG@21:29:34.762] Saved 4096 bytes from buffer to file.
[DBG@21:29:34.762] Added buffer back to pool.
[DBG@21:29:35.021] Saving buffer 2.
[DBG@21:29:35.022] Saved 4096 bytes from buffer to file.
[DBG@21:29:35.022] Added buffer back to pool.
[DBG@21:29:35.282] Saving buffer 3.
[DBG@21:29:35.282] Saved 4096 bytes from buffer to file.
[DBG@21:29:35.282] Added buffer back to pool.
[DBG@21:29:35.531] Saving buffer 4.
[DBG@21:29:35.532] Saved 4096 bytes from buffer to file.
[DBG@21:29:35.532] Added buffer back to pool.
[DBG@21:29:35.791] Saving buffer 5.
[DBG@21:29:35.792] Saved 4096 bytes from buffer to file.
[DBG@21:29:35.792] Added buffer back to pool.
[DBG@21:29:36.041] Saving buffer 6.
[DBG@21:29:36.041] Saved 4096 bytes from buffer to file.
[DBG@21:29:36.042] Added buffer back to pool.
[DBG@21:29:36.301] Saving buffer 7.
[DBG@21:29:36.301] Saved 4096 bytes from buffer to file.
[DBG@21:29:36.302] Added buffer back to pool.
[DBG@21:29:36.561] Saving buffer 8.
[DBG@21:29:36.561] Saved 4096 bytes from buffer to file.
[DBG@21:29:36.562] Added buffer back to pool.
[DBG@21:29:36.811] Saving buffer 9.
[DBG@21:29:36.811] Saved 4096 bytes from buffer to file.
[DBG@21:29:36.812] Added buffer back to pool.
[DBG@21:29:37.071] Saving buffer 10.
[DBG@21:29:37.071] Saved 4096 bytes from buffer to file.
[DBG@21:29:37.071] Added buffer back to pool.
[DBG@21:29:37.321] Saving buffer 11.
[DBG@21:29:37.321] Saved 4096 bytes from buffer to file.
[DBG@21:29:37.321] Added buffer back to pool.
[DBG@21:29:37.581] Saving buffer 12.
[DBG@21:29:37.581] Saved 4096 bytes from buffer to file.
[DBG@21:29:37.581] Added buffer back to pool.
[DBG@21:29:37.841] Saving buffer 13.
[DBG@21:29:37.841] Saved 4096 bytes from buffer to file.
[DBG@21:29:37.841] Added buffer back to pool.
[DBG@21:29:38.091] Saving buffer 14.
[DBG@21:29:38.091] Saved 4096 bytes from buffer to file.
[DBG@21:29:38.091] Added buffer back to pool.
[DBG@21:29:38.351] Saving buffer 15.
[DBG@21:29:38.351] Saved 4096 bytes from buffer to file.
[DBG@21:29:38.352] Added buffer back to pool.
[DBG@21:29:38.601] Saving buffer 0.
[DBG@21:29:38.602] Saved 4096 bytes from buffer to file.
[DBG@21:29:38.602] Added buffer back to pool.
[DBG@21:29:38.861] Saving buffer 1.
[DBG@21:29:38.862] Saved 4096 bytes from buffer to file.
[DBG@21:29:38.862] Added buffer back to pool.
[DBG@21:29:39.121] Saving buffer 2.
[DBG@21:29:39.121] Saved 4096 bytes from buffer to file.
[DBG@21:29:39.121] Added buffer back to pool.
[DBG@21:29:39.371] Saving buffer 3.
[DBG@21:29:39.371] Saved 4096 bytes from buffer to file.
[DBG@21:29:39.371] Added buffer back to pool.
[DBG@21:29:39.631] Saving buffer 4.
[DBG@21:29:39.631] Saved 4096 bytes from buffer to file.
[DBG@21:29:39.631] Added buffer back to pool.
[DBG@21:29:39.881] Saving buffer 5.
[DBG@21:29:39.881] Saved 4096 bytes from buffer to file.
[DBG@21:29:39.881] Added buffer back to pool.
[DBG@21:29:40.141] Saving buffer 6.
[DBG@21:29:40.141] Saved 4096 bytes from buffer to file.
[DBG@21:29:40.141] Added buffer back to pool.
[DBG@21:29:40.401] Saving buffer 7.
[DBG@21:29:40.401] Saved 4096 bytes from buffer to file.
[DBG@21:29:40.401] Added buffer back to pool.
[DBG@21:29:40.651] Saving buffer 8.
[DBG@21:29:40.651] Saved 4096 bytes from buffer to file.
[DBG@21:29:40.651] Added buffer back to pool.
[DBG@21:29:40.911] Saving buffer 9.
[DBG@21:29:40.911] Saved 4096 bytes from buffer to file.
[DBG@21:29:40.911] Added buffer back to pool.
[DBG@21:29:41.161] Saving buffer 10.
[DBG@21:29:41.161] Saved 4096 bytes from buffer to file.
[DBG@21:29:41.161] Added buffer back to pool.
[DBG@21:29:41.421] Saving buffer 11.
[DBG@21:29:41.421] Saved 4096 bytes from buffer to file.
[DBG@21:29:41.421] Added buffer back to pool.
[DBG@21:29:41.681] Saving buffer 12.
[DBG@21:29:41.681] Saved 4096 bytes from buffer to file.
[DBG@21:29:41.681] Added buffer back to pool.
[DBG@21:29:41.931] Saving buffer 13.
[DBG@21:29:41.931] Saved 4096 bytes from buffer to file.
[DBG@21:29:41.931] Added buffer back to pool.
[DBG@21:29:42.191] Saving buffer 14.
[DBG@21:29:42.191] Saved 4096 bytes from buffer to file.
[DBG@21:29:42.191] Added buffer back to pool.
[DBG@21:29:42.441] Saving buffer 15.
[DBG@21:29:42.441] Saved 4096 bytes from buffer to file.
[DBG@21:29:42.441] Added buffer back to pool.
[DBG@21:29:42.701] Saving buffer 0.
[DBG@21:29:42.702] Saved 4096 bytes from buffer to file.
[DBG@21:29:42.702] Added buffer back to pool.
[DBG@21:29:42.961] Saving buffer 1.
[DBG@21:29:42.961] Saved 4096 bytes from buffer to file.
[DBG@21:29:42.961] Added buffer back to pool.
[DBG@21:29:43.211] Saving buffer 2.
[DBG@21:29:43.211] Saved 4096 bytes from buffer to file.
[DBG@21:29:43.211] Added buffer back to pool.
[DBG@21:29:43.471] Saving buffer 3.
[DBG@21:29:43.471] Saved 4096 bytes from buffer to file.
[DBG@21:29:43.472] Added buffer back to pool.
[DBG@21:29:43.721] Saving buffer 4.
[DBG@21:29:43.721] Saved 4096 bytes from buffer to file.
[DBG@21:29:43.721] Added buffer back to pool.
[DBG@21:29:43.981] Saving buffer 5.
[DBG@21:29:43.981] Saved 4096 bytes from buffer to file.
[DBG@21:29:43.981] Added buffer back to pool.
[DBG@21:29:44.241] Saving buffer 6.
[DBG@21:29:44.241] Saved 4096 bytes from buffer to file.
[DBG@21:29:44.241] Added buffer back to pool.
[DBG@21:29:44.491] Saving buffer 7.
[DBG@21:29:44.491] Saved 4096 bytes from buffer to file.
[DBG@21:29:44.491] Added buffer back to pool.
[DBG@21:29:44.751] Saving buffer 8.
[DBG@21:29:44.751] Saved 4096 bytes from buffer to file.
[DBG@21:29:44.751] Added buffer back to pool.
[DBG@21:29:45.001] Saving buffer 9.
[DBG@21:29:45.001] Saved 4096 bytes from buffer to file.
[DBG@21:29:45.001] Added buffer back to pool.
[DBG@21:29:45.261] Saving buffer 10.
[DBG@21:29:45.261] Saved 4096 bytes from buffer to file.
[DBG@21:29:45.262] Added buffer back to pool.
[DBG@21:29:45.521] Saving buffer 11.
[DBG@21:29:45.521] Saved 4096 bytes from buffer to file.
[DBG@21:29:45.522] Added buffer back to pool.
[DBG@21:29:45.771] Saving buffer 12.
[DBG@21:29:45.771] Saved 4096 bytes from buffer to file.
[DBG@21:29:45.771] Added buffer back to pool.
[DBG@21:29:46.031] Saving buffer 13.
[DBG@21:29:46.031] Saved 4096 bytes from buffer to file.
[DBG@21:29:46.031] Added buffer back to pool.
[DBG@21:29:46.281] Saving buffer 14.
[DBG@21:29:46.281] Saved 4096 bytes from buffer to file.
[DBG@21:29:46.281] Added buffer back to pool.
[DBG@21:29:46.541] Saving buffer 15.
[DBG@21:29:46.541] Saved 4096 bytes from buffer to file.
[DBG@21:29:46.541] Added buffer back to pool.
[DBG@21:29:46.801] Saving buffer 0.
[DBG@21:29:46.801] Saved 4096 bytes from buffer to file.
[DBG@21:29:46.802] Added buffer back to pool.
[DBG@21:29:47.051] Saving buffer 1.
[DBG@21:29:47.051] Saved 4096 bytes from buffer to file.
[DBG@21:29:47.051] Added buffer back to pool.
[DBG@21:29:47.311] Saving buffer 2.
[DBG@21:29:47.311] Saved 4096 bytes from buffer to file.
[DBG@21:29:47.311] Added buffer back to pool.
[DBG@21:29:47.561] Saving buffer 3.
[DBG@21:29:47.561] Saved 4096 bytes from buffer to file.
[DBG@21:29:47.561] Added buffer back to pool.
[DBG@21:29:47.821] Saving buffer 4.
[DBG@21:29:47.821] Saved 4096 bytes from buffer to file.
[DBG@21:29:47.821] Added buffer back to pool.
[DBG@21:29:48.081] Saving buffer 5.
[DBG@21:29:48.081] Saved 4096 bytes from buffer to file.
[DBG@21:29:48.081] Added buffer back to pool.
[DBG@21:29:48.331] Saving buffer 6.
[DBG@21:29:48.331] Saved 4096 bytes from buffer to file.
[DBG@21:29:48.331] Added buffer back to pool.
[DBG@21:29:48.591] Saving buffer 7.
[DBG@21:29:48.591] Saved 4096 bytes from buffer to file.
[DBG@21:29:48.591] Added buffer back to pool.
[DBG@21:29:48.841] Saving buffer 8.
[DBG@21:29:48.841] Saved 4096 bytes from buffer to file.
[DBG@21:29:48.841] Added buffer back to pool.
[DBG@21:29:49.101] Saving buffer 9.
[DBG@21:29:49.101] Saved 4096 bytes from buffer to file.
[DBG@21:29:49.101] Added buffer back to pool.
[DBG@21:29:49.361] Saving buffer 10.
[DBG@21:29:49.361] Saved 4096 bytes from buffer to file.
[DBG@21:29:49.361] Added buffer back to pool.
[DBG@21:29:49.611] Saving buffer 11.
[DBG@21:29:49.611] Saved 4096 bytes from buffer to file.
[DBG@21:29:49.611] Added buffer back to pool.
[DBG@21:29:49.871] Saving buffer 12.
[DBG@21:29:49.871] Saved 4096 bytes from buffer to file.
[DBG@21:29:49.871] Added buffer back to pool.
[DBG@21:29:50.121] Saving buffer 13.
[DBG@21:29:50.121] Saved 4096 bytes from buffer to file.
[DBG@21:29:50.121] Added buffer back to pool.
[DBG@21:29:50.381] Saving buffer 14.
[DBG@21:29:50.381] Saved 4096 bytes from buffer to file.
[DBG@21:29:50.381] Added buffer back to pool.
[DBG@21:29:50.641] Saving buffer 15.
[DBG@21:29:50.641] Saved 4096 bytes from buffer to file.
[DBG@21:29:50.641] Added buffer back to pool.
[DBG@21:29:50.891] Saving buffer 0.
[DBG@21:29:50.892] Saved 4096 bytes from buffer to file.
[DBG@21:29:50.892] Added buffer back to pool.
[DBG@21:29:51.151] Saving buffer 1.
[DBG@21:29:51.151] Saved 4096 bytes from buffer to file.
[DBG@21:29:51.151] Added buffer back to pool.
[DBG@21:29:51.401] Saving buffer 2.
[DBG@21:29:51.401] Saved 4096 bytes from buffer to file.
[DBG@21:29:51.401] Added buffer back to pool.
[DBG@21:29:51.661] Saving buffer 3.
[DBG@21:29:51.661] Saved 4096 bytes from buffer to file.
[DBG@21:29:51.661] Added buffer back to pool.
[DBG@21:29:51.921] Saving buffer 4.
[DBG@21:29:51.921] Saved 4096 bytes from buffer to file.
[DBG@21:29:51.921] Added buffer back to pool.
[DBG@21:29:52.171] Saving buffer 5.
[DBG@21:29:52.171] Saved 4096 bytes from buffer to file.
[DBG@21:29:52.171] Added buffer back to pool.
[DBG@21:29:52.431] Saving buffer 6.
[DBG@21:29:52.431] Saved 4096 bytes from buffer to file.
[DBG@21:29:52.431] Added buffer back to pool.
[DBG@21:29:52.681] Saving buffer 7.
[DBG@21:29:52.681] Saved 4096 bytes from buffer to file.
[DBG@21:29:52.681] Added buffer back to pool.
[DBG@21:29:52.941] Saving buffer 8.
[DBG@21:29:52.941] Saved 4096 bytes from buffer to file.
[DBG@21:29:52.941] Added buffer back to pool.
[DBG@21:29:53.201] Saving buffer 9.
[DBG@21:29:53.201] Saved 4096 bytes from buffer to file.
[DBG@21:29:53.201] Added buffer back to pool.
[DBG@21:29:53.451] Saving buffer 10.
[DBG@21:29:53.451] Saved 4096 bytes from buffer to file.
[DBG@21:29:53.451] Added buffer back to pool.
[DBG@21:29:53.711] Saving buffer 11.
[DBG@21:29:53.711] Saved 4096 bytes from buffer to file.
[DBG@21:29:53.711] Added buffer back to pool.
[DBG@21:29:53.961] Saving buffer 12.
[DBG@21:29:53.961] Saved 4096 bytes from buffer to file.
[DBG@21:29:53.961] Added buffer back to pool.
[DBG@21:29:54.221] Saving buffer 13.
[DBG@21:29:54.221] Saved 4096 bytes from buffer to file.
[DBG@21:29:54.221] Added buffer back to pool.
[DBG@21:29:54.481] Saving buffer 14.
[DBG@21:29:54.481] Saved 4096 bytes from buffer to file.
[DBG@21:29:54.481] Added buffer back to pool.
[DBG@21:29:54.731] Saving buffer 15.
[DBG@21:29:54.731] Saved 4096 bytes from buffer to file.
[DBG@21:29:54.731] Added buffer back to pool.
[DBG@21:29:54.991] Saving buffer 0.
[DBG@21:29:54.991] Saved 4096 bytes from buffer to file.
[DBG@21:29:54.991] Added buffer back to pool.
[DBG@21:29:55.241] Saving buffer 1.
[DBG@21:29:55.241] Saved 4096 bytes from buffer to file.
[DBG@21:29:55.241] Added buffer back to pool.
[DBG@21:29:55.501] Saving buffer 2.
[DBG@21:29:55.501] Saved 4096 bytes from buffer to file.
[DBG@21:29:55.501] Added buffer back to pool.
[DBG@21:29:55.761] Saving buffer 3.
[DBG@21:29:55.761] Saved 4096 bytes from buffer to file.
[DBG@21:29:55.761] Added buffer back to pool.
[DBG@21:29:56.010] Saving buffer 4.
[DBG@21:29:56.011] Saved 4096 bytes from buffer to file.
[DBG@21:29:56.011] Added buffer back to pool.
[DBG@21:29:56.270] Saving buffer 5.
[DBG@21:29:56.271] Saved 4096 bytes from buffer to file.
[DBG@21:29:56.271] Added buffer back to pool.
[DBG@21:29:56.520] Saving buffer 6.
[DBG@21:29:56.521] Saved 4096 bytes from buffer to file.
[DBG@21:29:56.521] Added buffer back to pool.
[DBG@21:29:56.780] Saving buffer 7.
[DBG@21:29:56.781] Saved 4096 bytes from buffer to file.
[DBG@21:29:56.781] Added buffer back to pool.
[DBG@21:29:57.040] Saving buffer 8.
[DBG@21:29:57.041] Saved 4096 bytes from buffer to file.
[DBG@21:29:57.041] Added buffer back to pool.
[DBG@21:29:57.290] Saving buffer 9.
[DBG@21:29:57.291] Saved 4096 bytes from buffer to file.
[DBG@21:29:57.291] Added buffer back to pool.
[DBG@21:29:57.550] Saving buffer 10.
[DBG@21:29:57.551] Saved 4096 bytes from buffer to file.
[DBG@21:29:57.551] Added buffer back to pool.
[DBG@21:29:57.800] Saving buffer 11.
[DBG@21:29:57.801] Saved 4096 bytes from buffer to file.
[DBG@21:29:57.801] Added buffer back to pool.
[DBG@21:29:58.060] Saving buffer 12.
[DBG@21:29:58.061] Saved 4096 bytes from buffer to file.
[DBG@21:29:58.061] Added buffer back to pool.
[DBG@21:29:58.320] Saving buffer 13.
[DBG@21:29:58.321] Saved 4096 bytes from buffer to file.
[DBG@21:29:58.321] Added buffer back to pool.
[DBG@21:29:58.570] Saving buffer 14.
[DBG@21:29:58.571] Saved 4096 bytes from buffer to file.
[DBG@21:29:58.571] Added buffer back to pool.
[DBG@21:29:58.830] Saving buffer 15.
[DBG@21:29:58.830] Saved 4096 bytes from buffer to file.
[DBG@21:29:58.831] Added buffer back to pool.
[DBG@21:29:59.080] Saving buffer 0.
[DBG@21:29:59.081] Saved 4096 bytes from buffer to file.
[DBG@21:29:59.081] Added buffer back to pool.
[DBG@21:29:59.340] Saving buffer 1.
[DBG@21:29:59.340] Saved 4096 bytes from buffer to file.
[DBG@21:29:59.341] Added buffer back to pool.
[DBG@21:29:59.600] Saving buffer 2.
[DBG@21:29:59.600] Saved 4096 bytes from buffer to file.
[DBG@21:29:59.601] Added buffer back to pool.
[DBG@21:29:59.850] Saving buffer 3.
[DBG@21:29:59.850] Saved 4096 bytes from buffer to file.
[DBG@21:29:59.851] Added buffer back to pool.
[DBG@21:30:00.110] Saving buffer 4.
[DBG@21:30:00.110] Saved 4096 bytes from buffer to file.
[DBG@21:30:00.111] Added buffer back to pool.
[DBG@21:30:00.360] Saving buffer 5.
[DBG@21:30:00.360] Saved 4096 bytes from buffer to file.
[DBG@21:30:00.361] Added buffer back to pool.
[DBG@21:30:00.620] Saving buffer 6.
[DBG@21:30:00.620] Saved 4096 bytes from buffer to file.
[DBG@21:30:00.621] Added buffer back to pool.
[DBG@21:30:00.880] Saving buffer 7.
[DBG@21:30:00.880] Saved 4096 bytes from buffer to file.
[DBG@21:30:00.881] Added buffer back to pool.
[DBG@21:30:01.130] Saving buffer 8.
[DBG@21:30:01.130] Saved 4096 bytes from buffer to file.
[DBG@21:30:01.131] Added buffer back to pool.
[DBG@21:30:01.390] Saving buffer 9.
[DBG@21:30:01.390] Saved 4096 bytes from buffer to file.
[DBG@21:30:01.391] Added buffer back to pool.
[DBG@21:30:01.640] Saving buffer 10.
[DBG@21:30:01.640] Saved 4096 bytes from buffer to file.
[DBG@21:30:01.641] Added buffer back to pool.
[DBG@21:30:01.900] Saving buffer 11.
[DBG@21:30:01.900] Saved 4096 bytes from buffer to file.
[DBG@21:30:01.901] Added buffer back to pool.
[DBG@21:30:02.160] Saving buffer 12.
[DBG@21:30:02.160] Saved 4096 bytes from buffer to file.
[DBG@21:30:02.160] Added buffer back to pool.
[DBG@21:30:02.410] Saving buffer 13.
[DBG@21:30:02.410] Saved 4096 bytes from buffer to file.
[DBG@21:30:02.410] Added buffer back to pool.
[DBG@21:30:02.670] Saving buffer 14.
[DBG@21:30:02.670] Saved 4096 bytes from buffer to file.
[DBG@21:30:02.670] Added buffer back to pool.
[DBG@21:30:02.920] Saving buffer 15.
[DBG@21:30:02.920] Saved 4096 bytes from buffer to file.
[DBG@21:30:02.920] Added buffer back to pool.
[DBG@21:30:03.180] Saving buffer 0.
[DBG@21:30:03.181] Saved 4096 bytes from buffer to file.
[DBG@21:30:03.181] Added buffer back to pool.
[DBG@21:30:03.440] Saving buffer 1.
[DBG@21:30:03.440] Saved 4096 bytes from buffer to file.
[DBG@21:30:03.440] Added buffer back to pool.
[DBG@21:30:03.690] Saving buffer 2.
[DBG@21:30:03.690] Saved 4096 bytes from buffer to file.
[DBG@21:30:03.690] Added buffer back to pool.
[DBG@21:30:03.950] Saving buffer 3.
[DBG@21:30:03.950] Saved 4096 bytes from buffer to file.
[DBG@21:30:03.950] Added buffer back to pool.
[STD@21:30:04.171] Stopping device
[DBG@21:30:04.172] Saving buffer 4.
[DBG@21:30:04.172] Saved 3616 bytes from buffer to file.
[DBG@21:30:04.172] Added buffer back to pool.
[DBG@21:30:04.172] waveInReset (0)
[STD@21:30:04.172] Closing wave file
