INFO: \Projects\RoomLine-Blackmore\Agents\sphinx2\src\libsphinx2\fbs_main.c(1210): Previous logfile: '..\..\logs\LetsGoPublic\20061122\009\LetsGoPublic-20061122-009-sphinx_male.log'
sphinx_client \
 -live TRUE \
 -normmean TRUE \
 -nmprior TRUE \
 -samp 8000 \
 -topsenfrm 4 \
 -topsenthresh \
 -80000 \
 -fwdflat FALSE \
 -compallsen TRUE \
 -bestpath FALSE \
 -latsize 500000 \
 -top 4 \
 -fillpen 1e-10 \
 -nwpen 0.01 \
 -silpen 0.005 \
 -inspen 0.65 \
 -langwt 8.5 \
 -ugwt 0.7 \
 -beam 2e-6 \
 -npbeam 2e-6 \
 -nwbeam 5e-4 \
 -lpbeam 2e-5 \
 -lponlybeam 5e-4 \
 -fwdflatbeam 1e-8 \
 -fwdflatnwbeam 3e-4 \
 -rescorelw 9.5 \
 -lmctlfn LanguageModel/LetsGoPublic2.371/LetsGoPublic_LM.ctl \
 -dictfn Dictionary/LetsGoPublic2.371/vocab.dic \
 -ndictfn Dictionary/LetsGoPublic2.371/noise.dic \
 -phnfn adapted\LetsGoPublic2.615\male.sphinx2\phone \
 -mapfn adapted\LetsGoPublic2.615\male.sphinx2\map \
 -sendumpfn adapted\LetsGoPublic2.615\male.sphinx2\sendump \
 -hmmdir adapted\LetsGoPublic2.615\male.sphinx2 \
 -hmmdirlist adapted\LetsGoPublic2.615\male.sphinx2 \
 -cbdir adapted\LetsGoPublic2.615\male.sphinx2 \
 -8bsen TRUE \
 -logfn .\sphinx_male.log \
 -argfile male-phone.arg 

[19:40:03.562] Processing input...
[19:40:03.562] Received 27 bytes...
[19:40:03.562] Processing command: engine_set_lm first_query 

[19:40:03.562] set lm: first_query
INFO: \Projects\RoomLine-Blackmore\Agents\sphinx2\src\libsphinx2\search.c(3619): Creating search tree
INFO: \Projects\RoomLine-Blackmore\Agents\sphinx2\src\libsphinx2\search.c(3742): 339 root, 50227 non-root channels, 30 single-phone words
INFO: \Projects\RoomLine-Blackmore\Agents\sphinx2\src\libsphinx2\uttproc.c(1752): LM= "first_query"
[19:40:13.489] Processing input...
[19:40:13.489] Received 27 bytes...
[19:40:13.489] Processing command: engine_begin_utt 000 49920

[19:40:13.489] begin utt: 000 (49920)
INFO: \Projects\RoomLine-Blackmore\Agents\sphinx2\src\libsphinx2\uttproc.c(1195): Livemode
[19:40:13.491] Processing input...
[19:40:13.491] Received 6678 bytes...
[19:40:13.491] Processing command: engine_proc_raw 6656 

[19:40:13.491] prepare to proc raw
[19:40:13.491] Processing raw data ...
[19:40:13.491] 6656 bytes raw data received
[19:40:13.736] Processing input...
[19:40:13.736] Received 22 bytes...
[19:40:13.736] Processing command: engine_proc_raw 3072 

[19:40:13.736] prepare to proc raw
[19:40:13.736] Processing input...
[19:40:13.736] Received 3072 bytes...
[19:40:13.736] Processing raw data ...
[19:40:13.736] 3072 bytes raw data received
[19:40:13.897] Processing input...
[19:40:13.897] Received 21 bytes...
[19:40:13.897] Processing command: engine_proc_partial 

[19:40:13.897] proc partial result (48): THE 
[19:40:13.897] Sending:
 {c properties 											:partial_hyp "THE " 											:engine_name "male"											:start_timestamp "49920" 											:end_timestamp "50400" 											:frame_num "48" 										}
[19:40:13.898] Sent

[19:40:14.048] Processing input...
[19:40:14.048] Received 22 bytes...
[19:40:14.048] Processing command: engine_proc_raw 5120 

[19:40:14.048] prepare to proc raw
[19:40:14.048] Processing input...
[19:40:14.049] Received 5141 bytes...
[19:40:14.049] Processing raw data ...
[19:40:14.049] 5120 bytes raw data received
[19:40:14.225] Processing command: engine_proc_partial 

[19:40:14.226] proc partial result (80): MONROEVILLE   
[19:40:14.226] Sending:
 {c properties 											:partial_hyp "MONROEVILLE   " 											:engine_name "male"											:start_timestamp "49920" 											:end_timestamp "50720" 											:frame_num "80" 										}
[19:40:14.226] Sent

[19:40:14.329] Processing input...
[19:40:14.329] Received 22 bytes...
[19:40:14.329] Processing command: engine_proc_raw 4864 

[19:40:14.329] prepare to proc raw
[19:40:14.329] Processing input...
[19:40:14.330] Received 4885 bytes...
[19:40:14.330] Processing raw data ...
[19:40:14.330] 4864 bytes raw data received
[19:40:14.559] Processing command: engine_proc_partial 

[19:40:14.560] proc partial result (110): ARRIVING GOING TO 
[19:40:14.560] Sending:
 {c properties 											:partial_hyp "ARRIVING GOING TO " 											:engine_name "male"											:start_timestamp "49920" 											:end_timestamp "51020" 											:frame_num "110" 										}
[19:40:14.560] Sent

[19:40:14.642] Processing input...
[19:40:14.642] Received 5163 bytes...
[19:40:14.642] Processing command: engine_proc_raw 5120 

[19:40:14.642] prepare to proc raw
[19:40:14.642] Processing raw data ...
[19:40:14.642] 5120 bytes raw data received
[19:40:14.833] Processing command: engine_proc_partial 

[19:40:14.833] proc partial result (142): PERSON BUS IS THE 
[19:40:14.833] Sending:
 {c properties 											:partial_hyp "PERSON BUS IS THE " 											:engine_name "male"											:start_timestamp "49920" 											:end_timestamp "51340" 											:frame_num "142" 										}
[19:40:14.834] Sent

[19:40:14.986] Processing input...
[19:40:14.987] Received 2859 bytes...
[19:40:14.987] Processing command: engine_proc_raw 2816 

[19:40:14.987] prepare to proc raw
[19:40:14.987] Processing raw data ...
[19:40:14.987] 2816 bytes raw data received
[19:40:15.117] Processing command: engine_proc_partial 

[19:40:15.118] proc partial result (160): ARRIVING GOING THROUGH THERE 
[19:40:15.314] Processing input...
[19:40:15.314] Received 36 bytes...
[19:40:15.314] Processing command: engine_end_utt 

[19:40:15.314] end utt: 000
INFO: \Projects\RoomLine-Blackmore\Agents\sphinx2\src\libsphinx2\uttproc.c(1391): Samples histogram (000) (4/8/16/30/32K): 95.3%(13180) 4.4%(615) 0.2%(29) 0.0%(0) 0.0%(0); max: 10597
INFO: \Projects\RoomLine-Blackmore\Agents\sphinx2\src\libsphinx2\sc_vq.c(576): VQ-TIME= 0.2sec, SCR-TIME= 0.2sec (CPU)
INFO: \Projects\RoomLine-Blackmore\Agents\sphinx2\src\libsphinx2\live_norm.c(168): mean_norm_update: from < 10.34  0.01 -0.29 -0.13 -0.47 -0.26 -0.25 -0.16 -0.12 -0.04 -0.09 -0.01 -0.07 >
INFO: \Projects\RoomLine-Blackmore\Agents\sphinx2\src\libsphinx2\live_norm.c(185): mean_norm_update: to   < 10.43  0.13 -0.31 -0.07 -0.44 -0.30 -0.29 -0.16 -0.17 -0.06 -0.11 -0.05 -0.10 >
[19:40:15.318] Processing command: engine_proc_result 

[19:40:15.318] proc result
	SFrm Efrm        AScr       LScr   BSDiff TSDiffPF   Conf LatDen Word (FWDTREE) (000)
	---------------------------------------------------------------------
	   0   10    -1917344          0   -16893   -15211  -1.00      7 <s>
	  11   23    -2789808    -230270  -513476   -48318  -1.00     69 ++MM++
	  24   69    -9098252    -607247 -1136959   -55429   0.07     46 ARRIVING
	  70   90    -3449289     -63204  -475499   -44541   0.21     44 GOING
	  91  119    -5365670    -664018 -1214217   -56105   0.03     39 THROUGH
	 120  158    -7098676     -63204  -819382   -44276   0.26     21 THERE
	 159  163    -1056424     -63204  -964795   -53384  -1.00     25 </s>
	---------------------------------------------------------------------
	   0  163   -30775463   -1691147 -1214217   -56105               000(TOTAL)
INFO: \Projects\RoomLine-Blackmore\Agents\sphinx2\src\libsphinx2\search.c(2756): FWDTREE: ARRIVING GOING THROUGH THERE  (000 -32466610 (A=-30775463 L=-1691147))
INFO: \Projects\RoomLine-Blackmore\Agents\sphinx2\src\libsphinx2\search.c(2842):     3325 words recognized (20/fr)
INFO: \Projects\RoomLine-Blackmore\Agents\sphinx2\src\libsphinx2\search.c(2845):     6781 phones in topsen (41/fr)
INFO: \Projects\RoomLine-Blackmore\Agents\sphinx2\src\libsphinx2\search.c(2847):  1031560 senones evaluated (6290/fr)
INFO: \Projects\RoomLine-Blackmore\Agents\sphinx2\src\libsphinx2\search.c(2849):   293374 channels searched (1788/fr), 45936 1st, 53390 last
INFO: \Projects\RoomLine-Blackmore\Agents\sphinx2\src\libsphinx2\search.c(2853):     5963 words for which last channels evaluated (36/fr)
INFO: \Projects\RoomLine-Blackmore\Agents\sphinx2\src\libsphinx2\search.c(2855):     8173 candidate words for entering last phone (49/fr)
INFO: \Projects\RoomLine-Blackmore\Agents\sphinx2\src\libsphinx2\uttproc.c(517):   1.63 SoS,   1.84 sec elapsed,  1.13 xRT,   1.06 sec CPU,  0.65 xRT

[19:40:15.337] 163 frames

[19:40:15.337] Acoustic confidence: (-22706176 - -30775464.000000) / 163 = 49504.835938

[19:40:15.337] hyp: ARRIVING GOING THROUGH THERE 

[19:40:15.338] Sending final hypotheses frame:
{c result :results ( {c hypothesis :hyp "ARRIVING GOING THROUGH THERE " :confhyp ".?ARRIVING?. .?GOING?. THROUGH THERE " :uttid "000" :engine_name "male" :nbest_index 0 :decoder_score -32466610.000000 :lm_score -1691147.000000 :am_score -30775464.000000 :frame_num 163 :acoustic_gap_norm 49504.835938 :avg_sphinxwordconf 0.143317 :min_sphinxwordconf 0.034248 :max_sphinxwordconf 0.261024 :avg_wordconf 0.479167 :min_wordconf 0.250000 :max_wordconf 0.750000 :avg_validwordconf 0.666667 :min_validwordconf 0.583333 :max_validwordconf 0.750000 :startframes "24 70 91 120" :endframes "69 90 119 158" :init_timestamp 49920 :end_timestamp 51550 }  ) }

[19:40:15.343] Processing input...
[19:40:15.343] Received 19 bytes...
[19:40:15.343] Processing command: engine_cancel_utt 

[19:40:15.414] Processing input...
[19:40:15.414] Received 27 bytes...
[19:40:15.414] Processing command: engine_begin_utt 001 65408

[19:40:15.414] begin utt: 001 (65408)
INFO: \Projects\RoomLine-Blackmore\Agents\sphinx2\src\libsphinx2\uttproc.c(1195): Livemode
[19:40:15.416] Processing input...
[19:40:15.416] Received 22 bytes...
[19:40:15.416] Processing command: engine_proc_raw 6656 

[19:40:15.416] prepare to proc raw
[19:40:15.416] Processing input...
[19:40:15.416] Received 6656 bytes...
[19:40:15.416] Processing raw data ...
[19:40:15.416] 6656 bytes raw data received
[19:40:15.596] Processing input...
[19:40:15.596] Received 22 bytes...
[19:40:15.596] Processing command: engine_proc_raw 2048 

[19:40:15.596] prepare to proc raw
[19:40:15.596] Processing input...
[19:40:15.596] Received 2048 bytes...
[19:40:15.596] Processing raw data ...
[19:40:15.596] 2048 bytes raw data received
[19:40:15.687] Processing input...
[19:40:15.687] Received 21 bytes...
[19:40:15.687] Processing command: engine_proc_partial 

[19:40:15.687] proc partial result (41): FOUR 
[19:40:15.687] Sending:
 {c properties 											:partial_hyp "FOUR " 											:engine_name "male"											:start_timestamp "65408" 											:end_timestamp "65818" 											:frame_num "41" 										}
[19:40:15.694] Sent

[19:40:15.869] Processing input...
[19:40:15.870] Received 22 bytes...
[19:40:15.870] Processing command: engine_set_lm yes_no 

[19:40:15.870] Warning: set lm called during an utterance. Ignored.
[19:40:15.909] Processing input...
[19:40:15.909] Received 5163 bytes...
[19:40:15.909] Processing command: engine_proc_raw 5120 

[19:40:15.909] prepare to proc raw
[19:40:15.909] Processing raw data ...
[19:40:15.909] 5120 bytes raw data received
[19:40:16.200] Processing command: engine_proc_partial 

[19:40:16.201] proc partial result (73): FOUR A SIX 
[19:40:16.201] Sending:
 {c properties 											:partial_hyp "FOUR A SIX " 											:engine_name "male"											:start_timestamp "65408" 											:end_timestamp "66138" 											:frame_num "73" 										}
[19:40:16.201] Sent

[19:40:16.201] Processing input...
[19:40:16.201] Received 4907 bytes...
[19:40:16.201] Processing command: engine_proc_raw 4864 

[19:40:16.201] prepare to proc raw
[19:40:16.201] Processing raw data ...
[19:40:16.201] 4864 bytes raw data received
[19:40:16.371] Processing command: engine_proc_partial 

[19:40:16.372] proc partial result (104): 46G   TO 
[19:40:16.372] Sending:
 {c properties 											:partial_hyp "46G   TO " 											:engine_name "male"											:start_timestamp "65408" 											:end_timestamp "66448" 											:frame_num "104" 										}
[19:40:16.372] Sent

[19:40:16.501] Processing input...
[19:40:16.501] Received 22 bytes...
[19:40:16.501] Processing command: engine_proc_raw 5120 

[19:40:16.502] prepare to proc raw
[19:40:16.502] Processing input...
[19:40:16.502] Received 5141 bytes...
[19:40:16.502] Processing raw data ...
[19:40:16.502] 5120 bytes raw data received
[19:40:16.767] Processing command: engine_proc_partial 

[19:40:16.768] proc partial result (136): 46G   TO THE 
[19:40:16.768] Sending:
 {c properties 											:partial_hyp "46G   TO THE " 											:engine_name "male"											:start_timestamp "65408" 											:end_timestamp "66768" 											:frame_num "136" 										}
[19:40:16.768] Sent

[19:40:16.830] Processing input...
[19:40:16.830] Received 22 bytes...
[19:40:16.830] Processing command: engine_proc_raw 4864 

[19:40:16.830] prepare to proc raw
[19:40:16.830] Processing input...
[19:40:16.831] Received 4885 bytes...
[19:40:16.831] Processing raw data ...
[19:40:16.831] 4864 bytes raw data received
[19:40:17.098] Processing command: engine_proc_partial 

[19:40:17.100] proc partial result (166): 46G   TO THE TO 
[19:40:17.100] Sending:
 {c properties 											:partial_hyp "46G   TO THE TO " 											:engine_name "male"											:start_timestamp "65408" 											:end_timestamp "67068" 											:frame_num "166" 										}
[19:40:17.100] Sent

[19:40:17.127] Processing input...
[19:40:17.127] Received 22 bytes...
[19:40:17.127] Processing command: engine_proc_raw 4352 

[19:40:17.127] prepare to proc raw
[19:40:17.127] Processing input...
[19:40:17.127] Received 4352 bytes...
[19:40:17.127] Processing raw data ...
[19:40:17.128] 4352 bytes raw data received
[19:40:17.308] Processing input...
[19:40:17.308] Received 21 bytes...
[19:40:17.308] Processing command: engine_proc_partial 

[19:40:17.309] proc partial result (193): 46G   TO THE TO THE MALL   
[19:40:17.309] Sending:
 {c properties 											:partial_hyp "46G   TO THE TO THE MALL   " 											:engine_name "male"											:start_timestamp "65408" 											:end_timestamp "67338" 											:frame_num "193" 										}
[19:40:17.309] Sent

[19:40:17.470] Processing input...
[19:40:17.470] Received 36 bytes...
[19:40:17.470] Processing command: engine_end_utt 

[19:40:17.470] end utt: 001
INFO: \Projects\RoomLine-Blackmore\Agents\sphinx2\src\libsphinx2\uttproc.c(1391): Samples histogram (001) (4/8/16/30/32K): 82.4%(13608) 10.0%(1651) 6.2%(1019) 1.4%(234) 0.0%(0); max: 24916
INFO: \Projects\RoomLine-Blackmore\Agents\sphinx2\src\libsphinx2\sc_vq.c(576): VQ-TIME= 0.1sec, SCR-TIME= 0.5sec (CPU)
INFO: \Projects\RoomLine-Blackmore\Agents\sphinx2\src\libsphinx2\live_norm.c(168): mean_norm_update: from < 10.43  0.13 -0.31 -0.07 -0.44 -0.30 -0.29 -0.16 -0.17 -0.06 -0.11 -0.05 -0.10 >
INFO: \Projects\RoomLine-Blackmore\Agents\sphinx2\src\libsphinx2\live_norm.c(185): mean_norm_update: to   < 10.76  0.11 -0.33 -0.03 -0.44 -0.25 -0.31 -0.16 -0.19 -0.10 -0.14 -0.07 -0.12 >
[19:40:17.473] Processing command: engine_proc_result 

[19:40:17.473] proc result
	SFrm Efrm        AScr       LScr   BSDiff TSDiffPF   Conf LatDen Word (FWDTREE) (001)
	---------------------------------------------------------------------
	   0   16    -2946600          0   -16893   -14850  -1.00      6 <s>
	  17   88   -13384996    -644596  -370969   -50379   0.17     53 46G:b
	  89  104    -2665047    -537785  -667670   -43045   0.23     42 TO
	 105  120    -2984285    -267034  -496877   -41365   0.16     43 THE(2)
	 121  136    -2801544     -52986   -16893   -12856  -1.00     15 SIL
	 137  152    -2619714    -181074   -71734   -33300   0.35     10 TO(2)
	 153  193    -6258845    -894419  -276103   -34070   0.19     32 THE_MALL:p
	 194  196     -555168     -83477  -384038   -45109  -1.00     15 </s>
	---------------------------------------------------------------------
	   0  196   -34216199   -2661371  -667670   -50379               001(TOTAL)
INFO: \Projects\RoomLine-Blackmore\Agents\sphinx2\src\libsphinx2\search.c(2756): FWDTREE: 46G:b TO THE TO THE_MALL:p  (001 -36877570 (A=-34216199 L=-2661371))
INFO: \Projects\RoomLine-Blackmore\Agents\sphinx2\src\libsphinx2\search.c(2842):     3716 words recognized (19/fr)
INFO: \Projects\RoomLine-Blackmore\Agents\sphinx2\src\libsphinx2\search.c(2845):     7690 phones in topsen (39/fr)
INFO: \Projects\RoomLine-Blackmore\Agents\sphinx2\src\libsphinx2\search.c(2847):  1239130 senones evaluated (6290/fr)
INFO: \Projects\RoomLine-Blackmore\Agents\sphinx2\src\libsphinx2\search.c(2849):   418441 channels searched (2124/fr), 60095 1st, 78627 last
INFO: \Projects\RoomLine-Blackmore\Agents\sphinx2\src\libsphinx2\search.c(2853):     7951 words for which last channels evaluated (40/fr)
INFO: \Projects\RoomLine-Blackmore\Agents\sphinx2\src\libsphinx2\search.c(2855):    14215 candidate words for entering last phone (72/fr)
INFO: \Projects\RoomLine-Blackmore\Agents\sphinx2\src\libsphinx2\uttproc.c(517):   1.96 SoS,   2.08 sec elapsed,  1.06 xRT,   1.39 sec CPU,  0.71 xRT

[19:40:17.493] 196 frames

[19:40:17.493] Acoustic confidence: (-26573824 - -34216200.000000) / 196 = 38991.714844

[19:40:17.493] hyp: 46G TO THE TO THE MALL 

[19:40:17.493] Sending final hypotheses frame:
{c result :results ( {c hypothesis :hyp "46G TO THE TO THE MALL " :confhyp "46G TO THE TO THE MALL " :uttid "001" :engine_name "male" :nbest_index 0 :decoder_score -36877568.000000 :lm_score -2661371.000000 :am_score -34216200.000000 :frame_num 196 :acoustic_gap_norm 38991.714844 :avg_sphinxwordconf 0.183365 :min_sphinxwordconf 0.101923 :max_sphinxwordconf 0.234847 :avg_wordconf 0.883333 :min_wordconf 0.833333 :max_wordconf 0.916667 :avg_validwordconf 0.883333 :min_validwordconf 0.833333 :max_validwordconf 0.916667 :startframes "17 89 105 137 153" :endframes "88 104 120 152 193" :init_timestamp 65408 :end_timestamp 67368 }  ) }

[19:40:17.498] Processing input...
[19:40:17.498] Received 19 bytes...
[19:40:17.498] Processing command: engine_cancel_utt 

[19:40:17.855] Processing input...
[19:40:17.855] Received 22 bytes...
[19:40:17.855] Processing command: engine_set_lm yes_no 

[19:40:17.855] set lm: yes_no
INFO: \Projects\RoomLine-Blackmore\Agents\sphinx2\src\libsphinx2\search.c(3619): Creating search tree
INFO: \Projects\RoomLine-Blackmore\Agents\sphinx2\src\libsphinx2\search.c(3742): 354 root, 50406 non-root channels, 35 single-phone words
INFO: \Projects\RoomLine-Blackmore\Agents\sphinx2\src\libsphinx2\uttproc.c(1752): LM= "yes_no"
[19:40:22.239] Processing input...
[19:40:22.239] Received 28 bytes...
[19:40:22.239] Processing command: engine_begin_utt 002 119808

[19:40:22.239] begin utt: 002 (119808)
INFO: \Projects\RoomLine-Blackmore\Agents\sphinx2\src\libsphinx2\uttproc.c(1195): Livemode
[19:40:22.240] Processing input...
[19:40:22.240] Received 22 bytes...
[19:40:22.240] Processing command: engine_proc_raw 6656 

[19:40:22.240] prepare to proc raw
[19:40:22.241] Processing input...
[19:40:22.241] Received 6656 bytes...
[19:40:22.241] Processing raw data ...
[19:40:22.241] 6656 bytes raw data received
[19:40:22.454] Processing input...
[19:40:22.454] Received 22 bytes...
[19:40:22.454] Processing command: engine_proc_raw 3328 

[19:40:22.454] prepare to proc raw
[19:40:22.455] Processing input...
[19:40:22.455] Received 3349 bytes...
[19:40:22.455] Processing raw data ...
[19:40:22.455] 3328 bytes raw data received
[19:40:22.544] Processing command: engine_proc_partial 

[19:40:22.544] proc partial result (49): NO 
[19:40:22.544] Sending:
 {c properties 											:partial_hyp "NO " 											:engine_name "male"											:start_timestamp "119808" 											:end_timestamp "120298" 											:frame_num "49" 										}
[19:40:22.544] Sent

[19:40:22.767] Processing input...
[19:40:22.767] Received 22 bytes...
[19:40:22.767] Processing command: engine_proc_raw 2560 

[19:40:22.767] prepare to proc raw
[19:40:22.767] Processing input...
[19:40:22.767] Received 2581 bytes...
[19:40:22.767] Processing raw data ...
[19:40:22.767] 2560 bytes raw data received
[19:40:22.914] Processing command: engine_proc_partial 

[19:40:22.914] proc partial result (65): NO 
[19:40:22.914] Processing input...
[19:40:22.914] Received 36 bytes...
[19:40:22.914] Processing command: engine_end_utt 

[19:40:22.914] end utt: 002
INFO: \Projects\RoomLine-Blackmore\Agents\sphinx2\src\libsphinx2\uttproc.c(1391): Samples histogram (002) (4/8/16/30/32K): 76.4%(4792) 4.8%(300) 12.1%(758) 6.7%(422) 0.0%(0); max: 21590
INFO: \Projects\RoomLine-Blackmore\Agents\sphinx2\src\libsphinx2\sc_vq.c(576): VQ-TIME= 0.1sec, SCR-TIME= 0.1sec (CPU)
INFO: \Projects\RoomLine-Blackmore\Agents\sphinx2\src\libsphinx2\live_norm.c(168): mean_norm_update: from < 10.75  0.11 -0.33 -0.03 -0.44 -0.25 -0.31 -0.16 -0.19 -0.10 -0.14 -0.08 -0.12 >
INFO: \Projects\RoomLine-Blackmore\Agents\sphinx2\src\libsphinx2\live_norm.c(185): mean_norm_update: to   < 10.84  0.12 -0.36 -0.01 -0.43 -0.24 -0.33 -0.15 -0.19 -0.11 -0.15 -0.08 -0.13 >
[19:40:22.916] Processing command: engine_proc_result 

[19:40:22.916] proc result
	SFrm Efrm        AScr       LScr   BSDiff TSDiffPF   Conf LatDen Word (FWDTREE) (002)
	---------------------------------------------------------------------
	   0   17    -3076096          0   -16893   -12800  -1.00      6 <s>
	  18   61    -7965356    -187670  -110104   -41091   0.25     11 NO
	  62   68    -1435094     -80391  -255396   -48195  -1.00     17 </s>
	---------------------------------------------------------------------
	   0   68   -12476546    -268061  -255396   -48195               002(TOTAL)
INFO: \Projects\RoomLine-Blackmore\Agents\sphinx2\src\libsphinx2\search.c(2756): FWDTREE: NO  (002 -12744607 (A=-12476546 L=-268061))
INFO: \Projects\RoomLine-Blackmore\Agents\sphinx2\src\libsphinx2\search.c(2842):      680 words recognized (10/fr)
INFO: \Projects\RoomLine-Blackmore\Agents\sphinx2\src\libsphinx2\search.c(2845):     2807 phones in topsen (40/fr)
INFO: \Projects\RoomLine-Blackmore\Agents\sphinx2\src\libsphinx2\search.c(2847):   434010 senones evaluated (6290/fr)
INFO: \Projects\RoomLine-Blackmore\Agents\sphinx2\src\libsphinx2\search.c(2849):   105433 channels searched (1528/fr), 23037 1st, 5694 last
INFO: \Projects\RoomLine-Blackmore\Agents\sphinx2\src\libsphinx2\search.c(2853):     2034 words for which last channels evaluated (29/fr)
INFO: \Projects\RoomLine-Blackmore\Agents\sphinx2\src\libsphinx2\search.c(2855):     5863 candidate words for entering last phone (84/fr)
INFO: \Projects\RoomLine-Blackmore\Agents\sphinx2\src\libsphinx2\uttproc.c(517):   0.68 SoS,   0.70 sec elapsed,  1.03 xRT,   0.38 sec CPU,  0.55 xRT

[19:40:22.942] 68 frames

[19:40:22.942] Acoustic confidence: (-9943040 - -12476546.000000) / 68 = 37257.441406

[19:40:22.942] hyp: NO 

[19:40:22.942] Sending final hypotheses frame:
{c result :results ( {c hypothesis :hyp "NO " :confhyp "NO " :uttid "002" :engine_name "male" :nbest_index 0 :decoder_score -12744607.000000 :lm_score -268061.000000 :am_score -12476546.000000 :frame_num 68 :acoustic_gap_norm 37257.441406 :avg_sphinxwordconf 0.248054 :min_sphinxwordconf 0.248054 :max_sphinxwordconf 0.248054 :avg_wordconf 0.916667 :min_wordconf 0.916667 :max_wordconf 0.916667 :avg_validwordconf 0.916667 :min_validwordconf 0.916667 :max_validwordconf 0.916667 :startframes "18" :endframes "61" :init_timestamp 119808 :end_timestamp 120488 }  ) }

[19:40:22.971] Processing input...
[19:40:22.971] Received 19 bytes...
[19:40:22.971] Processing command: engine_cancel_utt 

[19:40:23.223] Processing input...
[19:40:23.223] Received 22 bytes...
[19:40:23.223] Processing command: engine_set_lm yes_no 

[19:40:23.223] set lm: yes_no
INFO: \Projects\RoomLine-Blackmore\Agents\sphinx2\src\libsphinx2\search.c(3619): Creating search tree
INFO: \Projects\RoomLine-Blackmore\Agents\sphinx2\src\libsphinx2\search.c(3742): 354 root, 50406 non-root channels, 35 single-phone words
INFO: \Projects\RoomLine-Blackmore\Agents\sphinx2\src\libsphinx2\uttproc.c(1752): LM= "yes_no"
[19:40:26.597] Processing input...
[19:40:26.597] Received 28 bytes...
[19:40:26.597] Processing command: engine_begin_utt 003 154752

[19:40:26.597] begin utt: 003 (154752)
INFO: \Projects\RoomLine-Blackmore\Agents\sphinx2\src\libsphinx2\uttproc.c(1195): Livemode
[19:40:26.598] Processing input...
[19:40:26.598] Received 6678 bytes...
[19:40:26.598] Processing command: engine_proc_raw 6656 

[19:40:26.598] prepare to proc raw
[19:40:26.598] Processing raw data ...
[19:40:26.598] 6656 bytes raw data received
[19:40:26.846] Processing input...
[19:40:26.846] Received 22 bytes...
[19:40:26.846] Processing command: engine_proc_raw 3328 

[19:40:26.846] prepare to proc raw
[19:40:26.846] Processing input...
[19:40:26.846] Received 3328 bytes...
[19:40:26.846] Processing raw data ...
[19:40:26.846] 3328 bytes raw data received
[19:40:27.046] Processing input...
[19:40:27.046] Received 21 bytes...
[19:40:27.046] Processing command: engine_proc_partial 

[19:40:27.046] proc partial result (49): 
[19:40:27.158] Processing input...
[19:40:27.158] Received 5163 bytes...
[19:40:27.158] Processing command: engine_proc_raw 5120 

[19:40:27.158] prepare to proc raw
[19:40:27.158] Processing raw data ...
[19:40:27.158] 5120 bytes raw data received
[19:40:27.404] Processing command: engine_proc_partial 

[19:40:27.404] proc partial result (81): NO 
[19:40:27.404] Sending:
 {c properties 											:partial_hyp "NO " 											:engine_name "male"											:start_timestamp "154752" 											:end_timestamp "155562" 											:frame_num "81" 										}
[19:40:27.404] Sent

[19:40:27.470] Processing input...
[19:40:27.470] Received 4651 bytes...
[19:40:27.470] Processing command: engine_proc_raw 4608 

[19:40:27.470] prepare to proc raw
[19:40:27.470] Processing raw data ...
[19:40:27.470] 4608 bytes raw data received
[19:40:27.671] Processing command: engine_proc_partial 

[19:40:27.671] proc partial result (110): NO 
[19:40:27.671] Sending:
 {c properties 											:partial_hyp "NO " 											:engine_name "male"											:start_timestamp "154752" 											:end_timestamp "155852" 											:frame_num "110" 										}
[19:40:27.671] Sent

[19:40:27.814] Processing input...
[19:40:27.815] Received 16 bytes...
[19:40:27.815] Processing command: engine_end_utt 

[19:40:27.815] end utt: 003
INFO: \Projects\RoomLine-Blackmore\Agents\sphinx2\src\libsphinx2\uttproc.c(1391): Samples histogram (003) (4/8/16/30/32K): 88.1%(8682) 2.9%(283) 5.6%(549) 3.5%(342) 0.0%(0); max: 21942
INFO: \Projects\RoomLine-Blackmore\Agents\sphinx2\src\libsphinx2\sc_vq.c(576): VQ-TIME= 0.0sec, SCR-TIME= 0.2sec (CPU)
INFO: \Projects\RoomLine-Blackmore\Agents\sphinx2\src\libsphinx2\live_norm.c(168): mean_norm_update: from < 10.84  0.12 -0.36 -0.01 -0.43 -0.24 -0.33 -0.15 -0.19 -0.11 -0.15 -0.08 -0.13 >
INFO: \Projects\RoomLine-Blackmore\Agents\sphinx2\src\libsphinx2\live_norm.c(185): mean_norm_update: to   < 10.71  0.09 -0.41  0.01 -0.40 -0.23 -0.35 -0.14 -0.20 -0.12 -0.15 -0.08 -0.13 >
[19:40:27.817] Processing input...
[19:40:27.817] Received 20 bytes...
[19:40:27.817] Processing command: engine_proc_result 

[19:40:27.817] proc result
	SFrm Efrm        AScr       LScr   BSDiff TSDiffPF   Conf LatDen Word (FWDTREE) (003)
	---------------------------------------------------------------------
	   0   19    -3345728          0   -16893   -11536  -1.00      6 <s>
	  20   41    -4041773    -230270  -300769   -43987  -1.00     28 ++LAUGH++
	  42   64    -4270096     -52986   -97574   -30542  -1.00     15 SIL
	  65  109    -8279221    -187670  -307057   -47221   0.27     11 NO
	 110  113     -781732     -80391  -405403   -39529  -1.00     12 </s>
	---------------------------------------------------------------------
	   0  113   -20718550    -551317  -405403   -47221               003(TOTAL)
INFO: \Projects\RoomLine-Blackmore\Agents\sphinx2\src\libsphinx2\search.c(2756): FWDTREE: NO  (003 -21269867 (A=-20718550 L=-551317))
INFO: \Projects\RoomLine-Blackmore\Agents\sphinx2\src\libsphinx2\search.c(2842):     1404 words recognized (12/fr)
INFO: \Projects\RoomLine-Blackmore\Agents\sphinx2\src\libsphinx2\search.c(2845):     4543 phones in topsen (39/fr)
INFO: \Projects\RoomLine-Blackmore\Agents\sphinx2\src\libsphinx2\search.c(2847):   717060 senones evaluated (6290/fr)
INFO: \Projects\RoomLine-Blackmore\Agents\sphinx2\src\libsphinx2\search.c(2849):   223823 channels searched (1963/fr), 39020 1st, 16470 last
INFO: \Projects\RoomLine-Blackmore\Agents\sphinx2\src\libsphinx2\search.c(2853):     3799 words for which last channels evaluated (33/fr)
INFO: \Projects\RoomLine-Blackmore\Agents\sphinx2\src\libsphinx2\search.c(2855):    11827 candidate words for entering last phone (103/fr)
INFO: \Projects\RoomLine-Blackmore\Agents\sphinx2\src\libsphinx2\uttproc.c(517):   1.13 SoS,   1.23 sec elapsed,  1.09 xRT,   0.77 sec CPU,  0.68 xRT

[19:40:27.838] 113 frames

[19:40:27.838] Acoustic confidence: (-16386048 - -20718550.000000) / 113 = 38340.726563

[19:40:27.838] hyp: NO 

[19:40:27.838] Sending final hypotheses frame:
{c result :results ( {c hypothesis :hyp "NO " :confhyp "NO " :uttid "003" :engine_name "male" :nbest_index 0 :decoder_score -21269868.000000 :lm_score -551317.000000 :am_score -20718550.000000 :frame_num 113 :acoustic_gap_norm 38340.726563 :avg_sphinxwordconf 0.266830 :min_sphinxwordconf 0.266830 :max_sphinxwordconf 0.266830 :avg_wordconf 0.916667 :min_wordconf 0.916667 :max_wordconf 0.916667 :avg_validwordconf 0.916667 :min_validwordconf 0.916667 :max_validwordconf 0.916667 :startframes "65" :endframes "109" :init_timestamp 154752 :end_timestamp 155882 }  ) }

[19:40:27.847] Processing input...
[19:40:27.847] Received 19 bytes...
[19:40:27.847] Processing command: engine_cancel_utt 

[19:40:28.098] Processing input...
[19:40:28.098] Received 22 bytes...
[19:40:28.098] Processing command: engine_set_lm yes_no 

[19:40:28.098] set lm: yes_no
INFO: \Projects\RoomLine-Blackmore\Agents\sphinx2\src\libsphinx2\search.c(3619): Creating search tree
INFO: \Projects\RoomLine-Blackmore\Agents\sphinx2\src\libsphinx2\search.c(3742): 354 root, 50406 non-root channels, 35 single-phone words
INFO: \Projects\RoomLine-Blackmore\Agents\sphinx2\src\libsphinx2\uttproc.c(1752): LM= "yes_no"
[19:40:31.300] Processing input...
[19:40:31.300] Received 28 bytes...
[19:40:31.300] Processing command: engine_begin_utt 004 194048

[19:40:31.300] begin utt: 004 (194048)
INFO: \Projects\RoomLine-Blackmore\Agents\sphinx2\src\libsphinx2\uttproc.c(1195): Livemode
[19:40:31.301] Processing input...
[19:40:31.301] Received 22 bytes...
[19:40:31.301] Processing command: engine_proc_raw 6656 

[19:40:31.301] prepare to proc raw
[19:40:31.302] Processing input...
[19:40:31.302] Received 6656 bytes...
[19:40:31.302] Processing raw data ...
[19:40:31.302] 6656 bytes raw data received
[19:40:31.861] Processing input...
[19:40:31.861] Received 6187 bytes...
[19:40:31.861] Processing command: engine_proc_raw 6144 

[19:40:31.861] prepare to proc raw
[19:40:31.861] Processing raw data ...
[19:40:31.861] 6144 bytes raw data received
[19:40:32.064] Processing command: engine_proc_partial 

[19:40:32.065] proc partial result (67): YES 
[19:40:32.065] Sending:
 {c properties 											:partial_hyp "YES " 											:engine_name "male"											:start_timestamp "194048" 											:end_timestamp "194718" 											:frame_num "67" 										}
[19:40:32.065] Sent

[19:40:32.189] Processing input...
[19:40:32.189] Received 36 bytes...
[19:40:32.189] Processing command: engine_end_utt 

[19:40:32.189] end utt: 004
INFO: \Projects\RoomLine-Blackmore\Agents\sphinx2\src\libsphinx2\uttproc.c(1391): Samples histogram (004) (4/8/16/30/32K): 72.3%(4625) 8.3%(531) 13.6%(872) 5.8%(372) 0.0%(0); max: 21884
INFO: \Projects\RoomLine-Blackmore\Agents\sphinx2\src\libsphinx2\sc_vq.c(576): VQ-TIME= 0.0sec, SCR-TIME= 0.1sec (CPU)
INFO: \Projects\RoomLine-Blackmore\Agents\sphinx2\src\libsphinx2\live_norm.c(168): mean_norm_update: from < 10.71  0.09 -0.41  0.01 -0.40 -0.23 -0.35 -0.14 -0.20 -0.12 -0.15 -0.08 -0.13 >
INFO: \Projects\RoomLine-Blackmore\Agents\sphinx2\src\libsphinx2\live_norm.c(185): mean_norm_update: to   < 10.79  0.10 -0.42  0.02 -0.40 -0.23 -0.36 -0.15 -0.21 -0.12 -0.15 -0.09 -0.13 >
[19:40:32.191] Processing command: engine_proc_result 

[19:40:32.191] proc result
	SFrm Efrm        AScr       LScr   BSDiff TSDiffPF   Conf LatDen Word (FWDTREE) (004)
	---------------------------------------------------------------------
	   0   16    -2822916          0   -16893   -11188  -1.00      5 <s>
	  17   59    -7651192    -130550  -178221   -38099   0.40      9 YES
	  60   70    -2176462     -65474   -29381   -48170  -1.00     10 </s>
	---------------------------------------------------------------------
	   0   70   -12650570    -196024  -178221   -48170               004(TOTAL)
INFO: \Projects\RoomLine-Blackmore\Agents\sphinx2\src\libsphinx2\search.c(2756): FWDTREE: YES  (004 -12846594 (A=-12650570 L=-196024))
INFO: \Projects\RoomLine-Blackmore\Agents\sphinx2\src\libsphinx2\search.c(2842):      577 words recognized (8/fr)
INFO: \Projects\RoomLine-Blackmore\Agents\sphinx2\src\libsphinx2\search.c(2845):     2791 phones in topsen (39/fr)
INFO: \Projects\RoomLine-Blackmore\Agents\sphinx2\src\libsphinx2\search.c(2847):   446590 senones evaluated (6290/fr)
INFO: \Projects\RoomLine-Blackmore\Agents\sphinx2\src\libsphinx2\search.c(2849):    91322 channels searched (1286/fr), 23767 1st, 8300 last
INFO: \Projects\RoomLine-Blackmore\Agents\sphinx2\src\libsphinx2\search.c(2853):     2086 words for which last channels evaluated (29/fr)
INFO: \Projects\RoomLine-Blackmore\Agents\sphinx2\src\libsphinx2\search.c(2855):     4559 candidate words for entering last phone (64/fr)
INFO: \Projects\RoomLine-Blackmore\Agents\sphinx2\src\libsphinx2\uttproc.c(517):   0.70 SoS,   0.91 sec elapsed,  1.29 xRT,   0.36 sec CPU,  0.51 xRT

[19:40:32.217] 70 frames

[19:40:32.217] Acoustic confidence: (-10151936 - -12650570.000000) / 70 = 35694.769531

[19:40:32.217] hyp: YES 

[19:40:32.217] Sending final hypotheses frame:
{c result :results ( {c hypothesis :hyp "YES " :confhyp "YES " :uttid "004" :engine_name "male" :nbest_index 0 :decoder_score -12846594.000000 :lm_score -196024.000000 :am_score -12650570.000000 :frame_num 70 :acoustic_gap_norm 35694.769531 :avg_sphinxwordconf 0.398686 :min_sphinxwordconf 0.398686 :max_sphinxwordconf 0.398686 :avg_wordconf 0.916667 :min_wordconf 0.916667 :max_wordconf 0.916667 :avg_validwordconf 0.916667 :min_validwordconf 0.916667 :max_validwordconf 0.916667 :startframes "17" :endframes "59" :init_timestamp 194048 :end_timestamp 194748 }  ) }

[19:40:32.225] Processing input...
[19:40:32.225] Received 19 bytes...
[19:40:32.225] Processing command: engine_cancel_utt 

[19:40:32.493] Processing input...
[19:40:32.494] Received 22 bytes...
[19:40:32.494] Processing command: engine_set_lm yes_no 

[19:40:32.494] set lm: yes_no
INFO: \Projects\RoomLine-Blackmore\Agents\sphinx2\src\libsphinx2\search.c(3619): Creating search tree
INFO: \Projects\RoomLine-Blackmore\Agents\sphinx2\src\libsphinx2\search.c(3742): 354 root, 50406 non-root channels, 35 single-phone words
INFO: \Projects\RoomLine-Blackmore\Agents\sphinx2\src\libsphinx2\uttproc.c(1752): LM= "yes_no"
[19:40:32.863] Processing input...
[19:40:32.863] Received 28 bytes...
[19:40:32.863] Processing command: engine_begin_utt 005 205440

[19:40:32.863] begin utt: 005 (205440)
INFO: \Projects\RoomLine-Blackmore\Agents\sphinx2\src\libsphinx2\uttproc.c(1195): Livemode
[19:40:32.865] Processing input...
[19:40:32.865] Received 22 bytes...
[19:40:32.865] Processing command: engine_proc_raw 6656 

[19:40:32.865] prepare to proc raw
[19:40:32.865] Processing input...
[19:40:32.865] Received 6656 bytes...
[19:40:32.865] Processing raw data ...
[19:40:32.865] 6656 bytes raw data received
[19:40:33.111] Processing input...
[19:40:33.111] Received 2603 bytes...
[19:40:33.111] Processing command: engine_proc_raw 2560 

[19:40:33.111] prepare to proc raw
[19:40:33.111] Processing raw data ...
[19:40:33.111] 2560 bytes raw data received
[19:40:33.334] Processing command: engine_proc_partial 

[19:40:33.334] proc partial result (45): 
[19:40:33.394] Processing input...
[19:40:33.395] Received 36 bytes...
[19:40:33.395] Processing command: engine_end_utt 

[19:40:33.395] end utt: 005
INFO: \Projects\RoomLine-Blackmore\Agents\sphinx2\src\libsphinx2\uttproc.c(1391): Samples histogram (005) (4/8/16/30/32K): 100.0%(4608) 0.0%(0) 0.0%(0) 0.0%(0) 0.0%(0); max: 1082
INFO: \Projects\RoomLine-Blackmore\Agents\sphinx2\src\libsphinx2\sc_vq.c(576): VQ-TIME= 0.0sec, SCR-TIME= 0.1sec (CPU)
INFO: \Projects\RoomLine-Blackmore\Agents\sphinx2\src\libsphinx2\live_norm.c(168): mean_norm_update: from < 10.68  0.09 -0.42  0.02 -0.39 -0.22 -0.36 -0.14 -0.21 -0.12 -0.15 -0.09 -0.13 >
INFO: \Projects\RoomLine-Blackmore\Agents\sphinx2\src\libsphinx2\live_norm.c(185): mean_norm_update: to   < 10.56  0.10 -0.41  0.00 -0.40 -0.24 -0.35 -0.14 -0.21 -0.11 -0.14 -0.09 -0.13 >
[19:40:33.398] Processing command: engine_proc_result 

[19:40:33.398] proc result
	SFrm Efrm        AScr       LScr   BSDiff TSDiffPF   Conf LatDen Word (FWDTREE) (005)
	---------------------------------------------------------------------
	   0   18    -3646876          0   -25646   -31765  -1.00      9 <s>
	  19   48    -6190994    -237947  -233391   -43004  -1.00     22 </s>
	---------------------------------------------------------------------
	   0   48    -9837870    -237947  -233391   -43004               005(TOTAL)
INFO: \Projects\RoomLine-Blackmore\Agents\sphinx2\src\libsphinx2\search.c(2756): FWDTREE:  (005 -10075817 (A=-9837870 L=-237947))
INFO: \Projects\RoomLine-Blackmore\Agents\sphinx2\src\libsphinx2\search.c(2842):      750 words recognized (15/fr)
INFO: \Projects\RoomLine-Blackmore\Agents\sphinx2\src\libsphinx2\search.c(2845):     2073 phones in topsen (42/fr)
INFO: \Projects\RoomLine-Blackmore\Agents\sphinx2\src\libsphinx2\search.c(2847):   308210 senones evaluated (6290/fr)
INFO: \Projects\RoomLine-Blackmore\Agents\sphinx2\src\libsphinx2\search.c(2849):   129825 channels searched (2649/fr), 16279 1st, 8409 last
INFO: \Projects\RoomLine-Blackmore\Agents\sphinx2\src\libsphinx2\search.c(2853):     1872 words for which last channels evaluated (38/fr)
INFO: \Projects\RoomLine-Blackmore\Agents\sphinx2\src\libsphinx2\search.c(2855):     8211 candidate words for entering last phone (167/fr)
INFO: \Projects\RoomLine-Blackmore\Agents\sphinx2\src\libsphinx2\uttproc.c(517):   0.48 SoS,   0.56 sec elapsed,  1.17 xRT,   0.45 sec CPU,  0.94 xRT

[19:40:33.431] 48 frames

[19:40:33.431] Acoustic confidence: (-7775232 - -9837870.000000) / 48 = 42971.625000

[19:40:33.431] hyp: 

[19:40:33.431] Sending final hypotheses frame:
{c result :results ( {c hypothesis :hyp "" :confhyp "" :uttid "005" :engine_name "male" :nbest_index 0 :decoder_score 0.000000 :lm_score 0.000000 :am_score 0.000000 :frame_num 48 :acoustic_gap_norm 0.000000 :avg_sphinxwordconf 0.000000 :min_sphinxwordconf 1.000000 :max_sphinxwordconf 0.000000 :avg_wordconf 0.000000 :min_wordconf 0.000000 :max_wordconf 0.000000 :avg_validwordconf 0.000000 :min_validwordconf 0.000000 :max_validwordconf 0.000000 :startframes "" :endframes "" :init_timestamp 205440 :end_timestamp 205920 }  ) }

[19:40:33.473] Processing input...
[19:40:33.473] Received 19 bytes...
[19:40:33.473] Processing command: engine_cancel_utt 

[19:40:33.789] Processing input...
[19:40:33.789] Received 21 bytes...
[19:40:33.789] Processing command: engine_set_lm place 

[19:40:33.789] set lm: place
INFO: \Projects\RoomLine-Blackmore\Agents\sphinx2\src\libsphinx2\search.c(3619): Creating search tree
INFO: \Projects\RoomLine-Blackmore\Agents\sphinx2\src\libsphinx2\search.c(3742): 350 root, 50319 non-root channels, 31 single-phone words
INFO: \Projects\RoomLine-Blackmore\Agents\sphinx2\src\libsphinx2\uttproc.c(1752): LM= "place"
[19:40:36.607] Processing input...
[19:40:36.607] Received 28 bytes...
[19:40:36.607] Processing command: engine_begin_utt 006 236032

[19:40:36.607] begin utt: 006 (236032)
INFO: \Projects\RoomLine-Blackmore\Agents\sphinx2\src\libsphinx2\uttproc.c(1195): Livemode
[19:40:36.608] Processing input...
[19:40:36.608] Received 22 bytes...
[19:40:36.608] Processing command: engine_proc_raw 6656 

[19:40:36.608] prepare to proc raw
[19:40:36.608] Processing input...
[19:40:36.608] Received 6656 bytes...
[19:40:36.608] Processing raw data ...
[19:40:36.608] 6656 bytes raw data received
[19:40:36.861] Processing input...
[19:40:36.861] Received 810 bytes...
[19:40:36.861] Processing command: engine_proc_raw 768 

[19:40:36.861] prepare to proc raw
[19:40:36.861] Processing raw data ...
[19:40:36.861] 768 bytes raw data received
[19:40:36.895] Processing command: engine_proc_partial 

[19:40:36.895] proc partial result (33): I'M 
[19:40:36.895] Sending:
 {c properties 											:partial_hyp "I'M " 											:engine_name "male"											:start_timestamp "236032" 											:end_timestamp "236362" 											:frame_num "33" 										}
[19:40:36.895] Sent

[19:40:37.126] Processing input...
[19:40:37.126] Received 22 bytes...
[19:40:37.126] Processing command: engine_proc_raw 6144 

[19:40:37.126] prepare to proc raw
[19:40:37.127] Processing input...
[19:40:37.127] Received 6165 bytes...
[19:40:37.127] Processing raw data ...
[19:40:37.127] 6144 bytes raw data received
[19:40:37.290] Processing command: engine_proc_partial 

[19:40:37.291] proc partial result (72): QUERY 
[19:40:37.291] Sending:
 {c properties 											:partial_hyp "QUERY " 											:engine_name "male"											:start_timestamp "236032" 											:end_timestamp "236752" 											:frame_num "72" 										}
[19:40:37.291] Sent

[19:40:37.454] Processing input...
[19:40:37.454] Received 36 bytes...
[19:40:37.454] Processing command: engine_end_utt 

[19:40:37.454] end utt: 006
INFO: \Projects\RoomLine-Blackmore\Agents\sphinx2\src\libsphinx2\uttproc.c(1391): Samples histogram (006) (4/8/16/30/32K): 75.3%(5111) 7.5%(509) 11.7%(794) 5.5%(370) 0.0%(0); max: 21332
INFO: \Projects\RoomLine-Blackmore\Agents\sphinx2\src\libsphinx2\sc_vq.c(576): VQ-TIME= 0.1sec, SCR-TIME= 0.1sec (CPU)
INFO: \Projects\RoomLine-Blackmore\Agents\sphinx2\src\libsphinx2\live_norm.c(168): mean_norm_update: from < 10.56  0.10 -0.41  0.00 -0.40 -0.24 -0.35 -0.14 -0.21 -0.11 -0.14 -0.09 -0.13 >
INFO: \Projects\RoomLine-Blackmore\Agents\sphinx2\src\libsphinx2\live_norm.c(185): mean_norm_update: to   < 10.78  0.11 -0.47  0.01 -0.40 -0.25 -0.35 -0.14 -0.23 -0.11 -0.15 -0.09 -0.14 >
[19:40:37.457] Processing command: engine_proc_result 

[19:40:37.457] proc result
	SFrm Efrm        AScr       LScr   BSDiff TSDiffPF   Conf LatDen Word (FWDTREE) (006)
	---------------------------------------------------------------------
	   0   17    -3097123          0   -47197   -14025  -1.00      7 <s>
	  18   67    -9030832    -613961  -664263   -40615   0.09     23 QUERY
	  68   75    -1828943     -63204  -907120   -73737  -1.00      8 </s>
	---------------------------------------------------------------------
	   0   75   -13956898    -677165  -907120   -73737               006(TOTAL)
INFO: \Projects\RoomLine-Blackmore\Agents\sphinx2\src\libsphinx2\search.c(2756): FWDTREE: QUERY  (006 -14634063 (A=-13956898 L=-677165))
INFO: \Projects\RoomLine-Blackmore\Agents\sphinx2\src\libsphinx2\search.c(2842):      865 words recognized (11/fr)
INFO: \Projects\RoomLine-Blackmore\Agents\sphinx2\src\libsphinx2\search.c(2845):     3190 phones in topsen (41/fr)
INFO: \Projects\RoomLine-Blackmore\Agents\sphinx2\src\libsphinx2\search.c(2847):   478040 senones evaluated (6290/fr)
INFO: \Projects\RoomLine-Blackmore\Agents\sphinx2\src\libsphinx2\search.c(2849):    82307 channels searched (1082/fr), 18695 1st, 16227 last
INFO: \Projects\RoomLine-Blackmore\Agents\sphinx2\src\libsphinx2\search.c(2853):     1822 words for which last channels evaluated (23/fr)
INFO: \Projects\RoomLine-Blackmore\Agents\sphinx2\src\libsphinx2\search.c(2855):     3050 candidate words for entering last phone (40/fr)
INFO: \Projects\RoomLine-Blackmore\Agents\sphinx2\src\libsphinx2\uttproc.c(517):   0.75 SoS,   0.86 sec elapsed,  1.15 xRT,   0.33 sec CPU,  0.44 xRT

[19:40:37.466] 75 frames

[19:40:37.466] Acoustic confidence: (-10904576 - -13956898.000000) / 75 = 40697.625000

[19:40:37.466] hyp: QUERY 

[19:40:37.466] Sending final hypotheses frame:
{c result :results ( {c hypothesis :hyp "QUERY " :confhyp "QUERY " :uttid "006" :engine_name "male" :nbest_index 0 :decoder_score -14634063.000000 :lm_score -677165.000000 :am_score -13956898.000000 :frame_num 75 :acoustic_gap_norm 40697.625000 :avg_sphinxwordconf 0.090078 :min_sphinxwordconf 0.090078 :max_sphinxwordconf 0.090078 :avg_wordconf 0.666667 :min_wordconf 0.666667 :max_wordconf 0.666667 :avg_validwordconf 0.666667 :min_validwordconf 0.666667 :max_validwordconf 0.666667 :startframes "18" :endframes "67" :init_timestamp 236032 :end_timestamp 236782 }  ) }

[19:40:37.475] Processing input...
[19:40:37.475] Received 19 bytes...
[19:40:37.475] Processing command: engine_cancel_utt 

[19:40:37.747] Processing input...
[19:40:37.747] Received 22 bytes...
[19:40:37.747] Processing command: engine_set_lm yes_no 

[19:40:37.747] set lm: yes_no
INFO: \Projects\RoomLine-Blackmore\Agents\sphinx2\src\libsphinx2\search.c(3619): Creating search tree
INFO: \Projects\RoomLine-Blackmore\Agents\sphinx2\src\libsphinx2\search.c(3742): 354 root, 50406 non-root channels, 35 single-phone words
INFO: \Projects\RoomLine-Blackmore\Agents\sphinx2\src\libsphinx2\uttproc.c(1752): LM= "yes_no"
[19:40:41.565] Processing input...
[19:40:41.566] Received 50 bytes...
[19:40:41.566] Processing command: engine_begin_utt 007 274944

[19:40:41.566] begin utt: 007 (274944)
INFO: \Projects\RoomLine-Blackmore\Agents\sphinx2\src\libsphinx2\uttproc.c(1195): Livemode
[19:40:41.567] Processing command: engine_proc_raw 6656 

[19:40:41.567] prepare to proc raw
[19:40:41.567] Processing input...
[19:40:41.567] Received 6656 bytes...
[19:40:41.567] Processing raw data ...
[19:40:41.567] 6656 bytes raw data received
[19:40:41.814] Processing input...
[19:40:41.814] Received 3115 bytes...
[19:40:41.814] Processing command: engine_proc_raw 3072 

[19:40:41.814] prepare to proc raw
[19:40:41.814] Processing raw data ...
[19:40:41.814] 3072 bytes raw data received
[19:40:41.952] Processing command: engine_proc_partial 

[19:40:41.952] proc partial result (48): YEAH 
[19:40:41.952] Sending:
 {c properties 											:partial_hyp "YEAH " 											:engine_name "male"											:start_timestamp "274944" 											:end_timestamp "275424" 											:frame_num "48" 										}
[19:40:41.953] Sent

[19:40:42.126] Processing input...
[19:40:42.126] Received 22 bytes...
[19:40:42.126] Processing command: engine_proc_raw 4864 

[19:40:42.126] prepare to proc raw
[19:40:42.126] Processing input...
[19:40:42.126] Received 4864 bytes...
[19:40:42.126] Processing raw data ...
[19:40:42.126] 4864 bytes raw data received
[19:40:42.377] Processing input...
[19:40:42.377] Received 21 bytes...
[19:40:42.377] Processing command: engine_proc_partial 

[19:40:42.377] proc partial result (78): YES 
[19:40:42.377] Sending:
 {c properties 											:partial_hyp "YES " 											:engine_name "male"											:start_timestamp "274944" 											:end_timestamp "275724" 											:frame_num "78" 										}
[19:40:42.378] Sent

[19:40:42.439] Processing input...
[19:40:42.439] Received 5163 bytes...
[19:40:42.439] Processing command: engine_proc_raw 5120 

[19:40:42.439] prepare to proc raw
[19:40:42.439] Processing raw data ...
[19:40:42.439] 5120 bytes raw data received
[19:40:42.817] Processing command: engine_proc_partial 

[19:40:42.818] proc partial result (110): YES 
[19:40:42.818] Sending:
 {c properties 											:partial_hyp "YES " 											:engine_name "male"											:start_timestamp "274944" 											:end_timestamp "276044" 											:frame_num "110" 										}
[19:40:42.818] Sent

[19:40:42.818] Processing input...
[19:40:42.818] Received 4907 bytes...
[19:40:42.818] Processing command: engine_proc_raw 4864 

[19:40:42.818] prepare to proc raw
[19:40:42.818] Processing raw data ...
[19:40:42.818] 4864 bytes raw data received
[19:40:42.987] Processing command: engine_proc_partial 

[19:40:42.987] proc partial result (141): YES 
[19:40:42.987] Sending:
 {c properties 											:partial_hyp "YES " 											:engine_name "male"											:start_timestamp "274944" 											:end_timestamp "276354" 											:frame_num "141" 										}
[19:40:42.987] Sent

[19:40:43.111] Processing input...
[19:40:43.111] Received 22 bytes...
[19:40:43.111] Processing command: engine_proc_raw 5120 

[19:40:43.111] prepare to proc raw
[19:40:43.111] Processing input...
[19:40:43.111] Received 5120 bytes...
[19:40:43.111] Processing raw data ...
[19:40:43.111] 5120 bytes raw data received
[19:40:43.240] Processing input...
[19:40:43.240] Received 21 bytes...
[19:40:43.240] Processing command: engine_proc_partial 

[19:40:43.241] proc partial result (173): YES 
[19:40:43.241] Sending:
 {c properties 											:partial_hyp "YES " 											:engine_name "male"											:start_timestamp "274944" 											:end_timestamp "276674" 											:frame_num "173" 										}
[19:40:43.241] Sent

[19:40:43.408] Processing input...
[19:40:43.408] Received 5163 bytes...
[19:40:43.408] Processing command: engine_proc_raw 5120 

[19:40:43.408] prepare to proc raw
[19:40:43.408] Processing raw data ...
[19:40:43.408] 5120 bytes raw data received
[19:40:43.541] Processing command: engine_proc_partial 

[19:40:43.542] proc partial result (205): YES 
[19:40:43.542] Sending:
 {c properties 											:partial_hyp "YES " 											:engine_name "male"											:start_timestamp "274944" 											:end_timestamp "276994" 											:frame_num "205" 										}
[19:40:43.542] Sent

[19:40:43.720] Processing input...
[19:40:43.720] Received 22 bytes...
[19:40:43.721] Processing command: engine_proc_raw 4864 

[19:40:43.721] prepare to proc raw
[19:40:43.721] Processing input...
[19:40:43.721] Received 4885 bytes...
[19:40:43.721] Processing raw data ...
[19:40:43.721] 4864 bytes raw data received
[19:40:43.851] Processing command: engine_proc_partial 

[19:40:43.852] proc partial result (235): YES 
[19:40:43.852] Sending:
 {c properties 											:partial_hyp "YES " 											:engine_name "male"											:start_timestamp "274944" 											:end_timestamp "277294" 											:frame_num "235" 										}
[19:40:43.852] Sent

[19:40:44.001] Processing input...
[19:40:44.001] Received 22 bytes...
[19:40:44.001] Processing command: engine_proc_raw 5120 

[19:40:44.001] prepare to proc raw
[19:40:44.001] Processing input...
[19:40:44.001] Received 5141 bytes...
[19:40:44.001] Processing raw data ...
[19:40:44.001] 5120 bytes raw data received
[19:40:44.119] Processing command: engine_proc_partial 

[19:40:44.120] proc partial result (267): YES WEST 
[19:40:44.120] Sending:
 {c properties 											:partial_hyp "YES WEST " 											:engine_name "male"											:start_timestamp "274944" 											:end_timestamp "277614" 											:frame_num "267" 										}
[19:40:44.120] Sent

[19:40:44.314] Processing input...
[19:40:44.314] Received 4907 bytes...
[19:40:44.314] Processing command: engine_proc_raw 4864 

[19:40:44.314] prepare to proc raw
[19:40:44.314] Processing raw data ...
[19:40:44.314] 4864 bytes raw data received
[19:40:44.410] Processing command: engine_proc_partial 

[19:40:44.411] proc partial result (297): YES WEST 
[19:40:44.411] Sending:
 {c properties 											:partial_hyp "YES WEST " 											:engine_name "male"											:start_timestamp "274944" 											:end_timestamp "277914" 											:frame_num "297" 										}
[19:40:44.411] Sent

[19:40:44.673] Processing input...
[19:40:44.673] Received 22 bytes...
[19:40:44.673] Processing command: engine_proc_raw 5120 

[19:40:44.673] prepare to proc raw
[19:40:44.673] Processing input...
[19:40:44.673] Received 5141 bytes...
[19:40:44.673] Processing raw data ...
[19:40:44.673] 5120 bytes raw data received
[19:40:44.769] Processing command: engine_proc_partial 

[19:40:44.770] proc partial result (329): YES WEST 
[19:40:44.770] Sending:
 {c properties 											:partial_hyp "YES WEST " 											:engine_name "male"											:start_timestamp "274944" 											:end_timestamp "278234" 											:frame_num "329" 										}
[19:40:44.770] Sent

[19:40:44.954] Processing input...
[19:40:44.954] Received 22 bytes...
[19:40:44.954] Processing command: engine_proc_raw 4864 

[19:40:44.954] prepare to proc raw
[19:40:44.955] Processing input...
[19:40:44.955] Received 4885 bytes...
[19:40:44.955] Processing raw data ...
[19:40:44.955] 4864 bytes raw data received
[19:40:45.046] Processing command: engine_proc_partial 

[19:40:45.049] proc partial result (360): YES WEST 
[19:40:45.049] Sending:
 {c properties 											:partial_hyp "YES WEST " 											:engine_name "male"											:start_timestamp "274944" 											:end_timestamp "278544" 											:frame_num "360" 										}
[19:40:45.050] Sent

[19:40:45.267] Processing input...
[19:40:45.267] Received 5163 bytes...
[19:40:45.267] Processing command: engine_proc_raw 5120 

[19:40:45.267] prepare to proc raw
[19:40:45.267] Processing raw data ...
[19:40:45.267] 5120 bytes raw data received
[19:40:45.358] Processing command: engine_proc_partial 

[19:40:45.359] proc partial result (392): YES WEST 
[19:40:45.359] Sending:
 {c properties 											:partial_hyp "YES WEST " 											:engine_name "male"											:start_timestamp "274944" 											:end_timestamp "278864" 											:frame_num "392" 										}
[19:40:45.359] Sent

[19:40:45.611] Processing input...
[19:40:45.611] Received 22 bytes...
[19:40:45.611] Processing command: engine_proc_raw 4864 

[19:40:45.611] prepare to proc raw
[19:40:45.611] Processing input...
[19:40:45.611] Received 4885 bytes...
[19:40:45.611] Processing raw data ...
[19:40:45.611] 4864 bytes raw data received
[19:40:45.699] Processing command: engine_proc_partial 

[19:40:45.700] proc partial result (422): YES WEST 
[19:40:45.700] Sending:
 {c properties 											:partial_hyp "YES WEST " 											:engine_name "male"											:start_timestamp "274944" 											:end_timestamp "279164" 											:frame_num "422" 										}
[19:40:45.701] Sent

[19:40:45.907] Processing input...
[19:40:45.907] Received 22 bytes...
[19:40:45.907] Processing command: engine_proc_raw 5120 

[19:40:45.907] prepare to proc raw
[19:40:45.908] Processing input...
[19:40:45.908] Received 5141 bytes...
[19:40:45.908] Processing raw data ...
[19:40:45.908] 5120 bytes raw data received
[19:40:46.005] Processing command: engine_proc_partial 

[19:40:46.007] proc partial result (454): YES WEST 
[19:40:46.007] Sending:
 {c properties 											:partial_hyp "YES WEST " 											:engine_name "male"											:start_timestamp "274944" 											:end_timestamp "279484" 											:frame_num "454" 										}
[19:40:46.007] Sent

[19:40:46.204] Processing input...
[19:40:46.205] Received 6443 bytes...
[19:40:46.205] Processing command: engine_proc_raw 6400 

[19:40:46.205] prepare to proc raw
[19:40:46.205] Processing raw data ...
[19:40:46.205] 6400 bytes raw data received
[19:40:46.323] Processing command: engine_proc_partial 

[19:40:46.324] proc partial result (494): YES WEST 
[19:40:46.324] Sending:
 {c properties 											:partial_hyp "YES WEST " 											:engine_name "male"											:start_timestamp "274944" 											:end_timestamp "279884" 											:frame_num "494" 										}
[19:40:46.325] Sent

[19:40:46.564] Processing input...
[19:40:46.564] Received 36 bytes...
[19:40:46.564] Processing command: engine_end_utt 

[19:40:46.564] end utt: 007
INFO: \Projects\RoomLine-Blackmore\Agents\sphinx2\src\libsphinx2\uttproc.c(1391): Samples histogram (007) (4/8/16/30/32K): 95.1%(38605) 1.2%(498) 2.3%(931) 1.3%(542) 0.0%(0); max: 21102
INFO: \Projects\RoomLine-Blackmore\Agents\sphinx2\src\libsphinx2\sc_vq.c(576): VQ-TIME= 0.4sec, SCR-TIME= 0.6sec (CPU)
INFO: \Projects\RoomLine-Blackmore\Agents\sphinx2\src\libsphinx2\live_norm.c(168): mean_norm_update: from < 10.78 -0.04 -0.51 -0.08 -0.30 -0.18 -0.32 -0.14 -0.24 -0.09 -0.18 -0.11 -0.13 >
INFO: \Projects\RoomLine-Blackmore\Agents\sphinx2\src\libsphinx2\live_norm.c(185): mean_norm_update: to   < 10.70 -0.04 -0.52 -0.08 -0.30 -0.18 -0.31 -0.14 -0.24 -0.08 -0.18 -0.11 -0.13 >
[19:40:46.567] Processing command: engine_proc_result 

[19:40:46.567] proc result
WARNING: "\Projects\RoomLine-Blackmore\Agents\sphinx2\src\libsphinx2\search.c", line 2703: Failed to terminate in final state

WARNING: "\Projects\RoomLine-Blackmore\Agents\sphinx2\src\libsphinx2\search.c", line 3919: Segment acoustic score = 64140; should be < 0 ??
	SFrm Efrm        AScr       LScr   BSDiff TSDiffPF   Conf LatDen Word (FWDTREE) (007)
	---------------------------------------------------------------------
	   0   18    -3219593          0   -29921   -13427  -1.00      7 <s>
	  19  167   -28665722    -130550   -25976   -39777   0.29      7 YES
	 168  497   -66298655    -627221 -1318909   -41865   0.03      2 WEST
	 498  498           0    -122160 -99063901        0  -1.00      0 </s>
	---------------------------------------------------------------------
	   0  498   -98183970    -879931 -99063901   -41865               007(TOTAL)
INFO: \Projects\RoomLine-Blackmore\Agents\sphinx2\src\libsphinx2\search.c(2756): FWDTREE: YES WEST  (007 -99063901 (A=-98183970 L=-879931))
INFO: \Projects\RoomLine-Blackmore\Agents\sphinx2\src\libsphinx2\search.c(2842):     1769 words recognized (4/fr)
INFO: \Projects\RoomLine-Blackmore\Agents\sphinx2\src\libsphinx2\search.c(2845):    20486 phones in topsen (41/fr)
INFO: \Projects\RoomLine-Blackmore\Agents\sphinx2\src\libsphinx2\search.c(2847):  3132420 senones evaluated (6277/fr)
INFO: \Projects\RoomLine-Blackmore\Agents\sphinx2\src\libsphinx2\search.c(2849):   467708 channels searched (937/fr), 55454 1st, 22717 last
INFO: \Projects\RoomLine-Blackmore\Agents\sphinx2\src\libsphinx2\search.c(2853):     4872 words for which last channels evaluated (9/fr)
INFO: \Projects\RoomLine-Blackmore\Agents\sphinx2\src\libsphinx2\search.c(2855):    24733 candidate words for entering last phone (49/fr)
INFO: \Projects\RoomLine-Blackmore\Agents\sphinx2\src\libsphinx2\uttproc.c(517):   4.98 SoS,   5.02 sec elapsed,  1.01 xRT,   2.16 sec CPU,  0.43 xRT

[19:40:46.583] 498 frames

[19:40:46.583] Acoustic confidence: (-78186496 - -98183968.000000) / 498 = 40155.566406

[19:40:46.583] hyp: YES WEST 

[19:40:46.583] Sending final hypotheses frame:
{c result :results ( {c hypothesis :hyp "YES WEST " :confhyp ".?YES?. WEST " :uttid "007" :engine_name "male" :nbest_index 0 :decoder_score -99063904.000000 :lm_score -879931.000000 :am_score -98183968.000000 :frame_num 498 :acoustic_gap_norm 40155.566406 :avg_sphinxwordconf 0.156181 :min_sphinxwordconf 0.027338 :max_sphinxwordconf 0.285023 :avg_wordconf 0.500000 :min_wordconf 0.416667 :max_wordconf 0.583333 :avg_validwordconf 0.583333 :min_validwordconf 0.583333 :max_validwordconf 0.583333 :startframes "19 168" :endframes "167 497" :init_timestamp 274944 :end_timestamp 279924 }  ) }

[19:40:46.627] Processing input...
[19:40:46.627] Received 19 bytes...
[19:40:46.627] Processing command: engine_cancel_utt 

[19:40:46.951] Processing input...
[19:40:46.951] Received 27 bytes...
[19:40:46.951] Processing command: engine_set_lm first_query 

[19:40:46.951] set lm: first_query
INFO: \Projects\RoomLine-Blackmore\Agents\sphinx2\src\libsphinx2\search.c(3619): Creating search tree
INFO: \Projects\RoomLine-Blackmore\Agents\sphinx2\src\libsphinx2\search.c(3742): 339 root, 50227 non-root channels, 30 single-phone words
INFO: \Projects\RoomLine-Blackmore\Agents\sphinx2\src\libsphinx2\uttproc.c(1752): LM= "first_query"
[19:41:09.081] Processing input...
[19:41:09.081] Received 28 bytes...
[19:41:09.081] Processing command: engine_begin_utt 008 495872

[19:41:09.081] begin utt: 008 (495872)
INFO: \Projects\RoomLine-Blackmore\Agents\sphinx2\src\libsphinx2\uttproc.c(1195): Livemode
[19:41:09.083] Processing input...
[19:41:09.083] Received 6678 bytes...
[19:41:09.083] Processing command: engine_proc_raw 6656 

[19:41:09.083] prepare to proc raw
[19:41:09.083] Processing raw data ...
[19:41:09.083] 6656 bytes raw data received
[19:41:09.329] Processing input...
[19:41:09.329] Received 22 bytes...
[19:41:09.329] Processing command: engine_proc_raw 1280 

[19:41:09.329] prepare to proc raw
[19:41:09.329] Processing input...
[19:41:09.329] Received 1280 bytes...
[19:41:09.329] Processing raw data ...
[19:41:09.329] 1280 bytes raw data received
[19:41:09.431] Processing input...
[19:41:09.431] Received 21 bytes...
[19:41:09.431] Processing command: engine_proc_partial 

[19:41:09.431] proc partial result (37): 
[19:41:09.657] Processing input...
[19:41:09.657] Received 22 bytes...
[19:41:09.657] Processing command: engine_proc_raw 3584 

[19:41:09.657] prepare to proc raw
[19:41:09.657] Processing input...
[19:41:09.657] Received 3605 bytes...
[19:41:09.657] Processing raw data ...
[19:41:09.657] 3584 bytes raw data received
[19:41:09.858] Processing command: engine_proc_partial 

[19:41:09.858] proc partial result (59): 
[19:41:09.985] Processing input...
[19:41:09.985] Received 36 bytes...
[19:41:09.985] Processing command: engine_end_utt 

[19:41:09.985] end utt: 008
INFO: \Projects\RoomLine-Blackmore\Agents\sphinx2\src\libsphinx2\uttproc.c(1391): Samples histogram (008) (4/8/16/30/32K): 100.0%(5760) 0.0%(0) 0.0%(0) 0.0%(0) 0.0%(0); max: 1066
INFO: \Projects\RoomLine-Blackmore\Agents\sphinx2\src\libsphinx2\sc_vq.c(576): VQ-TIME= 0.0sec, SCR-TIME= 0.1sec (CPU)
INFO: \Projects\RoomLine-Blackmore\Agents\sphinx2\src\libsphinx2\live_norm.c(168): mean_norm_update: from < 10.70 -0.04 -0.52 -0.08 -0.30 -0.18 -0.31 -0.14 -0.24 -0.08 -0.18 -0.11 -0.13 >
INFO: \Projects\RoomLine-Blackmore\Agents\sphinx2\src\libsphinx2\live_norm.c(185): mean_norm_update: to   < 10.28  0.03 -0.50 -0.11 -0.32 -0.15 -0.33 -0.15 -0.24 -0.09 -0.17 -0.11 -0.13 >
[19:41:09.988] Processing command: engine_proc_result 

[19:41:09.988] proc result
	SFrm Efrm        AScr       LScr   BSDiff TSDiffPF   Conf LatDen Word (FWDTREE) (008)
	---------------------------------------------------------------------
	   0   16    -3539236          0   -65838   -40676  -1.00      9 <s>
	  17   62   -10166844    -241458  -974655   -64235  -1.00     23 </s>
	---------------------------------------------------------------------
	   0   62   -13706080    -241458  -974655   -64235               008(TOTAL)
INFO: \Projects\RoomLine-Blackmore\Agents\sphinx2\src\libsphinx2\search.c(2756): FWDTREE:  (008 -13947538 (A=-13706080 L=-241458))
INFO: \Projects\RoomLine-Blackmore\Agents\sphinx2\src\libsphinx2\search.c(2842):     1054 words recognized (17/fr)
INFO: \Projects\RoomLine-Blackmore\Agents\sphinx2\src\libsphinx2\search.c(2845):     2674 phones in topsen (42/fr)
INFO: \Projects\RoomLine-Blackmore\Agents\sphinx2\src\libsphinx2\search.c(2847):   396270 senones evaluated (6290/fr)
INFO: \Projects\RoomLine-Blackmore\Agents\sphinx2\src\libsphinx2\search.c(2849):   150554 channels searched (2389/fr), 20250 1st, 8147 last
INFO: \Projects\RoomLine-Blackmore\Agents\sphinx2\src\libsphinx2\search.c(2853):     2095 words for which last channels evaluated (33/fr)
INFO: \Projects\RoomLine-Blackmore\Agents\sphinx2\src\libsphinx2\search.c(2855):     7766 candidate words for entering last phone (123/fr)
INFO: \Projects\RoomLine-Blackmore\Agents\sphinx2\src\libsphinx2\uttproc.c(517):   0.62 SoS,   0.91 sec elapsed,  1.46 xRT,   0.50 sec CPU,  0.81 xRT

[19:41:09.996] 62 frames

[19:41:09.996] Acoustic confidence: (-9869312 - -13706080.000000) / 62 = 61883.355469

[19:41:09.996] hyp: 

[19:41:09.997] Sending final hypotheses frame:
{c result :results ( {c hypothesis :hyp "" :confhyp "" :uttid "008" :engine_name "male" :nbest_index 0 :decoder_score 0.000000 :lm_score 0.000000 :am_score 0.000000 :frame_num 62 :acoustic_gap_norm 0.000000 :avg_sphinxwordconf 0.000000 :min_sphinxwordconf 1.000000 :max_sphinxwordconf 0.000000 :avg_wordconf 0.000000 :min_wordconf 0.000000 :max_wordconf 0.000000 :avg_validwordconf 0.000000 :min_validwordconf 0.000000 :max_validwordconf 0.000000 :startframes "" :endframes "" :init_timestamp 495872 :end_timestamp 496492 }  ) }

[19:41:10.036] Processing input...
[19:41:10.036] Received 19 bytes...
[19:41:10.036] Processing command: engine_cancel_utt 

[19:50:51.312] Processing input...
[19:50:51.313] Received 82 bytes...
[19:50:51.313] Processing command: engine_new_session ..\..\logs\LetsGoPublic\20061122\011\LetsGoPublic-20061122-011

[19:50:51.313] new session
INFO: \Projects\RoomLine-Blackmore\Agents\sphinx2\src\libsphinx2\fbs_main.c(1186): uttproc_set_logfile(..\..\logs\LetsGoPublic\20061122\011\LetsGoPublic-20061122-011-sphinx_male.log)
