[STD@19:40:03.343] Adding buffer 0 to pool
[STD@19:40:03.344] Adding buffer 1 to pool
[STD@19:40:03.344] Adding buffer 2 to pool
[STD@19:40:03.345] Adding buffer 3 to pool
[STD@19:40:03.346] Adding buffer 4 to pool
[STD@19:40:03.346] Adding buffer 5 to pool
[STD@19:40:03.347] Adding buffer 6 to pool
[STD@19:40:03.347] Adding buffer 7 to pool
[STD@19:40:03.347] Adding buffer 8 to pool
[STD@19:40:03.348] Adding buffer 9 to pool
[STD@19:40:03.348] Adding buffer 10 to pool
[STD@19:40:03.348] Adding buffer 11 to pool
[STD@19:40:03.348] Adding buffer 12 to pool
[STD@19:40:03.349] Adding buffer 13 to pool
[STD@19:40:03.349] Adding buffer 14 to pool
[STD@19:40:03.350] Adding buffer 15 to pool
[STD@19:40:03.350] Opening audio file ..\..\logs\LetsGoPublic\20061122\010\LetsGoPublic-20061122-010-input_and_output.raw for output
[STD@19:40:03.351] Starting device
[DBG@19:40:03.612] Saving buffer 0.
[DBG@19:40:03.613] Saved 4096 bytes from buffer to file.
[DBG@19:40:03.614] Added buffer back to pool.
[DBG@19:40:03.872] Saving buffer 1.
[DBG@19:40:03.872] Saved 4096 bytes from buffer to file.
[DBG@19:40:03.872] Added buffer back to pool.
[DBG@19:40:04.122] Saving buffer 2.
[DBG@19:40:04.122] Saved 4096 bytes from buffer to file.
[DBG@19:40:04.122] Added buffer back to pool.
[DBG@19:40:04.382] Saving buffer 3.
[DBG@19:40:04.382] Saved 4096 bytes from buffer to file.
[DBG@19:40:04.382] Added buffer back to pool.
[DBG@19:40:04.632] Saving buffer 4.
[DBG@19:40:04.632] Saved 4096 bytes from buffer to file.
[DBG@19:40:04.632] Added buffer back to pool.
[DBG@19:40:04.892] Saving buffer 5.
[DBG@19:40:04.893] Saved 4096 bytes from buffer to file.
[DBG@19:40:04.893] Added buffer back to pool.
[DBG@19:40:05.152] Saving buffer 6.
[DBG@19:40:05.152] Saved 4096 bytes from buffer to file.
[DBG@19:40:05.190] Added buffer back to pool.
[DBG@19:40:05.402] Saving buffer 7.
[DBG@19:40:05.402] Saved 4096 bytes from buffer to file.
[DBG@19:40:05.402] Added buffer back to pool.
[DBG@19:40:05.662] Saving buffer 8.
[DBG@19:40:05.662] Saved 4096 bytes from buffer to file.
[DBG@19:40:05.662] Added buffer back to pool.
[DBG@19:40:05.912] Saving buffer 9.
[DBG@19:40:05.912] Saved 4096 bytes from buffer to file.
[DBG@19:40:05.912] Added buffer back to pool.
[DBG@19:40:06.172] Saving buffer 10.
[DBG@19:40:06.172] Saved 4096 bytes from buffer to file.
[DBG@19:40:06.172] Added buffer back to pool.
[DBG@19:40:06.432] Saving buffer 11.
[DBG@19:40:06.432] Saved 4096 bytes from buffer to file.
[DBG@19:40:06.432] Added buffer back to pool.
[DBG@19:40:06.682] Saving buffer 12.
[DBG@19:40:06.682] Saved 4096 bytes from buffer to file.
[DBG@19:40:06.682] Added buffer back to pool.
[DBG@19:40:06.942] Saving buffer 13.
[DBG@19:40:06.942] Saved 4096 bytes from buffer to file.
[DBG@19:40:06.942] Added buffer back to pool.
[DBG@19:40:07.192] Saving buffer 14.
[DBG@19:40:07.192] Saved 4096 bytes from buffer to file.
[DBG@19:40:07.192] Added buffer back to pool.
[DBG@19:40:07.452] Saving buffer 15.
[DBG@19:40:07.452] Saved 4096 bytes from buffer to file.
[DBG@19:40:07.452] Added buffer back to pool.
[DBG@19:40:07.712] Saving buffer 0.
[DBG@19:40:07.713] Saved 4096 bytes from buffer to file.
[DBG@19:40:07.713] Added buffer back to pool.
[DBG@19:40:07.962] Saving buffer 1.
[DBG@19:40:07.962] Saved 4096 bytes from buffer to file.
[DBG@19:40:07.962] Added buffer back to pool.
[DBG@19:40:08.222] Saving buffer 2.
[DBG@19:40:08.222] Saved 4096 bytes from buffer to file.
[DBG@19:40:08.222] Added buffer back to pool.
[DBG@19:40:08.472] Saving buffer 3.
[DBG@19:40:08.472] Saved 4096 bytes from buffer to file.
[DBG@19:40:08.472] Added buffer back to pool.
[DBG@19:40:08.732] Saving buffer 4.
[DBG@19:40:08.732] Saved 4096 bytes from buffer to file.
[DBG@19:40:08.732] Added buffer back to pool.
[DBG@19:40:08.992] Saving buffer 5.
[DBG@19:40:08.992] Saved 4096 bytes from buffer to file.
[DBG@19:40:08.992] Added buffer back to pool.
[DBG@19:40:09.242] Saving buffer 6.
[DBG@19:40:09.242] Saved 4096 bytes from buffer to file.
[DBG@19:40:09.243] Added buffer back to pool.
[DBG@19:40:09.502] Saving buffer 7.
[DBG@19:40:09.502] Saved 4096 bytes from buffer to file.
[DBG@19:40:09.502] Added buffer back to pool.
[DBG@19:40:09.752] Saving buffer 8.
[DBG@19:40:09.752] Saved 4096 bytes from buffer to file.
[DBG@19:40:09.752] Added buffer back to pool.
[DBG@19:40:10.012] Saving buffer 9.
[DBG@19:40:10.012] Saved 4096 bytes from buffer to file.
[DBG@19:40:10.012] Added buffer back to pool.
[DBG@19:40:10.272] Saving buffer 10.
[DBG@19:40:10.272] Saved 4096 bytes from buffer to file.
[DBG@19:40:10.272] Added buffer back to pool.
[DBG@19:40:10.522] Saving buffer 11.
[DBG@19:40:10.522] Saved 4096 bytes from buffer to file.
[DBG@19:40:10.522] Added buffer back to pool.
[DBG@19:40:10.782] Saving buffer 12.
[DBG@19:40:10.782] Saved 4096 bytes from buffer to file.
[DBG@19:40:10.782] Added buffer back to pool.
[DBG@19:40:11.032] Saving buffer 13.
[DBG@19:40:11.032] Saved 4096 bytes from buffer to file.
[DBG@19:40:11.032] Added buffer back to pool.
[DBG@19:40:11.292] Saving buffer 14.
[DBG@19:40:11.292] Saved 4096 bytes from buffer to file.
[DBG@19:40:11.292] Added buffer back to pool.
[DBG@19:40:11.552] Saving buffer 15.
[DBG@19:40:11.552] Saved 4096 bytes from buffer to file.
[DBG@19:40:11.552] Added buffer back to pool.
[DBG@19:40:11.802] Saving buffer 0.
[DBG@19:40:11.803] Saved 4096 bytes from buffer to file.
[DBG@19:40:11.803] Added buffer back to pool.
[DBG@19:40:12.062] Saving buffer 1.
[DBG@19:40:12.062] Saved 4096 bytes from buffer to file.
[DBG@19:40:12.062] Added buffer back to pool.
[DBG@19:40:12.312] Saving buffer 2.
[DBG@19:40:12.312] Saved 4096 bytes from buffer to file.
[DBG@19:40:12.312] Added buffer back to pool.
[DBG@19:40:12.572] Saving buffer 3.
[DBG@19:40:12.572] Saved 4096 bytes from buffer to file.
[DBG@19:40:12.572] Added buffer back to pool.
[DBG@19:40:12.832] Saving buffer 4.
[DBG@19:40:12.832] Saved 4096 bytes from buffer to file.
[DBG@19:40:12.832] Added buffer back to pool.
[DBG@19:40:13.082] Saving buffer 5.
[DBG@19:40:13.082] Saved 4096 bytes from buffer to file.
[DBG@19:40:13.082] Added buffer back to pool.
[DBG@19:40:13.342] Saving buffer 6.
[DBG@19:40:13.342] Saved 4096 bytes from buffer to file.
[DBG@19:40:13.342] Added buffer back to pool.
[DBG@19:40:13.592] Saving buffer 7.
[DBG@19:40:13.592] Saved 4096 bytes from buffer to file.
[DBG@19:40:13.592] Added buffer back to pool.
[DBG@19:40:13.852] Saving buffer 8.
[DBG@19:40:13.852] Saved 4096 bytes from buffer to file.
[DBG@19:40:13.852] Added buffer back to pool.
[DBG@19:40:14.112] Saving buffer 9.
[DBG@19:40:14.112] Saved 4096 bytes from buffer to file.
[DBG@19:40:14.112] Added buffer back to pool.
[DBG@19:40:14.362] Saving buffer 10.
[DBG@19:40:14.362] Saved 4096 bytes from buffer to file.
[DBG@19:40:14.362] Added buffer back to pool.
[DBG@19:40:14.622] Saving buffer 11.
[DBG@19:40:14.622] Saved 4096 bytes from buffer to file.
[DBG@19:40:14.622] Added buffer back to pool.
[DBG@19:40:14.872] Saving buffer 12.
[DBG@19:40:14.872] Saved 4096 bytes from buffer to file.
[DBG@19:40:14.872] Added buffer back to pool.
[DBG@19:40:15.132] Saving buffer 13.
[DBG@19:40:15.132] Saved 4096 bytes from buffer to file.
[DBG@19:40:15.132] Added buffer back to pool.
[DBG@19:40:15.392] Saving buffer 14.
[DBG@19:40:15.392] Saved 4096 bytes from buffer to file.
[DBG@19:40:15.392] Added buffer back to pool.
[DBG@19:40:15.642] Saving buffer 15.
[DBG@19:40:15.642] Saved 4096 bytes from buffer to file.
[DBG@19:40:15.642] Added buffer back to pool.
[DBG@19:40:15.902] Saving buffer 0.
[DBG@19:40:15.902] Saved 4096 bytes from buffer to file.
[DBG@19:40:15.903] Added buffer back to pool.
[DBG@19:40:16.152] Saving buffer 1.
[DBG@19:40:16.152] Saved 4096 bytes from buffer to file.
[DBG@19:40:16.159] Added buffer back to pool.
[DBG@19:40:16.412] Saving buffer 2.
[DBG@19:40:16.412] Saved 4096 bytes from buffer to file.
[DBG@19:40:16.412] Added buffer back to pool.
[DBG@19:40:16.672] Saving buffer 3.
[DBG@19:40:16.672] Saved 4096 bytes from buffer to file.
[DBG@19:40:16.672] Added buffer back to pool.
[DBG@19:40:16.922] Saving buffer 4.
[DBG@19:40:16.922] Saved 4096 bytes from buffer to file.
[DBG@19:40:16.922] Added buffer back to pool.
[DBG@19:40:17.182] Saving buffer 5.
[DBG@19:40:17.182] Saved 4096 bytes from buffer to file.
[DBG@19:40:17.182] Added buffer back to pool.
[DBG@19:40:17.432] Saving buffer 6.
[DBG@19:40:17.432] Saved 4096 bytes from buffer to file.
[DBG@19:40:17.432] Added buffer back to pool.
[DBG@19:40:17.692] Saving buffer 7.
[DBG@19:40:17.692] Saved 4096 bytes from buffer to file.
[DBG@19:40:17.692] Added buffer back to pool.
[DBG@19:40:17.952] Saving buffer 8.
[DBG@19:40:17.952] Saved 4096 bytes from buffer to file.
[DBG@19:40:17.952] Added buffer back to pool.
[DBG@19:40:18.201] Saving buffer 9.
[DBG@19:40:18.202] Saved 4096 bytes from buffer to file.
[DBG@19:40:18.202] Added buffer back to pool.
[DBG@19:40:18.461] Saving buffer 10.
[DBG@19:40:18.462] Saved 4096 bytes from buffer to file.
[DBG@19:40:18.462] Added buffer back to pool.
[DBG@19:40:18.711] Saving buffer 11.
[DBG@19:40:18.712] Saved 4096 bytes from buffer to file.
[DBG@19:40:18.712] Added buffer back to pool.
[DBG@19:40:18.971] Saving buffer 12.
[DBG@19:40:18.972] Saved 4096 bytes from buffer to file.
[DBG@19:40:18.972] Added buffer back to pool.
[DBG@19:40:19.231] Saving buffer 13.
[DBG@19:40:19.232] Saved 4096 bytes from buffer to file.
[DBG@19:40:19.232] Added buffer back to pool.
[DBG@19:40:19.481] Saving buffer 14.
[DBG@19:40:19.482] Saved 4096 bytes from buffer to file.
[DBG@19:40:19.482] Added buffer back to pool.
[DBG@19:40:19.741] Saving buffer 15.
[DBG@19:40:19.742] Saved 4096 bytes from buffer to file.
[DBG@19:40:19.742] Added buffer back to pool.
[DBG@19:40:19.991] Saving buffer 0.
[DBG@19:40:19.992] Saved 4096 bytes from buffer to file.
[DBG@19:40:19.992] Added buffer back to pool.
[DBG@19:40:20.251] Saving buffer 1.
[DBG@19:40:20.252] Saved 4096 bytes from buffer to file.
[DBG@19:40:20.252] Added buffer back to pool.
[DBG@19:40:20.511] Saving buffer 2.
[DBG@19:40:20.512] Saved 4096 bytes from buffer to file.
[DBG@19:40:20.512] Added buffer back to pool.
[DBG@19:40:20.761] Saving buffer 3.
[DBG@19:40:20.762] Saved 4096 bytes from buffer to file.
[DBG@19:40:20.762] Added buffer back to pool.
[DBG@19:40:21.021] Saving buffer 4.
[DBG@19:40:21.022] Saved 4096 bytes from buffer to file.
[DBG@19:40:21.022] Added buffer back to pool.
[DBG@19:40:21.271] Saving buffer 5.
[DBG@19:40:21.271] Saved 4096 bytes from buffer to file.
[DBG@19:40:21.272] Added buffer back to pool.
[DBG@19:40:21.531] Saving buffer 6.
[DBG@19:40:21.531] Saved 4096 bytes from buffer to file.
[DBG@19:40:21.532] Added buffer back to pool.
[DBG@19:40:21.791] Saving buffer 7.
[DBG@19:40:21.791] Saved 4096 bytes from buffer to file.
[DBG@19:40:21.792] Added buffer back to pool.
[DBG@19:40:22.041] Saving buffer 8.
[DBG@19:40:22.041] Saved 4096 bytes from buffer to file.
[DBG@19:40:22.042] Added buffer back to pool.
[DBG@19:40:22.301] Saving buffer 9.
[DBG@19:40:22.302] Saved 4096 bytes from buffer to file.
[DBG@19:40:22.302] Added buffer back to pool.
[DBG@19:40:22.551] Saving buffer 10.
[DBG@19:40:22.552] Saved 4096 bytes from buffer to file.
[DBG@19:40:22.552] Added buffer back to pool.
[DBG@19:40:22.811] Saving buffer 11.
[DBG@19:40:22.812] Saved 4096 bytes from buffer to file.
[DBG@19:40:22.812] Added buffer back to pool.
[DBG@19:40:23.071] Saving buffer 12.
[DBG@19:40:23.071] Saved 4096 bytes from buffer to file.
[DBG@19:40:23.072] Added buffer back to pool.
[DBG@19:40:23.321] Saving buffer 13.
[DBG@19:40:23.321] Saved 4096 bytes from buffer to file.
[DBG@19:40:23.322] Added buffer back to pool.
[DBG@19:40:23.581] Saving buffer 14.
[DBG@19:40:23.581] Saved 4096 bytes from buffer to file.
[DBG@19:40:23.582] Added buffer back to pool.
[DBG@19:40:23.831] Saving buffer 15.
[DBG@19:40:23.831] Saved 4096 bytes from buffer to file.
[DBG@19:40:23.832] Added buffer back to pool.
[DBG@19:40:24.091] Saving buffer 0.
[DBG@19:40:24.092] Saved 4096 bytes from buffer to file.
[DBG@19:40:24.092] Added buffer back to pool.
[DBG@19:40:24.351] Saving buffer 1.
[DBG@19:40:24.351] Saved 4096 bytes from buffer to file.
[DBG@19:40:24.351] Added buffer back to pool.
[DBG@19:40:24.601] Saving buffer 2.
[DBG@19:40:24.601] Saved 4096 bytes from buffer to file.
[DBG@19:40:24.601] Added buffer back to pool.
[DBG@19:40:24.861] Saving buffer 3.
[DBG@19:40:24.861] Saved 4096 bytes from buffer to file.
[DBG@19:40:24.862] Added buffer back to pool.
[DBG@19:40:25.111] Saving buffer 4.
[DBG@19:40:25.111] Saved 4096 bytes from buffer to file.
[DBG@19:40:25.112] Added buffer back to pool.
[DBG@19:40:25.371] Saving buffer 5.
[DBG@19:40:25.371] Saved 4096 bytes from buffer to file.
[DBG@19:40:25.371] Added buffer back to pool.
[DBG@19:40:25.631] Saving buffer 6.
[DBG@19:40:25.631] Saved 4096 bytes from buffer to file.
[DBG@19:40:25.631] Added buffer back to pool.
[DBG@19:40:25.881] Saving buffer 7.
[DBG@19:40:25.881] Saved 4096 bytes from buffer to file.
[DBG@19:40:25.881] Added buffer back to pool.
[DBG@19:40:26.141] Saving buffer 8.
[DBG@19:40:26.141] Saved 4096 bytes from buffer to file.
[DBG@19:40:26.141] Added buffer back to pool.
[DBG@19:40:26.391] Saving buffer 9.
[DBG@19:40:26.391] Saved 4096 bytes from buffer to file.
[DBG@19:40:26.391] Added buffer back to pool.
[DBG@19:40:26.651] Saving buffer 10.
[DBG@19:40:26.651] Saved 4096 bytes from buffer to file.
[DBG@19:40:26.652] Added buffer back to pool.
[DBG@19:40:26.911] Saving buffer 11.
[DBG@19:40:26.911] Saved 4096 bytes from buffer to file.
[DBG@19:40:26.912] Added buffer back to pool.
[DBG@19:40:27.161] Saving buffer 12.
[DBG@19:40:27.161] Saved 4096 bytes from buffer to file.
[DBG@19:40:27.161] Added buffer back to pool.
[DBG@19:40:27.421] Saving buffer 13.
[DBG@19:40:27.421] Saved 4096 bytes from buffer to file.
[DBG@19:40:27.421] Added buffer back to pool.
[DBG@19:40:27.671] Saving buffer 14.
[DBG@19:40:27.671] Saved 4096 bytes from buffer to file.
[DBG@19:40:27.672] Added buffer back to pool.
[DBG@19:40:27.931] Saving buffer 15.
[DBG@19:40:27.931] Saved 4096 bytes from buffer to file.
[DBG@19:40:27.932] Added buffer back to pool.
[DBG@19:40:28.191] Saving buffer 0.
[DBG@19:40:28.193] Saved 4096 bytes from buffer to file.
[DBG@19:40:28.193] Added buffer back to pool.
[DBG@19:40:28.441] Saving buffer 1.
[DBG@19:40:28.441] Saved 4096 bytes from buffer to file.
[DBG@19:40:28.441] Added buffer back to pool.
[DBG@19:40:28.701] Saving buffer 2.
[DBG@19:40:28.701] Saved 4096 bytes from buffer to file.
[DBG@19:40:28.701] Added buffer back to pool.
[DBG@19:40:28.951] Saving buffer 3.
[DBG@19:40:28.951] Saved 4096 bytes from buffer to file.
[DBG@19:40:28.951] Added buffer back to pool.
[DBG@19:40:29.211] Saving buffer 4.
[DBG@19:40:29.211] Saved 4096 bytes from buffer to file.
[DBG@19:40:29.211] Added buffer back to pool.
[DBG@19:40:29.471] Saving buffer 5.
[DBG@19:40:29.471] Saved 4096 bytes from buffer to file.
[DBG@19:40:29.471] Added buffer back to pool.
[DBG@19:40:29.721] Saving buffer 6.
[DBG@19:40:29.721] Saved 4096 bytes from buffer to file.
[DBG@19:40:29.721] Added buffer back to pool.
[DBG@19:40:29.981] Saving buffer 7.
[DBG@19:40:29.981] Saved 4096 bytes from buffer to file.
[DBG@19:40:29.981] Added buffer back to pool.
[DBG@19:40:30.231] Saving buffer 8.
[DBG@19:40:30.231] Saved 4096 bytes from buffer to file.
[DBG@19:40:30.231] Added buffer back to pool.
[DBG@19:40:30.491] Saving buffer 9.
[DBG@19:40:30.491] Saved 4096 bytes from buffer to file.
[DBG@19:40:30.491] Added buffer back to pool.
[DBG@19:40:30.751] Saving buffer 10.
[DBG@19:40:30.751] Saved 4096 bytes from buffer to file.
[DBG@19:40:30.751] Added buffer back to pool.
[DBG@19:40:31.001] Saving buffer 11.
[DBG@19:40:31.001] Saved 4096 bytes from buffer to file.
[DBG@19:40:31.001] Added buffer back to pool.
[DBG@19:40:31.261] Saving buffer 12.
[DBG@19:40:31.261] Saved 4096 bytes from buffer to file.
[DBG@19:40:31.261] Added buffer back to pool.
[DBG@19:40:31.511] Saving buffer 13.
[DBG@19:40:31.511] Saved 4096 bytes from buffer to file.
[DBG@19:40:31.511] Added buffer back to pool.
[DBG@19:40:31.771] Saving buffer 14.
[DBG@19:40:31.771] Saved 4096 bytes from buffer to file.
[DBG@19:40:31.771] Added buffer back to pool.
[DBG@19:40:32.031] Saving buffer 15.
[DBG@19:40:32.031] Saved 4096 bytes from buffer to file.
[DBG@19:40:32.031] Added buffer back to pool.
[DBG@19:40:32.281] Saving buffer 0.
[DBG@19:40:32.282] Saved 4096 bytes from buffer to file.
[DBG@19:40:32.282] Added buffer back to pool.
[DBG@19:40:32.541] Saving buffer 1.
[DBG@19:40:32.541] Saved 4096 bytes from buffer to file.
[DBG@19:40:32.542] Added buffer back to pool.
[DBG@19:40:32.791] Saving buffer 2.
[DBG@19:40:32.791] Saved 4096 bytes from buffer to file.
[DBG@19:40:32.791] Added buffer back to pool.
[DBG@19:40:33.051] Saving buffer 3.
[DBG@19:40:33.051] Saved 4096 bytes from buffer to file.
[DBG@19:40:33.051] Added buffer back to pool.
[DBG@19:40:33.311] Saving buffer 4.
[DBG@19:40:33.311] Saved 4096 bytes from buffer to file.
[DBG@19:40:33.311] Added buffer back to pool.
[DBG@19:40:33.561] Saving buffer 5.
[DBG@19:40:33.561] Saved 4096 bytes from buffer to file.
[DBG@19:40:33.561] Added buffer back to pool.
[DBG@19:40:33.821] Saving buffer 6.
[DBG@19:40:33.821] Saved 4096 bytes from buffer to file.
[DBG@19:40:33.822] Added buffer back to pool.
[DBG@19:40:34.071] Saving buffer 7.
[DBG@19:40:34.071] Saved 4096 bytes from buffer to file.
[DBG@19:40:34.071] Added buffer back to pool.
[DBG@19:40:34.331] Saving buffer 8.
[DBG@19:40:34.331] Saved 4096 bytes from buffer to file.
[DBG@19:40:34.331] Added buffer back to pool.
[DBG@19:40:34.591] Saving buffer 9.
[DBG@19:40:34.591] Saved 4096 bytes from buffer to file.
[DBG@19:40:34.591] Added buffer back to pool.
[DBG@19:40:34.841] Saving buffer 10.
[DBG@19:40:34.841] Saved 4096 bytes from buffer to file.
[DBG@19:40:34.841] Added buffer back to pool.
[DBG@19:40:35.101] Saving buffer 11.
[DBG@19:40:35.101] Saved 4096 bytes from buffer to file.
[DBG@19:40:35.101] Added buffer back to pool.
[DBG@19:40:35.351] Saving buffer 12.
[DBG@19:40:35.351] Saved 4096 bytes from buffer to file.
[DBG@19:40:35.351] Added buffer back to pool.
[DBG@19:40:35.611] Saving buffer 13.
[DBG@19:40:35.611] Saved 4096 bytes from buffer to file.
[DBG@19:40:35.611] Added buffer back to pool.
[DBG@19:40:35.871] Saving buffer 14.
[DBG@19:40:35.871] Saved 4096 bytes from buffer to file.
[DBG@19:40:35.871] Added buffer back to pool.
[DBG@19:40:36.121] Saving buffer 15.
[DBG@19:40:36.121] Saved 4096 bytes from buffer to file.
[DBG@19:40:36.121] Added buffer back to pool.
[DBG@19:40:36.381] Saving buffer 0.
[DBG@19:40:36.382] Saved 4096 bytes from buffer to file.
[DBG@19:40:36.382] Added buffer back to pool.
[DBG@19:40:36.631] Saving buffer 1.
[DBG@19:40:36.631] Saved 4096 bytes from buffer to file.
[DBG@19:40:36.631] Added buffer back to pool.
[DBG@19:40:36.891] Saving buffer 2.
[DBG@19:40:36.891] Saved 4096 bytes from buffer to file.
[DBG@19:40:36.891] Added buffer back to pool.
[DBG@19:40:37.151] Saving buffer 3.
[DBG@19:40:37.151] Saved 4096 bytes from buffer to file.
[DBG@19:40:37.151] Added buffer back to pool.
[DBG@19:40:37.401] Saving buffer 4.
[DBG@19:40:37.401] Saved 4096 bytes from buffer to file.
[DBG@19:40:37.401] Added buffer back to pool.
[DBG@19:40:37.661] Saving buffer 5.
[DBG@19:40:37.661] Saved 4096 bytes from buffer to file.
[DBG@19:40:37.661] Added buffer back to pool.
[DBG@19:40:37.911] Saving buffer 6.
[DBG@19:40:37.911] Saved 4096 bytes from buffer to file.
[DBG@19:40:37.911] Added buffer back to pool.
[DBG@19:40:38.171] Saving buffer 7.
[DBG@19:40:38.171] Saved 4096 bytes from buffer to file.
[DBG@19:40:38.171] Added buffer back to pool.
[DBG@19:40:38.431] Saving buffer 8.
[DBG@19:40:38.431] Saved 4096 bytes from buffer to file.
[DBG@19:40:38.431] Added buffer back to pool.
[DBG@19:40:38.681] Saving buffer 9.
[DBG@19:40:38.681] Saved 4096 bytes from buffer to file.
[DBG@19:40:38.681] Added buffer back to pool.
[DBG@19:40:38.941] Saving buffer 10.
[DBG@19:40:38.941] Saved 4096 bytes from buffer to file.
[DBG@19:40:38.941] Added buffer back to pool.
[DBG@19:40:39.191] Saving buffer 11.
[DBG@19:40:39.191] Saved 4096 bytes from buffer to file.
[DBG@19:40:39.191] Added buffer back to pool.
[DBG@19:40:39.451] Saving buffer 12.
[DBG@19:40:39.451] Saved 4096 bytes from buffer to file.
[DBG@19:40:39.451] Added buffer back to pool.
[DBG@19:40:39.711] Saving buffer 13.
[DBG@19:40:39.711] Saved 4096 bytes from buffer to file.
[DBG@19:40:39.711] Added buffer back to pool.
[DBG@19:40:39.961] Saving buffer 14.
[DBG@19:40:39.961] Saved 4096 bytes from buffer to file.
[DBG@19:40:39.961] Added buffer back to pool.
[DBG@19:40:40.221] Saving buffer 15.
[DBG@19:40:40.221] Saved 4096 bytes from buffer to file.
[DBG@19:40:40.221] Added buffer back to pool.
[DBG@19:40:40.471] Saving buffer 0.
[DBG@19:40:40.471] Saved 4096 bytes from buffer to file.
[DBG@19:40:40.471] Added buffer back to pool.
[DBG@19:40:40.731] Saving buffer 1.
[DBG@19:40:40.731] Saved 4096 bytes from buffer to file.
[DBG@19:40:40.731] Added buffer back to pool.
[DBG@19:40:40.991] Saving buffer 2.
[DBG@19:40:40.991] Saved 4096 bytes from buffer to file.
[DBG@19:40:40.991] Added buffer back to pool.
[DBG@19:40:41.241] Saving buffer 3.
[DBG@19:40:41.241] Saved 4096 bytes from buffer to file.
[DBG@19:40:41.241] Added buffer back to pool.
[DBG@19:40:41.501] Saving buffer 4.
[DBG@19:40:41.501] Saved 4096 bytes from buffer to file.
[DBG@19:40:41.501] Added buffer back to pool.
[DBG@19:40:41.751] Saving buffer 5.
[DBG@19:40:41.751] Saved 4096 bytes from buffer to file.
[DBG@19:40:41.751] Added buffer back to pool.
[DBG@19:40:42.011] Saving buffer 6.
[DBG@19:40:42.011] Saved 4096 bytes from buffer to file.
[DBG@19:40:42.011] Added buffer back to pool.
[DBG@19:40:42.271] Saving buffer 7.
[DBG@19:40:42.271] Saved 4096 bytes from buffer to file.
[DBG@19:40:42.271] Added buffer back to pool.
[DBG@19:40:42.521] Saving buffer 8.
[DBG@19:40:42.521] Saved 4096 bytes from buffer to file.
[DBG@19:40:42.521] Added buffer back to pool.
[DBG@19:40:42.781] Saving buffer 9.
[DBG@19:40:42.781] Saved 4096 bytes from buffer to file.
[DBG@19:40:42.781] Added buffer back to pool.
[DBG@19:40:43.030] Saving buffer 10.
[DBG@19:40:43.031] Saved 4096 bytes from buffer to file.
[DBG@19:40:43.031] Added buffer back to pool.
[DBG@19:40:43.290] Saving buffer 11.
[DBG@19:40:43.291] Saved 4096 bytes from buffer to file.
[DBG@19:40:43.291] Added buffer back to pool.
[DBG@19:40:43.550] Saving buffer 12.
[DBG@19:40:43.551] Saved 4096 bytes from buffer to file.
[DBG@19:40:43.551] Added buffer back to pool.
[DBG@19:40:43.801] Saving buffer 13.
[DBG@19:40:43.801] Saved 4096 bytes from buffer to file.
[DBG@19:40:43.801] Added buffer back to pool.
[DBG@19:40:44.061] Saving buffer 14.
[DBG@19:40:44.061] Saved 4096 bytes from buffer to file.
[DBG@19:40:44.061] Added buffer back to pool.
[DBG@19:40:44.310] Saving buffer 15.
[DBG@19:40:44.311] Saved 4096 bytes from buffer to file.
[DBG@19:40:44.311] Added buffer back to pool.
[DBG@19:40:44.570] Saving buffer 0.
[DBG@19:40:44.571] Saved 4096 bytes from buffer to file.
[DBG@19:40:44.571] Added buffer back to pool.
[DBG@19:40:44.830] Saving buffer 1.
[DBG@19:40:44.831] Saved 4096 bytes from buffer to file.
[DBG@19:40:44.831] Added buffer back to pool.
[DBG@19:40:45.080] Saving buffer 2.
[DBG@19:40:45.081] Saved 4096 bytes from buffer to file.
[DBG@19:40:45.081] Added buffer back to pool.
[DBG@19:40:45.341] Saving buffer 3.
[DBG@19:40:45.341] Saved 4096 bytes from buffer to file.
[DBG@19:40:45.341] Added buffer back to pool.
[DBG@19:40:45.590] Saving buffer 4.
[DBG@19:40:45.590] Saved 4096 bytes from buffer to file.
[DBG@19:40:45.591] Added buffer back to pool.
[DBG@19:40:45.850] Saving buffer 5.
[DBG@19:40:45.850] Saved 4096 bytes from buffer to file.
[DBG@19:40:45.851] Added buffer back to pool.
[DBG@19:40:46.110] Saving buffer 6.
[DBG@19:40:46.111] Saved 4096 bytes from buffer to file.
[DBG@19:40:46.111] Added buffer back to pool.
[DBG@19:40:46.360] Saving buffer 7.
[DBG@19:40:46.361] Saved 4096 bytes from buffer to file.
[DBG@19:40:46.361] Added buffer back to pool.
[DBG@19:40:46.620] Saving buffer 8.
[DBG@19:40:46.620] Saved 4096 bytes from buffer to file.
[DBG@19:40:46.621] Added buffer back to pool.
[DBG@19:40:46.870] Saving buffer 9.
[DBG@19:40:46.871] Saved 4096 bytes from buffer to file.
[DBG@19:40:46.880] Added buffer back to pool.
[DBG@19:40:47.130] Saving buffer 10.
[DBG@19:40:47.131] Saved 4096 bytes from buffer to file.
[DBG@19:40:47.131] Added buffer back to pool.
[DBG@19:40:47.390] Saving buffer 11.
[DBG@19:40:47.391] Saved 4096 bytes from buffer to file.
[DBG@19:40:47.391] Added buffer back to pool.
[DBG@19:40:47.640] Saving buffer 12.
[DBG@19:40:47.640] Saved 4096 bytes from buffer to file.
[DBG@19:40:47.641] Added buffer back to pool.
[DBG@19:40:47.900] Saving buffer 13.
[DBG@19:40:47.900] Saved 4096 bytes from buffer to file.
[DBG@19:40:47.901] Added buffer back to pool.
[DBG@19:40:48.150] Saving buffer 14.
[DBG@19:40:48.150] Saved 4096 bytes from buffer to file.
[DBG@19:40:48.150] Added buffer back to pool.
[DBG@19:40:48.410] Saving buffer 15.
[DBG@19:40:48.410] Saved 4096 bytes from buffer to file.
[DBG@19:40:48.411] Added buffer back to pool.
[DBG@19:40:48.670] Saving buffer 0.
[DBG@19:40:48.671] Saved 4096 bytes from buffer to file.
[DBG@19:40:48.671] Added buffer back to pool.
[DBG@19:40:48.920] Saving buffer 1.
[DBG@19:40:48.920] Saved 4096 bytes from buffer to file.
[DBG@19:40:48.920] Added buffer back to pool.
[DBG@19:40:49.180] Saving buffer 2.
[DBG@19:40:49.180] Saved 4096 bytes from buffer to file.
[DBG@19:40:49.180] Added buffer back to pool.
[DBG@19:40:49.430] Saving buffer 3.
[DBG@19:40:49.430] Saved 4096 bytes from buffer to file.
[DBG@19:40:49.430] Added buffer back to pool.
[DBG@19:40:49.690] Saving buffer 4.
[DBG@19:40:49.690] Saved 4096 bytes from buffer to file.
[DBG@19:40:49.690] Added buffer back to pool.
[DBG@19:40:49.950] Saving buffer 5.
[DBG@19:40:49.950] Saved 4096 bytes from buffer to file.
[DBG@19:40:49.950] Added buffer back to pool.
[DBG@19:40:50.200] Saving buffer 6.
[DBG@19:40:50.200] Saved 4096 bytes from buffer to file.
[DBG@19:40:50.200] Added buffer back to pool.
[DBG@19:40:50.460] Saving buffer 7.
[DBG@19:40:50.460] Saved 4096 bytes from buffer to file.
[DBG@19:40:50.460] Added buffer back to pool.
[DBG@19:40:50.710] Saving buffer 8.
[DBG@19:40:50.710] Saved 4096 bytes from buffer to file.
[DBG@19:40:50.710] Added buffer back to pool.
[DBG@19:40:50.970] Saving buffer 9.
[DBG@19:40:50.970] Saved 4096 bytes from buffer to file.
[DBG@19:40:50.971] Added buffer back to pool.
[DBG@19:40:51.230] Saving buffer 10.
[DBG@19:40:51.230] Saved 4096 bytes from buffer to file.
[DBG@19:40:51.230] Added buffer back to pool.
[DBG@19:40:51.480] Saving buffer 11.
[DBG@19:40:51.480] Saved 4096 bytes from buffer to file.
[DBG@19:40:51.480] Added buffer back to pool.
[DBG@19:40:51.740] Saving buffer 12.
[DBG@19:40:51.740] Saved 4096 bytes from buffer to file.
[DBG@19:40:51.740] Added buffer back to pool.
[DBG@19:40:51.990] Saving buffer 13.
[DBG@19:40:51.990] Saved 4096 bytes from buffer to file.
[DBG@19:40:51.990] Added buffer back to pool.
[DBG@19:40:52.250] Saving buffer 14.
[DBG@19:40:52.250] Saved 4096 bytes from buffer to file.
[DBG@19:40:52.250] Added buffer back to pool.
[DBG@19:40:52.510] Saving buffer 15.
[DBG@19:40:52.510] Saved 4096 bytes from buffer to file.
[DBG@19:40:52.510] Added buffer back to pool.
[DBG@19:40:52.760] Saving buffer 0.
[DBG@19:40:52.761] Saved 4096 bytes from buffer to file.
[DBG@19:40:52.761] Added buffer back to pool.
[DBG@19:40:53.020] Saving buffer 1.
[DBG@19:40:53.020] Saved 4096 bytes from buffer to file.
[DBG@19:40:53.020] Added buffer back to pool.
[DBG@19:40:53.270] Saving buffer 2.
[DBG@19:40:53.270] Saved 4096 bytes from buffer to file.
[DBG@19:40:53.270] Added buffer back to pool.
[DBG@19:40:53.530] Saving buffer 3.
[DBG@19:40:53.530] Saved 4096 bytes from buffer to file.
[DBG@19:40:53.530] Added buffer back to pool.
[DBG@19:40:53.790] Saving buffer 4.
[DBG@19:40:53.790] Saved 4096 bytes from buffer to file.
[DBG@19:40:53.790] Added buffer back to pool.
[DBG@19:40:54.040] Saving buffer 5.
[DBG@19:40:54.040] Saved 4096 bytes from buffer to file.
[DBG@19:40:54.040] Added buffer back to pool.
[DBG@19:40:54.300] Saving buffer 6.
[DBG@19:40:54.300] Saved 4096 bytes from buffer to file.
[DBG@19:40:54.300] Added buffer back to pool.
[DBG@19:40:54.550] Saving buffer 7.
[DBG@19:40:54.550] Saved 4096 bytes from buffer to file.
[DBG@19:40:54.550] Added buffer back to pool.
[DBG@19:40:54.810] Saving buffer 8.
[DBG@19:40:54.810] Saved 4096 bytes from buffer to file.
[DBG@19:40:54.810] Added buffer back to pool.
[DBG@19:40:55.070] Saving buffer 9.
[DBG@19:40:55.070] Saved 4096 bytes from buffer to file.
[DBG@19:40:55.070] Added buffer back to pool.
[DBG@19:40:55.320] Saving buffer 10.
[DBG@19:40:55.320] Saved 4096 bytes from buffer to file.
[DBG@19:40:55.320] Added buffer back to pool.
[DBG@19:40:55.580] Saving buffer 11.
[DBG@19:40:55.580] Saved 4096 bytes from buffer to file.
[DBG@19:40:55.580] Added buffer back to pool.
[DBG@19:40:55.830] Saving buffer 12.
[DBG@19:40:55.830] Saved 4096 bytes from buffer to file.
[DBG@19:40:55.830] Added buffer back to pool.
[DBG@19:40:56.090] Saving buffer 13.
[DBG@19:40:56.090] Saved 4096 bytes from buffer to file.
[DBG@19:40:56.090] Added buffer back to pool.
[DBG@19:40:56.350] Saving buffer 14.
[DBG@19:40:56.350] Saved 4096 bytes from buffer to file.
[DBG@19:40:56.350] Added buffer back to pool.
[DBG@19:40:56.600] Saving buffer 15.
[DBG@19:40:56.600] Saved 4096 bytes from buffer to file.
[DBG@19:40:56.600] Added buffer back to pool.
[DBG@19:40:56.860] Saving buffer 0.
[DBG@19:40:56.861] Saved 4096 bytes from buffer to file.
[DBG@19:40:56.861] Added buffer back to pool.
[DBG@19:40:57.110] Saving buffer 1.
[DBG@19:40:57.110] Saved 4096 bytes from buffer to file.
[DBG@19:40:57.110] Added buffer back to pool.
[DBG@19:40:57.370] Saving buffer 2.
[DBG@19:40:57.370] Saved 4096 bytes from buffer to file.
[DBG@19:40:57.370] Added buffer back to pool.
[DBG@19:40:57.630] Saving buffer 3.
[DBG@19:40:57.630] Saved 4096 bytes from buffer to file.
[DBG@19:40:57.630] Added buffer back to pool.
[DBG@19:40:57.880] Saving buffer 4.
[DBG@19:40:57.880] Saved 4096 bytes from buffer to file.
[DBG@19:40:57.880] Added buffer back to pool.
[DBG@19:40:58.140] Saving buffer 5.
[DBG@19:40:58.140] Saved 4096 bytes from buffer to file.
[DBG@19:40:58.140] Added buffer back to pool.
[DBG@19:40:58.390] Saving buffer 6.
[DBG@19:40:58.390] Saved 4096 bytes from buffer to file.
[DBG@19:40:58.390] Added buffer back to pool.
[DBG@19:40:58.650] Saving buffer 7.
[DBG@19:40:58.650] Saved 4096 bytes from buffer to file.
[DBG@19:40:58.650] Added buffer back to pool.
[DBG@19:40:58.910] Saving buffer 8.
[DBG@19:40:58.910] Saved 4096 bytes from buffer to file.
[DBG@19:40:58.910] Added buffer back to pool.
[DBG@19:40:59.160] Saving buffer 9.
[DBG@19:40:59.160] Saved 4096 bytes from buffer to file.
[DBG@19:40:59.160] Added buffer back to pool.
[DBG@19:40:59.420] Saving buffer 10.
[DBG@19:40:59.420] Saved 4096 bytes from buffer to file.
[DBG@19:40:59.420] Added buffer back to pool.
[DBG@19:40:59.670] Saving buffer 11.
[DBG@19:40:59.670] Saved 4096 bytes from buffer to file.
[DBG@19:40:59.670] Added buffer back to pool.
[DBG@19:40:59.930] Saving buffer 12.
[DBG@19:40:59.930] Saved 4096 bytes from buffer to file.
[DBG@19:40:59.930] Added buffer back to pool.
[DBG@19:41:00.190] Saving buffer 13.
[DBG@19:41:00.190] Saved 4096 bytes from buffer to file.
[DBG@19:41:00.190] Added buffer back to pool.
[DBG@19:41:00.440] Saving buffer 14.
[DBG@19:41:00.440] Saved 4096 bytes from buffer to file.
[DBG@19:41:00.440] Added buffer back to pool.
[DBG@19:41:00.700] Saving buffer 15.
[DBG@19:41:00.700] Saved 4096 bytes from buffer to file.
[DBG@19:41:00.700] Added buffer back to pool.
[DBG@19:41:00.950] Saving buffer 0.
[DBG@19:41:00.950] Saved 4096 bytes from buffer to file.
[DBG@19:41:00.950] Added buffer back to pool.
[DBG@19:41:01.210] Saving buffer 1.
[DBG@19:41:01.210] Saved 4096 bytes from buffer to file.
[DBG@19:41:01.210] Added buffer back to pool.
[DBG@19:41:01.470] Saving buffer 2.
[DBG@19:41:01.470] Saved 4096 bytes from buffer to file.
[DBG@19:41:01.470] Added buffer back to pool.
[DBG@19:41:01.720] Saving buffer 3.
[DBG@19:41:01.720] Saved 4096 bytes from buffer to file.
[DBG@19:41:01.720] Added buffer back to pool.
[DBG@19:41:01.980] Saving buffer 4.
[DBG@19:41:01.980] Saved 4096 bytes from buffer to file.
[DBG@19:41:01.980] Added buffer back to pool.
[DBG@19:41:02.230] Saving buffer 5.
[DBG@19:41:02.230] Saved 4096 bytes from buffer to file.
[DBG@19:41:02.230] Added buffer back to pool.
[DBG@19:41:02.490] Saving buffer 6.
[DBG@19:41:02.490] Saved 4096 bytes from buffer to file.
[DBG@19:41:02.490] Added buffer back to pool.
[DBG@19:41:02.750] Saving buffer 7.
[DBG@19:41:02.750] Saved 4096 bytes from buffer to file.
[DBG@19:41:02.750] Added buffer back to pool.
[DBG@19:41:03.000] Saving buffer 8.
[DBG@19:41:03.000] Saved 4096 bytes from buffer to file.
[DBG@19:41:03.000] Added buffer back to pool.
[DBG@19:41:03.260] Saving buffer 9.
[DBG@19:41:03.260] Saved 4096 bytes from buffer to file.
[DBG@19:41:03.260] Added buffer back to pool.
[DBG@19:41:03.510] Saving buffer 10.
[DBG@19:41:03.510] Saved 4096 bytes from buffer to file.
[DBG@19:41:03.510] Added buffer back to pool.
[DBG@19:41:03.770] Saving buffer 11.
[DBG@19:41:03.770] Saved 4096 bytes from buffer to file.
[DBG@19:41:03.770] Added buffer back to pool.
[DBG@19:41:04.030] Saving buffer 12.
[DBG@19:41:04.030] Saved 4096 bytes from buffer to file.
[DBG@19:41:04.030] Added buffer back to pool.
[DBG@19:41:04.280] Saving buffer 13.
[DBG@19:41:04.280] Saved 4096 bytes from buffer to file.
[DBG@19:41:04.280] Added buffer back to pool.
[DBG@19:41:04.540] Saving buffer 14.
[DBG@19:41:04.540] Saved 4096 bytes from buffer to file.
[DBG@19:41:04.540] Added buffer back to pool.
[DBG@19:41:04.790] Saving buffer 15.
[DBG@19:41:04.790] Saved 4096 bytes from buffer to file.
[DBG@19:41:04.790] Added buffer back to pool.
[DBG@19:41:05.050] Saving buffer 0.
[DBG@19:41:05.050] Saved 4096 bytes from buffer to file.
[DBG@19:41:05.050] Added buffer back to pool.
[DBG@19:41:05.310] Saving buffer 1.
[DBG@19:41:05.310] Saved 4096 bytes from buffer to file.
[DBG@19:41:05.310] Added buffer back to pool.
[DBG@19:41:05.560] Saving buffer 2.
[DBG@19:41:05.560] Saved 4096 bytes from buffer to file.
[DBG@19:41:05.560] Added buffer back to pool.
[DBG@19:41:05.820] Saving buffer 3.
[DBG@19:41:05.820] Saved 4096 bytes from buffer to file.
[DBG@19:41:05.820] Added buffer back to pool.
[DBG@19:41:06.070] Saving buffer 4.
[DBG@19:41:06.070] Saved 4096 bytes from buffer to file.
[DBG@19:41:06.070] Added buffer back to pool.
[DBG@19:41:06.330] Saving buffer 5.
[DBG@19:41:06.330] Saved 4096 bytes from buffer to file.
[DBG@19:41:06.330] Added buffer back to pool.
[DBG@19:41:06.590] Saving buffer 6.
[DBG@19:41:06.590] Saved 4096 bytes from buffer to file.
[DBG@19:41:06.590] Added buffer back to pool.
[DBG@19:41:06.840] Saving buffer 7.
[DBG@19:41:06.840] Saved 4096 bytes from buffer to file.
[DBG@19:41:06.840] Added buffer back to pool.
[DBG@19:41:07.099] Saving buffer 8.
[DBG@19:41:07.100] Saved 4096 bytes from buffer to file.
[DBG@19:41:07.100] Added buffer back to pool.
[DBG@19:41:07.350] Saving buffer 9.
[DBG@19:41:07.350] Saved 4096 bytes from buffer to file.
[DBG@19:41:07.350] Added buffer back to pool.
[DBG@19:41:07.609] Saving buffer 10.
[DBG@19:41:07.610] Saved 4096 bytes from buffer to file.
[DBG@19:41:07.610] Added buffer back to pool.
[DBG@19:41:07.869] Saving buffer 11.
[DBG@19:41:07.870] Saved 4096 bytes from buffer to file.
[DBG@19:41:07.870] Added buffer back to pool.
[DBG@19:41:08.119] Saving buffer 12.
[DBG@19:41:08.120] Saved 4096 bytes from buffer to file.
[DBG@19:41:08.120] Added buffer back to pool.
[DBG@19:41:08.379] Saving buffer 13.
[DBG@19:41:08.380] Saved 4096 bytes from buffer to file.
[DBG@19:41:08.380] Added buffer back to pool.
[DBG@19:41:08.629] Saving buffer 14.
[DBG@19:41:08.630] Saved 4096 bytes from buffer to file.
[DBG@19:41:08.630] Added buffer back to pool.
[DBG@19:41:08.889] Saving buffer 15.
[DBG@19:41:08.890] Saved 4096 bytes from buffer to file.
[DBG@19:41:08.890] Added buffer back to pool.
[DBG@19:41:09.150] Saving buffer 0.
[DBG@19:41:09.151] Saved 4096 bytes from buffer to file.
[DBG@19:41:09.151] Added buffer back to pool.
[DBG@19:41:09.400] Saving buffer 1.
[DBG@19:41:09.400] Saved 4096 bytes from buffer to file.
[DBG@19:41:09.400] Added buffer back to pool.
[DBG@19:41:09.659] Saving buffer 2.
[DBG@19:41:09.660] Saved 4096 bytes from buffer to file.
[DBG@19:41:09.660] Added buffer back to pool.
[DBG@19:41:09.909] Saving buffer 3.
[DBG@19:41:09.910] Saved 4096 bytes from buffer to file.
[DBG@19:41:09.910] Added buffer back to pool.
[STD@19:41:10.043] Stopping device
[DBG@19:41:10.044] Saving buffer 4.
[DBG@19:41:10.044] Saved 2080 bytes from buffer to file.
[DBG@19:41:10.044] Added buffer back to pool.
[DBG@19:41:10.044] waveInReset (0)
[STD@19:41:10.044] Closing wave file
