>>Turn 0: Selected hypothesis 1 of 3.
[Hypothesis 1]
acoustic_gap_norm	40549.40625
acoustic_gap_norm_gtm	0
am_score	-19144392.00000
am_score_norm	-177262.89063
am_score_norm_gtm	1
answer_type	2
avg_sphinxwordconf	0.26312
avg_sphinxwordconf_gt_30	0
avg_validwordconf	0.91667
avg_validwordconf_gt_50	1
avg_wordconf	0.91667
avg_wordconf_gt_50	1
barge_in	1
clip_info_1	0.00106
clip_info_10	1.00000
clip_info_2	0.00771
clip_info_3	0.01446
clip_info_4	0.02428
clip_info_5	0.04160
clip_info_6	0.06345
clip_info_7	0.09671
clip_info_8	0.15350
clip_info_9	0.26605
confidence	0.37832
confidence_gt_25	1
confidence_gt_50	0
confidence_gt_75	0
confidence_gtm	0
decoder_garble	0
decoder_score	-20070080.00000
decoder_score_norm	-185834.07813
decoder_score_norm_gtm	1
dialog_state	/LetsGoPublic/PerformTask/GetQuerySpecs/AskHowMayIHelpYou
endframes	105
engine_name	male
first_level_matched	1
first_level_matched_gt_0	1
first_level_matched_gt_1	0
frag_and_gap_num	1
frag_and_gap_num_gt_1	0
frag_mode	ppp
frag_num	1
frag_num_gt_1	0
frag_ratio	0.33333
frag_ratio_gtm	1
frame_num	108
frame_num_gtm	0
gap_num	0
gap_num_bool	0
gap_num_gt_1	0
garble	clear
garble_clear	1
h_avg_am_score_norm	-184754.53125
h_avg_am_score_norm_gtm	1
h_avg_confidence	0.53916
h_avg_confidence_2	1.07832
h_avg_confidence_2_gt_25	1
h_avg_confidence_2_gt_50	1
h_avg_confidence_2_gt_75	1
h_avg_confidence_2_gtm	0
h_avg_confidence_gt_25	1
h_avg_confidence_gt_50	1
h_avg_confidence_gt_75	0
h_avg_confidence_gtm	0
h_avg_gap_num	0.16000
h_avg_gap_num_gtm	0
h_avg_lm_score_norm_1	-8918.94727
h_avg_lm_score_norm_1_gtm	1
h_avg_lm_score_norm_2	-406442.00000
h_avg_lm_score_norm_2_gtm	1
h_avg_slots_matched	1.00000
h_avg_slots_matched_gtm	0
h_avg_uncov_num	0.25000
h_avg_uncov_num_gtm	0
h_ratio_nonu	0.08500
hyp_index	0
hyp_num_parses	1
hypothesis	ROSS PARK MALL 
ih_am_score_norm_diff_to_max	-177262.89063
ih_am_score_norm_diff_to_max_bool	1
ih_am_score_norm_diff_to_min	4695.62500
ih_am_score_norm_diff_to_min_bool	1
ih_diff_lexical	1
ih_diff_lexical_one_word	0
ih_frag_ratio_diff_to_max	0.00000
ih_frag_ratio_diff_to_max_bool	0.00000
ih_frag_ratio_diff_to_min	0.33333
ih_frag_ratio_diff_to_min_bool	1.00000
ih_lm_score_norm_diff_to_max	-8571.18555
ih_lm_score_norm_diff_to_max_bool	1
ih_lm_score_norm_diff_to_min	0.00000
ih_lm_score_norm_diff_to_min_bool	0
last_level_matched	1
last_level_matched_gt_0	1
last_level_matched_gt_1	0
last_level_touched	1
last_level_touched_gt_0	1
last_level_touched_gt_1	0
last_turn_nonu	0
lm_score	-925688.00000
lm_score_norm_1	-8571.18555
lm_score_norm_1_gtm	1
lm_score_norm_2	-308562.65625
lm_score_norm_2_gtm	1
mark_confirm	0
mark_confirm_bool	0
mark_confirm_bool_barge_in	0
mark_discomfirm	0
mark_discomfirm_bool	0
mark_discomfirm_bool_barge_in	0
matched_in_focus	0
max_sphinxwordconf	0.26312
max_validwordconf	0.91667
max_wordconf	0.91667
min_sphinxwordconf	0.26312
min_validwordconf	0.91667
min_wordconf	0.91667
nbest_index	0
new_slots_num	1
new_slots_num_bool	1
no_parse	0
nonu	0
npow	25.00000
npow_gtm	1
num_parses_ratio	0.50000
num_prev_nonu	0
num_prev_nonu_gt_1	0
num_prev_nonu_gt_2	0
num_prev_not_nonu	3
num_prev_not_nonu_gt_1	1
num_prev_not_nonu_gt_2	1
num_prev_not_nonu_gt_5	1
parse_str	PlaceInformation [SinglePlace] ( [stop_name] ( [uncovered_place] ( [uncovered_stop] ( ROSS PARK MALL ) ) ) )   
parser_garble	0
pow	82.00000
pow_gtm	1
pow_npow_diff	57.00000
pow_npow_diff_gtm	0
rep_slots_num	0
rep_slots_num_bool	0
slot_num	1
slot_num_gt_1	0
slot_num_gt_2	0
slots_blocked	0
slots_blocked_bool	0
slots_blocked_gt_1	0
slots_matched	1
slots_matched_bool	1
slots_matched_gt_1	0
slots_relevant_num	1
slots_relevant_num_bool	1
slots_relevant_num_gt_1	0
speak_rate	0.02778
speak_rate_gtm	1
speak_rate_phones	0.02778
speak_rate_phones_gtm	0
speak_rate_syl	0.00926
speak_rate_syl_gtm	0
startframes	19
targetprompt	_goodbye
targetprompt_score	10.00000
top_slots	SinglePlace
total_num_parses	2
turn_number	0
turn_number_gt_0	0
turn_number_gt_1	0
turn_number_gtm	0
unconf_mark_confirm	0
unconf_mark_confirm_bool	0
unconf_mark_discomfirm	0
unconf_mark_discomfirm_bool	0
unconf_num	0
unconf_num_bool	0
unconf_num_gt_1	0
unconf_num_norm	0.00000
unconf_ratio	0.00000
unconf_ratio_gtm	0
uncov_num	0
uncov_num_bool	0
uncov_num_gt_1	0
uncov_num_norm	0.00000
uncov_ratio	0.00000
uncov_ratio_gtm	0
uttid	001
word_num	3
word_num_class	2
word_num_gt_1	1
word_num_gt_2	1
word_num_gt_4	0
word_num_norm	1.73205
words_per_slot	3.00000

[Hypothesis 2]
acoustic_gap_norm	40276.74219
acoustic_gap_norm_gtm	0
am_score	-19651520.00000
am_score_norm	-181958.51563
am_score_norm_gtm	1
answer_type	2
avg_sphinxwordconf	0.23207
avg_sphinxwordconf_gt_30	0
avg_validwordconf	0.91667
avg_validwordconf_gt_50	1
avg_wordconf	0.91667
avg_wordconf_gt_50	1
barge_in	1
clip_info_1	0.00106
clip_info_10	1.00000
clip_info_2	0.00771
clip_info_3	0.01446
clip_info_4	0.02428
clip_info_5	0.04160
clip_info_6	0.06345
clip_info_7	0.09671
clip_info_8	0.15350
clip_info_9	0.26605
confidence	0.37832
confidence_gt_25	1
confidence_gt_50	0
confidence_gt_75	0
confidence_gtm	0
decoder_garble	0
decoder_score	-20577208.00000
decoder_score_norm	-190529.70313
decoder_score_norm_gtm	1
dialog_state	/LetsGoPublic/PerformTask/GetQuerySpecs/AskHowMayIHelpYou
endframes	105
engine_name	female
first_level_matched	1
first_level_matched_gt_0	1
first_level_matched_gt_1	0
frag_and_gap_num	1
frag_and_gap_num_gt_1	0
frag_mode	ppp
frag_num	1
frag_num_gt_1	0
frag_ratio	0.33333
frag_ratio_gtm	1
frame_num	108
frame_num_gtm	0
gap_num	0
gap_num_bool	0
gap_num_gt_1	0
garble	clear
garble_clear	1
h_avg_am_score_norm	-187102.34375
h_avg_am_score_norm_gtm	1
h_avg_confidence	0.53916
h_avg_confidence_2	1.07832
h_avg_confidence_2_gt_25	1
h_avg_confidence_2_gt_50	1
h_avg_confidence_2_gt_75	1
h_avg_confidence_2_gtm	0
h_avg_confidence_gt_25	1
h_avg_confidence_gt_50	1
h_avg_confidence_gt_75	0
h_avg_confidence_gtm	0
h_avg_gap_num	0.16000
h_avg_gap_num_gtm	0
h_avg_lm_score_norm_1	-8918.94727
h_avg_lm_score_norm_1_gtm	1
h_avg_lm_score_norm_2	-406442.00000
h_avg_lm_score_norm_2_gtm	1
h_avg_slots_matched	1.00000
h_avg_slots_matched_gtm	0
h_avg_uncov_num	0.25000
h_avg_uncov_num_gtm	0
h_ratio_nonu	0.08500
hyp_index	1
hyp_num_parses	1
hypothesis	ROSS PARK MALL 
ih_am_score_norm_diff_to_max	-181958.51563
ih_am_score_norm_diff_to_max_bool	1
ih_am_score_norm_diff_to_min	0.00000
ih_am_score_norm_diff_to_min_bool	0
ih_diff_lexical	1
ih_diff_lexical_one_word	0
ih_frag_ratio_diff_to_max	0.00000
ih_frag_ratio_diff_to_max_bool	0.00000
ih_frag_ratio_diff_to_min	0.33333
ih_frag_ratio_diff_to_min_bool	1.00000
ih_lm_score_norm_diff_to_max	-8571.18555
ih_lm_score_norm_diff_to_max_bool	1
ih_lm_score_norm_diff_to_min	0.00000
ih_lm_score_norm_diff_to_min_bool	0
last_level_matched	1
last_level_matched_gt_0	1
last_level_matched_gt_1	0
last_level_touched	1
last_level_touched_gt_0	1
last_level_touched_gt_1	0
last_turn_nonu	0
lm_score	-925688.00000
lm_score_norm_1	-8571.18555
lm_score_norm_1_gtm	1
lm_score_norm_2	-308562.65625
lm_score_norm_2_gtm	1
mark_confirm	0
mark_confirm_bool	0
mark_confirm_bool_barge_in	0
mark_discomfirm	0
mark_discomfirm_bool	0
mark_discomfirm_bool_barge_in	0
matched_in_focus	0
max_sphinxwordconf	0.23207
max_validwordconf	0.91667
max_wordconf	0.91667
min_sphinxwordconf	0.23207
min_validwordconf	0.91667
min_wordconf	0.91667
nbest_index	0
new_slots_num	1
new_slots_num_bool	1
no_parse	0
nonu	0
npow	25.00000
npow_gtm	1
num_parses_ratio	0.50000
num_prev_nonu	0
num_prev_nonu_gt_1	0
num_prev_nonu_gt_2	0
num_prev_not_nonu	3
num_prev_not_nonu_gt_1	1
num_prev_not_nonu_gt_2	1
num_prev_not_nonu_gt_5	1
parse_str	PlaceInformation [SinglePlace] ( [stop_name] ( [uncovered_place] ( [uncovered_stop] ( ROSS PARK MALL ) ) ) )   
parser_garble	0
pow	82.00000
pow_gtm	1
pow_npow_diff	57.00000
pow_npow_diff_gtm	0
rep_slots_num	0
rep_slots_num_bool	0
slot_num	1
slot_num_gt_1	0
slot_num_gt_2	0
slots_blocked	0
slots_blocked_bool	0
slots_blocked_gt_1	0
slots_matched	1
slots_matched_bool	1
slots_matched_gt_1	0
slots_relevant_num	1
slots_relevant_num_bool	1
slots_relevant_num_gt_1	0
speak_rate	0.02778
speak_rate_gtm	1
speak_rate_phones	0.02778
speak_rate_phones_gtm	0
speak_rate_syl	0.00926
speak_rate_syl_gtm	0
startframes	19
targetprompt	_goodbye
targetprompt_score	10.00000
top_slots	SinglePlace
total_num_parses	2
turn_number	0
turn_number_gt_0	0
turn_number_gt_1	0
turn_number_gtm	0
unconf_mark_confirm	0
unconf_mark_confirm_bool	0
unconf_mark_discomfirm	0
unconf_mark_discomfirm_bool	0
unconf_num	0
unconf_num_bool	0
unconf_num_gt_1	0
unconf_num_norm	0.00000
unconf_ratio	0.00000
unconf_ratio_gtm	0
uncov_num	0
uncov_num_bool	0
uncov_num_gt_1	0
uncov_num_norm	0.00000
uncov_ratio	0.00000
uncov_ratio_gtm	0
uttid	001
word_num	3
word_num_class	2
word_num_gt_1	1
word_num_gt_2	1
word_num_gt_4	0
word_num_norm	1.73205
words_per_slot	3.00000

[Hypothesis 3]
acoustic_gap_norm	N/A
acoustic_gap_norm_gtm	N/A
am_score	N/A
am_score_norm	0.00000
am_score_norm_gtm	1
answer_type	3
avg_sphinxwordconf	0.00000
avg_sphinxwordconf_gt_30	0
avg_validwordconf	0.00000
avg_validwordconf_gt_50	0
avg_wordconf	0.00000
avg_wordconf_gt_50	0
barge_in	1
clip_info_1	0.00106
clip_info_10	1.00000
clip_info_2	0.00771
clip_info_3	0.01446
clip_info_4	0.02428
clip_info_5	0.04160
clip_info_6	0.06345
clip_info_7	0.09671
clip_info_8	0.15350
clip_info_9	0.26605
confidence	0.00000
confidence_gt_25	0
confidence_gt_50	0
confidence_gt_75	0
confidence_gtm	0
decoder_garble	N/A
decoder_score	N/A
decoder_score_norm	0.00011
decoder_score_norm_gtm	1
dialog_state	/LetsGoPublic/PerformTask/GetQuerySpecs/AskHowMayIHelpYou
endframes	N/A
engine_name	dtmf
frag_and_gap_num	N/A
frag_and_gap_num_gt_1	N/A
frag_mode	N/A
frag_num	N/A
frag_num_gt_1	N/A
frag_ratio	N/A
frag_ratio_gtm	N/A
frame_num	9472
frame_num_gtm	1
gap_num	N/A
gap_num_bool	N/A
gap_num_gt_1	N/A
garble	N/A
garble_clear	N/A
h_avg_am_score_norm	-96123.08594
h_avg_am_score_norm_gtm	1
h_avg_confidence	0.35000
h_avg_confidence_2	0.70000
h_avg_confidence_2_gt_25	1
h_avg_confidence_2_gt_50	1
h_avg_confidence_2_gt_75	0
h_avg_confidence_2_gtm	0
h_avg_confidence_gt_25	1
h_avg_confidence_gt_50	0
h_avg_confidence_gt_75	0
h_avg_confidence_gtm	0
h_avg_gap_num	0.32000
h_avg_gap_num_gtm	0
h_avg_lm_score_norm_1	-4633.35498
h_avg_lm_score_norm_1_gtm	1
h_avg_lm_score_norm_2	-252160.67188
h_avg_lm_score_norm_2_gtm	1
h_avg_slots_matched	0.50000
h_avg_slots_matched_gtm	0
h_avg_uncov_num	0.50000
h_avg_uncov_num_gtm	0
h_ratio_nonu	0.58500
h_ratio_nonu_gt_25	1.00000
h_ratio_nonu_gt_50	1.00000
h_ratio_nonu_gt_75	0.00000
h_ratio_nonu_gtm	1.00000
hyp_index	2
hyp_num_parses	0
hypothesis	N/A
ih_am_score_norm_diff_to_max	0.00000
ih_am_score_norm_diff_to_max_bool	0
ih_am_score_norm_diff_to_min	181958.51563
ih_am_score_norm_diff_to_min_bool	1
ih_diff_lexical	1
ih_diff_lexical_one_word	1
ih_frag_ratio_diff_to_max	-0.33333
ih_frag_ratio_diff_to_max_bool	1.00000
ih_frag_ratio_diff_to_min	0.00000
ih_frag_ratio_diff_to_min_bool	0.00000
ih_lm_score_norm_diff_to_max	0.00000
ih_lm_score_norm_diff_to_max_bool	0
ih_lm_score_norm_diff_to_min	8571.18555
ih_lm_score_norm_diff_to_min_bool	1
last_turn_nonu	0
lm_score	N/A
lm_score_norm_1	0.00000
lm_score_norm_1_gtm	1
lm_score_norm_2	0.00000
lm_score_norm_2_gtm	1
mark_confirm	0
mark_confirm_bool	0
mark_confirm_bool_barge_in	0
mark_discomfirm	0
mark_discomfirm_bool	0
mark_discomfirm_bool_barge_in	0
max_sphinxwordconf	0.00000
max_validwordconf	0.00000
max_wordconf	0.00000
min_sphinxwordconf	0.00000
min_validwordconf	0.00000
min_wordconf	0.00000
nbest_index	0
new_slots_num	0
new_slots_num_bool	0
no_parse	1
nonu	1
npow	25.00000
npow_gtm	1
num_parses_ratio	N/A
num_prev_nonu	0
num_prev_nonu_gt_1	0
num_prev_nonu_gt_2	0
num_prev_not_nonu	3
num_prev_not_nonu_gt_1	1
num_prev_not_nonu_gt_2	1
num_prev_not_nonu_gt_5	1
parse_str	N/A
parser_garble	N/A
pow	82.00000
pow_gtm	1
pow_npow_diff	57.00000
pow_npow_diff_gtm	0
rep_slots_num	N/A
rep_slots_num_bool	N/A
slot_num	0
slot_num_gt_1	0
slot_num_gt_2	0
slots_blocked	N/A
slots_blocked_bool	N/A
slots_blocked_gt_1	N/A
slots_matched	N/A
slots_matched_bool	N/A
slots_matched_gt_1	N/A
slots_relevant_num	N/A
slots_relevant_num_bool	N/A
slots_relevant_num_gt_1	N/A
speak_rate	0.00011
speak_rate_gtm	0
speak_rate_phones	0.00011
speak_rate_phones_gtm	0
speak_rate_syl	0.00011
speak_rate_syl_gtm	0
startframes	N/A
targetprompt	_goodbye
targetprompt_score	4.00000
top_slots	N/A
total_num_parses	2
turn_number	0
turn_number_gt_0	0
turn_number_gt_1	0
turn_number_gtm	0
unconf_mark_confirm	0
unconf_mark_confirm_bool	0
unconf_mark_discomfirm	0
unconf_mark_discomfirm_bool	0
unconf_num	0
unconf_num_bool	0
unconf_num_gt_1	0
unconf_num_norm	0.00000
unconf_ratio	0.00000
unconf_ratio_gtm	0
uncov_num	N/A
uncov_num_bool	N/A
uncov_num_gt_1	N/A
uncov_num_norm	N/A
uncov_ratio	N/A
uncov_ratio_gtm	N/A
uttid	001
word_num	1
word_num_class	0
word_num_gt_1	0
word_num_gt_2	0
word_num_gt_4	0
word_num_norm	1.00000
words_per_slot	N/A


>>Turn 1: Selected hypothesis 1 of 3.
[Hypothesis 1]
acoustic_gap_norm	28861.47461
acoustic_gap_norm_gtm	0
am_score	-10105771.00000
am_score_norm	-171284.25000
am_score_norm_gtm	1
answer_type	0
avg_sphinxwordconf	0.34154
avg_sphinxwordconf_gt_30	1
avg_validwordconf	0.91667
avg_validwordconf_gt_50	1
avg_wordconf	0.91667
avg_wordconf_gt_50	1
barge_in	0
clip_info_1	0.00109
clip_info_10	1.00000
clip_info_2	0.00291
clip_info_3	0.00654
clip_info_4	0.01145
clip_info_5	0.01926
clip_info_6	0.03070
clip_info_7	0.04960
clip_info_8	0.07813
clip_info_9	0.12391
confidence	0.94026
confidence_gt_25	1
confidence_gt_50	1
confidence_gt_75	1
confidence_gtm	1
decoder_garble	0
decoder_score	-10301795.00000
decoder_score_norm	-174606.68750
decoder_score_norm_gtm	1
dialog_state	/_ExplicitConfirm[/LetsGoPublic/PerformTask/uncovered_place]
endframes	49
engine_name	male
first_level_matched	0
first_level_matched_gt_0	0
first_level_matched_gt_1	0
frag_and_gap_num	1
frag_and_gap_num_gt_1	0
frag_mode	p
frag_num	1
frag_num_gt_1	0
frag_ratio	1.00000
frag_ratio_gtm	1
frame_num	59
frame_num_gtm	0
gap_num	0
gap_num_bool	0
gap_num_gt_1	0
garble	clear
garble_clear	1
h_avg_am_score_norm	-180264.43750
h_avg_am_score_norm_gtm	1
h_avg_confidence	0.67286
h_avg_confidence_2	0.82013
h_avg_confidence_2_gt_25	1
h_avg_confidence_2_gt_50	1
h_avg_confidence_2_gt_75	1
h_avg_confidence_2_gtm	0
h_avg_confidence_gt_25	1
h_avg_confidence_gt_50	1
h_avg_confidence_gt_75	0
h_avg_confidence_gtm	0
h_avg_gap_num	0.10667
h_avg_gap_num_gtm	0
h_avg_lm_score_norm_1	-7053.44531
h_avg_lm_score_norm_1_gtm	1
h_avg_lm_score_norm_2	-336302.65625
h_avg_lm_score_norm_2_gtm	1
h_avg_slots_matched	1.00000
h_avg_slots_matched_gtm	0
h_avg_uncov_num	0.16667
h_avg_uncov_num_gtm	0
h_ratio_nonu	0.05667
hyp_index	0
hyp_num_parses	1
hypothesis	YES 
ih_am_score_norm_diff_to_max	-171284.25000
ih_am_score_norm_diff_to_max_bool	1
ih_am_score_norm_diff_to_min	0.00000
ih_am_score_norm_diff_to_min_bool	0
ih_diff_lexical	1
ih_diff_lexical_one_word	1
ih_frag_ratio_diff_to_max	0.00000
ih_frag_ratio_diff_to_max_bool	0.00000
ih_frag_ratio_diff_to_min	1.00000
ih_frag_ratio_diff_to_min_bool	1.00000
ih_lm_score_norm_diff_to_max	-3322.44067
ih_lm_score_norm_diff_to_max_bool	1
ih_lm_score_norm_diff_to_min	0.00000
ih_lm_score_norm_diff_to_min_bool	0
last_level_matched	0
last_level_matched_gt_0	0
last_level_matched_gt_1	0
last_level_touched	0
last_level_touched_gt_0	0
last_level_touched_gt_1	0
last_turn_nonu	0
lm_score	-196024.00000
lm_score_norm_1	-3322.44067
lm_score_norm_1_gtm	1
lm_score_norm_2	-196024.00000
lm_score_norm_2_gtm	1
mark_confirm	1
mark_confirm_bool	1
mark_confirm_bool_barge_in	0
mark_discomfirm	0
mark_discomfirm_bool	0
mark_discomfirm_bool_barge_in	0
matched_in_focus	1
max_sphinxwordconf	0.34154
max_validwordconf	0.91667
max_wordconf	0.91667
min_sphinxwordconf	0.34154
min_validwordconf	0.91667
min_wordconf	0.91667
nbest_index	0
new_slots_num	1
new_slots_num_bool	1
no_parse	0
nonu	0
npow	22.00000
npow_gtm	1
num_parses_ratio	0.50000
num_prev_nonu	0
num_prev_nonu_gt_1	0
num_prev_nonu_gt_2	0
num_prev_not_nonu	1
num_prev_not_nonu_gt_1	0
num_prev_not_nonu_gt_2	0
num_prev_not_nonu_gt_5	0
parse_str	Generic [Generic] ( [Yes] ( YES ) )   
parser_garble	0
pow	82.00000
pow_gtm	1
pow_npow_diff	60.00000
pow_npow_diff_gtm	1
rep_slots_num	0
rep_slots_num_bool	0
slot_num	1
slot_num_gt_1	0
slot_num_gt_2	0
slots_blocked	0
slots_blocked_bool	0
slots_blocked_gt_1	0
slots_matched	1
slots_matched_bool	1
slots_matched_gt_1	0
slots_relevant_num	1
slots_relevant_num_bool	1
slots_relevant_num_gt_1	0
speak_rate	0.01695
speak_rate_gtm	0
speak_rate_phones	0.05085
speak_rate_phones_gtm	0
speak_rate_syl	0.01695
speak_rate_syl_gtm	0
startframes	19
targetprompt	yes
targetprompt_score	0.00000
top_slots	Generic
total_num_parses	2
turn_number	1
turn_number_gt_0	1
turn_number_gt_1	0
turn_number_gtm	0
unconf_mark_confirm	0
unconf_mark_confirm_bool	0
unconf_mark_discomfirm	0
unconf_mark_discomfirm_bool	0
unconf_num	0
unconf_num_bool	0
unconf_num_gt_1	0
unconf_num_norm	0.00000
unconf_ratio	0.00000
unconf_ratio_gtm	0
uncov_num	0
uncov_num_bool	0
uncov_num_gt_1	0
uncov_num_norm	0.00000
uncov_ratio	0.00000
uncov_ratio_gtm	0
uttid	002
word_num	1
word_num_class	0
word_num_gt_1	0
word_num_gt_2	0
word_num_gt_4	0
word_num_norm	1.00000
words_per_slot	1.00000

[Hypothesis 2]
acoustic_gap_norm	29283.39063
acoustic_gap_norm_gtm	0
am_score	-10087656.00000
am_score_norm	-170977.21875
am_score_norm_gtm	1
answer_type	0
avg_sphinxwordconf	0.39663
avg_sphinxwordconf_gt_30	1
avg_validwordconf	0.91667
avg_validwordconf_gt_50	1
avg_wordconf	0.91667
avg_wordconf_gt_50	1
barge_in	0
clip_info_1	0.00109
clip_info_10	1.00000
clip_info_2	0.00291
clip_info_3	0.00654
clip_info_4	0.01145
clip_info_5	0.01926
clip_info_6	0.03070
clip_info_7	0.04960
clip_info_8	0.07813
clip_info_9	0.12391
confidence	0.94026
confidence_gt_25	1
confidence_gt_50	1
confidence_gt_75	1
confidence_gtm	1
decoder_garble	0
decoder_score	-10283680.00000
decoder_score_norm	-174299.65625
decoder_score_norm_gtm	1
dialog_state	/_ExplicitConfirm[/LetsGoPublic/PerformTask/uncovered_place]
endframes	49
engine_name	female
first_level_matched	0
first_level_matched_gt_0	0
first_level_matched_gt_1	0
frag_and_gap_num	1
frag_and_gap_num_gt_1	0
frag_mode	p
frag_num	1
frag_num_gt_1	0
frag_ratio	1.00000
frag_ratio_gtm	1
frame_num	59
frame_num_gtm	0
gap_num	0
gap_num_bool	0
gap_num_gt_1	0
garble	clear
garble_clear	1
h_avg_am_score_norm	-180162.07813
h_avg_am_score_norm_gtm	1
h_avg_confidence	0.67286
h_avg_confidence_2	0.82013
h_avg_confidence_2_gt_25	1
h_avg_confidence_2_gt_50	1
h_avg_confidence_2_gt_75	1
h_avg_confidence_2_gtm	0
h_avg_confidence_gt_25	1
h_avg_confidence_gt_50	1
h_avg_confidence_gt_75	0
h_avg_confidence_gtm	0
h_avg_gap_num	0.10667
h_avg_gap_num_gtm	0
h_avg_lm_score_norm_1	-7053.44531
h_avg_lm_score_norm_1_gtm	1
h_avg_lm_score_norm_2	-336302.65625
h_avg_lm_score_norm_2_gtm	1
h_avg_slots_matched	1.00000
h_avg_slots_matched_gtm	0
h_avg_uncov_num	0.16667
h_avg_uncov_num_gtm	0
h_ratio_nonu	0.05667
hyp_index	1
hyp_num_parses	1
hypothesis	YES 
ih_am_score_norm_diff_to_max	-170977.21875
ih_am_score_norm_diff_to_max_bool	1
ih_am_score_norm_diff_to_min	307.03125
ih_am_score_norm_diff_to_min_bool	1
ih_diff_lexical	1
ih_diff_lexical_one_word	1
ih_frag_ratio_diff_to_max	0.00000
ih_frag_ratio_diff_to_max_bool	0.00000
ih_frag_ratio_diff_to_min	1.00000
ih_frag_ratio_diff_to_min_bool	1.00000
ih_lm_score_norm_diff_to_max	-3322.44067
ih_lm_score_norm_diff_to_max_bool	1
ih_lm_score_norm_diff_to_min	0.00000
ih_lm_score_norm_diff_to_min_bool	0
last_level_matched	0
last_level_matched_gt_0	0
last_level_matched_gt_1	0
last_level_touched	0
last_level_touched_gt_0	0
last_level_touched_gt_1	0
last_turn_nonu	0
lm_score	-196024.00000
lm_score_norm_1	-3322.44067
lm_score_norm_1_gtm	1
lm_score_norm_2	-196024.00000
lm_score_norm_2_gtm	1
mark_confirm	1
mark_confirm_bool	1
mark_confirm_bool_barge_in	0
mark_discomfirm	0
mark_discomfirm_bool	0
mark_discomfirm_bool_barge_in	0
matched_in_focus	1
max_sphinxwordconf	0.39663
max_validwordconf	0.91667
max_wordconf	0.91667
min_sphinxwordconf	0.39663
min_validwordconf	0.91667
min_wordconf	0.91667
nbest_index	0
new_slots_num	1
new_slots_num_bool	1
no_parse	0
nonu	0
npow	22.00000
npow_gtm	1
num_parses_ratio	0.50000
num_prev_nonu	0
num_prev_nonu_gt_1	0
num_prev_nonu_gt_2	0
num_prev_not_nonu	1
num_prev_not_nonu_gt_1	0
num_prev_not_nonu_gt_2	0
num_prev_not_nonu_gt_5	0
parse_str	Generic [Generic] ( [Yes] ( YES ) )   
parser_garble	0
pow	82.00000
pow_gtm	1
pow_npow_diff	60.00000
pow_npow_diff_gtm	1
rep_slots_num	0
rep_slots_num_bool	0
slot_num	1
slot_num_gt_1	0
slot_num_gt_2	0
slots_blocked	0
slots_blocked_bool	0
slots_blocked_gt_1	0
slots_matched	1
slots_matched_bool	1
slots_matched_gt_1	0
slots_relevant_num	1
slots_relevant_num_bool	1
slots_relevant_num_gt_1	0
speak_rate	0.01695
speak_rate_gtm	0
speak_rate_phones	0.05085
speak_rate_phones_gtm	0
speak_rate_syl	0.01695
speak_rate_syl_gtm	0
startframes	19
targetprompt	yes
targetprompt_score	0.00000
top_slots	Generic
total_num_parses	2
turn_number	1
turn_number_gt_0	1
turn_number_gt_1	0
turn_number_gtm	0
unconf_mark_confirm	0
unconf_mark_confirm_bool	0
unconf_mark_discomfirm	0
unconf_mark_discomfirm_bool	0
unconf_num	0
unconf_num_bool	0
unconf_num_gt_1	0
unconf_num_norm	0.00000
unconf_ratio	0.00000
unconf_ratio_gtm	0
uncov_num	0
uncov_num_bool	0
uncov_num_gt_1	0
uncov_num_norm	0.00000
uncov_ratio	0.00000
uncov_ratio_gtm	0
uttid	002
word_num	1
word_num_class	0
word_num_gt_1	0
word_num_gt_2	0
word_num_gt_4	0
word_num_norm	1.00000
words_per_slot	1.00000

[Hypothesis 3]
acoustic_gap_norm	N/A
acoustic_gap_norm_gtm	N/A
am_score	N/A
am_score_norm	0.00000
am_score_norm_gtm	1
answer_type	3
avg_sphinxwordconf	0.00000
avg_sphinxwordconf_gt_30	0
avg_validwordconf	0.00000
avg_validwordconf_gt_50	0
avg_wordconf	0.00000
avg_wordconf_gt_50	0
barge_in	0
clip_info_1	0.00109
clip_info_10	1.00000
clip_info_2	0.00291
clip_info_3	0.00654
clip_info_4	0.01145
clip_info_5	0.01926
clip_info_6	0.03070
clip_info_7	0.04960
clip_info_8	0.07813
clip_info_9	0.12391
confidence	0.00000
confidence_gt_25	0
confidence_gt_50	0
confidence_gt_75	0
confidence_gtm	0
decoder_garble	N/A
decoder_score	N/A
decoder_score_norm	0.00018
decoder_score_norm_gtm	1
dialog_state	/_ExplicitConfirm[/LetsGoPublic/PerformTask/uncovered_place]
endframes	N/A
engine_name	dtmf
frag_and_gap_num	N/A
frag_and_gap_num_gt_1	N/A
frag_mode	N/A
frag_num	N/A
frag_num_gt_1	N/A
frag_ratio	N/A
frag_ratio_gtm	N/A
frame_num	5504
frame_num_gtm	1
gap_num	N/A
gap_num_bool	N/A
gap_num_gt_1	N/A
garble	N/A
garble_clear	N/A
h_avg_am_score_norm	-123169.68750
h_avg_am_score_norm_gtm	1
h_avg_confidence	0.35944
h_avg_confidence_2	0.35000
h_avg_confidence_2_gt_25	1
h_avg_confidence_2_gt_50	0
h_avg_confidence_2_gt_75	0
h_avg_confidence_2_gtm	0
h_avg_confidence_gt_25	1
h_avg_confidence_gt_50	0
h_avg_confidence_gt_75	0
h_avg_confidence_gtm	0
h_avg_gap_num	0.21333
h_avg_gap_num_gtm	0
h_avg_lm_score_norm_1	-5945.96484
h_avg_lm_score_norm_1_gtm	1
h_avg_lm_score_norm_2	-270961.34375
h_avg_lm_score_norm_2_gtm	1
h_avg_slots_matched	0.66667
h_avg_slots_matched_gtm	0
h_avg_uncov_num	0.33333
h_avg_uncov_num_gtm	0
h_ratio_nonu	0.39000
h_ratio_nonu_gt_25	1.00000
h_ratio_nonu_gt_50	0.00000
h_ratio_nonu_gt_75	0.00000
h_ratio_nonu_gtm	1.00000
hyp_index	2
hyp_num_parses	0
hypothesis	N/A
ih_am_score_norm_diff_to_max	0.00000
ih_am_score_norm_diff_to_max_bool	0
ih_am_score_norm_diff_to_min	171284.25000
ih_am_score_norm_diff_to_min_bool	1
ih_diff_lexical	1
ih_diff_lexical_one_word	1
ih_frag_ratio_diff_to_max	-1.00000
ih_frag_ratio_diff_to_max_bool	1.00000
ih_frag_ratio_diff_to_min	0.00000
ih_frag_ratio_diff_to_min_bool	0.00000
ih_lm_score_norm_diff_to_max	0.00000
ih_lm_score_norm_diff_to_max_bool	0
ih_lm_score_norm_diff_to_min	3322.44067
ih_lm_score_norm_diff_to_min_bool	1
last_turn_nonu	0
lm_score	N/A
lm_score_norm_1	0.00000
lm_score_norm_1_gtm	1
lm_score_norm_2	0.00000
lm_score_norm_2_gtm	1
mark_confirm	0
mark_confirm_bool	0
mark_confirm_bool_barge_in	0
mark_discomfirm	0
mark_discomfirm_bool	0
mark_discomfirm_bool_barge_in	0
max_sphinxwordconf	0.00000
max_validwordconf	0.00000
max_wordconf	0.00000
min_sphinxwordconf	0.00000
min_validwordconf	0.00000
min_wordconf	0.00000
nbest_index	0
new_slots_num	0
new_slots_num_bool	0
no_parse	1
nonu	1
npow	22.00000
npow_gtm	1
num_parses_ratio	N/A
num_prev_nonu	0
num_prev_nonu_gt_1	0
num_prev_nonu_gt_2	0
num_prev_not_nonu	1
num_prev_not_nonu_gt_1	0
num_prev_not_nonu_gt_2	0
num_prev_not_nonu_gt_5	0
parse_str	N/A
parser_garble	N/A
pow	82.00000
pow_gtm	1
pow_npow_diff	60.00000
pow_npow_diff_gtm	1
rep_slots_num	N/A
rep_slots_num_bool	N/A
slot_num	0
slot_num_gt_1	0
slot_num_gt_2	0
slots_blocked	N/A
slots_blocked_bool	N/A
slots_blocked_gt_1	N/A
slots_matched	N/A
slots_matched_bool	N/A
slots_matched_gt_1	N/A
slots_relevant_num	N/A
slots_relevant_num_bool	N/A
slots_relevant_num_gt_1	N/A
speak_rate	0.00018
speak_rate_gtm	0
speak_rate_phones	0.00018
speak_rate_phones_gtm	0
speak_rate_syl	0.00018
speak_rate_syl_gtm	0
startframes	N/A
targetprompt	_goodbye
targetprompt_score	4.00000
top_slots	N/A
total_num_parses	2
turn_number	1
turn_number_gt_0	1
turn_number_gt_1	0
turn_number_gtm	0
unconf_mark_confirm	0
unconf_mark_confirm_bool	0
unconf_mark_discomfirm	0
unconf_mark_discomfirm_bool	0
unconf_num	0
unconf_num_bool	0
unconf_num_gt_1	0
unconf_num_norm	0.00000
unconf_ratio	0.00000
unconf_ratio_gtm	0
uncov_num	N/A
uncov_num_bool	N/A
uncov_num_gt_1	N/A
uncov_num_norm	N/A
uncov_ratio	N/A
uncov_ratio_gtm	N/A
uttid	002
word_num	1
word_num_class	0
word_num_gt_1	0
word_num_gt_2	0
word_num_gt_4	0
word_num_norm	1.00000
words_per_slot	N/A


