[STD@21:14:15.565] Adding buffer 0 to pool
[STD@21:14:15.566] Adding buffer 1 to pool
[STD@21:14:15.566] Adding buffer 2 to pool
[STD@21:14:15.567] Adding buffer 3 to pool
[STD@21:14:15.567] Adding buffer 4 to pool
[STD@21:14:15.567] Adding buffer 5 to pool
[STD@21:14:15.568] Adding buffer 6 to pool
[STD@21:14:15.568] Adding buffer 7 to pool
[STD@21:14:15.568] Adding buffer 8 to pool
[STD@21:14:15.569] Adding buffer 9 to pool
[STD@21:14:15.569] Adding buffer 10 to pool
[STD@21:14:15.569] Adding buffer 11 to pool
[STD@21:14:15.570] Adding buffer 12 to pool
[STD@21:14:15.570] Adding buffer 13 to pool
[STD@21:14:15.571] Adding buffer 14 to pool
[STD@21:14:15.571] Adding buffer 15 to pool
[STD@21:14:15.571] Opening audio file ..\..\logs\LetsGoPublic\20061122\018\LetsGoPublic-20061122-018-input_and_output.raw for output
[STD@21:14:15.573] Starting device
[DBG@21:14:15.834] Saving buffer 0.
[DBG@21:14:15.835] Saved 4096 bytes from buffer to file.
[DBG@21:14:15.836] Added buffer back to pool.
[DBG@21:14:16.094] Saving buffer 1.
[DBG@21:14:16.094] Saved 4096 bytes from buffer to file.
[DBG@21:14:16.094] Added buffer back to pool.
[DBG@21:14:16.344] Saving buffer 2.
[DBG@21:14:16.344] Saved 4096 bytes from buffer to file.
[DBG@21:14:16.344] Added buffer back to pool.
[DBG@21:14:16.604] Saving buffer 3.
[DBG@21:14:16.604] Saved 4096 bytes from buffer to file.
[DBG@21:14:16.604] Added buffer back to pool.
[DBG@21:14:16.854] Saving buffer 4.
[DBG@21:14:16.854] Saved 4096 bytes from buffer to file.
[DBG@21:14:16.854] Added buffer back to pool.
[DBG@21:14:17.113] Saving buffer 5.
[DBG@21:14:17.114] Saved 4096 bytes from buffer to file.
[DBG@21:14:17.156] Added buffer back to pool.
[DBG@21:14:17.373] Saving buffer 6.
[DBG@21:14:17.374] Saved 4096 bytes from buffer to file.
[DBG@21:14:17.374] Added buffer back to pool.
[DBG@21:14:17.623] Saving buffer 7.
[DBG@21:14:17.624] Saved 4096 bytes from buffer to file.
[DBG@21:14:17.624] Added buffer back to pool.
[DBG@21:14:17.883] Saving buffer 8.
[DBG@21:14:17.884] Saved 4096 bytes from buffer to file.
[DBG@21:14:17.884] Added buffer back to pool.
[DBG@21:14:18.133] Saving buffer 9.
[DBG@21:14:18.134] Saved 4096 bytes from buffer to file.
[DBG@21:14:18.134] Added buffer back to pool.
[DBG@21:14:18.393] Saving buffer 10.
[DBG@21:14:18.394] Saved 4096 bytes from buffer to file.
[DBG@21:14:18.394] Added buffer back to pool.
[DBG@21:14:18.653] Saving buffer 11.
[DBG@21:14:18.654] Saved 4096 bytes from buffer to file.
[DBG@21:14:18.654] Added buffer back to pool.
[DBG@21:14:18.903] Saving buffer 12.
[DBG@21:14:18.904] Saved 4096 bytes from buffer to file.
[DBG@21:14:18.904] Added buffer back to pool.
[DBG@21:14:19.163] Saving buffer 13.
[DBG@21:14:19.164] Saved 4096 bytes from buffer to file.
[DBG@21:14:19.164] Added buffer back to pool.
[DBG@21:14:19.413] Saving buffer 14.
[DBG@21:14:19.414] Saved 4096 bytes from buffer to file.
[DBG@21:14:19.414] Added buffer back to pool.
[DBG@21:14:19.673] Saving buffer 15.
[DBG@21:14:19.674] Saved 4096 bytes from buffer to file.
[DBG@21:14:19.674] Added buffer back to pool.
[DBG@21:14:19.933] Saving buffer 0.
[DBG@21:14:19.934] Saved 4096 bytes from buffer to file.
[DBG@21:14:19.934] Added buffer back to pool.
[DBG@21:14:20.183] Saving buffer 1.
[DBG@21:14:20.184] Saved 4096 bytes from buffer to file.
[DBG@21:14:20.184] Added buffer back to pool.
[DBG@21:14:20.443] Saving buffer 2.
[DBG@21:14:20.444] Saved 4096 bytes from buffer to file.
[DBG@21:14:20.444] Added buffer back to pool.
[DBG@21:14:20.693] Saving buffer 3.
[DBG@21:14:20.693] Saved 4096 bytes from buffer to file.
[DBG@21:14:20.694] Added buffer back to pool.
[DBG@21:14:20.953] Saving buffer 4.
[DBG@21:14:20.953] Saved 4096 bytes from buffer to file.
[DBG@21:14:20.954] Added buffer back to pool.
[DBG@21:14:21.213] Saving buffer 5.
[DBG@21:14:21.213] Saved 4096 bytes from buffer to file.
[DBG@21:14:21.214] Added buffer back to pool.
[DBG@21:14:21.463] Saving buffer 6.
[DBG@21:14:21.463] Saved 4096 bytes from buffer to file.
[DBG@21:14:21.464] Added buffer back to pool.
[DBG@21:14:21.723] Saving buffer 7.
[DBG@21:14:21.723] Saved 4096 bytes from buffer to file.
[DBG@21:14:21.724] Added buffer back to pool.
[DBG@21:14:21.973] Saving buffer 8.
[DBG@21:14:21.973] Saved 4096 bytes from buffer to file.
[DBG@21:14:21.974] Added buffer back to pool.
[DBG@21:14:22.233] Saving buffer 9.
[DBG@21:14:22.234] Saved 4096 bytes from buffer to file.
[DBG@21:14:22.234] Added buffer back to pool.
[DBG@21:14:22.493] Saving buffer 10.
[DBG@21:14:22.493] Saved 4096 bytes from buffer to file.
[DBG@21:14:22.494] Added buffer back to pool.
[DBG@21:14:22.743] Saving buffer 11.
[DBG@21:14:22.743] Saved 4096 bytes from buffer to file.
[DBG@21:14:22.744] Added buffer back to pool.
[DBG@21:14:23.003] Saving buffer 12.
[DBG@21:14:23.003] Saved 4096 bytes from buffer to file.
[DBG@21:14:23.004] Added buffer back to pool.
[DBG@21:14:23.253] Saving buffer 13.
[DBG@21:14:23.253] Saved 4096 bytes from buffer to file.
[DBG@21:14:23.254] Added buffer back to pool.
[DBG@21:14:23.513] Saving buffer 14.
[DBG@21:14:23.513] Saved 4096 bytes from buffer to file.
[DBG@21:14:23.513] Added buffer back to pool.
[DBG@21:14:23.773] Saving buffer 15.
[DBG@21:14:23.773] Saved 4096 bytes from buffer to file.
[DBG@21:14:23.773] Added buffer back to pool.
[DBG@21:14:24.023] Saving buffer 0.
[DBG@21:14:24.024] Saved 4096 bytes from buffer to file.
[DBG@21:14:24.024] Added buffer back to pool.
[DBG@21:14:24.283] Saving buffer 1.
[DBG@21:14:24.283] Saved 4096 bytes from buffer to file.
[DBG@21:14:24.283] Added buffer back to pool.
[DBG@21:14:24.533] Saving buffer 2.
[DBG@21:14:24.533] Saved 4096 bytes from buffer to file.
[DBG@21:14:24.534] Added buffer back to pool.
[DBG@21:14:24.793] Saving buffer 3.
[DBG@21:14:24.793] Saved 4096 bytes from buffer to file.
[DBG@21:14:24.793] Added buffer back to pool.
[DBG@21:14:25.053] Saving buffer 4.
[DBG@21:14:25.053] Saved 4096 bytes from buffer to file.
[DBG@21:14:25.053] Added buffer back to pool.
[DBG@21:14:25.303] Saving buffer 5.
[DBG@21:14:25.303] Saved 4096 bytes from buffer to file.
[DBG@21:14:25.303] Added buffer back to pool.
[DBG@21:14:25.563] Saving buffer 6.
[DBG@21:14:25.564] Saved 4096 bytes from buffer to file.
[DBG@21:14:25.564] Added buffer back to pool.
[DBG@21:14:25.813] Saving buffer 7.
[DBG@21:14:25.813] Saved 4096 bytes from buffer to file.
[DBG@21:14:25.813] Added buffer back to pool.
[DBG@21:14:26.073] Saving buffer 8.
[DBG@21:14:26.073] Saved 4096 bytes from buffer to file.
[DBG@21:14:26.073] Added buffer back to pool.
[DBG@21:14:26.333] Saving buffer 9.
[DBG@21:14:26.333] Saved 4096 bytes from buffer to file.
[DBG@21:14:26.333] Added buffer back to pool.
[DBG@21:14:26.583] Saving buffer 10.
[DBG@21:14:26.583] Saved 4096 bytes from buffer to file.
[DBG@21:14:26.583] Added buffer back to pool.
[DBG@21:14:26.843] Saving buffer 11.
[DBG@21:14:26.843] Saved 4096 bytes from buffer to file.
[DBG@21:14:26.843] Added buffer back to pool.
[DBG@21:14:27.093] Saving buffer 12.
[DBG@21:14:27.093] Saved 4096 bytes from buffer to file.
[DBG@21:14:27.093] Added buffer back to pool.
[DBG@21:14:27.353] Saving buffer 13.
[DBG@21:14:27.353] Saved 4096 bytes from buffer to file.
[DBG@21:14:27.353] Added buffer back to pool.
[DBG@21:14:27.613] Saving buffer 14.
[DBG@21:14:27.613] Saved 4096 bytes from buffer to file.
[DBG@21:14:27.613] Added buffer back to pool.
[DBG@21:14:27.863] Saving buffer 15.
[DBG@21:14:27.863] Saved 4096 bytes from buffer to file.
[DBG@21:14:27.864] Added buffer back to pool.
[DBG@21:14:28.123] Saving buffer 0.
[DBG@21:14:28.124] Saved 4096 bytes from buffer to file.
[DBG@21:14:28.124] Added buffer back to pool.
[DBG@21:14:28.373] Saving buffer 1.
[DBG@21:14:28.373] Saved 4096 bytes from buffer to file.
[DBG@21:14:28.373] Added buffer back to pool.
[DBG@21:14:28.633] Saving buffer 2.
[DBG@21:14:28.633] Saved 4096 bytes from buffer to file.
[DBG@21:14:28.633] Added buffer back to pool.
[DBG@21:14:28.893] Saving buffer 3.
[DBG@21:14:28.893] Saved 4096 bytes from buffer to file.
[DBG@21:14:28.893] Added buffer back to pool.
[DBG@21:14:29.143] Saving buffer 4.
[DBG@21:14:29.143] Saved 4096 bytes from buffer to file.
[DBG@21:14:29.143] Added buffer back to pool.
[DBG@21:14:29.403] Saving buffer 5.
[DBG@21:14:29.403] Saved 4096 bytes from buffer to file.
[DBG@21:14:29.412] Added buffer back to pool.
[DBG@21:14:29.653] Saving buffer 6.
[DBG@21:14:29.653] Saved 4096 bytes from buffer to file.
[DBG@21:14:29.653] Added buffer back to pool.
[DBG@21:14:29.913] Saving buffer 7.
[DBG@21:14:29.913] Saved 4096 bytes from buffer to file.
[DBG@21:14:29.913] Added buffer back to pool.
[DBG@21:14:30.173] Saving buffer 8.
[DBG@21:14:30.173] Saved 4096 bytes from buffer to file.
[DBG@21:14:30.173] Added buffer back to pool.
[DBG@21:14:30.423] Saving buffer 9.
[DBG@21:14:30.423] Saved 4096 bytes from buffer to file.
[DBG@21:14:30.423] Added buffer back to pool.
[DBG@21:14:30.683] Saving buffer 10.
[DBG@21:14:30.683] Saved 4096 bytes from buffer to file.
[DBG@21:14:30.683] Added buffer back to pool.
[DBG@21:14:30.933] Saving buffer 11.
[DBG@21:14:30.933] Saved 4096 bytes from buffer to file.
[DBG@21:14:30.933] Added buffer back to pool.
[DBG@21:14:31.193] Saving buffer 12.
[DBG@21:14:31.193] Saved 4096 bytes from buffer to file.
[DBG@21:14:31.193] Added buffer back to pool.
[DBG@21:14:31.453] Saving buffer 13.
[DBG@21:14:31.453] Saved 4096 bytes from buffer to file.
[DBG@21:14:31.453] Added buffer back to pool.
[DBG@21:14:31.703] Saving buffer 14.
[DBG@21:14:31.703] Saved 4096 bytes from buffer to file.
[DBG@21:14:31.703] Added buffer back to pool.
[DBG@21:14:31.963] Saving buffer 15.
[DBG@21:14:31.963] Saved 4096 bytes from buffer to file.
[DBG@21:14:31.963] Added buffer back to pool.
[DBG@21:14:32.213] Saving buffer 0.
[DBG@21:14:32.213] Saved 4096 bytes from buffer to file.
[DBG@21:14:32.213] Added buffer back to pool.
[DBG@21:14:32.473] Saving buffer 1.
[DBG@21:14:32.473] Saved 4096 bytes from buffer to file.
[DBG@21:14:32.473] Added buffer back to pool.
[DBG@21:14:32.733] Saving buffer 2.
[DBG@21:14:32.733] Saved 4096 bytes from buffer to file.
[DBG@21:14:32.733] Added buffer back to pool.
[DBG@21:14:32.983] Saving buffer 3.
[DBG@21:14:32.983] Saved 4096 bytes from buffer to file.
[DBG@21:14:32.983] Added buffer back to pool.
[DBG@21:14:33.243] Saving buffer 4.
[DBG@21:14:33.243] Saved 4096 bytes from buffer to file.
[DBG@21:14:33.243] Added buffer back to pool.
[DBG@21:14:33.493] Saving buffer 5.
[DBG@21:14:33.493] Saved 4096 bytes from buffer to file.
[DBG@21:14:33.493] Added buffer back to pool.
[DBG@21:14:33.753] Saving buffer 6.
[DBG@21:14:33.753] Saved 4096 bytes from buffer to file.
[DBG@21:14:33.753] Added buffer back to pool.
[DBG@21:14:34.013] Saving buffer 7.
[DBG@21:14:34.013] Saved 4096 bytes from buffer to file.
[DBG@21:14:34.013] Added buffer back to pool.
[DBG@21:14:34.263] Saving buffer 8.
[DBG@21:14:34.263] Saved 4096 bytes from buffer to file.
[DBG@21:14:34.263] Added buffer back to pool.
[DBG@21:14:34.523] Saving buffer 9.
[DBG@21:14:34.523] Saved 4096 bytes from buffer to file.
[DBG@21:14:34.523] Added buffer back to pool.
[DBG@21:14:34.773] Saving buffer 10.
[DBG@21:14:34.773] Saved 4096 bytes from buffer to file.
[DBG@21:14:34.773] Added buffer back to pool.
[DBG@21:14:35.033] Saving buffer 11.
[DBG@21:14:35.033] Saved 4096 bytes from buffer to file.
[DBG@21:14:35.033] Added buffer back to pool.
[DBG@21:14:35.293] Saving buffer 12.
[DBG@21:14:35.293] Saved 4096 bytes from buffer to file.
[DBG@21:14:35.293] Added buffer back to pool.
[DBG@21:14:35.543] Saving buffer 13.
[DBG@21:14:35.543] Saved 4096 bytes from buffer to file.
[DBG@21:14:35.543] Added buffer back to pool.
[DBG@21:14:35.803] Saving buffer 14.
[DBG@21:14:35.803] Saved 4096 bytes from buffer to file.
[DBG@21:14:35.803] Added buffer back to pool.
[DBG@21:14:36.053] Saving buffer 15.
[DBG@21:14:36.053] Saved 4096 bytes from buffer to file.
[DBG@21:14:36.053] Added buffer back to pool.
[DBG@21:14:36.313] Saving buffer 0.
[DBG@21:14:36.313] Saved 4096 bytes from buffer to file.
[DBG@21:14:36.313] Added buffer back to pool.
[DBG@21:14:36.573] Saving buffer 1.
[DBG@21:14:36.573] Saved 4096 bytes from buffer to file.
[DBG@21:14:36.573] Added buffer back to pool.
[DBG@21:14:36.823] Saving buffer 2.
[DBG@21:14:36.823] Saved 4096 bytes from buffer to file.
[DBG@21:14:36.823] Added buffer back to pool.
[DBG@21:14:37.083] Saving buffer 3.
[DBG@21:14:37.083] Saved 4096 bytes from buffer to file.
[DBG@21:14:37.083] Added buffer back to pool.
[DBG@21:14:37.333] Saving buffer 4.
[DBG@21:14:37.333] Saved 4096 bytes from buffer to file.
[DBG@21:14:37.333] Added buffer back to pool.
[DBG@21:14:37.593] Saving buffer 5.
[DBG@21:14:37.593] Saved 4096 bytes from buffer to file.
[DBG@21:14:37.593] Added buffer back to pool.
[DBG@21:14:37.853] Saving buffer 6.
[DBG@21:14:37.853] Saved 4096 bytes from buffer to file.
[DBG@21:14:37.853] Added buffer back to pool.
[DBG@21:14:38.103] Saving buffer 7.
[DBG@21:14:38.103] Saved 4096 bytes from buffer to file.
[DBG@21:14:38.103] Added buffer back to pool.
[DBG@21:14:38.363] Saving buffer 8.
[DBG@21:14:38.363] Saved 4096 bytes from buffer to file.
[DBG@21:14:38.363] Added buffer back to pool.
[DBG@21:14:38.613] Saving buffer 9.
[DBG@21:14:38.613] Saved 4096 bytes from buffer to file.
[DBG@21:14:38.613] Added buffer back to pool.
[DBG@21:14:38.873] Saving buffer 10.
[DBG@21:14:38.873] Saved 4096 bytes from buffer to file.
[DBG@21:14:38.873] Added buffer back to pool.
[DBG@21:14:39.133] Saving buffer 11.
[DBG@21:14:39.133] Saved 4096 bytes from buffer to file.
[DBG@21:14:39.133] Added buffer back to pool.
[DBG@21:14:39.383] Saving buffer 12.
[DBG@21:14:39.383] Saved 4096 bytes from buffer to file.
[DBG@21:14:39.383] Added buffer back to pool.
[DBG@21:14:39.643] Saving buffer 13.
[DBG@21:14:39.643] Saved 4096 bytes from buffer to file.
[DBG@21:14:39.643] Added buffer back to pool.
[DBG@21:14:39.893] Saving buffer 14.
[DBG@21:14:39.893] Saved 4096 bytes from buffer to file.
[DBG@21:14:39.893] Added buffer back to pool.
[DBG@21:14:40.153] Saving buffer 15.
[DBG@21:14:40.153] Saved 4096 bytes from buffer to file.
[DBG@21:14:40.153] Added buffer back to pool.
[DBG@21:14:40.413] Saving buffer 0.
[DBG@21:14:40.413] Saved 4096 bytes from buffer to file.
[DBG@21:14:40.413] Added buffer back to pool.
[DBG@21:14:40.663] Saving buffer 1.
[DBG@21:14:40.663] Saved 4096 bytes from buffer to file.
[DBG@21:14:40.663] Added buffer back to pool.
[DBG@21:14:40.923] Saving buffer 2.
[DBG@21:14:40.923] Saved 4096 bytes from buffer to file.
[DBG@21:14:40.923] Added buffer back to pool.
[DBG@21:14:41.173] Saving buffer 3.
[DBG@21:14:41.173] Saved 4096 bytes from buffer to file.
[DBG@21:14:41.173] Added buffer back to pool.
[DBG@21:14:41.433] Saving buffer 4.
[DBG@21:14:41.433] Saved 4096 bytes from buffer to file.
[DBG@21:14:41.433] Added buffer back to pool.
[DBG@21:14:41.693] Saving buffer 5.
[DBG@21:14:41.693] Saved 4096 bytes from buffer to file.
[DBG@21:14:41.693] Added buffer back to pool.
[DBG@21:14:41.943] Saving buffer 6.
[DBG@21:14:41.943] Saved 4096 bytes from buffer to file.
[DBG@21:14:41.943] Added buffer back to pool.
[DBG@21:14:42.203] Saving buffer 7.
[DBG@21:14:42.203] Saved 4096 bytes from buffer to file.
[DBG@21:14:42.203] Added buffer back to pool.
[DBG@21:14:42.453] Saving buffer 8.
[DBG@21:14:42.453] Saved 4096 bytes from buffer to file.
[DBG@21:14:42.453] Added buffer back to pool.
[DBG@21:14:42.712] Saving buffer 9.
[DBG@21:14:42.713] Saved 4096 bytes from buffer to file.
[DBG@21:14:42.713] Added buffer back to pool.
[DBG@21:14:42.972] Saving buffer 10.
[DBG@21:14:42.973] Saved 4096 bytes from buffer to file.
[DBG@21:14:42.973] Added buffer back to pool.
[DBG@21:14:43.222] Saving buffer 11.
[DBG@21:14:43.223] Saved 4096 bytes from buffer to file.
[DBG@21:14:43.223] Added buffer back to pool.
[DBG@21:14:43.482] Saving buffer 12.
[DBG@21:14:43.483] Saved 4096 bytes from buffer to file.
[DBG@21:14:43.483] Added buffer back to pool.
[DBG@21:14:43.732] Saving buffer 13.
[DBG@21:14:43.733] Saved 4096 bytes from buffer to file.
[DBG@21:14:43.733] Added buffer back to pool.
[DBG@21:14:43.992] Saving buffer 14.
[DBG@21:14:43.993] Saved 4096 bytes from buffer to file.
[DBG@21:14:43.993] Added buffer back to pool.
[DBG@21:14:44.252] Saving buffer 15.
[DBG@21:14:44.253] Saved 4096 bytes from buffer to file.
[DBG@21:14:44.253] Added buffer back to pool.
[DBG@21:14:44.502] Saving buffer 0.
[DBG@21:14:44.503] Saved 4096 bytes from buffer to file.
[DBG@21:14:44.503] Added buffer back to pool.
[DBG@21:14:44.762] Saving buffer 1.
[DBG@21:14:44.762] Saved 4096 bytes from buffer to file.
[DBG@21:14:44.763] Added buffer back to pool.
[DBG@21:14:45.012] Saving buffer 2.
[DBG@21:14:45.012] Saved 4096 bytes from buffer to file.
[DBG@21:14:45.013] Added buffer back to pool.
[DBG@21:14:45.272] Saving buffer 3.
[DBG@21:14:45.272] Saved 4096 bytes from buffer to file.
[DBG@21:14:45.273] Added buffer back to pool.
[DBG@21:14:45.532] Saving buffer 4.
[DBG@21:14:45.533] Saved 4096 bytes from buffer to file.
[DBG@21:14:45.533] Added buffer back to pool.
[DBG@21:14:45.782] Saving buffer 5.
[DBG@21:14:45.783] Saved 4096 bytes from buffer to file.
[DBG@21:14:45.783] Added buffer back to pool.
[DBG@21:14:46.042] Saving buffer 6.
[DBG@21:14:46.042] Saved 4096 bytes from buffer to file.
[DBG@21:14:46.043] Added buffer back to pool.
[DBG@21:14:46.292] Saving buffer 7.
[DBG@21:14:46.292] Saved 4096 bytes from buffer to file.
[DBG@21:14:46.293] Added buffer back to pool.
[DBG@21:14:46.552] Saving buffer 8.
[DBG@21:14:46.552] Saved 4096 bytes from buffer to file.
[DBG@21:14:46.553] Added buffer back to pool.
[DBG@21:14:46.812] Saving buffer 9.
[DBG@21:14:46.813] Saved 4096 bytes from buffer to file.
[DBG@21:14:46.813] Added buffer back to pool.
[DBG@21:14:47.062] Saving buffer 10.
[DBG@21:14:47.062] Saved 4096 bytes from buffer to file.
[DBG@21:14:47.063] Added buffer back to pool.
[DBG@21:14:47.322] Saving buffer 11.
[DBG@21:14:47.322] Saved 4096 bytes from buffer to file.
[DBG@21:14:47.323] Added buffer back to pool.
[DBG@21:14:47.572] Saving buffer 12.
[DBG@21:14:47.572] Saved 4096 bytes from buffer to file.
[DBG@21:14:47.573] Added buffer back to pool.
[DBG@21:14:47.832] Saving buffer 13.
[DBG@21:14:47.832] Saved 4096 bytes from buffer to file.
[DBG@21:14:47.832] Added buffer back to pool.
[DBG@21:14:48.092] Saving buffer 14.
[DBG@21:14:48.092] Saved 4096 bytes from buffer to file.
[DBG@21:14:48.093] Added buffer back to pool.
[DBG@21:14:48.342] Saving buffer 15.
[DBG@21:14:48.342] Saved 4096 bytes from buffer to file.
[DBG@21:14:48.342] Added buffer back to pool.
[DBG@21:14:48.602] Saving buffer 0.
[DBG@21:14:48.603] Saved 4096 bytes from buffer to file.
[DBG@21:14:48.603] Added buffer back to pool.
[DBG@21:14:48.852] Saving buffer 1.
[DBG@21:14:48.852] Saved 4096 bytes from buffer to file.
[DBG@21:14:48.852] Added buffer back to pool.
[DBG@21:14:49.112] Saving buffer 2.
[DBG@21:14:49.112] Saved 4096 bytes from buffer to file.
[DBG@21:14:49.112] Added buffer back to pool.
[DBG@21:14:49.372] Saving buffer 3.
[DBG@21:14:49.372] Saved 4096 bytes from buffer to file.
[DBG@21:14:49.372] Added buffer back to pool.
[DBG@21:14:49.622] Saving buffer 4.
[DBG@21:14:49.622] Saved 4096 bytes from buffer to file.
[DBG@21:14:49.622] Added buffer back to pool.
[DBG@21:14:49.882] Saving buffer 5.
[DBG@21:14:49.882] Saved 4096 bytes from buffer to file.
[DBG@21:14:49.882] Added buffer back to pool.
[DBG@21:14:50.132] Saving buffer 6.
[DBG@21:14:50.132] Saved 4096 bytes from buffer to file.
[DBG@21:14:50.132] Added buffer back to pool.
[DBG@21:14:50.392] Saving buffer 7.
[DBG@21:14:50.392] Saved 4096 bytes from buffer to file.
[DBG@21:14:50.392] Added buffer back to pool.
[DBG@21:14:50.652] Saving buffer 8.
[DBG@21:14:50.652] Saved 4096 bytes from buffer to file.
[DBG@21:14:50.653] Added buffer back to pool.
[DBG@21:14:50.902] Saving buffer 9.
[DBG@21:14:50.902] Saved 4096 bytes from buffer to file.
[DBG@21:14:50.902] Added buffer back to pool.
[DBG@21:14:51.162] Saving buffer 10.
[DBG@21:14:51.162] Saved 4096 bytes from buffer to file.
[DBG@21:14:51.162] Added buffer back to pool.
[DBG@21:14:51.412] Saving buffer 11.
[DBG@21:14:51.412] Saved 4096 bytes from buffer to file.
[DBG@21:14:51.412] Added buffer back to pool.
[DBG@21:14:51.672] Saving buffer 12.
[DBG@21:14:51.672] Saved 4096 bytes from buffer to file.
[DBG@21:14:51.672] Added buffer back to pool.
[DBG@21:14:51.932] Saving buffer 13.
[DBG@21:14:51.932] Saved 4096 bytes from buffer to file.
[DBG@21:14:51.932] Added buffer back to pool.
[DBG@21:14:52.182] Saving buffer 14.
[DBG@21:14:52.182] Saved 4096 bytes from buffer to file.
[DBG@21:14:52.182] Added buffer back to pool.
[DBG@21:14:52.442] Saving buffer 15.
[DBG@21:14:52.442] Saved 4096 bytes from buffer to file.
[DBG@21:14:52.442] Added buffer back to pool.
[DBG@21:14:52.692] Saving buffer 0.
[DBG@21:14:52.693] Saved 4096 bytes from buffer to file.
[DBG@21:14:52.693] Added buffer back to pool.
[DBG@21:14:52.952] Saving buffer 1.
[DBG@21:14:52.952] Saved 4096 bytes from buffer to file.
[DBG@21:14:52.952] Added buffer back to pool.
[DBG@21:14:53.212] Saving buffer 2.
[DBG@21:14:53.212] Saved 4096 bytes from buffer to file.
[DBG@21:14:53.212] Added buffer back to pool.
[DBG@21:14:53.462] Saving buffer 3.
[DBG@21:14:53.462] Saved 4096 bytes from buffer to file.
[DBG@21:14:53.462] Added buffer back to pool.
[DBG@21:14:53.722] Saving buffer 4.
[DBG@21:14:53.722] Saved 4096 bytes from buffer to file.
[DBG@21:14:53.722] Added buffer back to pool.
[DBG@21:14:53.972] Saving buffer 5.
[DBG@21:14:53.972] Saved 4096 bytes from buffer to file.
[DBG@21:14:53.972] Added buffer back to pool.
[DBG@21:14:54.232] Saving buffer 6.
[DBG@21:14:54.232] Saved 4096 bytes from buffer to file.
[DBG@21:14:54.232] Added buffer back to pool.
[DBG@21:14:54.492] Saving buffer 7.
[DBG@21:14:54.492] Saved 4096 bytes from buffer to file.
[DBG@21:14:54.492] Added buffer back to pool.
[DBG@21:14:54.742] Saving buffer 8.
[DBG@21:14:54.742] Saved 4096 bytes from buffer to file.
[DBG@21:14:54.742] Added buffer back to pool.
[DBG@21:14:55.002] Saving buffer 9.
[DBG@21:14:55.002] Saved 4096 bytes from buffer to file.
[DBG@21:14:55.002] Added buffer back to pool.
[DBG@21:14:55.252] Saving buffer 10.
[DBG@21:14:55.252] Saved 4096 bytes from buffer to file.
[DBG@21:14:55.252] Added buffer back to pool.
[DBG@21:14:55.512] Saving buffer 11.
[DBG@21:14:55.512] Saved 4096 bytes from buffer to file.
[DBG@21:14:55.512] Added buffer back to pool.
[DBG@21:14:55.772] Saving buffer 12.
[DBG@21:14:55.772] Saved 4096 bytes from buffer to file.
[DBG@21:14:55.772] Added buffer back to pool.
[DBG@21:14:56.022] Saving buffer 13.
[DBG@21:14:56.022] Saved 4096 bytes from buffer to file.
[DBG@21:14:56.022] Added buffer back to pool.
[DBG@21:14:56.282] Saving buffer 14.
[DBG@21:14:56.282] Saved 4096 bytes from buffer to file.
[DBG@21:14:56.282] Added buffer back to pool.
[DBG@21:14:56.532] Saving buffer 15.
[DBG@21:14:56.532] Saved 4096 bytes from buffer to file.
[DBG@21:14:56.532] Added buffer back to pool.
[DBG@21:14:56.792] Saving buffer 0.
[DBG@21:14:56.792] Saved 4096 bytes from buffer to file.
[DBG@21:14:56.792] Added buffer back to pool.
[DBG@21:14:57.052] Saving buffer 1.
[DBG@21:14:57.052] Saved 4096 bytes from buffer to file.
[DBG@21:14:57.052] Added buffer back to pool.
[DBG@21:14:57.302] Saving buffer 2.
[DBG@21:14:57.302] Saved 4096 bytes from buffer to file.
[DBG@21:14:57.302] Added buffer back to pool.
[STD@21:14:57.349] Stopping device
[DBG@21:14:57.350] Saving buffer 3.
[DBG@21:14:57.350] Saved 672 bytes from buffer to file.
[DBG@21:14:57.350] Added buffer back to pool.
[DBG@21:14:57.351] waveInReset (0)
[STD@21:14:57.351] Closing wave file
