Begin utterance: 000
Received 3328 bytes of audio data...
Received 1280 bytes of audio data...
PARTIAL RESULT (000): 
End utterance: 000
FINAL RESULT (000): 
Abort utterance: 000
Begin utterance: 001
Received 3328 bytes of audio data...
Received 640 bytes of audio data...
PARTIAL RESULT (001): 
Received 2432 bytes of audio data...
PARTIAL RESULT (001): 
Received 3072 bytes of audio data...
PARTIAL RESULT (001): 
End utterance: 001
FINAL RESULT (001): 
Abort utterance: 001
Begin utterance: 002
Received 3328 bytes of audio data...
Received 896 bytes of audio data...
PARTIAL RESULT (002): 
Received 1280 bytes of audio data...
PARTIAL RESULT (002): 
End utterance: 002
FINAL RESULT (002): 
Abort utterance: 002
