INFO: \Projects\RoomLine-Blackmore\Agents\sphinx2\src\libsphinx2\fbs_main.c(1210): Previous logfile: '..\..\logs\LetsGoPublic\20061122\013\LetsGoPublic-20061122-013-sphinx_male.log'
sphinx_client \
 -live TRUE \
 -normmean TRUE \
 -nmprior TRUE \
 -samp 8000 \
 -topsenfrm 4 \
 -topsenthresh \
 -80000 \
 -fwdflat FALSE \
 -compallsen TRUE \
 -bestpath FALSE \
 -latsize 500000 \
 -top 4 \
 -fillpen 1e-10 \
 -nwpen 0.01 \
 -silpen 0.005 \
 -inspen 0.65 \
 -langwt 8.5 \
 -ugwt 0.7 \
 -beam 2e-6 \
 -npbeam 2e-6 \
 -nwbeam 5e-4 \
 -lpbeam 2e-5 \
 -lponlybeam 5e-4 \
 -fwdflatbeam 1e-8 \
 -fwdflatnwbeam 3e-4 \
 -rescorelw 9.5 \
 -lmctlfn LanguageModel/LetsGoPublic2.371/LetsGoPublic_LM.ctl \
 -dictfn Dictionary/LetsGoPublic2.371/vocab.dic \
 -ndictfn Dictionary/LetsGoPublic2.371/noise.dic \
 -phnfn adapted\LetsGoPublic2.615\male.sphinx2\phone \
 -mapfn adapted\LetsGoPublic2.615\male.sphinx2\map \
 -sendumpfn adapted\LetsGoPublic2.615\male.sphinx2\sendump \
 -hmmdir adapted\LetsGoPublic2.615\male.sphinx2 \
 -hmmdirlist adapted\LetsGoPublic2.615\male.sphinx2 \
 -cbdir adapted\LetsGoPublic2.615\male.sphinx2 \
 -8bsen TRUE \
 -logfn .\sphinx_male.log \
 -argfile male-phone.arg 

[20:36:57.674] Processing input...
[20:36:57.674] Received 27 bytes...
[20:36:57.674] Processing command: engine_set_lm first_query 

[20:36:57.674] set lm: first_query
INFO: \Projects\RoomLine-Blackmore\Agents\sphinx2\src\libsphinx2\search.c(3619): Creating search tree
INFO: \Projects\RoomLine-Blackmore\Agents\sphinx2\src\libsphinx2\search.c(3742): 339 root, 50227 non-root channels, 30 single-phone words
INFO: \Projects\RoomLine-Blackmore\Agents\sphinx2\src\libsphinx2\uttproc.c(1752): LM= "first_query"
[20:37:10.092] Processing input...
[20:37:10.092] Received 27 bytes...
[20:37:10.092] Processing command: engine_begin_utt 000 69888

[20:37:10.092] begin utt: 000 (69888)
INFO: \Projects\RoomLine-Blackmore\Agents\sphinx2\src\libsphinx2\uttproc.c(1195): Livemode
[20:37:10.094] Processing input...
[20:37:10.094] Received 22 bytes...
[20:37:10.094] Processing command: engine_proc_raw 6656 

[20:37:10.094] prepare to proc raw
[20:37:10.095] Processing input...
[20:37:10.095] Received 6656 bytes...
[20:37:10.095] Processing raw data ...
[20:37:10.095] 6656 bytes raw data received
[20:37:10.341] Processing input...
[20:37:10.341] Received 3115 bytes...
[20:37:10.341] Processing command: engine_proc_raw 3072 

[20:37:10.341] prepare to proc raw
[20:37:10.341] Processing raw data ...
[20:37:10.341] 3072 bytes raw data received
[20:37:10.485] Processing command: engine_proc_partial 

[20:37:10.485] proc partial result (48): DOWN 
[20:37:10.485] Sending:
 {c properties 											:partial_hyp "DOWN " 											:engine_name "male"											:start_timestamp "69888" 											:end_timestamp "70368" 											:frame_num "48" 										}
[20:37:10.485] Sent

[20:37:10.653] Processing input...
[20:37:10.653] Received 22 bytes...
[20:37:10.653] Processing command: engine_proc_raw 5120 

[20:37:10.653] prepare to proc raw
[20:37:10.653] Processing input...
[20:37:10.653] Received 5141 bytes...
[20:37:10.653] Processing raw data ...
[20:37:10.653] 5120 bytes raw data received
[20:37:10.791] Processing command: engine_proc_partial 

[20:37:10.792] proc partial result (80): DOWNTOWN   
[20:37:10.792] Sending:
 {c properties 											:partial_hyp "DOWNTOWN   " 											:engine_name "male"											:start_timestamp "69888" 											:end_timestamp "70688" 											:frame_num "80" 										}
[20:37:10.792] Sent

[20:37:10.965] Processing input...
[20:37:10.965] Received 22 bytes...
[20:37:10.965] Processing command: engine_proc_raw 4864 

[20:37:10.965] prepare to proc raw
[20:37:10.966] Processing input...
[20:37:10.966] Received 4885 bytes...
[20:37:10.966] Processing raw data ...
[20:37:10.966] 4864 bytes raw data received
[20:37:11.220] Processing command: engine_proc_partial 

[20:37:11.221] proc partial result (110): DOWNTOWN   
[20:37:11.221] Sending:
 {c properties 											:partial_hyp "DOWNTOWN   " 											:engine_name "male"											:start_timestamp "69888" 											:end_timestamp "70988" 											:frame_num "110" 										}
[20:37:11.221] Sent

[20:37:11.247] Processing input...
[20:37:11.247] Received 22 bytes...
[20:37:11.247] Processing command: engine_proc_raw 3584 

[20:37:11.247] prepare to proc raw
[20:37:11.248] Processing input...
[20:37:11.248] Received 3605 bytes...
[20:37:11.248] Processing raw data ...
[20:37:11.248] 3584 bytes raw data received
[20:37:11.501] Processing command: engine_proc_partial 

[20:37:11.502] proc partial result (133): DOWNTOWN   
[20:37:11.575] Processing input...
[20:37:11.575] Received 36 bytes...
[20:37:11.575] Processing command: engine_end_utt 

[20:37:11.575] end utt: 000
INFO: \Projects\RoomLine-Blackmore\Agents\sphinx2\src\libsphinx2\uttproc.c(1391): Samples histogram (000) (4/8/16/30/32K): 99.9%(11641) 0.1%(7) 0.0%(0) 0.0%(0) 0.0%(0); max: 4436
INFO: \Projects\RoomLine-Blackmore\Agents\sphinx2\src\libsphinx2\sc_vq.c(576): VQ-TIME= 0.1sec, SCR-TIME= 0.2sec (CPU)
INFO: \Projects\RoomLine-Blackmore\Agents\sphinx2\src\libsphinx2\live_norm.c(168): mean_norm_update: from < 10.35  0.38 -0.93 -0.12 -0.37 -0.34 -0.24 -0.08 -0.19 -0.13 -0.13 -0.12 -0.17 >
INFO: \Projects\RoomLine-Blackmore\Agents\sphinx2\src\libsphinx2\live_norm.c(185): mean_norm_update: to   < 10.45  0.48 -0.91 -0.13 -0.37 -0.31 -0.24 -0.06 -0.22 -0.12 -0.15 -0.13 -0.17 >
[20:37:11.579] Processing command: engine_proc_result 

[20:37:11.579] proc result
	SFrm Efrm        AScr       LScr   BSDiff TSDiffPF   Conf LatDen Word (FWDTREE) (000)
	---------------------------------------------------------------------
	   0   17    -3993055          0  -123627   -64254  -1.00      9 <s>
	  18   77    -9509660    -423494  -411383   -29760   0.32     24 DOWNTOWN:n
	  78  119    -8419945    -230270  -319287   -52238  -1.00     37 ++BACKGROUND++
	 120  136    -3286773     -77433  -128292   -42811  -1.00     19 </s>
	---------------------------------------------------------------------
	   0  136   -25209433    -731197  -411383   -64254               000(TOTAL)
INFO: \Projects\RoomLine-Blackmore\Agents\sphinx2\src\libsphinx2\search.c(2756): FWDTREE: DOWNTOWN:n  (000 -25940630 (A=-25209433 L=-731197))
INFO: \Projects\RoomLine-Blackmore\Agents\sphinx2\src\libsphinx2\search.c(2842):     2570 words recognized (19/fr)
INFO: \Projects\RoomLine-Blackmore\Agents\sphinx2\src\libsphinx2\search.c(2845):     5716 phones in topsen (41/fr)
INFO: \Projects\RoomLine-Blackmore\Agents\sphinx2\src\libsphinx2\search.c(2847):   861730 senones evaluated (6290/fr)
INFO: \Projects\RoomLine-Blackmore\Agents\sphinx2\src\libsphinx2\search.c(2849):   287977 channels searched (2102/fr), 41775 1st, 34025 last
INFO: \Projects\RoomLine-Blackmore\Agents\sphinx2\src\libsphinx2\search.c(2853):     4978 words for which last channels evaluated (36/fr)
INFO: \Projects\RoomLine-Blackmore\Agents\sphinx2\src\libsphinx2\search.c(2855):    10655 candidate words for entering last phone (77/fr)
INFO: \Projects\RoomLine-Blackmore\Agents\sphinx2\src\libsphinx2\uttproc.c(517):   1.36 SoS,   1.52 sec elapsed,  1.11 xRT,   0.98 sec CPU,  0.72 xRT

[20:37:11.612] 136 frames

[20:37:11.612] Acoustic confidence: (-19196928 - -25209432.000000) / 136 = 44209.589844

[20:37:11.612] hyp: DOWNTOWN 

[20:37:11.612] Sending final hypotheses frame:
{c result :results ( {c hypothesis :hyp "DOWNTOWN " :confhyp "DOWNTOWN " :uttid "000" :engine_name "male" :nbest_index 0 :decoder_score -25940630.000000 :lm_score -731197.000000 :am_score -25209432.000000 :frame_num 136 :acoustic_gap_norm 44209.589844 :avg_sphinxwordconf 0.316064 :min_sphinxwordconf 0.316064 :max_sphinxwordconf 0.316064 :avg_wordconf 0.916667 :min_wordconf 0.916667 :max_wordconf 0.916667 :avg_validwordconf 0.916667 :min_validwordconf 0.916667 :max_validwordconf 0.916667 :startframes "18" :endframes "77" :init_timestamp 69888 :end_timestamp 71248 }  ) }

[20:37:11.640] Processing input...
[20:37:11.640] Received 19 bytes...
[20:37:11.640] Processing command: engine_cancel_utt 

[20:37:11.894] Processing input...
[20:37:11.894] Received 22 bytes...
[20:37:11.894] Processing command: engine_set_lm yes_no 

[20:37:11.894] set lm: yes_no
INFO: \Projects\RoomLine-Blackmore\Agents\sphinx2\src\libsphinx2\search.c(3619): Creating search tree
INFO: \Projects\RoomLine-Blackmore\Agents\sphinx2\src\libsphinx2\search.c(3742): 354 root, 50406 non-root channels, 35 single-phone words
INFO: \Projects\RoomLine-Blackmore\Agents\sphinx2\src\libsphinx2\uttproc.c(1752): LM= "yes_no"
[20:37:16.952] Processing input...
[20:37:16.952] Received 28 bytes...
[20:37:16.952] Processing command: engine_begin_utt 001 124288

[20:37:16.952] begin utt: 001 (124288)
INFO: \Projects\RoomLine-Blackmore\Agents\sphinx2\src\libsphinx2\uttproc.c(1195): Livemode
[20:37:16.953] Processing input...
[20:37:16.953] Received 22 bytes...
[20:37:16.953] Processing command: engine_proc_raw 6656 

[20:37:16.953] prepare to proc raw
[20:37:16.953] Processing input...
[20:37:16.953] Received 4320 bytes...
[20:37:16.953] Processing input...
[20:37:16.953] Received 2336 bytes...
[20:37:16.953] Processing raw data ...
[20:37:16.953] 6656 bytes raw data received
[20:37:17.200] Processing input...
[20:37:17.200] Received 22 bytes...
[20:37:17.200] Processing command: engine_proc_raw 2560 

[20:37:17.200] prepare to proc raw
[20:37:17.200] Processing input...
[20:37:17.200] Received 2560 bytes...
[20:37:17.200] Processing raw data ...
[20:37:17.200] 2560 bytes raw data received
[20:37:17.327] Processing input...
[20:37:17.327] Received 21 bytes...
[20:37:17.327] Processing command: engine_proc_partial 

[20:37:17.327] proc partial result (45): YES 
[20:37:17.327] Sending:
 {c properties 											:partial_hyp "YES " 											:engine_name "male"											:start_timestamp "124288" 											:end_timestamp "124738" 											:frame_num "45" 										}
[20:37:17.327] Sent

[20:37:17.528] Processing input...
[20:37:17.528] Received 36 bytes...
[20:37:17.528] Processing command: engine_end_utt 

[20:37:17.528] end utt: 001
INFO: \Projects\RoomLine-Blackmore\Agents\sphinx2\src\libsphinx2\uttproc.c(1391): Samples histogram (001) (4/8/16/30/32K): 99.9%(4602) 0.1%(6) 0.0%(0) 0.0%(0) 0.0%(0); max: 4694
INFO: \Projects\RoomLine-Blackmore\Agents\sphinx2\src\libsphinx2\sc_vq.c(576): VQ-TIME= 0.0sec, SCR-TIME= 0.0sec (CPU)
INFO: \Projects\RoomLine-Blackmore\Agents\sphinx2\src\libsphinx2\live_norm.c(168): mean_norm_update: from < 10.45  0.48 -0.91 -0.13 -0.37 -0.31 -0.24 -0.06 -0.22 -0.12 -0.15 -0.13 -0.17 >
INFO: \Projects\RoomLine-Blackmore\Agents\sphinx2\src\libsphinx2\live_norm.c(185): mean_norm_update: to   < 10.38  0.48 -0.89 -0.13 -0.37 -0.29 -0.24 -0.05 -0.21 -0.12 -0.15 -0.13 -0.16 >
[20:37:17.531] Processing command: engine_proc_result 

[20:37:17.531] proc result
	SFrm Efrm        AScr       LScr   BSDiff TSDiffPF   Conf LatDen Word (FWDTREE) (001)
	---------------------------------------------------------------------
	   0   15    -2569513          0   -79965   -10642  -1.00      4 <s>
	  16   42    -4551966    -130550   -62676   -34219   0.39     21 YES
	  43   48    -1132615     -65474   -80165   -26294  -1.00     11 </s>
	---------------------------------------------------------------------
	   0   48    -8254094    -196024   -80165   -34219               001(TOTAL)
INFO: \Projects\RoomLine-Blackmore\Agents\sphinx2\src\libsphinx2\search.c(2756): FWDTREE: YES  (001 -8450118 (A=-8254094 L=-196024))
INFO: \Projects\RoomLine-Blackmore\Agents\sphinx2\src\libsphinx2\search.c(2842):      550 words recognized (11/fr)
INFO: \Projects\RoomLine-Blackmore\Agents\sphinx2\src\libsphinx2\search.c(2845):     1976 phones in topsen (40/fr)
INFO: \Projects\RoomLine-Blackmore\Agents\sphinx2\src\libsphinx2\search.c(2847):   308210 senones evaluated (6290/fr)
INFO: \Projects\RoomLine-Blackmore\Agents\sphinx2\src\libsphinx2\search.c(2849):    81182 channels searched (1656/fr), 16198 1st, 8969 last
INFO: \Projects\RoomLine-Blackmore\Agents\sphinx2\src\libsphinx2\search.c(2853):     1758 words for which last channels evaluated (35/fr)
INFO: \Projects\RoomLine-Blackmore\Agents\sphinx2\src\libsphinx2\search.c(2855):     4874 candidate words for entering last phone (99/fr)
INFO: \Projects\RoomLine-Blackmore\Agents\sphinx2\src\libsphinx2\uttproc.c(517):   0.48 SoS,   0.59 sec elapsed,  1.24 xRT,   0.30 sec CPU,  0.62 xRT

[20:37:17.551] 48 frames

[20:37:17.551] Acoustic confidence: (-6835200 - -8254094.000000) / 48 = 29560.291016

[20:37:17.551] hyp: YES 

[20:37:17.552] Sending final hypotheses frame:
{c result :results ( {c hypothesis :hyp "YES " :confhyp "YES " :uttid "001" :engine_name "male" :nbest_index 0 :decoder_score -8450118.000000 :lm_score -196024.000000 :am_score -8254094.000000 :frame_num 48 :acoustic_gap_norm 29560.291016 :avg_sphinxwordconf 0.385276 :min_sphinxwordconf 0.385276 :max_sphinxwordconf 0.385276 :avg_wordconf 0.916667 :min_wordconf 0.916667 :max_wordconf 0.916667 :avg_validwordconf 0.916667 :min_validwordconf 0.916667 :max_validwordconf 0.916667 :startframes "16" :endframes "42" :init_timestamp 124288 :end_timestamp 124768 }  ) }

[20:37:17.560] Processing input...
[20:37:17.560] Received 19 bytes...
[20:37:17.560] Processing command: engine_cancel_utt 

[20:37:17.944] Processing input...
[20:37:17.944] Received 21 bytes...
[20:37:17.944] Processing command: engine_set_lm place 

[20:37:17.944] set lm: place
INFO: \Projects\RoomLine-Blackmore\Agents\sphinx2\src\libsphinx2\search.c(3619): Creating search tree
INFO: \Projects\RoomLine-Blackmore\Agents\sphinx2\src\libsphinx2\search.c(3742): 350 root, 50319 non-root channels, 31 single-phone words
INFO: \Projects\RoomLine-Blackmore\Agents\sphinx2\src\libsphinx2\uttproc.c(1752): LM= "place"
[20:37:20.999] Processing input...
[20:37:20.999] Received 28 bytes...
[20:37:20.999] Processing command: engine_begin_utt 002 157568

[20:37:20.999] begin utt: 002 (157568)
INFO: \Projects\RoomLine-Blackmore\Agents\sphinx2\src\libsphinx2\uttproc.c(1195): Livemode
[20:37:21.000] Processing input...
[20:37:21.000] Received 6678 bytes...
[20:37:21.000] Processing command: engine_proc_raw 6656 

[20:37:21.000] prepare to proc raw
[20:37:21.000] Processing raw data ...
[20:37:21.000] 6656 bytes raw data received
[20:37:21.260] Processing input...
[20:37:21.260] Received 3115 bytes...
[20:37:21.261] Processing command: engine_proc_raw 3072 

[20:37:21.261] prepare to proc raw
[20:37:21.261] Processing raw data ...
[20:37:21.261] 3072 bytes raw data received
[20:37:21.435] Processing command: engine_proc_partial 

[20:37:21.435] proc partial result (48): NO 
[20:37:21.435] Sending:
 {c properties 											:partial_hyp "NO " 											:engine_name "male"											:start_timestamp "157568" 											:end_timestamp "158048" 											:frame_num "48" 										}
[20:37:21.435] Sent

[20:37:21.575] Processing input...
[20:37:21.575] Received 36 bytes...
[20:37:21.575] Processing command: engine_end_utt 

[20:37:21.575] end utt: 002
INFO: \Projects\RoomLine-Blackmore\Agents\sphinx2\src\libsphinx2\uttproc.c(1391): Samples histogram (002) (4/8/16/30/32K): 98.1%(4773) 1.8%(89) 0.0%(2) 0.0%(0) 0.0%(0); max: 8500
INFO: \Projects\RoomLine-Blackmore\Agents\sphinx2\src\libsphinx2\sc_vq.c(576): VQ-TIME= 0.0sec, SCR-TIME= 0.1sec (CPU)
INFO: \Projects\RoomLine-Blackmore\Agents\sphinx2\src\libsphinx2\live_norm.c(168): mean_norm_update: from < 10.38  0.48 -0.89 -0.13 -0.37 -0.29 -0.24 -0.05 -0.21 -0.12 -0.15 -0.13 -0.16 >
INFO: \Projects\RoomLine-Blackmore\Agents\sphinx2\src\libsphinx2\live_norm.c(185): mean_norm_update: to   < 10.34  0.49 -0.90 -0.12 -0.36 -0.29 -0.23 -0.05 -0.21 -0.12 -0.15 -0.13 -0.16 >
[20:37:21.577] Processing command: engine_proc_result 

[20:37:21.577] proc result
	SFrm Efrm        AScr       LScr   BSDiff TSDiffPF   Conf LatDen Word (FWDTREE) (002)
	---------------------------------------------------------------------
	   0    3     -752461          0   -54365   -47059  -1.00     10 <s>
	   4   16    -2536788    -230270  -436088   -55952  -1.00     58 ++AE++
	  17   26    -1949506     -52986  -360274   -42681  -1.00     41 SIL
	  27   42    -2870931    -411407  -555221   -42025   0.07     42 NO
	  43   51    -1819298     -82873  -554949   -55484  -1.00     34 </s>
	---------------------------------------------------------------------
	   0   51    -9928984    -777536  -555221   -55952               002(TOTAL)
INFO: \Projects\RoomLine-Blackmore\Agents\sphinx2\src\libsphinx2\search.c(2756): FWDTREE: NO  (002 -10706520 (A=-9928984 L=-777536))
INFO: \Projects\RoomLine-Blackmore\Agents\sphinx2\src\libsphinx2\search.c(2842):     1449 words recognized (28/fr)
INFO: \Projects\RoomLine-Blackmore\Agents\sphinx2\src\libsphinx2\search.c(2845):     2117 phones in topsen (40/fr)
INFO: \Projects\RoomLine-Blackmore\Agents\sphinx2\src\libsphinx2\search.c(2847):   327080 senones evaluated (6290/fr)
INFO: \Projects\RoomLine-Blackmore\Agents\sphinx2\src\libsphinx2\search.c(2849):   130598 channels searched (2511/fr), 17106 1st, 21704 last
INFO: \Projects\RoomLine-Blackmore\Agents\sphinx2\src\libsphinx2\search.c(2853):     2389 words for which last channels evaluated (45/fr)
INFO: \Projects\RoomLine-Blackmore\Agents\sphinx2\src\libsphinx2\search.c(2855):     5522 candidate words for entering last phone (106/fr)
INFO: \Projects\RoomLine-Blackmore\Agents\sphinx2\src\libsphinx2\uttproc.c(517):   0.51 SoS,   0.60 sec elapsed,  1.17 xRT,   0.45 sec CPU,  0.89 xRT

[20:37:21.606] 51 frames

[20:37:21.606] Acoustic confidence: (-7267328 - -9928984.000000) / 51 = 52189.332031

[20:37:21.606] hyp: NO 

[20:37:21.606] Sending final hypotheses frame:
{c result :results ( {c hypothesis :hyp "NO " :confhyp "NO " :uttid "002" :engine_name "male" :nbest_index 0 :decoder_score -10706520.000000 :lm_score -777536.000000 :am_score -9928984.000000 :frame_num 51 :acoustic_gap_norm 52189.332031 :avg_sphinxwordconf 0.072423 :min_sphinxwordconf 0.072423 :max_sphinxwordconf 0.072423 :avg_wordconf 0.916667 :min_wordconf 0.916667 :max_wordconf 0.916667 :avg_validwordconf 0.916667 :min_validwordconf 0.916667 :max_validwordconf 0.916667 :startframes "27" :endframes "42" :init_timestamp 157568 :end_timestamp 158078 }  ) }

[20:37:21.611] Processing input...
[20:37:21.611] Received 19 bytes...
[20:37:21.611] Processing command: engine_cancel_utt 

[20:37:21.936] Processing input...
[20:37:21.936] Received 21 bytes...
[20:37:21.936] Processing command: engine_set_lm place 

[20:37:21.936] set lm: place
INFO: \Projects\RoomLine-Blackmore\Agents\sphinx2\src\libsphinx2\search.c(3619): Creating search tree
INFO: \Projects\RoomLine-Blackmore\Agents\sphinx2\src\libsphinx2\search.c(3742): 350 root, 50319 non-root channels, 31 single-phone words
INFO: \Projects\RoomLine-Blackmore\Agents\sphinx2\src\libsphinx2\uttproc.c(1752): LM= "place"
[20:37:29.733] Processing input...
[20:37:29.733] Received 28 bytes...
[20:37:29.733] Processing command: engine_begin_utt 003 227328

[20:37:29.733] begin utt: 003 (227328)
INFO: \Projects\RoomLine-Blackmore\Agents\sphinx2\src\libsphinx2\uttproc.c(1195): Livemode
[20:37:29.734] Processing input...
[20:37:29.735] Received 22 bytes...
[20:37:29.735] Processing command: engine_proc_raw 6656 

[20:37:29.735] prepare to proc raw
[20:37:29.735] Processing input...
[20:37:29.735] Received 6656 bytes...
[20:37:29.735] Processing raw data ...
[20:37:29.735] 6656 bytes raw data received
[20:37:29.982] Processing input...
[20:37:29.982] Received 22 bytes...
[20:37:29.982] Processing command: engine_proc_raw 3328 

[20:37:29.982] prepare to proc raw
[20:37:29.982] Processing input...
[20:37:29.982] Received 3328 bytes...
[20:37:29.982] Processing raw data ...
[20:37:29.982] 3328 bytes raw data received
[20:37:30.235] Processing input...
[20:37:30.235] Received 21 bytes...
[20:37:30.235] Processing command: engine_proc_partial 

[20:37:30.235] proc partial result (49): NO 
[20:37:30.235] Sending:
 {c properties 											:partial_hyp "NO " 											:engine_name "male"											:start_timestamp "227328" 											:end_timestamp "227818" 											:frame_num "49" 										}
[20:37:30.235] Sent

[20:37:30.294] Processing input...
[20:37:30.294] Received 22 bytes...
[20:37:30.294] Processing command: engine_proc_raw 3840 

[20:37:30.294] prepare to proc raw
[20:37:30.294] Processing input...
[20:37:30.294] Received 3840 bytes...
[20:37:30.294] Processing raw data ...
[20:37:30.294] 3840 bytes raw data received
[20:37:30.536] Processing input...
[20:37:30.536] Received 21 bytes...
[20:37:30.536] Processing command: engine_proc_partial 

[20:37:30.537] proc partial result (73): NO 
[20:37:30.668] Processing input...
[20:37:30.668] Received 36 bytes...
[20:37:30.668] Processing command: engine_end_utt 

[20:37:30.668] end utt: 003
INFO: \Projects\RoomLine-Blackmore\Agents\sphinx2\src\libsphinx2\uttproc.c(1391): Samples histogram (003) (4/8/16/30/32K): 95.0%(6566) 4.7%(323) 0.3%(23) 0.0%(0) 0.0%(0); max: 9960
INFO: \Projects\RoomLine-Blackmore\Agents\sphinx2\src\libsphinx2\sc_vq.c(576): VQ-TIME= 0.1sec, SCR-TIME= 0.1sec (CPU)
INFO: \Projects\RoomLine-Blackmore\Agents\sphinx2\src\libsphinx2\live_norm.c(168): mean_norm_update: from < 10.30  0.49 -0.89 -0.12 -0.36 -0.29 -0.22 -0.05 -0.21 -0.12 -0.15 -0.13 -0.16 >
INFO: \Projects\RoomLine-Blackmore\Agents\sphinx2\src\libsphinx2\live_norm.c(185): mean_norm_update: to   < 10.49  0.51 -0.89 -0.13 -0.34 -0.28 -0.20 -0.06 -0.21 -0.13 -0.16 -0.15 -0.17 >
[20:37:30.671] Processing command: engine_proc_result 

[20:37:30.671] proc result
	SFrm Efrm        AScr       LScr   BSDiff TSDiffPF   Conf LatDen Word (FWDTREE) (003)
	---------------------------------------------------------------------
	   0    9    -1662523          0   -21597   -16645  -1.00      5 <s>
	  10   29    -3943833    -230270  -361293   -58593  -1.00     39 ++COUGH++
	  30   73    -8263546    -411407  -358332   -47892   0.21     29 NO
	  74   76     -656544     -82873  -488566   -70709  -1.00     18 </s>
	---------------------------------------------------------------------
	   0   76   -14526446    -724550  -488566   -70709               003(TOTAL)
INFO: \Projects\RoomLine-Blackmore\Agents\sphinx2\src\libsphinx2\search.c(2756): FWDTREE: NO  (003 -15250996 (A=-14526446 L=-724550))
INFO: \Projects\RoomLine-Blackmore\Agents\sphinx2\src\libsphinx2\search.c(2842):     1574 words recognized (20/fr)
INFO: \Projects\RoomLine-Blackmore\Agents\sphinx2\src\libsphinx2\search.c(2845):     3113 phones in topsen (40/fr)
INFO: \Projects\RoomLine-Blackmore\Agents\sphinx2\src\libsphinx2\search.c(2847):   484330 senones evaluated (6290/fr)
INFO: \Projects\RoomLine-Blackmore\Agents\sphinx2\src\libsphinx2\search.c(2849):   227899 channels searched (2959/fr), 25527 1st, 17615 last
INFO: \Projects\RoomLine-Blackmore\Agents\sphinx2\src\libsphinx2\search.c(2853):     2757 words for which last channels evaluated (35/fr)
INFO: \Projects\RoomLine-Blackmore\Agents\sphinx2\src\libsphinx2\search.c(2855):     9806 candidate words for entering last phone (127/fr)
INFO: \Projects\RoomLine-Blackmore\Agents\sphinx2\src\libsphinx2\uttproc.c(517):   0.76 SoS,   0.97 sec elapsed,  1.27 xRT,   0.72 sec CPU,  0.95 xRT

[20:37:30.708] 76 frames

[20:37:30.708] Acoustic confidence: (-10705920 - -14526446.000000) / 76 = 50270.078125

[20:37:30.708] hyp: NO 

[20:37:30.708] Sending final hypotheses frame:
{c result :results ( {c hypothesis :hyp "NO " :confhyp "NO " :uttid "003" :engine_name "male" :nbest_index 0 :decoder_score -15250996.000000 :lm_score -724550.000000 :am_score -14526446.000000 :frame_num 76 :acoustic_gap_norm 50270.078125 :avg_sphinxwordconf 0.214605 :min_sphinxwordconf 0.214605 :max_sphinxwordconf 0.214605 :avg_wordconf 0.916667 :min_wordconf 0.916667 :max_wordconf 0.916667 :avg_validwordconf 0.916667 :min_validwordconf 0.916667 :max_validwordconf 0.916667 :startframes "30" :endframes "73" :init_timestamp 227328 :end_timestamp 228088 }  ) }

[20:37:30.735] Processing input...
[20:37:30.735] Received 19 bytes...
[20:37:30.735] Processing command: engine_cancel_utt 

[20:37:31.052] Processing input...
[20:37:31.052] Received 21 bytes...
[20:37:31.052] Processing command: engine_set_lm place 

[20:37:31.052] set lm: place
INFO: \Projects\RoomLine-Blackmore\Agents\sphinx2\src\libsphinx2\search.c(3619): Creating search tree
INFO: \Projects\RoomLine-Blackmore\Agents\sphinx2\src\libsphinx2\search.c(3742): 350 root, 50319 non-root channels, 31 single-phone words
INFO: \Projects\RoomLine-Blackmore\Agents\sphinx2\src\libsphinx2\uttproc.c(1752): LM= "place"
[20:37:34.108] Processing input...
[20:37:34.108] Received 28 bytes...
[20:37:34.108] Processing command: engine_begin_utt 004 262272

[20:37:34.108] begin utt: 004 (262272)
INFO: \Projects\RoomLine-Blackmore\Agents\sphinx2\src\libsphinx2\uttproc.c(1195): Livemode
[20:37:34.109] Processing input...
[20:37:34.109] Received 22 bytes...
[20:37:34.109] Processing command: engine_proc_raw 6656 

[20:37:34.109] prepare to proc raw
[20:37:34.109] Processing input...
[20:37:34.109] Received 6656 bytes...
[20:37:34.109] Processing raw data ...
[20:37:34.109] 6656 bytes raw data received
[20:37:34.356] Processing input...
[20:37:34.356] Received 22 bytes...
[20:37:34.356] Processing command: engine_proc_raw 5376 

[20:37:34.356] prepare to proc raw
[20:37:34.357] Processing input...
[20:37:34.357] Received 5376 bytes...
[20:37:34.357] Processing raw data ...
[20:37:34.357] 5376 bytes raw data received
[20:37:34.632] Processing input...
[20:37:34.632] Received 21 bytes...
[20:37:34.632] Processing command: engine_proc_partial 

[20:37:34.633] proc partial result (62): AT KNOW 
[20:37:34.633] Sending:
 {c properties 											:partial_hyp "AT KNOW " 											:engine_name "male"											:start_timestamp "262272" 											:end_timestamp "262892" 											:frame_num "62" 										}
[20:37:34.633] Sent

[20:37:34.700] Processing input...
[20:37:34.700] Received 36 bytes...
[20:37:34.700] Processing command: engine_end_utt 

[20:37:34.700] end utt: 004
INFO: \Projects\RoomLine-Blackmore\Agents\sphinx2\src\libsphinx2\uttproc.c(1391): Samples histogram (004) (4/8/16/30/32K): 94.4%(5681) 5.3%(318) 0.3%(17) 0.0%(0) 0.0%(0); max: 9826
INFO: \Projects\RoomLine-Blackmore\Agents\sphinx2\src\libsphinx2\sc_vq.c(576): VQ-TIME= 0.1sec, SCR-TIME= 0.1sec (CPU)
INFO: \Projects\RoomLine-Blackmore\Agents\sphinx2\src\libsphinx2\live_norm.c(168): mean_norm_update: from < 10.49  0.51 -0.89 -0.13 -0.34 -0.28 -0.20 -0.06 -0.21 -0.13 -0.16 -0.15 -0.17 >
INFO: \Projects\RoomLine-Blackmore\Agents\sphinx2\src\libsphinx2\live_norm.c(185): mean_norm_update: to   < 10.53  0.51 -0.89 -0.13 -0.33 -0.27 -0.19 -0.05 -0.21 -0.12 -0.16 -0.15 -0.16 >
[20:37:34.702] Processing command: engine_proc_result 

[20:37:34.702] proc result
	SFrm Efrm        AScr       LScr   BSDiff TSDiffPF   Conf LatDen Word (FWDTREE) (004)
	---------------------------------------------------------------------
	   0    6    -1280800          0   -25273   -29225  -1.00      7 <s>
	   7   31    -4365814    -630367  -455743   -35122   0.29     34 AT
	  32   56    -4423388    -526360  -571124   -42709   0.24     21 KNOW
	  57   65    -1704490     -68721  -525055   -29188  -1.00     21 </s>
	---------------------------------------------------------------------
	   0   65   -11774492   -1225448  -571124   -42709               004(TOTAL)
INFO: \Projects\RoomLine-Blackmore\Agents\sphinx2\src\libsphinx2\search.c(2756): FWDTREE: AT KNOW  (004 -12999940 (A=-11774492 L=-1225448))
INFO: \Projects\RoomLine-Blackmore\Agents\sphinx2\src\libsphinx2\search.c(2842):     1199 words recognized (18/fr)
INFO: \Projects\RoomLine-Blackmore\Agents\sphinx2\src\libsphinx2\search.c(2845):     2695 phones in topsen (40/fr)
INFO: \Projects\RoomLine-Blackmore\Agents\sphinx2\src\libsphinx2\search.c(2847):   415140 senones evaluated (6290/fr)
INFO: \Projects\RoomLine-Blackmore\Agents\sphinx2\src\libsphinx2\search.c(2849):   143340 channels searched (2171/fr), 21911 1st, 15455 last
INFO: \Projects\RoomLine-Blackmore\Agents\sphinx2\src\libsphinx2\search.c(2853):     2263 words for which last channels evaluated (34/fr)
INFO: \Projects\RoomLine-Blackmore\Agents\sphinx2\src\libsphinx2\search.c(2855):     6014 candidate words for entering last phone (91/fr)
INFO: \Projects\RoomLine-Blackmore\Agents\sphinx2\src\libsphinx2\uttproc.c(517):   0.65 SoS,   0.61 sec elapsed,  0.94 xRT,   0.48 sec CPU,  0.75 xRT

[20:37:34.718] 65 frames

[20:37:34.718] Acoustic confidence: (-9203712 - -11774492.000000) / 65 = 39550.460938

[20:37:34.718] hyp: AT KNOW 

[20:37:34.718] Sending final hypotheses frame:
{c result :results ( {c hypothesis :hyp "AT KNOW " :confhyp ".?AT?. KNOW " :uttid "004" :engine_name "male" :nbest_index 0 :decoder_score -12999940.000000 :lm_score -1225448.000000 :am_score -11774492.000000 :frame_num 65 :acoustic_gap_norm 39550.460938 :avg_sphinxwordconf 0.265307 :min_sphinxwordconf 0.241618 :max_sphinxwordconf 0.288996 :avg_wordconf 0.500000 :min_wordconf 0.416667 :max_wordconf 0.583333 :avg_validwordconf 0.583333 :min_validwordconf 0.583333 :max_validwordconf 0.583333 :startframes "7 32" :endframes "31 56" :init_timestamp 262272 :end_timestamp 262922 }  ) }

[20:37:34.763] Processing input...
[20:37:34.763] Received 19 bytes...
[20:37:34.763] Processing command: engine_cancel_utt 

[20:37:35.068] Processing input...
[20:37:35.068] Received 21 bytes...
[20:37:35.068] Processing command: engine_set_lm place 

[20:37:35.068] set lm: place
INFO: \Projects\RoomLine-Blackmore\Agents\sphinx2\src\libsphinx2\search.c(3619): Creating search tree
INFO: \Projects\RoomLine-Blackmore\Agents\sphinx2\src\libsphinx2\search.c(3742): 350 root, 50319 non-root channels, 31 single-phone words
INFO: \Projects\RoomLine-Blackmore\Agents\sphinx2\src\libsphinx2\uttproc.c(1752): LM= "place"
[20:37:42.546] Processing input...
[20:37:42.547] Received 50 bytes...
[20:37:42.547] Processing command: engine_begin_utt 005 330368

[20:37:42.547] begin utt: 005 (330368)
INFO: \Projects\RoomLine-Blackmore\Agents\sphinx2\src\libsphinx2\uttproc.c(1195): Livemode
[20:37:42.547] Processing command: engine_proc_raw 6656 

[20:37:42.547] prepare to proc raw
[20:37:42.547] Processing input...
[20:37:42.547] Received 6656 bytes...
[20:37:42.547] Processing raw data ...
[20:37:42.547] 6656 bytes raw data received
[20:37:42.794] Processing input...
[20:37:42.794] Received 22 bytes...
[20:37:42.794] Processing command: engine_proc_raw 2304 

[20:37:42.794] prepare to proc raw
[20:37:42.795] Processing input...
[20:37:42.795] Received 2304 bytes...
[20:37:42.795] Processing raw data ...
[20:37:42.795] 2304 bytes raw data received
[20:37:42.862] Processing input...
[20:37:42.862] Received 21 bytes...
[20:37:42.862] Processing command: engine_proc_partial 

[20:37:42.862] proc partial result (43): NO 
[20:37:42.862] Sending:
 {c properties 											:partial_hyp "NO " 											:engine_name "male"											:start_timestamp "330368" 											:end_timestamp "330798" 											:frame_num "43" 										}
[20:37:42.863] Sent

[20:37:43.121] Processing input...
[20:37:43.121] Received 22 bytes...
[20:37:43.121] Processing command: engine_proc_raw 5120 

[20:37:43.121] prepare to proc raw
[20:37:43.122] Processing input...
[20:37:43.122] Received 5141 bytes...
[20:37:43.122] Processing raw data ...
[20:37:43.122] 5120 bytes raw data received
[20:37:43.289] Processing command: engine_proc_partial 

[20:37:43.289] proc partial result (75): NO NO 
[20:37:43.289] Sending:
 {c properties 											:partial_hyp "NO NO " 											:engine_name "male"											:start_timestamp "330368" 											:end_timestamp "331118" 											:frame_num "75" 										}
[20:37:43.289] Sent

[20:37:43.481] Processing input...
[20:37:43.481] Received 36 bytes...
[20:37:43.481] Processing command: engine_end_utt 

[20:37:43.481] end utt: 005
INFO: \Projects\RoomLine-Blackmore\Agents\sphinx2\src\libsphinx2\uttproc.c(1391): Samples histogram (005) (4/8/16/30/32K): 88.3%(6217) 11.0%(773) 0.7%(50) 0.0%(0) 0.0%(0); max: 10851
INFO: \Projects\RoomLine-Blackmore\Agents\sphinx2\src\libsphinx2\sc_vq.c(576): VQ-TIME= 0.0sec, SCR-TIME= 0.1sec (CPU)
INFO: \Projects\RoomLine-Blackmore\Agents\sphinx2\src\libsphinx2\live_norm.c(168): mean_norm_update: from < 10.53  0.51 -0.89 -0.13 -0.33 -0.27 -0.19 -0.05 -0.21 -0.12 -0.16 -0.15 -0.16 >
INFO: \Projects\RoomLine-Blackmore\Agents\sphinx2\src\libsphinx2\live_norm.c(185): mean_norm_update: to   < 10.70  0.52 -0.89 -0.13 -0.33 -0.27 -0.21 -0.07 -0.22 -0.11 -0.16 -0.16 -0.17 >
[20:37:43.483] Processing command: engine_proc_result 

[20:37:43.483] proc result
	SFrm Efrm        AScr       LScr   BSDiff TSDiffPF   Conf LatDen Word (FWDTREE) (005)
	---------------------------------------------------------------------
	   0   15    -2989021          0   -30813   -27837  -1.00     10 <s>
	  16   74    -9333990    -766333  -445461   -35670   0.23     23 MILLVALE:n
	  75   78     -832102     -70540  -447511   -52377  -1.00     18 </s>
	---------------------------------------------------------------------
	   0   78   -13155113    -836873  -447511   -52377               005(TOTAL)
INFO: \Projects\RoomLine-Blackmore\Agents\sphinx2\src\libsphinx2\search.c(2756): FWDTREE: MILLVALE:n  (005 -13991986 (A=-13155113 L=-836873))
INFO: \Projects\RoomLine-Blackmore\Agents\sphinx2\src\libsphinx2\search.c(2842):     1130 words recognized (14/fr)
INFO: \Projects\RoomLine-Blackmore\Agents\sphinx2\src\libsphinx2\search.c(2845):     3185 phones in topsen (40/fr)
INFO: \Projects\RoomLine-Blackmore\Agents\sphinx2\src\libsphinx2\search.c(2847):   496910 senones evaluated (6290/fr)
INFO: \Projects\RoomLine-Blackmore\Agents\sphinx2\src\libsphinx2\search.c(2849):    99114 channels searched (1254/fr), 24035 1st, 17879 last
INFO: \Projects\RoomLine-Blackmore\Agents\sphinx2\src\libsphinx2\search.c(2853):     2559 words for which last channels evaluated (32/fr)
INFO: \Projects\RoomLine-Blackmore\Agents\sphinx2\src\libsphinx2\search.c(2855):     3612 candidate words for entering last phone (45/fr)
INFO: \Projects\RoomLine-Blackmore\Agents\sphinx2\src\libsphinx2\uttproc.c(517):   0.78 SoS,   0.93 sec elapsed,  1.20 xRT,   0.39 sec CPU,  0.50 xRT

[20:37:43.495] 78 frames

[20:37:43.495] Acoustic confidence: (-10247168 - -13155113.000000) / 78 = 37281.347656

[20:37:43.495] hyp: MILLVALE 

[20:37:43.495] Sending final hypotheses frame:
{c result :results ( {c hypothesis :hyp "MILLVALE " :confhyp "MILLVALE " :uttid "005" :engine_name "male" :nbest_index 0 :decoder_score -13991986.000000 :lm_score -836873.000000 :am_score -13155113.000000 :frame_num 78 :acoustic_gap_norm 37281.347656 :avg_sphinxwordconf 0.230029 :min_sphinxwordconf 0.230029 :max_sphinxwordconf 0.230029 :avg_wordconf 0.916667 :min_wordconf 0.916667 :max_wordconf 0.916667 :avg_validwordconf 0.916667 :min_validwordconf 0.916667 :max_validwordconf 0.916667 :startframes "16" :endframes "74" :init_timestamp 330368 :end_timestamp 331148 }  ) }

[20:37:43.501] Processing input...
[20:37:43.502] Received 19 bytes...
[20:37:43.502] Processing command: engine_cancel_utt 

[20:37:43.825] Processing input...
[20:37:43.825] Received 21 bytes...
[20:37:43.825] Processing command: engine_set_lm place 

[20:37:43.825] set lm: place
INFO: \Projects\RoomLine-Blackmore\Agents\sphinx2\src\libsphinx2\search.c(3619): Creating search tree
INFO: \Projects\RoomLine-Blackmore\Agents\sphinx2\src\libsphinx2\search.c(3742): 350 root, 50319 non-root channels, 31 single-phone words
INFO: \Projects\RoomLine-Blackmore\Agents\sphinx2\src\libsphinx2\uttproc.c(1752): LM= "place"
[20:37:46.022] Processing input...
[20:37:46.022] Received 28 bytes...
[20:37:46.022] Processing command: engine_begin_utt 006 358400

[20:37:46.022] begin utt: 006 (358400)
INFO: \Projects\RoomLine-Blackmore\Agents\sphinx2\src\libsphinx2\uttproc.c(1195): Livemode
[20:37:46.023] Processing input...
[20:37:46.023] Received 22 bytes...
[20:37:46.023] Processing command: engine_proc_raw 6656 

[20:37:46.023] prepare to proc raw
[20:37:46.023] Processing input...
[20:37:46.023] Received 4320 bytes...
[20:37:46.025] Processing input...
[20:37:46.025] Received 2336 bytes...
[20:37:46.025] Processing raw data ...
[20:37:46.025] 6656 bytes raw data received
[20:37:46.262] Processing input...
[20:37:46.262] Received 22 bytes...
[20:37:46.262] Processing command: engine_proc_raw 1024 

[20:37:46.262] prepare to proc raw
[20:37:46.262] Processing input...
[20:37:46.262] Received 1024 bytes...
[20:37:46.262] Processing raw data ...
[20:37:46.262] 1024 bytes raw data received
[20:37:46.293] Processing input...
[20:37:46.293] Received 21 bytes...
[20:37:46.293] Processing command: engine_proc_partial 

[20:37:46.293] proc partial result (35): NO 
[20:37:46.293] Sending:
 {c properties 											:partial_hyp "NO " 											:engine_name "male"											:start_timestamp "358400" 											:end_timestamp "358750" 											:frame_num "35" 										}
[20:37:46.293] Sent

[20:37:46.590] Processing input...
[20:37:46.590] Received 22 bytes...
[20:37:46.590] Processing command: engine_proc_raw 6656 

[20:37:46.590] prepare to proc raw
[20:37:46.590] Processing input...
[20:37:46.591] Received 6677 bytes...
[20:37:46.591] Processing raw data ...
[20:37:46.591] 6656 bytes raw data received
[20:37:46.822] Processing command: engine_proc_partial 

[20:37:46.822] proc partial result (77): MILLVALE   
[20:37:46.822] Sending:
 {c properties 											:partial_hyp "MILLVALE   " 											:engine_name "male"											:start_timestamp "358400" 											:end_timestamp "359170" 											:frame_num "77" 										}
[20:37:46.822] Sent

[20:37:46.887] Processing input...
[20:37:46.887] Received 36 bytes...
[20:37:46.887] Processing command: engine_end_utt 

[20:37:46.887] end utt: 006
INFO: \Projects\RoomLine-Blackmore\Agents\sphinx2\src\libsphinx2\uttproc.c(1391): Samples histogram (006) (4/8/16/30/32K): 84.0%(6022) 12.3%(881) 3.7%(265) 0.0%(0) 0.0%(0); max: 14339
INFO: \Projects\RoomLine-Blackmore\Agents\sphinx2\src\libsphinx2\sc_vq.c(576): VQ-TIME= 0.1sec, SCR-TIME= 0.0sec (CPU)
INFO: \Projects\RoomLine-Blackmore\Agents\sphinx2\src\libsphinx2\live_norm.c(168): mean_norm_update: from < 10.85  0.52 -0.88 -0.13 -0.33 -0.27 -0.22 -0.07 -0.22 -0.12 -0.17 -0.16 -0.16 >
INFO: \Projects\RoomLine-Blackmore\Agents\sphinx2\src\libsphinx2\live_norm.c(185): mean_norm_update: to   < 10.83  0.54 -0.88 -0.14 -0.33 -0.26 -0.22 -0.07 -0.21 -0.12 -0.16 -0.16 -0.17 >
[20:37:46.890] Processing command: engine_proc_result 

[20:37:46.890] proc result
	SFrm Efrm        AScr       LScr   BSDiff TSDiffPF   Conf LatDen Word (FWDTREE) (006)
	---------------------------------------------------------------------
	   0   16    -2962854          0   -57437   -21528  -1.00      7 <s>
	  17   76    -9395605    -766333  -414522   -32228   0.27     21 MILLVALE:n
	  77   80     -766372     -70540  -440954   -46697  -1.00     16 </s>
	---------------------------------------------------------------------
	   0   80   -13124831    -836873  -440954   -46697               006(TOTAL)
INFO: \Projects\RoomLine-Blackmore\Agents\sphinx2\src\libsphinx2\search.c(2756): FWDTREE: MILLVALE:n  (006 -13961704 (A=-13124831 L=-836873))
INFO: \Projects\RoomLine-Blackmore\Agents\sphinx2\src\libsphinx2\search.c(2842):     1039 words recognized (13/fr)
INFO: \Projects\RoomLine-Blackmore\Agents\sphinx2\src\libsphinx2\search.c(2845):     3031 phones in topsen (37/fr)
INFO: \Projects\RoomLine-Blackmore\Agents\sphinx2\src\libsphinx2\search.c(2847):   509490 senones evaluated (6290/fr)
INFO: \Projects\RoomLine-Blackmore\Agents\sphinx2\src\libsphinx2\search.c(2849):    97965 channels searched (1209/fr), 25963 1st, 15952 last
INFO: \Projects\RoomLine-Blackmore\Agents\sphinx2\src\libsphinx2\search.c(2853):     2567 words for which last channels evaluated (31/fr)
INFO: \Projects\RoomLine-Blackmore\Agents\sphinx2\src\libsphinx2\search.c(2855):     3601 candidate words for entering last phone (44/fr)
INFO: \Projects\RoomLine-Blackmore\Agents\sphinx2\src\libsphinx2\uttproc.c(517):   0.80 SoS,   0.88 sec elapsed,  1.09 xRT,   0.39 sec CPU,  0.49 xRT

[20:37:46.900] 80 frames

[20:37:46.900] Acoustic confidence: (-10488832 - -13124831.000000) / 80 = 32949.988281

[20:37:46.900] hyp: MILLVALE 

[20:37:46.900] Sending final hypotheses frame:
{c result :results ( {c hypothesis :hyp "MILLVALE " :confhyp "MILLVALE " :uttid "006" :engine_name "male" :nbest_index 0 :decoder_score -13961704.000000 :lm_score -836873.000000 :am_score -13124831.000000 :frame_num 80 :acoustic_gap_norm 32949.988281 :avg_sphinxwordconf 0.273794 :min_sphinxwordconf 0.273794 :max_sphinxwordconf 0.273794 :avg_wordconf 0.916667 :min_wordconf 0.916667 :max_wordconf 0.916667 :avg_validwordconf 0.916667 :min_validwordconf 0.916667 :max_validwordconf 0.916667 :startframes "17" :endframes "76" :init_timestamp 358400 :end_timestamp 359200 }  ) }

[20:37:46.908] Processing input...
[20:37:46.908] Received 19 bytes...
[20:37:46.908] Processing command: engine_cancel_utt 

[20:37:47.228] Processing input...
[20:37:47.229] Received 21 bytes...
[20:37:47.229] Processing command: engine_set_lm place 

[20:37:47.229] set lm: place
INFO: \Projects\RoomLine-Blackmore\Agents\sphinx2\src\libsphinx2\search.c(3619): Creating search tree
INFO: \Projects\RoomLine-Blackmore\Agents\sphinx2\src\libsphinx2\search.c(3742): 350 root, 50319 non-root channels, 31 single-phone words
INFO: \Projects\RoomLine-Blackmore\Agents\sphinx2\src\libsphinx2\uttproc.c(1752): LM= "place"
[20:38:10.358] Processing input...
[20:38:10.358] Received 28 bytes...
[20:38:10.358] Processing command: engine_begin_utt 007 552704

[20:38:10.358] begin utt: 007 (552704)
INFO: \Projects\RoomLine-Blackmore\Agents\sphinx2\src\libsphinx2\uttproc.c(1195): Livemode
[20:38:10.358] Processing input...
[20:38:10.358] Received 6678 bytes...
[20:38:10.358] Processing command: engine_proc_raw 6656 

[20:38:10.358] prepare to proc raw
[20:38:10.358] Processing raw data ...
[20:38:10.358] 6656 bytes raw data received
[20:38:10.606] Processing input...
[20:38:10.606] Received 22 bytes...
[20:38:10.606] Processing command: engine_proc_raw 2560 

[20:38:10.606] prepare to proc raw
[20:38:10.606] Processing input...
[20:38:10.606] Received 2560 bytes...
[20:38:10.606] Processing raw data ...
[20:38:10.606] 2560 bytes raw data received
[20:38:10.790] Processing input...
[20:38:10.790] Received 21 bytes...
[20:38:10.790] Processing command: engine_proc_partial 

[20:38:10.790] proc partial result (45): AT 
[20:38:10.790] Sending:
 {c properties 											:partial_hyp "AT " 											:engine_name "male"											:start_timestamp "552704" 											:end_timestamp "553154" 											:frame_num "45" 										}
[20:38:10.791] Sent

[20:38:10.918] Processing input...
[20:38:10.918] Received 22 bytes...
[20:38:10.918] Processing command: engine_proc_raw 4864 

[20:38:10.918] prepare to proc raw
[20:38:10.918] Processing input...
[20:38:10.918] Received 4885 bytes...
[20:38:10.918] Processing raw data ...
[20:38:10.918] 4864 bytes raw data received
[20:38:11.399] Processing command: engine_proc_partial 

[20:38:11.399] proc partial result (75): AT 
[20:38:11.399] Sending:
 {c properties 											:partial_hyp "AT " 											:engine_name "male"											:start_timestamp "552704" 											:end_timestamp "553454" 											:frame_num "75" 										}
[20:38:11.399] Sent

[20:38:11.399] Processing input...
[20:38:11.399] Received 4395 bytes...
[20:38:11.399] Processing command: engine_proc_raw 4352 

[20:38:11.399] prepare to proc raw
[20:38:11.399] Processing raw data ...
[20:38:11.399] 4352 bytes raw data received
[20:38:11.635] Processing command: engine_proc_partial 

[20:38:11.635] proc partial result (102): AT NINE 
[20:38:11.635] Sending:
 {c properties 											:partial_hyp "AT NINE " 											:engine_name "male"											:start_timestamp "552704" 											:end_timestamp "553724" 											:frame_num "102" 										}
[20:38:11.635] Sent

[20:38:11.635] Processing input...
[20:38:11.635] Received 36 bytes...
[20:38:11.635] Processing command: engine_end_utt 

[20:38:11.635] end utt: 007
INFO: \Projects\RoomLine-Blackmore\Agents\sphinx2\src\libsphinx2\uttproc.c(1391): Samples histogram (007) (4/8/16/30/32K): 94.1%(8668) 5.3%(485) 0.7%(63) 0.0%(0) 0.0%(0); max: 14578
INFO: \Projects\RoomLine-Blackmore\Agents\sphinx2\src\libsphinx2\sc_vq.c(576): VQ-TIME= 0.1sec, SCR-TIME= 0.2sec (CPU)
INFO: \Projects\RoomLine-Blackmore\Agents\sphinx2\src\libsphinx2\live_norm.c(168): mean_norm_update: from < 10.83  0.54 -0.88 -0.14 -0.33 -0.26 -0.22 -0.07 -0.21 -0.12 -0.16 -0.16 -0.17 >
INFO: \Projects\RoomLine-Blackmore\Agents\sphinx2\src\libsphinx2\live_norm.c(185): mean_norm_update: to   < 10.83  0.53 -0.88 -0.14 -0.32 -0.24 -0.21 -0.07 -0.22 -0.11 -0.17 -0.16 -0.16 >
[20:38:11.640] Processing command: engine_proc_result 

[20:38:11.640] proc result
	SFrm Efrm        AScr       LScr   BSDiff TSDiffPF   Conf LatDen Word (FWDTREE) (007)
	---------------------------------------------------------------------
	   0   18    -2841248          0   -16893   -12269  -1.00      5 <s>
	  19   45    -4726240    -630367  -351278   -31989   0.17     42 AT
	  46   68    -4812086    -527210  -859488   -61275   0.16     43 DON'T(2)
	  69   93    -4549609     -68151  -691145   -46242   0.21     22 KNOW
	  94  105    -2208348     -65159  -376428   -28551  -1.00     15 </s>
	---------------------------------------------------------------------
	   0  105   -19137531   -1290887  -859488   -61275               007(TOTAL)
INFO: \Projects\RoomLine-Blackmore\Agents\sphinx2\src\libsphinx2\search.c(2756): FWDTREE: AT DON'T KNOW  (007 -20428418 (A=-19137531 L=-1290887))
INFO: \Projects\RoomLine-Blackmore\Agents\sphinx2\src\libsphinx2\search.c(2842):     1994 words recognized (19/fr)
INFO: \Projects\RoomLine-Blackmore\Agents\sphinx2\src\libsphinx2\search.c(2845):     4115 phones in topsen (38/fr)
INFO: \Projects\RoomLine-Blackmore\Agents\sphinx2\src\libsphinx2\search.c(2847):   666740 senones evaluated (6290/fr)
INFO: \Projects\RoomLine-Blackmore\Agents\sphinx2\src\libsphinx2\search.c(2849):   331276 channels searched (3125/fr), 34615 1st, 24406 last
INFO: \Projects\RoomLine-Blackmore\Agents\sphinx2\src\libsphinx2\search.c(2853):     3890 words for which last channels evaluated (36/fr)
INFO: \Projects\RoomLine-Blackmore\Agents\sphinx2\src\libsphinx2\search.c(2855):    14057 candidate words for entering last phone (132/fr)
INFO: \Projects\RoomLine-Blackmore\Agents\sphinx2\src\libsphinx2\uttproc.c(517):   1.05 SoS,   1.30 sec elapsed,  1.24 xRT,   1.00 sec CPU,  0.95 xRT

[20:38:11.665] 105 frames

[20:38:11.665] Acoustic confidence: (-14973952 - -19137532.000000) / 105 = 39653.144531

[20:38:11.665] hyp: AT DON'T KNOW 

[20:38:11.666] Sending final hypotheses frame:
{c result :results ( {c hypothesis :hyp "AT DON'T KNOW " :confhyp ".?AT?. DON'T KNOW " :uttid "007" :engine_name "male" :nbest_index 0 :decoder_score -20428418.000000 :lm_score -1290887.000000 :am_score -19137532.000000 :frame_num 105 :acoustic_gap_norm 39653.144531 :avg_sphinxwordconf 0.165501 :min_sphinxwordconf 0.115886 :max_sphinxwordconf 0.208278 :avg_wordconf 0.583333 :min_wordconf 0.416667 :max_wordconf 0.750000 :avg_validwordconf 0.666667 :min_validwordconf 0.583333 :max_validwordconf 0.750000 :startframes "19 46 69" :endframes "45 68 93" :init_timestamp 552704 :end_timestamp 553754 }  ) }

[20:38:11.700] Processing input...
[20:38:11.700] Received 19 bytes...
[20:38:11.700] Processing command: engine_cancel_utt 

[20:38:12.050] Processing input...
[20:38:12.050] Received 21 bytes...
[20:38:12.050] Processing command: engine_set_lm place 

[20:38:12.050] set lm: place
INFO: \Projects\RoomLine-Blackmore\Agents\sphinx2\src\libsphinx2\search.c(3619): Creating search tree
INFO: \Projects\RoomLine-Blackmore\Agents\sphinx2\src\libsphinx2\search.c(3742): 350 root, 50319 non-root channels, 31 single-phone words
INFO: \Projects\RoomLine-Blackmore\Agents\sphinx2\src\libsphinx2\uttproc.c(1752): LM= "place"
[20:38:19.451] Processing input...
[20:38:19.451] Received 28 bytes...
[20:38:19.451] Processing command: engine_begin_utt 008 624768

[20:38:19.451] begin utt: 008 (624768)
INFO: \Projects\RoomLine-Blackmore\Agents\sphinx2\src\libsphinx2\uttproc.c(1195): Livemode
[20:38:19.452] Processing input...
[20:38:19.452] Received 4342 bytes...
[20:38:19.452] Processing command: engine_proc_raw 6656 

[20:38:19.452] prepare to proc raw
[20:38:19.452] Processing input...
[20:38:19.452] Received 2336 bytes...
[20:38:19.452] Processing raw data ...
[20:38:19.452] 6656 bytes raw data received
[20:38:19.700] Processing input...
[20:38:19.700] Received 22 bytes...
[20:38:19.700] Processing command: engine_proc_raw 3328 

[20:38:19.700] prepare to proc raw
[20:38:19.700] Processing input...
[20:38:19.700] Received 3328 bytes...
[20:38:19.700] Processing raw data ...
[20:38:19.700] 3328 bytes raw data received
[20:38:19.844] Processing input...
[20:38:19.844] Received 21 bytes...
[20:38:19.844] Processing command: engine_proc_partial 

[20:38:19.844] proc partial result (49): BUTLER   
[20:38:19.844] Sending:
 {c properties 											:partial_hyp "BUTLER   " 											:engine_name "male"											:start_timestamp "624768" 											:end_timestamp "625258" 											:frame_num "49" 										}
[20:38:19.844] Sent

[20:38:20.028] Processing input...
[20:38:20.028] Received 22 bytes...
[20:38:20.028] Processing command: engine_proc_raw 5888 

[20:38:20.028] prepare to proc raw
[20:38:20.028] Processing input...
[20:38:20.028] Received 5909 bytes...
[20:38:20.028] Processing raw data ...
[20:38:20.028] 5888 bytes raw data received
[20:38:20.135] Processing command: engine_proc_partial 

[20:38:20.138] proc partial result (86): BUTLER STREET   
[20:38:20.138] Sending:
 {c properties 											:partial_hyp "BUTLER STREET   " 											:engine_name "male"											:start_timestamp "624768" 											:end_timestamp "625628" 											:frame_num "86" 										}
[20:38:20.138] Sent

[20:38:20.324] Processing input...
[20:38:20.324] Received 36 bytes...
[20:38:20.324] Processing command: engine_end_utt 

[20:38:20.324] end utt: 008
INFO: \Projects\RoomLine-Blackmore\Agents\sphinx2\src\libsphinx2\uttproc.c(1391): Samples histogram (008) (4/8/16/30/32K): 92.7%(7358) 6.1%(483) 1.2%(95) 0.0%(0) 0.0%(0); max: 13669
INFO: \Projects\RoomLine-Blackmore\Agents\sphinx2\src\libsphinx2\sc_vq.c(576): VQ-TIME= 0.1sec, SCR-TIME= 0.1sec (CPU)
INFO: \Projects\RoomLine-Blackmore\Agents\sphinx2\src\libsphinx2\live_norm.c(168): mean_norm_update: from < 10.83  0.53 -0.88 -0.14 -0.32 -0.24 -0.21 -0.07 -0.22 -0.11 -0.17 -0.16 -0.16 >
INFO: \Projects\RoomLine-Blackmore\Agents\sphinx2\src\libsphinx2\live_norm.c(185): mean_norm_update: to   < 10.84  0.51 -0.84 -0.13 -0.31 -0.23 -0.21 -0.07 -0.22 -0.12 -0.17 -0.16 -0.16 >
[20:38:20.327] Processing command: engine_proc_result 

[20:38:20.327] proc result
	SFrm Efrm        AScr       LScr   BSDiff TSDiffPF   Conf LatDen Word (FWDTREE) (008)
	---------------------------------------------------------------------
	   0    2     -669856          0   -65058   -56714  -1.00      1 <s>
	   3   13    -2006880    -230270  -221908   -30519  -1.00     13 ++MM++
	  14   86   -11815756    -802713  -766688   -35725   0.22     18 BUTLER_STREET:p
	  87   89     -602272     -73421  -611091   -58080  -1.00      1 </s>
	---------------------------------------------------------------------
	   0   89   -15094764   -1106404  -766688   -58080               008(TOTAL)
INFO: \Projects\RoomLine-Blackmore\Agents\sphinx2\src\libsphinx2\search.c(2756): FWDTREE: BUTLER_STREET:p  (008 -16201168 (A=-15094764 L=-1106404))
INFO: \Projects\RoomLine-Blackmore\Agents\sphinx2\src\libsphinx2\search.c(2842):      995 words recognized (11/fr)
INFO: \Projects\RoomLine-Blackmore\Agents\sphinx2\src\libsphinx2\search.c(2845):     3450 phones in topsen (38/fr)
INFO: \Projects\RoomLine-Blackmore\Agents\sphinx2\src\libsphinx2\search.c(2847):   566100 senones evaluated (6290/fr)
INFO: \Projects\RoomLine-Blackmore\Agents\sphinx2\src\libsphinx2\search.c(2849):    96650 channels searched (1073/fr), 18314 1st, 15931 last
INFO: \Projects\RoomLine-Blackmore\Agents\sphinx2\src\libsphinx2\search.c(2853):     2123 words for which last channels evaluated (23/fr)
INFO: \Projects\RoomLine-Blackmore\Agents\sphinx2\src\libsphinx2\search.c(2855):     3554 candidate words for entering last phone (39/fr)
INFO: \Projects\RoomLine-Blackmore\Agents\sphinx2\src\libsphinx2\uttproc.c(517):   0.89 SoS,   0.88 sec elapsed,  0.98 xRT,   0.42 sec CPU,  0.47 xRT

[20:38:20.334] 89 frames

[20:38:20.334] Acoustic confidence: (-11653120 - -15094764.000000) / 89 = 38670.156250

[20:38:20.334] hyp: BUTLER STREET 

[20:38:20.335] Sending final hypotheses frame:
{c result :results ( {c hypothesis :hyp "BUTLER STREET " :confhyp "BUTLER STREET " :uttid "008" :engine_name "male" :nbest_index 0 :decoder_score -16201168.000000 :lm_score -1106404.000000 :am_score -15094764.000000 :frame_num 89 :acoustic_gap_norm 38670.156250 :avg_sphinxwordconf 0.217407 :min_sphinxwordconf 0.217407 :max_sphinxwordconf 0.217407 :avg_wordconf 0.916667 :min_wordconf 0.916667 :max_wordconf 0.916667 :avg_validwordconf 0.916667 :min_validwordconf 0.916667 :max_validwordconf 0.916667 :startframes "14" :endframes "86" :init_timestamp 624768 :end_timestamp 625658 }  ) }

[20:38:20.342] Processing input...
[20:38:20.343] Received 19 bytes...
[20:38:20.343] Processing command: engine_cancel_utt 

[20:38:20.651] Processing input...
[20:38:20.651] Received 22 bytes...
[20:38:20.651] Processing command: engine_set_lm yes_no 

[20:38:20.651] set lm: yes_no
INFO: \Projects\RoomLine-Blackmore\Agents\sphinx2\src\libsphinx2\search.c(3619): Creating search tree
INFO: \Projects\RoomLine-Blackmore\Agents\sphinx2\src\libsphinx2\search.c(3742): 354 root, 50406 non-root channels, 35 single-phone words
INFO: \Projects\RoomLine-Blackmore\Agents\sphinx2\src\libsphinx2\uttproc.c(1752): LM= "yes_no"
[20:38:25.404] Processing input...
[20:38:25.404] Received 28 bytes...
[20:38:25.404] Processing command: engine_begin_utt 009 673408

[20:38:25.404] begin utt: 009 (673408)
INFO: \Projects\RoomLine-Blackmore\Agents\sphinx2\src\libsphinx2\uttproc.c(1195): Livemode
[20:38:25.405] Processing input...
[20:38:25.405] Received 6678 bytes...
[20:38:25.405] Processing command: engine_proc_raw 6656 

[20:38:25.405] prepare to proc raw
[20:38:25.405] Processing raw data ...
[20:38:25.405] 6656 bytes raw data received
[20:38:25.652] Processing input...
[20:38:25.652] Received 22 bytes...
[20:38:25.652] Processing command: engine_proc_raw 2560 

[20:38:25.652] prepare to proc raw
[20:38:25.653] Processing input...
[20:38:25.653] Received 2581 bytes...
[20:38:25.653] Processing raw data ...
[20:38:25.653] 2560 bytes raw data received
[20:38:25.742] Processing command: engine_proc_partial 

[20:38:25.742] proc partial result (45): NO 
[20:38:25.742] Sending:
 {c properties 											:partial_hyp "NO " 											:engine_name "male"											:start_timestamp "673408" 											:end_timestamp "673858" 											:frame_num "45" 										}
[20:38:25.742] Sent

[20:38:25.981] Processing input...
[20:38:25.981] Received 36 bytes...
[20:38:25.981] Processing command: engine_end_utt 

[20:38:25.981] end utt: 009
INFO: \Projects\RoomLine-Blackmore\Agents\sphinx2\src\libsphinx2\uttproc.c(1391): Samples histogram (009) (4/8/16/30/32K): 99.4%(4579) 0.6%(29) 0.0%(0) 0.0%(0) 0.0%(0); max: 5056
INFO: \Projects\RoomLine-Blackmore\Agents\sphinx2\src\libsphinx2\sc_vq.c(576): VQ-TIME= 0.0sec, SCR-TIME= 0.0sec (CPU)
INFO: \Projects\RoomLine-Blackmore\Agents\sphinx2\src\libsphinx2\live_norm.c(168): mean_norm_update: from < 10.84  0.51 -0.84 -0.13 -0.31 -0.23 -0.21 -0.07 -0.22 -0.12 -0.17 -0.16 -0.16 >
INFO: \Projects\RoomLine-Blackmore\Agents\sphinx2\src\libsphinx2\live_norm.c(185): mean_norm_update: to   < 10.72  0.51 -0.84 -0.13 -0.31 -0.22 -0.21 -0.07 -0.22 -0.11 -0.17 -0.16 -0.16 >
[20:38:25.983] Processing command: engine_proc_result 

[20:38:25.983] proc result
	SFrm Efrm        AScr       LScr   BSDiff TSDiffPF   Conf LatDen Word (FWDTREE) (009)
	---------------------------------------------------------------------
	   0   14    -2490413          0   -16893   -11608  -1.00      5 <s>
	  15   40    -4302696    -187670  -344060   -40717   0.30      8 NO
	  41   48    -1336356     -80391   -57689   -19972  -1.00     11 </s>
	---------------------------------------------------------------------
	   0   48    -8129465    -268061  -344060   -40717               009(TOTAL)
INFO: \Projects\RoomLine-Blackmore\Agents\sphinx2\src\libsphinx2\search.c(2756): FWDTREE: NO  (009 -8397526 (A=-8129465 L=-268061))
INFO: \Projects\RoomLine-Blackmore\Agents\sphinx2\src\libsphinx2\search.c(2842):      363 words recognized (7/fr)
INFO: \Projects\RoomLine-Blackmore\Agents\sphinx2\src\libsphinx2\search.c(2845):     1822 phones in topsen (37/fr)
INFO: \Projects\RoomLine-Blackmore\Agents\sphinx2\src\libsphinx2\search.c(2847):   308210 senones evaluated (6290/fr)
INFO: \Projects\RoomLine-Blackmore\Agents\sphinx2\src\libsphinx2\search.c(2849):    58333 channels searched (1190/fr), 16023 1st, 3504 last
INFO: \Projects\RoomLine-Blackmore\Agents\sphinx2\src\libsphinx2\search.c(2853):     1400 words for which last channels evaluated (28/fr)
INFO: \Projects\RoomLine-Blackmore\Agents\sphinx2\src\libsphinx2\search.c(2855):     2881 candidate words for entering last phone (58/fr)
INFO: \Projects\RoomLine-Blackmore\Agents\sphinx2\src\libsphinx2\uttproc.c(517):   0.48 SoS,   0.58 sec elapsed,  1.20 xRT,   0.23 sec CPU,  0.49 xRT

[20:38:25.993] 48 frames

[20:38:25.993] Acoustic confidence: (-6574080 - -8129465.000000) / 48 = 32403.853516

[20:38:25.993] hyp: NO 

[20:38:25.993] Sending final hypotheses frame:
{c result :results ( {c hypothesis :hyp "NO " :confhyp "NO " :uttid "009" :engine_name "male" :nbest_index 0 :decoder_score -8397526.000000 :lm_score -268061.000000 :am_score -8129465.000000 :frame_num 48 :acoustic_gap_norm 32403.853516 :avg_sphinxwordconf 0.301643 :min_sphinxwordconf 0.301643 :max_sphinxwordconf 0.301643 :avg_wordconf 0.916667 :min_wordconf 0.916667 :max_wordconf 0.916667 :avg_validwordconf 0.916667 :min_validwordconf 0.916667 :max_validwordconf 0.916667 :startframes "15" :endframes "40" :init_timestamp 673408 :end_timestamp 673888 }  ) }

[20:38:26.002] Processing input...
[20:38:26.002] Received 19 bytes...
[20:38:26.002] Processing command: engine_cancel_utt 

[20:38:26.245] Processing input...
[20:38:26.245] Received 21 bytes...
[20:38:26.245] Processing command: engine_set_lm place 

[20:38:26.245] set lm: place
INFO: \Projects\RoomLine-Blackmore\Agents\sphinx2\src\libsphinx2\search.c(3619): Creating search tree
INFO: \Projects\RoomLine-Blackmore\Agents\sphinx2\src\libsphinx2\search.c(3742): 350 root, 50319 non-root channels, 31 single-phone words
INFO: \Projects\RoomLine-Blackmore\Agents\sphinx2\src\libsphinx2\uttproc.c(1752): LM= "place"
[20:38:29.748] Processing input...
[20:38:29.749] Received 28 bytes...
[20:38:29.749] Processing command: engine_begin_utt 010 707072

[20:38:29.749] begin utt: 010 (707072)
INFO: \Projects\RoomLine-Blackmore\Agents\sphinx2\src\libsphinx2\uttproc.c(1195): Livemode
[20:38:29.750] Processing input...
[20:38:29.750] Received 22 bytes...
[20:38:29.750] Processing command: engine_proc_raw 6656 

[20:38:29.750] prepare to proc raw
[20:38:29.751] Processing input...
[20:38:29.751] Received 6656 bytes...
[20:38:29.751] Processing raw data ...
[20:38:29.751] 6656 bytes raw data received
[20:38:29.996] Processing input...
[20:38:29.996] Received 22 bytes...
[20:38:29.996] Processing command: engine_proc_raw 3840 

[20:38:29.996] prepare to proc raw
[20:38:29.997] Processing input...
[20:38:29.997] Received 3840 bytes...
[20:38:29.997] Processing raw data ...
[20:38:29.997] 3840 bytes raw data received
[20:38:30.139] Processing input...
[20:38:30.140] Received 21 bytes...
[20:38:30.140] Processing command: engine_proc_partial 

[20:38:30.140] proc partial result (53): BUTLER   
[20:38:30.140] Sending:
 {c properties 											:partial_hyp "BUTLER   " 											:engine_name "male"											:start_timestamp "707072" 											:end_timestamp "707602" 											:frame_num "53" 										}
[20:38:30.140] Sent

[20:38:30.309] Processing input...
[20:38:30.309] Received 22 bytes...
[20:38:30.309] Processing command: engine_proc_raw 5632 

[20:38:30.309] prepare to proc raw
[20:38:30.309] Processing input...
[20:38:30.309] Received 5653 bytes...
[20:38:30.309] Processing raw data ...
[20:38:30.309] 5632 bytes raw data received
[20:38:30.407] Processing command: engine_proc_partial 

[20:38:30.407] proc partial result (88): BUTLER STREET   
[20:38:30.407] Sending:
 {c properties 											:partial_hyp "BUTLER STREET   " 											:engine_name "male"											:start_timestamp "707072" 											:end_timestamp "707952" 											:frame_num "88" 										}
[20:38:30.408] Sent

[20:38:30.668] Processing input...
[20:38:30.668] Received 36 bytes...
[20:38:30.668] Processing command: engine_end_utt 

[20:38:30.668] end utt: 010
INFO: \Projects\RoomLine-Blackmore\Agents\sphinx2\src\libsphinx2\uttproc.c(1391): Samples histogram (010) (4/8/16/30/32K): 97.3%(7847) 2.5%(199) 0.2%(18) 0.0%(0) 0.0%(0); max: 9953
INFO: \Projects\RoomLine-Blackmore\Agents\sphinx2\src\libsphinx2\sc_vq.c(576): VQ-TIME= 0.1sec, SCR-TIME= 0.1sec (CPU)
INFO: \Projects\RoomLine-Blackmore\Agents\sphinx2\src\libsphinx2\live_norm.c(168): mean_norm_update: from < 10.69  0.52 -0.84 -0.13 -0.31 -0.22 -0.21 -0.07 -0.22 -0.11 -0.17 -0.16 -0.16 >
INFO: \Projects\RoomLine-Blackmore\Agents\sphinx2\src\libsphinx2\live_norm.c(185): mean_norm_update: to   < 10.65  0.53 -0.80 -0.12 -0.31 -0.20 -0.22 -0.07 -0.22 -0.11 -0.18 -0.16 -0.15 >
[20:38:30.671] Processing command: engine_proc_result 

[20:38:30.671] proc result
	SFrm Efrm        AScr       LScr   BSDiff TSDiffPF   Conf LatDen Word (FWDTREE) (010)
	---------------------------------------------------------------------
	   0    4    -1036968          0   -52526   -36385  -1.00      4 <s>
	   5   88   -13559669    -802713  -814816   -32693   0.16     17 BUTLER_STREET:p
	  89   91     -657568     -73421  -739091   -64565  -1.00      1 </s>
	---------------------------------------------------------------------
	   0   91   -15254205    -876134  -814816   -64565               010(TOTAL)
INFO: \Projects\RoomLine-Blackmore\Agents\sphinx2\src\libsphinx2\search.c(2756): FWDTREE: BUTLER_STREET:p  (010 -16130339 (A=-15254205 L=-876134))
INFO: \Projects\RoomLine-Blackmore\Agents\sphinx2\src\libsphinx2\search.c(2842):      985 words recognized (11/fr)
INFO: \Projects\RoomLine-Blackmore\Agents\sphinx2\src\libsphinx2\search.c(2845):     3533 phones in topsen (38/fr)
INFO: \Projects\RoomLine-Blackmore\Agents\sphinx2\src\libsphinx2\search.c(2847):   578680 senones evaluated (6290/fr)
INFO: \Projects\RoomLine-Blackmore\Agents\sphinx2\src\libsphinx2\search.c(2849):    77355 channels searched (840/fr), 18268 1st, 14231 last
INFO: \Projects\RoomLine-Blackmore\Agents\sphinx2\src\libsphinx2\search.c(2853):     2057 words for which last channels evaluated (22/fr)
INFO: \Projects\RoomLine-Blackmore\Agents\sphinx2\src\libsphinx2\search.c(2855):     2270 candidate words for entering last phone (24/fr)
INFO: \Projects\RoomLine-Blackmore\Agents\sphinx2\src\libsphinx2\uttproc.c(517):   0.91 SoS,   0.92 sec elapsed,  1.01 xRT,   0.41 sec CPU,  0.45 xRT

[20:38:30.678] 91 frames

[20:38:30.678] Acoustic confidence: (-11964416 - -15254205.000000) / 91 = 36151.527344

[20:38:30.678] hyp: BUTLER STREET 

[20:38:30.678] Sending final hypotheses frame:
{c result :results ( {c hypothesis :hyp "BUTLER STREET " :confhyp "BUTLER STREET " :uttid "010" :engine_name "male" :nbest_index 0 :decoder_score -16130339.000000 :lm_score -876134.000000 :am_score -15254205.000000 :frame_num 91 :acoustic_gap_norm 36151.527344 :avg_sphinxwordconf 0.162975 :min_sphinxwordconf 0.162975 :max_sphinxwordconf 0.162975 :avg_wordconf 0.916667 :min_wordconf 0.916667 :max_wordconf 0.916667 :avg_validwordconf 0.916667 :min_validwordconf 0.916667 :max_validwordconf 0.916667 :startframes "5" :endframes "88" :init_timestamp 707072 :end_timestamp 707982 }  ) }

[20:38:30.686] Processing input...
[20:38:30.686] Received 19 bytes...
[20:38:30.686] Processing command: engine_cancel_utt 

[20:38:30.979] Processing input...
[20:38:30.980] Received 22 bytes...
[20:38:30.980] Processing command: engine_set_lm yes_no 

[20:38:30.980] set lm: yes_no
INFO: \Projects\RoomLine-Blackmore\Agents\sphinx2\src\libsphinx2\search.c(3619): Creating search tree
INFO: \Projects\RoomLine-Blackmore\Agents\sphinx2\src\libsphinx2\search.c(3742): 354 root, 50406 non-root channels, 35 single-phone words
INFO: \Projects\RoomLine-Blackmore\Agents\sphinx2\src\libsphinx2\uttproc.c(1752): LM= "yes_no"
[20:38:34.451] Processing input...
[20:38:34.451] Received 28 bytes...
[20:38:34.451] Processing command: engine_begin_utt 011 745856

[20:38:34.451] begin utt: 011 (745856)
INFO: \Projects\RoomLine-Blackmore\Agents\sphinx2\src\libsphinx2\uttproc.c(1195): Livemode
[20:38:34.452] Processing input...
[20:38:34.452] Received 22 bytes...
[20:38:34.452] Processing command: engine_proc_raw 6656 

[20:38:34.452] prepare to proc raw
[20:38:34.453] Processing input...
[20:38:34.453] Received 6656 bytes...
[20:38:34.453] Processing raw data ...
[20:38:34.453] 6656 bytes raw data received
[20:38:34.699] Processing input...
[20:38:34.699] Received 22 bytes...
[20:38:34.699] Processing command: engine_proc_raw 2560 

[20:38:34.699] prepare to proc raw
[20:38:34.699] Processing input...
[20:38:34.699] Received 2560 bytes...
[20:38:34.699] Processing raw data ...
[20:38:34.699] 2560 bytes raw data received
[20:38:34.781] Processing input...
[20:38:34.781] Received 21 bytes...
[20:38:34.781] Processing command: engine_proc_partial 

[20:38:34.781] proc partial result (45): YES 
[20:38:34.781] Sending:
 {c properties 											:partial_hyp "YES " 											:engine_name "male"											:start_timestamp "745856" 											:end_timestamp "746306" 											:frame_num "45" 										}
[20:38:34.781] Sent

[20:38:35.027] Processing input...
[20:38:35.028] Received 36 bytes...
[20:38:35.028] Processing command: engine_end_utt 

[20:38:35.028] end utt: 011
INFO: \Projects\RoomLine-Blackmore\Agents\sphinx2\src\libsphinx2\uttproc.c(1391): Samples histogram (011) (4/8/16/30/32K): 99.3%(4575) 0.7%(33) 0.0%(0) 0.0%(0) 0.0%(0); max: 5998
INFO: \Projects\RoomLine-Blackmore\Agents\sphinx2\src\libsphinx2\sc_vq.c(576): VQ-TIME= 0.0sec, SCR-TIME= 0.1sec (CPU)
INFO: \Projects\RoomLine-Blackmore\Agents\sphinx2\src\libsphinx2\live_norm.c(168): mean_norm_update: from < 10.65  0.53 -0.80 -0.12 -0.31 -0.20 -0.22 -0.07 -0.22 -0.11 -0.18 -0.16 -0.15 >
INFO: \Projects\RoomLine-Blackmore\Agents\sphinx2\src\libsphinx2\live_norm.c(185): mean_norm_update: to   < 10.53  0.52 -0.78 -0.11 -0.32 -0.20 -0.21 -0.07 -0.22 -0.11 -0.18 -0.16 -0.15 >
[20:38:35.030] Processing command: engine_proc_result 

[20:38:35.030] proc result
	SFrm Efrm        AScr       LScr   BSDiff TSDiffPF   Conf LatDen Word (FWDTREE) (011)
	---------------------------------------------------------------------
	   0   16    -2580635          0   -16893   -11032  -1.00      4 <s>
	  17   42    -3875021    -130550   -68928   -24386   0.36      8 YES
	  43   48    -1040455     -65474   -63781   -29366  -1.00      8 </s>
	---------------------------------------------------------------------
	   0   48    -7496111    -196024   -68928   -29366               011(TOTAL)
INFO: \Projects\RoomLine-Blackmore\Agents\sphinx2\src\libsphinx2\search.c(2756): FWDTREE: YES  (011 -7692135 (A=-7496111 L=-196024))
INFO: \Projects\RoomLine-Blackmore\Agents\sphinx2\src\libsphinx2\search.c(2842):      296 words recognized (6/fr)
INFO: \Projects\RoomLine-Blackmore\Agents\sphinx2\src\libsphinx2\search.c(2845):     1730 phones in topsen (35/fr)
INFO: \Projects\RoomLine-Blackmore\Agents\sphinx2\src\libsphinx2\search.c(2847):   308210 senones evaluated (6290/fr)
INFO: \Projects\RoomLine-Blackmore\Agents\sphinx2\src\libsphinx2\search.c(2849):    50020 channels searched (1020/fr), 14706 1st, 4597 last
INFO: \Projects\RoomLine-Blackmore\Agents\sphinx2\src\libsphinx2\search.c(2853):     1400 words for which last channels evaluated (28/fr)
INFO: \Projects\RoomLine-Blackmore\Agents\sphinx2\src\libsphinx2\search.c(2855):     2675 candidate words for entering last phone (54/fr)
INFO: \Projects\RoomLine-Blackmore\Agents\sphinx2\src\libsphinx2\uttproc.c(517):   0.48 SoS,   0.59 sec elapsed,  1.24 xRT,   0.23 sec CPU,  0.49 xRT

[20:38:35.044] 48 frames

[20:38:35.044] Acoustic confidence: (-6361088 - -7496111.000000) / 48 = 23646.312500

[20:38:35.044] hyp: YES 

[20:38:35.044] Sending final hypotheses frame:
{c result :results ( {c hypothesis :hyp "YES " :confhyp "YES " :uttid "011" :engine_name "male" :nbest_index 0 :decoder_score -7692135.000000 :lm_score -196024.000000 :am_score -7496111.000000 :frame_num 48 :acoustic_gap_norm 23646.312500 :avg_sphinxwordconf 0.355476 :min_sphinxwordconf 0.355476 :max_sphinxwordconf 0.355476 :avg_wordconf 0.916667 :min_wordconf 0.916667 :max_wordconf 0.916667 :avg_validwordconf 0.916667 :min_validwordconf 0.916667 :max_validwordconf 0.916667 :startframes "17" :endframes "42" :init_timestamp 745856 :end_timestamp 746336 }  ) }

[20:38:35.052] Processing input...
[20:38:35.052] Received 19 bytes...
[20:38:35.052] Processing command: engine_cancel_utt 

[20:38:35.626] Processing input...
[20:38:35.626] Received 20 bytes...
[20:38:35.626] Processing command: engine_set_lm time 

[20:38:35.626] set lm: time
INFO: \Projects\RoomLine-Blackmore\Agents\sphinx2\src\libsphinx2\search.c(3619): Creating search tree
INFO: \Projects\RoomLine-Blackmore\Agents\sphinx2\src\libsphinx2\search.c(3742): 358 root, 50454 non-root channels, 32 single-phone words
INFO: \Projects\RoomLine-Blackmore\Agents\sphinx2\src\libsphinx2\uttproc.c(1752): LM= "time"
[20:38:40.045] Processing input...
[20:38:40.045] Received 50 bytes...
[20:38:40.045] Processing command: engine_begin_utt 012 790656

[20:38:40.045] begin utt: 012 (790656)
INFO: \Projects\RoomLine-Blackmore\Agents\sphinx2\src\libsphinx2\uttproc.c(1195): Livemode
[20:38:40.045] Processing command: engine_proc_raw 6656 

[20:38:40.046] prepare to proc raw
[20:38:40.046] Processing input...
[20:38:40.046] Received 6656 bytes...
[20:38:40.046] Processing raw data ...
[20:38:40.046] 6656 bytes raw data received
[20:38:40.299] Processing input...
[20:38:40.299] Received 3371 bytes...
[20:38:40.299] Processing command: engine_proc_raw 3328 

[20:38:40.299] prepare to proc raw
[20:38:40.299] Processing raw data ...
[20:38:40.299] 3328 bytes raw data received
[20:38:40.455] Processing command: engine_proc_partial 

[20:38:40.456] proc partial result (49): AT NINE 
[20:38:40.456] Sending:
 {c properties 											:partial_hyp "AT NINE " 											:engine_name "male"											:start_timestamp "790656" 											:end_timestamp "791146" 											:frame_num "49" 										}
[20:38:40.456] Sent

[20:38:40.621] Processing input...
[20:38:40.621] Received 36 bytes...
[20:38:40.621] Processing command: engine_end_utt 

[20:38:40.621] end utt: 012
INFO: \Projects\RoomLine-Blackmore\Agents\sphinx2\src\libsphinx2\uttproc.c(1391): Samples histogram (012) (4/8/16/30/32K): 100.0%(4991) 0.0%(1) 0.0%(0) 0.0%(0) 0.0%(0); max: 4103
INFO: \Projects\RoomLine-Blackmore\Agents\sphinx2\src\libsphinx2\sc_vq.c(576): VQ-TIME= 0.1sec, SCR-TIME= 0.1sec (CPU)
INFO: \Projects\RoomLine-Blackmore\Agents\sphinx2\src\libsphinx2\live_norm.c(168): mean_norm_update: from < 10.53  0.52 -0.78 -0.11 -0.32 -0.20 -0.21 -0.07 -0.22 -0.11 -0.18 -0.16 -0.15 >
INFO: \Projects\RoomLine-Blackmore\Agents\sphinx2\src\libsphinx2\live_norm.c(185): mean_norm_update: to   < 10.47  0.51 -0.76 -0.11 -0.32 -0.19 -0.21 -0.06 -0.22 -0.10 -0.18 -0.16 -0.15 >
[20:38:40.624] Processing command: engine_proc_result 

[20:38:40.624] proc result
	SFrm Efrm        AScr       LScr   BSDiff TSDiffPF   Conf LatDen Word (FWDTREE) (012)
	---------------------------------------------------------------------
	   0    5    -1001543          0   -53341   -27489  -1.00      4 <s>
	   6   48    -7414256    -520819  -311292   -39114   0.14     29 MIDNIGHT
	  49   52     -825764     -63204  -515223   -66665  -1.00      9 </s>
	---------------------------------------------------------------------
	   0   52    -9241563    -584023  -515223   -66665               012(TOTAL)
INFO: \Projects\RoomLine-Blackmore\Agents\sphinx2\src\libsphinx2\search.c(2756): FWDTREE: MIDNIGHT  (012 -9825586 (A=-9241563 L=-584023))
INFO: \Projects\RoomLine-Blackmore\Agents\sphinx2\src\libsphinx2\search.c(2842):      914 words recognized (17/fr)
INFO: \Projects\RoomLine-Blackmore\Agents\sphinx2\src\libsphinx2\search.c(2845):     2040 phones in topsen (38/fr)
INFO: \Projects\RoomLine-Blackmore\Agents\sphinx2\src\libsphinx2\search.c(2847):   333370 senones evaluated (6290/fr)
INFO: \Projects\RoomLine-Blackmore\Agents\sphinx2\src\libsphinx2\search.c(2849):   113318 channels searched (2138/fr), 17504 1st, 16835 last
INFO: \Projects\RoomLine-Blackmore\Agents\sphinx2\src\libsphinx2\search.c(2853):     2139 words for which last channels evaluated (40/fr)
INFO: \Projects\RoomLine-Blackmore\Agents\sphinx2\src\libsphinx2\search.c(2855):     4584 candidate words for entering last phone (86/fr)
INFO: \Projects\RoomLine-Blackmore\Agents\sphinx2\src\libsphinx2\uttproc.c(517):   0.52 SoS,   0.59 sec elapsed,  1.14 xRT,   0.41 sec CPU,  0.78 xRT

[20:38:40.640] 52 frames

[20:38:40.640] Acoustic confidence: (-6983680 - -9241563.000000) / 52 = 43420.828125

[20:38:40.640] hyp: MIDNIGHT 

[20:38:40.640] Sending final hypotheses frame:
{c result :results ( {c hypothesis :hyp "MIDNIGHT " :confhyp "MIDNIGHT " :uttid "012" :engine_name "male" :nbest_index 0 :decoder_score -9825586.000000 :lm_score -584023.000000 :am_score -9241563.000000 :frame_num 52 :acoustic_gap_norm 43420.828125 :avg_sphinxwordconf 0.143831 :min_sphinxwordconf 0.143831 :max_sphinxwordconf 0.143831 :avg_wordconf 0.916667 :min_wordconf 0.916667 :max_wordconf 0.916667 :avg_validwordconf 0.916667 :min_validwordconf 0.916667 :max_validwordconf 0.916667 :startframes "6" :endframes "48" :init_timestamp 790656 :end_timestamp 791176 }  ) }

[20:38:40.649] Processing input...
[20:38:40.650] Received 19 bytes...
[20:38:40.650] Processing command: engine_cancel_utt 

[20:38:41.100] Processing input...
[20:38:41.100] Received 22 bytes...
[20:38:41.100] Processing command: engine_set_lm yes_no 

[20:38:41.100] set lm: yes_no
INFO: \Projects\RoomLine-Blackmore\Agents\sphinx2\src\libsphinx2\search.c(3619): Creating search tree
INFO: \Projects\RoomLine-Blackmore\Agents\sphinx2\src\libsphinx2\search.c(3742): 354 root, 50406 non-root channels, 35 single-phone words
INFO: \Projects\RoomLine-Blackmore\Agents\sphinx2\src\libsphinx2\uttproc.c(1752): LM= "yes_no"
[20:38:44.779] Processing input...
[20:38:44.780] Received 28 bytes...
[20:38:44.780] Processing command: engine_begin_utt 013 826880

[20:38:44.780] begin utt: 013 (826880)
INFO: \Projects\RoomLine-Blackmore\Agents\sphinx2\src\libsphinx2\uttproc.c(1195): Livemode
[20:38:44.781] Processing input...
[20:38:44.781] Received 6678 bytes...
[20:38:44.781] Processing command: engine_proc_raw 6656 

[20:38:44.781] prepare to proc raw
[20:38:44.781] Processing raw data ...
[20:38:44.781] 6656 bytes raw data received
[20:38:45.027] Processing input...
[20:38:45.027] Received 22 bytes...
[20:38:45.027] Processing command: engine_proc_raw 2560 

[20:38:45.027] prepare to proc raw
[20:38:45.028] Processing input...
[20:38:45.028] Received 2581 bytes...
[20:38:45.028] Processing raw data ...
[20:38:45.028] 2560 bytes raw data received
[20:38:45.123] Processing command: engine_proc_partial 

[20:38:45.123] proc partial result (45): YES 
[20:38:45.123] Sending:
 {c properties 											:partial_hyp "YES " 											:engine_name "male"											:start_timestamp "826880" 											:end_timestamp "827330" 											:frame_num "45" 										}
[20:38:45.123] Sent

[20:38:45.356] Processing input...
[20:38:45.356] Received 36 bytes...
[20:38:45.356] Processing command: engine_end_utt 

[20:38:45.356] end utt: 013
INFO: \Projects\RoomLine-Blackmore\Agents\sphinx2\src\libsphinx2\uttproc.c(1391): Samples histogram (013) (4/8/16/30/32K): 99.6%(4591) 0.4%(17) 0.0%(0) 0.0%(0) 0.0%(0); max: 5633
INFO: \Projects\RoomLine-Blackmore\Agents\sphinx2\src\libsphinx2\sc_vq.c(576): VQ-TIME= 0.0sec, SCR-TIME= 0.1sec (CPU)
INFO: \Projects\RoomLine-Blackmore\Agents\sphinx2\src\libsphinx2\live_norm.c(168): mean_norm_update: from < 10.47  0.51 -0.76 -0.11 -0.32 -0.19 -0.21 -0.06 -0.22 -0.10 -0.18 -0.16 -0.15 >
INFO: \Projects\RoomLine-Blackmore\Agents\sphinx2\src\libsphinx2\live_norm.c(185): mean_norm_update: to   < 10.38  0.51 -0.75 -0.11 -0.32 -0.19 -0.20 -0.06 -0.23 -0.09 -0.18 -0.15 -0.15 >
[20:38:45.358] Processing command: engine_proc_result 

[20:38:45.358] proc result
	SFrm Efrm        AScr       LScr   BSDiff TSDiffPF   Conf LatDen Word (FWDTREE) (013)
	---------------------------------------------------------------------
	   0   16    -2539465          0   -16893   -11200  -1.00      3 <s>
	  17   41    -3892154    -130550   -87612   -39073   0.26      9 YES
	  42   48    -1224268     -65474   -29381   -23489  -1.00     10 </s>
	---------------------------------------------------------------------
	   0   48    -7655887    -196024   -87612   -39073               013(TOTAL)
INFO: \Projects\RoomLine-Blackmore\Agents\sphinx2\src\libsphinx2\search.c(2756): FWDTREE: YES  (013 -7851911 (A=-7655887 L=-196024))
INFO: \Projects\RoomLine-Blackmore\Agents\sphinx2\src\libsphinx2\search.c(2842):      315 words recognized (6/fr)
INFO: \Projects\RoomLine-Blackmore\Agents\sphinx2\src\libsphinx2\search.c(2845):     1553 phones in topsen (31/fr)
INFO: \Projects\RoomLine-Blackmore\Agents\sphinx2\src\libsphinx2\search.c(2847):   308210 senones evaluated (6290/fr)
INFO: \Projects\RoomLine-Blackmore\Agents\sphinx2\src\libsphinx2\search.c(2849):    54149 channels searched (1105/fr), 14328 1st, 4514 last
INFO: \Projects\RoomLine-Blackmore\Agents\sphinx2\src\libsphinx2\search.c(2853):     1410 words for which last channels evaluated (28/fr)
INFO: \Projects\RoomLine-Blackmore\Agents\sphinx2\src\libsphinx2\search.c(2855):     2981 candidate words for entering last phone (60/fr)
INFO: \Projects\RoomLine-Blackmore\Agents\sphinx2\src\libsphinx2\uttproc.c(517):   0.48 SoS,   0.59 sec elapsed,  1.24 xRT,   0.23 sec CPU,  0.49 xRT

[20:38:45.381] 48 frames

[20:38:45.381] Acoustic confidence: (-6185984 - -7655887.000000) / 48 = 30622.978516

[20:38:45.381] hyp: YES 

[20:38:45.381] Sending final hypotheses frame:
{c result :results ( {c hypothesis :hyp "YES " :confhyp "YES " :uttid "013" :engine_name "male" :nbest_index 0 :decoder_score -7851911.000000 :lm_score -196024.000000 :am_score -7655887.000000 :frame_num 48 :acoustic_gap_norm 30622.978516 :avg_sphinxwordconf 0.261199 :min_sphinxwordconf 0.261199 :max_sphinxwordconf 0.261199 :avg_wordconf 0.916667 :min_wordconf 0.916667 :max_wordconf 0.916667 :avg_validwordconf 0.916667 :min_validwordconf 0.916667 :max_validwordconf 0.916667 :startframes "17" :endframes "41" :init_timestamp 826880 :end_timestamp 827360 }  ) }

[20:38:45.389] Processing input...
[20:38:45.389] Received 19 bytes...
[20:38:45.389] Processing command: engine_cancel_utt 

[20:39:30.092] Processing input...
[20:39:30.092] Received 29 bytes...
[20:39:30.092] Processing command: engine_begin_utt 014 1189760

[20:39:30.092] begin utt: 014 (1189760)
INFO: \Projects\RoomLine-Blackmore\Agents\sphinx2\src\libsphinx2\uttproc.c(1195): Livemode
[20:39:30.093] Processing input...
[20:39:30.094] Received 22 bytes...
[20:39:30.094] Processing command: engine_proc_raw 6656 

[20:39:30.094] prepare to proc raw
[20:39:30.094] Processing input...
[20:39:30.094] Received 4320 bytes...
[20:39:30.094] Processing input...
[20:39:30.094] Received 2336 bytes...
[20:39:30.094] Processing raw data ...
[20:39:30.094] 6656 bytes raw data received
[20:39:30.339] Processing input...
[20:39:30.339] Received 22 bytes...
[20:39:30.339] Processing command: engine_proc_raw 3584 

[20:39:30.339] prepare to proc raw
[20:39:30.340] Processing input...
[20:39:30.340] Received 3584 bytes...
[20:39:30.340] Processing raw data ...
[20:39:30.340] 3584 bytes raw data received
[20:39:30.545] Processing input...
[20:39:30.545] Received 21 bytes...
[20:39:30.545] Processing command: engine_proc_partial 

[20:39:30.545] proc partial result (51): HELLO 
[20:39:30.545] Sending:
 {c properties 											:partial_hyp "HELLO " 											:engine_name "male"											:start_timestamp "1189760" 											:end_timestamp "1190270" 											:frame_num "51" 										}
[20:39:30.546] Sent

[20:39:30.621] Processing input...
[20:39:30.621] Received 36 bytes...
[20:39:30.621] Processing command: engine_end_utt 

[20:39:30.621] end utt: 014
INFO: \Projects\RoomLine-Blackmore\Agents\sphinx2\src\libsphinx2\uttproc.c(1391): Samples histogram (014) (4/8/16/30/32K): 100.0%(5120) 0.0%(0) 0.0%(0) 0.0%(0) 0.0%(0); max: 4038
INFO: \Projects\RoomLine-Blackmore\Agents\sphinx2\src\libsphinx2\sc_vq.c(576): VQ-TIME= 0.0sec, SCR-TIME= 0.1sec (CPU)
INFO: \Projects\RoomLine-Blackmore\Agents\sphinx2\src\libsphinx2\live_norm.c(168): mean_norm_update: from < 10.27  0.52 -0.75 -0.12 -0.32 -0.19 -0.21 -0.06 -0.22 -0.09 -0.17 -0.15 -0.15 >
INFO: \Projects\RoomLine-Blackmore\Agents\sphinx2\src\libsphinx2\live_norm.c(185): mean_norm_update: to   < 10.27  0.54 -0.76 -0.13 -0.32 -0.19 -0.21 -0.05 -0.21 -0.08 -0.17 -0.16 -0.14 >
[20:39:30.623] Processing command: engine_proc_result 

[20:39:30.623] proc result
	SFrm Efrm        AScr       LScr   BSDiff TSDiffPF   Conf LatDen Word (FWDTREE) (014)
	---------------------------------------------------------------------
	   0   17    -2915818          0   -16893   -13396  -1.00      6 <s>
	  18   50    -5411956    -499620   -94865   -34478   0.23     28 HELLO
	  51   54     -764749     -69350  -113737   -40915  -1.00     11 </s>
	---------------------------------------------------------------------
	   0   54    -9092523    -568970  -113737   -40915               014(TOTAL)
INFO: \Projects\RoomLine-Blackmore\Agents\sphinx2\src\libsphinx2\search.c(2756): FWDTREE: HELLO  (014 -9661493 (A=-9092523 L=-568970))
INFO: \Projects\RoomLine-Blackmore\Agents\sphinx2\src\libsphinx2\search.c(2842):      845 words recognized (15/fr)
INFO: \Projects\RoomLine-Blackmore\Agents\sphinx2\src\libsphinx2\search.c(2845):     1976 phones in topsen (35/fr)
INFO: \Projects\RoomLine-Blackmore\Agents\sphinx2\src\libsphinx2\search.c(2847):   345950 senones evaluated (6290/fr)
INFO: \Projects\RoomLine-Blackmore\Agents\sphinx2\src\libsphinx2\search.c(2849):   103480 channels searched (1881/fr), 17412 1st, 8561 last
INFO: \Projects\RoomLine-Blackmore\Agents\sphinx2\src\libsphinx2\search.c(2853):     1934 words for which last channels evaluated (35/fr)
INFO: \Projects\RoomLine-Blackmore\Agents\sphinx2\src\libsphinx2\search.c(2855):     5871 candidate words for entering last phone (106/fr)
INFO: \Projects\RoomLine-Blackmore\Agents\sphinx2\src\libsphinx2\uttproc.c(517):   0.54 SoS,   0.55 sec elapsed,  1.01 xRT,   0.33 sec CPU,  0.61 xRT

[20:39:30.651] 54 frames

[20:39:30.651] Acoustic confidence: (-7405568 - -9092523.000000) / 54 = 31239.908203

[20:39:30.651] hyp: HELLO 

[20:39:30.652] Sending final hypotheses frame:
{c result :results ( {c hypothesis :hyp "HELLO " :confhyp "HELLO " :uttid "014" :engine_name "male" :nbest_index 0 :decoder_score -9661493.000000 :lm_score -568970.000000 :am_score -9092523.000000 :frame_num 54 :acoustic_gap_norm 31239.908203 :avg_sphinxwordconf 0.227276 :min_sphinxwordconf 0.227276 :max_sphinxwordconf 0.227276 :avg_wordconf 0.916667 :min_wordconf 0.916667 :max_wordconf 0.916667 :avg_validwordconf 0.916667 :min_validwordconf 0.916667 :max_validwordconf 0.916667 :startframes "18" :endframes "50" :init_timestamp 1189760 :end_timestamp 1190300 }  ) }

[20:39:30.656] Processing input...
[20:39:30.656] Received 19 bytes...
[20:39:30.656] Processing command: engine_cancel_utt 

[20:39:52.529] Processing input...
[20:39:52.529] Received 29 bytes...
[20:39:52.529] Processing command: engine_begin_utt 015 1370112

[20:39:52.529] begin utt: 015 (1370112)
INFO: \Projects\RoomLine-Blackmore\Agents\sphinx2\src\libsphinx2\uttproc.c(1195): Livemode
[20:39:52.530] Processing input...
[20:39:52.530] Received 22 bytes...
[20:39:52.530] Processing command: engine_proc_raw 6656 

[20:39:52.530] prepare to proc raw
[20:39:52.531] Processing input...
[20:39:52.531] Received 6656 bytes...
[20:39:52.531] Processing raw data ...
[20:39:52.531] 6656 bytes raw data received
[20:39:52.840] Processing input...
[20:39:52.840] Received 22 bytes...
[20:39:52.840] Processing command: engine_proc_raw 2560 

[20:39:52.840] prepare to proc raw
[20:39:52.840] Processing input...
[20:39:52.840] Received 2560 bytes...
[20:39:52.840] Processing raw data ...
[20:39:52.840] 2560 bytes raw data received
[20:39:52.945] Processing input...
[20:39:52.945] Received 21 bytes...
[20:39:52.945] Processing command: engine_proc_partial 

[20:39:52.945] proc partial result (45): HELP 
[20:39:52.946] Sending:
 {c properties 											:partial_hyp "HELP " 											:engine_name "male"											:start_timestamp "1370112" 											:end_timestamp "1370562" 											:frame_num "45" 										}
[20:39:52.946] Sent

[20:39:53.167] Processing input...
[20:39:53.167] Received 16 bytes...
[20:39:53.167] Processing command: engine_end_utt 

[20:39:53.167] end utt: 015
INFO: \Projects\RoomLine-Blackmore\Agents\sphinx2\src\libsphinx2\uttproc.c(1391): Samples histogram (015) (4/8/16/30/32K): 97.9%(4513) 2.1%(95) 0.0%(0) 0.0%(0) 0.0%(0); max: 7739
INFO: \Projects\RoomLine-Blackmore\Agents\sphinx2\src\libsphinx2\sc_vq.c(576): VQ-TIME= 0.1sec, SCR-TIME= 0.0sec (CPU)
INFO: \Projects\RoomLine-Blackmore\Agents\sphinx2\src\libsphinx2\live_norm.c(168): mean_norm_update: from < 10.27  0.54 -0.76 -0.13 -0.32 -0.19 -0.21 -0.05 -0.21 -0.08 -0.17 -0.16 -0.14 >
INFO: \Projects\RoomLine-Blackmore\Agents\sphinx2\src\libsphinx2\live_norm.c(185): mean_norm_update: to   < 10.15  0.55 -0.77 -0.15 -0.33 -0.19 -0.21 -0.05 -0.21 -0.08 -0.16 -0.15 -0.13 >
[20:39:53.170] Processing input...
[20:39:53.170] Received 20 bytes...
[20:39:53.170] Processing command: engine_proc_result 

[20:39:53.170] proc result
	SFrm Efrm        AScr       LScr   BSDiff TSDiffPF   Conf LatDen Word (FWDTREE) (015)
	---------------------------------------------------------------------
	   0   14    -2506797          0   -20446   -13929  -1.00      5 <s>
	  15   42    -4674922    -517138  -462628   -32854   0.37     24 HELP
	  43   48    -1164429     -68211  -180394   -25282  -1.00     10 </s>
	---------------------------------------------------------------------
	   0   48    -8346148    -585349  -462628   -32854               015(TOTAL)
INFO: \Projects\RoomLine-Blackmore\Agents\sphinx2\src\libsphinx2\search.c(2756): FWDTREE: HELP  (015 -8931497 (A=-8346148 L=-585349))
INFO: \Projects\RoomLine-Blackmore\Agents\sphinx2\src\libsphinx2\search.c(2842):      657 words recognized (13/fr)
INFO: \Projects\RoomLine-Blackmore\Agents\sphinx2\src\libsphinx2\search.c(2845):     1774 phones in topsen (36/fr)
INFO: \Projects\RoomLine-Blackmore\Agents\sphinx2\src\libsphinx2\search.c(2847):   308210 senones evaluated (6290/fr)
INFO: \Projects\RoomLine-Blackmore\Agents\sphinx2\src\libsphinx2\search.c(2849):    67000 channels searched (1367/fr), 15356 1st, 6793 last
INFO: \Projects\RoomLine-Blackmore\Agents\sphinx2\src\libsphinx2\search.c(2853):     1562 words for which last channels evaluated (31/fr)
INFO: \Projects\RoomLine-Blackmore\Agents\sphinx2\src\libsphinx2\search.c(2855):     3808 candidate words for entering last phone (77/fr)
INFO: \Projects\RoomLine-Blackmore\Agents\sphinx2\src\libsphinx2\uttproc.c(517):   0.48 SoS,   0.66 sec elapsed,  1.37 xRT,   0.25 sec CPU,  0.52 xRT

[20:39:53.193] 48 frames

[20:39:53.193] Acoustic confidence: (-6891520 - -8346148.000000) / 48 = 30304.750000

[20:39:53.193] hyp: HELP 

[20:39:53.194] Sending final hypotheses frame:
{c result :results ( {c hypothesis :hyp "HELP " :confhyp "HELP " :uttid "015" :engine_name "male" :nbest_index 0 :decoder_score -8931497.000000 :lm_score -585349.000000 :am_score -8346148.000000 :frame_num 48 :acoustic_gap_norm 30304.750000 :avg_sphinxwordconf 0.369895 :min_sphinxwordconf 0.369895 :max_sphinxwordconf 0.369895 :avg_wordconf 0.916667 :min_wordconf 0.916667 :max_wordconf 0.916667 :avg_validwordconf 0.916667 :min_validwordconf 0.916667 :max_validwordconf 0.916667 :startframes "15" :endframes "42" :init_timestamp 1370112 :end_timestamp 1370592 }  ) }

[20:39:53.201] Processing input...
[20:39:53.201] Received 19 bytes...
[20:39:53.201] Processing command: engine_cancel_utt 

[20:39:56.326] Processing input...
[20:39:56.326] Received 29 bytes...
[20:39:56.326] Processing command: engine_begin_utt 016 1401216

[20:39:56.326] begin utt: 016 (1401216)
INFO: \Projects\RoomLine-Blackmore\Agents\sphinx2\src\libsphinx2\uttproc.c(1195): Livemode
[20:39:56.329] Processing input...
[20:39:56.329] Received 6678 bytes...
[20:39:56.329] Processing command: engine_proc_raw 6656 

[20:39:56.329] prepare to proc raw
[20:39:56.329] Processing raw data ...
[20:39:56.329] 6656 bytes raw data received
[20:39:56.574] Processing input...
[20:39:56.574] Received 22 bytes...
[20:39:56.574] Processing command: engine_proc_raw 2560 

[20:39:56.574] prepare to proc raw
[20:39:56.574] Processing input...
[20:39:56.574] Received 2560 bytes...
[20:39:56.574] Processing raw data ...
[20:39:56.574] 2560 bytes raw data received
[20:39:56.764] Processing input...
[20:39:56.764] Received 21 bytes...
[20:39:56.764] Processing command: engine_proc_partial 

[20:39:56.764] proc partial result (45): 
[20:39:56.902] Processing input...
[20:39:56.902] Received 16 bytes...
[20:39:56.902] Processing command: engine_end_utt 

[20:39:56.902] end utt: 016
INFO: \Projects\RoomLine-Blackmore\Agents\sphinx2\src\libsphinx2\uttproc.c(1391): Samples histogram (016) (4/8/16/30/32K): 93.3%(4300) 5.8%(267) 0.9%(41) 0.0%(0) 0.0%(0); max: 12893
INFO: \Projects\RoomLine-Blackmore\Agents\sphinx2\src\libsphinx2\sc_vq.c(576): VQ-TIME= 0.0sec, SCR-TIME= 0.1sec (CPU)
INFO: \Projects\RoomLine-Blackmore\Agents\sphinx2\src\libsphinx2\live_norm.c(168): mean_norm_update: from < 10.15  0.55 -0.77 -0.15 -0.33 -0.19 -0.21 -0.05 -0.21 -0.08 -0.16 -0.15 -0.13 >
INFO: \Projects\RoomLine-Blackmore\Agents\sphinx2\src\libsphinx2\live_norm.c(185): mean_norm_update: to   <  9.96  0.52 -0.77 -0.15 -0.31 -0.17 -0.21 -0.05 -0.21 -0.09 -0.15 -0.13 -0.13 >
[20:39:56.904] Processing input...
[20:39:56.904] Received 20 bytes...
[20:39:56.904] Processing command: engine_proc_result 

[20:39:56.904] proc result
	SFrm Efrm        AScr       LScr   BSDiff TSDiffPF   Conf LatDen Word (FWDTREE) (016)
	---------------------------------------------------------------------
	   0   13    -2398380          0   -16893   -15152  -1.00      7 <s>
	  14   40    -5358734    -230270   -31803   -32090  -1.00     14 ++NOISE++
	  41   48    -1480010    -237947  -201854   -33065  -1.00      7 </s>
	---------------------------------------------------------------------
	   0   48    -9237124    -468217  -201854   -33065               016(TOTAL)
INFO: \Projects\RoomLine-Blackmore\Agents\sphinx2\src\libsphinx2\search.c(2756): FWDTREE:  (016 -9705341 (A=-9237124 L=-468217))
INFO: \Projects\RoomLine-Blackmore\Agents\sphinx2\src\libsphinx2\search.c(2842):      535 words recognized (11/fr)
INFO: \Projects\RoomLine-Blackmore\Agents\sphinx2\src\libsphinx2\search.c(2845):     1926 phones in topsen (39/fr)
INFO: \Projects\RoomLine-Blackmore\Agents\sphinx2\src\libsphinx2\search.c(2847):   308210 senones evaluated (6290/fr)
INFO: \Projects\RoomLine-Blackmore\Agents\sphinx2\src\libsphinx2\search.c(2849):    99920 channels searched (2039/fr), 16180 1st, 1899 last
INFO: \Projects\RoomLine-Blackmore\Agents\sphinx2\src\libsphinx2\search.c(2853):     1496 words for which last channels evaluated (30/fr)
INFO: \Projects\RoomLine-Blackmore\Agents\sphinx2\src\libsphinx2\search.c(2855):     7234 candidate words for entering last phone (147/fr)
INFO: \Projects\RoomLine-Blackmore\Agents\sphinx2\src\libsphinx2\uttproc.c(517):   0.48 SoS,   0.60 sec elapsed,  1.25 xRT,   0.36 sec CPU,  0.75 xRT

[20:39:56.925] 48 frames

[20:39:56.925] Acoustic confidence: (-7727104 - -9237124.000000) / 48 = 31458.750000

[20:39:56.925] hyp: 

[20:39:56.925] Sending final hypotheses frame:
{c result :results ( {c hypothesis :hyp "" :confhyp "" :uttid "016" :engine_name "male" :nbest_index 0 :decoder_score 0.000000 :lm_score 0.000000 :am_score 0.000000 :frame_num 48 :acoustic_gap_norm 0.000000 :avg_sphinxwordconf 0.000000 :min_sphinxwordconf 1.000000 :max_sphinxwordconf 0.000000 :avg_wordconf 0.000000 :min_wordconf 0.000000 :max_wordconf 0.000000 :avg_validwordconf 0.000000 :min_validwordconf 0.000000 :max_validwordconf 0.000000 :startframes "" :endframes "" :init_timestamp 1401216 :end_timestamp 1401696 }  ) }

[20:39:56.940] Processing input...
[20:39:56.940] Received 19 bytes...
[20:39:56.940] Processing command: engine_cancel_utt 

[20:40:24.253] Processing input...
[20:40:24.253] Received 26 bytes...
[20:40:24.253] Processing command: engine_set_lm next_query 

[20:40:24.253] set lm: next_query
INFO: \Projects\RoomLine-Blackmore\Agents\sphinx2\src\libsphinx2\search.c(3619): Creating search tree
INFO: \Projects\RoomLine-Blackmore\Agents\sphinx2\src\libsphinx2\search.c(3742): 335 root, 50233 non-root channels, 30 single-phone words
INFO: \Projects\RoomLine-Blackmore\Agents\sphinx2\src\libsphinx2\uttproc.c(1752): LM= "next_query"
[20:40:27.436] Processing input...
[20:40:27.436] Received 82 bytes...
[20:40:27.436] Processing command: engine_new_session ..\..\logs\LetsGoPublic\20061122\015\LetsGoPublic-20061122-015

[20:40:27.436] new session
INFO: \Projects\RoomLine-Blackmore\Agents\sphinx2\src\libsphinx2\fbs_main.c(1186): uttproc_set_logfile(..\..\logs\LetsGoPublic\20061122\015\LetsGoPublic-20061122-015-sphinx_male.log)
