[STD@02:25:26.930] Adding buffer 0 to pool
[STD@02:25:26.931] Adding buffer 1 to pool
[STD@02:25:26.931] Adding buffer 2 to pool
[STD@02:25:26.931] Adding buffer 3 to pool
[STD@02:25:26.932] Adding buffer 4 to pool
[STD@02:25:26.932] Adding buffer 5 to pool
[STD@02:25:26.932] Adding buffer 6 to pool
[STD@02:25:26.933] Adding buffer 7 to pool
[STD@02:25:26.933] Adding buffer 8 to pool
[STD@02:25:26.933] Adding buffer 9 to pool
[STD@02:25:26.933] Adding buffer 10 to pool
[STD@02:25:26.934] Adding buffer 11 to pool
[STD@02:25:26.934] Adding buffer 12 to pool
[STD@02:25:26.936] Adding buffer 13 to pool
[STD@02:25:26.936] Adding buffer 14 to pool
[STD@02:25:26.937] Adding buffer 15 to pool
[STD@02:25:26.937] Opening audio file ..\..\logs\LetsGoPublic\20061122\002\LetsGoPublic-20061122-002-input_and_output.raw for output
[STD@02:25:26.939] Starting device
[DBG@02:25:27.199] Saving buffer 0.
[DBG@02:25:27.201] Saved 4096 bytes from buffer to file.
[DBG@02:25:27.201] Added buffer back to pool.
[DBG@02:25:27.459] Saving buffer 1.
[DBG@02:25:27.459] Saved 4096 bytes from buffer to file.
[DBG@02:25:27.459] Added buffer back to pool.
[DBG@02:25:27.709] Saving buffer 2.
[DBG@02:25:27.709] Saved 4096 bytes from buffer to file.
[DBG@02:25:27.709] Added buffer back to pool.
[DBG@02:25:27.969] Saving buffer 3.
[DBG@02:25:27.969] Saved 4096 bytes from buffer to file.
[DBG@02:25:28.076] Added buffer back to pool.
[DBG@02:25:28.219] Saving buffer 4.
[DBG@02:25:28.219] Saved 4096 bytes from buffer to file.
[DBG@02:25:28.220] Added buffer back to pool.
[DBG@02:25:28.479] Saving buffer 5.
[DBG@02:25:28.479] Saved 4096 bytes from buffer to file.
[DBG@02:25:28.479] Added buffer back to pool.
[DBG@02:25:28.739] Saving buffer 6.
[DBG@02:25:28.739] Saved 4096 bytes from buffer to file.
[DBG@02:25:28.739] Added buffer back to pool.
[DBG@02:25:28.989] Saving buffer 7.
[DBG@02:25:28.989] Saved 4096 bytes from buffer to file.
[DBG@02:25:28.989] Added buffer back to pool.
[DBG@02:25:29.249] Saving buffer 8.
[DBG@02:25:29.249] Saved 4096 bytes from buffer to file.
[DBG@02:25:29.249] Added buffer back to pool.
[DBG@02:25:29.499] Saving buffer 9.
[DBG@02:25:29.499] Saved 4096 bytes from buffer to file.
[DBG@02:25:29.499] Added buffer back to pool.
[DBG@02:25:29.759] Saving buffer 10.
[DBG@02:25:29.759] Saved 4096 bytes from buffer to file.
[DBG@02:25:29.759] Added buffer back to pool.
[DBG@02:25:30.019] Saving buffer 11.
[DBG@02:25:30.019] Saved 4096 bytes from buffer to file.
[DBG@02:25:30.019] Added buffer back to pool.
[DBG@02:25:30.269] Saving buffer 12.
[DBG@02:25:30.269] Saved 4096 bytes from buffer to file.
[DBG@02:25:30.269] Added buffer back to pool.
[DBG@02:25:30.529] Saving buffer 13.
[DBG@02:25:30.529] Saved 4096 bytes from buffer to file.
[DBG@02:25:30.529] Added buffer back to pool.
[DBG@02:25:30.779] Saving buffer 14.
[DBG@02:25:30.779] Saved 4096 bytes from buffer to file.
[DBG@02:25:30.779] Added buffer back to pool.
[DBG@02:25:31.039] Saving buffer 15.
[DBG@02:25:31.039] Saved 4096 bytes from buffer to file.
[DBG@02:25:31.039] Added buffer back to pool.
[DBG@02:25:31.299] Saving buffer 0.
[DBG@02:25:31.299] Saved 4096 bytes from buffer to file.
[DBG@02:25:31.300] Added buffer back to pool.
[DBG@02:25:31.549] Saving buffer 1.
[DBG@02:25:31.549] Saved 4096 bytes from buffer to file.
[DBG@02:25:31.549] Added buffer back to pool.
[DBG@02:25:31.809] Saving buffer 2.
[DBG@02:25:31.809] Saved 4096 bytes from buffer to file.
[DBG@02:25:31.809] Added buffer back to pool.
[DBG@02:25:32.059] Saving buffer 3.
[DBG@02:25:32.059] Saved 4096 bytes from buffer to file.
[DBG@02:25:32.059] Added buffer back to pool.
[DBG@02:25:32.319] Saving buffer 4.
[DBG@02:25:32.319] Saved 4096 bytes from buffer to file.
[DBG@02:25:32.319] Added buffer back to pool.
[DBG@02:25:32.579] Saving buffer 5.
[DBG@02:25:32.579] Saved 4096 bytes from buffer to file.
[DBG@02:25:32.579] Added buffer back to pool.
[DBG@02:25:32.829] Saving buffer 6.
[DBG@02:25:32.829] Saved 4096 bytes from buffer to file.
[DBG@02:25:32.830] Added buffer back to pool.
[DBG@02:25:33.089] Saving buffer 7.
[DBG@02:25:33.089] Saved 4096 bytes from buffer to file.
[DBG@02:25:33.089] Added buffer back to pool.
[DBG@02:25:33.339] Saving buffer 8.
[DBG@02:25:33.339] Saved 4096 bytes from buffer to file.
[DBG@02:25:33.339] Added buffer back to pool.
[DBG@02:25:33.599] Saving buffer 9.
[DBG@02:25:33.599] Saved 4096 bytes from buffer to file.
[DBG@02:25:33.599] Added buffer back to pool.
[DBG@02:25:33.859] Saving buffer 10.
[DBG@02:25:33.859] Saved 4096 bytes from buffer to file.
[DBG@02:25:33.859] Added buffer back to pool.
[DBG@02:25:34.109] Saving buffer 11.
[DBG@02:25:34.109] Saved 4096 bytes from buffer to file.
[DBG@02:25:34.109] Added buffer back to pool.
[DBG@02:25:34.369] Saving buffer 12.
[DBG@02:25:34.369] Saved 4096 bytes from buffer to file.
[DBG@02:25:34.369] Added buffer back to pool.
[DBG@02:25:34.619] Saving buffer 13.
[DBG@02:25:34.619] Saved 4096 bytes from buffer to file.
[DBG@02:25:34.619] Added buffer back to pool.
[DBG@02:25:34.879] Saving buffer 14.
[DBG@02:25:34.879] Saved 4096 bytes from buffer to file.
[DBG@02:25:34.879] Added buffer back to pool.
[DBG@02:25:35.139] Saving buffer 15.
[DBG@02:25:35.139] Saved 4096 bytes from buffer to file.
[DBG@02:25:35.139] Added buffer back to pool.
[DBG@02:25:35.389] Saving buffer 0.
[DBG@02:25:35.389] Saved 4096 bytes from buffer to file.
[DBG@02:25:35.389] Added buffer back to pool.
[DBG@02:25:35.649] Saving buffer 1.
[DBG@02:25:35.649] Saved 4096 bytes from buffer to file.
[DBG@02:25:35.649] Added buffer back to pool.
[DBG@02:25:35.899] Saving buffer 2.
[DBG@02:25:35.899] Saved 4096 bytes from buffer to file.
[DBG@02:25:35.899] Added buffer back to pool.
[DBG@02:25:36.159] Saving buffer 3.
[DBG@02:25:36.159] Saved 4096 bytes from buffer to file.
[DBG@02:25:36.159] Added buffer back to pool.
[DBG@02:25:36.419] Saving buffer 4.
[DBG@02:25:36.419] Saved 4096 bytes from buffer to file.
[DBG@02:25:36.420] Added buffer back to pool.
[DBG@02:25:36.669] Saving buffer 5.
[DBG@02:25:36.669] Saved 4096 bytes from buffer to file.
[DBG@02:25:36.669] Added buffer back to pool.
[DBG@02:25:36.929] Saving buffer 6.
[DBG@02:25:36.929] Saved 4096 bytes from buffer to file.
[DBG@02:25:36.929] Added buffer back to pool.
[DBG@02:25:37.179] Saving buffer 7.
[DBG@02:25:37.179] Saved 4096 bytes from buffer to file.
[DBG@02:25:37.179] Added buffer back to pool.
[DBG@02:25:37.439] Saving buffer 8.
[DBG@02:25:37.439] Saved 4096 bytes from buffer to file.
[DBG@02:25:37.439] Added buffer back to pool.
[DBG@02:25:37.699] Saving buffer 9.
[DBG@02:25:37.699] Saved 4096 bytes from buffer to file.
[DBG@02:25:37.699] Added buffer back to pool.
[DBG@02:25:37.949] Saving buffer 10.
[DBG@02:25:37.949] Saved 4096 bytes from buffer to file.
[DBG@02:25:37.949] Added buffer back to pool.
[DBG@02:25:38.209] Saving buffer 11.
[DBG@02:25:38.209] Saved 4096 bytes from buffer to file.
[DBG@02:25:38.209] Added buffer back to pool.
[DBG@02:25:38.459] Saving buffer 12.
[DBG@02:25:38.459] Saved 4096 bytes from buffer to file.
[DBG@02:25:38.459] Added buffer back to pool.
[DBG@02:25:38.719] Saving buffer 13.
[DBG@02:25:38.719] Saved 4096 bytes from buffer to file.
[DBG@02:25:38.719] Added buffer back to pool.
[DBG@02:25:38.979] Saving buffer 14.
[DBG@02:25:38.979] Saved 4096 bytes from buffer to file.
[DBG@02:25:38.979] Added buffer back to pool.
[DBG@02:25:39.229] Saving buffer 15.
[DBG@02:25:39.229] Saved 4096 bytes from buffer to file.
[DBG@02:25:39.229] Added buffer back to pool.
[DBG@02:25:39.489] Saving buffer 0.
[DBG@02:25:39.489] Saved 4096 bytes from buffer to file.
[DBG@02:25:39.489] Added buffer back to pool.
[DBG@02:25:39.739] Saving buffer 1.
[DBG@02:25:39.739] Saved 4096 bytes from buffer to file.
[DBG@02:25:39.739] Added buffer back to pool.
[DBG@02:25:39.999] Saving buffer 2.
[DBG@02:25:39.999] Saved 4096 bytes from buffer to file.
[DBG@02:25:39.999] Added buffer back to pool.
[DBG@02:25:40.259] Saving buffer 3.
[DBG@02:25:40.259] Saved 4096 bytes from buffer to file.
[DBG@02:25:40.259] Added buffer back to pool.
[DBG@02:25:40.509] Saving buffer 4.
[DBG@02:25:40.509] Saved 4096 bytes from buffer to file.
[DBG@02:25:40.509] Added buffer back to pool.
[DBG@02:25:40.769] Saving buffer 5.
[DBG@02:25:40.769] Saved 4096 bytes from buffer to file.
[DBG@02:25:40.770] Added buffer back to pool.
[DBG@02:25:41.019] Saving buffer 6.
[DBG@02:25:41.019] Saved 4096 bytes from buffer to file.
[DBG@02:25:41.019] Added buffer back to pool.
[DBG@02:25:41.279] Saving buffer 7.
[DBG@02:25:41.279] Saved 4096 bytes from buffer to file.
[DBG@02:25:41.279] Added buffer back to pool.
[DBG@02:25:41.539] Saving buffer 8.
[DBG@02:25:41.539] Saved 4096 bytes from buffer to file.
[DBG@02:25:41.539] Added buffer back to pool.
[DBG@02:25:41.789] Saving buffer 9.
[DBG@02:25:41.789] Saved 4096 bytes from buffer to file.
[DBG@02:25:41.789] Added buffer back to pool.
[DBG@02:25:42.049] Saving buffer 10.
[DBG@02:25:42.049] Saved 4096 bytes from buffer to file.
[DBG@02:25:42.049] Added buffer back to pool.
[DBG@02:25:42.299] Saving buffer 11.
[DBG@02:25:42.299] Saved 4096 bytes from buffer to file.
[DBG@02:25:42.299] Added buffer back to pool.
[DBG@02:25:42.559] Saving buffer 12.
[DBG@02:25:42.559] Saved 4096 bytes from buffer to file.
[DBG@02:25:42.559] Added buffer back to pool.
[DBG@02:25:42.819] Saving buffer 13.
[DBG@02:25:42.819] Saved 4096 bytes from buffer to file.
[DBG@02:25:42.819] Added buffer back to pool.
[DBG@02:25:43.069] Saving buffer 14.
[DBG@02:25:43.069] Saved 4096 bytes from buffer to file.
[DBG@02:25:43.069] Added buffer back to pool.
[DBG@02:25:43.329] Saving buffer 15.
[DBG@02:25:43.329] Saved 4096 bytes from buffer to file.
[DBG@02:25:43.329] Added buffer back to pool.
[DBG@02:25:43.579] Saving buffer 0.
[DBG@02:25:43.580] Saved 4096 bytes from buffer to file.
[DBG@02:25:43.580] Added buffer back to pool.
[DBG@02:25:43.839] Saving buffer 1.
[DBG@02:25:43.839] Saved 4096 bytes from buffer to file.
[DBG@02:25:43.839] Added buffer back to pool.
[DBG@02:25:44.099] Saving buffer 2.
[DBG@02:25:44.099] Saved 4096 bytes from buffer to file.
[DBG@02:25:44.099] Added buffer back to pool.
[DBG@02:25:44.349] Saving buffer 3.
[DBG@02:25:44.349] Saved 4096 bytes from buffer to file.
[DBG@02:25:44.349] Added buffer back to pool.
[DBG@02:25:44.609] Saving buffer 4.
[DBG@02:25:44.609] Saved 4096 bytes from buffer to file.
[DBG@02:25:44.609] Added buffer back to pool.
[DBG@02:25:44.859] Saving buffer 5.
[DBG@02:25:44.859] Saved 4096 bytes from buffer to file.
[DBG@02:25:44.859] Added buffer back to pool.
[DBG@02:25:45.119] Saving buffer 6.
[DBG@02:25:45.119] Saved 4096 bytes from buffer to file.
[DBG@02:25:45.119] Added buffer back to pool.
[DBG@02:25:45.379] Saving buffer 7.
[DBG@02:25:45.379] Saved 4096 bytes from buffer to file.
[DBG@02:25:45.379] Added buffer back to pool.
[DBG@02:25:45.629] Saving buffer 8.
[DBG@02:25:45.629] Saved 4096 bytes from buffer to file.
[DBG@02:25:45.629] Added buffer back to pool.
[DBG@02:25:45.889] Saving buffer 9.
[DBG@02:25:45.889] Saved 4096 bytes from buffer to file.
[DBG@02:25:45.889] Added buffer back to pool.
[DBG@02:25:46.139] Saving buffer 10.
[DBG@02:25:46.139] Saved 4096 bytes from buffer to file.
[DBG@02:25:46.139] Added buffer back to pool.
[DBG@02:25:46.399] Saving buffer 11.
[DBG@02:25:46.399] Saved 4096 bytes from buffer to file.
[DBG@02:25:46.399] Added buffer back to pool.
[DBG@02:25:46.659] Saving buffer 12.
[DBG@02:25:46.659] Saved 4096 bytes from buffer to file.
[DBG@02:25:46.659] Added buffer back to pool.
[DBG@02:25:46.909] Saving buffer 13.
[DBG@02:25:46.909] Saved 4096 bytes from buffer to file.
[DBG@02:25:46.909] Added buffer back to pool.
[DBG@02:25:47.169] Saving buffer 14.
[DBG@02:25:47.169] Saved 4096 bytes from buffer to file.
[DBG@02:25:47.169] Added buffer back to pool.
[DBG@02:25:47.419] Saving buffer 15.
[DBG@02:25:47.419] Saved 4096 bytes from buffer to file.
[DBG@02:25:47.419] Added buffer back to pool.
[DBG@02:25:47.679] Saving buffer 0.
[DBG@02:25:47.679] Saved 4096 bytes from buffer to file.
[DBG@02:25:47.679] Added buffer back to pool.
[DBG@02:25:47.939] Saving buffer 1.
[DBG@02:25:47.939] Saved 4096 bytes from buffer to file.
[DBG@02:25:47.939] Added buffer back to pool.
[DBG@02:25:48.189] Saving buffer 2.
[DBG@02:25:48.189] Saved 4096 bytes from buffer to file.
[DBG@02:25:48.189] Added buffer back to pool.
[DBG@02:25:48.449] Saving buffer 3.
[DBG@02:25:48.449] Saved 4096 bytes from buffer to file.
[DBG@02:25:48.449] Added buffer back to pool.
[DBG@02:25:48.699] Saving buffer 4.
[DBG@02:25:48.699] Saved 4096 bytes from buffer to file.
[DBG@02:25:48.699] Added buffer back to pool.
[DBG@02:25:48.959] Saving buffer 5.
[DBG@02:25:48.959] Saved 4096 bytes from buffer to file.
[DBG@02:25:48.959] Added buffer back to pool.
[DBG@02:25:49.219] Saving buffer 6.
[DBG@02:25:49.219] Saved 4096 bytes from buffer to file.
[DBG@02:25:49.219] Added buffer back to pool.
[DBG@02:25:49.469] Saving buffer 7.
[DBG@02:25:49.469] Saved 4096 bytes from buffer to file.
[DBG@02:25:49.469] Added buffer back to pool.
[DBG@02:25:49.728] Saving buffer 8.
[DBG@02:25:49.729] Saved 4096 bytes from buffer to file.
[DBG@02:25:49.729] Added buffer back to pool.
[DBG@02:25:49.978] Saving buffer 9.
[DBG@02:25:49.979] Saved 4096 bytes from buffer to file.
[DBG@02:25:49.979] Added buffer back to pool.
[DBG@02:25:50.238] Saving buffer 10.
[DBG@02:25:50.239] Saved 4096 bytes from buffer to file.
[DBG@02:25:50.239] Added buffer back to pool.
[DBG@02:25:50.498] Saving buffer 11.
[DBG@02:25:50.499] Saved 4096 bytes from buffer to file.
[DBG@02:25:50.499] Added buffer back to pool.
[DBG@02:25:50.748] Saving buffer 12.
[DBG@02:25:50.749] Saved 4096 bytes from buffer to file.
[DBG@02:25:50.749] Added buffer back to pool.
[DBG@02:25:51.008] Saving buffer 13.
[DBG@02:25:51.009] Saved 4096 bytes from buffer to file.
[DBG@02:25:51.009] Added buffer back to pool.
[DBG@02:25:51.258] Saving buffer 14.
[DBG@02:25:51.259] Saved 4096 bytes from buffer to file.
[DBG@02:25:51.259] Added buffer back to pool.
[DBG@02:25:51.518] Saving buffer 15.
[DBG@02:25:51.519] Saved 4096 bytes from buffer to file.
[DBG@02:25:51.519] Added buffer back to pool.
[DBG@02:25:51.778] Saving buffer 0.
[DBG@02:25:51.779] Saved 4096 bytes from buffer to file.
[DBG@02:25:51.779] Added buffer back to pool.
[DBG@02:25:52.028] Saving buffer 1.
[DBG@02:25:52.029] Saved 4096 bytes from buffer to file.
[DBG@02:25:52.029] Added buffer back to pool.
[DBG@02:25:52.288] Saving buffer 2.
[DBG@02:25:52.289] Saved 4096 bytes from buffer to file.
[DBG@02:25:52.289] Added buffer back to pool.
[DBG@02:25:52.538] Saving buffer 3.
[DBG@02:25:52.539] Saved 4096 bytes from buffer to file.
[DBG@02:25:52.539] Added buffer back to pool.
[DBG@02:25:52.798] Saving buffer 4.
[DBG@02:25:52.799] Saved 4096 bytes from buffer to file.
[DBG@02:25:52.799] Added buffer back to pool.
[DBG@02:25:53.058] Saving buffer 5.
[DBG@02:25:53.059] Saved 4096 bytes from buffer to file.
[DBG@02:25:53.059] Added buffer back to pool.
[DBG@02:25:53.309] Saving buffer 6.
[DBG@02:25:53.309] Saved 4096 bytes from buffer to file.
[DBG@02:25:53.309] Added buffer back to pool.
[DBG@02:25:53.569] Saving buffer 7.
[DBG@02:25:53.569] Saved 4096 bytes from buffer to file.
[DBG@02:25:53.569] Added buffer back to pool.
[DBG@02:25:53.818] Saving buffer 8.
[DBG@02:25:53.818] Saved 4096 bytes from buffer to file.
[DBG@02:25:53.819] Added buffer back to pool.
[DBG@02:25:54.079] Saving buffer 9.
[DBG@02:25:54.079] Saved 4096 bytes from buffer to file.
[DBG@02:25:54.079] Added buffer back to pool.
[DBG@02:25:54.339] Saving buffer 10.
[DBG@02:25:54.339] Saved 4096 bytes from buffer to file.
[DBG@02:25:54.339] Added buffer back to pool.
[DBG@02:25:54.589] Saving buffer 11.
[DBG@02:25:54.589] Saved 4096 bytes from buffer to file.
[DBG@02:25:54.589] Added buffer back to pool.
[DBG@02:25:54.849] Saving buffer 12.
[DBG@02:25:54.849] Saved 4096 bytes from buffer to file.
[DBG@02:25:54.849] Added buffer back to pool.
[DBG@02:25:55.098] Saving buffer 13.
[DBG@02:25:55.098] Saved 4096 bytes from buffer to file.
[DBG@02:25:55.099] Added buffer back to pool.
[DBG@02:25:55.358] Saving buffer 14.
[DBG@02:25:55.358] Saved 4096 bytes from buffer to file.
[DBG@02:25:55.359] Added buffer back to pool.
[DBG@02:25:55.618] Saving buffer 15.
[DBG@02:25:55.618] Saved 4096 bytes from buffer to file.
[DBG@02:25:55.619] Added buffer back to pool.
[DBG@02:25:55.868] Saving buffer 0.
[DBG@02:25:55.869] Saved 4096 bytes from buffer to file.
[DBG@02:25:55.869] Added buffer back to pool.
[DBG@02:25:56.128] Saving buffer 1.
[DBG@02:25:56.129] Saved 4096 bytes from buffer to file.
[DBG@02:25:56.129] Added buffer back to pool.
[DBG@02:25:56.378] Saving buffer 2.
[DBG@02:25:56.379] Saved 4096 bytes from buffer to file.
[DBG@02:25:56.379] Added buffer back to pool.
[DBG@02:25:56.638] Saving buffer 3.
[DBG@02:25:56.638] Saved 4096 bytes from buffer to file.
[DBG@02:25:56.639] Added buffer back to pool.
[DBG@02:25:56.898] Saving buffer 4.
[DBG@02:25:56.899] Saved 4096 bytes from buffer to file.
[DBG@02:25:56.899] Added buffer back to pool.
[DBG@02:25:57.148] Saving buffer 5.
[DBG@02:25:57.149] Saved 4096 bytes from buffer to file.
[DBG@02:25:57.149] Added buffer back to pool.
[DBG@02:25:57.408] Saving buffer 6.
[DBG@02:25:57.409] Saved 4096 bytes from buffer to file.
[DBG@02:25:57.409] Added buffer back to pool.
[DBG@02:25:57.658] Saving buffer 7.
[DBG@02:25:57.658] Saved 4096 bytes from buffer to file.
[DBG@02:25:57.659] Added buffer back to pool.
[DBG@02:25:57.918] Saving buffer 8.
[DBG@02:25:57.918] Saved 4096 bytes from buffer to file.
[DBG@02:25:57.918] Added buffer back to pool.
[DBG@02:25:58.178] Saving buffer 9.
[DBG@02:25:58.178] Saved 4096 bytes from buffer to file.
[DBG@02:25:58.178] Added buffer back to pool.
[DBG@02:25:58.428] Saving buffer 10.
[DBG@02:25:58.428] Saved 4096 bytes from buffer to file.
[DBG@02:25:58.428] Added buffer back to pool.
[DBG@02:25:58.688] Saving buffer 11.
[DBG@02:25:58.688] Saved 4096 bytes from buffer to file.
[DBG@02:25:58.688] Added buffer back to pool.
[DBG@02:25:58.938] Saving buffer 12.
[DBG@02:25:58.938] Saved 4096 bytes from buffer to file.
[DBG@02:25:58.938] Added buffer back to pool.
[DBG@02:25:59.198] Saving buffer 13.
[DBG@02:25:59.198] Saved 4096 bytes from buffer to file.
[DBG@02:25:59.198] Added buffer back to pool.
[DBG@02:25:59.458] Saving buffer 14.
[DBG@02:25:59.458] Saved 4096 bytes from buffer to file.
[DBG@02:25:59.458] Added buffer back to pool.
[DBG@02:25:59.708] Saving buffer 15.
[DBG@02:25:59.708] Saved 4096 bytes from buffer to file.
[DBG@02:25:59.708] Added buffer back to pool.
[DBG@02:25:59.968] Saving buffer 0.
[DBG@02:25:59.969] Saved 4096 bytes from buffer to file.
[DBG@02:25:59.969] Added buffer back to pool.
[DBG@02:26:00.218] Saving buffer 1.
[DBG@02:26:00.218] Saved 4096 bytes from buffer to file.
[DBG@02:26:00.218] Added buffer back to pool.
[DBG@02:26:00.478] Saving buffer 2.
[DBG@02:26:00.478] Saved 4096 bytes from buffer to file.
[DBG@02:26:00.478] Added buffer back to pool.
[DBG@02:26:00.738] Saving buffer 3.
[DBG@02:26:00.738] Saved 4096 bytes from buffer to file.
[DBG@02:26:00.738] Added buffer back to pool.
[DBG@02:26:00.988] Saving buffer 4.
[DBG@02:26:00.988] Saved 4096 bytes from buffer to file.
[DBG@02:26:00.988] Added buffer back to pool.
[DBG@02:26:01.248] Saving buffer 5.
[DBG@02:26:01.248] Saved 4096 bytes from buffer to file.
[DBG@02:26:01.249] Added buffer back to pool.
[DBG@02:26:01.498] Saving buffer 6.
[DBG@02:26:01.498] Saved 4096 bytes from buffer to file.
[DBG@02:26:01.498] Added buffer back to pool.
[DBG@02:26:01.758] Saving buffer 7.
[DBG@02:26:01.758] Saved 4096 bytes from buffer to file.
[DBG@02:26:01.759] Added buffer back to pool.
[DBG@02:26:02.018] Saving buffer 8.
[DBG@02:26:02.018] Saved 4096 bytes from buffer to file.
[DBG@02:26:02.019] Added buffer back to pool.
[DBG@02:26:02.268] Saving buffer 9.
[DBG@02:26:02.268] Saved 4096 bytes from buffer to file.
[DBG@02:26:02.268] Added buffer back to pool.
[DBG@02:26:02.528] Saving buffer 10.
[DBG@02:26:02.528] Saved 4096 bytes from buffer to file.
[DBG@02:26:02.529] Added buffer back to pool.
[DBG@02:26:02.778] Saving buffer 11.
[DBG@02:26:02.778] Saved 4096 bytes from buffer to file.
[DBG@02:26:02.779] Added buffer back to pool.
[DBG@02:26:03.038] Saving buffer 12.
[DBG@02:26:03.038] Saved 4096 bytes from buffer to file.
[DBG@02:26:03.038] Added buffer back to pool.
[DBG@02:26:03.298] Saving buffer 13.
[DBG@02:26:03.298] Saved 4096 bytes from buffer to file.
[DBG@02:26:03.298] Added buffer back to pool.
[DBG@02:26:03.548] Saving buffer 14.
[DBG@02:26:03.548] Saved 4096 bytes from buffer to file.
[DBG@02:26:03.548] Added buffer back to pool.
[DBG@02:26:03.808] Saving buffer 15.
[DBG@02:26:03.808] Saved 4096 bytes from buffer to file.
[DBG@02:26:03.808] Added buffer back to pool.
[DBG@02:26:04.058] Saving buffer 0.
[DBG@02:26:04.059] Saved 4096 bytes from buffer to file.
[DBG@02:26:04.059] Added buffer back to pool.
[DBG@02:26:04.318] Saving buffer 1.
[DBG@02:26:04.318] Saved 4096 bytes from buffer to file.
[DBG@02:26:04.318] Added buffer back to pool.
[DBG@02:26:04.578] Saving buffer 2.
[DBG@02:26:04.578] Saved 4096 bytes from buffer to file.
[DBG@02:26:04.578] Added buffer back to pool.
[DBG@02:26:04.828] Saving buffer 3.
[DBG@02:26:04.828] Saved 4096 bytes from buffer to file.
[DBG@02:26:04.828] Added buffer back to pool.
[DBG@02:26:05.088] Saving buffer 4.
[DBG@02:26:05.088] Saved 4096 bytes from buffer to file.
[DBG@02:26:05.088] Added buffer back to pool.
[DBG@02:26:05.338] Saving buffer 5.
[DBG@02:26:05.338] Saved 4096 bytes from buffer to file.
[DBG@02:26:05.338] Added buffer back to pool.
[DBG@02:26:05.598] Saving buffer 6.
[DBG@02:26:05.598] Saved 4096 bytes from buffer to file.
[DBG@02:26:05.598] Added buffer back to pool.
[DBG@02:26:05.858] Saving buffer 7.
[DBG@02:26:05.858] Saved 4096 bytes from buffer to file.
[DBG@02:26:05.858] Added buffer back to pool.
[DBG@02:26:06.108] Saving buffer 8.
[DBG@02:26:06.108] Saved 4096 bytes from buffer to file.
[DBG@02:26:06.108] Added buffer back to pool.
[DBG@02:26:06.368] Saving buffer 9.
[DBG@02:26:06.368] Saved 4096 bytes from buffer to file.
[DBG@02:26:06.368] Added buffer back to pool.
[DBG@02:26:06.618] Saving buffer 10.
[DBG@02:26:06.618] Saved 4096 bytes from buffer to file.
[DBG@02:26:06.618] Added buffer back to pool.
[DBG@02:26:06.878] Saving buffer 11.
[DBG@02:26:06.878] Saved 4096 bytes from buffer to file.
[DBG@02:26:06.878] Added buffer back to pool.
[DBG@02:26:07.138] Saving buffer 12.
[DBG@02:26:07.138] Saved 4096 bytes from buffer to file.
[DBG@02:26:07.138] Added buffer back to pool.
[DBG@02:26:07.388] Saving buffer 13.
[DBG@02:26:07.388] Saved 4096 bytes from buffer to file.
[DBG@02:26:07.388] Added buffer back to pool.
[DBG@02:26:07.648] Saving buffer 14.
[DBG@02:26:07.648] Saved 4096 bytes from buffer to file.
[DBG@02:26:07.648] Added buffer back to pool.
[DBG@02:26:07.898] Saving buffer 15.
[DBG@02:26:07.898] Saved 4096 bytes from buffer to file.
[DBG@02:26:07.927] Added buffer back to pool.
[DBG@02:26:08.158] Saving buffer 0.
[DBG@02:26:08.158] Saved 4096 bytes from buffer to file.
[DBG@02:26:08.159] Added buffer back to pool.
[DBG@02:26:08.418] Saving buffer 1.
[DBG@02:26:08.418] Saved 4096 bytes from buffer to file.
[DBG@02:26:08.418] Added buffer back to pool.
[DBG@02:26:08.668] Saving buffer 2.
[DBG@02:26:08.668] Saved 4096 bytes from buffer to file.
[DBG@02:26:08.668] Added buffer back to pool.
[DBG@02:26:08.928] Saving buffer 3.
[DBG@02:26:08.928] Saved 4096 bytes from buffer to file.
[DBG@02:26:08.928] Added buffer back to pool.
[DBG@02:26:09.178] Saving buffer 4.
[DBG@02:26:09.178] Saved 4096 bytes from buffer to file.
[DBG@02:26:09.178] Added buffer back to pool.
[DBG@02:26:09.438] Saving buffer 5.
[DBG@02:26:09.438] Saved 4096 bytes from buffer to file.
[DBG@02:26:09.438] Added buffer back to pool.
[DBG@02:26:09.698] Saving buffer 6.
[DBG@02:26:09.698] Saved 4096 bytes from buffer to file.
[DBG@02:26:09.698] Added buffer back to pool.
[DBG@02:26:09.948] Saving buffer 7.
[DBG@02:26:09.948] Saved 4096 bytes from buffer to file.
[DBG@02:26:09.948] Added buffer back to pool.
[DBG@02:26:10.208] Saving buffer 8.
[DBG@02:26:10.208] Saved 4096 bytes from buffer to file.
[DBG@02:26:10.208] Added buffer back to pool.
[DBG@02:26:10.458] Saving buffer 9.
[DBG@02:26:10.458] Saved 4096 bytes from buffer to file.
[DBG@02:26:10.458] Added buffer back to pool.
[DBG@02:26:10.718] Saving buffer 10.
[DBG@02:26:10.718] Saved 4096 bytes from buffer to file.
[DBG@02:26:10.718] Added buffer back to pool.
[DBG@02:26:10.978] Saving buffer 11.
[DBG@02:26:10.978] Saved 4096 bytes from buffer to file.
[DBG@02:26:10.978] Added buffer back to pool.
[DBG@02:26:11.228] Saving buffer 12.
[DBG@02:26:11.228] Saved 4096 bytes from buffer to file.
[DBG@02:26:11.228] Added buffer back to pool.
[DBG@02:26:11.488] Saving buffer 13.
[DBG@02:26:11.488] Saved 4096 bytes from buffer to file.
[DBG@02:26:11.488] Added buffer back to pool.
[DBG@02:26:11.738] Saving buffer 14.
[DBG@02:26:11.738] Saved 4096 bytes from buffer to file.
[DBG@02:26:11.738] Added buffer back to pool.
[DBG@02:26:11.998] Saving buffer 15.
[DBG@02:26:11.998] Saved 4096 bytes from buffer to file.
[DBG@02:26:11.998] Added buffer back to pool.
[DBG@02:26:12.258] Saving buffer 0.
[DBG@02:26:12.258] Saved 4096 bytes from buffer to file.
[DBG@02:26:12.258] Added buffer back to pool.
[DBG@02:26:12.508] Saving buffer 1.
[DBG@02:26:12.508] Saved 4096 bytes from buffer to file.
[DBG@02:26:12.508] Added buffer back to pool.
[DBG@02:26:12.768] Saving buffer 2.
[DBG@02:26:12.768] Saved 4096 bytes from buffer to file.
[DBG@02:26:12.768] Added buffer back to pool.
[DBG@02:26:13.018] Saving buffer 3.
[DBG@02:26:13.018] Saved 4096 bytes from buffer to file.
[DBG@02:26:13.018] Added buffer back to pool.
[DBG@02:26:13.278] Saving buffer 4.
[DBG@02:26:13.278] Saved 4096 bytes from buffer to file.
[DBG@02:26:13.279] Added buffer back to pool.
[DBG@02:26:13.538] Saving buffer 5.
[DBG@02:26:13.538] Saved 4096 bytes from buffer to file.
[DBG@02:26:13.538] Added buffer back to pool.
[DBG@02:26:13.788] Saving buffer 6.
[DBG@02:26:13.788] Saved 4096 bytes from buffer to file.
[DBG@02:26:13.788] Added buffer back to pool.
[DBG@02:26:14.048] Saving buffer 7.
[DBG@02:26:14.048] Saved 4096 bytes from buffer to file.
[DBG@02:26:14.048] Added buffer back to pool.
[DBG@02:26:14.298] Saving buffer 8.
[DBG@02:26:14.298] Saved 4096 bytes from buffer to file.
[DBG@02:26:14.298] Added buffer back to pool.
[DBG@02:26:14.558] Saving buffer 9.
[DBG@02:26:14.558] Saved 4096 bytes from buffer to file.
[DBG@02:26:14.558] Added buffer back to pool.
[DBG@02:26:14.818] Saving buffer 10.
[DBG@02:26:14.818] Saved 4096 bytes from buffer to file.
[DBG@02:26:14.818] Added buffer back to pool.
[DBG@02:26:15.068] Saving buffer 11.
[DBG@02:26:15.068] Saved 4096 bytes from buffer to file.
[DBG@02:26:15.068] Added buffer back to pool.
[DBG@02:26:15.328] Saving buffer 12.
[DBG@02:26:15.328] Saved 4096 bytes from buffer to file.
[DBG@02:26:15.328] Added buffer back to pool.
[DBG@02:26:15.578] Saving buffer 13.
[DBG@02:26:15.578] Saved 4096 bytes from buffer to file.
[DBG@02:26:15.578] Added buffer back to pool.
[DBG@02:26:15.838] Saving buffer 14.
[DBG@02:26:15.838] Saved 4096 bytes from buffer to file.
[DBG@02:26:15.838] Added buffer back to pool.
[DBG@02:26:16.098] Saving buffer 15.
[DBG@02:26:16.098] Saved 4096 bytes from buffer to file.
[DBG@02:26:16.098] Added buffer back to pool.
[DBG@02:26:16.348] Saving buffer 0.
[DBG@02:26:16.348] Saved 4096 bytes from buffer to file.
[DBG@02:26:16.348] Added buffer back to pool.
[DBG@02:26:16.608] Saving buffer 1.
[DBG@02:26:16.608] Saved 4096 bytes from buffer to file.
[DBG@02:26:16.608] Added buffer back to pool.
[DBG@02:26:16.858] Saving buffer 2.
[DBG@02:26:16.858] Saved 4096 bytes from buffer to file.
[DBG@02:26:16.858] Added buffer back to pool.
[DBG@02:26:17.118] Saving buffer 3.
[DBG@02:26:17.118] Saved 4096 bytes from buffer to file.
[DBG@02:26:17.118] Added buffer back to pool.
[DBG@02:26:17.378] Saving buffer 4.
[DBG@02:26:17.378] Saved 4096 bytes from buffer to file.
[DBG@02:26:17.378] Added buffer back to pool.
[DBG@02:26:17.628] Saving buffer 5.
[DBG@02:26:17.628] Saved 4096 bytes from buffer to file.
[DBG@02:26:17.628] Added buffer back to pool.
[DBG@02:26:17.888] Saving buffer 6.
[DBG@02:26:17.888] Saved 4096 bytes from buffer to file.
[DBG@02:26:17.888] Added buffer back to pool.
[DBG@02:26:18.138] Saving buffer 7.
[DBG@02:26:18.138] Saved 4096 bytes from buffer to file.
[DBG@02:26:18.138] Added buffer back to pool.
[DBG@02:26:18.398] Saving buffer 8.
[DBG@02:26:18.398] Saved 4096 bytes from buffer to file.
[DBG@02:26:18.398] Added buffer back to pool.
[DBG@02:26:18.658] Saving buffer 9.
[DBG@02:26:18.658] Saved 4096 bytes from buffer to file.
[DBG@02:26:18.658] Added buffer back to pool.
[DBG@02:26:18.908] Saving buffer 10.
[DBG@02:26:18.908] Saved 4096 bytes from buffer to file.
[DBG@02:26:18.908] Added buffer back to pool.
[DBG@02:26:19.168] Saving buffer 11.
[DBG@02:26:19.168] Saved 4096 bytes from buffer to file.
[DBG@02:26:19.168] Added buffer back to pool.
[DBG@02:26:19.418] Saving buffer 12.
[DBG@02:26:19.418] Saved 4096 bytes from buffer to file.
[DBG@02:26:19.418] Added buffer back to pool.
[DBG@02:26:19.678] Saving buffer 13.
[DBG@02:26:19.678] Saved 4096 bytes from buffer to file.
[DBG@02:26:19.678] Added buffer back to pool.
[DBG@02:26:19.938] Saving buffer 14.
[DBG@02:26:19.938] Saved 4096 bytes from buffer to file.
[DBG@02:26:19.938] Added buffer back to pool.
[DBG@02:26:20.188] Saving buffer 15.
[DBG@02:26:20.188] Saved 4096 bytes from buffer to file.
[DBG@02:26:20.188] Added buffer back to pool.
[DBG@02:26:20.448] Saving buffer 0.
[DBG@02:26:20.448] Saved 4096 bytes from buffer to file.
[DBG@02:26:20.448] Added buffer back to pool.
[DBG@02:26:20.698] Saving buffer 1.
[DBG@02:26:20.698] Saved 4096 bytes from buffer to file.
[DBG@02:26:20.698] Added buffer back to pool.
[DBG@02:26:20.958] Saving buffer 2.
[DBG@02:26:20.958] Saved 4096 bytes from buffer to file.
[DBG@02:26:20.958] Added buffer back to pool.
[DBG@02:26:21.218] Saving buffer 3.
[DBG@02:26:21.218] Saved 4096 bytes from buffer to file.
[DBG@02:26:21.218] Added buffer back to pool.
[DBG@02:26:21.468] Saving buffer 4.
[DBG@02:26:21.468] Saved 4096 bytes from buffer to file.
[DBG@02:26:21.468] Added buffer back to pool.
[DBG@02:26:21.728] Saving buffer 5.
[DBG@02:26:21.728] Saved 4096 bytes from buffer to file.
[DBG@02:26:21.728] Added buffer back to pool.
[DBG@02:26:21.977] Saving buffer 6.
[DBG@02:26:21.978] Saved 4096 bytes from buffer to file.
[DBG@02:26:21.978] Added buffer back to pool.
[DBG@02:26:22.238] Saving buffer 7.
[DBG@02:26:22.238] Saved 4096 bytes from buffer to file.
[DBG@02:26:22.238] Added buffer back to pool.
[DBG@02:26:22.498] Saving buffer 8.
[DBG@02:26:22.498] Saved 4096 bytes from buffer to file.
[DBG@02:26:22.498] Added buffer back to pool.
[DBG@02:26:22.748] Saving buffer 9.
[DBG@02:26:22.748] Saved 4096 bytes from buffer to file.
[DBG@02:26:22.748] Added buffer back to pool.
[DBG@02:26:23.007] Saving buffer 10.
[DBG@02:26:23.008] Saved 4096 bytes from buffer to file.
[DBG@02:26:23.008] Added buffer back to pool.
[DBG@02:26:23.257] Saving buffer 11.
[DBG@02:26:23.258] Saved 4096 bytes from buffer to file.
[DBG@02:26:23.258] Added buffer back to pool.
[DBG@02:26:23.517] Saving buffer 12.
[DBG@02:26:23.518] Saved 4096 bytes from buffer to file.
[DBG@02:26:23.518] Added buffer back to pool.
[DBG@02:26:23.777] Saving buffer 13.
[DBG@02:26:23.778] Saved 4096 bytes from buffer to file.
[DBG@02:26:23.778] Added buffer back to pool.
[DBG@02:26:24.027] Saving buffer 14.
[DBG@02:26:24.028] Saved 4096 bytes from buffer to file.
[DBG@02:26:24.028] Added buffer back to pool.
[DBG@02:26:24.287] Saving buffer 15.
[DBG@02:26:24.288] Saved 4096 bytes from buffer to file.
[DBG@02:26:24.288] Added buffer back to pool.
[DBG@02:26:24.537] Saving buffer 0.
[DBG@02:26:24.538] Saved 4096 bytes from buffer to file.
[DBG@02:26:24.538] Added buffer back to pool.
[DBG@02:26:24.797] Saving buffer 1.
[DBG@02:26:24.798] Saved 4096 bytes from buffer to file.
[DBG@02:26:24.798] Added buffer back to pool.
[DBG@02:26:25.057] Saving buffer 2.
[DBG@02:26:25.058] Saved 4096 bytes from buffer to file.
[DBG@02:26:25.058] Added buffer back to pool.
[DBG@02:26:25.307] Saving buffer 3.
[DBG@02:26:25.308] Saved 4096 bytes from buffer to file.
[DBG@02:26:25.308] Added buffer back to pool.
[DBG@02:26:25.567] Saving buffer 4.
[DBG@02:26:25.568] Saved 4096 bytes from buffer to file.
[DBG@02:26:25.568] Added buffer back to pool.
[DBG@02:26:25.817] Saving buffer 5.
[DBG@02:26:25.818] Saved 4096 bytes from buffer to file.
[DBG@02:26:25.818] Added buffer back to pool.
[DBG@02:26:26.077] Saving buffer 6.
[DBG@02:26:26.077] Saved 4096 bytes from buffer to file.
[DBG@02:26:26.078] Added buffer back to pool.
[DBG@02:26:26.337] Saving buffer 7.
[DBG@02:26:26.337] Saved 4096 bytes from buffer to file.
[DBG@02:26:26.338] Added buffer back to pool.
[DBG@02:26:26.587] Saving buffer 8.
[DBG@02:26:26.587] Saved 4096 bytes from buffer to file.
[DBG@02:26:26.588] Added buffer back to pool.
[DBG@02:26:26.847] Saving buffer 9.
[DBG@02:26:26.847] Saved 4096 bytes from buffer to file.
[DBG@02:26:26.848] Added buffer back to pool.
[DBG@02:26:27.097] Saving buffer 10.
[DBG@02:26:27.097] Saved 4096 bytes from buffer to file.
[DBG@02:26:27.098] Added buffer back to pool.
[DBG@02:26:27.357] Saving buffer 11.
[DBG@02:26:27.357] Saved 4096 bytes from buffer to file.
[DBG@02:26:27.358] Added buffer back to pool.
[DBG@02:26:27.617] Saving buffer 12.
[DBG@02:26:27.617] Saved 4096 bytes from buffer to file.
[DBG@02:26:27.618] Added buffer back to pool.
[DBG@02:26:27.867] Saving buffer 13.
[DBG@02:26:27.867] Saved 4096 bytes from buffer to file.
[DBG@02:26:27.868] Added buffer back to pool.
[DBG@02:26:28.127] Saving buffer 14.
[DBG@02:26:28.127] Saved 4096 bytes from buffer to file.
[DBG@02:26:28.128] Added buffer back to pool.
[DBG@02:26:28.377] Saving buffer 15.
[DBG@02:26:28.377] Saved 4096 bytes from buffer to file.
[DBG@02:26:28.378] Added buffer back to pool.
[DBG@02:26:28.637] Saving buffer 0.
[DBG@02:26:28.638] Saved 4096 bytes from buffer to file.
[DBG@02:26:28.638] Added buffer back to pool.
[DBG@02:26:28.897] Saving buffer 1.
[DBG@02:26:28.897] Saved 4096 bytes from buffer to file.
[DBG@02:26:28.897] Added buffer back to pool.
[DBG@02:26:29.147] Saving buffer 2.
[DBG@02:26:29.147] Saved 4096 bytes from buffer to file.
[DBG@02:26:29.148] Added buffer back to pool.
[DBG@02:26:29.407] Saving buffer 3.
[DBG@02:26:29.407] Saved 4096 bytes from buffer to file.
[DBG@02:26:29.408] Added buffer back to pool.
[DBG@02:26:29.657] Saving buffer 4.
[DBG@02:26:29.657] Saved 4096 bytes from buffer to file.
[DBG@02:26:29.658] Added buffer back to pool.
[DBG@02:26:29.917] Saving buffer 5.
[DBG@02:26:29.917] Saved 4096 bytes from buffer to file.
[DBG@02:26:29.917] Added buffer back to pool.
[DBG@02:26:30.177] Saving buffer 6.
[DBG@02:26:30.177] Saved 4096 bytes from buffer to file.
[DBG@02:26:30.177] Added buffer back to pool.
[DBG@02:26:30.427] Saving buffer 7.
[DBG@02:26:30.427] Saved 4096 bytes from buffer to file.
[DBG@02:26:30.428] Added buffer back to pool.
[DBG@02:26:30.687] Saving buffer 8.
[DBG@02:26:30.687] Saved 4096 bytes from buffer to file.
[DBG@02:26:30.687] Added buffer back to pool.
[DBG@02:26:30.937] Saving buffer 9.
[DBG@02:26:30.937] Saved 4096 bytes from buffer to file.
[DBG@02:26:30.937] Added buffer back to pool.
[DBG@02:26:31.197] Saving buffer 10.
[DBG@02:26:31.197] Saved 4096 bytes from buffer to file.
[DBG@02:26:31.197] Added buffer back to pool.
[DBG@02:26:31.457] Saving buffer 11.
[DBG@02:26:31.457] Saved 4096 bytes from buffer to file.
[DBG@02:26:31.457] Added buffer back to pool.
[DBG@02:26:31.707] Saving buffer 12.
[DBG@02:26:31.707] Saved 4096 bytes from buffer to file.
[DBG@02:26:31.707] Added buffer back to pool.
[DBG@02:26:31.967] Saving buffer 13.
[DBG@02:26:31.967] Saved 4096 bytes from buffer to file.
[DBG@02:26:31.967] Added buffer back to pool.
[DBG@02:26:32.217] Saving buffer 14.
[DBG@02:26:32.217] Saved 4096 bytes from buffer to file.
[DBG@02:26:32.217] Added buffer back to pool.
[DBG@02:26:32.477] Saving buffer 15.
[DBG@02:26:32.477] Saved 4096 bytes from buffer to file.
[DBG@02:26:32.477] Added buffer back to pool.
[DBG@02:26:32.737] Saving buffer 0.
[DBG@02:26:32.738] Saved 4096 bytes from buffer to file.
[DBG@02:26:32.738] Added buffer back to pool.
[DBG@02:26:32.987] Saving buffer 1.
[DBG@02:26:32.987] Saved 4096 bytes from buffer to file.
[DBG@02:26:32.987] Added buffer back to pool.
[DBG@02:26:33.247] Saving buffer 2.
[DBG@02:26:33.247] Saved 4096 bytes from buffer to file.
[DBG@02:26:33.249] Added buffer back to pool.
[DBG@02:26:33.497] Saving buffer 3.
[DBG@02:26:33.497] Saved 4096 bytes from buffer to file.
[DBG@02:26:33.498] Added buffer back to pool.
[DBG@02:26:33.757] Saving buffer 4.
[DBG@02:26:33.757] Saved 4096 bytes from buffer to file.
[DBG@02:26:33.757] Added buffer back to pool.
[DBG@02:26:34.017] Saving buffer 5.
[DBG@02:26:34.017] Saved 4096 bytes from buffer to file.
[DBG@02:26:34.017] Added buffer back to pool.
[DBG@02:26:34.267] Saving buffer 6.
[DBG@02:26:34.267] Saved 4096 bytes from buffer to file.
[DBG@02:26:34.267] Added buffer back to pool.
[DBG@02:26:34.527] Saving buffer 7.
[DBG@02:26:34.527] Saved 4096 bytes from buffer to file.
[DBG@02:26:34.527] Added buffer back to pool.
[DBG@02:26:34.777] Saving buffer 8.
[DBG@02:26:34.777] Saved 4096 bytes from buffer to file.
[DBG@02:26:34.777] Added buffer back to pool.
[DBG@02:26:35.037] Saving buffer 9.
[DBG@02:26:35.037] Saved 4096 bytes from buffer to file.
[DBG@02:26:35.037] Added buffer back to pool.
[DBG@02:26:35.297] Saving buffer 10.
[DBG@02:26:35.297] Saved 4096 bytes from buffer to file.
[DBG@02:26:35.297] Added buffer back to pool.
[DBG@02:26:35.547] Saving buffer 11.
[DBG@02:26:35.547] Saved 4096 bytes from buffer to file.
[DBG@02:26:35.547] Added buffer back to pool.
[DBG@02:26:35.807] Saving buffer 12.
[DBG@02:26:35.807] Saved 4096 bytes from buffer to file.
[DBG@02:26:35.807] Added buffer back to pool.
[DBG@02:26:36.057] Saving buffer 13.
[DBG@02:26:36.057] Saved 4096 bytes from buffer to file.
[DBG@02:26:36.057] Added buffer back to pool.
[DBG@02:26:36.317] Saving buffer 14.
[DBG@02:26:36.317] Saved 4096 bytes from buffer to file.
[DBG@02:26:36.317] Added buffer back to pool.
[DBG@02:26:36.577] Saving buffer 15.
[DBG@02:26:36.577] Saved 4096 bytes from buffer to file.
[DBG@02:26:36.577] Added buffer back to pool.
[DBG@02:26:36.827] Saving buffer 0.
[DBG@02:26:36.827] Saved 4096 bytes from buffer to file.
[DBG@02:26:36.828] Added buffer back to pool.
[DBG@02:26:37.087] Saving buffer 1.
[DBG@02:26:37.087] Saved 4096 bytes from buffer to file.
[DBG@02:26:37.087] Added buffer back to pool.
[DBG@02:26:37.337] Saving buffer 2.
[DBG@02:26:37.337] Saved 4096 bytes from buffer to file.
[DBG@02:26:37.337] Added buffer back to pool.
[DBG@02:26:37.597] Saving buffer 3.
[DBG@02:26:37.597] Saved 4096 bytes from buffer to file.
[DBG@02:26:37.597] Added buffer back to pool.
[DBG@02:26:37.857] Saving buffer 4.
[DBG@02:26:37.857] Saved 4096 bytes from buffer to file.
[DBG@02:26:37.857] Added buffer back to pool.
[DBG@02:26:38.107] Saving buffer 5.
[DBG@02:26:38.107] Saved 4096 bytes from buffer to file.
[DBG@02:26:38.107] Added buffer back to pool.
[DBG@02:26:38.367] Saving buffer 6.
[DBG@02:26:38.367] Saved 4096 bytes from buffer to file.
[DBG@02:26:38.368] Added buffer back to pool.
[DBG@02:26:38.617] Saving buffer 7.
[DBG@02:26:38.617] Saved 4096 bytes from buffer to file.
[DBG@02:26:38.618] Added buffer back to pool.
[DBG@02:26:38.877] Saving buffer 8.
[DBG@02:26:38.877] Saved 4096 bytes from buffer to file.
[DBG@02:26:38.877] Added buffer back to pool.
[DBG@02:26:39.137] Saving buffer 9.
[DBG@02:26:39.137] Saved 4096 bytes from buffer to file.
[DBG@02:26:39.137] Added buffer back to pool.
[DBG@02:26:39.387] Saving buffer 10.
[DBG@02:26:39.387] Saved 4096 bytes from buffer to file.
[DBG@02:26:39.387] Added buffer back to pool.
[DBG@02:26:39.647] Saving buffer 11.
[DBG@02:26:39.647] Saved 4096 bytes from buffer to file.
[DBG@02:26:39.647] Added buffer back to pool.
[DBG@02:26:39.897] Saving buffer 12.
[DBG@02:26:39.897] Saved 4096 bytes from buffer to file.
[DBG@02:26:39.897] Added buffer back to pool.
[DBG@02:26:40.157] Saving buffer 13.
[DBG@02:26:40.157] Saved 4096 bytes from buffer to file.
[DBG@02:26:40.157] Added buffer back to pool.
[DBG@02:26:40.417] Saving buffer 14.
[DBG@02:26:40.417] Saved 4096 bytes from buffer to file.
[DBG@02:26:40.417] Added buffer back to pool.
[DBG@02:26:40.667] Saving buffer 15.
[DBG@02:26:40.667] Saved 4096 bytes from buffer to file.
[DBG@02:26:40.667] Added buffer back to pool.
[DBG@02:26:40.927] Saving buffer 0.
[DBG@02:26:40.927] Saved 4096 bytes from buffer to file.
[DBG@02:26:40.928] Added buffer back to pool.
[DBG@02:26:41.177] Saving buffer 1.
[DBG@02:26:41.177] Saved 4096 bytes from buffer to file.
[DBG@02:26:41.177] Added buffer back to pool.
[DBG@02:26:41.437] Saving buffer 2.
[DBG@02:26:41.437] Saved 4096 bytes from buffer to file.
[DBG@02:26:41.437] Added buffer back to pool.
[DBG@02:26:41.697] Saving buffer 3.
[DBG@02:26:41.697] Saved 4096 bytes from buffer to file.
[DBG@02:26:41.697] Added buffer back to pool.
[DBG@02:26:41.947] Saving buffer 4.
[DBG@02:26:41.947] Saved 4096 bytes from buffer to file.
[DBG@02:26:41.947] Added buffer back to pool.
[DBG@02:26:42.207] Saving buffer 5.
[DBG@02:26:42.207] Saved 4096 bytes from buffer to file.
[DBG@02:26:42.207] Added buffer back to pool.
[DBG@02:26:42.457] Saving buffer 6.
[DBG@02:26:42.457] Saved 4096 bytes from buffer to file.
[DBG@02:26:42.457] Added buffer back to pool.
[DBG@02:26:42.717] Saving buffer 7.
[DBG@02:26:42.717] Saved 4096 bytes from buffer to file.
[DBG@02:26:42.717] Added buffer back to pool.
[DBG@02:26:42.977] Saving buffer 8.
[DBG@02:26:42.977] Saved 4096 bytes from buffer to file.
[DBG@02:26:42.977] Added buffer back to pool.
[DBG@02:26:43.227] Saving buffer 9.
[DBG@02:26:43.227] Saved 4096 bytes from buffer to file.
[DBG@02:26:43.227] Added buffer back to pool.
[DBG@02:26:43.487] Saving buffer 10.
[DBG@02:26:43.487] Saved 4096 bytes from buffer to file.
[DBG@02:26:43.487] Added buffer back to pool.
[DBG@02:26:43.737] Saving buffer 11.
[DBG@02:26:43.737] Saved 4096 bytes from buffer to file.
[DBG@02:26:43.737] Added buffer back to pool.
[DBG@02:26:43.997] Saving buffer 12.
[DBG@02:26:43.997] Saved 4096 bytes from buffer to file.
[DBG@02:26:43.997] Added buffer back to pool.
[DBG@02:26:44.257] Saving buffer 13.
[DBG@02:26:44.257] Saved 4096 bytes from buffer to file.
[DBG@02:26:44.257] Added buffer back to pool.
[DBG@02:26:44.507] Saving buffer 14.
[DBG@02:26:44.507] Saved 4096 bytes from buffer to file.
[DBG@02:26:44.507] Added buffer back to pool.
[DBG@02:26:44.767] Saving buffer 15.
[DBG@02:26:44.767] Saved 4096 bytes from buffer to file.
[DBG@02:26:44.767] Added buffer back to pool.
[DBG@02:26:45.017] Saving buffer 0.
[DBG@02:26:45.017] Saved 4096 bytes from buffer to file.
[DBG@02:26:45.017] Added buffer back to pool.
[DBG@02:26:45.277] Saving buffer 1.
[DBG@02:26:45.277] Saved 4096 bytes from buffer to file.
[DBG@02:26:45.277] Added buffer back to pool.
[DBG@02:26:45.537] Saving buffer 2.
[DBG@02:26:45.537] Saved 4096 bytes from buffer to file.
[DBG@02:26:45.537] Added buffer back to pool.
[DBG@02:26:45.787] Saving buffer 3.
[DBG@02:26:45.787] Saved 4096 bytes from buffer to file.
[DBG@02:26:45.787] Added buffer back to pool.
[DBG@02:26:46.047] Saving buffer 4.
[DBG@02:26:46.047] Saved 4096 bytes from buffer to file.
[DBG@02:26:46.047] Added buffer back to pool.
[DBG@02:26:46.297] Saving buffer 5.
[DBG@02:26:46.297] Saved 4096 bytes from buffer to file.
[DBG@02:26:46.297] Added buffer back to pool.
[DBG@02:26:46.557] Saving buffer 6.
[DBG@02:26:46.557] Saved 4096 bytes from buffer to file.
[DBG@02:26:46.557] Added buffer back to pool.
[DBG@02:26:46.817] Saving buffer 7.
[DBG@02:26:46.817] Saved 4096 bytes from buffer to file.
[DBG@02:26:46.817] Added buffer back to pool.
[DBG@02:26:47.067] Saving buffer 8.
[DBG@02:26:47.067] Saved 4096 bytes from buffer to file.
[DBG@02:26:47.067] Added buffer back to pool.
[DBG@02:26:47.327] Saving buffer 9.
[DBG@02:26:47.327] Saved 4096 bytes from buffer to file.
[DBG@02:26:47.327] Added buffer back to pool.
[DBG@02:26:47.577] Saving buffer 10.
[DBG@02:26:47.577] Saved 4096 bytes from buffer to file.
[DBG@02:26:47.577] Added buffer back to pool.
[DBG@02:26:47.837] Saving buffer 11.
[DBG@02:26:47.837] Saved 4096 bytes from buffer to file.
[DBG@02:26:47.837] Added buffer back to pool.
[DBG@02:26:48.097] Saving buffer 12.
[DBG@02:26:48.097] Saved 4096 bytes from buffer to file.
[DBG@02:26:48.097] Added buffer back to pool.
[DBG@02:26:48.347] Saving buffer 13.
[DBG@02:26:48.347] Saved 4096 bytes from buffer to file.
[DBG@02:26:48.347] Added buffer back to pool.
[DBG@02:26:48.607] Saving buffer 14.
[DBG@02:26:48.607] Saved 4096 bytes from buffer to file.
[DBG@02:26:48.607] Added buffer back to pool.
[DBG@02:26:48.857] Saving buffer 15.
[DBG@02:26:48.857] Saved 4096 bytes from buffer to file.
[DBG@02:26:48.857] Added buffer back to pool.
[DBG@02:26:49.117] Saving buffer 0.
[DBG@02:26:49.117] Saved 4096 bytes from buffer to file.
[DBG@02:26:49.117] Added buffer back to pool.
[DBG@02:26:49.377] Saving buffer 1.
[DBG@02:26:49.377] Saved 4096 bytes from buffer to file.
[DBG@02:26:49.377] Added buffer back to pool.
[DBG@02:26:49.627] Saving buffer 2.
[DBG@02:26:49.627] Saved 4096 bytes from buffer to file.
[DBG@02:26:49.627] Added buffer back to pool.
[DBG@02:26:49.887] Saving buffer 3.
[DBG@02:26:49.887] Saved 4096 bytes from buffer to file.
[DBG@02:26:49.887] Added buffer back to pool.
[DBG@02:26:50.137] Saving buffer 4.
[DBG@02:26:50.137] Saved 4096 bytes from buffer to file.
[DBG@02:26:50.137] Added buffer back to pool.
[DBG@02:26:50.397] Saving buffer 5.
[DBG@02:26:50.397] Saved 4096 bytes from buffer to file.
[DBG@02:26:50.397] Added buffer back to pool.
[DBG@02:26:50.657] Saving buffer 6.
[DBG@02:26:50.657] Saved 4096 bytes from buffer to file.
[DBG@02:26:50.657] Added buffer back to pool.
[DBG@02:26:50.907] Saving buffer 7.
[DBG@02:26:50.907] Saved 4096 bytes from buffer to file.
[DBG@02:26:50.907] Added buffer back to pool.
[DBG@02:26:51.167] Saving buffer 8.
[DBG@02:26:51.167] Saved 4096 bytes from buffer to file.
[DBG@02:26:51.167] Added buffer back to pool.
[DBG@02:26:51.417] Saving buffer 9.
[DBG@02:26:51.417] Saved 4096 bytes from buffer to file.
[DBG@02:26:51.417] Added buffer back to pool.
[DBG@02:26:51.677] Saving buffer 10.
[DBG@02:26:51.677] Saved 4096 bytes from buffer to file.
[DBG@02:26:51.677] Added buffer back to pool.
[DBG@02:26:51.937] Saving buffer 11.
[DBG@02:26:51.937] Saved 4096 bytes from buffer to file.
[DBG@02:26:51.937] Added buffer back to pool.
[DBG@02:26:52.187] Saving buffer 12.
[DBG@02:26:52.187] Saved 4096 bytes from buffer to file.
[DBG@02:26:52.187] Added buffer back to pool.
[DBG@02:26:52.447] Saving buffer 13.
[DBG@02:26:52.447] Saved 4096 bytes from buffer to file.
[DBG@02:26:52.447] Added buffer back to pool.
[DBG@02:26:52.697] Saving buffer 14.
[DBG@02:26:52.697] Saved 4096 bytes from buffer to file.
[DBG@02:26:52.697] Added buffer back to pool.
[DBG@02:26:52.957] Saving buffer 15.
[DBG@02:26:52.957] Saved 4096 bytes from buffer to file.
[DBG@02:26:52.957] Added buffer back to pool.
[DBG@02:26:53.217] Saving buffer 0.
[DBG@02:26:53.217] Saved 4096 bytes from buffer to file.
[DBG@02:26:53.217] Added buffer back to pool.
[DBG@02:26:53.467] Saving buffer 1.
[DBG@02:26:53.467] Saved 4096 bytes from buffer to file.
[DBG@02:26:53.467] Added buffer back to pool.
[DBG@02:26:53.727] Saving buffer 2.
[DBG@02:26:53.727] Saved 4096 bytes from buffer to file.
[DBG@02:26:53.727] Added buffer back to pool.
[DBG@02:26:53.977] Saving buffer 3.
[DBG@02:26:53.977] Saved 4096 bytes from buffer to file.
[DBG@02:26:53.977] Added buffer back to pool.
[DBG@02:26:54.237] Saving buffer 4.
[DBG@02:26:54.237] Saved 4096 bytes from buffer to file.
[DBG@02:26:54.237] Added buffer back to pool.
[DBG@02:26:54.497] Saving buffer 5.
[DBG@02:26:54.497] Saved 4096 bytes from buffer to file.
[DBG@02:26:54.497] Added buffer back to pool.
[DBG@02:26:54.746] Saving buffer 6.
[DBG@02:26:54.747] Saved 4096 bytes from buffer to file.
[DBG@02:26:54.747] Added buffer back to pool.
[DBG@02:26:55.006] Saving buffer 7.
[DBG@02:26:55.007] Saved 4096 bytes from buffer to file.
[DBG@02:26:55.007] Added buffer back to pool.
[DBG@02:26:55.256] Saving buffer 8.
[DBG@02:26:55.257] Saved 4096 bytes from buffer to file.
[DBG@02:26:55.257] Added buffer back to pool.
[DBG@02:26:55.516] Saving buffer 9.
[DBG@02:26:55.517] Saved 4096 bytes from buffer to file.
[DBG@02:26:55.517] Added buffer back to pool.
[DBG@02:26:55.776] Saving buffer 10.
[DBG@02:26:55.777] Saved 4096 bytes from buffer to file.
[DBG@02:26:55.777] Added buffer back to pool.
[DBG@02:26:56.026] Saving buffer 11.
[DBG@02:26:56.027] Saved 4096 bytes from buffer to file.
[DBG@02:26:56.027] Added buffer back to pool.
[DBG@02:26:56.286] Saving buffer 12.
[DBG@02:26:56.287] Saved 4096 bytes from buffer to file.
[DBG@02:26:56.287] Added buffer back to pool.
[DBG@02:26:56.536] Saving buffer 13.
[DBG@02:26:56.537] Saved 4096 bytes from buffer to file.
[DBG@02:26:56.537] Added buffer back to pool.
[DBG@02:26:56.796] Saving buffer 14.
[DBG@02:26:56.797] Saved 4096 bytes from buffer to file.
[DBG@02:26:56.797] Added buffer back to pool.
[DBG@02:26:57.057] Saving buffer 15.
[DBG@02:26:57.057] Saved 4096 bytes from buffer to file.
[DBG@02:26:57.057] Added buffer back to pool.
[DBG@02:26:57.306] Saving buffer 0.
[DBG@02:26:57.307] Saved 4096 bytes from buffer to file.
[DBG@02:26:57.307] Added buffer back to pool.
[DBG@02:26:57.566] Saving buffer 1.
[DBG@02:26:57.567] Saved 4096 bytes from buffer to file.
[DBG@02:26:57.567] Added buffer back to pool.
[DBG@02:26:57.816] Saving buffer 2.
[DBG@02:26:57.817] Saved 4096 bytes from buffer to file.
[DBG@02:26:57.817] Added buffer back to pool.
[DBG@02:26:58.076] Saving buffer 3.
[DBG@02:26:58.077] Saved 4096 bytes from buffer to file.
[DBG@02:26:58.077] Added buffer back to pool.
[DBG@02:26:58.337] Saving buffer 4.
[DBG@02:26:58.337] Saved 4096 bytes from buffer to file.
[DBG@02:26:58.337] Added buffer back to pool.
[DBG@02:26:58.586] Saving buffer 5.
[DBG@02:26:58.586] Saved 4096 bytes from buffer to file.
[DBG@02:26:58.587] Added buffer back to pool.
[DBG@02:26:58.846] Saving buffer 6.
[DBG@02:26:58.846] Saved 4096 bytes from buffer to file.
[DBG@02:26:58.847] Added buffer back to pool.
[DBG@02:26:59.096] Saving buffer 7.
[DBG@02:26:59.096] Saved 4096 bytes from buffer to file.
[DBG@02:26:59.097] Added buffer back to pool.
[DBG@02:26:59.356] Saving buffer 8.
[DBG@02:26:59.357] Saved 4096 bytes from buffer to file.
[DBG@02:26:59.357] Added buffer back to pool.
[DBG@02:26:59.616] Saving buffer 9.
[DBG@02:26:59.616] Saved 4096 bytes from buffer to file.
[DBG@02:26:59.617] Added buffer back to pool.
[DBG@02:26:59.866] Saving buffer 10.
[DBG@02:26:59.866] Saved 4096 bytes from buffer to file.
[DBG@02:26:59.867] Added buffer back to pool.
[DBG@02:27:00.126] Saving buffer 11.
[DBG@02:27:00.127] Saved 4096 bytes from buffer to file.
[DBG@02:27:00.127] Added buffer back to pool.
[DBG@02:27:00.376] Saving buffer 12.
[DBG@02:27:00.376] Saved 4096 bytes from buffer to file.
[DBG@02:27:00.377] Added buffer back to pool.
[DBG@02:27:00.636] Saving buffer 13.
[DBG@02:27:00.636] Saved 4096 bytes from buffer to file.
[DBG@02:27:00.637] Added buffer back to pool.
[DBG@02:27:00.896] Saving buffer 14.
[DBG@02:27:00.896] Saved 4096 bytes from buffer to file.
[DBG@02:27:00.897] Added buffer back to pool.
[DBG@02:27:01.146] Saving buffer 15.
[DBG@02:27:01.146] Saved 4096 bytes from buffer to file.
[DBG@02:27:01.147] Added buffer back to pool.
[DBG@02:27:01.406] Saving buffer 0.
[DBG@02:27:01.407] Saved 4096 bytes from buffer to file.
[DBG@02:27:01.407] Added buffer back to pool.
[DBG@02:27:01.656] Saving buffer 1.
[DBG@02:27:01.656] Saved 4096 bytes from buffer to file.
[DBG@02:27:01.657] Added buffer back to pool.
[DBG@02:27:01.916] Saving buffer 2.
[DBG@02:27:01.916] Saved 4096 bytes from buffer to file.
[DBG@02:27:01.917] Added buffer back to pool.
[DBG@02:27:02.176] Saving buffer 3.
[DBG@02:27:02.176] Saved 4096 bytes from buffer to file.
[DBG@02:27:02.177] Added buffer back to pool.
[DBG@02:27:02.426] Saving buffer 4.
[DBG@02:27:02.426] Saved 4096 bytes from buffer to file.
[DBG@02:27:02.427] Added buffer back to pool.
[DBG@02:27:02.686] Saving buffer 5.
[DBG@02:27:02.686] Saved 4096 bytes from buffer to file.
[DBG@02:27:02.687] Added buffer back to pool.
[DBG@02:27:02.936] Saving buffer 6.
[DBG@02:27:02.936] Saved 4096 bytes from buffer to file.
[DBG@02:27:02.936] Added buffer back to pool.
[DBG@02:27:03.196] Saving buffer 7.
[DBG@02:27:03.196] Saved 4096 bytes from buffer to file.
[DBG@02:27:03.196] Added buffer back to pool.
[DBG@02:27:03.456] Saving buffer 8.
[DBG@02:27:03.456] Saved 4096 bytes from buffer to file.
[DBG@02:27:03.457] Added buffer back to pool.
[DBG@02:27:03.706] Saving buffer 9.
[DBG@02:27:03.706] Saved 4096 bytes from buffer to file.
[DBG@02:27:03.706] Added buffer back to pool.
[DBG@02:27:03.966] Saving buffer 10.
[DBG@02:27:03.967] Saved 4096 bytes from buffer to file.
[DBG@02:27:03.967] Added buffer back to pool.
[DBG@02:27:04.216] Saving buffer 11.
[DBG@02:27:04.216] Saved 4096 bytes from buffer to file.
[DBG@02:27:04.216] Added buffer back to pool.
[DBG@02:27:04.476] Saving buffer 12.
[DBG@02:27:04.476] Saved 4096 bytes from buffer to file.
[DBG@02:27:04.477] Added buffer back to pool.
[DBG@02:27:04.736] Saving buffer 13.
[DBG@02:27:04.736] Saved 4096 bytes from buffer to file.
[DBG@02:27:04.736] Added buffer back to pool.
[DBG@02:27:04.986] Saving buffer 14.
[DBG@02:27:04.986] Saved 4096 bytes from buffer to file.
[DBG@02:27:04.986] Added buffer back to pool.
[DBG@02:27:05.246] Saving buffer 15.
[DBG@02:27:05.246] Saved 4096 bytes from buffer to file.
[DBG@02:27:05.246] Added buffer back to pool.
[DBG@02:27:05.496] Saving buffer 0.
[DBG@02:27:05.497] Saved 4096 bytes from buffer to file.
[DBG@02:27:05.497] Added buffer back to pool.
[DBG@02:27:05.756] Saving buffer 1.
[DBG@02:27:05.756] Saved 4096 bytes from buffer to file.
[DBG@02:27:05.756] Added buffer back to pool.
[DBG@02:27:06.016] Saving buffer 2.
[DBG@02:27:06.016] Saved 4096 bytes from buffer to file.
[DBG@02:27:06.016] Added buffer back to pool.
[DBG@02:27:06.266] Saving buffer 3.
[DBG@02:27:06.266] Saved 4096 bytes from buffer to file.
[DBG@02:27:06.266] Added buffer back to pool.
[DBG@02:27:06.526] Saving buffer 4.
[DBG@02:27:06.526] Saved 4096 bytes from buffer to file.
[DBG@02:27:06.526] Added buffer back to pool.
[DBG@02:27:06.776] Saving buffer 5.
[DBG@02:27:06.776] Saved 4096 bytes from buffer to file.
[DBG@02:27:06.776] Added buffer back to pool.
[DBG@02:27:07.036] Saving buffer 6.
[DBG@02:27:07.036] Saved 4096 bytes from buffer to file.
[DBG@02:27:07.036] Added buffer back to pool.
[DBG@02:27:07.296] Saving buffer 7.
[DBG@02:27:07.296] Saved 4096 bytes from buffer to file.
[DBG@02:27:07.296] Added buffer back to pool.
[DBG@02:27:07.546] Saving buffer 8.
[DBG@02:27:07.546] Saved 4096 bytes from buffer to file.
[DBG@02:27:07.546] Added buffer back to pool.
[DBG@02:27:07.806] Saving buffer 9.
[DBG@02:27:07.806] Saved 4096 bytes from buffer to file.
[DBG@02:27:07.806] Added buffer back to pool.
[DBG@02:27:08.056] Saving buffer 10.
[DBG@02:27:08.056] Saved 4096 bytes from buffer to file.
[DBG@02:27:08.056] Added buffer back to pool.
[DBG@02:27:08.316] Saving buffer 11.
[DBG@02:27:08.316] Saved 4096 bytes from buffer to file.
[DBG@02:27:08.316] Added buffer back to pool.
[DBG@02:27:08.576] Saving buffer 12.
[DBG@02:27:08.576] Saved 4096 bytes from buffer to file.
[DBG@02:27:08.576] Added buffer back to pool.
[DBG@02:27:08.826] Saving buffer 13.
[DBG@02:27:08.826] Saved 4096 bytes from buffer to file.
[DBG@02:27:08.826] Added buffer back to pool.
[DBG@02:27:09.086] Saving buffer 14.
[DBG@02:27:09.086] Saved 4096 bytes from buffer to file.
[DBG@02:27:09.086] Added buffer back to pool.
[DBG@02:27:09.336] Saving buffer 15.
[DBG@02:27:09.336] Saved 4096 bytes from buffer to file.
[DBG@02:27:09.337] Added buffer back to pool.
[DBG@02:27:09.596] Saving buffer 0.
[DBG@02:27:09.597] Saved 4096 bytes from buffer to file.
[DBG@02:27:09.597] Added buffer back to pool.
[DBG@02:27:09.856] Saving buffer 1.
[DBG@02:27:09.856] Saved 4096 bytes from buffer to file.
[DBG@02:27:09.856] Added buffer back to pool.
[DBG@02:27:10.106] Saving buffer 2.
[DBG@02:27:10.106] Saved 4096 bytes from buffer to file.
[DBG@02:27:10.106] Added buffer back to pool.
[DBG@02:27:10.366] Saving buffer 3.
[DBG@02:27:10.366] Saved 4096 bytes from buffer to file.
[DBG@02:27:10.366] Added buffer back to pool.
[DBG@02:27:10.616] Saving buffer 4.
[DBG@02:27:10.616] Saved 4096 bytes from buffer to file.
[DBG@02:27:10.616] Added buffer back to pool.
[DBG@02:27:10.876] Saving buffer 5.
[DBG@02:27:10.876] Saved 4096 bytes from buffer to file.
[DBG@02:27:10.876] Added buffer back to pool.
[DBG@02:27:11.136] Saving buffer 6.
[DBG@02:27:11.136] Saved 4096 bytes from buffer to file.
[DBG@02:27:11.136] Added buffer back to pool.
[DBG@02:27:11.386] Saving buffer 7.
[DBG@02:27:11.386] Saved 4096 bytes from buffer to file.
[DBG@02:27:11.386] Added buffer back to pool.
[DBG@02:27:11.646] Saving buffer 8.
[DBG@02:27:11.646] Saved 4096 bytes from buffer to file.
[DBG@02:27:11.646] Added buffer back to pool.
[DBG@02:27:11.896] Saving buffer 9.
[DBG@02:27:11.896] Saved 4096 bytes from buffer to file.
[DBG@02:27:11.896] Added buffer back to pool.
[DBG@02:27:12.156] Saving buffer 10.
[DBG@02:27:12.156] Saved 4096 bytes from buffer to file.
[DBG@02:27:12.156] Added buffer back to pool.
[DBG@02:27:12.416] Saving buffer 11.
[DBG@02:27:12.416] Saved 4096 bytes from buffer to file.
[DBG@02:27:12.416] Added buffer back to pool.
[DBG@02:27:12.666] Saving buffer 12.
[DBG@02:27:12.666] Saved 4096 bytes from buffer to file.
[DBG@02:27:12.666] Added buffer back to pool.
[DBG@02:27:12.926] Saving buffer 13.
[DBG@02:27:12.926] Saved 4096 bytes from buffer to file.
[DBG@02:27:12.926] Added buffer back to pool.
[DBG@02:27:13.176] Saving buffer 14.
[DBG@02:27:13.176] Saved 4096 bytes from buffer to file.
[DBG@02:27:13.176] Added buffer back to pool.
[DBG@02:27:13.436] Saving buffer 15.
[DBG@02:27:13.436] Saved 4096 bytes from buffer to file.
[DBG@02:27:13.436] Added buffer back to pool.
[DBG@02:27:13.696] Saving buffer 0.
[DBG@02:27:13.696] Saved 4096 bytes from buffer to file.
[DBG@02:27:13.696] Added buffer back to pool.
[DBG@02:27:13.946] Saving buffer 1.
[DBG@02:27:13.946] Saved 4096 bytes from buffer to file.
[DBG@02:27:13.946] Added buffer back to pool.
[DBG@02:27:14.206] Saving buffer 2.
[DBG@02:27:14.206] Saved 4096 bytes from buffer to file.
[DBG@02:27:14.206] Added buffer back to pool.
[DBG@02:27:14.456] Saving buffer 3.
[DBG@02:27:14.456] Saved 4096 bytes from buffer to file.
[DBG@02:27:14.456] Added buffer back to pool.
[DBG@02:27:14.716] Saving buffer 4.
[DBG@02:27:14.716] Saved 4096 bytes from buffer to file.
[DBG@02:27:14.717] Added buffer back to pool.
[DBG@02:27:14.976] Saving buffer 5.
[DBG@02:27:14.976] Saved 4096 bytes from buffer to file.
[DBG@02:27:14.976] Added buffer back to pool.
[DBG@02:27:15.226] Saving buffer 6.
[DBG@02:27:15.226] Saved 4096 bytes from buffer to file.
[DBG@02:27:15.226] Added buffer back to pool.
[DBG@02:27:15.486] Saving buffer 7.
[DBG@02:27:15.486] Saved 4096 bytes from buffer to file.
[DBG@02:27:15.486] Added buffer back to pool.
[DBG@02:27:15.736] Saving buffer 8.
[DBG@02:27:15.736] Saved 4096 bytes from buffer to file.
[DBG@02:27:15.737] Added buffer back to pool.
[DBG@02:27:15.996] Saving buffer 9.
[DBG@02:27:15.996] Saved 4096 bytes from buffer to file.
[DBG@02:27:15.996] Added buffer back to pool.
[DBG@02:27:16.256] Saving buffer 10.
[DBG@02:27:16.256] Saved 4096 bytes from buffer to file.
[DBG@02:27:16.256] Added buffer back to pool.
[DBG@02:27:16.506] Saving buffer 11.
[DBG@02:27:16.506] Saved 4096 bytes from buffer to file.
[DBG@02:27:16.539] Added buffer back to pool.
[DBG@02:27:16.766] Saving buffer 12.
[DBG@02:27:16.766] Saved 4096 bytes from buffer to file.
[DBG@02:27:16.766] Added buffer back to pool.
[DBG@02:27:17.016] Saving buffer 13.
[DBG@02:27:17.016] Saved 4096 bytes from buffer to file.
[DBG@02:27:17.016] Added buffer back to pool.
[DBG@02:27:17.276] Saving buffer 14.
[DBG@02:27:17.276] Saved 4096 bytes from buffer to file.
[DBG@02:27:17.276] Added buffer back to pool.
[DBG@02:27:17.536] Saving buffer 15.
[DBG@02:27:17.536] Saved 4096 bytes from buffer to file.
[DBG@02:27:17.536] Added buffer back to pool.
[DBG@02:27:17.786] Saving buffer 0.
[DBG@02:27:17.786] Saved 4096 bytes from buffer to file.
[DBG@02:27:17.786] Added buffer back to pool.
[DBG@02:27:18.046] Saving buffer 1.
[DBG@02:27:18.046] Saved 4096 bytes from buffer to file.
[DBG@02:27:18.046] Added buffer back to pool.
[DBG@02:27:18.296] Saving buffer 2.
[DBG@02:27:18.296] Saved 4096 bytes from buffer to file.
[DBG@02:27:18.296] Added buffer back to pool.
[DBG@02:27:18.556] Saving buffer 3.
[DBG@02:27:18.556] Saved 4096 bytes from buffer to file.
[DBG@02:27:18.556] Added buffer back to pool.
[DBG@02:27:18.816] Saving buffer 4.
[DBG@02:27:18.816] Saved 4096 bytes from buffer to file.
[DBG@02:27:18.816] Added buffer back to pool.
[DBG@02:27:19.066] Saving buffer 5.
[DBG@02:27:19.066] Saved 4096 bytes from buffer to file.
[DBG@02:27:19.066] Added buffer back to pool.
[DBG@02:27:19.326] Saving buffer 6.
[DBG@02:27:19.326] Saved 4096 bytes from buffer to file.
[DBG@02:27:19.326] Added buffer back to pool.
[DBG@02:27:19.576] Saving buffer 7.
[DBG@02:27:19.576] Saved 4096 bytes from buffer to file.
[DBG@02:27:19.576] Added buffer back to pool.
[DBG@02:27:19.836] Saving buffer 8.
[DBG@02:27:19.836] Saved 4096 bytes from buffer to file.
[DBG@02:27:19.836] Added buffer back to pool.
[DBG@02:27:20.096] Saving buffer 9.
[DBG@02:27:20.096] Saved 4096 bytes from buffer to file.
[DBG@02:27:20.096] Added buffer back to pool.
[DBG@02:27:20.346] Saving buffer 10.
[DBG@02:27:20.346] Saved 4096 bytes from buffer to file.
[DBG@02:27:20.346] Added buffer back to pool.
[DBG@02:27:20.606] Saving buffer 11.
[DBG@02:27:20.606] Saved 4096 bytes from buffer to file.
[DBG@02:27:20.606] Added buffer back to pool.
[DBG@02:27:20.856] Saving buffer 12.
[DBG@02:27:20.856] Saved 4096 bytes from buffer to file.
[DBG@02:27:20.856] Added buffer back to pool.
[DBG@02:27:21.116] Saving buffer 13.
[DBG@02:27:21.116] Saved 4096 bytes from buffer to file.
[DBG@02:27:21.116] Added buffer back to pool.
[DBG@02:27:21.376] Saving buffer 14.
[DBG@02:27:21.376] Saved 4096 bytes from buffer to file.
[DBG@02:27:21.376] Added buffer back to pool.
[DBG@02:27:21.626] Saving buffer 15.
[DBG@02:27:21.626] Saved 4096 bytes from buffer to file.
[DBG@02:27:21.626] Added buffer back to pool.
[DBG@02:27:21.886] Saving buffer 0.
[DBG@02:27:21.886] Saved 4096 bytes from buffer to file.
[DBG@02:27:21.886] Added buffer back to pool.
[DBG@02:27:22.136] Saving buffer 1.
[DBG@02:27:22.136] Saved 4096 bytes from buffer to file.
[DBG@02:27:22.136] Added buffer back to pool.
[DBG@02:27:22.396] Saving buffer 2.
[DBG@02:27:22.396] Saved 4096 bytes from buffer to file.
[DBG@02:27:22.396] Added buffer back to pool.
[DBG@02:27:22.656] Saving buffer 3.
[DBG@02:27:22.656] Saved 4096 bytes from buffer to file.
[DBG@02:27:22.656] Added buffer back to pool.
[DBG@02:27:22.906] Saving buffer 4.
[DBG@02:27:22.906] Saved 4096 bytes from buffer to file.
[DBG@02:27:22.906] Added buffer back to pool.
[DBG@02:27:23.166] Saving buffer 5.
[DBG@02:27:23.166] Saved 4096 bytes from buffer to file.
[DBG@02:27:23.166] Added buffer back to pool.
[DBG@02:27:23.416] Saving buffer 6.
[DBG@02:27:23.416] Saved 4096 bytes from buffer to file.
[DBG@02:27:23.416] Added buffer back to pool.
[DBG@02:27:23.676] Saving buffer 7.
[DBG@02:27:23.676] Saved 4096 bytes from buffer to file.
[DBG@02:27:23.676] Added buffer back to pool.
[DBG@02:27:23.936] Saving buffer 8.
[DBG@02:27:23.936] Saved 4096 bytes from buffer to file.
[DBG@02:27:23.936] Added buffer back to pool.
[DBG@02:27:24.186] Saving buffer 9.
[DBG@02:27:24.186] Saved 4096 bytes from buffer to file.
[DBG@02:27:24.186] Added buffer back to pool.
[DBG@02:27:24.446] Saving buffer 10.
[DBG@02:27:24.446] Saved 4096 bytes from buffer to file.
[DBG@02:27:24.446] Added buffer back to pool.
[DBG@02:27:24.696] Saving buffer 11.
[DBG@02:27:24.696] Saved 4096 bytes from buffer to file.
[DBG@02:27:24.696] Added buffer back to pool.
[DBG@02:27:24.956] Saving buffer 12.
[DBG@02:27:24.956] Saved 4096 bytes from buffer to file.
[DBG@02:27:24.956] Added buffer back to pool.
[DBG@02:27:25.216] Saving buffer 13.
[DBG@02:27:25.216] Saved 4096 bytes from buffer to file.
[DBG@02:27:25.216] Added buffer back to pool.
[DBG@02:27:25.466] Saving buffer 14.
[DBG@02:27:25.466] Saved 4096 bytes from buffer to file.
[DBG@02:27:25.466] Added buffer back to pool.
[DBG@02:27:25.726] Saving buffer 15.
[DBG@02:27:25.726] Saved 4096 bytes from buffer to file.
[DBG@02:27:25.726] Added buffer back to pool.
[DBG@02:27:25.976] Saving buffer 0.
[DBG@02:27:25.976] Saved 4096 bytes from buffer to file.
[DBG@02:27:25.976] Added buffer back to pool.
[DBG@02:27:26.236] Saving buffer 1.
[DBG@02:27:26.236] Saved 4096 bytes from buffer to file.
[DBG@02:27:26.236] Added buffer back to pool.
[DBG@02:27:26.496] Saving buffer 2.
[DBG@02:27:26.496] Saved 4096 bytes from buffer to file.
[DBG@02:27:26.496] Added buffer back to pool.
[DBG@02:27:26.746] Saving buffer 3.
[DBG@02:27:26.746] Saved 4096 bytes from buffer to file.
[DBG@02:27:26.746] Added buffer back to pool.
[DBG@02:27:27.006] Saving buffer 4.
[DBG@02:27:27.006] Saved 4096 bytes from buffer to file.
[DBG@02:27:27.006] Added buffer back to pool.
[DBG@02:27:27.256] Saving buffer 5.
[DBG@02:27:27.256] Saved 4096 bytes from buffer to file.
[DBG@02:27:27.256] Added buffer back to pool.
[DBG@02:27:27.515] Saving buffer 6.
[DBG@02:27:27.516] Saved 4096 bytes from buffer to file.
[DBG@02:27:27.516] Added buffer back to pool.
[DBG@02:27:27.775] Saving buffer 7.
[DBG@02:27:27.776] Saved 4096 bytes from buffer to file.
[DBG@02:27:27.776] Added buffer back to pool.
[DBG@02:27:28.025] Saving buffer 8.
[DBG@02:27:28.026] Saved 4096 bytes from buffer to file.
[DBG@02:27:28.026] Added buffer back to pool.
[DBG@02:27:28.285] Saving buffer 9.
[DBG@02:27:28.286] Saved 4096 bytes from buffer to file.
[DBG@02:27:28.286] Added buffer back to pool.
[DBG@02:27:28.535] Saving buffer 10.
[DBG@02:27:28.536] Saved 4096 bytes from buffer to file.
[DBG@02:27:28.536] Added buffer back to pool.
[DBG@02:27:28.795] Saving buffer 11.
[DBG@02:27:28.796] Saved 4096 bytes from buffer to file.
[DBG@02:27:28.796] Added buffer back to pool.
[DBG@02:27:29.055] Saving buffer 12.
[DBG@02:27:29.056] Saved 4096 bytes from buffer to file.
[DBG@02:27:29.056] Added buffer back to pool.
[DBG@02:27:29.305] Saving buffer 13.
[DBG@02:27:29.306] Saved 4096 bytes from buffer to file.
[DBG@02:27:29.306] Added buffer back to pool.
[DBG@02:27:29.565] Saving buffer 14.
[DBG@02:27:29.566] Saved 4096 bytes from buffer to file.
[DBG@02:27:29.566] Added buffer back to pool.
[DBG@02:27:29.815] Saving buffer 15.
[DBG@02:27:29.816] Saved 4096 bytes from buffer to file.
[DBG@02:27:29.816] Added buffer back to pool.
[DBG@02:27:30.075] Saving buffer 0.
[DBG@02:27:30.076] Saved 4096 bytes from buffer to file.
[DBG@02:27:30.076] Added buffer back to pool.
[DBG@02:27:30.335] Saving buffer 1.
[DBG@02:27:30.336] Saved 4096 bytes from buffer to file.
[DBG@02:27:30.336] Added buffer back to pool.
[DBG@02:27:30.585] Saving buffer 2.
[DBG@02:27:30.586] Saved 4096 bytes from buffer to file.
[DBG@02:27:30.586] Added buffer back to pool.
[DBG@02:27:30.845] Saving buffer 3.
[DBG@02:27:30.846] Saved 4096 bytes from buffer to file.
[DBG@02:27:30.846] Added buffer back to pool.
[DBG@02:27:31.095] Saving buffer 4.
[DBG@02:27:31.096] Saved 4096 bytes from buffer to file.
[DBG@02:27:31.096] Added buffer back to pool.
[DBG@02:27:31.355] Saving buffer 5.
[DBG@02:27:31.356] Saved 4096 bytes from buffer to file.
[DBG@02:27:31.356] Added buffer back to pool.
[DBG@02:27:31.615] Saving buffer 6.
[DBG@02:27:31.615] Saved 4096 bytes from buffer to file.
[DBG@02:27:31.616] Added buffer back to pool.
[DBG@02:27:31.865] Saving buffer 7.
[DBG@02:27:31.865] Saved 4096 bytes from buffer to file.
[DBG@02:27:31.866] Added buffer back to pool.
[DBG@02:27:32.125] Saving buffer 8.
[DBG@02:27:32.125] Saved 4096 bytes from buffer to file.
[DBG@02:27:32.126] Added buffer back to pool.
[DBG@02:27:32.375] Saving buffer 9.
[DBG@02:27:32.375] Saved 4096 bytes from buffer to file.
[DBG@02:27:32.376] Added buffer back to pool.
[DBG@02:27:32.635] Saving buffer 10.
[DBG@02:27:32.635] Saved 4096 bytes from buffer to file.
[DBG@02:27:32.636] Added buffer back to pool.
[DBG@02:27:32.895] Saving buffer 11.
[DBG@02:27:32.895] Saved 4096 bytes from buffer to file.
[DBG@02:27:32.896] Added buffer back to pool.
[DBG@02:27:33.145] Saving buffer 12.
[DBG@02:27:33.145] Saved 4096 bytes from buffer to file.
[DBG@02:27:33.146] Added buffer back to pool.
[DBG@02:27:33.405] Saving buffer 13.
[DBG@02:27:33.405] Saved 4096 bytes from buffer to file.
[DBG@02:27:33.406] Added buffer back to pool.
[DBG@02:27:33.655] Saving buffer 14.
[DBG@02:27:33.655] Saved 4096 bytes from buffer to file.
[DBG@02:27:33.656] Added buffer back to pool.
[DBG@02:27:33.915] Saving buffer 15.
[DBG@02:27:33.915] Saved 4096 bytes from buffer to file.
[DBG@02:27:33.916] Added buffer back to pool.
[DBG@02:27:34.175] Saving buffer 0.
[DBG@02:27:34.176] Saved 4096 bytes from buffer to file.
[DBG@02:27:34.176] Added buffer back to pool.
[DBG@02:27:34.425] Saving buffer 1.
[DBG@02:27:34.425] Saved 4096 bytes from buffer to file.
[DBG@02:27:34.426] Added buffer back to pool.
[DBG@02:27:34.685] Saving buffer 2.
[DBG@02:27:34.685] Saved 4096 bytes from buffer to file.
[DBG@02:27:34.686] Added buffer back to pool.
[DBG@02:27:34.935] Saving buffer 3.
[DBG@02:27:34.935] Saved 4096 bytes from buffer to file.
[DBG@02:27:34.936] Added buffer back to pool.
[DBG@02:27:35.195] Saving buffer 4.
[DBG@02:27:35.195] Saved 4096 bytes from buffer to file.
[DBG@02:27:35.196] Added buffer back to pool.
[DBG@02:27:35.455] Saving buffer 5.
[DBG@02:27:35.455] Saved 4096 bytes from buffer to file.
[DBG@02:27:35.456] Added buffer back to pool.
[DBG@02:27:35.705] Saving buffer 6.
[DBG@02:27:35.705] Saved 4096 bytes from buffer to file.
[DBG@02:27:35.705] Added buffer back to pool.
[DBG@02:27:35.965] Saving buffer 7.
[DBG@02:27:35.965] Saved 4096 bytes from buffer to file.
[DBG@02:27:35.965] Added buffer back to pool.
[DBG@02:27:36.215] Saving buffer 8.
[DBG@02:27:36.215] Saved 4096 bytes from buffer to file.
[DBG@02:27:36.216] Added buffer back to pool.
[DBG@02:27:36.475] Saving buffer 9.
[DBG@02:27:36.475] Saved 4096 bytes from buffer to file.
[DBG@02:27:36.475] Added buffer back to pool.
[DBG@02:27:36.735] Saving buffer 10.
[DBG@02:27:36.735] Saved 4096 bytes from buffer to file.
[DBG@02:27:36.735] Added buffer back to pool.
[DBG@02:27:36.985] Saving buffer 11.
[DBG@02:27:36.985] Saved 4096 bytes from buffer to file.
[DBG@02:27:36.985] Added buffer back to pool.
[DBG@02:27:37.245] Saving buffer 12.
[DBG@02:27:37.245] Saved 4096 bytes from buffer to file.
[DBG@02:27:37.245] Added buffer back to pool.
[DBG@02:27:37.495] Saving buffer 13.
[DBG@02:27:37.495] Saved 4096 bytes from buffer to file.
[DBG@02:27:37.495] Added buffer back to pool.
[DBG@02:27:37.755] Saving buffer 14.
[DBG@02:27:37.755] Saved 4096 bytes from buffer to file.
[DBG@02:27:37.755] Added buffer back to pool.
[DBG@02:27:38.015] Saving buffer 15.
[DBG@02:27:38.015] Saved 4096 bytes from buffer to file.
[DBG@02:27:38.015] Added buffer back to pool.
[DBG@02:27:38.265] Saving buffer 0.
[DBG@02:27:38.266] Saved 4096 bytes from buffer to file.
[DBG@02:27:38.266] Added buffer back to pool.
[DBG@02:27:38.525] Saving buffer 1.
[DBG@02:27:38.525] Saved 4096 bytes from buffer to file.
[DBG@02:27:38.525] Added buffer back to pool.
[DBG@02:27:38.775] Saving buffer 2.
[DBG@02:27:38.775] Saved 4096 bytes from buffer to file.
[DBG@02:27:38.775] Added buffer back to pool.
[DBG@02:27:39.035] Saving buffer 3.
[DBG@02:27:39.035] Saved 4096 bytes from buffer to file.
[DBG@02:27:39.035] Added buffer back to pool.
[DBG@02:27:39.295] Saving buffer 4.
[DBG@02:27:39.295] Saved 4096 bytes from buffer to file.
[DBG@02:27:39.295] Added buffer back to pool.
[DBG@02:27:39.545] Saving buffer 5.
[DBG@02:27:39.545] Saved 4096 bytes from buffer to file.
[DBG@02:27:39.545] Added buffer back to pool.
[DBG@02:27:39.805] Saving buffer 6.
[DBG@02:27:39.805] Saved 4096 bytes from buffer to file.
[DBG@02:27:39.805] Added buffer back to pool.
[DBG@02:27:40.055] Saving buffer 7.
[DBG@02:27:40.055] Saved 4096 bytes from buffer to file.
[DBG@02:27:40.055] Added buffer back to pool.
[DBG@02:27:40.315] Saving buffer 8.
[DBG@02:27:40.315] Saved 4096 bytes from buffer to file.
[DBG@02:27:40.315] Added buffer back to pool.
[DBG@02:27:40.575] Saving buffer 9.
[DBG@02:27:40.575] Saved 4096 bytes from buffer to file.
[DBG@02:27:40.575] Added buffer back to pool.
[DBG@02:27:40.825] Saving buffer 10.
[DBG@02:27:40.825] Saved 4096 bytes from buffer to file.
[DBG@02:27:40.825] Added buffer back to pool.
[DBG@02:27:41.085] Saving buffer 11.
[DBG@02:27:41.085] Saved 4096 bytes from buffer to file.
[DBG@02:27:41.085] Added buffer back to pool.
[DBG@02:27:41.335] Saving buffer 12.
[DBG@02:27:41.335] Saved 4096 bytes from buffer to file.
[DBG@02:27:41.335] Added buffer back to pool.
[DBG@02:27:41.595] Saving buffer 13.
[DBG@02:27:41.595] Saved 4096 bytes from buffer to file.
[DBG@02:27:41.595] Added buffer back to pool.
[DBG@02:27:41.855] Saving buffer 14.
[DBG@02:27:41.855] Saved 4096 bytes from buffer to file.
[DBG@02:27:41.855] Added buffer back to pool.
[DBG@02:27:42.105] Saving buffer 15.
[DBG@02:27:42.105] Saved 4096 bytes from buffer to file.
[DBG@02:27:42.105] Added buffer back to pool.
[DBG@02:27:42.365] Saving buffer 0.
[DBG@02:27:42.366] Saved 4096 bytes from buffer to file.
[DBG@02:27:42.366] Added buffer back to pool.
[DBG@02:27:42.615] Saving buffer 1.
[DBG@02:27:42.615] Saved 4096 bytes from buffer to file.
[DBG@02:27:42.615] Added buffer back to pool.
[DBG@02:27:42.875] Saving buffer 2.
[DBG@02:27:42.875] Saved 4096 bytes from buffer to file.
[DBG@02:27:42.875] Added buffer back to pool.
[STD@02:27:42.956] Stopping device
[DBG@02:27:42.956] Saving buffer 3.
[DBG@02:27:42.956] Saved 1344 bytes from buffer to file.
[DBG@02:27:42.956] Added buffer back to pool.
[DBG@02:27:42.956] waveInReset (0)
[STD@02:27:42.957] Closing wave file
