>>Turn 0: Selected hypothesis 1 of 3.
[Hypothesis 1]
acoustic_gap_norm	37262.62891
acoustic_gap_norm_gtm	0
am_score	-25294570.00000
am_score_norm	-162144.67188
am_score_norm_gtm	1
answer_type	2
avg_sphinxwordconf	0.27637
avg_sphinxwordconf_gt_30	0
avg_validwordconf	0.70833
avg_validwordconf_gt_50	1
avg_wordconf	0.45000
avg_wordconf_gt_50	0
barge_in	1
clip_info_1	0.00068
clip_info_10	1.00000
clip_info_2	0.00180
clip_info_3	0.00428
clip_info_4	0.00796
clip_info_5	0.01375
clip_info_6	0.02486
clip_info_7	0.04530
clip_info_8	0.08451
clip_info_9	0.18359
confidence	0.08800
confidence_gt_25	0
confidence_gt_50	0
confidence_gt_75	0
confidence_gtm	0
decoder_garble	1
decoder_score	-28831834.00000
decoder_score_norm	-184819.45313
decoder_score_norm_gtm	1
dialog_state	/LetsGoPublic/PerformTask/GetQuerySpecs/AskHowMayIHelpYou
endframes	61 85 109 118 152
engine_name	male
first_level_matched	1
first_level_matched_gt_0	1
first_level_matched_gt_1	0
frag_and_gap_num	2
frag_and_gap_num_gt_1	1
frag_mode	----p
frag_num	1
frag_num_gt_1	0
frag_ratio	0.20000
frag_ratio_gtm	0
frame_num	156
frame_num_gtm	0
gap_num	1
gap_num_bool	1
gap_num_gt_1	0
garble	decoder_garble
garble_clear	0
h_avg_am_score_norm	-177195.42188
h_avg_am_score_norm_gtm	1
h_avg_confidence	0.39400
h_avg_confidence_2	0.78800
h_avg_confidence_2_gt_25	1
h_avg_confidence_2_gt_50	1
h_avg_confidence_2_gt_75	1
h_avg_confidence_2_gtm	0
h_avg_confidence_gt_25	1
h_avg_confidence_gt_50	0
h_avg_confidence_gt_75	0
h_avg_confidence_gtm	0
h_avg_gap_num	0.66000
h_avg_gap_num_gtm	1
h_avg_lm_score_norm_1	-15970.74023
h_avg_lm_score_norm_1_gtm	0
h_avg_lm_score_norm_2	-605887.06250
h_avg_lm_score_norm_2_gtm	0
h_avg_slots_matched	1.00000
h_avg_slots_matched_gtm	0
h_avg_uncov_num	2.25000
h_avg_uncov_num_gtm	1
h_ratio_nonu	0.08500
hyp_index	0
hyp_num_parses	1
hypothesis	.MURRAY .FOR. .FOR. THE MURRAY 
ih_am_score_norm_diff_to_max	-162144.67188
ih_am_score_norm_diff_to_max_bool	1
ih_am_score_norm_diff_to_min	15875.37500
ih_am_score_norm_diff_to_min_bool	1
ih_diff_lexical	1
ih_diff_lexical_one_word	0
ih_frag_ratio_diff_to_max	0.00000
ih_frag_ratio_diff_to_max_bool	0.00000
ih_frag_ratio_diff_to_min	0.20000
ih_frag_ratio_diff_to_min_bool	1.00000
ih_lm_score_norm_diff_to_max	-22674.76953
ih_lm_score_norm_diff_to_max_bool	1
ih_lm_score_norm_diff_to_min	0.00000
ih_lm_score_norm_diff_to_min_bool	0
last_level_matched	1
last_level_matched_gt_0	1
last_level_matched_gt_1	0
last_level_touched	1
last_level_touched_gt_0	1
last_level_touched_gt_1	0
last_turn_nonu	0
lm_score	-3537264.00000
lm_score_norm_1	-22674.76953
lm_score_norm_1_gtm	0
lm_score_norm_2	-707452.81250
lm_score_norm_2_gtm	0
mark_confirm	0
mark_confirm_bool	0
mark_confirm_bool_barge_in	0
mark_discomfirm	0
mark_discomfirm_bool	0
mark_discomfirm_bool_barge_in	0
matched_in_focus	0
max_sphinxwordconf	0.45445
max_validwordconf	0.83333
max_wordconf	0.83333
min_sphinxwordconf	0.05746
min_validwordconf	0.58333
min_wordconf	0.25000
nbest_index	0
new_slots_num	1
new_slots_num_bool	1
no_parse	0
nonu	0
npow	21.00000
npow_gtm	1
num_parses_ratio	1.00000
num_prev_nonu	0
num_prev_nonu_gt_1	0
num_prev_nonu_gt_2	0
num_prev_not_nonu	3
num_prev_not_nonu_gt_1	1
num_prev_not_nonu_gt_2	1
num_prev_not_nonu_gt_5	1
parse_str	PlaceInformation [SinglePlace] ( [stop_name] ( [covered_place] ( [registered_stop] ( [stop_part] ( MURRAY ) ) ) ) )   
parser_garble	0
pow	82.00000
pow_gtm	1
pow_npow_diff	61.00000
pow_npow_diff_gtm	1
rep_slots_num	0
rep_slots_num_bool	0
slot_num	1
slot_num_gt_1	0
slot_num_gt_2	0
slots_blocked	1
slots_blocked_bool	1
slots_blocked_gt_1	0
slots_matched	1
slots_matched_bool	1
slots_matched_gt_1	0
slots_relevant_num	2
slots_relevant_num_bool	1
slots_relevant_num_gt_1	1
speak_rate	0.03205
speak_rate_gtm	1
speak_rate_phones	0.01282
speak_rate_phones_gtm	0
speak_rate_syl	0.00641
speak_rate_syl_gtm	0
startframes	37 62 86 110 119
targetprompt	_forbes _avenue _to MURRAY
targetprompt_score	15.00000
top_slots	SinglePlace
total_num_parses	1
turn_number	0
turn_number_gt_0	0
turn_number_gt_1	0
turn_number_gtm	0
unconf_mark_confirm	0
unconf_mark_confirm_bool	0
unconf_mark_discomfirm	0
unconf_mark_discomfirm_bool	0
unconf_num	3
unconf_num_bool	1
unconf_num_gt_1	1
unconf_num_norm	1.73205
unconf_ratio	0.60000
unconf_ratio_gtm	1
uncov_num	4
uncov_num_bool	1
uncov_num_gt_1	1
uncov_num_norm	2.00000
uncov_ratio	0.80000
uncov_ratio_gtm	1
uttid	000
word_num	5
word_num_class	3
word_num_gt_1	1
word_num_gt_2	1
word_num_gt_4	1
word_num_norm	2.23607
words_per_slot	5.00000

[Hypothesis 2]
acoustic_gap_norm	45412.05078
acoustic_gap_norm_gtm	1
am_score	-27771128.00000
am_score_norm	-178020.04688
am_score_norm_gtm	1
answer_type	3
avg_sphinxwordconf	0.20276
avg_sphinxwordconf_gt_30	0
avg_validwordconf	0.00000
avg_validwordconf_gt_50	0
avg_wordconf	0.31250
avg_wordconf_gt_50	0
barge_in	1
clip_info_1	0.00068
clip_info_10	1.00000
clip_info_2	0.00180
clip_info_3	0.00428
clip_info_4	0.00796
clip_info_5	0.01375
clip_info_6	0.02486
clip_info_7	0.04530
clip_info_8	0.08451
clip_info_9	0.18359
confidence	0.00000
confidence_gt_25	0
confidence_gt_50	0
confidence_gt_75	0
confidence_gtm	0
decoder_garble	N/A
decoder_score	-29836892.00000
decoder_score_norm	-191262.12500
decoder_score_norm_gtm	1
dialog_state	/LetsGoPublic/PerformTask/GetQuerySpecs/AskHowMayIHelpYou
endframes	61 82 109 121
engine_name	female
frag_and_gap_num	N/A
frag_and_gap_num_gt_1	N/A
frag_mode	N/A
frag_num	N/A
frag_num_gt_1	N/A
frag_ratio	N/A
frag_ratio_gtm	N/A
frame_num	156
frame_num_gtm	0
gap_num	N/A
gap_num_bool	N/A
gap_num_gt_1	N/A
garble	N/A
garble_clear	N/A
h_avg_am_score_norm	-185133.10938
h_avg_am_score_norm_gtm	1
h_avg_confidence	0.35000
h_avg_confidence_2	0.70000
h_avg_confidence_2_gt_25	1
h_avg_confidence_2_gt_50	1
h_avg_confidence_2_gt_75	0
h_avg_confidence_2_gtm	0
h_avg_confidence_gt_25	1
h_avg_confidence_gt_50	0
h_avg_confidence_gt_75	0
h_avg_confidence_gtm	0
h_avg_gap_num	0.32000
h_avg_gap_num_gtm	0
h_avg_lm_score_norm_1	-11254.40039
h_avg_lm_score_norm_1_gtm	0
h_avg_lm_score_norm_2	-510381.43750
h_avg_lm_score_norm_2_gtm	0
h_avg_slots_matched	0.50000
h_avg_slots_matched_gtm	0
h_avg_uncov_num	0.50000
h_avg_uncov_num_gtm	0
h_ratio_nonu	0.58500
h_ratio_nonu_gt_25	1.00000
h_ratio_nonu_gt_50	1.00000
h_ratio_nonu_gt_75	0.00000
h_ratio_nonu_gtm	1.00000
hyp_index	1
hyp_num_parses	0
hypothesis	.DOLLARS. .FOR. .FOR. .THE. 
ih_am_score_norm_diff_to_max	-178020.04688
ih_am_score_norm_diff_to_max_bool	1
ih_am_score_norm_diff_to_min	0.00000
ih_am_score_norm_diff_to_min_bool	0
ih_diff_lexical	1
ih_diff_lexical_one_word	0
ih_frag_ratio_diff_to_max	-0.20000
ih_frag_ratio_diff_to_max_bool	1.00000
ih_frag_ratio_diff_to_min	0.00000
ih_frag_ratio_diff_to_min_bool	0.00000
ih_lm_score_norm_diff_to_max	-13242.08984
ih_lm_score_norm_diff_to_max_bool	1
ih_lm_score_norm_diff_to_min	9432.67969
ih_lm_score_norm_diff_to_min_bool	1
last_turn_nonu	0
lm_score	-2065766.00000
lm_score_norm_1	-13242.08984
lm_score_norm_1_gtm	0
lm_score_norm_2	-516441.50000
lm_score_norm_2_gtm	1
mark_confirm	0
mark_confirm_bool	0
mark_confirm_bool_barge_in	0
mark_discomfirm	0
mark_discomfirm_bool	0
mark_discomfirm_bool_barge_in	0
max_sphinxwordconf	0.55621
max_validwordconf	0.00000
max_wordconf	0.41667
min_sphinxwordconf	0.04247
min_validwordconf	1.00000
min_wordconf	0.25000
nbest_index	0
new_slots_num	0
new_slots_num_bool	0
no_parse	1
nonu	1
npow	21.00000
npow_gtm	1
num_parses_ratio	N/A
num_prev_nonu	0
num_prev_nonu_gt_1	0
num_prev_nonu_gt_2	0
num_prev_not_nonu	3
num_prev_not_nonu_gt_1	1
num_prev_not_nonu_gt_2	1
num_prev_not_nonu_gt_5	1
parse_str	N/A
parser_garble	N/A
pow	82.00000
pow_gtm	1
pow_npow_diff	61.00000
pow_npow_diff_gtm	1
rep_slots_num	N/A
rep_slots_num_bool	N/A
slot_num	0
slot_num_gt_1	0
slot_num_gt_2	0
slots_blocked	N/A
slots_blocked_bool	N/A
slots_blocked_gt_1	N/A
slots_matched	N/A
slots_matched_bool	N/A
slots_matched_gt_1	N/A
slots_relevant_num	N/A
slots_relevant_num_bool	N/A
slots_relevant_num_gt_1	N/A
speak_rate	0.02564
speak_rate_gtm	1
speak_rate_phones	0.00641
speak_rate_phones_gtm	0
speak_rate_syl	0.00641
speak_rate_syl_gtm	0
startframes	19 62 83 110
targetprompt	_goodbye
targetprompt_score	13.00000
top_slots	N/A
total_num_parses	1
turn_number	0
turn_number_gt_0	0
turn_number_gt_1	0
turn_number_gtm	0
unconf_mark_confirm	0
unconf_mark_confirm_bool	0
unconf_mark_discomfirm	0
unconf_mark_discomfirm_bool	0
unconf_num	4
unconf_num_bool	1
unconf_num_gt_1	1
unconf_num_norm	2.00000
unconf_ratio	1.00000
unconf_ratio_gtm	1
uncov_num	N/A
uncov_num_bool	N/A
uncov_num_gt_1	N/A
uncov_num_norm	N/A
uncov_ratio	N/A
uncov_ratio_gtm	N/A
uttid	000
word_num	4
word_num_class	3
word_num_gt_1	1
word_num_gt_2	1
word_num_gt_4	0
word_num_norm	2.00000
words_per_slot	N/A

[Hypothesis 3]
acoustic_gap_norm	N/A
acoustic_gap_norm_gtm	N/A
am_score	N/A
am_score_norm	0.00000
am_score_norm_gtm	1
answer_type	3
avg_sphinxwordconf	0.00000
avg_sphinxwordconf_gt_30	0
avg_validwordconf	0.00000
avg_validwordconf_gt_50	0
avg_wordconf	0.00000
avg_wordconf_gt_50	0
barge_in	1
clip_info_1	0.00068
clip_info_10	1.00000
clip_info_2	0.00180
clip_info_3	0.00428
clip_info_4	0.00796
clip_info_5	0.01375
clip_info_6	0.02486
clip_info_7	0.04530
clip_info_8	0.08451
clip_info_9	0.18359
confidence	0.00000
confidence_gt_25	0
confidence_gt_50	0
confidence_gt_75	0
confidence_gtm	0
decoder_garble	N/A
decoder_score	N/A
decoder_score_norm	0.00008
decoder_score_norm_gtm	1
dialog_state	/LetsGoPublic/PerformTask/GetQuerySpecs/AskHowMayIHelpYou
endframes	N/A
engine_name	dtmf
frag_and_gap_num	N/A
frag_and_gap_num_gt_1	N/A
frag_mode	N/A
frag_num	N/A
frag_num_gt_1	N/A
frag_ratio	N/A
frag_ratio_gtm	N/A
frame_num	13312
frame_num_gtm	1
gap_num	N/A
gap_num_bool	N/A
gap_num_gt_1	N/A
garble	N/A
garble_clear	N/A
h_avg_am_score_norm	-96123.08594
h_avg_am_score_norm_gtm	1
h_avg_confidence	0.35000
h_avg_confidence_2	0.70000
h_avg_confidence_2_gt_25	1
h_avg_confidence_2_gt_50	1
h_avg_confidence_2_gt_75	0
h_avg_confidence_2_gtm	0
h_avg_confidence_gt_25	1
h_avg_confidence_gt_50	0
h_avg_confidence_gt_75	0
h_avg_confidence_gtm	0
h_avg_gap_num	0.32000
h_avg_gap_num_gtm	0
h_avg_lm_score_norm_1	-4633.35498
h_avg_lm_score_norm_1_gtm	1
h_avg_lm_score_norm_2	-252160.67188
h_avg_lm_score_norm_2_gtm	1
h_avg_slots_matched	0.50000
h_avg_slots_matched_gtm	0
h_avg_uncov_num	0.50000
h_avg_uncov_num_gtm	0
h_ratio_nonu	0.58500
h_ratio_nonu_gt_25	1.00000
h_ratio_nonu_gt_50	1.00000
h_ratio_nonu_gt_75	0.00000
h_ratio_nonu_gtm	1.00000
hyp_index	2
hyp_num_parses	0
hypothesis	N/A
ih_am_score_norm_diff_to_max	0.00000
ih_am_score_norm_diff_to_max_bool	0
ih_am_score_norm_diff_to_min	178020.04688
ih_am_score_norm_diff_to_min_bool	1
ih_diff_lexical	1
ih_diff_lexical_one_word	1
ih_frag_ratio_diff_to_max	-0.20000
ih_frag_ratio_diff_to_max_bool	1.00000
ih_frag_ratio_diff_to_min	0.00000
ih_frag_ratio_diff_to_min_bool	0.00000
ih_lm_score_norm_diff_to_max	0.00000
ih_lm_score_norm_diff_to_max_bool	0
ih_lm_score_norm_diff_to_min	22674.76953
ih_lm_score_norm_diff_to_min_bool	1
last_turn_nonu	0
lm_score	N/A
lm_score_norm_1	0.00000
lm_score_norm_1_gtm	1
lm_score_norm_2	0.00000
lm_score_norm_2_gtm	1
mark_confirm	0
mark_confirm_bool	0
mark_confirm_bool_barge_in	0
mark_discomfirm	0
mark_discomfirm_bool	0
mark_discomfirm_bool_barge_in	0
max_sphinxwordconf	0.00000
max_validwordconf	0.00000
max_wordconf	0.00000
min_sphinxwordconf	0.00000
min_validwordconf	0.00000
min_wordconf	0.00000
nbest_index	0
new_slots_num	0
new_slots_num_bool	0
no_parse	1
nonu	1
npow	21.00000
npow_gtm	1
num_parses_ratio	N/A
num_prev_nonu	0
num_prev_nonu_gt_1	0
num_prev_nonu_gt_2	0
num_prev_not_nonu	3
num_prev_not_nonu_gt_1	1
num_prev_not_nonu_gt_2	1
num_prev_not_nonu_gt_5	1
parse_str	N/A
parser_garble	N/A
pow	82.00000
pow_gtm	1
pow_npow_diff	61.00000
pow_npow_diff_gtm	1
rep_slots_num	N/A
rep_slots_num_bool	N/A
slot_num	0
slot_num_gt_1	0
slot_num_gt_2	0
slots_blocked	N/A
slots_blocked_bool	N/A
slots_blocked_gt_1	N/A
slots_matched	N/A
slots_matched_bool	N/A
slots_matched_gt_1	N/A
slots_relevant_num	N/A
slots_relevant_num_bool	N/A
slots_relevant_num_gt_1	N/A
speak_rate	0.00008
speak_rate_gtm	0
speak_rate_phones	0.00008
speak_rate_phones_gtm	0
speak_rate_syl	0.00008
speak_rate_syl_gtm	0
startframes	N/A
targetprompt	_goodbye
targetprompt_score	4.00000
top_slots	N/A
total_num_parses	1
turn_number	0
turn_number_gt_0	0
turn_number_gt_1	0
turn_number_gtm	0
unconf_mark_confirm	0
unconf_mark_confirm_bool	0
unconf_mark_discomfirm	0
unconf_mark_discomfirm_bool	0
unconf_num	0
unconf_num_bool	0
unconf_num_gt_1	0
unconf_num_norm	0.00000
unconf_ratio	0.00000
unconf_ratio_gtm	0
uncov_num	N/A
uncov_num_bool	N/A
uncov_num_gt_1	N/A
uncov_num_norm	N/A
uncov_ratio	N/A
uncov_ratio_gtm	N/A
uttid	000
word_num	1
word_num_class	0
word_num_gt_1	0
word_num_gt_2	0
word_num_gt_4	0
word_num_norm	1.00000
words_per_slot	N/A


>>Turn 1: Selected hypothesis 1 of 3.
[Hypothesis 1]
acoustic_gap_norm	22803.64844
acoustic_gap_norm_gtm	0
am_score	-8737317.00000
am_score_norm	-161802.17188
am_score_norm_gtm	1
answer_type	0
avg_sphinxwordconf	0.50377
avg_sphinxwordconf_gt_30	1
avg_validwordconf	0.91667
avg_validwordconf_gt_50	1
avg_wordconf	0.91667
avg_wordconf_gt_50	1
barge_in	0
clip_info_1	0.00039
clip_info_10	1.00000
clip_info_2	0.00156
clip_info_3	0.00488
clip_info_4	0.00879
clip_info_5	0.01465
clip_info_6	0.02559
clip_info_7	0.04160
clip_info_8	0.07051
clip_info_9	0.11992
confidence	0.94096
confidence_gt_25	1
confidence_gt_50	1
confidence_gt_75	1
confidence_gtm	1
decoder_garble	0
decoder_score	-8933341.00000
decoder_score_norm	-165432.23438
decoder_score_norm_gtm	1
dialog_state	/_ExplicitConfirm[/LetsGoPublic/PerformTask/query.departure_place]
endframes	50
engine_name	male
first_level_matched	0
first_level_matched_gt_0	0
first_level_matched_gt_1	0
frag_and_gap_num	1
frag_and_gap_num_gt_1	0
frag_mode	p
frag_num	1
frag_num_gt_1	0
frag_ratio	1.00000
frag_ratio_gtm	1
frame_num	54
frame_num_gtm	0
gap_num	0
gap_num_bool	0
gap_num_gt_1	0
garble	clear
garble_clear	1
h_avg_am_score_norm	-172064.32813
h_avg_am_score_norm_gtm	1
h_avg_confidence	0.57632
h_avg_confidence_2	0.82048
h_avg_confidence_2_gt_25	1
h_avg_confidence_2_gt_50	1
h_avg_confidence_2_gt_75	1
h_avg_confidence_2_gtm	0
h_avg_confidence_gt_25	1
h_avg_confidence_gt_50	1
h_avg_confidence_gt_75	0
h_avg_confidence_gtm	0
h_avg_gap_num	0.44000
h_avg_gap_num_gtm	1
h_avg_lm_score_norm_1	-11857.18457
h_avg_lm_score_norm_1_gtm	0
h_avg_lm_score_norm_2	-469266.03125
h_avg_lm_score_norm_2_gtm	1
h_avg_slots_matched	1.00000
h_avg_slots_matched_gtm	0
h_avg_uncov_num	1.50000
h_avg_uncov_num_gtm	1
h_ratio_nonu	0.05667
hyp_index	0
hyp_num_parses	1
hypothesis	YES 
ih_am_score_norm_diff_to_max	-161802.17188
ih_am_score_norm_diff_to_max_bool	1
ih_am_score_norm_diff_to_min	13367.20313
ih_am_score_norm_diff_to_min_bool	1
ih_diff_lexical	1
ih_diff_lexical_one_word	1
ih_frag_ratio_diff_to_max	0.00000
ih_frag_ratio_diff_to_max_bool	0.00000
ih_frag_ratio_diff_to_min	1.00000
ih_frag_ratio_diff_to_min_bool	1.00000
ih_lm_score_norm_diff_to_max	-3630.07397
ih_lm_score_norm_diff_to_max_bool	1
ih_lm_score_norm_diff_to_min	0.00000
ih_lm_score_norm_diff_to_min_bool	0
last_level_matched	0
last_level_matched_gt_0	0
last_level_matched_gt_1	0
last_level_touched	0
last_level_touched_gt_0	0
last_level_touched_gt_1	0
last_turn_nonu	0
lm_score	-196024.00000
lm_score_norm_1	-3630.07397
lm_score_norm_1_gtm	1
lm_score_norm_2	-196024.00000
lm_score_norm_2_gtm	1
mark_confirm	1
mark_confirm_bool	1
mark_confirm_bool_barge_in	0
mark_discomfirm	0
mark_discomfirm_bool	0
mark_discomfirm_bool_barge_in	0
matched_in_focus	1
max_sphinxwordconf	0.50377
max_validwordconf	0.91667
max_wordconf	0.91667
min_sphinxwordconf	0.50377
min_validwordconf	0.91667
min_wordconf	0.91667
nbest_index	0
new_slots_num	1
new_slots_num_bool	1
no_parse	0
nonu	0
npow	21.00000
npow_gtm	1
num_parses_ratio	0.50000
num_prev_nonu	0
num_prev_nonu_gt_1	0
num_prev_nonu_gt_2	0
num_prev_not_nonu	1
num_prev_not_nonu_gt_1	0
num_prev_not_nonu_gt_2	0
num_prev_not_nonu_gt_5	0
parse_str	Generic [Generic] ( [Yes] ( YES ) )   
parser_garble	0
pow	82.00000
pow_gtm	1
pow_npow_diff	61.00000
pow_npow_diff_gtm	1
rep_slots_num	0
rep_slots_num_bool	0
slot_num	1
slot_num_gt_1	0
slot_num_gt_2	0
slots_blocked	0
slots_blocked_bool	0
slots_blocked_gt_1	0
slots_matched	1
slots_matched_bool	1
slots_matched_gt_1	0
slots_relevant_num	1
slots_relevant_num_bool	1
slots_relevant_num_gt_1	0
speak_rate	0.01852
speak_rate_gtm	0
speak_rate_phones	0.05556
speak_rate_phones_gtm	0
speak_rate_syl	0.01852
speak_rate_syl_gtm	0
startframes	19
targetprompt	yes
targetprompt_score	0.00000
top_slots	Generic
total_num_parses	2
turn_number	1
turn_number_gt_0	1
turn_number_gt_1	0
turn_number_gtm	0
unconf_mark_confirm	0
unconf_mark_confirm_bool	0
unconf_mark_discomfirm	0
unconf_mark_discomfirm_bool	0
unconf_num	0
unconf_num_bool	0
unconf_num_gt_1	0
unconf_num_norm	0.00000
unconf_ratio	0.00000
unconf_ratio_gtm	0
uncov_num	0
uncov_num_bool	0
uncov_num_gt_1	0
uncov_num_norm	0.00000
uncov_ratio	0.00000
uncov_ratio_gtm	0
uttid	002
word_num	1
word_num_class	0
word_num_gt_1	0
word_num_gt_2	0
word_num_gt_4	0
word_num_norm	1.00000
words_per_slot	1.00000

[Hypothesis 2]
acoustic_gap_norm	29818.25977
acoustic_gap_norm_gtm	0
am_score	-9459146.00000
am_score_norm	-175169.37500
am_score_norm_gtm	1
answer_type	0
avg_sphinxwordconf	0.38195
avg_sphinxwordconf_gt_30	1
avg_validwordconf	0.91667
avg_validwordconf_gt_50	1
avg_wordconf	0.91667
avg_wordconf_gt_50	1
barge_in	0
clip_info_1	0.00039
clip_info_10	1.00000
clip_info_2	0.00156
clip_info_3	0.00488
clip_info_4	0.00879
clip_info_5	0.01465
clip_info_6	0.02559
clip_info_7	0.04160
clip_info_8	0.07051
clip_info_9	0.11992
confidence	0.94096
confidence_gt_25	1
confidence_gt_50	1
confidence_gt_75	1
confidence_gtm	1
decoder_garble	0
decoder_score	-9655170.00000
decoder_score_norm	-178799.43750
decoder_score_norm_gtm	1
dialog_state	/_ExplicitConfirm[/LetsGoPublic/PerformTask/query.departure_place]
endframes	50
engine_name	female
first_level_matched	0
first_level_matched_gt_0	0
first_level_matched_gt_1	0
frag_and_gap_num	1
frag_and_gap_num_gt_1	0
frag_mode	p
frag_num	1
frag_num_gt_1	0
frag_ratio	1.00000
frag_ratio_gtm	1
frame_num	54
frame_num_gtm	0
gap_num	0
gap_num_bool	0
gap_num_gt_1	0
garble	clear
garble_clear	1
h_avg_am_score_norm	-176520.07813
h_avg_am_score_norm_gtm	1
h_avg_confidence	0.57632
h_avg_confidence_2	0.82048
h_avg_confidence_2_gt_25	1
h_avg_confidence_2_gt_50	1
h_avg_confidence_2_gt_75	1
h_avg_confidence_2_gtm	0
h_avg_confidence_gt_25	1
h_avg_confidence_gt_50	1
h_avg_confidence_gt_75	0
h_avg_confidence_gtm	0
h_avg_gap_num	0.44000
h_avg_gap_num_gtm	1
h_avg_lm_score_norm_1	-11857.18457
h_avg_lm_score_norm_1_gtm	0
h_avg_lm_score_norm_2	-469266.03125
h_avg_lm_score_norm_2_gtm	1
h_avg_slots_matched	1.00000
h_avg_slots_matched_gtm	0
h_avg_uncov_num	1.50000
h_avg_uncov_num_gtm	1
h_ratio_nonu	0.05667
hyp_index	1
hyp_num_parses	1
hypothesis	YES 
ih_am_score_norm_diff_to_max	-175169.37500
ih_am_score_norm_diff_to_max_bool	1
ih_am_score_norm_diff_to_min	0.00000
ih_am_score_norm_diff_to_min_bool	0
ih_diff_lexical	1
ih_diff_lexical_one_word	1
ih_frag_ratio_diff_to_max	0.00000
ih_frag_ratio_diff_to_max_bool	0.00000
ih_frag_ratio_diff_to_min	1.00000
ih_frag_ratio_diff_to_min_bool	1.00000
ih_lm_score_norm_diff_to_max	-3630.07397
ih_lm_score_norm_diff_to_max_bool	1
ih_lm_score_norm_diff_to_min	0.00000
ih_lm_score_norm_diff_to_min_bool	0
last_level_matched	0
last_level_matched_gt_0	0
last_level_matched_gt_1	0
last_level_touched	0
last_level_touched_gt_0	0
last_level_touched_gt_1	0
last_turn_nonu	0
lm_score	-196024.00000
lm_score_norm_1	-3630.07397
lm_score_norm_1_gtm	1
lm_score_norm_2	-196024.00000
lm_score_norm_2_gtm	1
mark_confirm	1
mark_confirm_bool	1
mark_confirm_bool_barge_in	0
mark_discomfirm	0
mark_discomfirm_bool	0
mark_discomfirm_bool_barge_in	0
matched_in_focus	1
max_sphinxwordconf	0.38195
max_validwordconf	0.91667
max_wordconf	0.91667
min_sphinxwordconf	0.38195
min_validwordconf	0.91667
min_wordconf	0.91667
nbest_index	0
new_slots_num	1
new_slots_num_bool	1
no_parse	0
nonu	0
npow	21.00000
npow_gtm	1
num_parses_ratio	0.50000
num_prev_nonu	0
num_prev_nonu_gt_1	0
num_prev_nonu_gt_2	0
num_prev_not_nonu	1
num_prev_not_nonu_gt_1	0
num_prev_not_nonu_gt_2	0
num_prev_not_nonu_gt_5	0
parse_str	Generic [Generic] ( [Yes] ( YES ) )   
parser_garble	0
pow	82.00000
pow_gtm	1
pow_npow_diff	61.00000
pow_npow_diff_gtm	1
rep_slots_num	0
rep_slots_num_bool	0
slot_num	1
slot_num_gt_1	0
slot_num_gt_2	0
slots_blocked	0
slots_blocked_bool	0
slots_blocked_gt_1	0
slots_matched	1
slots_matched_bool	1
slots_matched_gt_1	0
slots_relevant_num	1
slots_relevant_num_bool	1
slots_relevant_num_gt_1	0
speak_rate	0.01852
speak_rate_gtm	0
speak_rate_phones	0.05556
speak_rate_phones_gtm	0
speak_rate_syl	0.01852
speak_rate_syl_gtm	0
startframes	19
targetprompt	yes
targetprompt_score	0.00000
top_slots	Generic
total_num_parses	2
turn_number	1
turn_number_gt_0	1
turn_number_gt_1	0
turn_number_gtm	0
unconf_mark_confirm	0
unconf_mark_confirm_bool	0
unconf_mark_discomfirm	0
unconf_mark_discomfirm_bool	0
unconf_num	0
unconf_num_bool	0
unconf_num_gt_1	0
unconf_num_norm	0.00000
unconf_ratio	0.00000
unconf_ratio_gtm	0
uncov_num	0
uncov_num_bool	0
uncov_num_gt_1	0
uncov_num_norm	0.00000
uncov_ratio	0.00000
uncov_ratio_gtm	0
uttid	002
word_num	1
word_num_class	0
word_num_gt_1	0
word_num_gt_2	0
word_num_gt_4	0
word_num_norm	1.00000
words_per_slot	1.00000

[Hypothesis 3]
acoustic_gap_norm	N/A
acoustic_gap_norm_gtm	N/A
am_score	N/A
am_score_norm	0.00000
am_score_norm_gtm	1
answer_type	3
avg_sphinxwordconf	0.00000
avg_sphinxwordconf_gt_30	0
avg_validwordconf	0.00000
avg_validwordconf_gt_50	0
avg_wordconf	0.00000
avg_wordconf_gt_50	0
barge_in	0
clip_info_1	0.00039
clip_info_10	1.00000
clip_info_2	0.00156
clip_info_3	0.00488
clip_info_4	0.00879
clip_info_5	0.01465
clip_info_6	0.02559
clip_info_7	0.04160
clip_info_8	0.07051
clip_info_9	0.11992
confidence	0.00000
confidence_gt_25	0
confidence_gt_50	0
confidence_gt_75	0
confidence_gtm	0
decoder_garble	N/A
decoder_score	N/A
decoder_score_norm	0.00020
decoder_score_norm_gtm	1
dialog_state	/_ExplicitConfirm[/LetsGoPublic/PerformTask/query.departure_place]
endframes	N/A
engine_name	dtmf
frag_and_gap_num	N/A
frag_and_gap_num_gt_1	N/A
frag_mode	N/A
frag_num	N/A
frag_num_gt_1	N/A
frag_ratio	N/A
frag_ratio_gtm	N/A
frame_num	5120
frame_num_gtm	1
gap_num	N/A
gap_num_bool	N/A
gap_num_gt_1	N/A
garble	N/A
garble_clear	N/A
h_avg_am_score_norm	-118130.28125
h_avg_am_score_norm_gtm	1
h_avg_confidence	0.26267
h_avg_confidence_2	0.35000
h_avg_confidence_2_gt_25	1
h_avg_confidence_2_gt_50	0
h_avg_confidence_2_gt_75	0
h_avg_confidence_2_gtm	0
h_avg_confidence_gt_25	1
h_avg_confidence_gt_50	0
h_avg_confidence_gt_75	0
h_avg_confidence_gtm	0
h_avg_gap_num	0.54667
h_avg_gap_num_gtm	1
h_avg_lm_score_norm_1	-10647.16016
h_avg_lm_score_norm_1_gtm	0
h_avg_lm_score_norm_2	-403924.71875
h_avg_lm_score_norm_2_gtm	1
h_avg_slots_matched	0.66667
h_avg_slots_matched_gtm	0
h_avg_uncov_num	1.66667
h_avg_uncov_num_gtm	1
h_ratio_nonu	0.39000
h_ratio_nonu_gt_25	1.00000
h_ratio_nonu_gt_50	0.00000
h_ratio_nonu_gt_75	0.00000
h_ratio_nonu_gtm	1.00000
hyp_index	2
hyp_num_parses	0
hypothesis	N/A
ih_am_score_norm_diff_to_max	0.00000
ih_am_score_norm_diff_to_max_bool	0
ih_am_score_norm_diff_to_min	175169.37500
ih_am_score_norm_diff_to_min_bool	1
ih_diff_lexical	1
ih_diff_lexical_one_word	1
ih_frag_ratio_diff_to_max	-1.00000
ih_frag_ratio_diff_to_max_bool	1.00000
ih_frag_ratio_diff_to_min	0.00000
ih_frag_ratio_diff_to_min_bool	0.00000
ih_lm_score_norm_diff_to_max	0.00000
ih_lm_score_norm_diff_to_max_bool	0
ih_lm_score_norm_diff_to_min	3630.07397
ih_lm_score_norm_diff_to_min_bool	1
last_turn_nonu	0
lm_score	N/A
lm_score_norm_1	0.00000
lm_score_norm_1_gtm	1
lm_score_norm_2	0.00000
lm_score_norm_2_gtm	1
mark_confirm	0
mark_confirm_bool	0
mark_confirm_bool_barge_in	0
mark_discomfirm	0
mark_discomfirm_bool	0
mark_discomfirm_bool_barge_in	0
max_sphinxwordconf	0.00000
max_validwordconf	0.00000
max_wordconf	0.00000
min_sphinxwordconf	0.00000
min_validwordconf	0.00000
min_wordconf	0.00000
nbest_index	0
new_slots_num	0
new_slots_num_bool	0
no_parse	1
nonu	1
npow	21.00000
npow_gtm	1
num_parses_ratio	N/A
num_prev_nonu	0
num_prev_nonu_gt_1	0
num_prev_nonu_gt_2	0
num_prev_not_nonu	1
num_prev_not_nonu_gt_1	0
num_prev_not_nonu_gt_2	0
num_prev_not_nonu_gt_5	0
parse_str	N/A
parser_garble	N/A
pow	82.00000
pow_gtm	1
pow_npow_diff	61.00000
pow_npow_diff_gtm	1
rep_slots_num	N/A
rep_slots_num_bool	N/A
slot_num	0
slot_num_gt_1	0
slot_num_gt_2	0
slots_blocked	N/A
slots_blocked_bool	N/A
slots_blocked_gt_1	N/A
slots_matched	N/A
slots_matched_bool	N/A
slots_matched_gt_1	N/A
slots_relevant_num	N/A
slots_relevant_num_bool	N/A
slots_relevant_num_gt_1	N/A
speak_rate	0.00020
speak_rate_gtm	0
speak_rate_phones	0.00020
speak_rate_phones_gtm	0
speak_rate_syl	0.00020
speak_rate_syl_gtm	0
startframes	N/A
targetprompt	_goodbye
targetprompt_score	4.00000
top_slots	N/A
total_num_parses	2
turn_number	1
turn_number_gt_0	1
turn_number_gt_1	0
turn_number_gtm	0
unconf_mark_confirm	0
unconf_mark_confirm_bool	0
unconf_mark_discomfirm	0
unconf_mark_discomfirm_bool	0
unconf_num	0
unconf_num_bool	0
unconf_num_gt_1	0
unconf_num_norm	0.00000
unconf_ratio	0.00000
unconf_ratio_gtm	0
uncov_num	N/A
uncov_num_bool	N/A
uncov_num_gt_1	N/A
uncov_num_norm	N/A
uncov_ratio	N/A
uncov_ratio_gtm	N/A
uttid	002
word_num	1
word_num_class	0
word_num_gt_1	0
word_num_gt_2	0
word_num_gt_4	0
word_num_norm	1.00000
words_per_slot	N/A


>>Turn 2: Selected hypothesis 2 of 3.
[Hypothesis 1]
acoustic_gap_norm	50421.23828
acoustic_gap_norm_gtm	1
am_score	-17755084.00000
am_score_norm	-177550.84375
am_score_norm_gtm	1
answer_type	2
avg_sphinxwordconf	0.11515
avg_sphinxwordconf_gt_30	0
avg_validwordconf	0.91667
avg_validwordconf_gt_50	1
avg_wordconf	0.91667
avg_wordconf_gt_50	1
barge_in	0
clip_info_1	0.00012
clip_info_10	1.00000
clip_info_2	0.00023
clip_info_3	0.00103
clip_info_4	0.00333
clip_info_5	0.00931
clip_info_6	0.02091
clip_info_7	0.04975
clip_info_8	0.10478
clip_info_9	0.22185
confidence	0.78750
confidence_gt_25	1
confidence_gt_50	1
confidence_gt_75	1
confidence_gtm	1
decoder_garble	0
decoder_score	-18551292.00000
decoder_score_norm	-185512.92188
decoder_score_norm_gtm	1
dialog_state	/LetsGoPublic/PerformTask/GetQuerySpecs/GetArrivalPlace/RequestArrivalPlace
dialog_state_1	req(arrival_place)
dialog_state_2	req(arrival_place)
dialog_state_3	req(place)
dialog_state_4	req(non-bool)
dialog_state_4_inv	0
dialog_state_4_oreq	0
dialog_state_4_req(bool)	0
dialog_state_4_req(non-bool)	1
dialog_state_5	req
dialog_state_5_ec	0
dialog_state_5_inv	0
dialog_state_5_oreq	0
dialog_state_5_req	1
endframes	99
engine_name	male
first_level_matched	0
first_level_matched_gt_0	0
first_level_matched_gt_1	0
frag_and_gap_num	1
frag_and_gap_num_gt_1	0
frag_mode	ppp
frag_num	1
frag_num_gt_1	0
frag_ratio	0.33333
frag_ratio_gtm	1
frame_num	100
frame_num_gtm	0
gap_num	0
gap_num_bool	0
gap_num_gt_1	0
garble	clear
garble_clear	1
h_avg_am_score_norm	-173435.96875
h_avg_am_score_norm_gtm	1
h_avg_confidence	0.62911
h_avg_confidence_2	0.52517
h_avg_confidence_2_gt_25	1
h_avg_confidence_2_gt_50	1
h_avg_confidence_2_gt_75	0
h_avg_confidence_2_gtm	0
h_avg_confidence_gt_25	1
h_avg_confidence_gt_50	1
h_avg_confidence_gt_75	0
h_avg_confidence_gtm	0
h_avg_gap_num	0.33000
h_avg_gap_num_gtm	1
h_avg_lm_score_norm_1	-10883.40820
h_avg_lm_score_norm_1_gtm	0
h_avg_lm_score_norm_2	-418300.18750
h_avg_lm_score_norm_2_gtm	1
h_avg_slots_matched	1.00000
h_avg_slots_matched_gtm	0
h_avg_uncov_num	1.12500
h_avg_uncov_num_gtm	1
h_ratio_nonu	0.04250
hyp_index	0
hyp_num_parses	1
hypothesis	NEGLEY AND ELLSWORTH 
ih_am_score_norm_diff_to_max	-177550.84375
ih_am_score_norm_diff_to_max_bool	1
ih_am_score_norm_diff_to_min	7342.57813
ih_am_score_norm_diff_to_min_bool	1
ih_diff_lexical	1
ih_diff_lexical_one_word	0
ih_frag_ratio_diff_to_max	0.00000
ih_frag_ratio_diff_to_max_bool	0.00000
ih_frag_ratio_diff_to_min	0.33333
ih_frag_ratio_diff_to_min_bool	1.00000
ih_lm_score_norm_diff_to_max	-7962.08008
ih_lm_score_norm_diff_to_max_bool	1
ih_lm_score_norm_diff_to_min	80.42480
ih_lm_score_norm_diff_to_min_bool	1
last_level_matched	0
last_level_matched_gt_0	0
last_level_matched_gt_1	0
last_level_touched	2
last_level_touched_gt_0	1
last_level_touched_gt_1	1
last_turn_nonu	0
lm_score	-796208.00000
lm_score_norm_1	-7962.08008
lm_score_norm_1_gtm	1
lm_score_norm_2	-265402.65625
lm_score_norm_2_gtm	1
mark_confirm	0
mark_confirm_bool	0
mark_confirm_bool_barge_in	0
mark_discomfirm	0
mark_discomfirm_bool	0
mark_discomfirm_bool_barge_in	0
matched_in_focus	1
max_sphinxwordconf	0.11515
max_validwordconf	0.91667
max_wordconf	0.91667
min_sphinxwordconf	0.11515
min_validwordconf	0.91667
min_wordconf	0.91667
nbest_index	0
new_slots_num	1
new_slots_num_bool	1
no_parse	0
nonu	0
npow	21.00000
npow_gtm	1
num_parses_ratio	0.50000
num_prev_nonu	0
num_prev_nonu_gt_1	0
num_prev_nonu_gt_2	0
num_prev_not_nonu	2
num_prev_not_nonu_gt_1	1
num_prev_not_nonu_gt_2	0
num_prev_not_nonu_gt_5	0
parse_str	PlaceInformation [SinglePlace] ( [stop_name] ( [covered_place] ( [registered_stop] ( [stop_part] ( NEGLEY ) AND [stop_part] ( ELLSWORTH ) ) ) ) )   
parser_garble	0
pow	82.00000
pow_gtm	1
pow_npow_diff	61.00000
pow_npow_diff_gtm	1
rep_slots_num	0
rep_slots_num_bool	0
slot_num	1
slot_num_gt_1	0
slot_num_gt_2	0
slots_blocked	1
slots_blocked_bool	1
slots_blocked_gt_1	0
slots_matched	1
slots_matched_bool	1
slots_matched_gt_1	0
slots_relevant_num	2
slots_relevant_num_bool	1
slots_relevant_num_gt_1	1
speak_rate	0.03000
speak_rate_gtm	1
speak_rate_phones	0.03000
speak_rate_phones_gtm	0
speak_rate_syl	0.01000
speak_rate_syl_gtm	0
startframes	18
targetprompt	_goodbye
targetprompt_score	10.00000
top_slots	SinglePlace
total_num_parses	2
turn_number	2
turn_number_gt_0	1
turn_number_gt_1	1
turn_number_gtm	0
unconf_mark_confirm	0
unconf_mark_confirm_bool	0
unconf_mark_discomfirm	0
unconf_mark_discomfirm_bool	0
unconf_num	0
unconf_num_bool	0
unconf_num_gt_1	0
unconf_num_norm	0.00000
unconf_ratio	0.00000
unconf_ratio_gtm	0
uncov_num	0
uncov_num_bool	0
uncov_num_gt_1	0
uncov_num_norm	0.00000
uncov_ratio	0.00000
uncov_ratio_gtm	0
uttid	003
word_num	3
word_num_class	2
word_num_gt_1	1
word_num_gt_2	1
word_num_gt_4	0
word_num_norm	1.73205
words_per_slot	3.00000

[Hypothesis 2]
acoustic_gap_norm	50139.15234
acoustic_gap_norm_gtm	1
am_score	-18304448.00000
am_score_norm	-184893.42188
am_score_norm_gtm	1
answer_type	2
avg_sphinxwordconf	0.16084
avg_sphinxwordconf_gt_30	0
avg_validwordconf	0.91667
avg_validwordconf_gt_50	1
avg_wordconf	0.91667
avg_wordconf_gt_50	1
barge_in	0
clip_info_1	0.00012
clip_info_10	1.00000
clip_info_2	0.00023
clip_info_3	0.00103
clip_info_4	0.00333
clip_info_5	0.00931
clip_info_6	0.02091
clip_info_7	0.04975
clip_info_8	0.10478
clip_info_9	0.22185
confidence	0.78792
confidence_gt_25	1
confidence_gt_50	1
confidence_gt_75	1
confidence_gtm	1
decoder_garble	0
decoder_score	-19100656.00000
decoder_score_norm	-192935.92188
decoder_score_norm_gtm	1
dialog_state	/LetsGoPublic/PerformTask/GetQuerySpecs/GetArrivalPlace/RequestArrivalPlace
dialog_state_1	req(arrival_place)
dialog_state_2	req(arrival_place)
dialog_state_3	req(place)
dialog_state_4	req(non-bool)
dialog_state_4_inv	0
dialog_state_4_oreq	0
dialog_state_4_req(bool)	0
dialog_state_4_req(non-bool)	1
dialog_state_5	req
dialog_state_5_ec	0
dialog_state_5_inv	0
dialog_state_5_oreq	0
dialog_state_5_req	1
endframes	94
engine_name	female
first_level_matched	0
first_level_matched_gt_0	0
first_level_matched_gt_1	0
frag_and_gap_num	1
frag_and_gap_num_gt_1	0
frag_mode	ppp
frag_num	1
frag_num_gt_1	0
frag_ratio	0.33333
frag_ratio_gtm	1
frame_num	99
frame_num_gtm	0
gap_num	0
gap_num_bool	0
gap_num_gt_1	0
garble	clear
garble_clear	1
h_avg_am_score_norm	-175271.60938
h_avg_am_score_norm_gtm	1
h_avg_confidence	0.62922
h_avg_confidence_2	0.52531
h_avg_confidence_2_gt_25	1
h_avg_confidence_2_gt_50	1
h_avg_confidence_2_gt_75	0
h_avg_confidence_2_gtm	0
h_avg_confidence_gt_25	1
h_avg_confidence_gt_50	1
h_avg_confidence_gt_75	0
h_avg_confidence_gtm	0
h_avg_gap_num	0.33000
h_avg_gap_num_gtm	1
h_avg_lm_score_norm_1	-10903.51465
h_avg_lm_score_norm_1_gtm	0
h_avg_lm_score_norm_2	-418300.18750
h_avg_lm_score_norm_2_gtm	1
h_avg_slots_matched	1.00000
h_avg_slots_matched_gtm	0
h_avg_uncov_num	1.12500
h_avg_uncov_num_gtm	1
h_ratio_nonu	0.04250
hyp_index	1
hyp_num_parses	1
hypothesis	NEGLEY AND ELLSWORTH 
ih_am_score_norm_diff_to_max	-184893.42188
ih_am_score_norm_diff_to_max_bool	1
ih_am_score_norm_diff_to_min	0.00000
ih_am_score_norm_diff_to_min_bool	0
ih_diff_lexical	1
ih_diff_lexical_one_word	0
ih_frag_ratio_diff_to_max	0.00000
ih_frag_ratio_diff_to_max_bool	0.00000
ih_frag_ratio_diff_to_min	0.33333
ih_frag_ratio_diff_to_min_bool	1.00000
ih_lm_score_norm_diff_to_max	-8042.50488
ih_lm_score_norm_diff_to_max_bool	1
ih_lm_score_norm_diff_to_min	0.00000
ih_lm_score_norm_diff_to_min_bool	0
last_level_matched	0
last_level_matched_gt_0	0
last_level_matched_gt_1	0
last_level_touched	2
last_level_touched_gt_0	1
last_level_touched_gt_1	1
last_turn_nonu	0
lm_score	-796208.00000
lm_score_norm_1	-8042.50488
lm_score_norm_1_gtm	1
lm_score_norm_2	-265402.65625
lm_score_norm_2_gtm	1
mark_confirm	0
mark_confirm_bool	0
mark_confirm_bool_barge_in	0
mark_discomfirm	0
mark_discomfirm_bool	0
mark_discomfirm_bool_barge_in	0
matched_in_focus	1
max_sphinxwordconf	0.16084
max_validwordconf	0.91667
max_wordconf	0.91667
min_sphinxwordconf	0.16084
min_validwordconf	0.91667
min_wordconf	0.91667
nbest_index	0
new_slots_num	1
new_slots_num_bool	1
no_parse	0
nonu	0
npow	21.00000
npow_gtm	1
num_parses_ratio	0.50000
num_prev_nonu	0
num_prev_nonu_gt_1	0
num_prev_nonu_gt_2	0
num_prev_not_nonu	2
num_prev_not_nonu_gt_1	1
num_prev_not_nonu_gt_2	0
num_prev_not_nonu_gt_5	0
parse_str	PlaceInformation [SinglePlace] ( [stop_name] ( [covered_place] ( [registered_stop] ( [stop_part] ( NEGLEY ) AND [stop_part] ( ELLSWORTH ) ) ) ) )   
parser_garble	0
pow	82.00000
pow_gtm	1
pow_npow_diff	61.00000
pow_npow_diff_gtm	1
rep_slots_num	0
rep_slots_num_bool	0
slot_num	1
slot_num_gt_1	0
slot_num_gt_2	0
slots_blocked	1
slots_blocked_bool	1
slots_blocked_gt_1	0
slots_matched	1
slots_matched_bool	1
slots_matched_gt_1	0
slots_relevant_num	2
slots_relevant_num_bool	1
slots_relevant_num_gt_1	1
speak_rate	0.03030
speak_rate_gtm	1
speak_rate_phones	0.03030
speak_rate_phones_gtm	0
speak_rate_syl	0.01010
speak_rate_syl_gtm	0
startframes	17
targetprompt	_goodbye
targetprompt_score	10.00000
top_slots	SinglePlace
total_num_parses	2
turn_number	2
turn_number_gt_0	1
turn_number_gt_1	1
turn_number_gtm	0
unconf_mark_confirm	0
unconf_mark_confirm_bool	0
unconf_mark_discomfirm	0
unconf_mark_discomfirm_bool	0
unconf_num	0
unconf_num_bool	0
unconf_num_gt_1	0
unconf_num_norm	0.00000
unconf_ratio	0.00000
unconf_ratio_gtm	0
uncov_num	0
uncov_num_bool	0
uncov_num_gt_1	0
uncov_num_norm	0.00000
uncov_ratio	0.00000
uncov_ratio_gtm	0
uttid	003
word_num	3
word_num_class	2
word_num_gt_1	1
word_num_gt_2	1
word_num_gt_4	0
word_num_norm	1.73205
words_per_slot	3.00000

[Hypothesis 3]
acoustic_gap_norm	N/A
acoustic_gap_norm_gtm	N/A
am_score	N/A
am_score_norm	0.00000
am_score_norm_gtm	1
answer_type	3
avg_sphinxwordconf	0.00000
avg_sphinxwordconf_gt_30	0
avg_validwordconf	0.00000
avg_validwordconf_gt_50	0
avg_wordconf	0.00000
avg_wordconf_gt_50	0
barge_in	0
clip_info_1	0.00012
clip_info_10	1.00000
clip_info_2	0.00023
clip_info_3	0.00103
clip_info_4	0.00333
clip_info_5	0.00931
clip_info_6	0.02091
clip_info_7	0.04975
clip_info_8	0.10478
clip_info_9	0.22185
confidence	0.00000
confidence_gt_25	0
confidence_gt_50	0
confidence_gt_75	0
confidence_gtm	0
decoder_garble	N/A
decoder_score	N/A
decoder_score_norm	0.00011
decoder_score_norm_gtm	1
dialog_state	/LetsGoPublic/PerformTask/GetQuerySpecs/GetArrivalPlace/RequestArrivalPlace
dialog_state_1	req(arrival_place)
dialog_state_2	req(arrival_place)
dialog_state_3	req(place)
dialog_state_4	req(non-bool)
dialog_state_4_inv	0
dialog_state_4_oreq	0
dialog_state_4_req(bool)	0
dialog_state_4_req(non-bool)	1
dialog_state_5	req
dialog_state_5_ec	0
dialog_state_5_inv	0
dialog_state_5_oreq	0
dialog_state_5_req	1
endframes	N/A
engine_name	dtmf
frag_and_gap_num	N/A
frag_and_gap_num_gt_1	N/A
frag_mode	N/A
frag_num	N/A
frag_num_gt_1	N/A
frag_ratio	N/A
frag_ratio_gtm	N/A
frame_num	8704
frame_num_gtm	1
gap_num	N/A
gap_num_bool	N/A
gap_num_gt_1	N/A
garble	N/A
garble_clear	N/A
h_avg_am_score_norm	-129048.25000
h_avg_am_score_norm_gtm	1
h_avg_confidence	0.43224
h_avg_confidence_2	0.26267
h_avg_confidence_2_gt_25	1
h_avg_confidence_2_gt_50	0
h_avg_confidence_2_gt_75	0
h_avg_confidence_2_gtm	0
h_avg_confidence_gt_25	1
h_avg_confidence_gt_50	0
h_avg_confidence_gt_75	0
h_avg_confidence_gtm	0
h_avg_gap_num	0.41000
h_avg_gap_num_gtm	1
h_avg_lm_score_norm_1	-8892.88867
h_avg_lm_score_norm_1_gtm	1
h_avg_lm_score_norm_2	-351949.53125
h_avg_lm_score_norm_2_gtm	1
h_avg_slots_matched	0.75000
h_avg_slots_matched_gtm	0
h_avg_uncov_num	1.25000
h_avg_uncov_num_gtm	1
h_ratio_nonu	0.29250
h_ratio_nonu_gt_25	1.00000
h_ratio_nonu_gt_50	0.00000
h_ratio_nonu_gt_75	0.00000
h_ratio_nonu_gtm	1.00000
hyp_index	2
hyp_num_parses	0
hypothesis	N/A
ih_am_score_norm_diff_to_max	0.00000
ih_am_score_norm_diff_to_max_bool	0
ih_am_score_norm_diff_to_min	184893.42188
ih_am_score_norm_diff_to_min_bool	1
ih_diff_lexical	1
ih_diff_lexical_one_word	1
ih_frag_ratio_diff_to_max	-0.33333
ih_frag_ratio_diff_to_max_bool	1.00000
ih_frag_ratio_diff_to_min	0.00000
ih_frag_ratio_diff_to_min_bool	0.00000
ih_lm_score_norm_diff_to_max	0.00000
ih_lm_score_norm_diff_to_max_bool	0
ih_lm_score_norm_diff_to_min	8042.50488
ih_lm_score_norm_diff_to_min_bool	1
last_turn_nonu	0
lm_score	N/A
lm_score_norm_1	0.00000
lm_score_norm_1_gtm	1
lm_score_norm_2	0.00000
lm_score_norm_2_gtm	1
mark_confirm	0
mark_confirm_bool	0
mark_confirm_bool_barge_in	0
mark_discomfirm	0
mark_discomfirm_bool	0
mark_discomfirm_bool_barge_in	0
max_sphinxwordconf	0.00000
max_validwordconf	0.00000
max_wordconf	0.00000
min_sphinxwordconf	0.00000
min_validwordconf	0.00000
min_wordconf	0.00000
nbest_index	0
new_slots_num	0
new_slots_num_bool	0
no_parse	1
nonu	1
npow	21.00000
npow_gtm	1
num_parses_ratio	N/A
num_prev_nonu	0
num_prev_nonu_gt_1	0
num_prev_nonu_gt_2	0
num_prev_not_nonu	2
num_prev_not_nonu_gt_1	1
num_prev_not_nonu_gt_2	0
num_prev_not_nonu_gt_5	0
parse_str	N/A
parser_garble	N/A
pow	82.00000
pow_gtm	1
pow_npow_diff	61.00000
pow_npow_diff_gtm	1
rep_slots_num	N/A
rep_slots_num_bool	N/A
slot_num	0
slot_num_gt_1	0
slot_num_gt_2	0
slots_blocked	N/A
slots_blocked_bool	N/A
slots_blocked_gt_1	N/A
slots_matched	N/A
slots_matched_bool	N/A
slots_matched_gt_1	N/A
slots_relevant_num	N/A
slots_relevant_num_bool	N/A
slots_relevant_num_gt_1	N/A
speak_rate	0.00011
speak_rate_gtm	0
speak_rate_phones	0.00011
speak_rate_phones_gtm	0
speak_rate_syl	0.00011
speak_rate_syl_gtm	0
startframes	N/A
targetprompt	_goodbye
targetprompt_score	4.00000
top_slots	N/A
total_num_parses	2
turn_number	2
turn_number_gt_0	1
turn_number_gt_1	1
turn_number_gtm	0
unconf_mark_confirm	0
unconf_mark_confirm_bool	0
unconf_mark_discomfirm	0
unconf_mark_discomfirm_bool	0
unconf_num	0
unconf_num_bool	0
unconf_num_gt_1	0
unconf_num_norm	0.00000
unconf_ratio	0.00000
unconf_ratio_gtm	0
uncov_num	N/A
uncov_num_bool	N/A
uncov_num_gt_1	N/A
uncov_num_norm	N/A
uncov_ratio	N/A
uncov_ratio_gtm	N/A
uttid	003
word_num	1
word_num_class	0
word_num_gt_1	0
word_num_gt_2	0
word_num_gt_4	0
word_num_norm	1.00000
words_per_slot	N/A


>>Turn 3: Selected hypothesis 1 of 3.
[Hypothesis 1]
acoustic_gap_norm	25568.64648
acoustic_gap_norm_gtm	0
am_score	-7996959.00000
am_score_norm	-166603.31250
am_score_norm_gtm	1
answer_type	0
avg_sphinxwordconf	0.27280
avg_sphinxwordconf_gt_30	0
avg_validwordconf	0.91667
avg_validwordconf_gt_50	1
avg_wordconf	0.91667
avg_wordconf_gt_50	1
barge_in	0
clip_info_1	0.00065
clip_info_10	1.00000
clip_info_2	0.00217
clip_info_3	0.00391
clip_info_4	0.00738
clip_info_5	0.01280
clip_info_6	0.02148
clip_info_7	0.03928
clip_info_8	0.06489
clip_info_9	0.10503
confidence	0.94452
confidence_gt_25	1
confidence_gt_50	1
confidence_gt_75	1
confidence_gtm	1
decoder_garble	0
decoder_score	-8192983.00000
decoder_score_norm	-170687.14063
decoder_score_norm_gtm	1
dialog_state	/_ExplicitConfirm[/LetsGoPublic/PerformTask/query.arrival_place]
endframes	40
engine_name	male
first_level_matched	0
first_level_matched_gt_0	0
first_level_matched_gt_1	0
frag_and_gap_num	1
frag_and_gap_num_gt_1	0
frag_mode	p
frag_num	1
frag_num_gt_1	0
frag_ratio	1.00000
frag_ratio_gtm	1
frame_num	48
frame_num_gtm	0
gap_num	0
gap_num_bool	0
gap_num_gt_1	0
garble	clear
garble_clear	1
h_avg_am_score_norm	-173537.95313
h_avg_am_score_norm_gtm	1
h_avg_confidence	0.69228
h_avg_confidence_2	0.66837
h_avg_confidence_2_gt_25	1
h_avg_confidence_2_gt_50	1
h_avg_confidence_2_gt_75	0
h_avg_confidence_2_gtm	0
h_avg_confidence_gt_25	1
h_avg_confidence_gt_50	1
h_avg_confidence_gt_75	0
h_avg_confidence_gtm	0
h_avg_gap_num	0.26400
h_avg_gap_num_gtm	0
h_avg_lm_score_norm_1	-9539.57813
h_avg_lm_score_norm_1_gtm	0
h_avg_lm_score_norm_2	-373844.96875
h_avg_lm_score_norm_2_gtm	1
h_avg_slots_matched	1.00000
h_avg_slots_matched_gtm	0
h_avg_uncov_num	0.90000
h_avg_uncov_num_gtm	1
h_ratio_nonu	0.03400
hyp_index	0
hyp_num_parses	1
hypothesis	YES 
ih_am_score_norm_diff_to_max	-166603.31250
ih_am_score_norm_diff_to_max_bool	1
ih_am_score_norm_diff_to_min	11127.06250
ih_am_score_norm_diff_to_min_bool	1
ih_diff_lexical	1
ih_diff_lexical_one_word	1
ih_frag_ratio_diff_to_max	0.00000
ih_frag_ratio_diff_to_max_bool	0.00000
ih_frag_ratio_diff_to_min	1.00000
ih_frag_ratio_diff_to_min_bool	1.00000
ih_lm_score_norm_diff_to_max	-4083.83325
ih_lm_score_norm_diff_to_max_bool	1
ih_lm_score_norm_diff_to_min	0.00000
ih_lm_score_norm_diff_to_min_bool	0
last_level_matched	0
last_level_matched_gt_0	0
last_level_matched_gt_1	0
last_level_touched	0
last_level_touched_gt_0	0
last_level_touched_gt_1	0
last_turn_nonu	0
lm_score	-196024.00000
lm_score_norm_1	-4083.83325
lm_score_norm_1_gtm	1
lm_score_norm_2	-196024.00000
lm_score_norm_2_gtm	1
mark_confirm	1
mark_confirm_bool	1
mark_confirm_bool_barge_in	0
mark_discomfirm	0
mark_discomfirm_bool	0
mark_discomfirm_bool_barge_in	0
matched_in_focus	1
max_sphinxwordconf	0.27280
max_validwordconf	0.91667
max_wordconf	0.91667
min_sphinxwordconf	0.27280
min_validwordconf	0.91667
min_wordconf	0.91667
nbest_index	0
new_slots_num	1
new_slots_num_bool	1
no_parse	0
nonu	0
npow	21.00000
npow_gtm	1
num_parses_ratio	0.50000
num_prev_nonu	0
num_prev_nonu_gt_1	0
num_prev_nonu_gt_2	0
num_prev_not_nonu	3
num_prev_not_nonu_gt_1	1
num_prev_not_nonu_gt_2	1
num_prev_not_nonu_gt_5	0
parse_str	Generic [Generic] ( [Yes] ( YES ) )   
parser_garble	0
pow	82.00000
pow_gtm	1
pow_npow_diff	61.00000
pow_npow_diff_gtm	1
rep_slots_num	0
rep_slots_num_bool	0
slot_num	1
slot_num_gt_1	0
slot_num_gt_2	0
slots_blocked	0
slots_blocked_bool	0
slots_blocked_gt_1	0
slots_matched	1
slots_matched_bool	1
slots_matched_gt_1	0
slots_relevant_num	1
slots_relevant_num_bool	1
slots_relevant_num_gt_1	0
speak_rate	0.02083
speak_rate_gtm	1
speak_rate_phones	0.06250
speak_rate_phones_gtm	1
speak_rate_syl	0.02083
speak_rate_syl_gtm	0
startframes	18
targetprompt	yes
targetprompt_score	0.00000
top_slots	Generic
total_num_parses	2
turn_number	3
turn_number_gt_0	1
turn_number_gt_1	1
turn_number_gtm	0
unconf_mark_confirm	0
unconf_mark_confirm_bool	0
unconf_mark_discomfirm	0
unconf_mark_discomfirm_bool	0
unconf_num	0
unconf_num_bool	0
unconf_num_gt_1	0
unconf_num_norm	0.00000
unconf_ratio	0.00000
unconf_ratio_gtm	0
uncov_num	0
uncov_num_bool	0
uncov_num_gt_1	0
uncov_num_norm	0.00000
uncov_ratio	0.00000
uncov_ratio_gtm	0
uttid	004
word_num	1
word_num_class	0
word_num_gt_1	0
word_num_gt_2	0
word_num_gt_4	0
word_num_norm	1.00000
words_per_slot	1.00000

[Hypothesis 2]
acoustic_gap_norm	32194.37500
acoustic_gap_norm_gtm	0
am_score	-8531058.00000
am_score_norm	-177730.37500
am_score_norm_gtm	1
answer_type	0
avg_sphinxwordconf	0.11323
avg_sphinxwordconf_gt_30	0
avg_validwordconf	0.91667
avg_validwordconf_gt_50	1
avg_wordconf	0.91667
avg_wordconf_gt_50	1
barge_in	0
clip_info_1	0.00065
clip_info_10	1.00000
clip_info_2	0.00217
clip_info_3	0.00391
clip_info_4	0.00738
clip_info_5	0.01280
clip_info_6	0.02148
clip_info_7	0.03928
clip_info_8	0.06489
clip_info_9	0.10503
confidence	0.94452
confidence_gt_25	1
confidence_gt_50	1
confidence_gt_75	1
confidence_gtm	1
decoder_garble	0
decoder_score	-8727082.00000
decoder_score_norm	-181814.20313
decoder_score_norm_gtm	1
dialog_state	/_ExplicitConfirm[/LetsGoPublic/PerformTask/query.arrival_place]
endframes	39
engine_name	female
first_level_matched	0
first_level_matched_gt_0	0
first_level_matched_gt_1	0
frag_and_gap_num	1
frag_and_gap_num_gt_1	0
frag_mode	p
frag_num	1
frag_num_gt_1	0
frag_ratio	1.00000
frag_ratio_gtm	1
frame_num	48
frame_num_gtm	0
gap_num	0
gap_num_bool	0
gap_num_gt_1	0
garble	clear
garble_clear	1
h_avg_am_score_norm	-175763.35938
h_avg_am_score_norm_gtm	1
h_avg_confidence	0.69228
h_avg_confidence_2	0.66837
h_avg_confidence_2_gt_25	1
h_avg_confidence_2_gt_50	1
h_avg_confidence_2_gt_75	0
h_avg_confidence_2_gtm	0
h_avg_confidence_gt_25	1
h_avg_confidence_gt_50	1
h_avg_confidence_gt_75	0
h_avg_confidence_gtm	0
h_avg_gap_num	0.26400
h_avg_gap_num_gtm	0
h_avg_lm_score_norm_1	-9539.57813
h_avg_lm_score_norm_1_gtm	0
h_avg_lm_score_norm_2	-373844.96875
h_avg_lm_score_norm_2_gtm	1
h_avg_slots_matched	1.00000
h_avg_slots_matched_gtm	0
h_avg_uncov_num	0.90000
h_avg_uncov_num_gtm	1
h_ratio_nonu	0.03400
hyp_index	1
hyp_num_parses	1
hypothesis	YES 
ih_am_score_norm_diff_to_max	-177730.37500
ih_am_score_norm_diff_to_max_bool	1
ih_am_score_norm_diff_to_min	0.00000
ih_am_score_norm_diff_to_min_bool	0
ih_diff_lexical	1
ih_diff_lexical_one_word	1
ih_frag_ratio_diff_to_max	0.00000
ih_frag_ratio_diff_to_max_bool	0.00000
ih_frag_ratio_diff_to_min	1.00000
ih_frag_ratio_diff_to_min_bool	1.00000
ih_lm_score_norm_diff_to_max	-4083.83325
ih_lm_score_norm_diff_to_max_bool	1
ih_lm_score_norm_diff_to_min	0.00000
ih_lm_score_norm_diff_to_min_bool	0
last_level_matched	0
last_level_matched_gt_0	0
last_level_matched_gt_1	0
last_level_touched	0
last_level_touched_gt_0	0
last_level_touched_gt_1	0
last_turn_nonu	0
lm_score	-196024.00000
lm_score_norm_1	-4083.83325
lm_score_norm_1_gtm	1
lm_score_norm_2	-196024.00000
lm_score_norm_2_gtm	1
mark_confirm	1
mark_confirm_bool	1
mark_confirm_bool_barge_in	0
mark_discomfirm	0
mark_discomfirm_bool	0
mark_discomfirm_bool_barge_in	0
matched_in_focus	1
max_sphinxwordconf	0.11323
max_validwordconf	0.91667
max_wordconf	0.91667
min_sphinxwordconf	0.11323
min_validwordconf	0.91667
min_wordconf	0.91667
nbest_index	0
new_slots_num	1
new_slots_num_bool	1
no_parse	0
nonu	0
npow	21.00000
npow_gtm	1
num_parses_ratio	0.50000
num_prev_nonu	0
num_prev_nonu_gt_1	0
num_prev_nonu_gt_2	0
num_prev_not_nonu	3
num_prev_not_nonu_gt_1	1
num_prev_not_nonu_gt_2	1
num_prev_not_nonu_gt_5	0
parse_str	Generic [Generic] ( [Yes] ( YES ) )   
parser_garble	0
pow	82.00000
pow_gtm	1
pow_npow_diff	61.00000
pow_npow_diff_gtm	1
rep_slots_num	0
rep_slots_num_bool	0
slot_num	1
slot_num_gt_1	0
slot_num_gt_2	0
slots_blocked	0
slots_blocked_bool	0
slots_blocked_gt_1	0
slots_matched	1
slots_matched_bool	1
slots_matched_gt_1	0
slots_relevant_num	1
slots_relevant_num_bool	1
slots_relevant_num_gt_1	0
speak_rate	0.02083
speak_rate_gtm	1
speak_rate_phones	0.06250
speak_rate_phones_gtm	1
speak_rate_syl	0.02083
speak_rate_syl_gtm	0
startframes	18
targetprompt	yes
targetprompt_score	0.00000
top_slots	Generic
total_num_parses	2
turn_number	3
turn_number_gt_0	1
turn_number_gt_1	1
turn_number_gtm	0
unconf_mark_confirm	0
unconf_mark_confirm_bool	0
unconf_mark_discomfirm	0
unconf_mark_discomfirm_bool	0
unconf_num	0
unconf_num_bool	0
unconf_num_gt_1	0
unconf_num_norm	0.00000
unconf_ratio	0.00000
unconf_ratio_gtm	0
uncov_num	0
uncov_num_bool	0
uncov_num_gt_1	0
uncov_num_norm	0.00000
uncov_ratio	0.00000
uncov_ratio_gtm	0
uttid	004
word_num	1
word_num_class	0
word_num_gt_1	0
word_num_gt_2	0
word_num_gt_4	0
word_num_norm	1.00000
words_per_slot	1.00000

[Hypothesis 3]
acoustic_gap_norm	N/A
acoustic_gap_norm_gtm	N/A
am_score	N/A
am_score_norm	0.00000
am_score_norm_gtm	1
answer_type	3
avg_sphinxwordconf	0.00000
avg_sphinxwordconf_gt_30	0
avg_validwordconf	0.00000
avg_validwordconf_gt_50	0
avg_wordconf	0.00000
avg_wordconf_gt_50	0
barge_in	0
clip_info_1	0.00065
clip_info_10	1.00000
clip_info_2	0.00217
clip_info_3	0.00391
clip_info_4	0.00738
clip_info_5	0.01280
clip_info_6	0.02148
clip_info_7	0.03928
clip_info_8	0.06489
clip_info_9	0.10503
confidence	0.00000
confidence_gt_25	0
confidence_gt_50	0
confidence_gt_75	0
confidence_gtm	0
decoder_garble	N/A
decoder_score	N/A
decoder_score_norm	0.00022
decoder_score_norm_gtm	1
dialog_state	/_ExplicitConfirm[/LetsGoPublic/PerformTask/query.arrival_place]
endframes	N/A
engine_name	dtmf
frag_and_gap_num	N/A
frag_and_gap_num_gt_1	N/A
frag_mode	N/A
frag_num	N/A
frag_num_gt_1	N/A
frag_ratio	N/A
frag_ratio_gtm	N/A
frame_num	4608
frame_num_gtm	1
gap_num	N/A
gap_num_bool	N/A
gap_num_gt_1	N/A
garble	N/A
garble_clear	N/A
h_avg_am_score_norm	-140217.28125
h_avg_am_score_norm_gtm	1
h_avg_confidence	0.50338
h_avg_confidence_2	0.43224
h_avg_confidence_2_gt_25	1
h_avg_confidence_2_gt_50	0
h_avg_confidence_2_gt_75	0
h_avg_confidence_2_gtm	0
h_avg_confidence_gt_25	1
h_avg_confidence_gt_50	1
h_avg_confidence_gt_75	0
h_avg_confidence_gtm	0
h_avg_gap_num	0.32800
h_avg_gap_num_gtm	1
h_avg_lm_score_norm_1	-8722.81152
h_avg_lm_score_norm_1_gtm	1
h_avg_lm_score_norm_2	-334640.18750
h_avg_lm_score_norm_2_gtm	1
h_avg_slots_matched	0.80000
h_avg_slots_matched_gtm	0
h_avg_uncov_num	1.00000
h_avg_uncov_num_gtm	1
h_ratio_nonu	0.23400
h_ratio_nonu_gt_25	0.00000
h_ratio_nonu_gt_50	0.00000
h_ratio_nonu_gt_75	0.00000
h_ratio_nonu_gtm	1.00000
hyp_index	2
hyp_num_parses	0
hypothesis	N/A
ih_am_score_norm_diff_to_max	0.00000
ih_am_score_norm_diff_to_max_bool	0
ih_am_score_norm_diff_to_min	177730.37500
ih_am_score_norm_diff_to_min_bool	1
ih_diff_lexical	1
ih_diff_lexical_one_word	1
ih_frag_ratio_diff_to_max	-1.00000
ih_frag_ratio_diff_to_max_bool	1.00000
ih_frag_ratio_diff_to_min	0.00000
ih_frag_ratio_diff_to_min_bool	0.00000
ih_lm_score_norm_diff_to_max	0.00000
ih_lm_score_norm_diff_to_max_bool	0
ih_lm_score_norm_diff_to_min	4083.83325
ih_lm_score_norm_diff_to_min_bool	1
last_turn_nonu	0
lm_score	N/A
lm_score_norm_1	0.00000
lm_score_norm_1_gtm	1
lm_score_norm_2	0.00000
lm_score_norm_2_gtm	1
mark_confirm	0
mark_confirm_bool	0
mark_confirm_bool_barge_in	0
mark_discomfirm	0
mark_discomfirm_bool	0
mark_discomfirm_bool_barge_in	0
max_sphinxwordconf	0.00000
max_validwordconf	0.00000
max_wordconf	0.00000
min_sphinxwordconf	0.00000
min_validwordconf	0.00000
min_wordconf	0.00000
nbest_index	0
new_slots_num	0
new_slots_num_bool	0
no_parse	1
nonu	1
npow	21.00000
npow_gtm	1
num_parses_ratio	N/A
num_prev_nonu	0
num_prev_nonu_gt_1	0
num_prev_nonu_gt_2	0
num_prev_not_nonu	3
num_prev_not_nonu_gt_1	1
num_prev_not_nonu_gt_2	1
num_prev_not_nonu_gt_5	0
parse_str	N/A
parser_garble	N/A
pow	82.00000
pow_gtm	1
pow_npow_diff	61.00000
pow_npow_diff_gtm	1
rep_slots_num	N/A
rep_slots_num_bool	N/A
slot_num	0
slot_num_gt_1	0
slot_num_gt_2	0
slots_blocked	N/A
slots_blocked_bool	N/A
slots_blocked_gt_1	N/A
slots_matched	N/A
slots_matched_bool	N/A
slots_matched_gt_1	N/A
slots_relevant_num	N/A
slots_relevant_num_bool	N/A
slots_relevant_num_gt_1	N/A
speak_rate	0.00022
speak_rate_gtm	0
speak_rate_phones	0.00022
speak_rate_phones_gtm	0
speak_rate_syl	0.00022
speak_rate_syl_gtm	0
startframes	N/A
targetprompt	_goodbye
targetprompt_score	4.00000
top_slots	N/A
total_num_parses	2
turn_number	3
turn_number_gt_0	1
turn_number_gt_1	1
turn_number_gtm	0
unconf_mark_confirm	0
unconf_mark_confirm_bool	0
unconf_mark_discomfirm	0
unconf_mark_discomfirm_bool	0
unconf_num	0
unconf_num_bool	0
unconf_num_gt_1	0
unconf_num_norm	0.00000
unconf_ratio	0.00000
unconf_ratio_gtm	0
uncov_num	N/A
uncov_num_bool	N/A
uncov_num_gt_1	N/A
uncov_num_norm	N/A
uncov_ratio	N/A
uncov_ratio_gtm	N/A
uttid	004
word_num	1
word_num_class	0
word_num_gt_1	0
word_num_gt_2	0
word_num_gt_4	0
word_num_norm	1.00000
words_per_slot	N/A


>>Turn 4: Selected hypothesis 1 of 3.
[Hypothesis 1]
acoustic_gap_norm	40477.30859
acoustic_gap_norm_gtm	0
am_score	-11302257.00000
am_score_norm	-173880.87500
am_score_norm_gtm	1
answer_type	2
avg_sphinxwordconf	0.39213
avg_sphinxwordconf_gt_30	1
avg_validwordconf	0.91667
avg_validwordconf_gt_50	1
avg_wordconf	0.91667
avg_wordconf_gt_50	1
barge_in	0
clip_info_1	0.00116
clip_info_10	1.00000
clip_info_2	0.00449
clip_info_3	0.00831
clip_info_4	0.01413
clip_info_5	0.02477
clip_info_6	0.04438
clip_info_7	0.07098
clip_info_8	0.11353
clip_info_9	0.18068
confidence	0.94294
confidence_gt_25	1
confidence_gt_50	1
confidence_gt_75	1
confidence_gtm	1
decoder_garble	0
decoder_score	-11684405.00000
decoder_score_norm	-179760.07813
decoder_score_norm_gtm	1
dialog_state	/LetsGoPublic/PerformTask/GetQuerySpecs/GetTravelTime/RequestTravelTime
dialog_state_1	req(time)
dialog_state_2	req(travel_time)
dialog_state_3	req(time)
dialog_state_4	req(non-bool)
dialog_state_4_inv	0
dialog_state_4_oreq	0
dialog_state_4_req(bool)	0
dialog_state_4_req(non-bool)	1
dialog_state_5	req
dialog_state_5_ec	0
dialog_state_5_inv	0
dialog_state_5_oreq	0
dialog_state_5_req	1
endframes	45
engine_name	male
first_level_matched	0
first_level_matched_gt_0	0
first_level_matched_gt_1	0
frag_and_gap_num	1
frag_and_gap_num_gt_1	0
frag_mode	p
frag_num	1
frag_num_gt_1	0
frag_ratio	1.00000
frag_ratio_gtm	1
frame_num	65
frame_num_gtm	0
gap_num	0
gap_num_bool	0
gap_num_gt_1	0
garble	clear
garble_clear	1
h_avg_am_score_norm	-173595.10938
h_avg_am_score_norm_gtm	1
h_avg_confidence	0.73406
h_avg_confidence_2	0.69196
h_avg_confidence_2_gt_25	1
h_avg_confidence_2_gt_50	1
h_avg_confidence_2_gt_75	0
h_avg_confidence_2_gtm	1
h_avg_confidence_gt_25	1
h_avg_confidence_gt_50	1
h_avg_confidence_gt_75	0
h_avg_confidence_gtm	1
h_avg_gap_num	0.22000
h_avg_gap_num_gtm	0
h_avg_lm_score_norm_1	-8929.51465
h_avg_lm_score_norm_1_gtm	1
h_avg_lm_score_norm_2	-375228.78125
h_avg_lm_score_norm_2_gtm	1
h_avg_slots_matched	1.00000
h_avg_slots_matched_gtm	0
h_avg_uncov_num	0.75000
h_avg_uncov_num_gtm	1
h_ratio_nonu	0.02833
hyp_index	0
hyp_num_parses	1
hypothesis	NOW 
ih_am_score_norm_diff_to_max	-173880.87500
ih_am_score_norm_diff_to_max_bool	1
ih_am_score_norm_diff_to_min	905.17188
ih_am_score_norm_diff_to_min_bool	1
ih_diff_lexical	1
ih_diff_lexical_one_word	1
ih_frag_ratio_diff_to_max	0.00000
ih_frag_ratio_diff_to_max_bool	0.00000
ih_frag_ratio_diff_to_min	1.00000
ih_frag_ratio_diff_to_min_bool	1.00000
ih_lm_score_norm_diff_to_max	-5879.20020
ih_lm_score_norm_diff_to_max_bool	1
ih_lm_score_norm_diff_to_min	0.00000
ih_lm_score_norm_diff_to_min_bool	0
last_level_matched	0
last_level_matched_gt_0	0
last_level_matched_gt_1	0
last_level_touched	0
last_level_touched_gt_0	0
last_level_touched_gt_1	0
last_turn_nonu	0
lm_score	-382148.00000
lm_score_norm_1	-5879.20020
lm_score_norm_1_gtm	1
lm_score_norm_2	-382148.00000
lm_score_norm_2_gtm	1
mark_confirm	0
mark_confirm_bool	0
mark_confirm_bool_barge_in	0
mark_discomfirm	0
mark_discomfirm_bool	0
mark_discomfirm_bool_barge_in	0
matched_in_focus	1
max_sphinxwordconf	0.39213
max_validwordconf	0.91667
max_wordconf	0.91667
min_sphinxwordconf	0.39213
min_validwordconf	0.91667
min_wordconf	0.91667
nbest_index	0
new_slots_num	1
new_slots_num_bool	1
no_parse	0
nonu	0
npow	21.00000
npow_gtm	1
num_parses_ratio	0.50000
num_prev_nonu	0
num_prev_nonu_gt_1	0
num_prev_nonu_gt_2	0
num_prev_not_nonu	4
num_prev_not_nonu_gt_1	1
num_prev_not_nonu_gt_2	1
num_prev_not_nonu_gt_5	0
parse_str	TimeInformation [3_DateTime] ( [day_time] ( [date_time] ( [time_range] ( [time_relative] ( [now] ( NOW ) ) ) ) ) )   
parser_garble	0
pow	82.00000
pow_gtm	1
pow_npow_diff	61.00000
pow_npow_diff_gtm	1
rep_slots_num	0
rep_slots_num_bool	0
slot_num	1
slot_num_gt_1	0
slot_num_gt_2	0
slots_blocked	0
slots_blocked_bool	0
slots_blocked_gt_1	0
slots_matched	1
slots_matched_bool	1
slots_matched_gt_1	0
slots_relevant_num	1
slots_relevant_num_bool	1
slots_relevant_num_gt_1	0
speak_rate	0.01538
speak_rate_gtm	0
speak_rate_phones	0.01538
speak_rate_phones_gtm	0
speak_rate_syl	0.01538
speak_rate_syl_gtm	0
startframes	8
targetprompt	_goodbye
targetprompt_score	4.00000
top_slots	3_DateTime
total_num_parses	2
turn_number	4
turn_number_gt_0	1
turn_number_gt_1	1
turn_number_gtm	0
unconf_mark_confirm	0
unconf_mark_confirm_bool	0
unconf_mark_discomfirm	0
unconf_mark_discomfirm_bool	0
unconf_num	0
unconf_num_bool	0
unconf_num_gt_1	0
unconf_num_norm	0.00000
unconf_ratio	0.00000
unconf_ratio_gtm	0
uncov_num	0
uncov_num_bool	0
uncov_num_gt_1	0
uncov_num_norm	0.00000
uncov_ratio	0.00000
uncov_ratio_gtm	0
uttid	005
word_num	1
word_num_class	0
word_num_gt_1	0
word_num_gt_2	0
word_num_gt_4	0
word_num_norm	1.00000
words_per_slot	1.00000

[Hypothesis 2]
acoustic_gap_norm	42485.24609
acoustic_gap_norm_gtm	0
am_score	-11361093.00000
am_score_norm	-174786.04688
am_score_norm_gtm	1
answer_type	2
avg_sphinxwordconf	0.31907
avg_sphinxwordconf_gt_30	1
avg_validwordconf	0.91667
avg_validwordconf_gt_50	1
avg_wordconf	0.91667
avg_wordconf_gt_50	1
barge_in	0
clip_info_1	0.00116
clip_info_10	1.00000
clip_info_2	0.00449
clip_info_3	0.00831
clip_info_4	0.01413
clip_info_5	0.02477
clip_info_6	0.04438
clip_info_7	0.07098
clip_info_8	0.11353
clip_info_9	0.18068
confidence	0.94294
confidence_gt_25	1
confidence_gt_50	1
confidence_gt_75	1
confidence_gtm	1
decoder_garble	0
decoder_score	-11743241.00000
decoder_score_norm	-180665.25000
decoder_score_norm_gtm	1
dialog_state	/LetsGoPublic/PerformTask/GetQuerySpecs/GetTravelTime/RequestTravelTime
dialog_state_1	req(time)
dialog_state_2	req(travel_time)
dialog_state_3	req(time)
dialog_state_4	req(non-bool)
dialog_state_4_inv	0
dialog_state_4_oreq	0
dialog_state_4_req(bool)	0
dialog_state_4_req(non-bool)	1
dialog_state_5	req
dialog_state_5_ec	0
dialog_state_5_inv	0
dialog_state_5_oreq	0
dialog_state_5_req	1
endframes	45
engine_name	female
first_level_matched	0
first_level_matched_gt_0	0
first_level_matched_gt_1	0
frag_and_gap_num	1
frag_and_gap_num_gt_1	0
frag_mode	p
frag_num	1
frag_num_gt_1	0
frag_ratio	1.00000
frag_ratio_gtm	1
frame_num	65
frame_num_gtm	0
gap_num	0
gap_num_bool	0
gap_num_gt_1	0
garble	clear
garble_clear	1
h_avg_am_score_norm	-173745.95313
h_avg_am_score_norm_gtm	1
h_avg_confidence	0.73406
h_avg_confidence_2	0.69196
h_avg_confidence_2_gt_25	1
h_avg_confidence_2_gt_50	1
h_avg_confidence_2_gt_75	0
h_avg_confidence_2_gtm	1
h_avg_confidence_gt_25	1
h_avg_confidence_gt_50	1
h_avg_confidence_gt_75	0
h_avg_confidence_gtm	1
h_avg_gap_num	0.22000
h_avg_gap_num_gtm	0
h_avg_lm_score_norm_1	-8929.51465
h_avg_lm_score_norm_1_gtm	1
h_avg_lm_score_norm_2	-375228.78125
h_avg_lm_score_norm_2_gtm	1
h_avg_slots_matched	1.00000
h_avg_slots_matched_gtm	0
h_avg_uncov_num	0.75000
h_avg_uncov_num_gtm	1
h_ratio_nonu	0.02833
hyp_index	1
hyp_num_parses	1
hypothesis	NOW 
ih_am_score_norm_diff_to_max	-174786.04688
ih_am_score_norm_diff_to_max_bool	1
ih_am_score_norm_diff_to_min	0.00000
ih_am_score_norm_diff_to_min_bool	0
ih_diff_lexical	1
ih_diff_lexical_one_word	1
ih_frag_ratio_diff_to_max	0.00000
ih_frag_ratio_diff_to_max_bool	0.00000
ih_frag_ratio_diff_to_min	1.00000
ih_frag_ratio_diff_to_min_bool	1.00000
ih_lm_score_norm_diff_to_max	-5879.20020
ih_lm_score_norm_diff_to_max_bool	1
ih_lm_score_norm_diff_to_min	0.00000
ih_lm_score_norm_diff_to_min_bool	0
last_level_matched	0
last_level_matched_gt_0	0
last_level_matched_gt_1	0
last_level_touched	0
last_level_touched_gt_0	0
last_level_touched_gt_1	0
last_turn_nonu	0
lm_score	-382148.00000
lm_score_norm_1	-5879.20020
lm_score_norm_1_gtm	1
lm_score_norm_2	-382148.00000
lm_score_norm_2_gtm	1
mark_confirm	0
mark_confirm_bool	0
mark_confirm_bool_barge_in	0
mark_discomfirm	0
mark_discomfirm_bool	0
mark_discomfirm_bool_barge_in	0
matched_in_focus	1
max_sphinxwordconf	0.31907
max_validwordconf	0.91667
max_wordconf	0.91667
min_sphinxwordconf	0.31907
min_validwordconf	0.91667
min_wordconf	0.91667
nbest_index	0
new_slots_num	1
new_slots_num_bool	1
no_parse	0
nonu	0
npow	21.00000
npow_gtm	1
num_parses_ratio	0.50000
num_prev_nonu	0
num_prev_nonu_gt_1	0
num_prev_nonu_gt_2	0
num_prev_not_nonu	4
num_prev_not_nonu_gt_1	1
num_prev_not_nonu_gt_2	1
num_prev_not_nonu_gt_5	0
parse_str	TimeInformation [3_DateTime] ( [day_time] ( [date_time] ( [time_range] ( [time_relative] ( [now] ( NOW ) ) ) ) ) )   
parser_garble	0
pow	82.00000
pow_gtm	1
pow_npow_diff	61.00000
pow_npow_diff_gtm	1
rep_slots_num	0
rep_slots_num_bool	0
slot_num	1
slot_num_gt_1	0
slot_num_gt_2	0
slots_blocked	0
slots_blocked_bool	0
slots_blocked_gt_1	0
slots_matched	1
slots_matched_bool	1
slots_matched_gt_1	0
slots_relevant_num	1
slots_relevant_num_bool	1
slots_relevant_num_gt_1	0
speak_rate	0.01538
speak_rate_gtm	0
speak_rate_phones	0.01538
speak_rate_phones_gtm	0
speak_rate_syl	0.01538
speak_rate_syl_gtm	0
startframes	8
targetprompt	_goodbye
targetprompt_score	4.00000
top_slots	3_DateTime
total_num_parses	2
turn_number	4
turn_number_gt_0	1
turn_number_gt_1	1
turn_number_gtm	0
unconf_mark_confirm	0
unconf_mark_confirm_bool	0
unconf_mark_discomfirm	0
unconf_mark_discomfirm_bool	0
unconf_num	0
unconf_num_bool	0
unconf_num_gt_1	0
unconf_num_norm	0.00000
unconf_ratio	0.00000
unconf_ratio_gtm	0
uncov_num	0
uncov_num_bool	0
uncov_num_gt_1	0
uncov_num_norm	0.00000
uncov_ratio	0.00000
uncov_ratio_gtm	0
uttid	005
word_num	1
word_num_class	0
word_num_gt_1	0
word_num_gt_2	0
word_num_gt_4	0
word_num_norm	1.00000
words_per_slot	1.00000

[Hypothesis 3]
acoustic_gap_norm	N/A
acoustic_gap_norm_gtm	N/A
am_score	N/A
am_score_norm	0.00000
am_score_norm_gtm	1
answer_type	3
avg_sphinxwordconf	0.00000
avg_sphinxwordconf_gt_30	0
avg_validwordconf	0.00000
avg_validwordconf_gt_50	0
avg_wordconf	0.00000
avg_wordconf_gt_50	0
barge_in	0
clip_info_1	0.00116
clip_info_10	1.00000
clip_info_2	0.00449
clip_info_3	0.00831
clip_info_4	0.01413
clip_info_5	0.02477
clip_info_6	0.04438
clip_info_7	0.07098
clip_info_8	0.11353
clip_info_9	0.18068
confidence	0.00000
confidence_gt_25	0
confidence_gt_50	0
confidence_gt_75	0
confidence_gtm	0
decoder_garble	N/A
decoder_score	N/A
decoder_score_norm	0.00017
decoder_score_norm_gtm	1
dialog_state	/LetsGoPublic/PerformTask/GetQuerySpecs/GetTravelTime/RequestTravelTime
dialog_state_1	req(time)
dialog_state_2	req(travel_time)
dialog_state_3	req(time)
dialog_state_4	req(non-bool)
dialog_state_4_inv	0
dialog_state_4_oreq	0
dialog_state_4_req(bool)	0
dialog_state_4_req(non-bool)	1
dialog_state_5	req
dialog_state_5_ec	0
dialog_state_5_inv	0
dialog_state_5_oreq	0
dialog_state_5_req	1
endframes	N/A
engine_name	dtmf
frag_and_gap_num	N/A
frag_and_gap_num_gt_1	N/A
frag_mode	N/A
frag_num	N/A
frag_num_gt_1	N/A
frag_ratio	N/A
frag_ratio_gtm	N/A
frame_num	6016
frame_num_gtm	1
gap_num	N/A
gap_num_bool	N/A
gap_num_gt_1	N/A
garble	N/A
garble_clear	N/A
h_avg_am_score_norm	-144614.95313
h_avg_am_score_norm_gtm	1
h_avg_confidence	0.57690
h_avg_confidence_2	0.50338
h_avg_confidence_2_gt_25	1
h_avg_confidence_2_gt_50	1
h_avg_confidence_2_gt_75	0
h_avg_confidence_2_gtm	0
h_avg_confidence_gt_25	1
h_avg_confidence_gt_50	1
h_avg_confidence_gt_75	0
h_avg_confidence_gtm	0
h_avg_gap_num	0.27333
h_avg_gap_num_gtm	0
h_avg_lm_score_norm_1	-7949.64844
h_avg_lm_score_norm_1_gtm	1
h_avg_lm_score_norm_2	-311537.46875
h_avg_lm_score_norm_2_gtm	1
h_avg_slots_matched	0.83333
h_avg_slots_matched_gtm	0
h_avg_uncov_num	0.83333
h_avg_uncov_num_gtm	1
h_ratio_nonu	0.19500
h_ratio_nonu_gt_25	0.00000
h_ratio_nonu_gt_50	0.00000
h_ratio_nonu_gt_75	0.00000
h_ratio_nonu_gtm	1.00000
hyp_index	2
hyp_num_parses	0
hypothesis	N/A
ih_am_score_norm_diff_to_max	0.00000
ih_am_score_norm_diff_to_max_bool	0
ih_am_score_norm_diff_to_min	174786.04688
ih_am_score_norm_diff_to_min_bool	1
ih_diff_lexical	1
ih_diff_lexical_one_word	1
ih_frag_ratio_diff_to_max	-1.00000
ih_frag_ratio_diff_to_max_bool	1.00000
ih_frag_ratio_diff_to_min	0.00000
ih_frag_ratio_diff_to_min_bool	0.00000
ih_lm_score_norm_diff_to_max	0.00000
ih_lm_score_norm_diff_to_max_bool	0
ih_lm_score_norm_diff_to_min	5879.20020
ih_lm_score_norm_diff_to_min_bool	1
last_turn_nonu	0
lm_score	N/A
lm_score_norm_1	0.00000
lm_score_norm_1_gtm	1
lm_score_norm_2	0.00000
lm_score_norm_2_gtm	1
mark_confirm	0
mark_confirm_bool	0
mark_confirm_bool_barge_in	0
mark_discomfirm	0
mark_discomfirm_bool	0
mark_discomfirm_bool_barge_in	0
max_sphinxwordconf	0.00000
max_validwordconf	0.00000
max_wordconf	0.00000
min_sphinxwordconf	0.00000
min_validwordconf	0.00000
min_wordconf	0.00000
nbest_index	0
new_slots_num	0
new_slots_num_bool	0
no_parse	1
nonu	1
npow	21.00000
npow_gtm	1
num_parses_ratio	N/A
num_prev_nonu	0
num_prev_nonu_gt_1	0
num_prev_nonu_gt_2	0
num_prev_not_nonu	4
num_prev_not_nonu_gt_1	1
num_prev_not_nonu_gt_2	1
num_prev_not_nonu_gt_5	0
parse_str	N/A
parser_garble	N/A
pow	82.00000
pow_gtm	1
pow_npow_diff	61.00000
pow_npow_diff_gtm	1
rep_slots_num	N/A
rep_slots_num_bool	N/A
slot_num	0
slot_num_gt_1	0
slot_num_gt_2	0
slots_blocked	N/A
slots_blocked_bool	N/A
slots_blocked_gt_1	N/A
slots_matched	N/A
slots_matched_bool	N/A
slots_matched_gt_1	N/A
slots_relevant_num	N/A
slots_relevant_num_bool	N/A
slots_relevant_num_gt_1	N/A
speak_rate	0.00017
speak_rate_gtm	0
speak_rate_phones	0.00017
speak_rate_phones_gtm	0
speak_rate_syl	0.00017
speak_rate_syl_gtm	0
startframes	N/A
targetprompt	_goodbye
targetprompt_score	4.00000
top_slots	N/A
total_num_parses	2
turn_number	4
turn_number_gt_0	1
turn_number_gt_1	1
turn_number_gtm	0
unconf_mark_confirm	0
unconf_mark_confirm_bool	0
unconf_mark_discomfirm	0
unconf_mark_discomfirm_bool	0
unconf_num	0
unconf_num_bool	0
unconf_num_gt_1	0
unconf_num_norm	0.00000
unconf_ratio	0.00000
unconf_ratio_gtm	0
uncov_num	N/A
uncov_num_bool	N/A
uncov_num_gt_1	N/A
uncov_num_norm	N/A
uncov_ratio	N/A
uncov_ratio_gtm	N/A
uttid	005
word_num	1
word_num_class	0
word_num_gt_1	0
word_num_gt_2	0
word_num_gt_4	0
word_num_norm	1.00000
words_per_slot	N/A


>>Turn 5: Selected hypothesis 1 of 3.
[Hypothesis 1]
acoustic_gap_norm	36625.58984
acoustic_gap_norm_gtm	0
am_score	-9026689.00000
am_score_norm	-176993.90625
am_score_norm_gtm	1
answer_type	0
avg_sphinxwordconf	0.28594
avg_sphinxwordconf_gt_30	0
avg_validwordconf	0.91667
avg_validwordconf_gt_50	1
avg_wordconf	0.91667
avg_wordconf_gt_50	1
barge_in	0
clip_info_1	0.00021
clip_info_10	1.00000
clip_info_2	0.00082
clip_info_3	0.00226
clip_info_4	0.00679
clip_info_5	0.01131
clip_info_6	0.01830
clip_info_7	0.03207
clip_info_8	0.05551
clip_info_9	0.09416
confidence	0.94527
confidence_gt_25	1
confidence_gt_50	1
confidence_gt_75	1
confidence_gtm	1
decoder_garble	0
decoder_score	-9222713.00000
decoder_score_norm	-180837.51563
decoder_score_norm_gtm	1
dialog_state	/_ExplicitConfirm[/LetsGoPublic/PerformTask/query.travel_time.time]
dialog_state_1	ec(time)
dialog_state_2	req(travel_time)
dialog_state_3	ec
dialog_state_4	req(bool)
dialog_state_4_inv	0
dialog_state_4_oreq	0
dialog_state_4_req(bool)	1
dialog_state_4_req(non-bool)	0
dialog_state_5	ec
dialog_state_5_ec	1
dialog_state_5_inv	0
dialog_state_5_oreq	0
dialog_state_5_req	0
endframes	46
engine_name	male
first_level_matched	0
first_level_matched_gt_0	0
first_level_matched_gt_1	0
frag_and_gap_num	1
frag_and_gap_num_gt_1	0
frag_mode	p
frag_num	1
frag_num_gt_1	0
frag_ratio	1.00000
frag_ratio_gtm	1
frame_num	51
frame_num_gtm	0
gap_num	0
gap_num_bool	0
gap_num_gt_1	0
garble	clear
garble_clear	1
h_avg_am_score_norm	-174080.64063
h_avg_am_score_norm_gtm	1
h_avg_confidence	0.76423
h_avg_confidence_2	0.73444
h_avg_confidence_2_gt_25	1
h_avg_confidence_2_gt_50	1
h_avg_confidence_2_gt_75	0
h_avg_confidence_2_gtm	1
h_avg_confidence_gt_25	1
h_avg_confidence_gt_50	1
h_avg_confidence_gt_75	1
h_avg_confidence_gtm	1
h_avg_gap_num	0.18857
h_avg_gap_num_gtm	0
h_avg_lm_score_norm_1	-8202.95605
h_avg_lm_score_norm_1_gtm	1
h_avg_lm_score_norm_2	-349628.09375
h_avg_lm_score_norm_2_gtm	1
h_avg_slots_matched	1.00000
h_avg_slots_matched_gtm	0
h_avg_uncov_num	0.64286
h_avg_uncov_num_gtm	1
h_ratio_nonu	0.02429
hyp_index	0
hyp_num_parses	1
hypothesis	YES 
ih_am_score_norm_diff_to_max	-176993.90625
ih_am_score_norm_diff_to_max_bool	1
ih_am_score_norm_diff_to_min	14193.79688
ih_am_score_norm_diff_to_min_bool	1
ih_diff_lexical	1
ih_diff_lexical_one_word	1
ih_frag_ratio_diff_to_max	0.00000
ih_frag_ratio_diff_to_max_bool	0.00000
ih_frag_ratio_diff_to_min	1.00000
ih_frag_ratio_diff_to_min_bool	1.00000
ih_lm_score_norm_diff_to_max	-3843.60791
ih_lm_score_norm_diff_to_max_bool	1
ih_lm_score_norm_diff_to_min	0.00000
ih_lm_score_norm_diff_to_min_bool	0
last_level_matched	0
last_level_matched_gt_0	0
last_level_matched_gt_1	0
last_level_touched	0
last_level_touched_gt_0	0
last_level_touched_gt_1	0
last_turn_nonu	0
lm_score	-196024.00000
lm_score_norm_1	-3843.60791
lm_score_norm_1_gtm	1
lm_score_norm_2	-196024.00000
lm_score_norm_2_gtm	1
mark_confirm	1
mark_confirm_bool	1
mark_confirm_bool_barge_in	0
mark_discomfirm	0
mark_discomfirm_bool	0
mark_discomfirm_bool_barge_in	0
matched_in_focus	1
max_sphinxwordconf	0.28594
max_validwordconf	0.91667
max_wordconf	0.91667
min_sphinxwordconf	0.28594
min_validwordconf	0.91667
min_wordconf	0.91667
nbest_index	0
new_slots_num	1
new_slots_num_bool	1
no_parse	0
nonu	0
npow	17.00000
npow_gtm	1
num_parses_ratio	0.50000
num_prev_nonu	0
num_prev_nonu_gt_1	0
num_prev_nonu_gt_2	0
num_prev_not_nonu	5
num_prev_not_nonu_gt_1	1
num_prev_not_nonu_gt_2	1
num_prev_not_nonu_gt_5	0
parse_str	Generic [Generic] ( [Yes] ( YES ) )   
parser_garble	0
pow	82.00000
pow_gtm	1
pow_npow_diff	65.00000
pow_npow_diff_gtm	1
rep_slots_num	0
rep_slots_num_bool	0
slot_num	1
slot_num_gt_1	0
slot_num_gt_2	0
slots_blocked	0
slots_blocked_bool	0
slots_blocked_gt_1	0
slots_matched	1
slots_matched_bool	1
slots_matched_gt_1	0
slots_relevant_num	1
slots_relevant_num_bool	1
slots_relevant_num_gt_1	0
speak_rate	0.01961
speak_rate_gtm	1
speak_rate_phones	0.05882
speak_rate_phones_gtm	0
speak_rate_syl	0.01961
speak_rate_syl_gtm	0
startframes	18
targetprompt	yes
targetprompt_score	0.00000
top_slots	Generic
total_num_parses	2
turn_number	5
turn_number_gt_0	1
turn_number_gt_1	1
turn_number_gtm	0
unconf_mark_confirm	0
unconf_mark_confirm_bool	0
unconf_mark_discomfirm	0
unconf_mark_discomfirm_bool	0
unconf_num	0
unconf_num_bool	0
unconf_num_gt_1	0
unconf_num_norm	0.00000
unconf_ratio	0.00000
unconf_ratio_gtm	0
uncov_num	0
uncov_num_bool	0
uncov_num_gt_1	0
uncov_num_norm	0.00000
uncov_ratio	0.00000
uncov_ratio_gtm	0
uttid	006
word_num	1
word_num_class	0
word_num_gt_1	0
word_num_gt_2	0
word_num_gt_4	0
word_num_norm	1.00000
words_per_slot	1.00000

[Hypothesis 2]
acoustic_gap_norm	43791.94141
acoustic_gap_norm_gtm	0
am_score	-9750573.00000
am_score_norm	-191187.70313
am_score_norm_gtm	1
answer_type	0
avg_sphinxwordconf	0.15168
avg_sphinxwordconf_gt_30	0
avg_validwordconf	0.91667
avg_validwordconf_gt_50	1
avg_wordconf	0.91667
avg_wordconf_gt_50	1
barge_in	0
clip_info_1	0.00021
clip_info_10	1.00000
clip_info_2	0.00082
clip_info_3	0.00226
clip_info_4	0.00679
clip_info_5	0.01131
clip_info_6	0.01830
clip_info_7	0.03207
clip_info_8	0.05551
clip_info_9	0.09416
confidence	0.94527
confidence_gt_25	1
confidence_gt_50	1
confidence_gt_75	1
confidence_gtm	1
decoder_garble	0
decoder_score	-9946597.00000
decoder_score_norm	-195031.31250
decoder_score_norm_gtm	1
dialog_state	/_ExplicitConfirm[/LetsGoPublic/PerformTask/query.travel_time.time]
dialog_state_1	ec(time)
dialog_state_2	req(travel_time)
dialog_state_3	ec
dialog_state_4	req(bool)
dialog_state_4_inv	0
dialog_state_4_oreq	0
dialog_state_4_req(bool)	1
dialog_state_4_req(non-bool)	0
dialog_state_5	ec
dialog_state_5_ec	1
dialog_state_5_inv	0
dialog_state_5_oreq	0
dialog_state_5_req	0
endframes	46
engine_name	female
first_level_matched	0
first_level_matched_gt_0	0
first_level_matched_gt_1	0
frag_and_gap_num	1
frag_and_gap_num_gt_1	0
frag_mode	p
frag_num	1
frag_num_gt_1	0
frag_ratio	1.00000
frag_ratio_gtm	1
frame_num	51
frame_num_gtm	0
gap_num	0
gap_num_bool	0
gap_num_gt_1	0
garble	clear
garble_clear	1
h_avg_am_score_norm	-176108.32813
h_avg_am_score_norm_gtm	1
h_avg_confidence	0.76423
h_avg_confidence_2	0.73444
h_avg_confidence_2_gt_25	1
h_avg_confidence_2_gt_50	1
h_avg_confidence_2_gt_75	0
h_avg_confidence_2_gtm	1
h_avg_confidence_gt_25	1
h_avg_confidence_gt_50	1
h_avg_confidence_gt_75	1
h_avg_confidence_gtm	1
h_avg_gap_num	0.18857
h_avg_gap_num_gtm	0
h_avg_lm_score_norm_1	-8202.95605
h_avg_lm_score_norm_1_gtm	1
h_avg_lm_score_norm_2	-349628.09375
h_avg_lm_score_norm_2_gtm	1
h_avg_slots_matched	1.00000
h_avg_slots_matched_gtm	0
h_avg_uncov_num	0.64286
h_avg_uncov_num_gtm	1
h_ratio_nonu	0.02429
hyp_index	1
hyp_num_parses	1
hypothesis	YES 
ih_am_score_norm_diff_to_max	-191187.70313
ih_am_score_norm_diff_to_max_bool	1
ih_am_score_norm_diff_to_min	0.00000
ih_am_score_norm_diff_to_min_bool	0
ih_diff_lexical	1
ih_diff_lexical_one_word	1
ih_frag_ratio_diff_to_max	0.00000
ih_frag_ratio_diff_to_max_bool	0.00000
ih_frag_ratio_diff_to_min	1.00000
ih_frag_ratio_diff_to_min_bool	1.00000
ih_lm_score_norm_diff_to_max	-3843.60791
ih_lm_score_norm_diff_to_max_bool	1
ih_lm_score_norm_diff_to_min	0.00000
ih_lm_score_norm_diff_to_min_bool	0
last_level_matched	0
last_level_matched_gt_0	0
last_level_matched_gt_1	0
last_level_touched	0
last_level_touched_gt_0	0
last_level_touched_gt_1	0
last_turn_nonu	0
lm_score	-196024.00000
lm_score_norm_1	-3843.60791
lm_score_norm_1_gtm	1
lm_score_norm_2	-196024.00000
lm_score_norm_2_gtm	1
mark_confirm	1
mark_confirm_bool	1
mark_confirm_bool_barge_in	0
mark_discomfirm	0
mark_discomfirm_bool	0
mark_discomfirm_bool_barge_in	0
matched_in_focus	1
max_sphinxwordconf	0.15168
max_validwordconf	0.91667
max_wordconf	0.91667
min_sphinxwordconf	0.15168
min_validwordconf	0.91667
min_wordconf	0.91667
nbest_index	0
new_slots_num	1
new_slots_num_bool	1
no_parse	0
nonu	0
npow	17.00000
npow_gtm	1
num_parses_ratio	0.50000
num_prev_nonu	0
num_prev_nonu_gt_1	0
num_prev_nonu_gt_2	0
num_prev_not_nonu	5
num_prev_not_nonu_gt_1	1
num_prev_not_nonu_gt_2	1
num_prev_not_nonu_gt_5	0
parse_str	Generic [Generic] ( [Yes] ( YES ) )   
parser_garble	0
pow	82.00000
pow_gtm	1
pow_npow_diff	65.00000
pow_npow_diff_gtm	1
rep_slots_num	0
rep_slots_num_bool	0
slot_num	1
slot_num_gt_1	0
slot_num_gt_2	0
slots_blocked	0
slots_blocked_bool	0
slots_blocked_gt_1	0
slots_matched	1
slots_matched_bool	1
slots_matched_gt_1	0
slots_relevant_num	1
slots_relevant_num_bool	1
slots_relevant_num_gt_1	0
speak_rate	0.01961
speak_rate_gtm	1
speak_rate_phones	0.05882
speak_rate_phones_gtm	0
speak_rate_syl	0.01961
speak_rate_syl_gtm	0
startframes	18
targetprompt	yes
targetprompt_score	0.00000
top_slots	Generic
total_num_parses	2
turn_number	5
turn_number_gt_0	1
turn_number_gt_1	1
turn_number_gtm	0
unconf_mark_confirm	0
unconf_mark_confirm_bool	0
unconf_mark_discomfirm	0
unconf_mark_discomfirm_bool	0
unconf_num	0
unconf_num_bool	0
unconf_num_gt_1	0
unconf_num_norm	0.00000
unconf_ratio	0.00000
unconf_ratio_gtm	0
uncov_num	0
uncov_num_bool	0
uncov_num_gt_1	0
uncov_num_norm	0.00000
uncov_ratio	0.00000
uncov_ratio_gtm	0
uttid	006
word_num	1
word_num_class	0
word_num_gt_1	0
word_num_gt_2	0
word_num_gt_4	0
word_num_norm	1.00000
words_per_slot	1.00000

[Hypothesis 3]
acoustic_gap_norm	N/A
acoustic_gap_norm_gtm	N/A
am_score	N/A
am_score_norm	0.00000
am_score_norm_gtm	1
answer_type	3
avg_sphinxwordconf	0.00000
avg_sphinxwordconf_gt_30	0
avg_validwordconf	0.00000
avg_validwordconf_gt_50	0
avg_wordconf	0.00000
avg_wordconf_gt_50	0
barge_in	0
clip_info_1	0.00021
clip_info_10	1.00000
clip_info_2	0.00082
clip_info_3	0.00226
clip_info_4	0.00679
clip_info_5	0.01131
clip_info_6	0.01830
clip_info_7	0.03207
clip_info_8	0.05551
clip_info_9	0.09416
confidence	0.00000
confidence_gt_25	0
confidence_gt_50	0
confidence_gt_75	0
confidence_gtm	0
decoder_garble	N/A
decoder_score	N/A
decoder_score_norm	0.00021
decoder_score_norm_gtm	1
dialog_state	/_ExplicitConfirm[/LetsGoPublic/PerformTask/query.travel_time.time]
dialog_state_1	ec(time)
dialog_state_2	req(travel_time)
dialog_state_3	ec
dialog_state_4	req(bool)
dialog_state_4_inv	0
dialog_state_4_oreq	0
dialog_state_4_req(bool)	1
dialog_state_4_req(non-bool)	0
dialog_state_5	ec
dialog_state_5_ec	1
dialog_state_5_inv	0
dialog_state_5_oreq	0
dialog_state_5_req	0
endframes	N/A
engine_name	dtmf
frag_and_gap_num	N/A
frag_and_gap_num_gt_1	N/A
frag_mode	N/A
frag_num	N/A
frag_num_gt_1	N/A
frag_ratio	N/A
frag_ratio_gtm	N/A
frame_num	4864
frame_num_gtm	1
gap_num	N/A
gap_num_bool	N/A
gap_num_gt_1	N/A
garble	N/A
garble_clear	N/A
h_avg_am_score_norm	-148795.79688
h_avg_am_score_norm_gtm	1
h_avg_confidence	0.62919
h_avg_confidence_2	0.57690
h_avg_confidence_2_gt_25	1
h_avg_confidence_2_gt_50	1
h_avg_confidence_2_gt_75	0
h_avg_confidence_2_gtm	0
h_avg_confidence_gt_25	1
h_avg_confidence_gt_50	1
h_avg_confidence_gt_75	0
h_avg_confidence_gtm	0
h_avg_gap_num	0.23429
h_avg_gap_num_gtm	0
h_avg_lm_score_norm_1	-7653.87012
h_avg_lm_score_norm_1_gtm	1
h_avg_lm_score_norm_2	-321624.68750
h_avg_lm_score_norm_2_gtm	1
h_avg_slots_matched	0.85714
h_avg_slots_matched_gtm	0
h_avg_uncov_num	0.71429
h_avg_uncov_num_gtm	1
h_ratio_nonu	0.16714
h_ratio_nonu_gt_25	0.00000
h_ratio_nonu_gt_50	0.00000
h_ratio_nonu_gt_75	0.00000
h_ratio_nonu_gtm	0.00000
hyp_index	2
hyp_num_parses	0
hypothesis	N/A
ih_am_score_norm_diff_to_max	0.00000
ih_am_score_norm_diff_to_max_bool	0
ih_am_score_norm_diff_to_min	191187.70313
ih_am_score_norm_diff_to_min_bool	1
ih_diff_lexical	1
ih_diff_lexical_one_word	1
ih_frag_ratio_diff_to_max	-1.00000
ih_frag_ratio_diff_to_max_bool	1.00000
ih_frag_ratio_diff_to_min	0.00000
ih_frag_ratio_diff_to_min_bool	0.00000
ih_lm_score_norm_diff_to_max	0.00000
ih_lm_score_norm_diff_to_max_bool	0
ih_lm_score_norm_diff_to_min	3843.60791
ih_lm_score_norm_diff_to_min_bool	1
last_turn_nonu	0
lm_score	N/A
lm_score_norm_1	0.00000
lm_score_norm_1_gtm	1
lm_score_norm_2	0.00000
lm_score_norm_2_gtm	1
mark_confirm	0
mark_confirm_bool	0
mark_confirm_bool_barge_in	0
mark_discomfirm	0
mark_discomfirm_bool	0
mark_discomfirm_bool_barge_in	0
max_sphinxwordconf	0.00000
max_validwordconf	0.00000
max_wordconf	0.00000
min_sphinxwordconf	0.00000
min_validwordconf	0.00000
min_wordconf	0.00000
nbest_index	0
new_slots_num	0
new_slots_num_bool	0
no_parse	1
nonu	1
npow	17.00000
npow_gtm	1
num_parses_ratio	N/A
num_prev_nonu	0
num_prev_nonu_gt_1	0
num_prev_nonu_gt_2	0
num_prev_not_nonu	5
num_prev_not_nonu_gt_1	1
num_prev_not_nonu_gt_2	1
num_prev_not_nonu_gt_5	0
parse_str	N/A
parser_garble	N/A
pow	82.00000
pow_gtm	1
pow_npow_diff	65.00000
pow_npow_diff_gtm	1
rep_slots_num	N/A
rep_slots_num_bool	N/A
slot_num	0
slot_num_gt_1	0
slot_num_gt_2	0
slots_blocked	N/A
slots_blocked_bool	N/A
slots_blocked_gt_1	N/A
slots_matched	N/A
slots_matched_bool	N/A
slots_matched_gt_1	N/A
slots_relevant_num	N/A
slots_relevant_num_bool	N/A
slots_relevant_num_gt_1	N/A
speak_rate	0.00021
speak_rate_gtm	0
speak_rate_phones	0.00021
speak_rate_phones_gtm	0
speak_rate_syl	0.00021
speak_rate_syl_gtm	0
startframes	N/A
targetprompt	_goodbye
targetprompt_score	4.00000
top_slots	N/A
total_num_parses	2
turn_number	5
turn_number_gt_0	1
turn_number_gt_1	1
turn_number_gtm	0
unconf_mark_confirm	0
unconf_mark_confirm_bool	0
unconf_mark_discomfirm	0
unconf_mark_discomfirm_bool	0
unconf_num	0
unconf_num_bool	0
unconf_num_gt_1	0
unconf_num_norm	0.00000
unconf_ratio	0.00000
unconf_ratio_gtm	0
uncov_num	N/A
uncov_num_bool	N/A
uncov_num_gt_1	N/A
uncov_num_norm	N/A
uncov_ratio	N/A
uncov_ratio_gtm	N/A
uttid	006
word_num	1
word_num_class	0
word_num_gt_1	0
word_num_gt_2	0
word_num_gt_4	0
word_num_norm	1.00000
words_per_slot	N/A


