[STD@22:33:03.637] Adding buffer 0 to pool
[STD@22:33:03.638] Adding buffer 1 to pool
[STD@22:33:03.639] Adding buffer 2 to pool
[STD@22:33:03.639] Adding buffer 3 to pool
[STD@22:33:03.640] Adding buffer 4 to pool
[STD@22:33:03.640] Adding buffer 5 to pool
[STD@22:33:03.640] Adding buffer 6 to pool
[STD@22:33:03.640] Adding buffer 7 to pool
[STD@22:33:03.641] Adding buffer 8 to pool
[STD@22:33:03.641] Adding buffer 9 to pool
[STD@22:33:03.641] Adding buffer 10 to pool
[STD@22:33:03.642] Adding buffer 11 to pool
[STD@22:33:03.642] Adding buffer 12 to pool
[STD@22:33:03.643] Adding buffer 13 to pool
[STD@22:33:03.644] Adding buffer 14 to pool
[STD@22:33:03.645] Adding buffer 15 to pool
[STD@22:33:03.645] Opening audio file ..\..\logs\LetsGoPublic\20061122\022\LetsGoPublic-20061122-022-input_and_output.raw for output
[STD@22:33:03.665] Starting device
[DBG@22:33:03.945] Saving buffer 0.
[DBG@22:33:03.946] Saved 4096 bytes from buffer to file.
[DBG@22:33:03.946] Added buffer back to pool.
[DBG@22:33:04.186] Saving buffer 1.
[DBG@22:33:04.186] Saved 4096 bytes from buffer to file.
[DBG@22:33:04.207] Added buffer back to pool.
[DBG@22:33:04.436] Saving buffer 2.
[DBG@22:33:04.436] Saved 4096 bytes from buffer to file.
[DBG@22:33:04.436] Added buffer back to pool.
[DBG@22:33:04.696] Saving buffer 3.
[DBG@22:33:04.696] Saved 4096 bytes from buffer to file.
[DBG@22:33:04.696] Added buffer back to pool.
[DBG@22:33:04.946] Saving buffer 4.
[DBG@22:33:04.946] Saved 4096 bytes from buffer to file.
[DBG@22:33:04.956] Added buffer back to pool.
[DBG@22:33:05.206] Saving buffer 5.
[DBG@22:33:05.206] Saved 4096 bytes from buffer to file.
[DBG@22:33:05.222] Added buffer back to pool.
[DBG@22:33:05.466] Saving buffer 6.
[DBG@22:33:05.466] Saved 4096 bytes from buffer to file.
[DBG@22:33:05.466] Added buffer back to pool.
[DBG@22:33:05.716] Saving buffer 7.
[DBG@22:33:05.716] Saved 4096 bytes from buffer to file.
[DBG@22:33:05.716] Added buffer back to pool.
[DBG@22:33:05.976] Saving buffer 8.
[DBG@22:33:05.976] Saved 4096 bytes from buffer to file.
[DBG@22:33:05.976] Added buffer back to pool.
[DBG@22:33:06.226] Saving buffer 9.
[DBG@22:33:06.226] Saved 4096 bytes from buffer to file.
[DBG@22:33:06.226] Added buffer back to pool.
[DBG@22:33:06.486] Saving buffer 10.
[DBG@22:33:06.486] Saved 4096 bytes from buffer to file.
[DBG@22:33:06.486] Added buffer back to pool.
[DBG@22:33:06.746] Saving buffer 11.
[DBG@22:33:06.746] Saved 4096 bytes from buffer to file.
[DBG@22:33:06.746] Added buffer back to pool.
[DBG@22:33:06.996] Saving buffer 12.
[DBG@22:33:06.996] Saved 4096 bytes from buffer to file.
[DBG@22:33:06.996] Added buffer back to pool.
[DBG@22:33:07.256] Saving buffer 13.
[DBG@22:33:07.256] Saved 4096 bytes from buffer to file.
[DBG@22:33:07.256] Added buffer back to pool.
[DBG@22:33:07.506] Saving buffer 14.
[DBG@22:33:07.506] Saved 4096 bytes from buffer to file.
[DBG@22:33:07.506] Added buffer back to pool.
[DBG@22:33:07.766] Saving buffer 15.
[DBG@22:33:07.766] Saved 4096 bytes from buffer to file.
[DBG@22:33:07.766] Added buffer back to pool.
[DBG@22:33:08.026] Saving buffer 0.
[DBG@22:33:08.027] Saved 4096 bytes from buffer to file.
[DBG@22:33:08.027] Added buffer back to pool.
[DBG@22:33:08.276] Saving buffer 1.
[DBG@22:33:08.276] Saved 4096 bytes from buffer to file.
[DBG@22:33:08.276] Added buffer back to pool.
[DBG@22:33:08.536] Saving buffer 2.
[DBG@22:33:08.536] Saved 4096 bytes from buffer to file.
[DBG@22:33:08.536] Added buffer back to pool.
[DBG@22:33:08.786] Saving buffer 3.
[DBG@22:33:08.786] Saved 4096 bytes from buffer to file.
[DBG@22:33:08.786] Added buffer back to pool.
[DBG@22:33:09.046] Saving buffer 4.
[DBG@22:33:09.046] Saved 4096 bytes from buffer to file.
[DBG@22:33:09.046] Added buffer back to pool.
[DBG@22:33:09.306] Saving buffer 5.
[DBG@22:33:09.306] Saved 4096 bytes from buffer to file.
[DBG@22:33:09.306] Added buffer back to pool.
[DBG@22:33:09.556] Saving buffer 6.
[DBG@22:33:09.556] Saved 4096 bytes from buffer to file.
[DBG@22:33:09.557] Added buffer back to pool.
[DBG@22:33:09.816] Saving buffer 7.
[DBG@22:33:09.816] Saved 4096 bytes from buffer to file.
[DBG@22:33:09.816] Added buffer back to pool.
[DBG@22:33:10.066] Saving buffer 8.
[DBG@22:33:10.066] Saved 4096 bytes from buffer to file.
[DBG@22:33:10.066] Added buffer back to pool.
[DBG@22:33:10.326] Saving buffer 9.
[DBG@22:33:10.326] Saved 4096 bytes from buffer to file.
[DBG@22:33:10.326] Added buffer back to pool.
[DBG@22:33:10.586] Saving buffer 10.
[DBG@22:33:10.586] Saved 4096 bytes from buffer to file.
[DBG@22:33:10.586] Added buffer back to pool.
[DBG@22:33:10.836] Saving buffer 11.
[DBG@22:33:10.836] Saved 4096 bytes from buffer to file.
[DBG@22:33:10.836] Added buffer back to pool.
[DBG@22:33:11.096] Saving buffer 12.
[DBG@22:33:11.096] Saved 4096 bytes from buffer to file.
[DBG@22:33:11.096] Added buffer back to pool.
[DBG@22:33:11.346] Saving buffer 13.
[DBG@22:33:11.346] Saved 4096 bytes from buffer to file.
[DBG@22:33:11.346] Added buffer back to pool.
[DBG@22:33:11.606] Saving buffer 14.
[DBG@22:33:11.606] Saved 4096 bytes from buffer to file.
[DBG@22:33:11.606] Added buffer back to pool.
[DBG@22:33:11.866] Saving buffer 15.
[DBG@22:33:11.866] Saved 4096 bytes from buffer to file.
[DBG@22:33:11.866] Added buffer back to pool.
[DBG@22:33:12.116] Saving buffer 0.
[DBG@22:33:12.116] Saved 4096 bytes from buffer to file.
[DBG@22:33:12.116] Added buffer back to pool.
[DBG@22:33:12.376] Saving buffer 1.
[DBG@22:33:12.376] Saved 4096 bytes from buffer to file.
[DBG@22:33:12.376] Added buffer back to pool.
[DBG@22:33:12.626] Saving buffer 2.
[DBG@22:33:12.626] Saved 4096 bytes from buffer to file.
[DBG@22:33:12.626] Added buffer back to pool.
[DBG@22:33:12.886] Saving buffer 3.
[DBG@22:33:12.886] Saved 4096 bytes from buffer to file.
[DBG@22:33:12.886] Added buffer back to pool.
[DBG@22:33:13.146] Saving buffer 4.
[DBG@22:33:13.146] Saved 4096 bytes from buffer to file.
[DBG@22:33:13.146] Added buffer back to pool.
[DBG@22:33:13.396] Saving buffer 5.
[DBG@22:33:13.396] Saved 4096 bytes from buffer to file.
[DBG@22:33:13.396] Added buffer back to pool.
[DBG@22:33:13.656] Saving buffer 6.
[DBG@22:33:13.656] Saved 4096 bytes from buffer to file.
[DBG@22:33:13.656] Added buffer back to pool.
[DBG@22:33:13.906] Saving buffer 7.
[DBG@22:33:13.906] Saved 4096 bytes from buffer to file.
[DBG@22:33:13.906] Added buffer back to pool.
[DBG@22:33:14.166] Saving buffer 8.
[DBG@22:33:14.166] Saved 4096 bytes from buffer to file.
[DBG@22:33:14.166] Added buffer back to pool.
[DBG@22:33:14.426] Saving buffer 9.
[DBG@22:33:14.426] Saved 4096 bytes from buffer to file.
[DBG@22:33:14.426] Added buffer back to pool.
[DBG@22:33:14.676] Saving buffer 10.
[DBG@22:33:14.676] Saved 4096 bytes from buffer to file.
[DBG@22:33:14.676] Added buffer back to pool.
[DBG@22:33:14.936] Saving buffer 11.
[DBG@22:33:14.936] Saved 4096 bytes from buffer to file.
[DBG@22:33:14.936] Added buffer back to pool.
[DBG@22:33:15.186] Saving buffer 12.
[DBG@22:33:15.186] Saved 4096 bytes from buffer to file.
[DBG@22:33:15.186] Added buffer back to pool.
[DBG@22:33:15.446] Saving buffer 13.
[DBG@22:33:15.446] Saved 4096 bytes from buffer to file.
[DBG@22:33:15.446] Added buffer back to pool.
[DBG@22:33:15.706] Saving buffer 14.
[DBG@22:33:15.706] Saved 4096 bytes from buffer to file.
[DBG@22:33:15.706] Added buffer back to pool.
[DBG@22:33:15.956] Saving buffer 15.
[DBG@22:33:15.956] Saved 4096 bytes from buffer to file.
[DBG@22:33:15.956] Added buffer back to pool.
[DBG@22:33:16.216] Saving buffer 0.
[DBG@22:33:16.216] Saved 4096 bytes from buffer to file.
[DBG@22:33:16.217] Added buffer back to pool.
[DBG@22:33:16.466] Saving buffer 1.
[DBG@22:33:16.466] Saved 4096 bytes from buffer to file.
[DBG@22:33:16.466] Added buffer back to pool.
[DBG@22:33:16.726] Saving buffer 2.
[DBG@22:33:16.726] Saved 4096 bytes from buffer to file.
[DBG@22:33:16.726] Added buffer back to pool.
[DBG@22:33:16.986] Saving buffer 3.
[DBG@22:33:16.986] Saved 4096 bytes from buffer to file.
[DBG@22:33:16.986] Added buffer back to pool.
[DBG@22:33:17.236] Saving buffer 4.
[DBG@22:33:17.236] Saved 4096 bytes from buffer to file.
[DBG@22:33:17.236] Added buffer back to pool.
[DBG@22:33:17.496] Saving buffer 5.
[DBG@22:33:17.496] Saved 4096 bytes from buffer to file.
[DBG@22:33:17.496] Added buffer back to pool.
[DBG@22:33:17.746] Saving buffer 6.
[DBG@22:33:17.746] Saved 4096 bytes from buffer to file.
[DBG@22:33:17.746] Added buffer back to pool.
[DBG@22:33:18.006] Saving buffer 7.
[DBG@22:33:18.006] Saved 4096 bytes from buffer to file.
[DBG@22:33:18.006] Added buffer back to pool.
[DBG@22:33:18.265] Saving buffer 8.
[DBG@22:33:18.266] Saved 4096 bytes from buffer to file.
[DBG@22:33:18.266] Added buffer back to pool.
[DBG@22:33:18.515] Saving buffer 9.
[DBG@22:33:18.516] Saved 4096 bytes from buffer to file.
[DBG@22:33:18.516] Added buffer back to pool.
[DBG@22:33:18.775] Saving buffer 10.
[DBG@22:33:18.776] Saved 4096 bytes from buffer to file.
[DBG@22:33:18.776] Added buffer back to pool.
[DBG@22:33:19.025] Saving buffer 11.
[DBG@22:33:19.026] Saved 4096 bytes from buffer to file.
[DBG@22:33:19.026] Added buffer back to pool.
[DBG@22:33:19.285] Saving buffer 12.
[DBG@22:33:19.286] Saved 4096 bytes from buffer to file.
[DBG@22:33:19.286] Added buffer back to pool.
[DBG@22:33:19.545] Saving buffer 13.
[DBG@22:33:19.546] Saved 4096 bytes from buffer to file.
[DBG@22:33:19.546] Added buffer back to pool.
[DBG@22:33:19.796] Saving buffer 14.
[DBG@22:33:19.796] Saved 4096 bytes from buffer to file.
[DBG@22:33:19.796] Added buffer back to pool.
[DBG@22:33:20.055] Saving buffer 15.
[DBG@22:33:20.056] Saved 4096 bytes from buffer to file.
[DBG@22:33:20.056] Added buffer back to pool.
[DBG@22:33:20.306] Saving buffer 0.
[DBG@22:33:20.306] Saved 4096 bytes from buffer to file.
[DBG@22:33:20.306] Added buffer back to pool.
[DBG@22:33:20.565] Saving buffer 1.
[DBG@22:33:20.566] Saved 4096 bytes from buffer to file.
[DBG@22:33:20.566] Added buffer back to pool.
[DBG@22:33:20.825] Saving buffer 2.
[DBG@22:33:20.826] Saved 4096 bytes from buffer to file.
[DBG@22:33:20.839] Added buffer back to pool.
[DBG@22:33:21.075] Saving buffer 3.
[DBG@22:33:21.076] Saved 4096 bytes from buffer to file.
[DBG@22:33:21.076] Added buffer back to pool.
[DBG@22:33:21.335] Saving buffer 4.
[DBG@22:33:21.336] Saved 4096 bytes from buffer to file.
[DBG@22:33:21.336] Added buffer back to pool.
[DBG@22:33:21.585] Saving buffer 5.
[DBG@22:33:21.586] Saved 4096 bytes from buffer to file.
[DBG@22:33:21.586] Added buffer back to pool.
[DBG@22:33:21.845] Saving buffer 6.
[DBG@22:33:21.845] Saved 4096 bytes from buffer to file.
[DBG@22:33:21.846] Added buffer back to pool.
[DBG@22:33:22.105] Saving buffer 7.
[DBG@22:33:22.105] Saved 4096 bytes from buffer to file.
[DBG@22:33:22.106] Added buffer back to pool.
[DBG@22:33:22.355] Saving buffer 8.
[DBG@22:33:22.355] Saved 4096 bytes from buffer to file.
[DBG@22:33:22.356] Added buffer back to pool.
[DBG@22:33:22.615] Saving buffer 9.
[DBG@22:33:22.615] Saved 4096 bytes from buffer to file.
[DBG@22:33:22.616] Added buffer back to pool.
[DBG@22:33:22.865] Saving buffer 10.
[DBG@22:33:22.865] Saved 4096 bytes from buffer to file.
[DBG@22:33:22.866] Added buffer back to pool.
[DBG@22:33:23.125] Saving buffer 11.
[DBG@22:33:23.125] Saved 4096 bytes from buffer to file.
[DBG@22:33:23.126] Added buffer back to pool.
[DBG@22:33:23.385] Saving buffer 12.
[DBG@22:33:23.385] Saved 4096 bytes from buffer to file.
[DBG@22:33:23.386] Added buffer back to pool.
[DBG@22:33:23.635] Saving buffer 13.
[DBG@22:33:23.635] Saved 4096 bytes from buffer to file.
[DBG@22:33:23.636] Added buffer back to pool.
[DBG@22:33:23.895] Saving buffer 14.
[DBG@22:33:23.895] Saved 4096 bytes from buffer to file.
[DBG@22:33:23.896] Added buffer back to pool.
[DBG@22:33:24.145] Saving buffer 15.
[DBG@22:33:24.146] Saved 4096 bytes from buffer to file.
[DBG@22:33:24.146] Added buffer back to pool.
[DBG@22:33:24.405] Saving buffer 0.
[DBG@22:33:24.406] Saved 4096 bytes from buffer to file.
[DBG@22:33:24.406] Added buffer back to pool.
[DBG@22:33:24.665] Saving buffer 1.
[DBG@22:33:24.666] Saved 4096 bytes from buffer to file.
[DBG@22:33:24.666] Added buffer back to pool.
[DBG@22:33:24.915] Saving buffer 2.
[DBG@22:33:24.915] Saved 4096 bytes from buffer to file.
[DBG@22:33:24.915] Added buffer back to pool.
[DBG@22:33:25.175] Saving buffer 3.
[DBG@22:33:25.175] Saved 4096 bytes from buffer to file.
[DBG@22:33:25.176] Added buffer back to pool.
[DBG@22:33:25.425] Saving buffer 4.
[DBG@22:33:25.426] Saved 4096 bytes from buffer to file.
[DBG@22:33:25.426] Added buffer back to pool.
[DBG@22:33:25.685] Saving buffer 5.
[DBG@22:33:25.685] Saved 4096 bytes from buffer to file.
[DBG@22:33:25.685] Added buffer back to pool.
[DBG@22:33:25.945] Saving buffer 6.
[DBG@22:33:25.945] Saved 4096 bytes from buffer to file.
[DBG@22:33:25.945] Added buffer back to pool.
[DBG@22:33:26.195] Saving buffer 7.
[DBG@22:33:26.195] Saved 4096 bytes from buffer to file.
[DBG@22:33:26.195] Added buffer back to pool.
[DBG@22:33:26.455] Saving buffer 8.
[DBG@22:33:26.455] Saved 4096 bytes from buffer to file.
[DBG@22:33:26.456] Added buffer back to pool.
[DBG@22:33:26.705] Saving buffer 9.
[DBG@22:33:26.705] Saved 4096 bytes from buffer to file.
[DBG@22:33:26.705] Added buffer back to pool.
[DBG@22:33:26.965] Saving buffer 10.
[DBG@22:33:26.965] Saved 4096 bytes from buffer to file.
[DBG@22:33:26.965] Added buffer back to pool.
[DBG@22:33:27.225] Saving buffer 11.
[DBG@22:33:27.225] Saved 4096 bytes from buffer to file.
[DBG@22:33:27.225] Added buffer back to pool.
[DBG@22:33:27.475] Saving buffer 12.
[DBG@22:33:27.475] Saved 4096 bytes from buffer to file.
[DBG@22:33:27.475] Added buffer back to pool.
[DBG@22:33:27.735] Saving buffer 13.
[DBG@22:33:27.735] Saved 4096 bytes from buffer to file.
[DBG@22:33:27.735] Added buffer back to pool.
[DBG@22:33:27.985] Saving buffer 14.
[DBG@22:33:27.985] Saved 4096 bytes from buffer to file.
[DBG@22:33:27.985] Added buffer back to pool.
[DBG@22:33:28.245] Saving buffer 15.
[DBG@22:33:28.245] Saved 4096 bytes from buffer to file.
[DBG@22:33:28.245] Added buffer back to pool.
[DBG@22:33:28.505] Saving buffer 0.
[DBG@22:33:28.506] Saved 4096 bytes from buffer to file.
[DBG@22:33:28.506] Added buffer back to pool.
[DBG@22:33:28.755] Saving buffer 1.
[DBG@22:33:28.755] Saved 4096 bytes from buffer to file.
[DBG@22:33:28.755] Added buffer back to pool.
[DBG@22:33:29.015] Saving buffer 2.
[DBG@22:33:29.015] Saved 4096 bytes from buffer to file.
[DBG@22:33:29.015] Added buffer back to pool.
[DBG@22:33:29.265] Saving buffer 3.
[DBG@22:33:29.265] Saved 4096 bytes from buffer to file.
[DBG@22:33:29.265] Added buffer back to pool.
[DBG@22:33:29.525] Saving buffer 4.
[DBG@22:33:29.525] Saved 4096 bytes from buffer to file.
[DBG@22:33:29.526] Added buffer back to pool.
[DBG@22:33:29.785] Saving buffer 5.
[DBG@22:33:29.785] Saved 4096 bytes from buffer to file.
[DBG@22:33:29.786] Added buffer back to pool.
[DBG@22:33:30.035] Saving buffer 6.
[DBG@22:33:30.035] Saved 4096 bytes from buffer to file.
[DBG@22:33:30.035] Added buffer back to pool.
[DBG@22:33:30.295] Saving buffer 7.
[DBG@22:33:30.295] Saved 4096 bytes from buffer to file.
[DBG@22:33:30.295] Added buffer back to pool.
[DBG@22:33:30.545] Saving buffer 8.
[DBG@22:33:30.545] Saved 4096 bytes from buffer to file.
[DBG@22:33:30.545] Added buffer back to pool.
[DBG@22:33:30.805] Saving buffer 9.
[DBG@22:33:30.805] Saved 4096 bytes from buffer to file.
[DBG@22:33:30.805] Added buffer back to pool.
[DBG@22:33:31.065] Saving buffer 10.
[DBG@22:33:31.065] Saved 4096 bytes from buffer to file.
[DBG@22:33:31.065] Added buffer back to pool.
[DBG@22:33:31.315] Saving buffer 11.
[DBG@22:33:31.315] Saved 4096 bytes from buffer to file.
[DBG@22:33:31.315] Added buffer back to pool.
[DBG@22:33:31.575] Saving buffer 12.
[DBG@22:33:31.575] Saved 4096 bytes from buffer to file.
[DBG@22:33:31.575] Added buffer back to pool.
[DBG@22:33:31.825] Saving buffer 13.
[DBG@22:33:31.825] Saved 4096 bytes from buffer to file.
[DBG@22:33:31.825] Added buffer back to pool.
[DBG@22:33:32.085] Saving buffer 14.
[DBG@22:33:32.085] Saved 4096 bytes from buffer to file.
[DBG@22:33:32.085] Added buffer back to pool.
[DBG@22:33:32.345] Saving buffer 15.
[DBG@22:33:32.345] Saved 4096 bytes from buffer to file.
[DBG@22:33:32.345] Added buffer back to pool.
[DBG@22:33:32.595] Saving buffer 0.
[DBG@22:33:32.595] Saved 4096 bytes from buffer to file.
[DBG@22:33:32.595] Added buffer back to pool.
[DBG@22:33:32.855] Saving buffer 1.
[DBG@22:33:32.855] Saved 4096 bytes from buffer to file.
[DBG@22:33:32.855] Added buffer back to pool.
[DBG@22:33:33.105] Saving buffer 2.
[DBG@22:33:33.105] Saved 4096 bytes from buffer to file.
[DBG@22:33:33.105] Added buffer back to pool.
[DBG@22:33:33.365] Saving buffer 3.
[DBG@22:33:33.365] Saved 4096 bytes from buffer to file.
[DBG@22:33:33.365] Added buffer back to pool.
[DBG@22:33:33.625] Saving buffer 4.
[DBG@22:33:33.625] Saved 4096 bytes from buffer to file.
[DBG@22:33:33.625] Added buffer back to pool.
[DBG@22:33:33.875] Saving buffer 5.
[DBG@22:33:33.875] Saved 4096 bytes from buffer to file.
[DBG@22:33:33.875] Added buffer back to pool.
[DBG@22:33:34.135] Saving buffer 6.
[DBG@22:33:34.135] Saved 4096 bytes from buffer to file.
[DBG@22:33:34.135] Added buffer back to pool.
[DBG@22:33:34.385] Saving buffer 7.
[DBG@22:33:34.385] Saved 4096 bytes from buffer to file.
[DBG@22:33:34.385] Added buffer back to pool.
[DBG@22:33:34.645] Saving buffer 8.
[DBG@22:33:34.645] Saved 4096 bytes from buffer to file.
[DBG@22:33:34.645] Added buffer back to pool.
[DBG@22:33:34.905] Saving buffer 9.
[DBG@22:33:34.905] Saved 4096 bytes from buffer to file.
[DBG@22:33:34.905] Added buffer back to pool.
[DBG@22:33:35.155] Saving buffer 10.
[DBG@22:33:35.155] Saved 4096 bytes from buffer to file.
[DBG@22:33:35.155] Added buffer back to pool.
[DBG@22:33:35.415] Saving buffer 11.
[DBG@22:33:35.415] Saved 4096 bytes from buffer to file.
[DBG@22:33:35.415] Added buffer back to pool.
[DBG@22:33:35.665] Saving buffer 12.
[DBG@22:33:35.665] Saved 4096 bytes from buffer to file.
[DBG@22:33:35.665] Added buffer back to pool.
[DBG@22:33:35.925] Saving buffer 13.
[DBG@22:33:35.925] Saved 4096 bytes from buffer to file.
[DBG@22:33:35.925] Added buffer back to pool.
[DBG@22:33:36.185] Saving buffer 14.
[DBG@22:33:36.185] Saved 4096 bytes from buffer to file.
[DBG@22:33:36.185] Added buffer back to pool.
[DBG@22:33:36.435] Saving buffer 15.
[DBG@22:33:36.435] Saved 4096 bytes from buffer to file.
[DBG@22:33:36.435] Added buffer back to pool.
[DBG@22:33:36.695] Saving buffer 0.
[DBG@22:33:36.695] Saved 4096 bytes from buffer to file.
[DBG@22:33:36.695] Added buffer back to pool.
[DBG@22:33:36.945] Saving buffer 1.
[DBG@22:33:36.945] Saved 4096 bytes from buffer to file.
[DBG@22:33:36.945] Added buffer back to pool.
[DBG@22:33:37.205] Saving buffer 2.
[DBG@22:33:37.205] Saved 4096 bytes from buffer to file.
[DBG@22:33:37.205] Added buffer back to pool.
[DBG@22:33:37.465] Saving buffer 3.
[DBG@22:33:37.465] Saved 4096 bytes from buffer to file.
[DBG@22:33:37.465] Added buffer back to pool.
[DBG@22:33:37.715] Saving buffer 4.
[DBG@22:33:37.715] Saved 4096 bytes from buffer to file.
[DBG@22:33:37.715] Added buffer back to pool.
[DBG@22:33:37.975] Saving buffer 5.
[DBG@22:33:37.975] Saved 4096 bytes from buffer to file.
[DBG@22:33:37.975] Added buffer back to pool.
[DBG@22:33:38.225] Saving buffer 6.
[DBG@22:33:38.225] Saved 4096 bytes from buffer to file.
[DBG@22:33:38.225] Added buffer back to pool.
[DBG@22:33:38.485] Saving buffer 7.
[DBG@22:33:38.485] Saved 4096 bytes from buffer to file.
[DBG@22:33:38.485] Added buffer back to pool.
[DBG@22:33:38.745] Saving buffer 8.
[DBG@22:33:38.745] Saved 4096 bytes from buffer to file.
[DBG@22:33:38.745] Added buffer back to pool.
[DBG@22:33:38.995] Saving buffer 9.
[DBG@22:33:38.995] Saved 4096 bytes from buffer to file.
[DBG@22:33:38.995] Added buffer back to pool.
[DBG@22:33:39.255] Saving buffer 10.
[DBG@22:33:39.255] Saved 4096 bytes from buffer to file.
[DBG@22:33:39.255] Added buffer back to pool.
[DBG@22:33:39.505] Saving buffer 11.
[DBG@22:33:39.505] Saved 4096 bytes from buffer to file.
[DBG@22:33:39.505] Added buffer back to pool.
[DBG@22:33:39.765] Saving buffer 12.
[DBG@22:33:39.765] Saved 4096 bytes from buffer to file.
[DBG@22:33:39.765] Added buffer back to pool.
[DBG@22:33:40.025] Saving buffer 13.
[DBG@22:33:40.025] Saved 4096 bytes from buffer to file.
[DBG@22:33:40.025] Added buffer back to pool.
[DBG@22:33:40.275] Saving buffer 14.
[DBG@22:33:40.275] Saved 4096 bytes from buffer to file.
[DBG@22:33:40.275] Added buffer back to pool.
[DBG@22:33:40.535] Saving buffer 15.
[DBG@22:33:40.535] Saved 4096 bytes from buffer to file.
[DBG@22:33:40.535] Added buffer back to pool.
[DBG@22:33:40.785] Saving buffer 0.
[DBG@22:33:40.785] Saved 4096 bytes from buffer to file.
[DBG@22:33:40.785] Added buffer back to pool.
[DBG@22:33:41.045] Saving buffer 1.
[DBG@22:33:41.045] Saved 4096 bytes from buffer to file.
[DBG@22:33:41.045] Added buffer back to pool.
[DBG@22:33:41.305] Saving buffer 2.
[DBG@22:33:41.305] Saved 4096 bytes from buffer to file.
[DBG@22:33:41.305] Added buffer back to pool.
[DBG@22:33:41.555] Saving buffer 3.
[DBG@22:33:41.555] Saved 4096 bytes from buffer to file.
[DBG@22:33:41.555] Added buffer back to pool.
[DBG@22:33:41.815] Saving buffer 4.
[DBG@22:33:41.815] Saved 4096 bytes from buffer to file.
[DBG@22:33:41.815] Added buffer back to pool.
[DBG@22:33:42.065] Saving buffer 5.
[DBG@22:33:42.065] Saved 4096 bytes from buffer to file.
[DBG@22:33:42.065] Added buffer back to pool.
[DBG@22:33:42.325] Saving buffer 6.
[DBG@22:33:42.325] Saved 4096 bytes from buffer to file.
[DBG@22:33:42.325] Added buffer back to pool.
[DBG@22:33:42.585] Saving buffer 7.
[DBG@22:33:42.585] Saved 4096 bytes from buffer to file.
[DBG@22:33:42.585] Added buffer back to pool.
[DBG@22:33:42.835] Saving buffer 8.
[DBG@22:33:42.835] Saved 4096 bytes from buffer to file.
[DBG@22:33:42.835] Added buffer back to pool.
[DBG@22:33:43.095] Saving buffer 9.
[DBG@22:33:43.095] Saved 4096 bytes from buffer to file.
[DBG@22:33:43.095] Added buffer back to pool.
[DBG@22:33:43.345] Saving buffer 10.
[DBG@22:33:43.345] Saved 4096 bytes from buffer to file.
[DBG@22:33:43.345] Added buffer back to pool.
[DBG@22:33:43.605] Saving buffer 11.
[DBG@22:33:43.605] Saved 4096 bytes from buffer to file.
[DBG@22:33:43.605] Added buffer back to pool.
[DBG@22:33:43.865] Saving buffer 12.
[DBG@22:33:43.865] Saved 4096 bytes from buffer to file.
[DBG@22:33:43.865] Added buffer back to pool.
[DBG@22:33:44.115] Saving buffer 13.
[DBG@22:33:44.115] Saved 4096 bytes from buffer to file.
[DBG@22:33:44.115] Added buffer back to pool.
[DBG@22:33:44.374] Saving buffer 14.
[DBG@22:33:44.375] Saved 4096 bytes from buffer to file.
[DBG@22:33:44.375] Added buffer back to pool.
[DBG@22:33:44.624] Saving buffer 15.
[DBG@22:33:44.625] Saved 4096 bytes from buffer to file.
[DBG@22:33:44.625] Added buffer back to pool.
[DBG@22:33:44.884] Saving buffer 0.
[DBG@22:33:44.885] Saved 4096 bytes from buffer to file.
[DBG@22:33:44.885] Added buffer back to pool.
[DBG@22:33:45.144] Saving buffer 1.
[DBG@22:33:45.145] Saved 4096 bytes from buffer to file.
[DBG@22:33:45.145] Added buffer back to pool.
[DBG@22:33:45.394] Saving buffer 2.
[DBG@22:33:45.395] Saved 4096 bytes from buffer to file.
[DBG@22:33:45.395] Added buffer back to pool.
[DBG@22:33:45.654] Saving buffer 3.
[DBG@22:33:45.655] Saved 4096 bytes from buffer to file.
[DBG@22:33:45.655] Added buffer back to pool.
[DBG@22:33:45.904] Saving buffer 4.
[DBG@22:33:45.905] Saved 4096 bytes from buffer to file.
[DBG@22:33:45.905] Added buffer back to pool.
[DBG@22:33:46.164] Saving buffer 5.
[DBG@22:33:46.165] Saved 4096 bytes from buffer to file.
[DBG@22:33:46.165] Added buffer back to pool.
[DBG@22:33:46.424] Saving buffer 6.
[DBG@22:33:46.425] Saved 4096 bytes from buffer to file.
[DBG@22:33:46.425] Added buffer back to pool.
[DBG@22:33:46.674] Saving buffer 7.
[DBG@22:33:46.675] Saved 4096 bytes from buffer to file.
[DBG@22:33:46.675] Added buffer back to pool.
[DBG@22:33:46.934] Saving buffer 8.
[DBG@22:33:46.934] Saved 4096 bytes from buffer to file.
[DBG@22:33:46.935] Added buffer back to pool.
[DBG@22:33:47.184] Saving buffer 9.
[DBG@22:33:47.184] Saved 4096 bytes from buffer to file.
[DBG@22:33:47.185] Added buffer back to pool.
[DBG@22:33:47.444] Saving buffer 10.
[DBG@22:33:47.444] Saved 4096 bytes from buffer to file.
[DBG@22:33:47.445] Added buffer back to pool.
[DBG@22:33:47.704] Saving buffer 11.
[DBG@22:33:47.704] Saved 4096 bytes from buffer to file.
[DBG@22:33:47.705] Added buffer back to pool.
[DBG@22:33:47.954] Saving buffer 12.
[DBG@22:33:47.954] Saved 4096 bytes from buffer to file.
[DBG@22:33:47.955] Added buffer back to pool.
[DBG@22:33:48.214] Saving buffer 13.
[DBG@22:33:48.214] Saved 4096 bytes from buffer to file.
[DBG@22:33:48.215] Added buffer back to pool.
[DBG@22:33:48.464] Saving buffer 14.
[DBG@22:33:48.464] Saved 4096 bytes from buffer to file.
[DBG@22:33:48.465] Added buffer back to pool.
[DBG@22:33:48.724] Saving buffer 15.
[DBG@22:33:48.724] Saved 4096 bytes from buffer to file.
[DBG@22:33:48.725] Added buffer back to pool.
[DBG@22:33:48.984] Saving buffer 0.
[DBG@22:33:48.985] Saved 4096 bytes from buffer to file.
[DBG@22:33:48.985] Added buffer back to pool.
[DBG@22:33:49.234] Saving buffer 1.
[DBG@22:33:49.234] Saved 4096 bytes from buffer to file.
[DBG@22:33:49.235] Added buffer back to pool.
[DBG@22:33:49.494] Saving buffer 2.
[DBG@22:33:49.494] Saved 4096 bytes from buffer to file.
[DBG@22:33:49.495] Added buffer back to pool.
[DBG@22:33:49.744] Saving buffer 3.
[DBG@22:33:49.745] Saved 4096 bytes from buffer to file.
[DBG@22:33:49.745] Added buffer back to pool.
[DBG@22:33:50.004] Saving buffer 4.
[DBG@22:33:50.004] Saved 4096 bytes from buffer to file.
[DBG@22:33:50.018] Added buffer back to pool.
[DBG@22:33:50.264] Saving buffer 5.
[DBG@22:33:50.264] Saved 4096 bytes from buffer to file.
[DBG@22:33:50.264] Added buffer back to pool.
[DBG@22:33:50.514] Saving buffer 6.
[DBG@22:33:50.514] Saved 4096 bytes from buffer to file.
[DBG@22:33:50.514] Added buffer back to pool.
[DBG@22:33:50.774] Saving buffer 7.
[DBG@22:33:50.774] Saved 4096 bytes from buffer to file.
[DBG@22:33:50.774] Added buffer back to pool.
[DBG@22:33:51.024] Saving buffer 8.
[DBG@22:33:51.024] Saved 4096 bytes from buffer to file.
[DBG@22:33:51.024] Added buffer back to pool.
[DBG@22:33:51.284] Saving buffer 9.
[DBG@22:33:51.284] Saved 4096 bytes from buffer to file.
[DBG@22:33:51.285] Added buffer back to pool.
[DBG@22:33:51.544] Saving buffer 10.
[DBG@22:33:51.544] Saved 4096 bytes from buffer to file.
[DBG@22:33:51.544] Added buffer back to pool.
[DBG@22:33:51.794] Saving buffer 11.
[DBG@22:33:51.794] Saved 4096 bytes from buffer to file.
[DBG@22:33:51.794] Added buffer back to pool.
[DBG@22:33:52.054] Saving buffer 12.
[DBG@22:33:52.054] Saved 4096 bytes from buffer to file.
[DBG@22:33:52.054] Added buffer back to pool.
[DBG@22:33:52.304] Saving buffer 13.
[DBG@22:33:52.304] Saved 4096 bytes from buffer to file.
[DBG@22:33:52.304] Added buffer back to pool.
[DBG@22:33:52.564] Saving buffer 14.
[DBG@22:33:52.564] Saved 4096 bytes from buffer to file.
[DBG@22:33:52.564] Added buffer back to pool.
[DBG@22:33:52.824] Saving buffer 15.
[DBG@22:33:52.824] Saved 4096 bytes from buffer to file.
[DBG@22:33:52.824] Added buffer back to pool.
[DBG@22:33:53.074] Saving buffer 0.
[DBG@22:33:53.075] Saved 4096 bytes from buffer to file.
[DBG@22:33:53.075] Added buffer back to pool.
[DBG@22:33:53.334] Saving buffer 1.
[DBG@22:33:53.334] Saved 4096 bytes from buffer to file.
[DBG@22:33:53.334] Added buffer back to pool.
[DBG@22:33:53.584] Saving buffer 2.
[DBG@22:33:53.584] Saved 4096 bytes from buffer to file.
[DBG@22:33:53.584] Added buffer back to pool.
[DBG@22:33:53.844] Saving buffer 3.
[DBG@22:33:53.844] Saved 4096 bytes from buffer to file.
[DBG@22:33:53.844] Added buffer back to pool.
[DBG@22:33:54.104] Saving buffer 4.
[DBG@22:33:54.104] Saved 4096 bytes from buffer to file.
[DBG@22:33:54.104] Added buffer back to pool.
[DBG@22:33:54.354] Saving buffer 5.
[DBG@22:33:54.354] Saved 4096 bytes from buffer to file.
[DBG@22:33:54.354] Added buffer back to pool.
[DBG@22:33:54.614] Saving buffer 6.
[DBG@22:33:54.614] Saved 4096 bytes from buffer to file.
[DBG@22:33:54.614] Added buffer back to pool.
[DBG@22:33:54.864] Saving buffer 7.
[DBG@22:33:54.864] Saved 4096 bytes from buffer to file.
[DBG@22:33:54.864] Added buffer back to pool.
[DBG@22:33:55.124] Saving buffer 8.
[DBG@22:33:55.124] Saved 4096 bytes from buffer to file.
[DBG@22:33:55.124] Added buffer back to pool.
[DBG@22:33:55.384] Saving buffer 9.
[DBG@22:33:55.384] Saved 4096 bytes from buffer to file.
[DBG@22:33:55.384] Added buffer back to pool.
[DBG@22:33:55.634] Saving buffer 10.
[DBG@22:33:55.634] Saved 4096 bytes from buffer to file.
[DBG@22:33:55.634] Added buffer back to pool.
[DBG@22:33:55.894] Saving buffer 11.
[DBG@22:33:55.894] Saved 4096 bytes from buffer to file.
[DBG@22:33:55.894] Added buffer back to pool.
[DBG@22:33:56.144] Saving buffer 12.
[DBG@22:33:56.144] Saved 4096 bytes from buffer to file.
[DBG@22:33:56.144] Added buffer back to pool.
[DBG@22:33:56.404] Saving buffer 13.
[DBG@22:33:56.404] Saved 4096 bytes from buffer to file.
[DBG@22:33:56.404] Added buffer back to pool.
[DBG@22:33:56.664] Saving buffer 14.
[DBG@22:33:56.664] Saved 4096 bytes from buffer to file.
[DBG@22:33:56.664] Added buffer back to pool.
[DBG@22:33:56.914] Saving buffer 15.
[DBG@22:33:56.914] Saved 4096 bytes from buffer to file.
[DBG@22:33:56.914] Added buffer back to pool.
[DBG@22:33:57.174] Saving buffer 0.
[DBG@22:33:57.175] Saved 4096 bytes from buffer to file.
[DBG@22:33:57.175] Added buffer back to pool.
[DBG@22:33:57.424] Saving buffer 1.
[DBG@22:33:57.424] Saved 4096 bytes from buffer to file.
[DBG@22:33:57.424] Added buffer back to pool.
[DBG@22:33:57.684] Saving buffer 2.
[DBG@22:33:57.684] Saved 4096 bytes from buffer to file.
[DBG@22:33:57.684] Added buffer back to pool.
[STD@22:33:57.929] Stopping device
[DBG@22:33:57.930] Saving buffer 3.
[DBG@22:33:57.930] Saved 3904 bytes from buffer to file.
[DBG@22:33:57.930] Added buffer back to pool.
[DBG@22:33:57.931] waveInReset (0)
[STD@22:33:57.931] Closing wave file
