Begin utterance: 000
Received 3328 bytes of audio data...
Received 512 bytes of audio data...
PARTIAL RESULT (000): 
Received 2560 bytes of audio data...
PARTIAL RESULT (000): 
Received 2432 bytes of audio data...
PARTIAL RESULT (000): 
Received 2560 bytes of audio data...
PARTIAL RESULT (000): 
Received 1920 bytes of audio data...
PARTIAL RESULT (000): 
End utterance: 000
FINAL RESULT (000): 
Abort utterance: 000
Begin utterance: 001
Received 3328 bytes of audio data...
Received 896 bytes of audio data...
PARTIAL RESULT (001): 
Received 1792 bytes of audio data...
PARTIAL RESULT (001): 
End utterance: 001
FINAL RESULT (001): 
Abort utterance: 001
Begin utterance: 002
Received 3328 bytes of audio data...
Received 512 bytes of audio data...
PARTIAL RESULT (002): 
Received 1280 bytes of audio data...
PARTIAL RESULT (002): 
End utterance: 002
FINAL RESULT (002): 
Abort utterance: 002
Begin utterance: 003
Received 3328 bytes of audio data...
Received 2048 bytes of audio data...
PARTIAL RESULT (003): 
Received 3328 bytes of audio data...
PARTIAL RESULT (003): 
End utterance: 003
FINAL RESULT (003): 
Abort utterance: 003
Begin utterance: 004
Received 3328 bytes of audio data...
Received 1280 bytes of audio data...
PARTIAL RESULT (004): 
End utterance: 004
FINAL RESULT (004): 
Abort utterance: 004
Begin utterance: 005
Received 3328 bytes of audio data...
Received 896 bytes of audio data...
PARTIAL RESULT (005): 
Received 1792 bytes of audio data...
PARTIAL RESULT (005): 
End utterance: 005
FINAL RESULT (005): 
Abort utterance: 005
Begin utterance: 006
Received 3328 bytes of audio data...
Received 1536 bytes of audio data...
PARTIAL RESULT (006): 
End utterance: 006
FINAL RESULT (006): 
Abort utterance: 006
