[STD@19:04:09.130] Adding buffer 0 to pool
[STD@19:04:09.130] Adding buffer 1 to pool
[STD@19:04:09.131] Adding buffer 2 to pool
[STD@19:04:09.131] Adding buffer 3 to pool
[STD@19:04:09.131] Adding buffer 4 to pool
[STD@19:04:09.132] Adding buffer 5 to pool
[STD@19:04:09.132] Adding buffer 6 to pool
[STD@19:04:09.132] Adding buffer 7 to pool
[STD@19:04:09.132] Adding buffer 8 to pool
[STD@19:04:09.133] Adding buffer 9 to pool
[STD@19:04:09.133] Adding buffer 10 to pool
[STD@19:04:09.133] Adding buffer 11 to pool
[STD@19:04:09.134] Adding buffer 12 to pool
[STD@19:04:09.135] Adding buffer 13 to pool
[STD@19:04:09.135] Adding buffer 14 to pool
[STD@19:04:09.135] Adding buffer 15 to pool
[STD@19:04:09.135] Opening audio file ..\..\logs\LetsGoPublic\20061122\003\LetsGoPublic-20061122-003-input_and_output.raw for output
[STD@19:04:09.137] Starting device
[DBG@19:04:09.398] Saving buffer 0.
[DBG@19:04:09.399] Saved 4096 bytes from buffer to file.
[DBG@19:04:09.399] Added buffer back to pool.
[DBG@19:04:09.658] Saving buffer 1.
[DBG@19:04:09.658] Saved 4096 bytes from buffer to file.
[DBG@19:04:09.658] Added buffer back to pool.
[DBG@19:04:09.908] Saving buffer 2.
[DBG@19:04:09.908] Saved 4096 bytes from buffer to file.
[DBG@19:04:09.908] Added buffer back to pool.
[DBG@19:04:10.168] Saving buffer 3.
[DBG@19:04:10.168] Saved 4096 bytes from buffer to file.
[DBG@19:04:10.168] Added buffer back to pool.
[DBG@19:04:10.418] Saving buffer 4.
[DBG@19:04:10.418] Saved 4096 bytes from buffer to file.
[DBG@19:04:10.418] Added buffer back to pool.
[DBG@19:04:10.678] Saving buffer 5.
[DBG@19:04:10.678] Saved 4096 bytes from buffer to file.
[DBG@19:04:10.678] Added buffer back to pool.
[DBG@19:04:10.938] Saving buffer 6.
[DBG@19:04:10.938] Saved 4096 bytes from buffer to file.
[DBG@19:04:10.938] Added buffer back to pool.
[DBG@19:04:11.188] Saving buffer 7.
[DBG@19:04:11.188] Saved 4096 bytes from buffer to file.
[DBG@19:04:11.218] Added buffer back to pool.
[DBG@19:04:11.448] Saving buffer 8.
[DBG@19:04:11.448] Saved 4096 bytes from buffer to file.
[DBG@19:04:11.448] Added buffer back to pool.
[DBG@19:04:11.698] Saving buffer 9.
[DBG@19:04:11.698] Saved 4096 bytes from buffer to file.
[DBG@19:04:11.698] Added buffer back to pool.
[DBG@19:04:11.958] Saving buffer 10.
[DBG@19:04:11.958] Saved 4096 bytes from buffer to file.
[DBG@19:04:11.958] Added buffer back to pool.
[DBG@19:04:12.218] Saving buffer 11.
[DBG@19:04:12.218] Saved 4096 bytes from buffer to file.
[DBG@19:04:12.218] Added buffer back to pool.
[DBG@19:04:12.468] Saving buffer 12.
[DBG@19:04:12.468] Saved 4096 bytes from buffer to file.
[DBG@19:04:12.468] Added buffer back to pool.
[DBG@19:04:12.728] Saving buffer 13.
[DBG@19:04:12.728] Saved 4096 bytes from buffer to file.
[DBG@19:04:12.728] Added buffer back to pool.
[DBG@19:04:12.978] Saving buffer 14.
[DBG@19:04:12.978] Saved 4096 bytes from buffer to file.
[DBG@19:04:12.978] Added buffer back to pool.
[DBG@19:04:13.238] Saving buffer 15.
[DBG@19:04:13.238] Saved 4096 bytes from buffer to file.
[DBG@19:04:13.238] Added buffer back to pool.
[DBG@19:04:13.498] Saving buffer 0.
[DBG@19:04:13.499] Saved 4096 bytes from buffer to file.
[DBG@19:04:13.499] Added buffer back to pool.
[DBG@19:04:13.748] Saving buffer 1.
[DBG@19:04:13.748] Saved 4096 bytes from buffer to file.
[DBG@19:04:13.748] Added buffer back to pool.
[DBG@19:04:14.008] Saving buffer 2.
[DBG@19:04:14.008] Saved 4096 bytes from buffer to file.
[DBG@19:04:14.008] Added buffer back to pool.
[DBG@19:04:14.258] Saving buffer 3.
[DBG@19:04:14.258] Saved 4096 bytes from buffer to file.
[DBG@19:04:14.258] Added buffer back to pool.
[DBG@19:04:14.518] Saving buffer 4.
[DBG@19:04:14.518] Saved 4096 bytes from buffer to file.
[DBG@19:04:14.518] Added buffer back to pool.
[DBG@19:04:14.778] Saving buffer 5.
[DBG@19:04:14.778] Saved 4096 bytes from buffer to file.
[DBG@19:04:14.778] Added buffer back to pool.
[DBG@19:04:15.028] Saving buffer 6.
[DBG@19:04:15.028] Saved 4096 bytes from buffer to file.
[DBG@19:04:15.028] Added buffer back to pool.
[DBG@19:04:15.288] Saving buffer 7.
[DBG@19:04:15.288] Saved 4096 bytes from buffer to file.
[DBG@19:04:15.288] Added buffer back to pool.
[DBG@19:04:15.538] Saving buffer 8.
[DBG@19:04:15.538] Saved 4096 bytes from buffer to file.
[DBG@19:04:15.538] Added buffer back to pool.
[DBG@19:04:15.798] Saving buffer 9.
[DBG@19:04:15.798] Saved 4096 bytes from buffer to file.
[DBG@19:04:15.798] Added buffer back to pool.
[DBG@19:04:16.058] Saving buffer 10.
[DBG@19:04:16.058] Saved 4096 bytes from buffer to file.
[DBG@19:04:16.058] Added buffer back to pool.
[DBG@19:04:16.308] Saving buffer 11.
[DBG@19:04:16.308] Saved 4096 bytes from buffer to file.
[DBG@19:04:16.308] Added buffer back to pool.
[DBG@19:04:16.568] Saving buffer 12.
[DBG@19:04:16.568] Saved 4096 bytes from buffer to file.
[DBG@19:04:16.568] Added buffer back to pool.
[DBG@19:04:16.817] Saving buffer 13.
[DBG@19:04:16.818] Saved 4096 bytes from buffer to file.
[DBG@19:04:16.818] Added buffer back to pool.
[DBG@19:04:17.077] Saving buffer 14.
[DBG@19:04:17.078] Saved 4096 bytes from buffer to file.
[DBG@19:04:17.078] Added buffer back to pool.
[DBG@19:04:17.337] Saving buffer 15.
[DBG@19:04:17.338] Saved 4096 bytes from buffer to file.
[DBG@19:04:17.338] Added buffer back to pool.
[DBG@19:04:17.587] Saving buffer 0.
[DBG@19:04:17.588] Saved 4096 bytes from buffer to file.
[DBG@19:04:17.588] Added buffer back to pool.
[DBG@19:04:17.847] Saving buffer 1.
[DBG@19:04:17.848] Saved 4096 bytes from buffer to file.
[DBG@19:04:17.848] Added buffer back to pool.
[DBG@19:04:18.097] Saving buffer 2.
[DBG@19:04:18.098] Saved 4096 bytes from buffer to file.
[DBG@19:04:18.098] Added buffer back to pool.
[DBG@19:04:18.357] Saving buffer 3.
[DBG@19:04:18.358] Saved 4096 bytes from buffer to file.
[DBG@19:04:18.358] Added buffer back to pool.
[DBG@19:04:18.617] Saving buffer 4.
[DBG@19:04:18.618] Saved 4096 bytes from buffer to file.
[DBG@19:04:18.618] Added buffer back to pool.
[DBG@19:04:18.867] Saving buffer 5.
[DBG@19:04:18.868] Saved 4096 bytes from buffer to file.
[DBG@19:04:18.868] Added buffer back to pool.
[DBG@19:04:19.127] Saving buffer 6.
[DBG@19:04:19.128] Saved 4096 bytes from buffer to file.
[DBG@19:04:19.128] Added buffer back to pool.
[DBG@19:04:19.377] Saving buffer 7.
[DBG@19:04:19.378] Saved 4096 bytes from buffer to file.
[DBG@19:04:19.378] Added buffer back to pool.
[DBG@19:04:19.637] Saving buffer 8.
[DBG@19:04:19.638] Saved 4096 bytes from buffer to file.
[DBG@19:04:19.638] Added buffer back to pool.
[DBG@19:04:19.897] Saving buffer 9.
[DBG@19:04:19.897] Saved 4096 bytes from buffer to file.
[DBG@19:04:19.898] Added buffer back to pool.
[DBG@19:04:20.147] Saving buffer 10.
[DBG@19:04:20.147] Saved 4096 bytes from buffer to file.
[DBG@19:04:20.148] Added buffer back to pool.
[DBG@19:04:20.407] Saving buffer 11.
[DBG@19:04:20.407] Saved 4096 bytes from buffer to file.
[DBG@19:04:20.408] Added buffer back to pool.
[DBG@19:04:20.657] Saving buffer 12.
[DBG@19:04:20.657] Saved 4096 bytes from buffer to file.
[DBG@19:04:20.658] Added buffer back to pool.
[DBG@19:04:20.917] Saving buffer 13.
[DBG@19:04:20.917] Saved 4096 bytes from buffer to file.
[DBG@19:04:20.918] Added buffer back to pool.
[DBG@19:04:21.177] Saving buffer 14.
[DBG@19:04:21.177] Saved 4096 bytes from buffer to file.
[DBG@19:04:21.178] Added buffer back to pool.
[DBG@19:04:21.427] Saving buffer 15.
[DBG@19:04:21.427] Saved 4096 bytes from buffer to file.
[DBG@19:04:21.428] Added buffer back to pool.
[DBG@19:04:21.687] Saving buffer 0.
[DBG@19:04:21.688] Saved 4096 bytes from buffer to file.
[DBG@19:04:21.688] Added buffer back to pool.
[DBG@19:04:21.937] Saving buffer 1.
[DBG@19:04:21.937] Saved 4096 bytes from buffer to file.
[DBG@19:04:21.938] Added buffer back to pool.
[DBG@19:04:22.197] Saving buffer 2.
[DBG@19:04:22.197] Saved 4096 bytes from buffer to file.
[DBG@19:04:22.198] Added buffer back to pool.
[DBG@19:04:22.457] Saving buffer 3.
[DBG@19:04:22.457] Saved 4096 bytes from buffer to file.
[DBG@19:04:22.457] Added buffer back to pool.
[DBG@19:04:22.707] Saving buffer 4.
[DBG@19:04:22.707] Saved 4096 bytes from buffer to file.
[DBG@19:04:22.708] Added buffer back to pool.
[DBG@19:04:22.967] Saving buffer 5.
[DBG@19:04:22.967] Saved 4096 bytes from buffer to file.
[DBG@19:04:22.968] Added buffer back to pool.
[DBG@19:04:23.217] Saving buffer 6.
[DBG@19:04:23.217] Saved 4096 bytes from buffer to file.
[DBG@19:04:23.218] Added buffer back to pool.
[DBG@19:04:23.477] Saving buffer 7.
[DBG@19:04:23.477] Saved 4096 bytes from buffer to file.
[DBG@19:04:23.477] Added buffer back to pool.
[DBG@19:04:23.737] Saving buffer 8.
[DBG@19:04:23.738] Saved 4096 bytes from buffer to file.
[DBG@19:04:23.738] Added buffer back to pool.
[DBG@19:04:23.987] Saving buffer 9.
[DBG@19:04:23.988] Saved 4096 bytes from buffer to file.
[DBG@19:04:23.988] Added buffer back to pool.
[DBG@19:04:24.247] Saving buffer 10.
[DBG@19:04:24.248] Saved 4096 bytes from buffer to file.
[DBG@19:04:24.248] Added buffer back to pool.
[DBG@19:04:24.497] Saving buffer 11.
[DBG@19:04:24.497] Saved 4096 bytes from buffer to file.
[DBG@19:04:24.497] Added buffer back to pool.
[DBG@19:04:24.757] Saving buffer 12.
[DBG@19:04:24.757] Saved 4096 bytes from buffer to file.
[DBG@19:04:24.757] Added buffer back to pool.
[DBG@19:04:25.017] Saving buffer 13.
[DBG@19:04:25.018] Saved 4096 bytes from buffer to file.
[DBG@19:04:25.018] Added buffer back to pool.
[DBG@19:04:25.267] Saving buffer 14.
[DBG@19:04:25.268] Saved 4096 bytes from buffer to file.
[DBG@19:04:25.268] Added buffer back to pool.
[DBG@19:04:25.527] Saving buffer 15.
[DBG@19:04:25.528] Saved 4096 bytes from buffer to file.
[DBG@19:04:25.528] Added buffer back to pool.
[DBG@19:04:25.777] Saving buffer 0.
[DBG@19:04:25.778] Saved 4096 bytes from buffer to file.
[DBG@19:04:25.778] Added buffer back to pool.
[DBG@19:04:26.037] Saving buffer 1.
[DBG@19:04:26.037] Saved 4096 bytes from buffer to file.
[DBG@19:04:26.037] Added buffer back to pool.
[DBG@19:04:26.297] Saving buffer 2.
[DBG@19:04:26.297] Saved 4096 bytes from buffer to file.
[DBG@19:04:26.297] Added buffer back to pool.
[DBG@19:04:26.547] Saving buffer 3.
[DBG@19:04:26.547] Saved 4096 bytes from buffer to file.
[DBG@19:04:26.547] Added buffer back to pool.
[DBG@19:04:26.807] Saving buffer 4.
[DBG@19:04:26.807] Saved 4096 bytes from buffer to file.
[DBG@19:04:26.807] Added buffer back to pool.
[DBG@19:04:27.057] Saving buffer 5.
[DBG@19:04:27.057] Saved 4096 bytes from buffer to file.
[DBG@19:04:27.057] Added buffer back to pool.
[DBG@19:04:27.317] Saving buffer 6.
[DBG@19:04:27.317] Saved 4096 bytes from buffer to file.
[DBG@19:04:27.317] Added buffer back to pool.
[DBG@19:04:27.577] Saving buffer 7.
[DBG@19:04:27.577] Saved 4096 bytes from buffer to file.
[DBG@19:04:27.577] Added buffer back to pool.
[DBG@19:04:27.827] Saving buffer 8.
[DBG@19:04:27.827] Saved 4096 bytes from buffer to file.
[DBG@19:04:27.827] Added buffer back to pool.
[DBG@19:04:28.087] Saving buffer 9.
[DBG@19:04:28.087] Saved 4096 bytes from buffer to file.
[DBG@19:04:28.087] Added buffer back to pool.
[DBG@19:04:28.337] Saving buffer 10.
[DBG@19:04:28.337] Saved 4096 bytes from buffer to file.
[DBG@19:04:28.337] Added buffer back to pool.
[DBG@19:04:28.597] Saving buffer 11.
[DBG@19:04:28.597] Saved 4096 bytes from buffer to file.
[DBG@19:04:28.597] Added buffer back to pool.
[DBG@19:04:28.857] Saving buffer 12.
[DBG@19:04:28.857] Saved 4096 bytes from buffer to file.
[DBG@19:04:28.857] Added buffer back to pool.
[DBG@19:04:29.107] Saving buffer 13.
[DBG@19:04:29.107] Saved 4096 bytes from buffer to file.
[DBG@19:04:29.107] Added buffer back to pool.
[DBG@19:04:29.367] Saving buffer 14.
[DBG@19:04:29.367] Saved 4096 bytes from buffer to file.
[DBG@19:04:29.367] Added buffer back to pool.
[DBG@19:04:29.617] Saving buffer 15.
[DBG@19:04:29.617] Saved 4096 bytes from buffer to file.
[DBG@19:04:29.617] Added buffer back to pool.
[DBG@19:04:29.877] Saving buffer 0.
[DBG@19:04:29.878] Saved 4096 bytes from buffer to file.
[DBG@19:04:29.878] Added buffer back to pool.
[DBG@19:04:30.137] Saving buffer 1.
[DBG@19:04:30.137] Saved 4096 bytes from buffer to file.
[DBG@19:04:30.137] Added buffer back to pool.
[DBG@19:04:30.387] Saving buffer 2.
[DBG@19:04:30.387] Saved 4096 bytes from buffer to file.
[DBG@19:04:30.387] Added buffer back to pool.
[DBG@19:04:30.647] Saving buffer 3.
[DBG@19:04:30.647] Saved 4096 bytes from buffer to file.
[DBG@19:04:30.647] Added buffer back to pool.
[DBG@19:04:30.897] Saving buffer 4.
[DBG@19:04:30.897] Saved 4096 bytes from buffer to file.
[DBG@19:04:30.897] Added buffer back to pool.
[DBG@19:04:31.157] Saving buffer 5.
[DBG@19:04:31.157] Saved 4096 bytes from buffer to file.
[DBG@19:04:31.157] Added buffer back to pool.
[DBG@19:04:31.417] Saving buffer 6.
[DBG@19:04:31.417] Saved 4096 bytes from buffer to file.
[DBG@19:04:31.417] Added buffer back to pool.
[DBG@19:04:31.667] Saving buffer 7.
[DBG@19:04:31.667] Saved 4096 bytes from buffer to file.
[DBG@19:04:31.667] Added buffer back to pool.
[DBG@19:04:31.927] Saving buffer 8.
[DBG@19:04:31.927] Saved 4096 bytes from buffer to file.
[DBG@19:04:31.927] Added buffer back to pool.
[DBG@19:04:32.177] Saving buffer 9.
[DBG@19:04:32.177] Saved 4096 bytes from buffer to file.
[DBG@19:04:32.177] Added buffer back to pool.
[DBG@19:04:32.437] Saving buffer 10.
[DBG@19:04:32.437] Saved 4096 bytes from buffer to file.
[DBG@19:04:32.437] Added buffer back to pool.
[DBG@19:04:32.697] Saving buffer 11.
[DBG@19:04:32.697] Saved 4096 bytes from buffer to file.
[DBG@19:04:32.697] Added buffer back to pool.
[DBG@19:04:32.947] Saving buffer 12.
[DBG@19:04:32.947] Saved 4096 bytes from buffer to file.
[DBG@19:04:32.948] Added buffer back to pool.
[DBG@19:04:33.207] Saving buffer 13.
[DBG@19:04:33.207] Saved 4096 bytes from buffer to file.
[DBG@19:04:33.207] Added buffer back to pool.
[DBG@19:04:33.457] Saving buffer 14.
[DBG@19:04:33.457] Saved 4096 bytes from buffer to file.
[DBG@19:04:33.457] Added buffer back to pool.
[DBG@19:04:33.717] Saving buffer 15.
[DBG@19:04:33.717] Saved 4096 bytes from buffer to file.
[DBG@19:04:33.717] Added buffer back to pool.
[DBG@19:04:33.977] Saving buffer 0.
[DBG@19:04:33.978] Saved 4096 bytes from buffer to file.
[DBG@19:04:33.979] Added buffer back to pool.
[DBG@19:04:34.227] Saving buffer 1.
[DBG@19:04:34.227] Saved 4096 bytes from buffer to file.
[DBG@19:04:34.227] Added buffer back to pool.
[DBG@19:04:34.487] Saving buffer 2.
[DBG@19:04:34.487] Saved 4096 bytes from buffer to file.
[DBG@19:04:34.487] Added buffer back to pool.
[DBG@19:04:34.737] Saving buffer 3.
[DBG@19:04:34.737] Saved 4096 bytes from buffer to file.
[DBG@19:04:34.737] Added buffer back to pool.
[DBG@19:04:34.997] Saving buffer 4.
[DBG@19:04:34.997] Saved 4096 bytes from buffer to file.
[DBG@19:04:34.997] Added buffer back to pool.
[DBG@19:04:35.257] Saving buffer 5.
[DBG@19:04:35.257] Saved 4096 bytes from buffer to file.
[DBG@19:04:35.257] Added buffer back to pool.
[DBG@19:04:35.507] Saving buffer 6.
[DBG@19:04:35.507] Saved 4096 bytes from buffer to file.
[DBG@19:04:35.507] Added buffer back to pool.
[DBG@19:04:35.767] Saving buffer 7.
[DBG@19:04:35.767] Saved 4096 bytes from buffer to file.
[DBG@19:04:35.767] Added buffer back to pool.
[DBG@19:04:36.017] Saving buffer 8.
[DBG@19:04:36.017] Saved 4096 bytes from buffer to file.
[DBG@19:04:36.017] Added buffer back to pool.
[DBG@19:04:36.277] Saving buffer 9.
[DBG@19:04:36.277] Saved 4096 bytes from buffer to file.
[DBG@19:04:36.277] Added buffer back to pool.
[DBG@19:04:36.537] Saving buffer 10.
[DBG@19:04:36.537] Saved 4096 bytes from buffer to file.
[DBG@19:04:36.537] Added buffer back to pool.
[DBG@19:04:36.787] Saving buffer 11.
[DBG@19:04:36.787] Saved 4096 bytes from buffer to file.
[DBG@19:04:36.787] Added buffer back to pool.
[DBG@19:04:37.047] Saving buffer 12.
[DBG@19:04:37.047] Saved 4096 bytes from buffer to file.
[DBG@19:04:37.047] Added buffer back to pool.
[DBG@19:04:37.297] Saving buffer 13.
[DBG@19:04:37.297] Saved 4096 bytes from buffer to file.
[DBG@19:04:37.297] Added buffer back to pool.
[DBG@19:04:37.557] Saving buffer 14.
[DBG@19:04:37.557] Saved 4096 bytes from buffer to file.
[DBG@19:04:37.557] Added buffer back to pool.
[DBG@19:04:37.817] Saving buffer 15.
[DBG@19:04:37.817] Saved 4096 bytes from buffer to file.
[DBG@19:04:37.817] Added buffer back to pool.
[DBG@19:04:38.067] Saving buffer 0.
[DBG@19:04:38.067] Saved 4096 bytes from buffer to file.
[DBG@19:04:38.068] Added buffer back to pool.
[DBG@19:04:38.327] Saving buffer 1.
[DBG@19:04:38.327] Saved 4096 bytes from buffer to file.
[DBG@19:04:38.327] Added buffer back to pool.
[DBG@19:04:38.577] Saving buffer 2.
[DBG@19:04:38.577] Saved 4096 bytes from buffer to file.
[DBG@19:04:38.577] Added buffer back to pool.
[DBG@19:04:38.837] Saving buffer 3.
[DBG@19:04:38.837] Saved 4096 bytes from buffer to file.
[DBG@19:04:38.837] Added buffer back to pool.
[DBG@19:04:39.097] Saving buffer 4.
[DBG@19:04:39.097] Saved 4096 bytes from buffer to file.
[DBG@19:04:39.097] Added buffer back to pool.
[DBG@19:04:39.347] Saving buffer 5.
[DBG@19:04:39.347] Saved 4096 bytes from buffer to file.
[DBG@19:04:39.347] Added buffer back to pool.
[DBG@19:04:39.607] Saving buffer 6.
[DBG@19:04:39.607] Saved 4096 bytes from buffer to file.
[DBG@19:04:39.607] Added buffer back to pool.
[DBG@19:04:39.857] Saving buffer 7.
[DBG@19:04:39.857] Saved 4096 bytes from buffer to file.
[DBG@19:04:39.857] Added buffer back to pool.
[DBG@19:04:40.117] Saving buffer 8.
[DBG@19:04:40.117] Saved 4096 bytes from buffer to file.
[DBG@19:04:40.117] Added buffer back to pool.
[DBG@19:04:40.377] Saving buffer 9.
[DBG@19:04:40.377] Saved 4096 bytes from buffer to file.
[DBG@19:04:40.377] Added buffer back to pool.
[DBG@19:04:40.627] Saving buffer 10.
[DBG@19:04:40.627] Saved 4096 bytes from buffer to file.
[DBG@19:04:40.627] Added buffer back to pool.
[DBG@19:04:40.887] Saving buffer 11.
[DBG@19:04:40.887] Saved 4096 bytes from buffer to file.
[DBG@19:04:40.887] Added buffer back to pool.
[DBG@19:04:41.136] Saving buffer 12.
[DBG@19:04:41.137] Saved 4096 bytes from buffer to file.
[DBG@19:04:41.137] Added buffer back to pool.
[DBG@19:04:41.396] Saving buffer 13.
[DBG@19:04:41.397] Saved 4096 bytes from buffer to file.
[DBG@19:04:41.397] Added buffer back to pool.
[DBG@19:04:41.656] Saving buffer 14.
[DBG@19:04:41.657] Saved 4096 bytes from buffer to file.
[DBG@19:04:41.657] Added buffer back to pool.
[DBG@19:04:41.907] Saving buffer 15.
[DBG@19:04:41.907] Saved 4096 bytes from buffer to file.
[DBG@19:04:41.907] Added buffer back to pool.
[DBG@19:04:42.166] Saving buffer 0.
[DBG@19:04:42.167] Saved 4096 bytes from buffer to file.
[DBG@19:04:42.167] Added buffer back to pool.
[DBG@19:04:42.417] Saving buffer 1.
[DBG@19:04:42.417] Saved 4096 bytes from buffer to file.
[DBG@19:04:42.417] Added buffer back to pool.
[DBG@19:04:42.677] Saving buffer 2.
[DBG@19:04:42.677] Saved 4096 bytes from buffer to file.
[DBG@19:04:42.677] Added buffer back to pool.
[DBG@19:04:42.936] Saving buffer 3.
[DBG@19:04:42.937] Saved 4096 bytes from buffer to file.
[DBG@19:04:42.937] Added buffer back to pool.
[DBG@19:04:43.186] Saving buffer 4.
[DBG@19:04:43.187] Saved 4096 bytes from buffer to file.
[DBG@19:04:43.187] Added buffer back to pool.
[DBG@19:04:43.446] Saving buffer 5.
[DBG@19:04:43.447] Saved 4096 bytes from buffer to file.
[DBG@19:04:43.447] Added buffer back to pool.
[DBG@19:04:43.696] Saving buffer 6.
[DBG@19:04:43.697] Saved 4096 bytes from buffer to file.
[DBG@19:04:43.697] Added buffer back to pool.
[DBG@19:04:43.956] Saving buffer 7.
[DBG@19:04:43.957] Saved 4096 bytes from buffer to file.
[DBG@19:04:43.957] Added buffer back to pool.
[DBG@19:04:44.216] Saving buffer 8.
[DBG@19:04:44.217] Saved 4096 bytes from buffer to file.
[DBG@19:04:44.217] Added buffer back to pool.
[DBG@19:04:44.466] Saving buffer 9.
[DBG@19:04:44.467] Saved 4096 bytes from buffer to file.
[DBG@19:04:44.467] Added buffer back to pool.
[DBG@19:04:44.726] Saving buffer 10.
[DBG@19:04:44.727] Saved 4096 bytes from buffer to file.
[DBG@19:04:44.727] Added buffer back to pool.
[DBG@19:04:44.976] Saving buffer 11.
[DBG@19:04:44.976] Saved 4096 bytes from buffer to file.
[DBG@19:04:44.977] Added buffer back to pool.
[DBG@19:04:45.236] Saving buffer 12.
[DBG@19:04:45.237] Saved 4096 bytes from buffer to file.
[DBG@19:04:45.237] Added buffer back to pool.
[DBG@19:04:45.496] Saving buffer 13.
[DBG@19:04:45.497] Saved 4096 bytes from buffer to file.
[DBG@19:04:45.497] Added buffer back to pool.
[DBG@19:04:45.746] Saving buffer 14.
[DBG@19:04:45.746] Saved 4096 bytes from buffer to file.
[DBG@19:04:45.747] Added buffer back to pool.
[DBG@19:04:46.006] Saving buffer 15.
[DBG@19:04:46.006] Saved 4096 bytes from buffer to file.
[DBG@19:04:46.007] Added buffer back to pool.
[DBG@19:04:46.256] Saving buffer 0.
[DBG@19:04:46.257] Saved 4096 bytes from buffer to file.
[DBG@19:04:46.257] Added buffer back to pool.
[DBG@19:04:46.516] Saving buffer 1.
[DBG@19:04:46.516] Saved 4096 bytes from buffer to file.
[DBG@19:04:46.517] Added buffer back to pool.
[DBG@19:04:46.776] Saving buffer 2.
[DBG@19:04:46.776] Saved 4096 bytes from buffer to file.
[DBG@19:04:46.777] Added buffer back to pool.
[DBG@19:04:47.026] Saving buffer 3.
[DBG@19:04:47.026] Saved 4096 bytes from buffer to file.
[DBG@19:04:47.027] Added buffer back to pool.
[DBG@19:04:47.286] Saving buffer 4.
[DBG@19:04:47.286] Saved 4096 bytes from buffer to file.
[DBG@19:04:47.286] Added buffer back to pool.
[DBG@19:04:47.536] Saving buffer 5.
[DBG@19:04:47.536] Saved 4096 bytes from buffer to file.
[DBG@19:04:47.537] Added buffer back to pool.
[DBG@19:04:47.796] Saving buffer 6.
[DBG@19:04:47.796] Saved 4096 bytes from buffer to file.
[DBG@19:04:47.796] Added buffer back to pool.
[DBG@19:04:48.056] Saving buffer 7.
[DBG@19:04:48.056] Saved 4096 bytes from buffer to file.
[DBG@19:04:48.056] Added buffer back to pool.
[DBG@19:04:48.306] Saving buffer 8.
[DBG@19:04:48.306] Saved 4096 bytes from buffer to file.
[DBG@19:04:48.306] Added buffer back to pool.
[DBG@19:04:48.566] Saving buffer 9.
[DBG@19:04:48.566] Saved 4096 bytes from buffer to file.
[DBG@19:04:48.566] Added buffer back to pool.
[DBG@19:04:48.816] Saving buffer 10.
[DBG@19:04:48.816] Saved 4096 bytes from buffer to file.
[DBG@19:04:48.816] Added buffer back to pool.
[DBG@19:04:49.076] Saving buffer 11.
[DBG@19:04:49.076] Saved 4096 bytes from buffer to file.
[DBG@19:04:49.076] Added buffer back to pool.
[DBG@19:04:49.336] Saving buffer 12.
[DBG@19:04:49.336] Saved 4096 bytes from buffer to file.
[DBG@19:04:49.336] Added buffer back to pool.
[DBG@19:04:49.586] Saving buffer 13.
[DBG@19:04:49.586] Saved 4096 bytes from buffer to file.
[DBG@19:04:49.586] Added buffer back to pool.
[DBG@19:04:49.846] Saving buffer 14.
[DBG@19:04:49.846] Saved 4096 bytes from buffer to file.
[DBG@19:04:49.846] Added buffer back to pool.
[DBG@19:04:50.096] Saving buffer 15.
[DBG@19:04:50.096] Saved 4096 bytes from buffer to file.
[DBG@19:04:50.096] Added buffer back to pool.
[DBG@19:04:50.356] Saving buffer 0.
[DBG@19:04:50.357] Saved 4096 bytes from buffer to file.
[DBG@19:04:50.357] Added buffer back to pool.
[DBG@19:04:50.616] Saving buffer 1.
[DBG@19:04:50.616] Saved 4096 bytes from buffer to file.
[DBG@19:04:50.616] Added buffer back to pool.
[DBG@19:04:50.866] Saving buffer 2.
[DBG@19:04:50.866] Saved 4096 bytes from buffer to file.
[DBG@19:04:50.866] Added buffer back to pool.
[DBG@19:04:51.126] Saving buffer 3.
[DBG@19:04:51.126] Saved 4096 bytes from buffer to file.
[DBG@19:04:51.126] Added buffer back to pool.
[DBG@19:04:51.376] Saving buffer 4.
[DBG@19:04:51.376] Saved 4096 bytes from buffer to file.
[DBG@19:04:51.376] Added buffer back to pool.
[DBG@19:04:51.636] Saving buffer 5.
[DBG@19:04:51.636] Saved 4096 bytes from buffer to file.
[DBG@19:04:51.636] Added buffer back to pool.
[DBG@19:04:51.896] Saving buffer 6.
[DBG@19:04:51.896] Saved 4096 bytes from buffer to file.
[DBG@19:04:51.896] Added buffer back to pool.
[DBG@19:04:52.146] Saving buffer 7.
[DBG@19:04:52.146] Saved 4096 bytes from buffer to file.
[DBG@19:04:52.146] Added buffer back to pool.
[DBG@19:04:52.406] Saving buffer 8.
[DBG@19:04:52.406] Saved 4096 bytes from buffer to file.
[DBG@19:04:52.406] Added buffer back to pool.
[DBG@19:04:52.656] Saving buffer 9.
[DBG@19:04:52.656] Saved 4096 bytes from buffer to file.
[DBG@19:04:52.656] Added buffer back to pool.
[DBG@19:04:52.916] Saving buffer 10.
[DBG@19:04:52.916] Saved 4096 bytes from buffer to file.
[DBG@19:04:52.916] Added buffer back to pool.
[DBG@19:04:53.176] Saving buffer 11.
[DBG@19:04:53.176] Saved 4096 bytes from buffer to file.
[DBG@19:04:53.176] Added buffer back to pool.
[DBG@19:04:53.426] Saving buffer 12.
[DBG@19:04:53.426] Saved 4096 bytes from buffer to file.
[DBG@19:04:53.426] Added buffer back to pool.
[DBG@19:04:53.686] Saving buffer 13.
[DBG@19:04:53.686] Saved 4096 bytes from buffer to file.
[DBG@19:04:53.686] Added buffer back to pool.
[DBG@19:04:53.936] Saving buffer 14.
[DBG@19:04:53.936] Saved 4096 bytes from buffer to file.
[DBG@19:04:53.936] Added buffer back to pool.
[DBG@19:04:54.196] Saving buffer 15.
[DBG@19:04:54.196] Saved 4096 bytes from buffer to file.
[DBG@19:04:54.196] Added buffer back to pool.
[DBG@19:04:54.456] Saving buffer 0.
[DBG@19:04:54.457] Saved 4096 bytes from buffer to file.
[DBG@19:04:54.457] Added buffer back to pool.
[DBG@19:04:54.706] Saving buffer 1.
[DBG@19:04:54.706] Saved 4096 bytes from buffer to file.
[DBG@19:04:54.706] Added buffer back to pool.
[DBG@19:04:54.966] Saving buffer 2.
[DBG@19:04:54.966] Saved 4096 bytes from buffer to file.
[DBG@19:04:54.966] Added buffer back to pool.
[DBG@19:04:55.216] Saving buffer 3.
[DBG@19:04:55.216] Saved 4096 bytes from buffer to file.
[DBG@19:04:55.216] Added buffer back to pool.
[DBG@19:04:55.476] Saving buffer 4.
[DBG@19:04:55.476] Saved 4096 bytes from buffer to file.
[DBG@19:04:55.476] Added buffer back to pool.
[DBG@19:04:55.736] Saving buffer 5.
[DBG@19:04:55.736] Saved 4096 bytes from buffer to file.
[DBG@19:04:55.736] Added buffer back to pool.
[DBG@19:04:55.986] Saving buffer 6.
[DBG@19:04:55.986] Saved 4096 bytes from buffer to file.
[DBG@19:04:55.986] Added buffer back to pool.
[DBG@19:04:56.246] Saving buffer 7.
[DBG@19:04:56.246] Saved 4096 bytes from buffer to file.
[DBG@19:04:56.246] Added buffer back to pool.
[DBG@19:04:56.496] Saving buffer 8.
[DBG@19:04:56.496] Saved 4096 bytes from buffer to file.
[DBG@19:04:56.496] Added buffer back to pool.
[DBG@19:04:56.756] Saving buffer 9.
[DBG@19:04:56.756] Saved 4096 bytes from buffer to file.
[DBG@19:04:56.756] Added buffer back to pool.
[DBG@19:04:57.016] Saving buffer 10.
[DBG@19:04:57.016] Saved 4096 bytes from buffer to file.
[DBG@19:04:57.016] Added buffer back to pool.
[DBG@19:04:57.266] Saving buffer 11.
[DBG@19:04:57.266] Saved 4096 bytes from buffer to file.
[DBG@19:04:57.266] Added buffer back to pool.
[DBG@19:04:57.526] Saving buffer 12.
[DBG@19:04:57.526] Saved 4096 bytes from buffer to file.
[DBG@19:04:57.526] Added buffer back to pool.
[DBG@19:04:57.776] Saving buffer 13.
[DBG@19:04:57.776] Saved 4096 bytes from buffer to file.
[DBG@19:04:57.776] Added buffer back to pool.
[DBG@19:04:58.036] Saving buffer 14.
[DBG@19:04:58.036] Saved 4096 bytes from buffer to file.
[DBG@19:04:58.036] Added buffer back to pool.
[DBG@19:04:58.296] Saving buffer 15.
[DBG@19:04:58.296] Saved 4096 bytes from buffer to file.
[DBG@19:04:58.296] Added buffer back to pool.
[DBG@19:04:58.546] Saving buffer 0.
[DBG@19:04:58.547] Saved 4096 bytes from buffer to file.
[DBG@19:04:58.547] Added buffer back to pool.
[DBG@19:04:58.806] Saving buffer 1.
[DBG@19:04:58.806] Saved 4096 bytes from buffer to file.
[DBG@19:04:58.806] Added buffer back to pool.
[DBG@19:04:59.056] Saving buffer 2.
[DBG@19:04:59.056] Saved 4096 bytes from buffer to file.
[DBG@19:04:59.056] Added buffer back to pool.
[DBG@19:04:59.316] Saving buffer 3.
[DBG@19:04:59.316] Saved 4096 bytes from buffer to file.
[DBG@19:04:59.316] Added buffer back to pool.
[DBG@19:04:59.576] Saving buffer 4.
[DBG@19:04:59.576] Saved 4096 bytes from buffer to file.
[DBG@19:04:59.576] Added buffer back to pool.
[DBG@19:04:59.826] Saving buffer 5.
[DBG@19:04:59.826] Saved 4096 bytes from buffer to file.
[DBG@19:04:59.826] Added buffer back to pool.
[DBG@19:05:00.086] Saving buffer 6.
[DBG@19:05:00.086] Saved 4096 bytes from buffer to file.
[DBG@19:05:00.086] Added buffer back to pool.
[DBG@19:05:00.336] Saving buffer 7.
[DBG@19:05:00.336] Saved 4096 bytes from buffer to file.
[DBG@19:05:00.336] Added buffer back to pool.
[DBG@19:05:00.596] Saving buffer 8.
[DBG@19:05:00.596] Saved 4096 bytes from buffer to file.
[DBG@19:05:00.596] Added buffer back to pool.
[DBG@19:05:00.856] Saving buffer 9.
[DBG@19:05:00.856] Saved 4096 bytes from buffer to file.
[DBG@19:05:00.856] Added buffer back to pool.
[DBG@19:05:01.106] Saving buffer 10.
[DBG@19:05:01.106] Saved 4096 bytes from buffer to file.
[DBG@19:05:01.106] Added buffer back to pool.
[DBG@19:05:01.366] Saving buffer 11.
[DBG@19:05:01.366] Saved 4096 bytes from buffer to file.
[DBG@19:05:01.366] Added buffer back to pool.
[DBG@19:05:01.616] Saving buffer 12.
[DBG@19:05:01.616] Saved 4096 bytes from buffer to file.
[DBG@19:05:01.616] Added buffer back to pool.
[DBG@19:05:01.876] Saving buffer 13.
[DBG@19:05:01.876] Saved 4096 bytes from buffer to file.
[DBG@19:05:01.876] Added buffer back to pool.
[DBG@19:05:02.136] Saving buffer 14.
[DBG@19:05:02.136] Saved 4096 bytes from buffer to file.
[DBG@19:05:02.136] Added buffer back to pool.
[DBG@19:05:02.386] Saving buffer 15.
[DBG@19:05:02.386] Saved 4096 bytes from buffer to file.
[DBG@19:05:02.386] Added buffer back to pool.
[DBG@19:05:02.646] Saving buffer 0.
[DBG@19:05:02.646] Saved 4096 bytes from buffer to file.
[DBG@19:05:02.647] Added buffer back to pool.
[DBG@19:05:02.896] Saving buffer 1.
[DBG@19:05:02.896] Saved 4096 bytes from buffer to file.
[DBG@19:05:02.896] Added buffer back to pool.
[DBG@19:05:03.156] Saving buffer 2.
[DBG@19:05:03.156] Saved 4096 bytes from buffer to file.
[DBG@19:05:03.156] Added buffer back to pool.
[DBG@19:05:03.416] Saving buffer 3.
[DBG@19:05:03.416] Saved 4096 bytes from buffer to file.
[DBG@19:05:03.416] Added buffer back to pool.
[DBG@19:05:03.666] Saving buffer 4.
[DBG@19:05:03.666] Saved 4096 bytes from buffer to file.
[DBG@19:05:03.666] Added buffer back to pool.
[DBG@19:05:03.926] Saving buffer 5.
[DBG@19:05:03.926] Saved 4096 bytes from buffer to file.
[DBG@19:05:03.926] Added buffer back to pool.
[DBG@19:05:04.176] Saving buffer 6.
[DBG@19:05:04.176] Saved 4096 bytes from buffer to file.
[DBG@19:05:04.176] Added buffer back to pool.
[DBG@19:05:04.436] Saving buffer 7.
[DBG@19:05:04.436] Saved 4096 bytes from buffer to file.
[DBG@19:05:04.436] Added buffer back to pool.
[DBG@19:05:04.696] Saving buffer 8.
[DBG@19:05:04.696] Saved 4096 bytes from buffer to file.
[DBG@19:05:04.696] Added buffer back to pool.
[DBG@19:05:04.946] Saving buffer 9.
[DBG@19:05:04.946] Saved 4096 bytes from buffer to file.
[DBG@19:05:04.946] Added buffer back to pool.
[DBG@19:05:05.206] Saving buffer 10.
[DBG@19:05:05.206] Saved 4096 bytes from buffer to file.
[DBG@19:05:05.206] Added buffer back to pool.
[DBG@19:05:05.456] Saving buffer 11.
[DBG@19:05:05.456] Saved 4096 bytes from buffer to file.
[DBG@19:05:05.456] Added buffer back to pool.
[DBG@19:05:05.716] Saving buffer 12.
[DBG@19:05:05.716] Saved 4096 bytes from buffer to file.
[DBG@19:05:05.716] Added buffer back to pool.
[DBG@19:05:05.975] Saving buffer 13.
[DBG@19:05:05.976] Saved 4096 bytes from buffer to file.
[DBG@19:05:05.976] Added buffer back to pool.
[DBG@19:05:06.225] Saving buffer 14.
[DBG@19:05:06.226] Saved 4096 bytes from buffer to file.
[DBG@19:05:06.226] Added buffer back to pool.
[DBG@19:05:06.485] Saving buffer 15.
[DBG@19:05:06.486] Saved 4096 bytes from buffer to file.
[DBG@19:05:06.486] Added buffer back to pool.
[DBG@19:05:06.735] Saving buffer 0.
[DBG@19:05:06.736] Saved 4096 bytes from buffer to file.
[DBG@19:05:06.736] Added buffer back to pool.
[DBG@19:05:06.995] Saving buffer 1.
[DBG@19:05:06.996] Saved 4096 bytes from buffer to file.
[DBG@19:05:06.996] Added buffer back to pool.
[DBG@19:05:07.255] Saving buffer 2.
[DBG@19:05:07.256] Saved 4096 bytes from buffer to file.
[DBG@19:05:07.256] Added buffer back to pool.
[DBG@19:05:07.505] Saving buffer 3.
[DBG@19:05:07.506] Saved 4096 bytes from buffer to file.
[DBG@19:05:07.506] Added buffer back to pool.
[DBG@19:05:07.765] Saving buffer 4.
[DBG@19:05:07.766] Saved 4096 bytes from buffer to file.
[DBG@19:05:07.766] Added buffer back to pool.
[DBG@19:05:08.015] Saving buffer 5.
[DBG@19:05:08.016] Saved 4096 bytes from buffer to file.
[DBG@19:05:08.016] Added buffer back to pool.
[DBG@19:05:08.275] Saving buffer 6.
[DBG@19:05:08.276] Saved 4096 bytes from buffer to file.
[DBG@19:05:08.276] Added buffer back to pool.
[DBG@19:05:08.535] Saving buffer 7.
[DBG@19:05:08.536] Saved 4096 bytes from buffer to file.
[DBG@19:05:08.536] Added buffer back to pool.
[DBG@19:05:08.785] Saving buffer 8.
[DBG@19:05:08.786] Saved 4096 bytes from buffer to file.
[DBG@19:05:08.786] Added buffer back to pool.
[DBG@19:05:09.045] Saving buffer 9.
[DBG@19:05:09.046] Saved 4096 bytes from buffer to file.
[DBG@19:05:09.046] Added buffer back to pool.
[DBG@19:05:09.295] Saving buffer 10.
[DBG@19:05:09.296] Saved 4096 bytes from buffer to file.
[DBG@19:05:09.296] Added buffer back to pool.
[DBG@19:05:09.555] Saving buffer 11.
[DBG@19:05:09.556] Saved 4096 bytes from buffer to file.
[DBG@19:05:09.556] Added buffer back to pool.
[DBG@19:05:09.815] Saving buffer 12.
[DBG@19:05:09.815] Saved 4096 bytes from buffer to file.
[DBG@19:05:09.816] Added buffer back to pool.
[DBG@19:05:10.065] Saving buffer 13.
[DBG@19:05:10.065] Saved 4096 bytes from buffer to file.
[DBG@19:05:10.066] Added buffer back to pool.
[DBG@19:05:10.325] Saving buffer 14.
[DBG@19:05:10.325] Saved 4096 bytes from buffer to file.
[DBG@19:05:10.326] Added buffer back to pool.
[DBG@19:05:10.575] Saving buffer 15.
[DBG@19:05:10.575] Saved 4096 bytes from buffer to file.
[DBG@19:05:10.576] Added buffer back to pool.
[DBG@19:05:10.835] Saving buffer 0.
[DBG@19:05:10.836] Saved 4096 bytes from buffer to file.
[DBG@19:05:10.837] Added buffer back to pool.
[DBG@19:05:11.095] Saving buffer 1.
[DBG@19:05:11.095] Saved 4096 bytes from buffer to file.
[DBG@19:05:11.096] Added buffer back to pool.
[DBG@19:05:11.345] Saving buffer 2.
[DBG@19:05:11.345] Saved 4096 bytes from buffer to file.
[DBG@19:05:11.346] Added buffer back to pool.
[DBG@19:05:11.605] Saving buffer 3.
[DBG@19:05:11.605] Saved 4096 bytes from buffer to file.
[DBG@19:05:11.606] Added buffer back to pool.
[DBG@19:05:11.855] Saving buffer 4.
[DBG@19:05:11.856] Saved 4096 bytes from buffer to file.
[DBG@19:05:11.856] Added buffer back to pool.
[DBG@19:05:12.115] Saving buffer 5.
[DBG@19:05:12.116] Saved 4096 bytes from buffer to file.
[DBG@19:05:12.116] Added buffer back to pool.
[DBG@19:05:12.375] Saving buffer 6.
[DBG@19:05:12.376] Saved 4096 bytes from buffer to file.
[DBG@19:05:12.376] Added buffer back to pool.
[DBG@19:05:12.625] Saving buffer 7.
[DBG@19:05:12.625] Saved 4096 bytes from buffer to file.
[DBG@19:05:12.626] Added buffer back to pool.
[DBG@19:05:12.885] Saving buffer 8.
[DBG@19:05:12.886] Saved 4096 bytes from buffer to file.
[DBG@19:05:12.886] Added buffer back to pool.
[DBG@19:05:13.135] Saving buffer 9.
[DBG@19:05:13.136] Saved 4096 bytes from buffer to file.
[DBG@19:05:13.136] Added buffer back to pool.
[DBG@19:05:13.395] Saving buffer 10.
[DBG@19:05:13.395] Saved 4096 bytes from buffer to file.
[DBG@19:05:13.395] Added buffer back to pool.
[DBG@19:05:13.655] Saving buffer 11.
[DBG@19:05:13.655] Saved 4096 bytes from buffer to file.
[DBG@19:05:13.656] Added buffer back to pool.
[DBG@19:05:13.905] Saving buffer 12.
[DBG@19:05:13.905] Saved 4096 bytes from buffer to file.
[DBG@19:05:13.906] Added buffer back to pool.
[DBG@19:05:14.165] Saving buffer 13.
[DBG@19:05:14.165] Saved 4096 bytes from buffer to file.
[DBG@19:05:14.166] Added buffer back to pool.
[DBG@19:05:14.415] Saving buffer 14.
[DBG@19:05:14.415] Saved 4096 bytes from buffer to file.
[DBG@19:05:14.415] Added buffer back to pool.
[DBG@19:05:14.675] Saving buffer 15.
[DBG@19:05:14.675] Saved 4096 bytes from buffer to file.
[DBG@19:05:14.676] Added buffer back to pool.
[DBG@19:05:14.935] Saving buffer 0.
[DBG@19:05:14.937] Saved 4096 bytes from buffer to file.
[DBG@19:05:14.937] Added buffer back to pool.
[DBG@19:05:15.185] Saving buffer 1.
[DBG@19:05:15.186] Saved 4096 bytes from buffer to file.
[DBG@19:05:15.186] Added buffer back to pool.
[DBG@19:05:15.445] Saving buffer 2.
[DBG@19:05:15.445] Saved 4096 bytes from buffer to file.
[DBG@19:05:15.445] Added buffer back to pool.
[DBG@19:05:15.695] Saving buffer 3.
[DBG@19:05:15.695] Saved 4096 bytes from buffer to file.
[DBG@19:05:15.695] Added buffer back to pool.
[DBG@19:05:15.955] Saving buffer 4.
[DBG@19:05:15.956] Saved 4096 bytes from buffer to file.
[DBG@19:05:15.956] Added buffer back to pool.
[DBG@19:05:16.215] Saving buffer 5.
[DBG@19:05:16.215] Saved 4096 bytes from buffer to file.
[DBG@19:05:16.216] Added buffer back to pool.
[DBG@19:05:16.465] Saving buffer 6.
[DBG@19:05:16.465] Saved 4096 bytes from buffer to file.
[DBG@19:05:16.465] Added buffer back to pool.
[DBG@19:05:16.725] Saving buffer 7.
[DBG@19:05:16.725] Saved 4096 bytes from buffer to file.
[DBG@19:05:16.726] Added buffer back to pool.
[DBG@19:05:16.975] Saving buffer 8.
[DBG@19:05:16.975] Saved 4096 bytes from buffer to file.
[DBG@19:05:16.975] Added buffer back to pool.
[DBG@19:05:17.235] Saving buffer 9.
[DBG@19:05:17.235] Saved 4096 bytes from buffer to file.
[DBG@19:05:17.235] Added buffer back to pool.
[DBG@19:05:17.495] Saving buffer 10.
[DBG@19:05:17.495] Saved 4096 bytes from buffer to file.
[DBG@19:05:17.495] Added buffer back to pool.
[DBG@19:05:17.745] Saving buffer 11.
[DBG@19:05:17.745] Saved 4096 bytes from buffer to file.
[DBG@19:05:17.745] Added buffer back to pool.
[DBG@19:05:18.005] Saving buffer 12.
[DBG@19:05:18.005] Saved 4096 bytes from buffer to file.
[DBG@19:05:18.005] Added buffer back to pool.
[DBG@19:05:18.255] Saving buffer 13.
[DBG@19:05:18.255] Saved 4096 bytes from buffer to file.
[DBG@19:05:18.255] Added buffer back to pool.
[DBG@19:05:18.515] Saving buffer 14.
[DBG@19:05:18.515] Saved 4096 bytes from buffer to file.
[DBG@19:05:18.515] Added buffer back to pool.
[DBG@19:05:18.775] Saving buffer 15.
[DBG@19:05:18.775] Saved 4096 bytes from buffer to file.
[DBG@19:05:18.775] Added buffer back to pool.
[DBG@19:05:19.025] Saving buffer 0.
[DBG@19:05:19.026] Saved 4096 bytes from buffer to file.
[DBG@19:05:19.026] Added buffer back to pool.
[DBG@19:05:19.285] Saving buffer 1.
[DBG@19:05:19.285] Saved 4096 bytes from buffer to file.
[DBG@19:05:19.285] Added buffer back to pool.
[DBG@19:05:19.535] Saving buffer 2.
[DBG@19:05:19.535] Saved 4096 bytes from buffer to file.
[DBG@19:05:19.535] Added buffer back to pool.
[DBG@19:05:19.795] Saving buffer 3.
[DBG@19:05:19.795] Saved 4096 bytes from buffer to file.
[DBG@19:05:19.795] Added buffer back to pool.
[DBG@19:05:20.055] Saving buffer 4.
[DBG@19:05:20.055] Saved 4096 bytes from buffer to file.
[DBG@19:05:20.055] Added buffer back to pool.
[DBG@19:05:20.305] Saving buffer 5.
[DBG@19:05:20.305] Saved 4096 bytes from buffer to file.
[DBG@19:05:20.305] Added buffer back to pool.
[DBG@19:05:20.565] Saving buffer 6.
[DBG@19:05:20.565] Saved 4096 bytes from buffer to file.
[DBG@19:05:20.565] Added buffer back to pool.
[DBG@19:05:20.815] Saving buffer 7.
[DBG@19:05:20.815] Saved 4096 bytes from buffer to file.
[DBG@19:05:20.815] Added buffer back to pool.
[DBG@19:05:21.075] Saving buffer 8.
[DBG@19:05:21.075] Saved 4096 bytes from buffer to file.
[DBG@19:05:21.075] Added buffer back to pool.
[DBG@19:05:21.335] Saving buffer 9.
[DBG@19:05:21.335] Saved 4096 bytes from buffer to file.
[DBG@19:05:21.335] Added buffer back to pool.
[DBG@19:05:21.585] Saving buffer 10.
[DBG@19:05:21.585] Saved 4096 bytes from buffer to file.
[DBG@19:05:21.585] Added buffer back to pool.
[DBG@19:05:21.845] Saving buffer 11.
[DBG@19:05:21.845] Saved 4096 bytes from buffer to file.
[DBG@19:05:21.845] Added buffer back to pool.
[DBG@19:05:22.095] Saving buffer 12.
[DBG@19:05:22.095] Saved 4096 bytes from buffer to file.
[DBG@19:05:22.095] Added buffer back to pool.
[DBG@19:05:22.355] Saving buffer 13.
[DBG@19:05:22.355] Saved 4096 bytes from buffer to file.
[DBG@19:05:22.355] Added buffer back to pool.
[DBG@19:05:22.615] Saving buffer 14.
[DBG@19:05:22.615] Saved 4096 bytes from buffer to file.
[DBG@19:05:22.615] Added buffer back to pool.
[DBG@19:05:22.865] Saving buffer 15.
[DBG@19:05:22.865] Saved 4096 bytes from buffer to file.
[DBG@19:05:22.865] Added buffer back to pool.
[DBG@19:05:23.125] Saving buffer 0.
[DBG@19:05:23.125] Saved 4096 bytes from buffer to file.
[DBG@19:05:23.126] Added buffer back to pool.
[DBG@19:05:23.375] Saving buffer 1.
[DBG@19:05:23.375] Saved 4096 bytes from buffer to file.
[DBG@19:05:23.375] Added buffer back to pool.
[DBG@19:05:23.635] Saving buffer 2.
[DBG@19:05:23.635] Saved 4096 bytes from buffer to file.
[DBG@19:05:23.635] Added buffer back to pool.
[DBG@19:05:23.895] Saving buffer 3.
[DBG@19:05:23.895] Saved 4096 bytes from buffer to file.
[DBG@19:05:23.895] Added buffer back to pool.
[DBG@19:05:24.145] Saving buffer 4.
[DBG@19:05:24.145] Saved 4096 bytes from buffer to file.
[DBG@19:05:24.145] Added buffer back to pool.
[DBG@19:05:24.405] Saving buffer 5.
[DBG@19:05:24.405] Saved 4096 bytes from buffer to file.
[DBG@19:05:24.405] Added buffer back to pool.
[DBG@19:05:24.655] Saving buffer 6.
[DBG@19:05:24.655] Saved 4096 bytes from buffer to file.
[DBG@19:05:24.655] Added buffer back to pool.
[DBG@19:05:24.915] Saving buffer 7.
[DBG@19:05:24.915] Saved 4096 bytes from buffer to file.
[DBG@19:05:24.915] Added buffer back to pool.
[DBG@19:05:25.175] Saving buffer 8.
[DBG@19:05:25.175] Saved 4096 bytes from buffer to file.
[DBG@19:05:25.175] Added buffer back to pool.
[DBG@19:05:25.425] Saving buffer 9.
[DBG@19:05:25.425] Saved 4096 bytes from buffer to file.
[DBG@19:05:25.425] Added buffer back to pool.
[DBG@19:05:25.685] Saving buffer 10.
[DBG@19:05:25.685] Saved 4096 bytes from buffer to file.
[DBG@19:05:25.685] Added buffer back to pool.
[DBG@19:05:25.935] Saving buffer 11.
[DBG@19:05:25.935] Saved 4096 bytes from buffer to file.
[DBG@19:05:25.935] Added buffer back to pool.
[DBG@19:05:26.195] Saving buffer 12.
[DBG@19:05:26.195] Saved 4096 bytes from buffer to file.
[DBG@19:05:26.195] Added buffer back to pool.
[DBG@19:05:26.455] Saving buffer 13.
[DBG@19:05:26.455] Saved 4096 bytes from buffer to file.
[DBG@19:05:26.455] Added buffer back to pool.
[DBG@19:05:26.705] Saving buffer 14.
[DBG@19:05:26.705] Saved 4096 bytes from buffer to file.
[DBG@19:05:26.705] Added buffer back to pool.
[DBG@19:05:26.965] Saving buffer 15.
[DBG@19:05:26.965] Saved 4096 bytes from buffer to file.
[DBG@19:05:26.965] Added buffer back to pool.
[DBG@19:05:27.215] Saving buffer 0.
[DBG@19:05:27.215] Saved 4096 bytes from buffer to file.
[DBG@19:05:27.215] Added buffer back to pool.
[DBG@19:05:27.475] Saving buffer 1.
[DBG@19:05:27.475] Saved 4096 bytes from buffer to file.
[DBG@19:05:27.475] Added buffer back to pool.
[DBG@19:05:27.735] Saving buffer 2.
[DBG@19:05:27.735] Saved 4096 bytes from buffer to file.
[DBG@19:05:27.735] Added buffer back to pool.
[DBG@19:05:27.985] Saving buffer 3.
[DBG@19:05:27.985] Saved 4096 bytes from buffer to file.
[DBG@19:05:27.985] Added buffer back to pool.
[DBG@19:05:28.245] Saving buffer 4.
[DBG@19:05:28.245] Saved 4096 bytes from buffer to file.
[DBG@19:05:28.245] Added buffer back to pool.
[DBG@19:05:28.495] Saving buffer 5.
[DBG@19:05:28.495] Saved 4096 bytes from buffer to file.
[DBG@19:05:28.495] Added buffer back to pool.
[DBG@19:05:28.755] Saving buffer 6.
[DBG@19:05:28.755] Saved 4096 bytes from buffer to file.
[DBG@19:05:28.755] Added buffer back to pool.
[DBG@19:05:29.015] Saving buffer 7.
[DBG@19:05:29.015] Saved 4096 bytes from buffer to file.
[DBG@19:05:29.015] Added buffer back to pool.
[DBG@19:05:29.265] Saving buffer 8.
[DBG@19:05:29.265] Saved 4096 bytes from buffer to file.
[DBG@19:05:29.265] Added buffer back to pool.
[DBG@19:05:29.525] Saving buffer 9.
[DBG@19:05:29.525] Saved 4096 bytes from buffer to file.
[DBG@19:05:29.525] Added buffer back to pool.
[DBG@19:05:29.775] Saving buffer 10.
[DBG@19:05:29.775] Saved 4096 bytes from buffer to file.
[DBG@19:05:29.775] Added buffer back to pool.
[DBG@19:05:30.035] Saving buffer 11.
[DBG@19:05:30.035] Saved 4096 bytes from buffer to file.
[DBG@19:05:30.035] Added buffer back to pool.
[DBG@19:05:30.295] Saving buffer 12.
[DBG@19:05:30.295] Saved 4096 bytes from buffer to file.
[DBG@19:05:30.295] Added buffer back to pool.
[DBG@19:05:30.544] Saving buffer 13.
[DBG@19:05:30.545] Saved 4096 bytes from buffer to file.
[DBG@19:05:30.545] Added buffer back to pool.
[DBG@19:05:30.804] Saving buffer 14.
[DBG@19:05:30.805] Saved 4096 bytes from buffer to file.
[DBG@19:05:30.805] Added buffer back to pool.
[DBG@19:05:31.054] Saving buffer 15.
[DBG@19:05:31.055] Saved 4096 bytes from buffer to file.
[DBG@19:05:31.055] Added buffer back to pool.
[DBG@19:05:31.314] Saving buffer 0.
[DBG@19:05:31.315] Saved 4096 bytes from buffer to file.
[DBG@19:05:31.315] Added buffer back to pool.
[DBG@19:05:31.574] Saving buffer 1.
[DBG@19:05:31.575] Saved 4096 bytes from buffer to file.
[DBG@19:05:31.575] Added buffer back to pool.
[DBG@19:05:31.824] Saving buffer 2.
[DBG@19:05:31.825] Saved 4096 bytes from buffer to file.
[DBG@19:05:31.825] Added buffer back to pool.
[DBG@19:05:32.084] Saving buffer 3.
[DBG@19:05:32.085] Saved 4096 bytes from buffer to file.
[DBG@19:05:32.085] Added buffer back to pool.
[DBG@19:05:32.334] Saving buffer 4.
[DBG@19:05:32.335] Saved 4096 bytes from buffer to file.
[DBG@19:05:32.335] Added buffer back to pool.
[DBG@19:05:32.594] Saving buffer 5.
[DBG@19:05:32.595] Saved 4096 bytes from buffer to file.
[DBG@19:05:32.595] Added buffer back to pool.
[DBG@19:05:32.854] Saving buffer 6.
[DBG@19:05:32.855] Saved 4096 bytes from buffer to file.
[DBG@19:05:32.855] Added buffer back to pool.
[DBG@19:05:33.104] Saving buffer 7.
[DBG@19:05:33.105] Saved 4096 bytes from buffer to file.
[DBG@19:05:33.105] Added buffer back to pool.
[DBG@19:05:33.364] Saving buffer 8.
[DBG@19:05:33.365] Saved 4096 bytes from buffer to file.
[DBG@19:05:33.365] Added buffer back to pool.
[DBG@19:05:33.614] Saving buffer 9.
[DBG@19:05:33.615] Saved 4096 bytes from buffer to file.
[DBG@19:05:33.615] Added buffer back to pool.
[DBG@19:05:33.874] Saving buffer 10.
[DBG@19:05:33.874] Saved 4096 bytes from buffer to file.
[DBG@19:05:33.875] Added buffer back to pool.
[DBG@19:05:34.134] Saving buffer 11.
[DBG@19:05:34.134] Saved 4096 bytes from buffer to file.
[DBG@19:05:34.135] Added buffer back to pool.
[DBG@19:05:34.384] Saving buffer 12.
[DBG@19:05:34.384] Saved 4096 bytes from buffer to file.
[DBG@19:05:34.385] Added buffer back to pool.
[DBG@19:05:34.644] Saving buffer 13.
[DBG@19:05:34.644] Saved 4096 bytes from buffer to file.
[DBG@19:05:34.645] Added buffer back to pool.
[DBG@19:05:34.894] Saving buffer 14.
[DBG@19:05:34.894] Saved 4096 bytes from buffer to file.
[DBG@19:05:34.895] Added buffer back to pool.
[DBG@19:05:35.154] Saving buffer 15.
[DBG@19:05:35.154] Saved 4096 bytes from buffer to file.
[DBG@19:05:35.155] Added buffer back to pool.
[DBG@19:05:35.414] Saving buffer 0.
[DBG@19:05:35.415] Saved 4096 bytes from buffer to file.
[DBG@19:05:35.415] Added buffer back to pool.
[DBG@19:05:35.664] Saving buffer 1.
[DBG@19:05:35.664] Saved 4096 bytes from buffer to file.
[DBG@19:05:35.665] Added buffer back to pool.
[DBG@19:05:35.924] Saving buffer 2.
[DBG@19:05:35.924] Saved 4096 bytes from buffer to file.
[DBG@19:05:35.925] Added buffer back to pool.
[DBG@19:05:36.174] Saving buffer 3.
[DBG@19:05:36.174] Saved 4096 bytes from buffer to file.
[DBG@19:05:36.175] Added buffer back to pool.
[DBG@19:05:36.434] Saving buffer 4.
[DBG@19:05:36.434] Saved 4096 bytes from buffer to file.
[DBG@19:05:36.434] Added buffer back to pool.
[DBG@19:05:36.694] Saving buffer 5.
[DBG@19:05:36.694] Saved 4096 bytes from buffer to file.
[DBG@19:05:36.694] Added buffer back to pool.
[DBG@19:05:36.944] Saving buffer 6.
[DBG@19:05:36.944] Saved 4096 bytes from buffer to file.
[DBG@19:05:36.944] Added buffer back to pool.
[DBG@19:05:37.204] Saving buffer 7.
[DBG@19:05:37.204] Saved 4096 bytes from buffer to file.
[DBG@19:05:37.204] Added buffer back to pool.
[DBG@19:05:37.454] Saving buffer 8.
[DBG@19:05:37.454] Saved 4096 bytes from buffer to file.
[DBG@19:05:37.454] Added buffer back to pool.
[DBG@19:05:37.714] Saving buffer 9.
[DBG@19:05:37.714] Saved 4096 bytes from buffer to file.
[DBG@19:05:37.715] Added buffer back to pool.
[DBG@19:05:37.974] Saving buffer 10.
[DBG@19:05:37.974] Saved 4096 bytes from buffer to file.
[DBG@19:05:37.974] Added buffer back to pool.
[DBG@19:05:38.224] Saving buffer 11.
[DBG@19:05:38.224] Saved 4096 bytes from buffer to file.
[DBG@19:05:38.224] Added buffer back to pool.
[DBG@19:05:38.484] Saving buffer 12.
[DBG@19:05:38.484] Saved 4096 bytes from buffer to file.
[DBG@19:05:38.485] Added buffer back to pool.
[DBG@19:05:38.734] Saving buffer 13.
[DBG@19:05:38.734] Saved 4096 bytes from buffer to file.
[DBG@19:05:38.734] Added buffer back to pool.
[DBG@19:05:38.994] Saving buffer 14.
[DBG@19:05:38.994] Saved 4096 bytes from buffer to file.
[DBG@19:05:38.994] Added buffer back to pool.
[DBG@19:05:39.254] Saving buffer 15.
[DBG@19:05:39.254] Saved 4096 bytes from buffer to file.
[DBG@19:05:39.254] Added buffer back to pool.
[DBG@19:05:39.504] Saving buffer 0.
[DBG@19:05:39.505] Saved 4096 bytes from buffer to file.
[DBG@19:05:39.505] Added buffer back to pool.
[DBG@19:05:39.764] Saving buffer 1.
[DBG@19:05:39.764] Saved 4096 bytes from buffer to file.
[DBG@19:05:39.764] Added buffer back to pool.
[DBG@19:05:40.014] Saving buffer 2.
[DBG@19:05:40.014] Saved 4096 bytes from buffer to file.
[DBG@19:05:40.014] Added buffer back to pool.
[DBG@19:05:40.274] Saving buffer 3.
[DBG@19:05:40.274] Saved 4096 bytes from buffer to file.
[DBG@19:05:40.275] Added buffer back to pool.
[DBG@19:05:40.534] Saving buffer 4.
[DBG@19:05:40.534] Saved 4096 bytes from buffer to file.
[DBG@19:05:40.535] Added buffer back to pool.
[DBG@19:05:40.784] Saving buffer 5.
[DBG@19:05:40.784] Saved 4096 bytes from buffer to file.
[DBG@19:05:40.785] Added buffer back to pool.
[DBG@19:05:41.044] Saving buffer 6.
[DBG@19:05:41.044] Saved 4096 bytes from buffer to file.
[DBG@19:05:41.044] Added buffer back to pool.
[DBG@19:05:41.294] Saving buffer 7.
[DBG@19:05:41.294] Saved 4096 bytes from buffer to file.
[DBG@19:05:41.294] Added buffer back to pool.
[DBG@19:05:41.554] Saving buffer 8.
[DBG@19:05:41.554] Saved 4096 bytes from buffer to file.
[DBG@19:05:41.554] Added buffer back to pool.
[DBG@19:05:41.814] Saving buffer 9.
[DBG@19:05:41.815] Saved 4096 bytes from buffer to file.
[DBG@19:05:41.815] Added buffer back to pool.
[DBG@19:05:42.064] Saving buffer 10.
[DBG@19:05:42.064] Saved 4096 bytes from buffer to file.
[DBG@19:05:42.064] Added buffer back to pool.
[DBG@19:05:42.324] Saving buffer 11.
[DBG@19:05:42.324] Saved 4096 bytes from buffer to file.
[DBG@19:05:42.324] Added buffer back to pool.
[DBG@19:05:42.574] Saving buffer 12.
[DBG@19:05:42.574] Saved 4096 bytes from buffer to file.
[DBG@19:05:42.574] Added buffer back to pool.
[DBG@19:05:42.834] Saving buffer 13.
[DBG@19:05:42.834] Saved 4096 bytes from buffer to file.
[DBG@19:05:42.834] Added buffer back to pool.
[DBG@19:05:43.094] Saving buffer 14.
[DBG@19:05:43.094] Saved 4096 bytes from buffer to file.
[DBG@19:05:43.094] Added buffer back to pool.
[DBG@19:05:43.344] Saving buffer 15.
[DBG@19:05:43.344] Saved 4096 bytes from buffer to file.
[DBG@19:05:43.344] Added buffer back to pool.
[DBG@19:05:43.604] Saving buffer 0.
[DBG@19:05:43.605] Saved 4096 bytes from buffer to file.
[DBG@19:05:43.605] Added buffer back to pool.
[DBG@19:05:43.854] Saving buffer 1.
[DBG@19:05:43.854] Saved 4096 bytes from buffer to file.
[DBG@19:05:43.854] Added buffer back to pool.
[DBG@19:05:44.114] Saving buffer 2.
[DBG@19:05:44.114] Saved 4096 bytes from buffer to file.
[DBG@19:05:44.114] Added buffer back to pool.
[DBG@19:05:44.374] Saving buffer 3.
[DBG@19:05:44.374] Saved 4096 bytes from buffer to file.
[DBG@19:05:44.374] Added buffer back to pool.
[DBG@19:05:44.624] Saving buffer 4.
[DBG@19:05:44.624] Saved 4096 bytes from buffer to file.
[DBG@19:05:44.624] Added buffer back to pool.
[DBG@19:05:44.884] Saving buffer 5.
[DBG@19:05:44.884] Saved 4096 bytes from buffer to file.
[DBG@19:05:44.884] Added buffer back to pool.
[DBG@19:05:45.134] Saving buffer 6.
[DBG@19:05:45.134] Saved 4096 bytes from buffer to file.
[DBG@19:05:45.134] Added buffer back to pool.
[DBG@19:05:45.394] Saving buffer 7.
[DBG@19:05:45.394] Saved 4096 bytes from buffer to file.
[DBG@19:05:45.394] Added buffer back to pool.
[DBG@19:05:45.655] Saving buffer 8.
[DBG@19:05:45.655] Saved 4096 bytes from buffer to file.
[DBG@19:05:45.655] Added buffer back to pool.
[DBG@19:05:45.904] Saving buffer 9.
[DBG@19:05:45.904] Saved 4096 bytes from buffer to file.
[DBG@19:05:45.904] Added buffer back to pool.
[DBG@19:05:46.164] Saving buffer 10.
[DBG@19:05:46.164] Saved 4096 bytes from buffer to file.
[DBG@19:05:46.164] Added buffer back to pool.
[DBG@19:05:46.414] Saving buffer 11.
[DBG@19:05:46.414] Saved 4096 bytes from buffer to file.
[DBG@19:05:46.414] Added buffer back to pool.
[DBG@19:05:46.674] Saving buffer 12.
[DBG@19:05:46.674] Saved 4096 bytes from buffer to file.
[DBG@19:05:46.674] Added buffer back to pool.
[DBG@19:05:46.934] Saving buffer 13.
[DBG@19:05:46.934] Saved 4096 bytes from buffer to file.
[DBG@19:05:46.934] Added buffer back to pool.
[DBG@19:05:47.184] Saving buffer 14.
[DBG@19:05:47.184] Saved 4096 bytes from buffer to file.
[DBG@19:05:47.184] Added buffer back to pool.
[DBG@19:05:47.444] Saving buffer 15.
[DBG@19:05:47.444] Saved 4096 bytes from buffer to file.
[DBG@19:05:47.444] Added buffer back to pool.
[DBG@19:05:47.694] Saving buffer 0.
[DBG@19:05:47.695] Saved 4096 bytes from buffer to file.
[DBG@19:05:47.695] Added buffer back to pool.
[DBG@19:05:47.954] Saving buffer 1.
[DBG@19:05:47.954] Saved 4096 bytes from buffer to file.
[DBG@19:05:47.954] Added buffer back to pool.
[DBG@19:05:48.214] Saving buffer 2.
[DBG@19:05:48.214] Saved 4096 bytes from buffer to file.
[DBG@19:05:48.214] Added buffer back to pool.
[DBG@19:05:48.464] Saving buffer 3.
[DBG@19:05:48.464] Saved 4096 bytes from buffer to file.
[DBG@19:05:48.464] Added buffer back to pool.
[DBG@19:05:48.724] Saving buffer 4.
[DBG@19:05:48.724] Saved 4096 bytes from buffer to file.
[DBG@19:05:48.724] Added buffer back to pool.
[DBG@19:05:48.974] Saving buffer 5.
[DBG@19:05:48.974] Saved 4096 bytes from buffer to file.
[DBG@19:05:48.974] Added buffer back to pool.
[DBG@19:05:49.234] Saving buffer 6.
[DBG@19:05:49.234] Saved 4096 bytes from buffer to file.
[DBG@19:05:49.234] Added buffer back to pool.
[DBG@19:05:49.494] Saving buffer 7.
[DBG@19:05:49.494] Saved 4096 bytes from buffer to file.
[DBG@19:05:49.494] Added buffer back to pool.
[DBG@19:05:49.744] Saving buffer 8.
[DBG@19:05:49.744] Saved 4096 bytes from buffer to file.
[DBG@19:05:49.744] Added buffer back to pool.
[DBG@19:05:50.004] Saving buffer 9.
[DBG@19:05:50.004] Saved 4096 bytes from buffer to file.
[DBG@19:05:50.004] Added buffer back to pool.
[DBG@19:05:50.254] Saving buffer 10.
[DBG@19:05:50.254] Saved 4096 bytes from buffer to file.
[DBG@19:05:50.254] Added buffer back to pool.
[DBG@19:05:50.514] Saving buffer 11.
[DBG@19:05:50.514] Saved 4096 bytes from buffer to file.
[DBG@19:05:50.514] Added buffer back to pool.
[DBG@19:05:50.774] Saving buffer 12.
[DBG@19:05:50.774] Saved 4096 bytes from buffer to file.
[DBG@19:05:50.774] Added buffer back to pool.
[DBG@19:05:51.024] Saving buffer 13.
[DBG@19:05:51.024] Saved 4096 bytes from buffer to file.
[DBG@19:05:51.024] Added buffer back to pool.
[DBG@19:05:51.284] Saving buffer 14.
[DBG@19:05:51.284] Saved 4096 bytes from buffer to file.
[DBG@19:05:51.284] Added buffer back to pool.
[DBG@19:05:51.534] Saving buffer 15.
[DBG@19:05:51.534] Saved 4096 bytes from buffer to file.
[DBG@19:05:51.534] Added buffer back to pool.
[DBG@19:05:51.794] Saving buffer 0.
[DBG@19:05:51.795] Saved 4096 bytes from buffer to file.
[DBG@19:05:51.795] Added buffer back to pool.
[DBG@19:05:52.054] Saving buffer 1.
[DBG@19:05:52.054] Saved 4096 bytes from buffer to file.
[DBG@19:05:52.054] Added buffer back to pool.
[DBG@19:05:52.304] Saving buffer 2.
[DBG@19:05:52.304] Saved 4096 bytes from buffer to file.
[DBG@19:05:52.304] Added buffer back to pool.
[DBG@19:05:52.564] Saving buffer 3.
[DBG@19:05:52.564] Saved 4096 bytes from buffer to file.
[DBG@19:05:52.564] Added buffer back to pool.
[DBG@19:05:52.814] Saving buffer 4.
[DBG@19:05:52.814] Saved 4096 bytes from buffer to file.
[DBG@19:05:52.814] Added buffer back to pool.
[DBG@19:05:53.074] Saving buffer 5.
[DBG@19:05:53.074] Saved 4096 bytes from buffer to file.
[DBG@19:05:53.074] Added buffer back to pool.
[DBG@19:05:53.334] Saving buffer 6.
[DBG@19:05:53.334] Saved 4096 bytes from buffer to file.
[DBG@19:05:53.334] Added buffer back to pool.
[DBG@19:05:53.584] Saving buffer 7.
[DBG@19:05:53.584] Saved 4096 bytes from buffer to file.
[DBG@19:05:53.584] Added buffer back to pool.
[DBG@19:05:53.844] Saving buffer 8.
[DBG@19:05:53.844] Saved 4096 bytes from buffer to file.
[DBG@19:05:53.844] Added buffer back to pool.
[DBG@19:05:54.094] Saving buffer 9.
[DBG@19:05:54.094] Saved 4096 bytes from buffer to file.
[DBG@19:05:54.156] Added buffer back to pool.
[DBG@19:05:54.354] Saving buffer 10.
[DBG@19:05:54.354] Saved 4096 bytes from buffer to file.
[DBG@19:05:54.354] Added buffer back to pool.
[DBG@19:05:54.614] Saving buffer 11.
[DBG@19:05:54.614] Saved 4096 bytes from buffer to file.
[DBG@19:05:54.614] Added buffer back to pool.
[DBG@19:05:54.864] Saving buffer 12.
[DBG@19:05:54.864] Saved 4096 bytes from buffer to file.
[DBG@19:05:54.864] Added buffer back to pool.
[DBG@19:05:55.124] Saving buffer 13.
[DBG@19:05:55.124] Saved 4096 bytes from buffer to file.
[DBG@19:05:55.124] Added buffer back to pool.
[DBG@19:05:55.373] Saving buffer 14.
[DBG@19:05:55.374] Saved 4096 bytes from buffer to file.
[DBG@19:05:55.374] Added buffer back to pool.
[DBG@19:05:55.633] Saving buffer 15.
[DBG@19:05:55.634] Saved 4096 bytes from buffer to file.
[DBG@19:05:55.634] Added buffer back to pool.
[DBG@19:05:55.893] Saving buffer 0.
[DBG@19:05:55.894] Saved 4096 bytes from buffer to file.
[DBG@19:05:55.894] Added buffer back to pool.
[DBG@19:05:56.144] Saving buffer 1.
[DBG@19:05:56.144] Saved 4096 bytes from buffer to file.
[DBG@19:05:56.144] Added buffer back to pool.
[DBG@19:05:56.403] Saving buffer 2.
[DBG@19:05:56.404] Saved 4096 bytes from buffer to file.
[DBG@19:05:56.404] Added buffer back to pool.
[DBG@19:05:56.653] Saving buffer 3.
[DBG@19:05:56.654] Saved 4096 bytes from buffer to file.
[DBG@19:05:56.654] Added buffer back to pool.
[DBG@19:05:56.913] Saving buffer 4.
[DBG@19:05:56.914] Saved 4096 bytes from buffer to file.
[DBG@19:05:56.914] Added buffer back to pool.
[DBG@19:05:57.173] Saving buffer 5.
[DBG@19:05:57.174] Saved 4096 bytes from buffer to file.
[DBG@19:05:57.174] Added buffer back to pool.
[DBG@19:05:57.423] Saving buffer 6.
[DBG@19:05:57.424] Saved 4096 bytes from buffer to file.
[DBG@19:05:57.424] Added buffer back to pool.
[DBG@19:05:57.683] Saving buffer 7.
[DBG@19:05:57.684] Saved 4096 bytes from buffer to file.
[DBG@19:05:57.684] Added buffer back to pool.
[DBG@19:05:57.933] Saving buffer 8.
[DBG@19:05:57.933] Saved 4096 bytes from buffer to file.
[DBG@19:05:57.934] Added buffer back to pool.
[DBG@19:05:58.193] Saving buffer 9.
[DBG@19:05:58.194] Saved 4096 bytes from buffer to file.
[DBG@19:05:58.194] Added buffer back to pool.
[DBG@19:05:58.453] Saving buffer 10.
[DBG@19:05:58.453] Saved 4096 bytes from buffer to file.
[DBG@19:05:58.454] Added buffer back to pool.
[DBG@19:05:58.703] Saving buffer 11.
[DBG@19:05:58.704] Saved 4096 bytes from buffer to file.
[DBG@19:05:58.704] Added buffer back to pool.
[DBG@19:05:58.963] Saving buffer 12.
[DBG@19:05:58.963] Saved 4096 bytes from buffer to file.
[DBG@19:05:58.964] Added buffer back to pool.
[DBG@19:05:59.213] Saving buffer 13.
[DBG@19:05:59.214] Saved 4096 bytes from buffer to file.
[DBG@19:05:59.214] Added buffer back to pool.
[DBG@19:05:59.473] Saving buffer 14.
[DBG@19:05:59.474] Saved 4096 bytes from buffer to file.
[DBG@19:05:59.474] Added buffer back to pool.
[DBG@19:05:59.733] Saving buffer 15.
[DBG@19:05:59.733] Saved 4096 bytes from buffer to file.
[DBG@19:05:59.734] Added buffer back to pool.
[DBG@19:05:59.983] Saving buffer 0.
[DBG@19:05:59.984] Saved 4096 bytes from buffer to file.
[DBG@19:05:59.984] Added buffer back to pool.
[DBG@19:06:00.243] Saving buffer 1.
[DBG@19:06:00.244] Saved 4096 bytes from buffer to file.
[DBG@19:06:00.244] Added buffer back to pool.
[DBG@19:06:00.493] Saving buffer 2.
[DBG@19:06:00.494] Saved 4096 bytes from buffer to file.
[DBG@19:06:00.502] Added buffer back to pool.
[DBG@19:06:00.753] Saving buffer 3.
[DBG@19:06:00.753] Saved 4096 bytes from buffer to file.
[DBG@19:06:00.754] Added buffer back to pool.
[DBG@19:06:01.013] Saving buffer 4.
[DBG@19:06:01.013] Saved 4096 bytes from buffer to file.
[DBG@19:06:01.014] Added buffer back to pool.
[DBG@19:06:01.263] Saving buffer 5.
[DBG@19:06:01.264] Saved 4096 bytes from buffer to file.
[DBG@19:06:01.283] Added buffer back to pool.
[DBG@19:06:01.523] Saving buffer 6.
[DBG@19:06:01.523] Saved 4096 bytes from buffer to file.
[DBG@19:06:01.524] Added buffer back to pool.
[DBG@19:06:01.773] Saving buffer 7.
[DBG@19:06:01.773] Saved 4096 bytes from buffer to file.
[DBG@19:06:01.773] Added buffer back to pool.
[DBG@19:06:02.033] Saving buffer 8.
[DBG@19:06:02.033] Saved 4096 bytes from buffer to file.
[DBG@19:06:02.033] Added buffer back to pool.
[DBG@19:06:02.293] Saving buffer 9.
[DBG@19:06:02.293] Saved 4096 bytes from buffer to file.
[DBG@19:06:02.293] Added buffer back to pool.
[DBG@19:06:02.543] Saving buffer 10.
[DBG@19:06:02.543] Saved 4096 bytes from buffer to file.
[DBG@19:06:02.543] Added buffer back to pool.
[DBG@19:06:02.803] Saving buffer 11.
[DBG@19:06:02.803] Saved 4096 bytes from buffer to file.
[DBG@19:06:02.803] Added buffer back to pool.
[DBG@19:06:03.053] Saving buffer 12.
[DBG@19:06:03.053] Saved 4096 bytes from buffer to file.
[DBG@19:06:03.053] Added buffer back to pool.
[DBG@19:06:03.313] Saving buffer 13.
[DBG@19:06:03.313] Saved 4096 bytes from buffer to file.
[DBG@19:06:03.313] Added buffer back to pool.
[DBG@19:06:03.573] Saving buffer 14.
[DBG@19:06:03.573] Saved 4096 bytes from buffer to file.
[DBG@19:06:03.573] Added buffer back to pool.
[DBG@19:06:03.823] Saving buffer 15.
[DBG@19:06:03.823] Saved 4096 bytes from buffer to file.
[DBG@19:06:03.823] Added buffer back to pool.
[DBG@19:06:04.083] Saving buffer 0.
[DBG@19:06:04.084] Saved 4096 bytes from buffer to file.
[DBG@19:06:04.084] Added buffer back to pool.
[DBG@19:06:04.333] Saving buffer 1.
[DBG@19:06:04.333] Saved 4096 bytes from buffer to file.
[DBG@19:06:04.333] Added buffer back to pool.
[DBG@19:06:04.593] Saving buffer 2.
[DBG@19:06:04.593] Saved 4096 bytes from buffer to file.
[DBG@19:06:04.593] Added buffer back to pool.
[DBG@19:06:04.853] Saving buffer 3.
[DBG@19:06:04.853] Saved 4096 bytes from buffer to file.
[DBG@19:06:04.853] Added buffer back to pool.
[DBG@19:06:05.103] Saving buffer 4.
[DBG@19:06:05.104] Saved 4096 bytes from buffer to file.
[DBG@19:06:05.104] Added buffer back to pool.
[DBG@19:06:05.363] Saving buffer 5.
[DBG@19:06:05.363] Saved 4096 bytes from buffer to file.
[DBG@19:06:05.363] Added buffer back to pool.
[DBG@19:06:05.613] Saving buffer 6.
[DBG@19:06:05.613] Saved 4096 bytes from buffer to file.
[DBG@19:06:05.613] Added buffer back to pool.
[DBG@19:06:05.873] Saving buffer 7.
[DBG@19:06:05.873] Saved 4096 bytes from buffer to file.
[DBG@19:06:05.873] Added buffer back to pool.
[DBG@19:06:06.133] Saving buffer 8.
[DBG@19:06:06.133] Saved 4096 bytes from buffer to file.
[DBG@19:06:06.134] Added buffer back to pool.
[DBG@19:06:06.383] Saving buffer 9.
[DBG@19:06:06.383] Saved 4096 bytes from buffer to file.
[DBG@19:06:06.384] Added buffer back to pool.
[DBG@19:06:06.643] Saving buffer 10.
[DBG@19:06:06.644] Saved 4096 bytes from buffer to file.
[DBG@19:06:06.644] Added buffer back to pool.
[DBG@19:06:06.893] Saving buffer 11.
[DBG@19:06:06.893] Saved 4096 bytes from buffer to file.
[DBG@19:06:06.894] Added buffer back to pool.
[DBG@19:06:07.153] Saving buffer 12.
[DBG@19:06:07.153] Saved 4096 bytes from buffer to file.
[DBG@19:06:07.153] Added buffer back to pool.
[DBG@19:06:07.413] Saving buffer 13.
[DBG@19:06:07.413] Saved 4096 bytes from buffer to file.
[DBG@19:06:07.414] Added buffer back to pool.
[DBG@19:06:07.663] Saving buffer 14.
[DBG@19:06:07.663] Saved 4096 bytes from buffer to file.
[DBG@19:06:07.664] Added buffer back to pool.
[DBG@19:06:07.923] Saving buffer 15.
[DBG@19:06:07.923] Saved 4096 bytes from buffer to file.
[DBG@19:06:07.923] Added buffer back to pool.
[DBG@19:06:08.173] Saving buffer 0.
[DBG@19:06:08.174] Saved 4096 bytes from buffer to file.
[DBG@19:06:08.174] Added buffer back to pool.
[DBG@19:06:08.433] Saving buffer 1.
[DBG@19:06:08.433] Saved 4096 bytes from buffer to file.
[DBG@19:06:08.433] Added buffer back to pool.
[DBG@19:06:08.693] Saving buffer 2.
[DBG@19:06:08.693] Saved 4096 bytes from buffer to file.
[DBG@19:06:08.693] Added buffer back to pool.
[DBG@19:06:08.943] Saving buffer 3.
[DBG@19:06:08.943] Saved 4096 bytes from buffer to file.
[DBG@19:06:08.943] Added buffer back to pool.
[DBG@19:06:09.203] Saving buffer 4.
[DBG@19:06:09.203] Saved 4096 bytes from buffer to file.
[DBG@19:06:09.203] Added buffer back to pool.
[DBG@19:06:09.453] Saving buffer 5.
[DBG@19:06:09.453] Saved 4096 bytes from buffer to file.
[DBG@19:06:09.453] Added buffer back to pool.
[DBG@19:06:09.713] Saving buffer 6.
[DBG@19:06:09.713] Saved 4096 bytes from buffer to file.
[DBG@19:06:09.713] Added buffer back to pool.
[DBG@19:06:09.973] Saving buffer 7.
[DBG@19:06:09.973] Saved 4096 bytes from buffer to file.
[DBG@19:06:09.973] Added buffer back to pool.
[DBG@19:06:10.223] Saving buffer 8.
[DBG@19:06:10.223] Saved 4096 bytes from buffer to file.
[DBG@19:06:10.223] Added buffer back to pool.
[DBG@19:06:10.483] Saving buffer 9.
[DBG@19:06:10.483] Saved 4096 bytes from buffer to file.
[DBG@19:06:10.483] Added buffer back to pool.
[DBG@19:06:10.733] Saving buffer 10.
[DBG@19:06:10.733] Saved 4096 bytes from buffer to file.
[DBG@19:06:10.733] Added buffer back to pool.
[DBG@19:06:10.993] Saving buffer 11.
[DBG@19:06:10.993] Saved 4096 bytes from buffer to file.
[DBG@19:06:10.993] Added buffer back to pool.
[DBG@19:06:11.253] Saving buffer 12.
[DBG@19:06:11.253] Saved 4096 bytes from buffer to file.
[DBG@19:06:11.253] Added buffer back to pool.
[DBG@19:06:11.503] Saving buffer 13.
[DBG@19:06:11.503] Saved 4096 bytes from buffer to file.
[DBG@19:06:11.503] Added buffer back to pool.
[DBG@19:06:11.763] Saving buffer 14.
[DBG@19:06:11.763] Saved 4096 bytes from buffer to file.
[DBG@19:06:11.763] Added buffer back to pool.
[DBG@19:06:12.013] Saving buffer 15.
[DBG@19:06:12.013] Saved 4096 bytes from buffer to file.
[DBG@19:06:12.013] Added buffer back to pool.
[DBG@19:06:12.273] Saving buffer 0.
[DBG@19:06:12.273] Saved 4096 bytes from buffer to file.
[DBG@19:06:12.273] Added buffer back to pool.
[DBG@19:06:12.533] Saving buffer 1.
[DBG@19:06:12.533] Saved 4096 bytes from buffer to file.
[DBG@19:06:12.533] Added buffer back to pool.
[DBG@19:06:12.783] Saving buffer 2.
[DBG@19:06:12.783] Saved 4096 bytes from buffer to file.
[DBG@19:06:12.783] Added buffer back to pool.
[DBG@19:06:13.043] Saving buffer 3.
[DBG@19:06:13.043] Saved 4096 bytes from buffer to file.
[DBG@19:06:13.043] Added buffer back to pool.
[DBG@19:06:13.293] Saving buffer 4.
[DBG@19:06:13.293] Saved 4096 bytes from buffer to file.
[DBG@19:06:13.293] Added buffer back to pool.
[DBG@19:06:13.553] Saving buffer 5.
[DBG@19:06:13.553] Saved 4096 bytes from buffer to file.
[DBG@19:06:13.553] Added buffer back to pool.
[DBG@19:06:13.813] Saving buffer 6.
[DBG@19:06:13.813] Saved 4096 bytes from buffer to file.
[DBG@19:06:13.813] Added buffer back to pool.
[DBG@19:06:14.063] Saving buffer 7.
[DBG@19:06:14.063] Saved 4096 bytes from buffer to file.
[DBG@19:06:14.063] Added buffer back to pool.
[DBG@19:06:14.323] Saving buffer 8.
[DBG@19:06:14.323] Saved 4096 bytes from buffer to file.
[DBG@19:06:14.323] Added buffer back to pool.
[DBG@19:06:14.573] Saving buffer 9.
[DBG@19:06:14.573] Saved 4096 bytes from buffer to file.
[DBG@19:06:14.573] Added buffer back to pool.
[DBG@19:06:14.833] Saving buffer 10.
[DBG@19:06:14.833] Saved 4096 bytes from buffer to file.
[DBG@19:06:14.833] Added buffer back to pool.
[DBG@19:06:15.093] Saving buffer 11.
[DBG@19:06:15.093] Saved 4096 bytes from buffer to file.
[DBG@19:06:15.093] Added buffer back to pool.
[DBG@19:06:15.343] Saving buffer 12.
[DBG@19:06:15.343] Saved 4096 bytes from buffer to file.
[DBG@19:06:15.343] Added buffer back to pool.
[DBG@19:06:15.603] Saving buffer 13.
[DBG@19:06:15.603] Saved 4096 bytes from buffer to file.
[DBG@19:06:15.603] Added buffer back to pool.
[DBG@19:06:15.853] Saving buffer 14.
[DBG@19:06:15.853] Saved 4096 bytes from buffer to file.
[DBG@19:06:15.853] Added buffer back to pool.
[DBG@19:06:16.113] Saving buffer 15.
[DBG@19:06:16.113] Saved 4096 bytes from buffer to file.
[DBG@19:06:16.113] Added buffer back to pool.
[DBG@19:06:16.373] Saving buffer 0.
[DBG@19:06:16.373] Saved 4096 bytes from buffer to file.
[DBG@19:06:16.373] Added buffer back to pool.
[DBG@19:06:16.623] Saving buffer 1.
[DBG@19:06:16.623] Saved 4096 bytes from buffer to file.
[DBG@19:06:16.623] Added buffer back to pool.
[DBG@19:06:16.883] Saving buffer 2.
[DBG@19:06:16.883] Saved 4096 bytes from buffer to file.
[DBG@19:06:16.883] Added buffer back to pool.
[DBG@19:06:17.133] Saving buffer 3.
[DBG@19:06:17.133] Saved 4096 bytes from buffer to file.
[DBG@19:06:17.133] Added buffer back to pool.
[DBG@19:06:17.393] Saving buffer 4.
[DBG@19:06:17.393] Saved 4096 bytes from buffer to file.
[DBG@19:06:17.393] Added buffer back to pool.
[DBG@19:06:17.653] Saving buffer 5.
[DBG@19:06:17.653] Saved 4096 bytes from buffer to file.
[DBG@19:06:17.653] Added buffer back to pool.
[DBG@19:06:17.903] Saving buffer 6.
[DBG@19:06:17.903] Saved 4096 bytes from buffer to file.
[DBG@19:06:17.903] Added buffer back to pool.
[DBG@19:06:18.163] Saving buffer 7.
[DBG@19:06:18.163] Saved 4096 bytes from buffer to file.
[DBG@19:06:18.163] Added buffer back to pool.
[DBG@19:06:18.413] Saving buffer 8.
[DBG@19:06:18.413] Saved 4096 bytes from buffer to file.
[DBG@19:06:18.413] Added buffer back to pool.
[DBG@19:06:18.673] Saving buffer 9.
[DBG@19:06:18.673] Saved 4096 bytes from buffer to file.
[DBG@19:06:18.673] Added buffer back to pool.
[DBG@19:06:18.933] Saving buffer 10.
[DBG@19:06:18.933] Saved 4096 bytes from buffer to file.
[DBG@19:06:18.933] Added buffer back to pool.
[DBG@19:06:19.183] Saving buffer 11.
[DBG@19:06:19.183] Saved 4096 bytes from buffer to file.
[DBG@19:06:19.183] Added buffer back to pool.
[DBG@19:06:19.443] Saving buffer 12.
[DBG@19:06:19.443] Saved 4096 bytes from buffer to file.
[DBG@19:06:19.443] Added buffer back to pool.
[DBG@19:06:19.693] Saving buffer 13.
[DBG@19:06:19.693] Saved 4096 bytes from buffer to file.
[DBG@19:06:19.693] Added buffer back to pool.
[DBG@19:06:19.952] Saving buffer 14.
[DBG@19:06:19.953] Saved 4096 bytes from buffer to file.
[DBG@19:06:19.953] Added buffer back to pool.
[DBG@19:06:20.212] Saving buffer 15.
[DBG@19:06:20.213] Saved 4096 bytes from buffer to file.
[DBG@19:06:20.213] Added buffer back to pool.
[DBG@19:06:20.462] Saving buffer 0.
[DBG@19:06:20.463] Saved 4096 bytes from buffer to file.
[DBG@19:06:20.463] Added buffer back to pool.
[DBG@19:06:20.722] Saving buffer 1.
[DBG@19:06:20.723] Saved 4096 bytes from buffer to file.
[DBG@19:06:20.723] Added buffer back to pool.
[DBG@19:06:20.972] Saving buffer 2.
[DBG@19:06:20.973] Saved 4096 bytes from buffer to file.
[DBG@19:06:20.973] Added buffer back to pool.
[DBG@19:06:21.232] Saving buffer 3.
[DBG@19:06:21.233] Saved 4096 bytes from buffer to file.
[DBG@19:06:21.233] Added buffer back to pool.
[DBG@19:06:21.492] Saving buffer 4.
[DBG@19:06:21.493] Saved 4096 bytes from buffer to file.
[DBG@19:06:21.493] Added buffer back to pool.
[DBG@19:06:21.742] Saving buffer 5.
[DBG@19:06:21.743] Saved 4096 bytes from buffer to file.
[DBG@19:06:21.743] Added buffer back to pool.
[DBG@19:06:22.002] Saving buffer 6.
[DBG@19:06:22.003] Saved 4096 bytes from buffer to file.
[DBG@19:06:22.003] Added buffer back to pool.
[DBG@19:06:22.252] Saving buffer 7.
[DBG@19:06:22.253] Saved 4096 bytes from buffer to file.
[DBG@19:06:22.253] Added buffer back to pool.
[DBG@19:06:22.512] Saving buffer 8.
[DBG@19:06:22.513] Saved 4096 bytes from buffer to file.
[DBG@19:06:22.513] Added buffer back to pool.
[DBG@19:06:22.772] Saving buffer 9.
[DBG@19:06:22.773] Saved 4096 bytes from buffer to file.
[DBG@19:06:22.773] Added buffer back to pool.
[DBG@19:06:23.022] Saving buffer 10.
[DBG@19:06:23.022] Saved 4096 bytes from buffer to file.
[DBG@19:06:23.023] Added buffer back to pool.
[DBG@19:06:23.282] Saving buffer 11.
[DBG@19:06:23.282] Saved 4096 bytes from buffer to file.
[DBG@19:06:23.283] Added buffer back to pool.
[DBG@19:06:23.533] Saving buffer 12.
[DBG@19:06:23.533] Saved 4096 bytes from buffer to file.
[DBG@19:06:23.533] Added buffer back to pool.
[DBG@19:06:23.792] Saving buffer 13.
[DBG@19:06:23.792] Saved 4096 bytes from buffer to file.
[DBG@19:06:23.793] Added buffer back to pool.
[DBG@19:06:24.052] Saving buffer 14.
[DBG@19:06:24.053] Saved 4096 bytes from buffer to file.
[DBG@19:06:24.053] Added buffer back to pool.
[DBG@19:06:24.302] Saving buffer 15.
[DBG@19:06:24.303] Saved 4096 bytes from buffer to file.
[DBG@19:06:24.303] Added buffer back to pool.
[DBG@19:06:24.562] Saving buffer 0.
[DBG@19:06:24.564] Saved 4096 bytes from buffer to file.
[DBG@19:06:24.564] Added buffer back to pool.
[DBG@19:06:24.812] Saving buffer 1.
[DBG@19:06:24.813] Saved 4096 bytes from buffer to file.
[DBG@19:06:24.813] Added buffer back to pool.
[DBG@19:06:25.072] Saving buffer 2.
[DBG@19:06:25.072] Saved 4096 bytes from buffer to file.
[DBG@19:06:25.073] Added buffer back to pool.
[DBG@19:06:25.332] Saving buffer 3.
[DBG@19:06:25.332] Saved 4096 bytes from buffer to file.
[DBG@19:06:25.333] Added buffer back to pool.
[DBG@19:06:25.582] Saving buffer 4.
[DBG@19:06:25.583] Saved 4096 bytes from buffer to file.
[DBG@19:06:25.583] Added buffer back to pool.
[DBG@19:06:25.842] Saving buffer 5.
[DBG@19:06:25.843] Saved 4096 bytes from buffer to file.
[DBG@19:06:25.843] Added buffer back to pool.
[DBG@19:06:26.092] Saving buffer 6.
[DBG@19:06:26.092] Saved 4096 bytes from buffer to file.
[DBG@19:06:26.092] Added buffer back to pool.
[DBG@19:06:26.352] Saving buffer 7.
[DBG@19:06:26.352] Saved 4096 bytes from buffer to file.
[DBG@19:06:26.352] Added buffer back to pool.
[DBG@19:06:26.612] Saving buffer 8.
[DBG@19:06:26.612] Saved 4096 bytes from buffer to file.
[DBG@19:06:26.613] Added buffer back to pool.
[DBG@19:06:26.862] Saving buffer 9.
[DBG@19:06:26.862] Saved 4096 bytes from buffer to file.
[DBG@19:06:26.862] Added buffer back to pool.
[DBG@19:06:27.123] Saving buffer 10.
[DBG@19:06:27.123] Saved 4096 bytes from buffer to file.
[DBG@19:06:27.123] Added buffer back to pool.
[DBG@19:06:27.373] Saving buffer 11.
[DBG@19:06:27.373] Saved 4096 bytes from buffer to file.
[DBG@19:06:27.373] Added buffer back to pool.
[DBG@19:06:27.632] Saving buffer 12.
[DBG@19:06:27.632] Saved 4096 bytes from buffer to file.
[DBG@19:06:27.632] Added buffer back to pool.
[DBG@19:06:27.892] Saving buffer 13.
[DBG@19:06:27.893] Saved 4096 bytes from buffer to file.
[DBG@19:06:27.893] Added buffer back to pool.
[DBG@19:06:28.142] Saving buffer 14.
[DBG@19:06:28.143] Saved 4096 bytes from buffer to file.
[DBG@19:06:28.143] Added buffer back to pool.
[DBG@19:06:28.402] Saving buffer 15.
[DBG@19:06:28.402] Saved 4096 bytes from buffer to file.
[DBG@19:06:28.402] Added buffer back to pool.
[DBG@19:06:28.652] Saving buffer 0.
[DBG@19:06:28.654] Saved 4096 bytes from buffer to file.
[DBG@19:06:28.655] Added buffer back to pool.
[DBG@19:06:28.912] Saving buffer 1.
[DBG@19:06:28.912] Saved 4096 bytes from buffer to file.
[DBG@19:06:28.912] Added buffer back to pool.
[DBG@19:06:29.172] Saving buffer 2.
[DBG@19:06:29.172] Saved 4096 bytes from buffer to file.
[DBG@19:06:29.172] Added buffer back to pool.
[DBG@19:06:29.422] Saving buffer 3.
[DBG@19:06:29.422] Saved 4096 bytes from buffer to file.
[DBG@19:06:29.422] Added buffer back to pool.
[DBG@19:06:29.682] Saving buffer 4.
[DBG@19:06:29.682] Saved 4096 bytes from buffer to file.
[DBG@19:06:29.682] Added buffer back to pool.
[DBG@19:06:29.932] Saving buffer 5.
[DBG@19:06:29.932] Saved 4096 bytes from buffer to file.
[DBG@19:06:29.932] Added buffer back to pool.
[DBG@19:06:30.192] Saving buffer 6.
[DBG@19:06:30.192] Saved 4096 bytes from buffer to file.
[DBG@19:06:30.192] Added buffer back to pool.
[DBG@19:06:30.452] Saving buffer 7.
[DBG@19:06:30.452] Saved 4096 bytes from buffer to file.
[DBG@19:06:30.452] Added buffer back to pool.
[DBG@19:06:30.702] Saving buffer 8.
[DBG@19:06:30.702] Saved 4096 bytes from buffer to file.
[DBG@19:06:30.702] Added buffer back to pool.
[DBG@19:06:30.962] Saving buffer 9.
[DBG@19:06:30.962] Saved 4096 bytes from buffer to file.
[DBG@19:06:30.962] Added buffer back to pool.
[DBG@19:06:31.212] Saving buffer 10.
[DBG@19:06:31.212] Saved 4096 bytes from buffer to file.
[DBG@19:06:31.212] Added buffer back to pool.
[DBG@19:06:31.472] Saving buffer 11.
[DBG@19:06:31.472] Saved 4096 bytes from buffer to file.
[DBG@19:06:31.472] Added buffer back to pool.
[DBG@19:06:31.732] Saving buffer 12.
[DBG@19:06:31.732] Saved 4096 bytes from buffer to file.
[DBG@19:06:31.732] Added buffer back to pool.
[DBG@19:06:31.982] Saving buffer 13.
[DBG@19:06:31.982] Saved 4096 bytes from buffer to file.
[DBG@19:06:31.982] Added buffer back to pool.
[DBG@19:06:32.242] Saving buffer 14.
[DBG@19:06:32.242] Saved 4096 bytes from buffer to file.
[DBG@19:06:32.242] Added buffer back to pool.
[DBG@19:06:32.492] Saving buffer 15.
[DBG@19:06:32.492] Saved 4096 bytes from buffer to file.
[DBG@19:06:32.492] Added buffer back to pool.
[DBG@19:06:32.752] Saving buffer 0.
[DBG@19:06:32.753] Saved 4096 bytes from buffer to file.
[DBG@19:06:32.753] Added buffer back to pool.
[DBG@19:06:33.012] Saving buffer 1.
[DBG@19:06:33.012] Saved 4096 bytes from buffer to file.
[DBG@19:06:33.012] Added buffer back to pool.
[DBG@19:06:33.262] Saving buffer 2.
[DBG@19:06:33.262] Saved 4096 bytes from buffer to file.
[DBG@19:06:33.262] Added buffer back to pool.
[DBG@19:06:33.522] Saving buffer 3.
[DBG@19:06:33.522] Saved 4096 bytes from buffer to file.
[DBG@19:06:33.522] Added buffer back to pool.
[DBG@19:06:33.772] Saving buffer 4.
[DBG@19:06:33.772] Saved 4096 bytes from buffer to file.
[DBG@19:06:33.772] Added buffer back to pool.
[DBG@19:06:34.032] Saving buffer 5.
[DBG@19:06:34.032] Saved 4096 bytes from buffer to file.
[DBG@19:06:34.033] Added buffer back to pool.
[DBG@19:06:34.292] Saving buffer 6.
[DBG@19:06:34.292] Saved 4096 bytes from buffer to file.
[DBG@19:06:34.292] Added buffer back to pool.
[DBG@19:06:34.542] Saving buffer 7.
[DBG@19:06:34.542] Saved 4096 bytes from buffer to file.
[DBG@19:06:34.542] Added buffer back to pool.
[DBG@19:06:34.802] Saving buffer 8.
[DBG@19:06:34.802] Saved 4096 bytes from buffer to file.
[DBG@19:06:34.802] Added buffer back to pool.
[DBG@19:06:35.052] Saving buffer 9.
[DBG@19:06:35.052] Saved 4096 bytes from buffer to file.
[DBG@19:06:35.052] Added buffer back to pool.
[DBG@19:06:35.312] Saving buffer 10.
[DBG@19:06:35.312] Saved 4096 bytes from buffer to file.
[DBG@19:06:35.312] Added buffer back to pool.
[DBG@19:06:35.572] Saving buffer 11.
[DBG@19:06:35.572] Saved 4096 bytes from buffer to file.
[DBG@19:06:35.573] Added buffer back to pool.
[DBG@19:06:35.822] Saving buffer 12.
[DBG@19:06:35.822] Saved 4096 bytes from buffer to file.
[DBG@19:06:35.822] Added buffer back to pool.
[DBG@19:06:36.082] Saving buffer 13.
[DBG@19:06:36.082] Saved 4096 bytes from buffer to file.
[DBG@19:06:36.082] Added buffer back to pool.
[DBG@19:06:36.332] Saving buffer 14.
[DBG@19:06:36.332] Saved 4096 bytes from buffer to file.
[DBG@19:06:36.332] Added buffer back to pool.
[DBG@19:06:36.592] Saving buffer 15.
[DBG@19:06:36.592] Saved 4096 bytes from buffer to file.
[DBG@19:06:36.592] Added buffer back to pool.
[DBG@19:06:36.852] Saving buffer 0.
[DBG@19:06:36.853] Saved 4096 bytes from buffer to file.
[DBG@19:06:36.853] Added buffer back to pool.
[DBG@19:06:37.102] Saving buffer 1.
[DBG@19:06:37.102] Saved 4096 bytes from buffer to file.
[DBG@19:06:37.102] Added buffer back to pool.
[DBG@19:06:37.362] Saving buffer 2.
[DBG@19:06:37.362] Saved 4096 bytes from buffer to file.
[DBG@19:06:37.362] Added buffer back to pool.
[DBG@19:06:37.612] Saving buffer 3.
[DBG@19:06:37.612] Saved 4096 bytes from buffer to file.
[DBG@19:06:37.612] Added buffer back to pool.
[DBG@19:06:37.872] Saving buffer 4.
[DBG@19:06:37.872] Saved 4096 bytes from buffer to file.
[DBG@19:06:37.872] Added buffer back to pool.
[DBG@19:06:38.132] Saving buffer 5.
[DBG@19:06:38.132] Saved 4096 bytes from buffer to file.
[DBG@19:06:38.132] Added buffer back to pool.
[DBG@19:06:38.382] Saving buffer 6.
[DBG@19:06:38.382] Saved 4096 bytes from buffer to file.
[DBG@19:06:38.382] Added buffer back to pool.
[DBG@19:06:38.642] Saving buffer 7.
[DBG@19:06:38.642] Saved 4096 bytes from buffer to file.
[DBG@19:06:38.642] Added buffer back to pool.
[DBG@19:06:38.892] Saving buffer 8.
[DBG@19:06:38.892] Saved 4096 bytes from buffer to file.
[DBG@19:06:38.892] Added buffer back to pool.
[DBG@19:06:39.152] Saving buffer 9.
[DBG@19:06:39.152] Saved 4096 bytes from buffer to file.
[DBG@19:06:39.152] Added buffer back to pool.
[DBG@19:06:39.412] Saving buffer 10.
[DBG@19:06:39.412] Saved 4096 bytes from buffer to file.
[DBG@19:06:39.412] Added buffer back to pool.
[DBG@19:06:39.662] Saving buffer 11.
[DBG@19:06:39.662] Saved 4096 bytes from buffer to file.
[DBG@19:06:39.662] Added buffer back to pool.
[DBG@19:06:39.922] Saving buffer 12.
[DBG@19:06:39.922] Saved 4096 bytes from buffer to file.
[DBG@19:06:39.922] Added buffer back to pool.
[DBG@19:06:40.172] Saving buffer 13.
[DBG@19:06:40.172] Saved 4096 bytes from buffer to file.
[DBG@19:06:40.172] Added buffer back to pool.
[DBG@19:06:40.432] Saving buffer 14.
[DBG@19:06:40.432] Saved 4096 bytes from buffer to file.
[DBG@19:06:40.432] Added buffer back to pool.
[DBG@19:06:40.692] Saving buffer 15.
[DBG@19:06:40.692] Saved 4096 bytes from buffer to file.
[DBG@19:06:40.692] Added buffer back to pool.
[DBG@19:06:40.942] Saving buffer 0.
[DBG@19:06:40.942] Saved 4096 bytes from buffer to file.
[DBG@19:06:40.943] Added buffer back to pool.
[DBG@19:06:41.202] Saving buffer 1.
[DBG@19:06:41.202] Saved 4096 bytes from buffer to file.
[DBG@19:06:41.202] Added buffer back to pool.
[DBG@19:06:41.452] Saving buffer 2.
[DBG@19:06:41.452] Saved 4096 bytes from buffer to file.
[DBG@19:06:41.452] Added buffer back to pool.
[DBG@19:06:41.712] Saving buffer 3.
[DBG@19:06:41.712] Saved 4096 bytes from buffer to file.
[DBG@19:06:41.712] Added buffer back to pool.
[DBG@19:06:41.972] Saving buffer 4.
[DBG@19:06:41.972] Saved 4096 bytes from buffer to file.
[DBG@19:06:41.972] Added buffer back to pool.
[DBG@19:06:42.222] Saving buffer 5.
[DBG@19:06:42.222] Saved 4096 bytes from buffer to file.
[DBG@19:06:42.222] Added buffer back to pool.
[DBG@19:06:42.482] Saving buffer 6.
[DBG@19:06:42.482] Saved 4096 bytes from buffer to file.
[DBG@19:06:42.482] Added buffer back to pool.
[DBG@19:06:42.732] Saving buffer 7.
[DBG@19:06:42.732] Saved 4096 bytes from buffer to file.
[DBG@19:06:42.732] Added buffer back to pool.
[DBG@19:06:42.992] Saving buffer 8.
[DBG@19:06:42.992] Saved 4096 bytes from buffer to file.
[DBG@19:06:42.992] Added buffer back to pool.
[DBG@19:06:43.252] Saving buffer 9.
[DBG@19:06:43.252] Saved 4096 bytes from buffer to file.
[DBG@19:06:43.252] Added buffer back to pool.
[DBG@19:06:43.502] Saving buffer 10.
[DBG@19:06:43.502] Saved 4096 bytes from buffer to file.
[DBG@19:06:43.502] Added buffer back to pool.
[DBG@19:06:43.762] Saving buffer 11.
[DBG@19:06:43.762] Saved 4096 bytes from buffer to file.
[DBG@19:06:43.762] Added buffer back to pool.
[DBG@19:06:44.012] Saving buffer 12.
[DBG@19:06:44.012] Saved 4096 bytes from buffer to file.
[DBG@19:06:44.012] Added buffer back to pool.
[DBG@19:06:44.272] Saving buffer 13.
[DBG@19:06:44.272] Saved 4096 bytes from buffer to file.
[DBG@19:06:44.272] Added buffer back to pool.
[DBG@19:06:44.532] Saving buffer 14.
[DBG@19:06:44.532] Saved 4096 bytes from buffer to file.
[DBG@19:06:44.532] Added buffer back to pool.
[DBG@19:06:44.781] Saving buffer 15.
[DBG@19:06:44.782] Saved 4096 bytes from buffer to file.
[DBG@19:06:44.782] Added buffer back to pool.
[DBG@19:06:45.041] Saving buffer 0.
[DBG@19:06:45.042] Saved 4096 bytes from buffer to file.
[DBG@19:06:45.042] Added buffer back to pool.
[DBG@19:06:45.291] Saving buffer 1.
[DBG@19:06:45.292] Saved 4096 bytes from buffer to file.
[DBG@19:06:45.292] Added buffer back to pool.
[DBG@19:06:45.551] Saving buffer 2.
[DBG@19:06:45.552] Saved 4096 bytes from buffer to file.
[DBG@19:06:45.552] Added buffer back to pool.
[DBG@19:06:45.811] Saving buffer 3.
[DBG@19:06:45.812] Saved 4096 bytes from buffer to file.
[DBG@19:06:45.812] Added buffer back to pool.
[DBG@19:06:46.061] Saving buffer 4.
[DBG@19:06:46.062] Saved 4096 bytes from buffer to file.
[DBG@19:06:46.062] Added buffer back to pool.
[DBG@19:06:46.321] Saving buffer 5.
[DBG@19:06:46.322] Saved 4096 bytes from buffer to file.
[DBG@19:06:46.322] Added buffer back to pool.
[DBG@19:06:46.571] Saving buffer 6.
[DBG@19:06:46.572] Saved 4096 bytes from buffer to file.
[DBG@19:06:46.572] Added buffer back to pool.
[DBG@19:06:46.831] Saving buffer 7.
[DBG@19:06:46.832] Saved 4096 bytes from buffer to file.
[DBG@19:06:46.832] Added buffer back to pool.
[DBG@19:06:47.091] Saving buffer 8.
[DBG@19:06:47.092] Saved 4096 bytes from buffer to file.
[DBG@19:06:47.092] Added buffer back to pool.
[DBG@19:06:47.341] Saving buffer 9.
[DBG@19:06:47.342] Saved 4096 bytes from buffer to file.
[DBG@19:06:47.342] Added buffer back to pool.
[DBG@19:06:47.601] Saving buffer 10.
[DBG@19:06:47.602] Saved 4096 bytes from buffer to file.
[DBG@19:06:47.602] Added buffer back to pool.
[DBG@19:06:47.851] Saving buffer 11.
[DBG@19:06:47.851] Saved 4096 bytes from buffer to file.
[DBG@19:06:47.852] Added buffer back to pool.
[DBG@19:06:48.111] Saving buffer 12.
[DBG@19:06:48.111] Saved 4096 bytes from buffer to file.
[DBG@19:06:48.112] Added buffer back to pool.
[DBG@19:06:48.371] Saving buffer 13.
[DBG@19:06:48.371] Saved 4096 bytes from buffer to file.
[DBG@19:06:48.372] Added buffer back to pool.
[DBG@19:06:48.621] Saving buffer 14.
[DBG@19:06:48.621] Saved 4096 bytes from buffer to file.
[DBG@19:06:48.622] Added buffer back to pool.
[DBG@19:06:48.881] Saving buffer 15.
[DBG@19:06:48.881] Saved 4096 bytes from buffer to file.
[DBG@19:06:48.882] Added buffer back to pool.
[DBG@19:06:49.131] Saving buffer 0.
[DBG@19:06:49.132] Saved 4096 bytes from buffer to file.
[DBG@19:06:49.132] Added buffer back to pool.
[DBG@19:06:49.391] Saving buffer 1.
[DBG@19:06:49.391] Saved 4096 bytes from buffer to file.
[DBG@19:06:49.392] Added buffer back to pool.
[DBG@19:06:49.651] Saving buffer 2.
[DBG@19:06:49.651] Saved 4096 bytes from buffer to file.
[DBG@19:06:49.652] Added buffer back to pool.
[DBG@19:06:49.901] Saving buffer 3.
[DBG@19:06:49.901] Saved 4096 bytes from buffer to file.
[DBG@19:06:49.902] Added buffer back to pool.
[DBG@19:06:50.161] Saving buffer 4.
[DBG@19:06:50.161] Saved 4096 bytes from buffer to file.
[DBG@19:06:50.162] Added buffer back to pool.
[DBG@19:06:50.411] Saving buffer 5.
[DBG@19:06:50.411] Saved 4096 bytes from buffer to file.
[DBG@19:06:50.412] Added buffer back to pool.
[DBG@19:06:50.671] Saving buffer 6.
[DBG@19:06:50.671] Saved 4096 bytes from buffer to file.
[DBG@19:06:50.672] Added buffer back to pool.
[DBG@19:06:50.931] Saving buffer 7.
[DBG@19:06:50.931] Saved 4096 bytes from buffer to file.
[DBG@19:06:50.932] Added buffer back to pool.
[DBG@19:06:51.181] Saving buffer 8.
[DBG@19:06:51.181] Saved 4096 bytes from buffer to file.
[DBG@19:06:51.181] Added buffer back to pool.
[DBG@19:06:51.441] Saving buffer 9.
[DBG@19:06:51.441] Saved 4096 bytes from buffer to file.
[DBG@19:06:51.442] Added buffer back to pool.
[DBG@19:06:51.691] Saving buffer 10.
[DBG@19:06:51.691] Saved 4096 bytes from buffer to file.
[DBG@19:06:51.691] Added buffer back to pool.
[DBG@19:06:51.951] Saving buffer 11.
[DBG@19:06:51.951] Saved 4096 bytes from buffer to file.
[DBG@19:06:51.952] Added buffer back to pool.
[DBG@19:06:52.211] Saving buffer 12.
[DBG@19:06:52.211] Saved 4096 bytes from buffer to file.
[DBG@19:06:52.211] Added buffer back to pool.
[DBG@19:06:52.461] Saving buffer 13.
[DBG@19:06:52.461] Saved 4096 bytes from buffer to file.
[DBG@19:06:52.461] Added buffer back to pool.
[DBG@19:06:52.721] Saving buffer 14.
[DBG@19:06:52.721] Saved 4096 bytes from buffer to file.
[DBG@19:06:52.721] Added buffer back to pool.
[DBG@19:06:52.971] Saving buffer 15.
[DBG@19:06:52.971] Saved 4096 bytes from buffer to file.
[DBG@19:06:52.971] Added buffer back to pool.
[DBG@19:06:53.231] Saving buffer 0.
[DBG@19:06:53.233] Saved 4096 bytes from buffer to file.
[DBG@19:06:53.233] Added buffer back to pool.
[DBG@19:06:53.491] Saving buffer 1.
[DBG@19:06:53.491] Saved 4096 bytes from buffer to file.
[DBG@19:06:53.491] Added buffer back to pool.
[DBG@19:06:53.741] Saving buffer 2.
[DBG@19:06:53.741] Saved 4096 bytes from buffer to file.
[DBG@19:06:53.741] Added buffer back to pool.
[DBG@19:06:54.001] Saving buffer 3.
[DBG@19:06:54.001] Saved 4096 bytes from buffer to file.
[DBG@19:06:54.002] Added buffer back to pool.
[DBG@19:06:54.251] Saving buffer 4.
[DBG@19:06:54.251] Saved 4096 bytes from buffer to file.
[DBG@19:06:54.251] Added buffer back to pool.
[DBG@19:06:54.511] Saving buffer 5.
[DBG@19:06:54.511] Saved 4096 bytes from buffer to file.
[DBG@19:06:54.511] Added buffer back to pool.
[DBG@19:06:54.771] Saving buffer 6.
[DBG@19:06:54.771] Saved 4096 bytes from buffer to file.
[DBG@19:06:54.771] Added buffer back to pool.
[DBG@19:06:55.021] Saving buffer 7.
[DBG@19:06:55.021] Saved 4096 bytes from buffer to file.
[DBG@19:06:55.021] Added buffer back to pool.
[DBG@19:06:55.281] Saving buffer 8.
[DBG@19:06:55.281] Saved 4096 bytes from buffer to file.
[DBG@19:06:55.281] Added buffer back to pool.
[DBG@19:06:55.531] Saving buffer 9.
[DBG@19:06:55.531] Saved 4096 bytes from buffer to file.
[DBG@19:06:55.531] Added buffer back to pool.
[DBG@19:06:55.791] Saving buffer 10.
[DBG@19:06:55.791] Saved 4096 bytes from buffer to file.
[DBG@19:06:55.791] Added buffer back to pool.
[DBG@19:06:56.051] Saving buffer 11.
[DBG@19:06:56.051] Saved 4096 bytes from buffer to file.
[DBG@19:06:56.051] Added buffer back to pool.
[DBG@19:06:56.301] Saving buffer 12.
[DBG@19:06:56.301] Saved 4096 bytes from buffer to file.
[DBG@19:06:56.301] Added buffer back to pool.
[DBG@19:06:56.561] Saving buffer 13.
[DBG@19:06:56.561] Saved 4096 bytes from buffer to file.
[DBG@19:06:56.561] Added buffer back to pool.
[DBG@19:06:56.811] Saving buffer 14.
[DBG@19:06:56.811] Saved 4096 bytes from buffer to file.
[DBG@19:06:56.811] Added buffer back to pool.
[DBG@19:06:57.071] Saving buffer 15.
[DBG@19:06:57.071] Saved 4096 bytes from buffer to file.
[DBG@19:06:57.071] Added buffer back to pool.
[DBG@19:06:57.331] Saving buffer 0.
[DBG@19:06:57.332] Saved 4096 bytes from buffer to file.
[DBG@19:06:57.332] Added buffer back to pool.
[DBG@19:06:57.581] Saving buffer 1.
[DBG@19:06:57.581] Saved 4096 bytes from buffer to file.
[DBG@19:06:57.581] Added buffer back to pool.
[DBG@19:06:57.841] Saving buffer 2.
[DBG@19:06:57.841] Saved 4096 bytes from buffer to file.
[DBG@19:06:57.841] Added buffer back to pool.
[DBG@19:06:58.091] Saving buffer 3.
[DBG@19:06:58.091] Saved 4096 bytes from buffer to file.
[DBG@19:06:58.091] Added buffer back to pool.
[DBG@19:06:58.351] Saving buffer 4.
[DBG@19:06:58.351] Saved 4096 bytes from buffer to file.
[DBG@19:06:58.351] Added buffer back to pool.
[DBG@19:06:58.611] Saving buffer 5.
[DBG@19:06:58.611] Saved 4096 bytes from buffer to file.
[DBG@19:06:58.611] Added buffer back to pool.
[DBG@19:06:58.861] Saving buffer 6.
[DBG@19:06:58.861] Saved 4096 bytes from buffer to file.
[DBG@19:06:58.861] Added buffer back to pool.
[DBG@19:06:59.121] Saving buffer 7.
[DBG@19:06:59.121] Saved 4096 bytes from buffer to file.
[DBG@19:06:59.121] Added buffer back to pool.
[DBG@19:06:59.371] Saving buffer 8.
[DBG@19:06:59.371] Saved 4096 bytes from buffer to file.
[DBG@19:06:59.371] Added buffer back to pool.
[DBG@19:06:59.631] Saving buffer 9.
[DBG@19:06:59.631] Saved 4096 bytes from buffer to file.
[DBG@19:06:59.631] Added buffer back to pool.
[DBG@19:06:59.891] Saving buffer 10.
[DBG@19:06:59.891] Saved 4096 bytes from buffer to file.
[DBG@19:06:59.891] Added buffer back to pool.
[DBG@19:07:00.141] Saving buffer 11.
[DBG@19:07:00.141] Saved 4096 bytes from buffer to file.
[DBG@19:07:00.141] Added buffer back to pool.
[DBG@19:07:00.401] Saving buffer 12.
[DBG@19:07:00.401] Saved 4096 bytes from buffer to file.
[DBG@19:07:00.401] Added buffer back to pool.
[DBG@19:07:00.651] Saving buffer 13.
[DBG@19:07:00.651] Saved 4096 bytes from buffer to file.
[DBG@19:07:00.651] Added buffer back to pool.
[DBG@19:07:00.911] Saving buffer 14.
[DBG@19:07:00.911] Saved 4096 bytes from buffer to file.
[DBG@19:07:00.911] Added buffer back to pool.
[STD@19:07:00.940] Stopping device
[DBG@19:07:00.940] Saving buffer 15.
[DBG@19:07:00.941] Saved 384 bytes from buffer to file.
[DBG@19:07:00.941] Added buffer back to pool.
[DBG@19:07:00.941] waveInReset (0)
[STD@19:07:00.941] Closing wave file
