INFO: \Projects\RoomLine-Blackmore\Agents\sphinx2\src\libsphinx2\fbs_main.c(1210): Previous logfile: '..\..\logs\LetsGoPublic\20061122\016\LetsGoPublic-20061122-016-sphinx_male.log'
sphinx_client \
 -live TRUE \
 -normmean TRUE \
 -nmprior TRUE \
 -samp 8000 \
 -topsenfrm 4 \
 -topsenthresh \
 -80000 \
 -fwdflat FALSE \
 -compallsen TRUE \
 -bestpath FALSE \
 -latsize 500000 \
 -top 4 \
 -fillpen 1e-10 \
 -nwpen 0.01 \
 -silpen 0.005 \
 -inspen 0.65 \
 -langwt 8.5 \
 -ugwt 0.7 \
 -beam 2e-6 \
 -npbeam 2e-6 \
 -nwbeam 5e-4 \
 -lpbeam 2e-5 \
 -lponlybeam 5e-4 \
 -fwdflatbeam 1e-8 \
 -fwdflatnwbeam 3e-4 \
 -rescorelw 9.5 \
 -lmctlfn LanguageModel/LetsGoPublic2.371/LetsGoPublic_LM.ctl \
 -dictfn Dictionary/LetsGoPublic2.371/vocab.dic \
 -ndictfn Dictionary/LetsGoPublic2.371/noise.dic \
 -phnfn adapted\LetsGoPublic2.615\male.sphinx2\phone \
 -mapfn adapted\LetsGoPublic2.615\male.sphinx2\map \
 -sendumpfn adapted\LetsGoPublic2.615\male.sphinx2\sendump \
 -hmmdir adapted\LetsGoPublic2.615\male.sphinx2 \
 -hmmdirlist adapted\LetsGoPublic2.615\male.sphinx2 \
 -cbdir adapted\LetsGoPublic2.615\male.sphinx2 \
 -8bsen TRUE \
 -logfn .\sphinx_male.log \
 -argfile male-phone.arg 

[21:00:27.749] Processing input...
[21:00:27.750] Received 27 bytes...
[21:00:27.750] Processing command: engine_set_lm first_query 

[21:00:27.750] set lm: first_query
INFO: \Projects\RoomLine-Blackmore\Agents\sphinx2\src\libsphinx2\search.c(3619): Creating search tree
INFO: \Projects\RoomLine-Blackmore\Agents\sphinx2\src\libsphinx2\search.c(3742): 339 root, 50227 non-root channels, 30 single-phone words
INFO: \Projects\RoomLine-Blackmore\Agents\sphinx2\src\libsphinx2\uttproc.c(1752): LM= "first_query"
[21:00:38.287] Processing input...
[21:00:38.287] Received 27 bytes...
[21:00:38.287] Processing command: engine_begin_utt 000 55552

[21:00:38.287] begin utt: 000 (55552)
INFO: \Projects\RoomLine-Blackmore\Agents\sphinx2\src\libsphinx2\uttproc.c(1195): Livemode
[21:00:38.288] Processing input...
[21:00:38.288] Received 6678 bytes...
[21:00:38.288] Processing command: engine_proc_raw 6656 

[21:00:38.288] prepare to proc raw
[21:00:38.288] Processing raw data ...
[21:00:38.288] 6656 bytes raw data received
[21:00:38.536] Processing input...
[21:00:38.536] Received 22 bytes...
[21:00:38.536] Processing command: engine_proc_raw 1792 

[21:00:38.536] prepare to proc raw
[21:00:38.536] Processing input...
[21:00:38.536] Received 1792 bytes...
[21:00:38.536] Processing raw data ...
[21:00:38.536] 1792 bytes raw data received
[21:00:38.620] Processing input...
[21:00:38.620] Received 21 bytes...
[21:00:38.620] Processing command: engine_proc_partial 

[21:00:38.620] proc partial result (40): TELL 
[21:00:38.620] Sending:
 {c properties 											:partial_hyp "TELL " 											:engine_name "male"											:start_timestamp "55552" 											:end_timestamp "55952" 											:frame_num "40" 										}
[21:00:38.621] Sent

[21:00:38.848] Processing input...
[21:00:38.848] Received 22 bytes...
[21:00:38.848] Processing command: engine_proc_raw 4352 

[21:00:38.848] prepare to proc raw
[21:00:38.848] Processing input...
[21:00:38.848] Received 4373 bytes...
[21:00:38.848] Processing raw data ...
[21:00:38.848] 4352 bytes raw data received
[21:00:39.027] Processing command: engine_proc_partial 

[21:00:39.028] proc partial result (67): HELP THE 
[21:00:39.028] Sending:
 {c properties 											:partial_hyp "HELP THE " 											:engine_name "male"											:start_timestamp "55552" 											:end_timestamp "56222" 											:frame_num "67" 										}
[21:00:39.028] Sent

[21:00:39.176] Processing input...
[21:00:39.176] Received 16 bytes...
[21:00:39.176] Processing command: engine_end_utt 

[21:00:39.176] end utt: 000
INFO: \Projects\RoomLine-Blackmore\Agents\sphinx2\src\libsphinx2\uttproc.c(1391): Samples histogram (000) (4/8/16/30/32K): 96.3%(6161) 3.6%(228) 0.2%(11) 0.0%(0) 0.0%(0); max: 9878
INFO: \Projects\RoomLine-Blackmore\Agents\sphinx2\src\libsphinx2\sc_vq.c(576): VQ-TIME= 0.1sec, SCR-TIME= 0.1sec (CPU)
INFO: \Projects\RoomLine-Blackmore\Agents\sphinx2\src\libsphinx2\live_norm.c(168): mean_norm_update: from < 10.32  0.44 -0.62 -0.06 -0.36 -0.17 -0.27 -0.12 -0.25 -0.09 -0.19 -0.16 -0.16 >
INFO: \Projects\RoomLine-Blackmore\Agents\sphinx2\src\libsphinx2\live_norm.c(185): mean_norm_update: to   < 10.19  0.38 -0.56 -0.06 -0.35 -0.17 -0.28 -0.12 -0.24 -0.10 -0.18 -0.16 -0.16 >
[21:00:39.179] Processing input...
[21:00:39.179] Received 20 bytes...
[21:00:39.179] Processing command: engine_proc_result 

[21:00:39.179] proc result
	SFrm Efrm        AScr       LScr   BSDiff TSDiffPF   Conf LatDen Word (FWDTREE) (000)
	---------------------------------------------------------------------
	   0   15    -2832064          0  -174914   -32684  -1.00     14 <s>
	  16   46    -4524041    -378112   -33746   -25336   0.31     29 HELP
	  47   65    -3189418    -467990  -456920   -35067   0.27     26 THE(3)
	  66   70    -1031895    -245002  -790623   -62814  -1.00     17 </s>
	---------------------------------------------------------------------
	   0   70   -11577418   -1091104  -790623   -62814               000(TOTAL)
INFO: \Projects\RoomLine-Blackmore\Agents\sphinx2\src\libsphinx2\search.c(2756): FWDTREE: HELP THE  (000 -12668522 (A=-11577418 L=-1091104))
INFO: \Projects\RoomLine-Blackmore\Agents\sphinx2\src\libsphinx2\search.c(2842):     1131 words recognized (16/fr)
INFO: \Projects\RoomLine-Blackmore\Agents\sphinx2\src\libsphinx2\search.c(2845):     2576 phones in topsen (36/fr)
INFO: \Projects\RoomLine-Blackmore\Agents\sphinx2\src\libsphinx2\search.c(2847):   446590 senones evaluated (6290/fr)
INFO: \Projects\RoomLine-Blackmore\Agents\sphinx2\src\libsphinx2\search.c(2849):   112812 channels searched (1588/fr), 19687 1st, 23037 last
INFO: \Projects\RoomLine-Blackmore\Agents\sphinx2\src\libsphinx2\search.c(2853):     2640 words for which last channels evaluated (37/fr)
INFO: \Projects\RoomLine-Blackmore\Agents\sphinx2\src\libsphinx2\search.c(2855):     4201 candidate words for entering last phone (59/fr)
INFO: \Projects\RoomLine-Blackmore\Agents\sphinx2\src\libsphinx2\uttproc.c(517):   0.70 SoS,   0.91 sec elapsed,  1.30 xRT,   0.44 sec CPU,  0.62 xRT

[21:00:39.195] 70 frames

[21:00:39.195] Acoustic confidence: (-9136128 - -11577418.000000) / 70 = 34875.570313

[21:00:39.195] hyp: HELP THE 

[21:00:39.195] Sending final hypotheses frame:
{c result :results ( {c hypothesis :hyp "HELP THE " :confhyp ".?HELP?. .?THE?. " :uttid "000" :engine_name "male" :nbest_index 0 :decoder_score -12668522.000000 :lm_score -1091104.000000 :am_score -11577418.000000 :frame_num 70 :acoustic_gap_norm 34875.570313 :avg_sphinxwordconf 0.154778 :min_sphinxwordconf 0.002823 :max_sphinxwordconf 0.306734 :avg_wordconf 0.333333 :min_wordconf 0.250000 :max_wordconf 0.416667 :avg_validwordconf 0.000000 :min_validwordconf 1.000000 :max_validwordconf 0.000000 :startframes "16 47" :endframes "46 65" :init_timestamp 55552 :end_timestamp 56252 }  ) }

[21:00:39.208] Processing input...
[21:00:39.208] Received 19 bytes...
[21:00:39.208] Processing command: engine_cancel_utt 

[21:00:39.495] Processing input...
[21:00:39.495] Received 27 bytes...
[21:00:39.495] Processing command: engine_set_lm first_query 

[21:00:39.495] set lm: first_query
INFO: \Projects\RoomLine-Blackmore\Agents\sphinx2\src\libsphinx2\search.c(3619): Creating search tree
INFO: \Projects\RoomLine-Blackmore\Agents\sphinx2\src\libsphinx2\search.c(3742): 339 root, 50227 non-root channels, 30 single-phone words
INFO: \Projects\RoomLine-Blackmore\Agents\sphinx2\src\libsphinx2\uttproc.c(1752): LM= "first_query"
[21:00:52.647] Processing input...
[21:00:52.647] Received 28 bytes...
[21:00:52.647] Processing command: engine_begin_utt 001 170368

[21:00:52.647] begin utt: 001 (170368)
INFO: \Projects\RoomLine-Blackmore\Agents\sphinx2\src\libsphinx2\uttproc.c(1195): Livemode
[21:00:52.648] Processing input...
[21:00:52.648] Received 22 bytes...
[21:00:52.648] Processing command: engine_proc_raw 6656 

[21:00:52.648] prepare to proc raw
[21:00:52.649] Processing input...
[21:00:52.649] Received 4320 bytes...
[21:00:52.650] Processing input...
[21:00:52.650] Received 2336 bytes...
[21:00:52.650] Processing raw data ...
[21:00:52.650] 6656 bytes raw data received
[21:00:52.895] Processing input...
[21:00:52.895] Received 22 bytes...
[21:00:52.895] Processing command: engine_proc_raw 2304 

[21:00:52.895] prepare to proc raw
[21:00:52.895] Processing input...
[21:00:52.895] Received 2304 bytes...
[21:00:52.895] Processing raw data ...
[21:00:52.895] 2304 bytes raw data received
[21:00:53.072] Processing input...
[21:00:53.072] Received 21 bytes...
[21:00:53.072] Processing command: engine_proc_partial 

[21:00:53.072] proc partial result (43): 
[21:00:53.223] Processing input...
[21:00:53.223] Received 22 bytes...
[21:00:53.223] Processing command: engine_proc_raw 4864 

[21:00:53.223] prepare to proc raw
[21:00:53.223] Processing input...
[21:00:53.224] Received 4885 bytes...
[21:00:53.224] Processing raw data ...
[21:00:53.224] 4864 bytes raw data received
[21:00:53.636] Processing command: engine_proc_partial 

[21:00:53.637] proc partial result (73): OKAY 
[21:00:53.637] Sending:
 {c properties 											:partial_hyp "OKAY " 											:engine_name "male"											:start_timestamp "170368" 											:end_timestamp "171098" 											:frame_num "73" 										}
[21:00:53.637] Sent

[21:00:53.637] Processing input...
[21:00:53.637] Received 5163 bytes...
[21:00:53.637] Processing command: engine_proc_raw 5120 

[21:00:53.637] prepare to proc raw
[21:00:53.637] Processing raw data ...
[21:00:53.637] 5120 bytes raw data received
[21:00:53.819] Processing command: engine_proc_partial 

[21:00:53.820] proc partial result (105): FORBES AND BOUQUET   
[21:00:53.820] Sending:
 {c properties 											:partial_hyp "FORBES AND BOUQUET   " 											:engine_name "male"											:start_timestamp "170368" 											:end_timestamp "171418" 											:frame_num "105" 										}
[21:00:53.820] Sent

[21:00:53.820] Processing input...
[21:00:53.820] Received 4907 bytes...
[21:00:53.820] Processing command: engine_proc_raw 4864 

[21:00:53.820] prepare to proc raw
[21:00:53.820] Processing raw data ...
[21:00:53.820] 4864 bytes raw data received
[21:00:53.961] Processing command: engine_proc_partial 

[21:00:53.962] proc partial result (136): FORBES AND CRAFT   
[21:00:53.962] Sending:
 {c properties 											:partial_hyp "FORBES AND CRAFT   " 											:engine_name "male"											:start_timestamp "170368" 											:end_timestamp "171728" 											:frame_num "136" 										}
[21:00:53.962] Sent

[21:00:54.160] Processing input...
[21:00:54.160] Received 22 bytes...
[21:00:54.160] Processing command: engine_proc_raw 5120 

[21:00:54.160] prepare to proc raw
[21:00:54.160] Processing input...
[21:00:54.160] Received 5120 bytes...
[21:00:54.160] Processing raw data ...
[21:00:54.160] 5120 bytes raw data received
[21:00:54.338] Processing input...
[21:00:54.338] Received 21 bytes...
[21:00:54.338] Processing command: engine_proc_partial 

[21:00:54.339] proc partial result (168): FORBES AND CRAFT   SO 1A   
[21:00:54.339] Sending:
 {c properties 											:partial_hyp "FORBES AND CRAFT   SO 1A   " 											:engine_name "male"											:start_timestamp "170368" 											:end_timestamp "172048" 											:frame_num "168" 										}
[21:00:54.339] Sent

[21:00:54.442] Processing input...
[21:00:54.442] Received 22 bytes...
[21:00:54.442] Processing command: engine_proc_raw 4864 

[21:00:54.442] prepare to proc raw
[21:00:54.442] Processing input...
[21:00:54.442] Received 4864 bytes...
[21:00:54.442] Processing raw data ...
[21:00:54.442] 4864 bytes raw data received
[21:00:54.602] Processing input...
[21:00:54.602] Received 21 bytes...
[21:00:54.602] Processing command: engine_proc_partial 

[21:00:54.604] proc partial result (198): FORBES AND CRAFT   SO WOULD LIKE 
[21:00:54.604] Sending:
 {c properties 											:partial_hyp "FORBES AND CRAFT   SO WOULD LIKE " 											:engine_name "male"											:start_timestamp "170368" 											:end_timestamp "172348" 											:frame_num "198" 										}
[21:00:54.604] Sent

[21:00:54.754] Processing input...
[21:00:54.754] Received 22 bytes...
[21:00:54.754] Processing command: engine_proc_raw 2816 

[21:00:54.754] prepare to proc raw
[21:00:54.754] Processing input...
[21:00:54.754] Received 2837 bytes...
[21:00:54.754] Processing raw data ...
[21:00:54.754] 2816 bytes raw data received
[21:00:54.884] Processing command: engine_proc_partial 

[21:00:54.885] proc partial result (216): FORBES AND CRAFT   SO WOULD LIKE 
[21:00:54.895] Processing input...
[21:00:54.895] Received 36 bytes...
[21:00:54.895] Processing command: engine_end_utt 

[21:00:54.895] end utt: 001
INFO: \Projects\RoomLine-Blackmore\Agents\sphinx2\src\libsphinx2\uttproc.c(1391): Samples histogram (001) (4/8/16/30/32K): 97.6%(17857) 2.3%(429) 0.1%(18) 0.0%(0) 0.0%(0); max: 11608
INFO: \Projects\RoomLine-Blackmore\Agents\sphinx2\src\libsphinx2\sc_vq.c(576): VQ-TIME= 0.2sec, SCR-TIME= 0.3sec (CPU)
INFO: \Projects\RoomLine-Blackmore\Agents\sphinx2\src\libsphinx2\live_norm.c(168): mean_norm_update: from < 10.34  0.28 -0.53 -0.07 -0.35 -0.16 -0.29 -0.13 -0.23 -0.12 -0.16 -0.16 -0.15 >
INFO: \Projects\RoomLine-Blackmore\Agents\sphinx2\src\libsphinx2\live_norm.c(185): mean_norm_update: to   < 10.44  0.25 -0.54 -0.09 -0.36 -0.16 -0.30 -0.13 -0.23 -0.13 -0.15 -0.16 -0.14 >
[21:00:54.897] Processing command: engine_proc_result 

[21:00:54.897] proc result
	SFrm Efrm        AScr       LScr   BSDiff TSDiffPF   Conf LatDen Word (FWDTREE) (001)
	---------------------------------------------------------------------
	   0   14    -2566176          0   -16893   -17614  -1.00      5 <s>
	  15   26    -2071680    -230270  -182809   -30730  -1.00     20 ++SMACK++
	  27  128   -19620268   -1028336  -859719   -58623   0.10     58 FORBES_AND_CRAFT:p
	 129  155    -4617338    -595245  -472784   -32810   0.28     15 SO
	 156  200    -7490986    -617676  -164796   -47113   0.16     24 ALRIGHT
	 201  219    -3842588     -63204   -84340   -41742  -1.00     18 </s>
	---------------------------------------------------------------------
	   0  219   -40209036   -2534731  -859719   -58623               001(TOTAL)
INFO: \Projects\RoomLine-Blackmore\Agents\sphinx2\src\libsphinx2\search.c(2756): FWDTREE: FORBES_AND_CRAFT:p SO ALRIGHT  (001 -42743767 (A=-40209036 L=-2534731))
INFO: \Projects\RoomLine-Blackmore\Agents\sphinx2\src\libsphinx2\search.c(2842):     3531 words recognized (16/fr)
INFO: \Projects\RoomLine-Blackmore\Agents\sphinx2\src\libsphinx2\search.c(2845):     8676 phones in topsen (39/fr)
INFO: \Projects\RoomLine-Blackmore\Agents\sphinx2\src\libsphinx2\search.c(2847):  1383800 senones evaluated (6290/fr)
INFO: \Projects\RoomLine-Blackmore\Agents\sphinx2\src\libsphinx2\search.c(2849):   378077 channels searched (1718/fr), 56445 1st, 60399 last
INFO: \Projects\RoomLine-Blackmore\Agents\sphinx2\src\libsphinx2\search.c(2853):     7151 words for which last channels evaluated (32/fr)
INFO: \Projects\RoomLine-Blackmore\Agents\sphinx2\src\libsphinx2\search.c(2855):    12753 candidate words for entering last phone (57/fr)
INFO: \Projects\RoomLine-Blackmore\Agents\sphinx2\src\libsphinx2\uttproc.c(517):   2.19 SoS,   2.28 sec elapsed,  1.04 xRT,   1.33 sec CPU,  0.61 xRT

[21:00:54.928] 219 frames

[21:00:54.928] Acoustic confidence: (-29634560 - -40209036.000000) / 219 = 48285.277344

[21:00:54.928] hyp: FORBES AND CRAFT SO ALRIGHT 

[21:00:54.928] Sending final hypotheses frame:
{c result :results ( {c hypothesis :hyp "FORBES AND CRAFT SO ALRIGHT " :confhyp ".?FORBES AND CRAFT .?SO?. ALRIGHT " :uttid "001" :engine_name "male" :nbest_index 0 :decoder_score -42743768.000000 :lm_score -2534731.000000 :am_score -40209036.000000 :frame_num 219 :acoustic_gap_norm 48285.277344 :avg_sphinxwordconf 0.179868 :min_sphinxwordconf 0.102230 :max_sphinxwordconf 0.275784 :avg_wordconf 0.333333 :min_wordconf 0.250000 :max_wordconf 0.500000 :avg_validwordconf 0.500000 :min_validwordconf 0.500000 :max_validwordconf 0.500000 :startframes "27 129 156" :endframes "128 155 200" :init_timestamp 170368 :end_timestamp 172558 }  ) }

[21:00:54.946] Processing input...
[21:00:54.946] Received 19 bytes...
[21:00:54.946] Processing command: engine_cancel_utt 

[21:00:55.235] Processing input...
[21:00:55.235] Received 22 bytes...
[21:00:55.235] Processing command: engine_set_lm yes_no 

[21:00:55.235] set lm: yes_no
INFO: \Projects\RoomLine-Blackmore\Agents\sphinx2\src\libsphinx2\search.c(3619): Creating search tree
INFO: \Projects\RoomLine-Blackmore\Agents\sphinx2\src\libsphinx2\search.c(3742): 354 root, 50406 non-root channels, 35 single-phone words
INFO: \Projects\RoomLine-Blackmore\Agents\sphinx2\src\libsphinx2\uttproc.c(1752): LM= "yes_no"
[21:00:58.599] Processing input...
[21:00:58.600] Received 28 bytes...
[21:00:58.600] Processing command: engine_begin_utt 002 217856

[21:00:58.600] begin utt: 002 (217856)
INFO: \Projects\RoomLine-Blackmore\Agents\sphinx2\src\libsphinx2\uttproc.c(1195): Livemode
[21:00:58.600] Processing input...
[21:00:58.600] Received 6678 bytes...
[21:00:58.600] Processing command: engine_proc_raw 6656 

[21:00:58.600] prepare to proc raw
[21:00:58.600] Processing raw data ...
[21:00:58.600] 6656 bytes raw data received
[21:00:58.848] Processing input...
[21:00:58.848] Received 22 bytes...
[21:00:58.848] Processing command: engine_proc_raw 2304 

[21:00:58.848] prepare to proc raw
[21:00:58.848] Processing input...
[21:00:58.848] Received 2325 bytes...
[21:00:58.848] Processing raw data ...
[21:00:58.848] 2304 bytes raw data received
[21:00:58.946] Processing command: engine_proc_partial 

[21:00:58.946] proc partial result (43): NO 
[21:00:58.946] Sending:
 {c properties 											:partial_hyp "NO " 											:engine_name "male"											:start_timestamp "217856" 											:end_timestamp "218286" 											:frame_num "43" 										}
[21:00:58.946] Sent

[21:00:59.160] Processing input...
[21:00:59.160] Received 22 bytes...
[21:00:59.160] Processing command: engine_proc_raw 4864 

[21:00:59.160] prepare to proc raw
[21:00:59.160] Processing input...
[21:00:59.161] Received 4885 bytes...
[21:00:59.161] Processing raw data ...
[21:00:59.161] 4864 bytes raw data received
[21:00:59.385] Processing command: engine_proc_partial 

[21:00:59.385] proc partial result (73): NO ONLY 
[21:00:59.385] Sending:
 {c properties 											:partial_hyp "NO ONLY " 											:engine_name "male"											:start_timestamp "217856" 											:end_timestamp "218586" 											:frame_num "73" 										}
[21:00:59.386] Sent

[21:00:59.442] Processing input...
[21:00:59.442] Received 22 bytes...
[21:00:59.442] Processing command: engine_proc_raw 5120 

[21:00:59.442] prepare to proc raw
[21:00:59.442] Processing input...
[21:00:59.442] Received 5120 bytes...
[21:00:59.442] Processing raw data ...
[21:00:59.442] 5120 bytes raw data received
[21:00:59.613] Processing input...
[21:00:59.613] Received 21 bytes...
[21:00:59.613] Processing command: engine_proc_partial 

[21:00:59.614] proc partial result (105): NO LEAVING 
[21:00:59.614] Sending:
 {c properties 											:partial_hyp "NO LEAVING " 											:engine_name "male"											:start_timestamp "217856" 											:end_timestamp "218906" 											:frame_num "105" 										}
[21:00:59.614] Sent

[21:00:59.738] Processing input...
[21:00:59.738] Received 22 bytes...
[21:00:59.738] Processing command: engine_proc_raw 4864 

[21:00:59.738] prepare to proc raw
[21:00:59.739] Processing input...
[21:00:59.739] Received 4864 bytes...
[21:00:59.739] Processing raw data ...
[21:00:59.739] 4864 bytes raw data received
[21:00:59.982] Processing input...
[21:00:59.982] Received 21 bytes...
[21:00:59.982] Processing command: engine_proc_partial 

[21:00:59.983] proc partial result (136): NO LEAVING FROM 
[21:00:59.983] Sending:
 {c properties 											:partial_hyp "NO LEAVING FROM " 											:engine_name "male"											:start_timestamp "217856" 											:end_timestamp "219216" 											:frame_num "136" 										}
[21:00:59.983] Sent

[21:01:00.051] Processing input...
[21:01:00.051] Received 22 bytes...
[21:01:00.051] Processing command: engine_proc_raw 5120 

[21:01:00.051] prepare to proc raw
[21:01:00.051] Processing input...
[21:01:00.051] Received 5120 bytes...
[21:01:00.051] Processing raw data ...
[21:01:00.051] 5120 bytes raw data received
[21:01:00.241] Processing input...
[21:01:00.241] Received 21 bytes...
[21:01:00.241] Processing command: engine_proc_partial 

[21:01:00.242] proc partial result (168): NO LEAVING FROM 
[21:01:00.242] Sending:
 {c properties 											:partial_hyp "NO LEAVING FROM " 											:engine_name "male"											:start_timestamp "217856" 											:end_timestamp "219536" 											:frame_num "168" 										}
[21:01:00.242] Sent

[21:01:00.410] Processing input...
[21:01:00.410] Received 22 bytes...
[21:01:00.410] Processing command: engine_proc_raw 4864 

[21:01:00.410] prepare to proc raw
[21:01:00.410] Processing input...
[21:01:00.410] Received 4885 bytes...
[21:01:00.410] Processing raw data ...
[21:01:00.410] 4864 bytes raw data received
[21:01:00.546] Processing command: engine_proc_partial 

[21:01:00.546] proc partial result (198): NO LEAVING FROM BY 
[21:01:00.546] Sending:
 {c properties 											:partial_hyp "NO LEAVING FROM BY " 											:engine_name "male"											:start_timestamp "217856" 											:end_timestamp "219836" 											:frame_num "198" 										}
[21:01:00.547] Sent

[21:01:00.723] Processing input...
[21:01:00.723] Received 22 bytes...
[21:01:00.723] Processing command: engine_proc_raw 5120 

[21:01:00.723] prepare to proc raw
[21:01:00.723] Processing input...
[21:01:00.723] Received 4320 bytes...
[21:01:00.723] Processing input...
[21:01:00.723] Received 800 bytes...
[21:01:00.723] Processing raw data ...
[21:01:00.723] 5120 bytes raw data received
[21:01:00.899] Processing input...
[21:01:00.899] Received 21 bytes...
[21:01:00.899] Processing command: engine_proc_partial 

[21:01:00.900] proc partial result (230): NO LEAVING FROM BY IT'S 
[21:01:00.900] Sending:
 {c properties 											:partial_hyp "NO LEAVING FROM BY IT'S " 											:engine_name "male"											:start_timestamp "217856" 											:end_timestamp "220156" 											:frame_num "230" 										}
[21:01:00.900] Sent

[21:01:00.988] Processing input...
[21:01:00.988] Received 22 bytes...
[21:01:00.988] Processing command: engine_proc_raw 4864 

[21:01:00.989] prepare to proc raw
[21:01:00.989] Processing input...
[21:01:00.989] Received 4864 bytes...
[21:01:00.989] Processing raw data ...
[21:01:00.989] 4864 bytes raw data received
[21:01:01.117] Processing input...
[21:01:01.117] Received 21 bytes...
[21:01:01.117] Processing command: engine_proc_partial 

[21:01:01.118] proc partial result (261): NO LEAVING FROM BY IT'S 
[21:01:01.118] Sending:
 {c properties 											:partial_hyp "NO LEAVING FROM BY IT'S " 											:engine_name "male"											:start_timestamp "217856" 											:end_timestamp "220466" 											:frame_num "261" 										}
[21:01:01.118] Sent

[21:01:01.348] Processing input...
[21:01:01.348] Received 16 bytes...
[21:01:01.348] Processing command: engine_end_utt 

[21:01:01.348] end utt: 002
INFO: \Projects\RoomLine-Blackmore\Agents\sphinx2\src\libsphinx2\uttproc.c(1391): Samples histogram (002) (4/8/16/30/32K): 99.4%(21759) 0.6%(129) 0.0%(0) 0.0%(0) 0.0%(0); max: 7147
INFO: \Projects\RoomLine-Blackmore\Agents\sphinx2\src\libsphinx2\sc_vq.c(576): VQ-TIME= 0.3sec, SCR-TIME= 0.5sec (CPU)
INFO: \Projects\RoomLine-Blackmore\Agents\sphinx2\src\libsphinx2\live_norm.c(168): mean_norm_update: from < 10.46  0.19 -0.45 -0.10 -0.38 -0.13 -0.33 -0.11 -0.23 -0.14 -0.12 -0.16 -0.13 >
INFO: \Projects\RoomLine-Blackmore\Agents\sphinx2\src\libsphinx2\live_norm.c(185): mean_norm_update: to   < 10.31  0.18 -0.45 -0.09 -0.38 -0.13 -0.33 -0.11 -0.23 -0.15 -0.12 -0.16 -0.13 >
[21:01:01.350] Processing input...
[21:01:01.350] Received 20 bytes...
[21:01:01.350] Processing command: engine_proc_result 

[21:01:01.350] proc result
	SFrm Efrm        AScr       LScr   BSDiff TSDiffPF   Conf LatDen Word (FWDTREE) (002)
	---------------------------------------------------------------------
	   0   14    -2471968          0   -16893   -16317  -1.00      5 <s>
	  15   54    -6797364    -187670   -13552   -35022   0.40     10 NO
	  55   96    -6584762    -440273        0   -28780   0.34     10 LEAVING
	  97  134    -6541191     -93541   -12737   -36429   0.16     14 FROM
	 135  144    -1905808     -52986   -16893   -34318  -1.00     14 SIL
	 145  159    -2915619    -230270  -235769   -30125  -1.00     16 ++MM++
	 160  195    -4804453    -627603  -500741   -25794   0.43     27 BY
	 196  236    -7543542    -618560  -699480   -31113   0.35     27 IT'S(2)
	 237  250    -2697399     -52986  -489640   -29782  -1.00     17 SIL
	 251  264    -2746480    -252474  -216381   -26924  -1.00     10 </s>
	---------------------------------------------------------------------
	   0  264   -45008586   -2556363  -699480   -36429               002(TOTAL)
INFO: \Projects\RoomLine-Blackmore\Agents\sphinx2\src\libsphinx2\search.c(2756): FWDTREE: NO LEAVING FROM BY IT'S  (002 -47564949 (A=-45008586 L=-2556363))
INFO: \Projects\RoomLine-Blackmore\Agents\sphinx2\src\libsphinx2\search.c(2842):     3200 words recognized (12/fr)
INFO: \Projects\RoomLine-Blackmore\Agents\sphinx2\src\libsphinx2\search.c(2845):    10320 phones in topsen (38/fr)
INFO: \Projects\RoomLine-Blackmore\Agents\sphinx2\src\libsphinx2\search.c(2847):  1666850 senones evaluated (6290/fr)
INFO: \Projects\RoomLine-Blackmore\Agents\sphinx2\src\libsphinx2\search.c(2849):   384626 channels searched (1451/fr), 83201 1st, 42530 last
INFO: \Projects\RoomLine-Blackmore\Agents\sphinx2\src\libsphinx2\search.c(2853):     8399 words for which last channels evaluated (31/fr)
INFO: \Projects\RoomLine-Blackmore\Agents\sphinx2\src\libsphinx2\search.c(2855):    17815 candidate words for entering last phone (67/fr)
INFO: \Projects\RoomLine-Blackmore\Agents\sphinx2\src\libsphinx2\uttproc.c(517):   2.64 SoS,   2.78 sec elapsed,  1.05 xRT,   1.50 sec CPU,  0.57 xRT

[21:01:01.381] 264 frames

[21:01:01.381] Acoustic confidence: (-36799488 - -45008584.000000) / 264 = 31095.060547

[21:01:01.381] hyp: NO LEAVING FROM BY IT'S 

[21:01:01.381] Sending final hypotheses frame:
{c result :results ( {c hypothesis :hyp "NO LEAVING FROM BY IT'S " :confhyp "NO LEAVING .?FROM?. .?BY?. .?IT'S?. " :uttid "002" :engine_name "male" :nbest_index 0 :decoder_score -47564948.000000 :lm_score -2556363.000000 :am_score -45008584.000000 :frame_num 264 :acoustic_gap_norm 31095.060547 :avg_sphinxwordconf 0.335840 :min_sphinxwordconf 0.158926 :max_sphinxwordconf 0.434125 :avg_wordconf 0.466667 :min_wordconf 0.166667 :max_wordconf 0.916667 :avg_validwordconf 0.750000 :min_validwordconf 0.583333 :max_validwordconf 0.916667 :startframes "15 55 97 160 196" :endframes "54 96 134 195 236" :init_timestamp 217856 :end_timestamp 220496 }  ) }

[21:01:01.385] Processing input...
[21:01:01.385] Received 19 bytes...
[21:01:01.385] Processing command: engine_cancel_utt 

[21:01:01.475] Processing input...
[21:01:01.475] Received 28 bytes...
[21:01:01.475] Processing command: engine_begin_utt 003 240512

[21:01:01.475] begin utt: 003 (240512)
INFO: \Projects\RoomLine-Blackmore\Agents\sphinx2\src\libsphinx2\uttproc.c(1195): Livemode
[21:01:01.476] Processing input...
[21:01:01.476] Received 22 bytes...
[21:01:01.476] Processing command: engine_proc_raw 6656 

[21:01:01.477] prepare to proc raw
[21:01:01.477] Processing input...
[21:01:01.477] Received 6656 bytes...
[21:01:01.477] Processing raw data ...
[21:01:01.477] 6656 bytes raw data received
[21:01:01.660] Processing input...
[21:01:01.660] Received 22 bytes...
[21:01:01.660] Processing command: engine_proc_raw 1792 

[21:01:01.660] prepare to proc raw
[21:01:01.661] Processing input...
[21:01:01.661] Received 1792 bytes...
[21:01:01.661] Processing raw data ...
[21:01:01.661] 1792 bytes raw data received
[21:01:01.816] Processing input...
[21:01:01.816] Received 21 bytes...
[21:01:01.816] Processing command: engine_proc_partial 

[21:01:01.816] proc partial result (40): 
[21:01:01.926] Processing input...
[21:01:01.926] Received 22 bytes...
[21:01:01.926] Processing command: engine_proc_raw 5120 

[21:01:01.926] prepare to proc raw
[21:01:01.926] Processing input...
[21:01:01.926] Received 4320 bytes...
[21:01:01.926] Processing input...
[21:01:01.926] Received 800 bytes...
[21:01:01.926] Processing raw data ...
[21:01:01.926] 5120 bytes raw data received
[21:01:02.134] Processing input...
[21:01:02.134] Received 21 bytes...
[21:01:02.134] Processing command: engine_proc_partial 

[21:01:02.134] proc partial result (72): 
[21:01:02.163] Processing input...
[21:01:02.164] Received 27 bytes...
[21:01:02.164] Processing command: engine_set_lm first_query 

[21:01:02.164] Warning: set lm called during an utterance. Ignored.
[21:01:02.238] Processing input...
[21:01:02.238] Received 22 bytes...
[21:01:02.238] Processing command: engine_proc_raw 4864 

[21:01:02.238] prepare to proc raw
[21:01:02.239] Processing input...
[21:01:02.239] Received 4864 bytes...
[21:01:02.239] Processing raw data ...
[21:01:02.239] 4864 bytes raw data received
[21:01:02.424] Processing input...
[21:01:02.424] Received 21 bytes...
[21:01:02.424] Processing command: engine_proc_partial 

[21:01:02.424] proc partial result (102): 
[21:01:02.551] Processing input...
[21:01:02.551] Received 22 bytes...
[21:01:02.551] Processing command: engine_proc_raw 5120 

[21:01:02.551] prepare to proc raw
[21:01:02.551] Processing input...
[21:01:02.552] Received 5141 bytes...
[21:01:02.552] Processing raw data ...
[21:01:02.552] 5120 bytes raw data received
[21:01:02.946] Processing command: engine_proc_partial 

[21:01:02.946] proc partial result (134): GUESS 
[21:01:02.946] Sending:
 {c properties 											:partial_hyp "GUESS " 											:engine_name "male"											:start_timestamp "240512" 											:end_timestamp "241852" 											:frame_num "134" 										}
[21:01:02.946] Sent

[21:01:02.946] Processing input...
[21:01:02.947] Received 5163 bytes...
[21:01:02.947] Processing command: engine_proc_raw 5120 

[21:01:02.947] prepare to proc raw
[21:01:02.947] Processing raw data ...
[21:01:02.947] 5120 bytes raw data received
[21:01:03.369] Processing command: engine_proc_partial 

[21:01:03.370] proc partial result (166): GUESS THINK SO 
[21:01:03.370] Sending:
 {c properties 											:partial_hyp "GUESS THINK SO " 											:engine_name "male"											:start_timestamp "240512" 											:end_timestamp "242172" 											:frame_num "166" 										}
[21:01:03.370] Sent

[21:01:03.370] Processing input...
[21:01:03.370] Received 4907 bytes...
[21:01:03.370] Processing command: engine_proc_raw 4864 

[21:01:03.370] prepare to proc raw
[21:01:03.370] Processing raw data ...
[21:01:03.370] 4864 bytes raw data received
[21:01:03.496] Processing command: engine_proc_partial 

[21:01:03.496] proc partial result (197): GUESS THINK SO NA 
[21:01:03.496] Sending:
 {c properties 											:partial_hyp "GUESS THINK SO NA " 											:engine_name "male"											:start_timestamp "240512" 											:end_timestamp "242482" 											:frame_num "197" 										}
[21:01:03.496] Sent

[21:01:03.497] Processing input...
[21:01:03.497] Received 5419 bytes...
[21:01:03.497] Processing command: engine_proc_raw 5376 

[21:01:03.497] prepare to proc raw
[21:01:03.497] Processing raw data ...
[21:01:03.497] 5376 bytes raw data received
[21:01:03.646] Processing command: engine_proc_partial 

[21:01:03.647] proc partial result (230): GUESS THINK SO MUCH 
[21:01:03.647] Sending:
 {c properties 											:partial_hyp "GUESS THINK SO MUCH " 											:engine_name "male"											:start_timestamp "240512" 											:end_timestamp "242812" 											:frame_num "230" 										}
[21:01:03.647] Sent

[21:01:03.832] Processing input...
[21:01:03.832] Received 16 bytes...
[21:01:03.832] Processing command: engine_end_utt 

[21:01:03.832] end utt: 003
INFO: \Projects\RoomLine-Blackmore\Agents\sphinx2\src\libsphinx2\uttproc.c(1391): Samples histogram (003) (4/8/16/30/32K): 95.1%(18500) 4.4%(859) 0.5%(97) 0.0%(0) 0.0%(0); max: 14406
INFO: \Projects\RoomLine-Blackmore\Agents\sphinx2\src\libsphinx2\sc_vq.c(576): VQ-TIME= 0.2sec, SCR-TIME= 0.3sec (CPU)
INFO: \Projects\RoomLine-Blackmore\Agents\sphinx2\src\libsphinx2\live_norm.c(168): mean_norm_update: from < 10.31  0.18 -0.45 -0.09 -0.38 -0.13 -0.33 -0.11 -0.23 -0.15 -0.12 -0.16 -0.13 >
INFO: \Projects\RoomLine-Blackmore\Agents\sphinx2\src\libsphinx2\live_norm.c(185): mean_norm_update: to   < 10.41  0.06 -0.47 -0.09 -0.38 -0.16 -0.32 -0.12 -0.24 -0.15 -0.10 -0.15 -0.11 >
[21:01:03.834] Processing input...
[21:01:03.834] Received 20 bytes...
[21:01:03.834] Processing command: engine_proc_result 

[21:01:03.834] proc result
	SFrm Efrm        AScr       LScr   BSDiff TSDiffPF   Conf LatDen Word (FWDTREE) (003)
	---------------------------------------------------------------------
	   0   20    -3420128          0   -44642   -12676  -1.00      6 <s>
	  21   96   -12770438    -230270   -12391   -12693  -1.00      8 ++BREATH++
	  97  103    -1141536     -52986   -16893   -16205  -1.00      7 SIL
	 104  132    -4585921    -637540  -427026   -33277   0.49     57 GUESS
	 133  225   -16207123   -1193686  -641468   -51335   0.05     40 BEACON_HILL_DRIVE:p
	 226  233    -1361132     -84947  -439492   -26909  -1.00     13 </s>
	---------------------------------------------------------------------
	   0  233   -39486278   -2199429  -641468   -51335               003(TOTAL)
INFO: \Projects\RoomLine-Blackmore\Agents\sphinx2\src\libsphinx2\search.c(2756): FWDTREE: GUESS BEACON_HILL_DRIVE:p  (003 -41685707 (A=-39486278 L=-2199429))
INFO: \Projects\RoomLine-Blackmore\Agents\sphinx2\src\libsphinx2\search.c(2842):     3877 words recognized (17/fr)
INFO: \Projects\RoomLine-Blackmore\Agents\sphinx2\src\libsphinx2\search.c(2845):     8689 phones in topsen (37/fr)
INFO: \Projects\RoomLine-Blackmore\Agents\sphinx2\src\libsphinx2\search.c(2847):  1471860 senones evaluated (6290/fr)
INFO: \Projects\RoomLine-Blackmore\Agents\sphinx2\src\libsphinx2\search.c(2849):   405404 channels searched (1732/fr), 68634 1st, 79928 last
INFO: \Projects\RoomLine-Blackmore\Agents\sphinx2\src\libsphinx2\search.c(2853):     9277 words for which last channels evaluated (39/fr)
INFO: \Projects\RoomLine-Blackmore\Agents\sphinx2\src\libsphinx2\search.c(2855):    17179 candidate words for entering last phone (73/fr)
INFO: \Projects\RoomLine-Blackmore\Agents\sphinx2\src\libsphinx2\uttproc.c(517):   2.33 SoS,   2.38 sec elapsed,  1.02 xRT,   1.48 sec CPU,  0.64 xRT

[21:01:03.856] 233 frames

[21:01:03.856] Acoustic confidence: (-32033792 - -39486280.000000) / 233 = 31984.927734

[21:01:03.856] hyp: GUESS BEACON HILL DRIVE 

[21:01:03.856] Sending final hypotheses frame:
{c result :results ( {c hypothesis :hyp "GUESS BEACON HILL DRIVE " :confhyp ".?GUESS?. BEACON HILL DRIVE " :uttid "003" :engine_name "male" :nbest_index 0 :decoder_score -41685708.000000 :lm_score -2199429.000000 :am_score -39486280.000000 :frame_num 233 :acoustic_gap_norm 31984.927734 :avg_sphinxwordconf 0.273843 :min_sphinxwordconf 0.054420 :max_sphinxwordconf 0.493267 :avg_wordconf 0.416667 :min_wordconf 0.333333 :max_wordconf 0.500000 :avg_validwordconf 0.500000 :min_validwordconf 0.500000 :max_validwordconf 0.500000 :startframes "104 133" :endframes "132 225" :init_timestamp 240512 :end_timestamp 242842 }  ) }

[21:01:03.861] Processing input...
[21:01:03.861] Received 19 bytes...
[21:01:03.861] Processing command: engine_cancel_utt 

[21:01:04.135] Processing input...
[21:01:04.135] Received 22 bytes...
[21:01:04.135] Processing command: engine_set_lm yes_no 

[21:01:04.135] set lm: yes_no
INFO: \Projects\RoomLine-Blackmore\Agents\sphinx2\src\libsphinx2\search.c(3619): Creating search tree
INFO: \Projects\RoomLine-Blackmore\Agents\sphinx2\src\libsphinx2\search.c(3742): 354 root, 50406 non-root channels, 35 single-phone words
INFO: \Projects\RoomLine-Blackmore\Agents\sphinx2\src\libsphinx2\uttproc.c(1752): LM= "yes_no"
[21:01:06.709] Processing input...
[21:01:06.709] Received 28 bytes...
[21:01:06.709] Processing command: engine_begin_utt 004 284032

[21:01:06.709] begin utt: 004 (284032)
INFO: \Projects\RoomLine-Blackmore\Agents\sphinx2\src\libsphinx2\uttproc.c(1195): Livemode
[21:01:06.710] Processing input...
[21:01:06.710] Received 6678 bytes...
[21:01:06.710] Processing command: engine_proc_raw 6656 

[21:01:06.710] prepare to proc raw
[21:01:06.710] Processing raw data ...
[21:01:06.710] 6656 bytes raw data received
[21:01:07.269] Processing input...
[21:01:07.269] Received 22 bytes...
[21:01:07.270] Processing command: engine_proc_raw 4864 

[21:01:07.270] prepare to proc raw
[21:01:07.270] Processing input...
[21:01:07.270] Received 4885 bytes...
[21:01:07.270] Processing raw data ...
[21:01:07.270] 4864 bytes raw data received
[21:01:07.509] Processing command: engine_proc_partial 

[21:01:07.509] proc partial result (59): HELP 
[21:01:07.509] Sending:
 {c properties 											:partial_hyp "HELP " 											:engine_name "male"											:start_timestamp "284032" 											:end_timestamp "284622" 											:frame_num "59" 										}
[21:01:07.510] Sent

[21:01:07.582] Processing input...
[21:01:07.582] Received 22 bytes...
[21:01:07.582] Processing command: engine_proc_raw 5120 

[21:01:07.582] prepare to proc raw
[21:01:07.582] Processing input...
[21:01:07.582] Received 5141 bytes...
[21:01:07.582] Processing raw data ...
[21:01:07.582] 5120 bytes raw data received
[21:01:07.851] Processing command: engine_proc_partial 

[21:01:07.852] proc partial result (91): HELP 
[21:01:07.852] Sending:
 {c properties 											:partial_hyp "HELP " 											:engine_name "male"											:start_timestamp "284032" 											:end_timestamp "284942" 											:frame_num "91" 										}
[21:01:07.852] Sent

[21:01:07.864] Processing input...
[21:01:07.864] Received 22 bytes...
[21:01:07.864] Processing command: engine_proc_raw 4864 

[21:01:07.864] prepare to proc raw
[21:01:07.864] Processing input...
[21:01:07.864] Received 4885 bytes...
[21:01:07.864] Processing raw data ...
[21:01:07.864] 4864 bytes raw data received
[21:01:08.165] Processing command: engine_proc_partial 

[21:01:08.165] proc partial result (121): HELP 
[21:01:08.165] Sending:
 {c properties 											:partial_hyp "HELP " 											:engine_name "male"											:start_timestamp "284032" 											:end_timestamp "285242" 											:frame_num "121" 										}
[21:01:08.165] Sent

[21:01:08.176] Processing input...
[21:01:08.176] Received 22 bytes...
[21:01:08.176] Processing command: engine_proc_raw 5888 

[21:01:08.176] prepare to proc raw
[21:01:08.177] Processing input...
[21:01:08.177] Received 5909 bytes...
[21:01:08.177] Processing raw data ...
[21:01:08.177] 5888 bytes raw data received
[21:01:08.389] Processing command: engine_proc_partial 

[21:01:08.390] proc partial result (158): HELP HELP 
[21:01:08.390] Sending:
 {c properties 											:partial_hyp "HELP HELP " 											:engine_name "male"											:start_timestamp "284032" 											:end_timestamp "285612" 											:frame_num "158" 										}
[21:01:08.390] Sent

[21:01:08.551] Processing input...
[21:01:08.551] Received 16 bytes...
[21:01:08.551] Processing command: engine_end_utt 

[21:01:08.551] end utt: 004
INFO: \Projects\RoomLine-Blackmore\Agents\sphinx2\src\libsphinx2\uttproc.c(1391): Samples histogram (004) (4/8/16/30/32K): 89.9%(12313) 5.9%(809) 3.6%(498) 0.6%(76) 0.0%(0); max: 19821
INFO: \Projects\RoomLine-Blackmore\Agents\sphinx2\src\libsphinx2\sc_vq.c(576): VQ-TIME= 0.2sec, SCR-TIME= 0.3sec (CPU)
INFO: \Projects\RoomLine-Blackmore\Agents\sphinx2\src\libsphinx2\live_norm.c(168): mean_norm_update: from < 10.26  0.05 -0.47 -0.09 -0.38 -0.15 -0.31 -0.12 -0.24 -0.15 -0.10 -0.15 -0.11 >
INFO: \Projects\RoomLine-Blackmore\Agents\sphinx2\src\libsphinx2\live_norm.c(185): mean_norm_update: to   < 10.29  0.09 -0.48 -0.14 -0.37 -0.17 -0.31 -0.09 -0.22 -0.16 -0.10 -0.15 -0.11 >
[21:01:08.554] Processing input...
[21:01:08.554] Received 20 bytes...
[21:01:08.554] Processing command: engine_proc_result 

[21:01:08.554] proc result
	SFrm Efrm        AScr       LScr   BSDiff TSDiffPF   Conf LatDen Word (FWDTREE) (004)
	---------------------------------------------------------------------
	   0   18    -3177120          0   -16893   -10706  -1.00      5 <s>
	  19   68    -7583582    -517138    -6984   -22893   0.28     24 HELP
	  69   87    -3550844     -52986   -44926   -31238  -1.00     11 SIL
	  88  104    -3372770     -52986   -74030   -31365  -1.00     15 SIL
	 105  147    -6407084    -306534   -10811   -19811   0.41     20 HELP
	 148  161    -2856046     -63204  -158514   -51573  -1.00     15 </s>
	---------------------------------------------------------------------
	   0  161   -26947446    -992848  -158514   -51573               004(TOTAL)
INFO: \Projects\RoomLine-Blackmore\Agents\sphinx2\src\libsphinx2\search.c(2756): FWDTREE: HELP HELP  (004 -27940294 (A=-26947446 L=-992848))
INFO: \Projects\RoomLine-Blackmore\Agents\sphinx2\src\libsphinx2\search.c(2842):     2310 words recognized (14/fr)
INFO: \Projects\RoomLine-Blackmore\Agents\sphinx2\src\libsphinx2\search.c(2845):     6187 phones in topsen (38/fr)
INFO: \Projects\RoomLine-Blackmore\Agents\sphinx2\src\libsphinx2\search.c(2847):  1018980 senones evaluated (6290/fr)
INFO: \Projects\RoomLine-Blackmore\Agents\sphinx2\src\libsphinx2\search.c(2849):   300891 channels searched (1857/fr), 50171 1st, 43478 last
INFO: \Projects\RoomLine-Blackmore\Agents\sphinx2\src\libsphinx2\search.c(2853):     6070 words for which last channels evaluated (37/fr)
INFO: \Projects\RoomLine-Blackmore\Agents\sphinx2\src\libsphinx2\search.c(2855):    16843 candidate words for entering last phone (103/fr)
INFO: \Projects\RoomLine-Blackmore\Agents\sphinx2\src\libsphinx2\uttproc.c(517):   1.61 SoS,   1.88 sec elapsed,  1.16 xRT,   1.08 sec CPU,  0.67 xRT

[21:01:08.587] 161 frames

[21:01:08.587] Acoustic confidence: (-22734848 - -26947446.000000) / 161 = 26165.205078

[21:01:08.587] hyp: HELP HELP 

[21:01:08.587] Sending final hypotheses frame:
{c result :results ( {c hypothesis :hyp "HELP HELP " :confhyp "HELP HELP " :uttid "004" :engine_name "male" :nbest_index 0 :decoder_score -27940294.000000 :lm_score -992848.000000 :am_score -26947446.000000 :frame_num 161 :acoustic_gap_norm 26165.205078 :avg_sphinxwordconf 0.343356 :min_sphinxwordconf 0.277874 :max_sphinxwordconf 0.408839 :avg_wordconf 0.916667 :min_wordconf 0.916667 :max_wordconf 0.916667 :avg_validwordconf 0.916667 :min_validwordconf 0.916667 :max_validwordconf 0.916667 :startframes "19 105" :endframes "68 147" :init_timestamp 284032 :end_timestamp 285642 }  ) }

[21:01:08.598] Processing input...
[21:01:08.599] Received 19 bytes...
[21:01:08.599] Processing command: engine_cancel_utt 

[21:01:09.109] Processing input...
[21:01:09.109] Received 22 bytes...
[21:01:09.109] Processing command: engine_set_lm yes_no 

[21:01:09.109] set lm: yes_no
INFO: \Projects\RoomLine-Blackmore\Agents\sphinx2\src\libsphinx2\search.c(3619): Creating search tree
INFO: \Projects\RoomLine-Blackmore\Agents\sphinx2\src\libsphinx2\search.c(3742): 354 root, 50406 non-root channels, 35 single-phone words
INFO: \Projects\RoomLine-Blackmore\Agents\sphinx2\src\libsphinx2\uttproc.c(1752): LM= "yes_no"
[21:01:12.967] Processing input...
[21:01:12.967] Received 28 bytes...
[21:01:12.967] Processing command: engine_begin_utt 005 333952

[21:01:12.967] begin utt: 005 (333952)
INFO: \Projects\RoomLine-Blackmore\Agents\sphinx2\src\libsphinx2\uttproc.c(1195): Livemode
[21:01:12.969] Processing input...
[21:01:12.969] Received 22 bytes...
[21:01:12.969] Processing command: engine_proc_raw 6656 

[21:01:12.969] prepare to proc raw
[21:01:12.972] Processing input...
[21:01:12.973] Received 6656 bytes...
[21:01:12.973] Processing raw data ...
[21:01:12.973] 6656 bytes raw data received
[21:01:13.519] Processing input...
[21:01:13.519] Received 22 bytes...
[21:01:13.519] Processing command: engine_proc_raw 7424 

[21:01:13.519] prepare to proc raw
[21:01:13.520] Processing input...
[21:01:13.520] Received 4320 bytes...
[21:01:13.520] Processing input...
[21:01:13.520] Received 3104 bytes...
[21:01:13.520] Processing raw data ...
[21:01:13.520] 7424 bytes raw data received
[21:01:14.012] Processing input...
[21:01:14.012] Received 57 bytes...
[21:01:14.012] Processing command: engine_proc_partial 

[21:01:14.013] proc partial result (75): HELP 
[21:01:14.013] Sending:
 {c properties 											:partial_hyp "HELP " 											:engine_name "male"											:start_timestamp "333952" 											:end_timestamp "334702" 											:frame_num "75" 										}
[21:01:14.013] Sent

[21:01:14.013] Processing command: engine_end_utt 

[21:01:14.013] end utt: 005
INFO: \Projects\RoomLine-Blackmore\Agents\sphinx2\src\libsphinx2\uttproc.c(1391): Samples histogram (005) (4/8/16/30/32K): 88.7%(6241) 9.4%(664) 1.9%(135) 0.0%(0) 0.0%(0); max: 12925
INFO: \Projects\RoomLine-Blackmore\Agents\sphinx2\src\libsphinx2\sc_vq.c(576): VQ-TIME= 0.0sec, SCR-TIME= 0.1sec (CPU)
INFO: \Projects\RoomLine-Blackmore\Agents\sphinx2\src\libsphinx2\live_norm.c(168): mean_norm_update: from < 10.29  0.09 -0.48 -0.14 -0.37 -0.17 -0.31 -0.09 -0.22 -0.16 -0.10 -0.15 -0.11 >
INFO: \Projects\RoomLine-Blackmore\Agents\sphinx2\src\libsphinx2\live_norm.c(185): mean_norm_update: to   < 10.17  0.09 -0.48 -0.16 -0.37 -0.18 -0.30 -0.09 -0.21 -0.16 -0.09 -0.15 -0.12 >
[21:01:14.015] Processing command: engine_proc_result 

[21:01:14.015] proc result
	SFrm Efrm        AScr       LScr   BSDiff TSDiffPF   Conf LatDen Word (FWDTREE) (005)
	---------------------------------------------------------------------
	   0   16    -2746720          0   -16893    -9537  -1.00      5 <s>
	  17   68    -8682295    -517138   -10845   -30794   0.31     29 HELP
	  69   78    -1820816     -68211   -32118   -27150  -1.00      8 </s>
	---------------------------------------------------------------------
	   0   78   -13249831    -585349   -32118   -30794               005(TOTAL)
INFO: \Projects\RoomLine-Blackmore\Agents\sphinx2\src\libsphinx2\search.c(2756): FWDTREE: HELP  (005 -13835180 (A=-13249831 L=-585349))
INFO: \Projects\RoomLine-Blackmore\Agents\sphinx2\src\libsphinx2\search.c(2842):     1180 words recognized (15/fr)
INFO: \Projects\RoomLine-Blackmore\Agents\sphinx2\src\libsphinx2\search.c(2845):     2937 phones in topsen (37/fr)
INFO: \Projects\RoomLine-Blackmore\Agents\sphinx2\src\libsphinx2\search.c(2847):   496910 senones evaluated (6290/fr)
INFO: \Projects\RoomLine-Blackmore\Agents\sphinx2\src\libsphinx2\search.c(2849):   151768 channels searched (1921/fr), 25470 1st, 24340 last
INFO: \Projects\RoomLine-Blackmore\Agents\sphinx2\src\libsphinx2\search.c(2853):     3272 words for which last channels evaluated (41/fr)
INFO: \Projects\RoomLine-Blackmore\Agents\sphinx2\src\libsphinx2\search.c(2855):     7933 candidate words for entering last phone (100/fr)
INFO: \Projects\RoomLine-Blackmore\Agents\sphinx2\src\libsphinx2\uttproc.c(517):   0.78 SoS,   1.06 sec elapsed,  1.36 xRT,   0.44 sec CPU,  0.56 xRT

[21:01:14.032] 78 frames

[21:01:14.032] Acoustic confidence: (-11035648 - -13249831.000000) / 78 = 28386.960938

[21:01:14.033] hyp: HELP 

[21:01:14.033] Sending final hypotheses frame:
{c result :results ( {c hypothesis :hyp "HELP " :confhyp "HELP " :uttid "005" :engine_name "male" :nbest_index 0 :decoder_score -13835180.000000 :lm_score -585349.000000 :am_score -13249831.000000 :frame_num 78 :acoustic_gap_norm 28386.960938 :avg_sphinxwordconf 0.310334 :min_sphinxwordconf 0.310334 :max_sphinxwordconf 0.310334 :avg_wordconf 0.916667 :min_wordconf 0.916667 :max_wordconf 0.916667 :avg_validwordconf 0.916667 :min_validwordconf 0.916667 :max_validwordconf 0.916667 :startframes "17" :endframes "68" :init_timestamp 333952 :end_timestamp 334732 }  ) }

[21:01:14.036] Processing input...
[21:01:14.036] Received 19 bytes...
[21:01:14.036] Processing command: engine_cancel_utt 

[21:01:15.338] Processing input...
[21:01:15.339] Received 22 bytes...
[21:01:15.339] Processing command: engine_set_lm yes_no 

[21:01:15.339] set lm: yes_no
INFO: \Projects\RoomLine-Blackmore\Agents\sphinx2\src\libsphinx2\search.c(3619): Creating search tree
INFO: \Projects\RoomLine-Blackmore\Agents\sphinx2\src\libsphinx2\search.c(3742): 354 root, 50406 non-root channels, 35 single-phone words
INFO: \Projects\RoomLine-Blackmore\Agents\sphinx2\src\libsphinx2\uttproc.c(1752): LM= "yes_no"
[21:01:15.443] Processing input...
[21:01:15.443] Received 28 bytes...
[21:01:15.443] Processing command: engine_begin_utt 006 344064

[21:01:15.444] begin utt: 006 (344064)
INFO: \Projects\RoomLine-Blackmore\Agents\sphinx2\src\libsphinx2\uttproc.c(1195): Livemode
[21:01:15.445] Processing input...
[21:01:15.445] Received 22 bytes...
[21:01:15.445] Processing command: engine_proc_raw 8192 

[21:01:15.445] prepare to proc raw
[21:01:15.446] Processing input...
[21:01:15.446] Received 5760 bytes...
[21:01:15.447] Processing input...
[21:01:15.447] Received 2432 bytes...
[21:01:15.447] Processing raw data ...
[21:01:15.447] 8192 bytes raw data received
[21:01:15.747] Processing input...
[21:01:15.748] Received 3919 bytes...
[21:01:15.748] Processing command: engine_proc_raw 3840 

[21:01:15.748] prepare to proc raw
[21:01:15.748] Processing raw data ...
[21:01:15.748] 3840 bytes raw data received
[21:01:15.937] Processing command: engine_proc_partial 

[21:01:15.937] proc partial result (62): HELP 
[21:01:15.938] Sending:
 {c properties 											:partial_hyp "HELP " 											:engine_name "male"											:start_timestamp "344064" 											:end_timestamp "344684" 											:frame_num "62" 										}
[21:01:15.938] Sent

[21:01:15.938] Processing command: engine_end_utt 

[21:01:15.938] end utt: 006
INFO: \Projects\RoomLine-Blackmore\Agents\sphinx2\src\libsphinx2\uttproc.c(1391): Samples histogram (006) (4/8/16/30/32K): 91.8%(5525) 8.0%(481) 0.2%(10) 0.0%(0) 0.0%(0); max: 9177
INFO: \Projects\RoomLine-Blackmore\Agents\sphinx2\src\libsphinx2\sc_vq.c(576): VQ-TIME= 0.1sec, SCR-TIME= 0.1sec (CPU)
INFO: \Projects\RoomLine-Blackmore\Agents\sphinx2\src\libsphinx2\live_norm.c(168): mean_norm_update: from < 10.17  0.09 -0.48 -0.16 -0.37 -0.18 -0.30 -0.09 -0.21 -0.16 -0.09 -0.15 -0.12 >
INFO: \Projects\RoomLine-Blackmore\Agents\sphinx2\src\libsphinx2\live_norm.c(185): mean_norm_update: to   < 10.09  0.09 -0.47 -0.16 -0.36 -0.19 -0.30 -0.08 -0.21 -0.17 -0.09 -0.14 -0.11 >
[21:01:15.940] Processing command: engine_proc_result 

[21:01:15.941] proc result
WARNING: "\Projects\RoomLine-Blackmore\Agents\sphinx2\src\libsphinx2\search.c", line 2703: Failed to terminate in final state

WARNING: "\Projects\RoomLine-Blackmore\Agents\sphinx2\src\libsphinx2\search.c", line 3919: Segment acoustic score = 261214; should be < 0 ??
	SFrm Efrm        AScr       LScr   BSDiff TSDiffPF   Conf LatDen Word (FWDTREE) (006)
	---------------------------------------------------------------------
	   0   18    -3355296          0   -16893   -13616  -1.00      7 <s>
	  19   65    -7401791    -517138   -19530   -30182   0.23     30 HELP
	  66   66           0     -68211   104542   138240  -1.00     13 </s>
	---------------------------------------------------------------------
	   0   66   -10757087    -585349   -19530   -30182               006(TOTAL)
INFO: \Projects\RoomLine-Blackmore\Agents\sphinx2\src\libsphinx2\search.c(2756): FWDTREE: HELP  (006 -11342436 (A=-10757087 L=-585349))
INFO: \Projects\RoomLine-Blackmore\Agents\sphinx2\src\libsphinx2\search.c(2842):      994 words recognized (15/fr)
INFO: \Projects\RoomLine-Blackmore\Agents\sphinx2\src\libsphinx2\search.c(2845):     2348 phones in topsen (35/fr)
INFO: \Projects\RoomLine-Blackmore\Agents\sphinx2\src\libsphinx2\search.c(2847):   415140 senones evaluated (6196/fr)
INFO: \Projects\RoomLine-Blackmore\Agents\sphinx2\src\libsphinx2\search.c(2849):   113270 channels searched (1690/fr), 20298 1st, 21872 last
INFO: \Projects\RoomLine-Blackmore\Agents\sphinx2\src\libsphinx2\search.c(2853):     2755 words for which last channels evaluated (41/fr)
INFO: \Projects\RoomLine-Blackmore\Agents\sphinx2\src\libsphinx2\search.c(2855):     5280 candidate words for entering last phone (78/fr)
INFO: \Projects\RoomLine-Blackmore\Agents\sphinx2\src\libsphinx2\uttproc.c(517):   0.66 SoS,   0.50 sec elapsed,  0.76 xRT,   0.42 sec CPU,  0.64 xRT

[21:01:15.950] 66 frames

[21:01:15.950] Acoustic confidence: (-9079808 - -10757087.000000) / 66 = 25413.318359

[21:01:15.950] hyp: HELP 

[21:01:15.950] Sending final hypotheses frame:
{c result :results ( {c hypothesis :hyp "HELP " :confhyp "HELP " :uttid "006" :engine_name "male" :nbest_index 0 :decoder_score -11342436.000000 :lm_score -585349.000000 :am_score -10757087.000000 :frame_num 66 :acoustic_gap_norm 25413.318359 :avg_sphinxwordconf 0.227477 :min_sphinxwordconf 0.227477 :max_sphinxwordconf 0.227477 :avg_wordconf 0.916667 :min_wordconf 0.916667 :max_wordconf 0.916667 :avg_validwordconf 0.916667 :min_validwordconf 0.916667 :max_validwordconf 0.916667 :startframes "19" :endframes "65" :init_timestamp 344064 :end_timestamp 344724 }  ) }

[21:01:15.973] Processing input...
[21:01:15.973] Received 19 bytes...
[21:01:15.973] Processing command: engine_cancel_utt 

[21:01:19.850] Processing input...
[21:01:19.850] Received 28 bytes...
[21:01:19.850] Processing command: engine_begin_utt 007 387456

[21:01:19.850] begin utt: 007 (387456)
INFO: \Projects\RoomLine-Blackmore\Agents\sphinx2\src\libsphinx2\uttproc.c(1195): Livemode
[21:01:19.851] Processing input...
[21:01:19.851] Received 22 bytes...
[21:01:19.851] Processing command: engine_proc_raw 6656 

[21:01:19.851] prepare to proc raw
[21:01:19.851] Processing input...
[21:01:19.851] Received 4320 bytes...
[21:01:19.852] Processing input...
[21:01:19.852] Received 2336 bytes...
[21:01:19.852] Processing raw data ...
[21:01:19.852] 6656 bytes raw data received
[21:01:20.098] Processing input...
[21:01:20.098] Received 22 bytes...
[21:01:20.098] Processing command: engine_proc_raw 3072 

[21:01:20.098] prepare to proc raw
[21:01:20.098] Processing input...
[21:01:20.098] Received 3093 bytes...
[21:01:20.098] Processing raw data ...
[21:01:20.099] 3072 bytes raw data received
[21:01:20.376] Processing command: engine_proc_partial 

[21:01:20.376] proc partial result (48): 
[21:01:20.410] Processing input...
[21:01:20.410] Received 22 bytes...
[21:01:20.410] Processing command: engine_proc_raw 3328 

[21:01:20.410] prepare to proc raw
[21:01:20.410] Processing input...
[21:01:20.410] Received 3328 bytes...
[21:01:20.410] Processing raw data ...
[21:01:20.410] 3328 bytes raw data received
[21:01:20.704] Processing input...
[21:01:20.704] Received 21 bytes...
[21:01:20.704] Processing command: engine_proc_partial 

[21:01:20.704] proc partial result (69): 
[21:01:20.707] Processing input...
[21:01:20.707] Received 16 bytes...
[21:01:20.707] Processing command: engine_end_utt 

[21:01:20.707] end utt: 007
INFO: \Projects\RoomLine-Blackmore\Agents\sphinx2\src\libsphinx2\uttproc.c(1391): Samples histogram (007) (4/8/16/30/32K): 99.8%(6513) 0.2%(15) 0.0%(0) 0.0%(0) 0.0%(0); max: 5096
INFO: \Projects\RoomLine-Blackmore\Agents\sphinx2\src\libsphinx2\sc_vq.c(576): VQ-TIME= 0.0sec, SCR-TIME= 0.1sec (CPU)
INFO: \Projects\RoomLine-Blackmore\Agents\sphinx2\src\libsphinx2\live_norm.c(168): mean_norm_update: from < 10.07  0.09 -0.47 -0.16 -0.36 -0.19 -0.30 -0.08 -0.21 -0.17 -0.09 -0.14 -0.11 >
INFO: \Projects\RoomLine-Blackmore\Agents\sphinx2\src\libsphinx2\live_norm.c(185): mean_norm_update: to   <  9.89  0.13 -0.46 -0.16 -0.34 -0.20 -0.32 -0.10 -0.22 -0.18 -0.10 -0.12 -0.10 >
[21:01:20.710] Processing input...
[21:01:20.710] Received 20 bytes...
[21:01:20.710] Processing command: engine_proc_result 

[21:01:20.710] proc result
	SFrm Efrm        AScr       LScr   BSDiff TSDiffPF   Conf LatDen Word (FWDTREE) (007)
	---------------------------------------------------------------------
	   0   11    -2060352          0   -16893   -21509  -1.00      7 <s>
	  12   18    -1272983    -230270  -206064   -44199  -1.00     37 ++SMACK++
	  19   60    -8676321    -230270   -80948   -48054  -1.00     34 ++BACKGROUND++
	  61   72    -2587958    -237947  -388452   -42692  -1.00     10 </s>
	---------------------------------------------------------------------
	   0   72   -14597614    -698487  -388452   -48054               007(TOTAL)
INFO: \Projects\RoomLine-Blackmore\Agents\sphinx2\src\libsphinx2\search.c(2756): FWDTREE:  (007 -15296101 (A=-14597614 L=-698487))
INFO: \Projects\RoomLine-Blackmore\Agents\sphinx2\src\libsphinx2\search.c(2842):     1348 words recognized (18/fr)
INFO: \Projects\RoomLine-Blackmore\Agents\sphinx2\src\libsphinx2\search.c(2845):     3012 phones in topsen (41/fr)
INFO: \Projects\RoomLine-Blackmore\Agents\sphinx2\src\libsphinx2\search.c(2847):   459170 senones evaluated (6290/fr)
INFO: \Projects\RoomLine-Blackmore\Agents\sphinx2\src\libsphinx2\search.c(2849):   201435 channels searched (2759/fr), 24332 1st, 14437 last
INFO: \Projects\RoomLine-Blackmore\Agents\sphinx2\src\libsphinx2\search.c(2853):     2785 words for which last channels evaluated (38/fr)
INFO: \Projects\RoomLine-Blackmore\Agents\sphinx2\src\libsphinx2\search.c(2855):    11947 candidate words for entering last phone (163/fr)
INFO: \Projects\RoomLine-Blackmore\Agents\sphinx2\src\libsphinx2\uttproc.c(517):   0.72 SoS,   0.89 sec elapsed,  1.24 xRT,   0.63 sec CPU,  0.87 xRT

[21:01:20.741] 72 frames

[21:01:20.741] Acoustic confidence: (-11337728 - -14597614.000000) / 72 = 45276.195313

[21:01:20.741] hyp: 

[21:01:20.741] Sending final hypotheses frame:
{c result :results ( {c hypothesis :hyp "" :confhyp "" :uttid "007" :engine_name "male" :nbest_index 0 :decoder_score 0.000000 :lm_score 0.000000 :am_score 0.000000 :frame_num 72 :acoustic_gap_norm 0.000000 :avg_sphinxwordconf 0.000000 :min_sphinxwordconf 1.000000 :max_sphinxwordconf 0.000000 :avg_wordconf 0.000000 :min_wordconf 0.000000 :max_wordconf 0.000000 :avg_validwordconf 0.000000 :min_validwordconf 0.000000 :max_validwordconf 0.000000 :startframes "" :endframes "" :init_timestamp 387456 :end_timestamp 388176 }  ) }

[21:01:20.758] Processing input...
[21:01:20.758] Received 19 bytes...
[21:01:20.758] Processing command: engine_cancel_utt 

[21:01:28.256] Processing input...
[21:01:28.256] Received 28 bytes...
[21:01:28.256] Processing command: engine_begin_utt 008 454272

[21:01:28.256] begin utt: 008 (454272)
INFO: \Projects\RoomLine-Blackmore\Agents\sphinx2\src\libsphinx2\uttproc.c(1195): Livemode
[21:01:28.257] Processing input...
[21:01:28.257] Received 22 bytes...
[21:01:28.257] Processing command: engine_proc_raw 6656 

[21:01:28.257] prepare to proc raw
[21:01:28.257] Processing input...
[21:01:28.257] Received 4320 bytes...
[21:01:28.257] Processing input...
[21:01:28.257] Received 2336 bytes...
[21:01:28.258] Processing raw data ...
[21:01:28.258] 6656 bytes raw data received
[21:01:28.504] Processing input...
[21:01:28.504] Received 22 bytes...
[21:01:28.504] Processing command: engine_proc_raw 4352 

[21:01:28.504] prepare to proc raw
[21:01:28.504] Processing input...
[21:01:28.504] Received 4352 bytes...
[21:01:28.504] Processing raw data ...
[21:01:28.504] 4352 bytes raw data received
[21:01:28.885] Processing input...
[21:01:28.885] Received 7488 bytes...
[21:01:28.885] Processing command: engine_proc_partial 

[21:01:28.885] proc partial result (56): 
[21:01:28.885] Processing command: engine_proc_raw 7424 

[21:01:28.885] prepare to proc raw
[21:01:28.885] Processing raw data ...
[21:01:28.885] 7424 bytes raw data received
[21:01:29.291] Processing command: engine_proc_partial 

[21:01:29.291] proc partial result (102): 
[21:01:29.291] Processing input...
[21:01:29.291] Received 36 bytes...
[21:01:29.291] Processing command: engine_end_utt 

[21:01:29.291] end utt: 008
INFO: \Projects\RoomLine-Blackmore\Agents\sphinx2\src\libsphinx2\uttproc.c(1391): Samples histogram (008) (4/8/16/30/32K): 100.0%(9216) 0.0%(0) 0.0%(0) 0.0%(0) 0.0%(0); max: 1095
INFO: \Projects\RoomLine-Blackmore\Agents\sphinx2\src\libsphinx2\sc_vq.c(576): VQ-TIME= 0.1sec, SCR-TIME= 0.1sec (CPU)
INFO: \Projects\RoomLine-Blackmore\Agents\sphinx2\src\libsphinx2\live_norm.c(168): mean_norm_update: from <  9.89  0.13 -0.46 -0.16 -0.34 -0.20 -0.32 -0.10 -0.22 -0.18 -0.10 -0.12 -0.10 >
INFO: \Projects\RoomLine-Blackmore\Agents\sphinx2\src\libsphinx2\live_norm.c(185): mean_norm_update: to   <  9.64  0.08 -0.46 -0.13 -0.34 -0.19 -0.33 -0.09 -0.20 -0.17 -0.09 -0.11 -0.10 >
[21:01:29.293] Processing command: engine_proc_result 

[21:01:29.294] proc result
	SFrm Efrm        AScr       LScr   BSDiff TSDiffPF   Conf LatDen Word (FWDTREE) (008)
	---------------------------------------------------------------------
	   0   18    -3453152          0   -16893   -22216  -1.00      8 <s>
	  19   27    -1535633    -230270  -256220   -38416  -1.00     51 ++LAUGH++
	  28   61    -6027602    -230270  -634687   -38500  -1.00     61 ++UH++
	  62   72    -2236030     -52986  -427320   -62894  -1.00     38 SIL
	  73  105    -6498939    -237947  -324627   -37783  -1.00     15 </s>
	---------------------------------------------------------------------
	   0  105   -19751356    -751473  -634687   -62894               008(TOTAL)
INFO: \Projects\RoomLine-Blackmore\Agents\sphinx2\src\libsphinx2\search.c(2756): FWDTREE:  (008 -20502829 (A=-19751356 L=-751473))
INFO: \Projects\RoomLine-Blackmore\Agents\sphinx2\src\libsphinx2\search.c(2842):     2702 words recognized (25/fr)
INFO: \Projects\RoomLine-Blackmore\Agents\sphinx2\src\libsphinx2\search.c(2845):     4440 phones in topsen (41/fr)
INFO: \Projects\RoomLine-Blackmore\Agents\sphinx2\src\libsphinx2\search.c(2847):   666740 senones evaluated (6290/fr)
INFO: \Projects\RoomLine-Blackmore\Agents\sphinx2\src\libsphinx2\search.c(2849):   240296 channels searched (2266/fr), 36351 1st, 35621 last
INFO: \Projects\RoomLine-Blackmore\Agents\sphinx2\src\libsphinx2\search.c(2853):     4824 words for which last channels evaluated (45/fr)
INFO: \Projects\RoomLine-Blackmore\Agents\sphinx2\src\libsphinx2\search.c(2855):    12002 candidate words for entering last phone (113/fr)
INFO: \Projects\RoomLine-Blackmore\Agents\sphinx2\src\libsphinx2\uttproc.c(517):   1.05 SoS,   1.05 sec elapsed,  1.00 xRT,   0.80 sec CPU,  0.76 xRT

[21:01:29.313] 105 frames

[21:01:29.313] Acoustic confidence: (-15583232 - -19751356.000000) / 105 = 39696.417969

[21:01:29.313] hyp: 

[21:01:29.313] Sending final hypotheses frame:
{c result :results ( {c hypothesis :hyp "" :confhyp "" :uttid "008" :engine_name "male" :nbest_index 0 :decoder_score 0.000000 :lm_score 0.000000 :am_score 0.000000 :frame_num 105 :acoustic_gap_norm 0.000000 :avg_sphinxwordconf 0.000000 :min_sphinxwordconf 1.000000 :max_sphinxwordconf 0.000000 :avg_wordconf 0.000000 :min_wordconf 0.000000 :max_wordconf 0.000000 :avg_validwordconf 0.000000 :min_validwordconf 0.000000 :max_validwordconf 0.000000 :startframes "" :endframes "" :init_timestamp 454272 :end_timestamp 455322 }  ) }

[21:01:29.349] Processing input...
[21:01:29.349] Received 19 bytes...
[21:01:29.349] Processing command: engine_cancel_utt 

[21:01:29.698] Processing input...
[21:01:29.698] Received 22 bytes...
[21:01:29.698] Processing command: engine_set_lm yes_no 

[21:01:29.698] set lm: yes_no
INFO: \Projects\RoomLine-Blackmore\Agents\sphinx2\src\libsphinx2\search.c(3619): Creating search tree
INFO: \Projects\RoomLine-Blackmore\Agents\sphinx2\src\libsphinx2\search.c(3742): 354 root, 50406 non-root channels, 35 single-phone words
INFO: \Projects\RoomLine-Blackmore\Agents\sphinx2\src\libsphinx2\uttproc.c(1752): LM= "yes_no"
[21:01:32.675] Processing input...
[21:01:32.675] Received 28 bytes...
[21:01:32.675] Processing command: engine_begin_utt 009 491392

[21:01:32.675] begin utt: 009 (491392)
INFO: \Projects\RoomLine-Blackmore\Agents\sphinx2\src\libsphinx2\uttproc.c(1195): Livemode
[21:01:32.675] Processing input...
[21:01:32.675] Received 6678 bytes...
[21:01:32.676] Processing command: engine_proc_raw 6656 

[21:01:32.676] prepare to proc raw
[21:01:32.676] Processing raw data ...
[21:01:32.676] 6656 bytes raw data received
[21:01:32.960] Processing input...
[21:01:32.960] Received 298 bytes...
[21:01:32.960] Processing command: engine_proc_raw 256 

[21:01:32.960] prepare to proc raw
[21:01:32.960] Processing raw data ...
[21:01:32.960] 256 bytes raw data received
[21:01:32.966] Processing command: engine_proc_partial 

[21:01:32.966] proc partial result (30): 
[21:01:33.175] Processing input...
[21:01:33.175] Received 22 bytes...
[21:01:33.175] Processing command: engine_proc_raw 4864 

[21:01:33.175] prepare to proc raw
[21:01:33.176] Processing input...
[21:01:33.176] Received 4885 bytes...
[21:01:33.176] Processing raw data ...
[21:01:33.176] 4864 bytes raw data received
[21:01:33.477] Processing command: engine_proc_partial 

[21:01:33.477] proc partial result (61): 
[21:01:33.504] Processing input...
[21:01:33.504] Received 22 bytes...
[21:01:33.504] Processing command: engine_proc_raw 5120 

[21:01:33.504] prepare to proc raw
[21:01:33.504] Processing input...
[21:01:33.504] Received 5120 bytes...
[21:01:33.504] Processing raw data ...
[21:01:33.504] 5120 bytes raw data received
[21:01:33.950] Processing input...
[21:01:33.950] Received 4928 bytes...
[21:01:33.950] Processing command: engine_proc_partial 

[21:01:33.950] proc partial result (93): 
[21:01:33.950] Processing command: engine_proc_raw 4864 

[21:01:33.950] prepare to proc raw
[21:01:33.950] Processing raw data ...
[21:01:33.950] 4864 bytes raw data received
[21:01:34.167] Processing command: engine_proc_partial 

[21:01:34.167] proc partial result (123): 
[21:01:34.167] Processing input...
[21:01:34.167] Received 5163 bytes...
[21:01:34.167] Processing command: engine_proc_raw 5120 

[21:01:34.167] prepare to proc raw
[21:01:34.167] Processing raw data ...
[21:01:34.167] 5120 bytes raw data received
[21:01:34.437] Processing command: engine_proc_partial 

[21:01:34.437] proc partial result (155): SOON 
[21:01:34.437] Sending:
 {c properties 											:partial_hyp "SOON " 											:engine_name "male"											:start_timestamp "491392" 											:end_timestamp "492942" 											:frame_num "155" 										}
[21:01:34.437] Sent

[21:01:34.441] Processing input...
[21:01:34.441] Received 22 bytes...
[21:01:34.441] Processing command: engine_proc_raw 4864 

[21:01:34.441] prepare to proc raw
[21:01:34.442] Processing input...
[21:01:34.442] Received 4885 bytes...
[21:01:34.442] Processing raw data ...
[21:01:34.442] 4864 bytes raw data received
[21:01:34.774] Processing command: engine_proc_partial 

[21:01:34.774] proc partial result (185): SOON 
[21:01:34.774] Sending:
 {c properties 											:partial_hyp "SOON " 											:engine_name "male"											:start_timestamp "491392" 											:end_timestamp "493242" 											:frame_num "185" 										}
[21:01:34.774] Sent

[21:01:34.775] Processing input...
[21:01:34.775] Received 5163 bytes...
[21:01:34.775] Processing command: engine_proc_raw 5120 

[21:01:34.775] prepare to proc raw
[21:01:34.775] Processing raw data ...
[21:01:34.775] 5120 bytes raw data received
[21:01:35.258] Processing command: engine_proc_partial 

[21:01:35.259] proc partial result (217): SOON FOR 
[21:01:35.259] Sending:
 {c properties 											:partial_hyp "SOON FOR " 											:engine_name "male"											:start_timestamp "491392" 											:end_timestamp "493562" 											:frame_num "217" 										}
[21:01:35.259] Sent

[21:01:35.259] Processing input...
[21:01:35.259] Received 3627 bytes...
[21:01:35.259] Processing command: engine_proc_raw 3584 

[21:01:35.259] prepare to proc raw
[21:01:35.259] Processing raw data ...
[21:01:35.259] 3584 bytes raw data received
[21:01:35.342] Processing command: engine_proc_partial 

[21:01:35.343] proc partial result (240): SOON PERSON 
[21:01:35.410] Processing input...
[21:01:35.410] Received 16 bytes...
[21:01:35.410] Processing command: engine_end_utt 

[21:01:35.410] end utt: 009
INFO: \Projects\RoomLine-Blackmore\Agents\sphinx2\src\libsphinx2\uttproc.c(1391): Samples histogram (009) (4/8/16/30/32K): 100.0%(20224) 0.0%(0) 0.0%(0) 0.0%(0) 0.0%(0); max: 1436
INFO: \Projects\RoomLine-Blackmore\Agents\sphinx2\src\libsphinx2\sc_vq.c(576): VQ-TIME= 0.2sec, SCR-TIME= 0.4sec (CPU)
INFO: \Projects\RoomLine-Blackmore\Agents\sphinx2\src\libsphinx2\live_norm.c(168): mean_norm_update: from <  9.43  0.05 -0.45 -0.09 -0.35 -0.19 -0.32 -0.09 -0.20 -0.17 -0.09 -0.10 -0.11 >
INFO: \Projects\RoomLine-Blackmore\Agents\sphinx2\src\libsphinx2\live_norm.c(185): mean_norm_update: to   <  9.20  0.05 -0.42 -0.06 -0.33 -0.19 -0.33 -0.09 -0.19 -0.16 -0.10 -0.10 -0.11 >
[21:01:35.413] Processing input...
[21:01:35.413] Received 20 bytes...
[21:01:35.413] Processing command: engine_proc_result 

[21:01:35.413] proc result
	SFrm Efrm        AScr       LScr   BSDiff TSDiffPF   Conf LatDen Word (FWDTREE) (009)
	---------------------------------------------------------------------
	   0   55   -11001947          0   -68482   -28893  -1.00     12 <s>
	  56   65    -1797346     -52986   -17710   -23165  -1.00     14 SIL
	  66   96    -5863809     -52986   -29921   -33110  -1.00     26 SIL
	  97  135    -7089180    -637540  -519792   -34002   0.18     20 SOON
	 136  144    -1637260     -52986  -315001   -22515  -1.00     15 SIL
	 145  165    -3561648    -230270  -193687   -32288  -1.00     35 ++UH++
	 166  172    -1217934    -230270  -395359   -52866  -1.00     39 ++MM++
	 173  188    -2645472     -52986   -93783   -17758  -1.00     18 SIL
	 189  240    -9583986    -655883  -280376   -41282   0.19     47 PERSON
	 241  243     -673952     -97689  -388359   -73440  -1.00      9 </s>
	---------------------------------------------------------------------
	   0  243   -45072534   -2063596  -519792   -73440               009(TOTAL)
INFO: \Projects\RoomLine-Blackmore\Agents\sphinx2\src\libsphinx2\search.c(2756): FWDTREE: SOON PERSON  (009 -47136130 (A=-45072534 L=-2063596))
INFO: \Projects\RoomLine-Blackmore\Agents\sphinx2\src\libsphinx2\search.c(2842):     4487 words recognized (18/fr)
INFO: \Projects\RoomLine-Blackmore\Agents\sphinx2\src\libsphinx2\search.c(2845):    10277 phones in topsen (42/fr)
INFO: \Projects\RoomLine-Blackmore\Agents\sphinx2\src\libsphinx2\search.c(2847):  1534760 senones evaluated (6290/fr)
INFO: \Projects\RoomLine-Blackmore\Agents\sphinx2\src\libsphinx2\search.c(2849):   549821 channels searched (2253/fr), 82599 1st, 60221 last
INFO: \Projects\RoomLine-Blackmore\Agents\sphinx2\src\libsphinx2\search.c(2853):     9593 words for which last channels evaluated (39/fr)
INFO: \Projects\RoomLine-Blackmore\Agents\sphinx2\src\libsphinx2\search.c(2855):    29070 candidate words for entering last phone (119/fr)
INFO: \Projects\RoomLine-Blackmore\Agents\sphinx2\src\libsphinx2\uttproc.c(517):   2.43 SoS,   2.77 sec elapsed,  1.14 xRT,   1.77 sec CPU,  0.73 xRT

[21:01:35.445] 243 frames

[21:01:35.445] Acoustic confidence: (-36819968 - -45072536.000000) / 243 = 33961.183594

[21:01:35.445] hyp: SOON PERSON 

[21:01:35.445] Sending final hypotheses frame:
{c result :results ( {c hypothesis :hyp "SOON PERSON " :confhyp ".?SOON?. PERSON " :uttid "009" :engine_name "male" :nbest_index 0 :decoder_score -47136128.000000 :lm_score -2063596.000000 :am_score -45072536.000000 :frame_num 243 :acoustic_gap_norm 33961.183594 :avg_sphinxwordconf 0.182417 :min_sphinxwordconf 0.177589 :max_sphinxwordconf 0.187246 :avg_wordconf 0.416667 :min_wordconf 0.333333 :max_wordconf 0.500000 :avg_validwordconf 0.500000 :min_validwordconf 0.500000 :max_validwordconf 0.500000 :startframes "97 189" :endframes "135 240" :init_timestamp 491392 :end_timestamp 493822 }  ) }

[21:01:35.453] Processing input...
[21:01:35.453] Received 19 bytes...
[21:01:35.453] Processing command: engine_cancel_utt 

[21:01:35.716] Processing input...
[21:01:35.716] Received 27 bytes...
[21:01:35.716] Processing command: engine_set_lm first_query 

[21:01:35.716] set lm: first_query
INFO: \Projects\RoomLine-Blackmore\Agents\sphinx2\src\libsphinx2\search.c(3619): Creating search tree
INFO: \Projects\RoomLine-Blackmore\Agents\sphinx2\src\libsphinx2\search.c(3742): 339 root, 50227 non-root channels, 30 single-phone words
INFO: \Projects\RoomLine-Blackmore\Agents\sphinx2\src\libsphinx2\uttproc.c(1752): LM= "first_query"
[21:01:36.369] Processing input...
[21:01:36.369] Received 28 bytes...
[21:01:36.369] Processing command: engine_begin_utt 010 519296

[21:01:36.369] begin utt: 010 (519296)
INFO: \Projects\RoomLine-Blackmore\Agents\sphinx2\src\libsphinx2\uttproc.c(1195): Livemode
[21:01:36.371] Processing input...
[21:01:36.371] Received 22 bytes...
[21:01:36.371] Processing command: engine_proc_raw 6656 

[21:01:36.371] prepare to proc raw
[21:01:36.371] Processing input...
[21:01:36.372] Received 6656 bytes...
[21:01:36.372] Processing raw data ...
[21:01:36.372] 6656 bytes raw data received
[21:01:36.613] Processing input...
[21:01:36.613] Received 22 bytes...
[21:01:36.613] Processing command: engine_proc_raw 4352 

[21:01:36.613] prepare to proc raw
[21:01:36.613] Processing input...
[21:01:36.614] Received 4352 bytes...
[21:01:36.614] Processing raw data ...
[21:01:36.614] 4352 bytes raw data received
[21:01:36.955] Processing input...
[21:01:36.955] Received 4928 bytes...
[21:01:36.955] Processing command: engine_proc_partial 

[21:01:36.955] proc partial result (56): WHERE I'M 
[21:01:36.955] Sending:
 {c properties 											:partial_hyp "WHERE I'M " 											:engine_name "male"											:start_timestamp "519296" 											:end_timestamp "519856" 											:frame_num "56" 										}
[21:01:36.955] Sent

[21:01:36.957] Processing command: engine_proc_raw 4864 

[21:01:36.957] prepare to proc raw
[21:01:36.957] Processing raw data ...
[21:01:36.957] 4864 bytes raw data received
[21:01:37.359] Processing command: engine_proc_partial 

[21:01:37.360] proc partial result (86): WHEN IS 
[21:01:37.360] Sending:
 {c properties 											:partial_hyp "WHEN IS " 											:engine_name "male"											:start_timestamp "519296" 											:end_timestamp "520156" 											:frame_num "86" 										}
[21:01:37.360] Sent

[21:01:37.360] Processing input...
[21:01:37.361] Received 5163 bytes...
[21:01:37.361] Processing command: engine_proc_raw 5120 

[21:01:37.361] prepare to proc raw
[21:01:37.361] Processing raw data ...
[21:01:37.361] 5120 bytes raw data received
[21:01:37.842] Processing command: engine_proc_partial 

[21:01:37.842] proc partial result (118): WHEN IS IT 
[21:01:37.842] Sending:
 {c properties 											:partial_hyp "WHEN IS IT " 											:engine_name "male"											:start_timestamp "519296" 											:end_timestamp "520476" 											:frame_num "118" 										}
[21:01:37.843] Sent

[21:01:37.843] Processing input...
[21:01:37.843] Received 5163 bytes...
[21:01:37.843] Processing command: engine_proc_raw 5120 

[21:01:37.843] prepare to proc raw
[21:01:37.843] Processing raw data ...
[21:01:37.843] 5120 bytes raw data received
[21:01:38.188] Processing command: engine_proc_partial 

[21:01:38.188] proc partial result (150): WHEN IS THE 
[21:01:38.188] Sending:
 {c properties 											:partial_hyp "WHEN IS THE " 											:engine_name "male"											:start_timestamp "519296" 											:end_timestamp "520796" 											:frame_num "150" 										}
[21:01:38.189] Sent

[21:01:38.189] Processing input...
[21:01:38.189] Received 4907 bytes...
[21:01:38.189] Processing command: engine_proc_raw 4864 

[21:01:38.189] prepare to proc raw
[21:01:38.189] Processing raw data ...
[21:01:38.189] 4864 bytes raw data received
[21:01:38.377] Processing command: engine_proc_partial 

[21:01:38.377] proc partial result (181): WHEN IS O'CLOCK 
[21:01:38.377] Sending:
 {c properties 											:partial_hyp "WHEN IS O'CLOCK " 											:engine_name "male"											:start_timestamp "519296" 											:end_timestamp "521106" 											:frame_num "181" 										}
[21:01:38.379] Sent

[21:01:38.379] Processing input...
[21:01:38.379] Received 5419 bytes...
[21:01:38.379] Processing command: engine_proc_raw 5376 

[21:01:38.379] prepare to proc raw
[21:01:38.379] Processing raw data ...
[21:01:38.379] 5376 bytes raw data received
[21:01:38.618] Processing command: engine_proc_partial 

[21:01:38.619] proc partial result (214): WHEN IS O'CLOCK IN 
[21:01:38.619] Sending:
 {c properties 											:partial_hyp "WHEN IS O'CLOCK IN " 											:engine_name "male"											:start_timestamp "519296" 											:end_timestamp "521436" 											:frame_num "214" 										}
[21:01:38.619] Sent

[21:01:38.619] Processing input...
[21:01:38.619] Received 36 bytes...
[21:01:38.619] Processing command: engine_end_utt 

[21:01:38.620] end utt: 010
INFO: \Projects\RoomLine-Blackmore\Agents\sphinx2\src\libsphinx2\uttproc.c(1391): Samples histogram (010) (4/8/16/30/32K): 99.9%(18155) 0.1%(21) 0.0%(0) 0.0%(0) 0.0%(0); max: 5039
INFO: \Projects\RoomLine-Blackmore\Agents\sphinx2\src\libsphinx2\sc_vq.c(576): VQ-TIME= 0.2sec, SCR-TIME= 0.3sec (CPU)
INFO: \Projects\RoomLine-Blackmore\Agents\sphinx2\src\libsphinx2\live_norm.c(168): mean_norm_update: from <  9.39  0.08 -0.42 -0.04 -0.34 -0.19 -0.32 -0.12 -0.22 -0.16 -0.10 -0.11 -0.11 >
INFO: \Projects\RoomLine-Blackmore\Agents\sphinx2\src\libsphinx2\live_norm.c(185): mean_norm_update: to   <  9.62  0.08 -0.44 -0.06 -0.35 -0.19 -0.35 -0.12 -0.22 -0.16 -0.10 -0.10 -0.10 >
[21:01:38.621] Processing command: engine_proc_result 

[21:01:38.621] proc result
	SFrm Efrm        AScr       LScr   BSDiff TSDiffPF   Conf LatDen Word (FWDTREE) (010)
	---------------------------------------------------------------------
	   0   17    -2911722          0   -16893    -9357  -1.00      6 <s>
	  18   51    -5751748    -553799  -456926   -38910   0.22     52 WHEN(3)
	  52   72    -4303203    -230270  -262978   -32346  -1.00     36 ++BACKGROUND++
	  73   99    -5487249     -63204  -261309   -53992   0.32     25 IS
	 100  155   -11071591    -626252  -686543   -54164   0.09     48 O'CLOCK
	 156  179    -3034546    -230270  -424253   -30268  -1.00     29 ++UM++
	 180  192    -2442254    -230270  -791401   -44978  -1.00     37 ++OH++
	 193  208    -2751327    -230270  -900584   -57333  -1.00     49 ++ER++
	 209  217    -1772413    -122160  -808586   -40717  -1.00     42 </s>
	---------------------------------------------------------------------
	   0  217   -39526053   -2286495  -900584   -57333               010(TOTAL)
INFO: \Projects\RoomLine-Blackmore\Agents\sphinx2\src\libsphinx2\search.c(2756): FWDTREE: WHEN IS O'CLOCK  (010 -41812548 (A=-39526053 L=-2286495))
INFO: \Projects\RoomLine-Blackmore\Agents\sphinx2\src\libsphinx2\search.c(2842):     5122 words recognized (23/fr)
INFO: \Projects\RoomLine-Blackmore\Agents\sphinx2\src\libsphinx2\search.c(2845):     8436 phones in topsen (38/fr)
INFO: \Projects\RoomLine-Blackmore\Agents\sphinx2\src\libsphinx2\search.c(2847):  1371220 senones evaluated (6290/fr)
INFO: \Projects\RoomLine-Blackmore\Agents\sphinx2\src\libsphinx2\search.c(2849):   587456 channels searched (2694/fr), 67030 1st, 88132 last
INFO: \Projects\RoomLine-Blackmore\Agents\sphinx2\src\libsphinx2\search.c(2853):     9314 words for which last channels evaluated (42/fr)
INFO: \Projects\RoomLine-Blackmore\Agents\sphinx2\src\libsphinx2\search.c(2855):    20556 candidate words for entering last phone (94/fr)
INFO: \Projects\RoomLine-Blackmore\Agents\sphinx2\src\libsphinx2\uttproc.c(517):   2.17 SoS,   2.28 sec elapsed,  1.05 xRT,   1.84 sec CPU,  0.85 xRT

[21:01:38.657] 217 frames

[21:01:38.657] Acoustic confidence: (-30089216 - -39526052.000000) / 217 = 43487.722656

[21:01:38.658] hyp: WHEN IS O'CLOCK 

[21:01:38.658] Sending final hypotheses frame:
{c result :results ( {c hypothesis :hyp "WHEN IS O'CLOCK " :confhyp "WHEN .?IS?. O'CLOCK " :uttid "010" :engine_name "male" :nbest_index 0 :decoder_score -41812548.000000 :lm_score -2286495.000000 :am_score -39526052.000000 :frame_num 217 :acoustic_gap_norm 43487.722656 :avg_sphinxwordconf 0.191221 :min_sphinxwordconf 0.086609 :max_sphinxwordconf 0.317049 :avg_wordconf 0.555556 :min_wordconf 0.416667 :max_wordconf 0.666667 :avg_validwordconf 0.625000 :min_validwordconf 0.583333 :max_validwordconf 0.666667 :startframes "18 73 100" :endframes "51 99 155" :init_timestamp 519296 :end_timestamp 521466 }  ) }

[21:01:38.678] Processing input...
[21:01:38.678] Received 19 bytes...
[21:01:38.678] Processing command: engine_cancel_utt 

[21:01:38.797] Processing input...
[21:01:38.797] Received 28 bytes...
[21:01:38.797] Processing command: engine_begin_utt 011 538624

[21:01:38.797] begin utt: 011 (538624)
INFO: \Projects\RoomLine-Blackmore\Agents\sphinx2\src\libsphinx2\uttproc.c(1195): Livemode
[21:01:38.798] Processing input...
[21:01:38.798] Received 22 bytes...
[21:01:38.798] Processing command: engine_proc_raw 7424 

[21:01:38.798] prepare to proc raw
[21:01:38.799] Processing input...
[21:01:38.799] Received 7424 bytes...
[21:01:38.799] Processing raw data ...
[21:01:38.799] 7424 bytes raw data received
[21:01:39.074] Processing input...
[21:01:39.074] Received 21 bytes...
[21:01:39.074] Processing command: engine_set_lm place 

[21:01:39.074] Warning: set lm called during an utterance. Ignored.
[21:01:39.144] Processing input...
[21:01:39.144] Received 22 bytes...
[21:01:39.144] Processing command: engine_proc_raw 4864 

[21:01:39.144] prepare to proc raw
[21:01:39.145] Processing input...
[21:01:39.145] Received 4885 bytes...
[21:01:39.145] Processing raw data ...
[21:01:39.145] 4864 bytes raw data received
[21:01:39.710] Processing command: engine_proc_partial 

[21:01:39.711] proc partial result (64): 
[21:01:39.711] Processing input...
[21:01:39.711] Received 5163 bytes...
[21:01:39.711] Processing command: engine_proc_raw 5120 

[21:01:39.711] prepare to proc raw
[21:01:39.711] Processing raw data ...
[21:01:39.711] 5120 bytes raw data received
[21:01:40.063] Processing command: engine_proc_partial 

[21:01:40.063] proc partial result (96): 
[21:01:40.063] Processing input...
[21:01:40.063] Received 4907 bytes...
[21:01:40.063] Processing command: engine_proc_raw 4864 

[21:01:40.063] prepare to proc raw
[21:01:40.063] Processing raw data ...
[21:01:40.063] 4864 bytes raw data received
[21:01:40.382] Processing command: engine_proc_partial 

[21:01:40.382] proc partial result (126): 
[21:01:40.382] Processing input...
[21:01:40.382] Received 5163 bytes...
[21:01:40.382] Processing command: engine_proc_raw 5120 

[21:01:40.382] prepare to proc raw
[21:01:40.382] Processing raw data ...
[21:01:40.382] 5120 bytes raw data received
[21:01:40.790] Processing command: engine_proc_partial 

[21:01:40.790] proc partial result (158): 
[21:01:40.790] Processing input...
[21:01:40.791] Received 8665 bytes...
[21:01:40.791] Processing command: engine_proc_raw 4864 

[21:01:40.791] prepare to proc raw
[21:01:40.791] Processing raw data ...
[21:01:40.791] 4864 bytes raw data received
[21:01:41.285] Processing command: engine_proc_partial 

[21:01:41.285] proc partial result (189): 
[21:01:41.285] Processing command: engine_proc_raw 5120 

[21:01:41.285] prepare to proc raw
[21:01:41.285] Processing input...
[21:01:41.285] Received 6312 bytes...
[21:01:41.285] Processing raw data ...
[21:01:41.285] 5120 bytes raw data received
[21:01:41.623] Processing command: engine_proc_partial 

[21:01:41.623] proc partial result (221): 
[21:01:41.623] Processing command: engine_proc_raw 4864 

[21:01:41.623] prepare to proc raw
[21:01:41.623] Processing raw data ...
[21:01:41.623] 4864 bytes raw data received
[21:01:41.928] Processing command: engine_proc_partial 

[21:01:41.928] proc partial result (251): 
[21:01:41.928] Processing input...
[21:01:41.929] Received 8921 bytes...
[21:01:41.929] Processing command: engine_proc_raw 5120 

[21:01:41.929] prepare to proc raw
[21:01:41.929] Processing raw data ...
[21:01:41.929] 5120 bytes raw data received
[21:01:42.325] Processing command: engine_proc_partial 

[21:01:42.325] proc partial result (283): 
[21:01:42.325] Processing command: engine_proc_raw 4864 

[21:01:42.325] prepare to proc raw
[21:01:42.326] Processing input...
[21:01:42.326] Received 10092 bytes...
[21:01:42.326] Processing raw data ...
[21:01:42.326] 4864 bytes raw data received
[21:01:42.757] Processing command: engine_proc_partial 

[21:01:42.757] proc partial result (313): 
[21:01:42.757] Processing command: engine_set_lm yes_no 

[21:01:42.757] Warning: set lm called during an utterance. Ignored.
[21:01:42.757] Processing command: engine_proc_raw 5120 

[21:01:42.757] prepare to proc raw
[21:01:42.757] Processing raw data ...
[21:01:42.757] 5120 bytes raw data received
[21:01:43.298] Processing command: engine_proc_partial 

[21:01:43.298] proc partial result (345): SAYS 
[21:01:43.298] Sending:
 {c properties 											:partial_hyp "SAYS " 											:engine_name "male"											:start_timestamp "538624" 											:end_timestamp "542074" 											:frame_num "345" 										}
[21:01:43.298] Sent

[21:01:43.299] Processing command: engine_proc_raw 4864 

[21:01:43.299] prepare to proc raw
[21:01:43.299] Processing input...
[21:01:43.301] Received 10070 bytes...
[21:01:43.301] Processing raw data ...
[21:01:43.301] 4864 bytes raw data received
[21:01:44.000] Processing command: engine_proc_partial 

[21:01:44.001] proc partial result (376): SAYS IF THE 
[21:01:44.001] Sending:
 {c properties 											:partial_hyp "SAYS IF THE " 											:engine_name "male"											:start_timestamp "538624" 											:end_timestamp "542384" 											:frame_num "376" 										}
[21:01:44.001] Sent

[21:01:44.001] Processing command: engine_proc_raw 5120 

[21:01:44.001] prepare to proc raw
[21:01:44.001] Processing raw data ...
[21:01:44.001] 5120 bytes raw data received
[21:01:44.359] Processing command: engine_proc_partial 

[21:01:44.359] proc partial result (408): SAYS IF THE 
[21:01:44.359] Sending:
 {c properties 											:partial_hyp "SAYS IF THE " 											:engine_name "male"											:start_timestamp "538624" 											:end_timestamp "542704" 											:frame_num "408" 										}
[21:01:44.359] Sent

[21:01:44.359] Processing command: engine_proc_raw 5120 

[21:01:44.359] prepare to proc raw
[21:01:44.359] Processing input...
[21:01:44.360] Received 10070 bytes...
[21:01:44.360] Processing raw data ...
[21:01:44.360] 5120 bytes raw data received
[21:01:44.563] Processing command: engine_proc_partial 

[21:01:44.564] proc partial result (440): SAYS IF THE 
[21:01:44.564] Sending:
 {c properties 											:partial_hyp "SAYS IF THE " 											:engine_name "male"											:start_timestamp "538624" 											:end_timestamp "543024" 											:frame_num "440" 										}
[21:01:44.564] Sent

[21:01:44.564] Processing command: engine_proc_raw 4864 

[21:01:44.564] prepare to proc raw
[21:01:44.564] Processing raw data ...
[21:01:44.564] 4864 bytes raw data received
[21:01:44.849] Processing command: engine_proc_partial 

[21:01:44.849] proc partial result (470): SAYS IF THE GOES 
[21:01:44.849] Sending:
 {c properties 											:partial_hyp "SAYS IF THE GOES " 											:engine_name "male"											:start_timestamp "538624" 											:end_timestamp "543324" 											:frame_num "470" 										}
[21:01:44.850] Sent

[21:01:44.850] Processing command: engine_proc_raw 5632 

[21:01:44.850] prepare to proc raw
[21:01:44.850] Processing input...
[21:01:44.850] Received 1953 bytes...
[21:01:44.850] Processing raw data ...
[21:01:44.850] 5632 bytes raw data received
[21:01:45.126] Processing command: engine_proc_partial 

[21:01:45.126] proc partial result (505): SAYS IF THE GO 
[21:01:45.126] Sending:
 {c properties 											:partial_hyp "SAYS IF THE GO " 											:engine_name "male"											:start_timestamp "538624" 											:end_timestamp "543674" 											:frame_num "505" 										}
[21:01:45.127] Sent

[21:01:45.127] Processing command: engine_end_utt 

[21:01:45.127] end utt: 011
INFO: \Projects\RoomLine-Blackmore\Agents\sphinx2\src\libsphinx2\uttproc.c(1391): Samples histogram (011) (4/8/16/30/32K): 100.0%(41472) 0.0%(0) 0.0%(0) 0.0%(0) 0.0%(0); max: 2102
INFO: \Projects\RoomLine-Blackmore\Agents\sphinx2\src\libsphinx2\sc_vq.c(576): VQ-TIME= 0.3sec, SCR-TIME= 0.7sec (CPU)
INFO: \Projects\RoomLine-Blackmore\Agents\sphinx2\src\libsphinx2\live_norm.c(168): mean_norm_update: from <  9.21 -0.04 -0.48  0.01 -0.37 -0.16 -0.34 -0.11 -0.20 -0.16 -0.11 -0.10 -0.10 >
INFO: \Projects\RoomLine-Blackmore\Agents\sphinx2\src\libsphinx2\live_norm.c(185): mean_norm_update: to   <  9.07 -0.06 -0.44 -0.03 -0.36 -0.15 -0.35 -0.08 -0.21 -0.17 -0.09 -0.11 -0.10 >
[21:01:45.130] Processing command: engine_proc_result 

[21:01:45.130] proc result
	SFrm Efrm        AScr       LScr   BSDiff TSDiffPF   Conf LatDen Word (FWDTREE) (011)
	---------------------------------------------------------------------
	   0    4     -957155          0   -50038   -29024  -1.00      5 <s>
	   5   45    -7840335    -230270  -114901   -32807  -1.00     15 ++BREATH++
	  46   77    -6538954     -52986   -73148   -39446  -1.00     14 SIL
	  78   96    -3554766    -230270   -69803   -25300  -1.00     13 ++BREATH++
	  97  153   -11176444    -230270   -32916   -30154  -1.00     13 ++BACKGROUND++
	 154  178    -5187056     -52986   -46382   -49745  -1.00     17 SIL
	 179  248   -14446570    -230270  -488757   -47367  -1.00     26 ++FEED++
	 249  327   -15106587    -230270   -62324   -31387  -1.00     20 ++FEED++
	 328  349    -4001252    -607247  -199984   -40376   0.48     27 SAYS(2)
	 350  354    -1072080    -230270  -403605   -52624  -1.00     46 ++MM++
	 355  367    -2464963     -63204  -485262   -54995   0.06     57 IF(2)
	 368  377    -1877964    -191070  -638651   -51092   0.19     52 THE(2)
	 378  421    -8583478     -52986   -82889   -32263  -1.00     19 SIL
	 422  435    -2746194    -230270  -300641   -41971  -1.00     35 ++UM++
	 436  465    -5471147    -603880  -444452   -41742   0.17     48 GO
	 466  499    -6968153    -230270  -366525   -47309  -1.00     29 ++BACKGROUND++
	 500  508    -1664554    -317890  -642774   -36584  -1.00     14 </s>
	---------------------------------------------------------------------
	   0  508   -99657652   -3784409  -642774   -54995               011(TOTAL)
INFO: \Projects\RoomLine-Blackmore\Agents\sphinx2\src\libsphinx2\search.c(2756): FWDTREE: SAYS IF THE GO  (011 -103442061 (A=-99657652 L=-3784409))
INFO: \Projects\RoomLine-Blackmore\Agents\sphinx2\src\libsphinx2\search.c(2842):     9875 words recognized (19/fr)
INFO: \Projects\RoomLine-Blackmore\Agents\sphinx2\src\libsphinx2\search.c(2845):    22076 phones in topsen (43/fr)
INFO: \Projects\RoomLine-Blackmore\Agents\sphinx2\src\libsphinx2\search.c(2847):  3201610 senones evaluated (6290/fr)
INFO: \Projects\RoomLine-Blackmore\Agents\sphinx2\src\libsphinx2\search.c(2849):  1553749 channels searched (3052/fr), 171268 1st, 73677 last
INFO: \Projects\RoomLine-Blackmore\Agents\sphinx2\src\libsphinx2\search.c(2853):    18075 words for which last channels evaluated (35/fr)
INFO: \Projects\RoomLine-Blackmore\Agents\sphinx2\src\libsphinx2\search.c(2855):    73347 candidate words for entering last phone (144/fr)
INFO: \Projects\RoomLine-Blackmore\Agents\sphinx2\src\libsphinx2\uttproc.c(517):   5.08 SoS,   6.41 sec elapsed,  1.26 xRT,   4.47 sec CPU,  0.88 xRT

[21:01:45.204] 508 frames

[21:01:45.204] Acoustic confidence: (-79933440 - -99657648.000000) / 508 = 38827.179688

[21:01:45.204] hyp: SAYS IF THE GO 

[21:01:45.204] Sending final hypotheses frame:
{c result :results ( {c hypothesis :hyp "SAYS IF THE GO " :confhyp "SAYS .?IF?. .?THE?. GO " :uttid "011" :engine_name "male" :nbest_index 0 :decoder_score -103442064.000000 :lm_score -3784409.000000 :am_score -99657648.000000 :frame_num 508 :acoustic_gap_norm 38827.179688 :avg_sphinxwordconf 0.068581 :min_sphinxwordconf 0.008284 :max_sphinxwordconf 0.170434 :avg_wordconf 0.416667 :min_wordconf 0.250000 :max_wordconf 0.583333 :avg_validwordconf 0.541667 :min_validwordconf 0.500000 :max_validwordconf 0.583333 :startframes "328 355 368 436" :endframes "349 367 377 465" :init_timestamp 538624 :end_timestamp 543704 }  ) }

[21:01:45.240] Processing input...
[21:01:45.240] Received 19 bytes...
[21:01:45.240] Processing command: engine_cancel_utt 

[21:01:45.600] Processing input...
[21:01:45.600] Received 22 bytes...
[21:01:45.600] Processing command: engine_set_lm yes_no 

[21:01:45.600] set lm: yes_no
INFO: \Projects\RoomLine-Blackmore\Agents\sphinx2\src\libsphinx2\search.c(3619): Creating search tree
INFO: \Projects\RoomLine-Blackmore\Agents\sphinx2\src\libsphinx2\search.c(3742): 354 root, 50406 non-root channels, 35 single-phone words
INFO: \Projects\RoomLine-Blackmore\Agents\sphinx2\src\libsphinx2\uttproc.c(1752): LM= "yes_no"
[21:14:15.588] Processing input...
[21:14:15.588] Received 82 bytes...
[21:14:15.588] Processing command: engine_new_session ..\..\logs\LetsGoPublic\20061122\018\LetsGoPublic-20061122-018

[21:14:15.588] new session
INFO: \Projects\RoomLine-Blackmore\Agents\sphinx2\src\libsphinx2\fbs_main.c(1186): uttproc_set_logfile(..\..\logs\LetsGoPublic\20061122\018\LetsGoPublic-20061122-018-sphinx_male.log)
