INFO: \Projects\RoomLine-Blackmore\Agents\sphinx2\src\libsphinx2\fbs_main.c(1210): Previous logfile: '..\..\logs\LetsGoPublic\20061122\016\LetsGoPublic-20061122-016-sphinx_female.log'
sphinx_client \
 -live TRUE \
 -normmean TRUE \
 -nmprior TRUE \
 -samp 8000 \
 -topsenfrm 4 \
 -topsenthresh \
 -80000 \
 -fwdflat FALSE \
 -compallsen TRUE \
 -bestpath FALSE \
 -latsize 500000 \
 -top 4 \
 -fillpen 1e-10 \
 -nwpen 0.01 \
 -silpen 0.005 \
 -inspen 0.65 \
 -langwt 8.5 \
 -ugwt 0.7 \
 -beam 2e-6 \
 -npbeam 2e-6 \
 -nwbeam 5e-4 \
 -lpbeam 2e-5 \
 -lponlybeam 5e-4 \
 -fwdflatbeam 1e-8 \
 -fwdflatnwbeam 3e-4 \
 -rescorelw 9.5 \
 -lmctlfn LanguageModel/LetsGoPublic2.371/LetsGoPublic_LM.ctl \
 -dictfn Dictionary/LetsGoPublic2.371/vocab.dic \
 -ndictfn Dictionary/LetsGoPublic2.371/noise.dic \
 -phnfn adapted\LetsGoPublic2.615\female.sphinx2\phone \
 -mapfn adapted\LetsGoPublic2.615\female.sphinx2\map \
 -sendumpfn adapted\LetsGoPublic2.615\female.sphinx2\sendump \
 -hmmdir adapted\LetsGoPublic2.615\female.sphinx2 \
 -hmmdirlist adapted\LetsGoPublic2.615\female.sphinx2 \
 -cbdir adapted\LetsGoPublic2.615\female.sphinx2 \
 -8bsen TRUE \
 -logfn .\sphinx_female.log \
 -argfile female-phone.arg 

[21:00:27.751] Processing input...
[21:00:27.751] Received 27 bytes...
[21:00:27.751] Processing command: engine_set_lm first_query 

[21:00:27.751] set lm: first_query
INFO: \Projects\RoomLine-Blackmore\Agents\sphinx2\src\libsphinx2\search.c(3619): Creating search tree
INFO: \Projects\RoomLine-Blackmore\Agents\sphinx2\src\libsphinx2\search.c(3742): 339 root, 50227 non-root channels, 30 single-phone words
INFO: \Projects\RoomLine-Blackmore\Agents\sphinx2\src\libsphinx2\uttproc.c(1752): LM= "first_query"
[21:00:38.290] Processing input...
[21:00:38.290] Received 6705 bytes...
[21:00:38.290] Processing command: engine_begin_utt 000 55552

[21:00:38.290] begin utt: 000 (55552)
INFO: \Projects\RoomLine-Blackmore\Agents\sphinx2\src\libsphinx2\uttproc.c(1195): Livemode
[21:00:38.291] Processing command: engine_proc_raw 6656 

[21:00:38.291] prepare to proc raw
[21:00:38.291] Processing raw data ...
[21:00:38.291] 6656 bytes raw data received
[21:00:38.537] Processing input...
[21:00:38.537] Received 1835 bytes...
[21:00:38.537] Processing command: engine_proc_raw 1792 

[21:00:38.537] prepare to proc raw
[21:00:38.537] Processing raw data ...
[21:00:38.538] 1792 bytes raw data received
[21:00:38.610] Processing command: engine_proc_partial 

[21:00:38.610] proc partial result (40): THE 
[21:00:38.610] Sending:
 {c properties 											:partial_hyp "THE " 											:engine_name "female"											:start_timestamp "55552" 											:end_timestamp "55952" 											:frame_num "40" 										}
[21:00:38.610] Sent

[21:00:38.851] Processing input...
[21:00:38.851] Received 22 bytes...
[21:00:38.851] Processing command: engine_proc_raw 4352 

[21:00:38.851] prepare to proc raw
[21:00:38.851] Processing input...
[21:00:38.851] Received 4320 bytes...
[21:00:38.852] Processing input...
[21:00:38.852] Received 53 bytes...
[21:00:38.852] Processing raw data ...
[21:00:38.852] 4352 bytes raw data received
[21:00:39.046] Processing command: engine_proc_partial 

[21:00:39.046] proc partial result (67): HELP LEAVE 
[21:00:39.046] Sending:
 {c properties 											:partial_hyp "HELP LEAVE " 											:engine_name "female"											:start_timestamp "55552" 											:end_timestamp "56222" 											:frame_num "67" 										}
[21:00:39.047] Sent

[21:00:39.177] Processing input...
[21:00:39.177] Received 16 bytes...
[21:00:39.177] Processing command: engine_end_utt 

[21:00:39.177] end utt: 000
INFO: \Projects\RoomLine-Blackmore\Agents\sphinx2\src\libsphinx2\uttproc.c(1391): Samples histogram (000) (4/8/16/30/32K): 96.3%(6161) 3.6%(228) 0.2%(11) 0.0%(0) 0.0%(0); max: 9878
INFO: \Projects\RoomLine-Blackmore\Agents\sphinx2\src\libsphinx2\sc_vq.c(576): VQ-TIME= 0.1sec, SCR-TIME= 0.1sec (CPU)
INFO: \Projects\RoomLine-Blackmore\Agents\sphinx2\src\libsphinx2\live_norm.c(168): mean_norm_update: from < 10.32  0.44 -0.62 -0.06 -0.36 -0.17 -0.27 -0.12 -0.25 -0.09 -0.19 -0.16 -0.16 >
INFO: \Projects\RoomLine-Blackmore\Agents\sphinx2\src\libsphinx2\live_norm.c(185): mean_norm_update: to   < 10.19  0.38 -0.56 -0.06 -0.35 -0.17 -0.28 -0.12 -0.24 -0.10 -0.18 -0.16 -0.16 >
[21:00:39.181] Processing input...
[21:00:39.181] Received 20 bytes...
[21:00:39.181] Processing command: engine_proc_result 

[21:00:39.181] proc result
	SFrm Efrm        AScr       LScr   BSDiff TSDiffPF   Conf LatDen Word (FWDTREE) (000)
	---------------------------------------------------------------------
	   0   15    -2817255          0  -195051   -34062  -1.00     14 <s>
	  16   48    -5088867    -378112   -12913   -20901   0.26     26 HELP
	  49   66    -3321458    -602103  -568351   -35988   0.17     40 LEAVE
	  67   70     -804527    -258228  -804357   -44203  -1.00     21 </s>
	---------------------------------------------------------------------
	   0   70   -12032107   -1238443  -804357   -44203               000(TOTAL)
INFO: \Projects\RoomLine-Blackmore\Agents\sphinx2\src\libsphinx2\search.c(2756): FWDTREE: HELP LEAVE  (000 -13270550 (A=-12032107 L=-1238443))
INFO: \Projects\RoomLine-Blackmore\Agents\sphinx2\src\libsphinx2\search.c(2842):     1248 words recognized (18/fr)
INFO: \Projects\RoomLine-Blackmore\Agents\sphinx2\src\libsphinx2\search.c(2845):     2698 phones in topsen (38/fr)
INFO: \Projects\RoomLine-Blackmore\Agents\sphinx2\src\libsphinx2\search.c(2847):   446590 senones evaluated (6290/fr)
INFO: \Projects\RoomLine-Blackmore\Agents\sphinx2\src\libsphinx2\search.c(2849):   127596 channels searched (1797/fr), 20010 1st, 24077 last
INFO: \Projects\RoomLine-Blackmore\Agents\sphinx2\src\libsphinx2\search.c(2853):     2718 words for which last channels evaluated (38/fr)
INFO: \Projects\RoomLine-Blackmore\Agents\sphinx2\src\libsphinx2\search.c(2855):     5196 candidate words for entering last phone (73/fr)
INFO: \Projects\RoomLine-Blackmore\Agents\sphinx2\src\libsphinx2\uttproc.c(517):   0.70 SoS,   0.91 sec elapsed,  1.30 xRT,   0.42 sec CPU,  0.60 xRT

[21:00:39.202] 70 frames

[21:00:39.202] Acoustic confidence: (-9823232 - -12032107.000000) / 70 = 31555.357422

[21:00:39.202] hyp: HELP LEAVE 

[21:00:39.202] Sending final hypotheses frame:
{c result :results ( {c hypothesis :hyp "HELP LEAVE " :confhyp ".?HELP?. .?LEAVE?. " :uttid "000" :engine_name "female" :nbest_index 0 :decoder_score -13270550.000000 :lm_score -1238443.000000 :am_score -12032107.000000 :frame_num 70 :acoustic_gap_norm 31555.357422 :avg_sphinxwordconf 0.212084 :min_sphinxwordconf 0.165629 :max_sphinxwordconf 0.258539 :avg_wordconf 0.333333 :min_wordconf 0.250000 :max_wordconf 0.416667 :avg_validwordconf 0.000000 :min_validwordconf 1.000000 :max_validwordconf 0.000000 :startframes "16 49" :endframes "48 66" :init_timestamp 55552 :end_timestamp 56252 }  ) }

[21:00:39.209] Processing input...
[21:00:39.209] Received 19 bytes...
[21:00:39.209] Processing command: engine_cancel_utt 

[21:00:39.496] Processing input...
[21:00:39.496] Received 27 bytes...
[21:00:39.496] Processing command: engine_set_lm first_query 

[21:00:39.496] set lm: first_query
INFO: \Projects\RoomLine-Blackmore\Agents\sphinx2\src\libsphinx2\search.c(3619): Creating search tree
INFO: \Projects\RoomLine-Blackmore\Agents\sphinx2\src\libsphinx2\search.c(3742): 339 root, 50227 non-root channels, 30 single-phone words
INFO: \Projects\RoomLine-Blackmore\Agents\sphinx2\src\libsphinx2\uttproc.c(1752): LM= "first_query"
[21:00:52.648] Processing input...
[21:00:52.648] Received 28 bytes...
[21:00:52.648] Processing command: engine_begin_utt 001 170368

[21:00:52.648] begin utt: 001 (170368)
INFO: \Projects\RoomLine-Blackmore\Agents\sphinx2\src\libsphinx2\uttproc.c(1195): Livemode
[21:00:52.650] Processing input...
[21:00:52.650] Received 22 bytes...
[21:00:52.650] Processing command: engine_proc_raw 6656 

[21:00:52.650] prepare to proc raw
[21:00:52.652] Processing input...
[21:00:52.652] Received 6656 bytes...
[21:00:52.652] Processing raw data ...
[21:00:52.652] 6656 bytes raw data received
[21:00:52.896] Processing input...
[21:00:52.896] Received 22 bytes...
[21:00:52.896] Processing command: engine_proc_raw 2304 

[21:00:52.896] prepare to proc raw
[21:00:52.896] Processing input...
[21:00:52.896] Received 2304 bytes...
[21:00:52.896] Processing raw data ...
[21:00:52.896] 2304 bytes raw data received
[21:00:53.031] Processing input...
[21:00:53.031] Received 21 bytes...
[21:00:53.031] Processing command: engine_proc_partial 

[21:00:53.031] proc partial result (43): 
[21:00:53.224] Processing input...
[21:00:53.225] Received 4907 bytes...
[21:00:53.225] Processing command: engine_proc_raw 4864 

[21:00:53.225] prepare to proc raw
[21:00:53.225] Processing raw data ...
[21:00:53.225] 4864 bytes raw data received
[21:00:53.487] Processing command: engine_proc_partial 

[21:00:53.487] proc partial result (73): OKAY 
[21:00:53.487] Sending:
 {c properties 											:partial_hyp "OKAY " 											:engine_name "female"											:start_timestamp "170368" 											:end_timestamp "171098" 											:frame_num "73" 										}
[21:00:53.487] Sent

[21:00:53.537] Processing input...
[21:00:53.537] Received 22 bytes...
[21:00:53.537] Processing command: engine_proc_raw 5120 

[21:00:53.537] prepare to proc raw
[21:00:53.537] Processing input...
[21:00:53.537] Received 4320 bytes...
[21:00:53.538] Processing input...
[21:00:53.538] Received 821 bytes...
[21:00:53.538] Processing raw data ...
[21:00:53.538] 5120 bytes raw data received
[21:00:53.765] Processing command: engine_proc_partial 

[21:00:53.766] proc partial result (105): FORBES AT HALKET   
[21:00:53.766] Sending:
 {c properties 											:partial_hyp "FORBES AT HALKET   " 											:engine_name "female"											:start_timestamp "170368" 											:end_timestamp "171418" 											:frame_num "105" 										}
[21:00:53.766] Sent

[21:00:53.817] Processing input...
[21:00:53.818] Received 22 bytes...
[21:00:53.818] Processing command: engine_proc_raw 4864 

[21:00:53.818] prepare to proc raw
[21:00:53.818] Processing input...
[21:00:53.818] Received 4320 bytes...
[21:00:53.818] Processing input...
[21:00:53.818] Received 544 bytes...
[21:00:53.818] Processing raw data ...
[21:00:53.818] 4864 bytes raw data received
[21:00:53.977] Processing input...
[21:00:53.977] Received 21 bytes...
[21:00:53.977] Processing command: engine_proc_partial 

[21:00:53.978] proc partial result (136): FORBES AND CRAFT   IT'S 
[21:00:53.978] Sending:
 {c properties 											:partial_hyp "FORBES AND CRAFT   IT'S " 											:engine_name "female"											:start_timestamp "170368" 											:end_timestamp "171728" 											:frame_num "136" 										}
[21:00:53.979] Sent

[21:00:54.164] Processing input...
[21:00:54.164] Received 22 bytes...
[21:00:54.164] Processing command: engine_proc_raw 5120 

[21:00:54.164] prepare to proc raw
[21:00:54.164] Processing input...
[21:00:54.164] Received 4320 bytes...
[21:00:54.165] Processing input...
[21:00:54.165] Received 821 bytes...
[21:00:54.165] Processing raw data ...
[21:00:54.165] 5120 bytes raw data received
[21:00:54.416] Processing command: engine_proc_partial 

[21:00:54.417] proc partial result (168): FORBES AND CRAFT   SAY 
[21:00:54.417] Sending:
 {c properties 											:partial_hyp "FORBES AND CRAFT   SAY " 											:engine_name "female"											:start_timestamp "170368" 											:end_timestamp "172048" 											:frame_num "168" 										}
[21:00:54.417] Sent

[21:00:54.474] Processing input...
[21:00:54.474] Received 22 bytes...
[21:00:54.474] Processing command: engine_proc_raw 4864 

[21:00:54.474] prepare to proc raw
[21:00:54.475] Processing input...
[21:00:54.475] Received 4320 bytes...
[21:00:54.475] Processing input...
[21:00:54.475] Received 544 bytes...
[21:00:54.475] Processing raw data ...
[21:00:54.475] 4864 bytes raw data received
[21:00:54.648] Processing input...
[21:00:54.648] Received 21 bytes...
[21:00:54.648] Processing command: engine_proc_partial 

[21:00:54.649] proc partial result (198): FORBES AND CRAFT   IT'S ON 
[21:00:54.649] Sending:
 {c properties 											:partial_hyp "FORBES AND CRAFT   IT'S ON " 											:engine_name "female"											:start_timestamp "170368" 											:end_timestamp "172348" 											:frame_num "198" 										}
[21:00:54.650] Sent

[21:00:54.756] Processing input...
[21:00:54.756] Received 22 bytes...
[21:00:54.756] Processing command: engine_proc_raw 2816 

[21:00:54.756] prepare to proc raw
[21:00:54.757] Processing input...
[21:00:54.757] Received 2837 bytes...
[21:00:54.757] Processing raw data ...
[21:00:54.757] 2816 bytes raw data received
[21:00:54.866] Processing command: engine_proc_partial 

[21:00:54.868] proc partial result (216): FORBES AND CRAFT   IT'S THE LOST 
[21:00:54.896] Processing input...
[21:00:54.896] Received 16 bytes...
[21:00:54.896] Processing command: engine_end_utt 

[21:00:54.896] end utt: 001
INFO: \Projects\RoomLine-Blackmore\Agents\sphinx2\src\libsphinx2\uttproc.c(1391): Samples histogram (001) (4/8/16/30/32K): 97.6%(17857) 2.3%(429) 0.1%(18) 0.0%(0) 0.0%(0); max: 11608
INFO: \Projects\RoomLine-Blackmore\Agents\sphinx2\src\libsphinx2\sc_vq.c(576): VQ-TIME= 0.2sec, SCR-TIME= 0.3sec (CPU)
INFO: \Projects\RoomLine-Blackmore\Agents\sphinx2\src\libsphinx2\live_norm.c(168): mean_norm_update: from < 10.34  0.28 -0.53 -0.07 -0.35 -0.16 -0.29 -0.13 -0.23 -0.12 -0.16 -0.16 -0.15 >
INFO: \Projects\RoomLine-Blackmore\Agents\sphinx2\src\libsphinx2\live_norm.c(185): mean_norm_update: to   < 10.44  0.25 -0.54 -0.09 -0.36 -0.16 -0.30 -0.13 -0.23 -0.13 -0.15 -0.16 -0.14 >
[21:00:54.900] Processing input...
[21:00:54.900] Received 20 bytes...
[21:00:54.900] Processing command: engine_proc_result 

[21:00:54.900] proc result
	SFrm Efrm        AScr       LScr   BSDiff TSDiffPF   Conf LatDen Word (FWDTREE) (001)
	---------------------------------------------------------------------
	   0   17    -3169659          0   -79694   -22321  -1.00      8 <s>
	  18   27    -1643749    -230270  -128349   -27466  -1.00     24 ++SMACK++
	  28  123   -18882808   -1028336  -724816   -51362   0.12     77 FORBES_AND_CRAFT:p
	 124  145    -3884391    -591471  -224521   -26361   0.49     27 IT'S(2)
	 146  163    -3426782    -579417  -508304   -60670   0.06     42 ON(2)
	 164  211    -8528851    -767743  -888983   -42687   0.10     39 1C:b
	 212  219    -1555833     -78623  -580209   -26927  -1.00     13 </s>
	---------------------------------------------------------------------
	   0  219   -41092073   -3275860  -888983   -60670               001(TOTAL)
INFO: \Projects\RoomLine-Blackmore\Agents\sphinx2\src\libsphinx2\search.c(2756): FWDTREE: FORBES_AND_CRAFT:p IT'S ON 1C:b  (001 -44367933 (A=-41092073 L=-3275860))
INFO: \Projects\RoomLine-Blackmore\Agents\sphinx2\src\libsphinx2\search.c(2842):     4719 words recognized (21/fr)
INFO: \Projects\RoomLine-Blackmore\Agents\sphinx2\src\libsphinx2\search.c(2845):     8844 phones in topsen (40/fr)
INFO: \Projects\RoomLine-Blackmore\Agents\sphinx2\src\libsphinx2\search.c(2847):  1383800 senones evaluated (6290/fr)
INFO: \Projects\RoomLine-Blackmore\Agents\sphinx2\src\libsphinx2\search.c(2849):   480188 channels searched (2182/fr), 54362 1st, 89294 last
INFO: \Projects\RoomLine-Blackmore\Agents\sphinx2\src\libsphinx2\search.c(2853):     8506 words for which last channels evaluated (38/fr)
INFO: \Projects\RoomLine-Blackmore\Agents\sphinx2\src\libsphinx2\search.c(2855):    16120 candidate words for entering last phone (73/fr)
INFO: \Projects\RoomLine-Blackmore\Agents\sphinx2\src\libsphinx2\uttproc.c(517):   2.19 SoS,   2.28 sec elapsed,  1.04 xRT,   1.36 sec CPU,  0.62 xRT

[21:00:54.933] 219 frames

[21:00:54.933] Acoustic confidence: (-31376384 - -41092072.000000) / 219 = 44363.871094

[21:00:54.933] hyp: FORBES AND CRAFT IT'S ON 1C 

[21:00:54.933] Sending final hypotheses frame:
{c result :results ( {c hypothesis :hyp "FORBES AND CRAFT IT'S ON 1C " :confhyp ".?FORBES AND CRAFT .?IT'S?. .?ON?. 1C " :uttid "001" :engine_name "female" :nbest_index 0 :decoder_score -44367932.000000 :lm_score -3275860.000000 :am_score -41092072.000000 :frame_num 219 :acoustic_gap_norm 44363.871094 :avg_sphinxwordconf 0.114050 :min_sphinxwordconf 0.034035 :max_sphinxwordconf 0.206654 :avg_wordconf 0.250000 :min_wordconf 0.083333 :max_wordconf 0.500000 :avg_validwordconf 0.500000 :min_validwordconf 0.500000 :max_validwordconf 0.500000 :startframes "28 124 146 164" :endframes "123 145 163 211" :init_timestamp 170368 :end_timestamp 172558 }  ) }

[21:00:54.947] Processing input...
[21:00:54.947] Received 19 bytes...
[21:00:54.947] Processing command: engine_cancel_utt 

[21:00:55.237] Processing input...
[21:00:55.237] Received 22 bytes...
[21:00:55.237] Processing command: engine_set_lm yes_no 

[21:00:55.237] set lm: yes_no
INFO: \Projects\RoomLine-Blackmore\Agents\sphinx2\src\libsphinx2\search.c(3619): Creating search tree
INFO: \Projects\RoomLine-Blackmore\Agents\sphinx2\src\libsphinx2\search.c(3742): 354 root, 50406 non-root channels, 35 single-phone words
INFO: \Projects\RoomLine-Blackmore\Agents\sphinx2\src\libsphinx2\uttproc.c(1752): LM= "yes_no"
[21:00:58.603] Processing input...
[21:00:58.603] Received 6706 bytes...
[21:00:58.603] Processing command: engine_begin_utt 002 217856

[21:00:58.603] begin utt: 002 (217856)
INFO: \Projects\RoomLine-Blackmore\Agents\sphinx2\src\libsphinx2\uttproc.c(1195): Livemode
[21:00:58.603] Processing command: engine_proc_raw 6656 

[21:00:58.603] prepare to proc raw
[21:00:58.603] Processing raw data ...
[21:00:58.603] 6656 bytes raw data received
[21:00:58.849] Processing input...
[21:00:58.849] Received 2347 bytes...
[21:00:58.849] Processing command: engine_proc_raw 2304 

[21:00:58.849] prepare to proc raw
[21:00:58.849] Processing raw data ...
[21:00:58.849] 2304 bytes raw data received
[21:00:58.946] Processing command: engine_proc_partial 

[21:00:58.946] proc partial result (43): NO 
[21:00:58.946] Sending:
 {c properties 											:partial_hyp "NO " 											:engine_name "female"											:start_timestamp "217856" 											:end_timestamp "218286" 											:frame_num "43" 										}
[21:00:58.947] Sent

[21:00:59.162] Processing input...
[21:00:59.162] Received 22 bytes...
[21:00:59.163] Processing command: engine_proc_raw 4864 

[21:00:59.163] prepare to proc raw
[21:00:59.163] Processing input...
[21:00:59.163] Received 4885 bytes...
[21:00:59.163] Processing raw data ...
[21:00:59.163] 4864 bytes raw data received
[21:00:59.401] Processing command: engine_proc_partial 

[21:00:59.402] proc partial result (73): NO WE 
[21:00:59.402] Sending:
 {c properties 											:partial_hyp "NO WE " 											:engine_name "female"											:start_timestamp "217856" 											:end_timestamp "218586" 											:frame_num "73" 										}
[21:00:59.402] Sent

[21:00:59.459] Processing input...
[21:00:59.459] Received 22 bytes...
[21:00:59.459] Processing command: engine_proc_raw 5120 

[21:00:59.459] prepare to proc raw
[21:00:59.459] Processing input...
[21:00:59.459] Received 5141 bytes...
[21:00:59.459] Processing raw data ...
[21:00:59.459] 5120 bytes raw data received
[21:00:59.648] Processing command: engine_proc_partial 

[21:00:59.648] proc partial result (105): NO LEAVING 
[21:00:59.648] Sending:
 {c properties 											:partial_hyp "NO LEAVING " 											:engine_name "female"											:start_timestamp "217856" 											:end_timestamp "218906" 											:frame_num "105" 										}
[21:00:59.648] Sent

[21:00:59.740] Processing input...
[21:00:59.741] Received 22 bytes...
[21:00:59.741] Processing command: engine_proc_raw 4864 

[21:00:59.741] prepare to proc raw
[21:00:59.741] Processing input...
[21:00:59.741] Received 4320 bytes...
[21:00:59.741] Processing input...
[21:00:59.741] Received 565 bytes...
[21:00:59.741] Processing raw data ...
[21:00:59.741] 4864 bytes raw data received
[21:01:00.016] Processing command: engine_proc_partial 

[21:01:00.017] proc partial result (136): NO LEAVING FROM 
[21:01:00.017] Sending:
 {c properties 											:partial_hyp "NO LEAVING FROM " 											:engine_name "female"											:start_timestamp "217856" 											:end_timestamp "219216" 											:frame_num "136" 										}
[21:01:00.017] Sent

[21:01:00.099] Processing input...
[21:01:00.099] Received 22 bytes...
[21:01:00.099] Processing command: engine_proc_raw 5120 

[21:01:00.099] prepare to proc raw
[21:01:00.100] Processing input...
[21:01:00.100] Received 5141 bytes...
[21:01:00.100] Processing raw data ...
[21:01:00.100] 5120 bytes raw data received
[21:01:00.311] Processing command: engine_proc_partial 

[21:01:00.311] proc partial result (168): NO LEAVING FROM 
[21:01:00.311] Sending:
 {c properties 											:partial_hyp "NO LEAVING FROM " 											:engine_name "female"											:start_timestamp "217856" 											:end_timestamp "219536" 											:frame_num "168" 										}
[21:01:00.311] Sent

[21:01:00.428] Processing input...
[21:01:00.428] Received 22 bytes...
[21:01:00.428] Processing command: engine_proc_raw 4864 

[21:01:00.428] prepare to proc raw
[21:01:00.428] Processing input...
[21:01:00.428] Received 4320 bytes...
[21:01:00.428] Processing input...
[21:01:00.428] Received 544 bytes...
[21:01:00.428] Processing raw data ...
[21:01:00.428] 4864 bytes raw data received
[21:01:00.620] Processing input...
[21:01:00.620] Received 21 bytes...
[21:01:00.620] Processing command: engine_proc_partial 

[21:01:00.620] proc partial result (198): NO LEAVING FROM WHERE 
[21:01:00.621] Sending:
 {c properties 											:partial_hyp "NO LEAVING FROM WHERE " 											:engine_name "female"											:start_timestamp "217856" 											:end_timestamp "219836" 											:frame_num "198" 										}
[21:01:00.621] Sent

[21:01:00.740] Processing input...
[21:01:00.740] Received 22 bytes...
[21:01:00.740] Processing command: engine_proc_raw 5120 

[21:01:00.740] prepare to proc raw
[21:01:00.741] Processing input...
[21:01:00.741] Received 5141 bytes...
[21:01:00.741] Processing raw data ...
[21:01:00.741] 5120 bytes raw data received
[21:01:00.914] Processing command: engine_proc_partial 

[21:01:00.915] proc partial result (230): NO LEAVING FROM WOULD 
[21:01:00.915] Sending:
 {c properties 											:partial_hyp "NO LEAVING FROM WOULD " 											:engine_name "female"											:start_timestamp "217856" 											:end_timestamp "220156" 											:frame_num "230" 										}
[21:01:00.915] Sent

[21:01:00.991] Processing input...
[21:01:00.991] Received 22 bytes...
[21:01:00.991] Processing command: engine_proc_raw 4864 

[21:01:00.991] prepare to proc raw
[21:01:00.991] Processing input...
[21:01:00.991] Received 4885 bytes...
[21:01:00.991] Processing raw data ...
[21:01:00.991] 4864 bytes raw data received
[21:01:01.094] Processing command: engine_proc_partial 

[21:01:01.094] proc partial result (261): NO LEAVING FROM WOULD 
[21:01:01.094] Sending:
 {c properties 											:partial_hyp "NO LEAVING FROM WOULD " 											:engine_name "female"											:start_timestamp "217856" 											:end_timestamp "220466" 											:frame_num "261" 										}
[21:01:01.095] Sent

[21:01:01.349] Processing input...
[21:01:01.349] Received 16 bytes...
[21:01:01.349] Processing command: engine_end_utt 

[21:01:01.349] end utt: 002
INFO: \Projects\RoomLine-Blackmore\Agents\sphinx2\src\libsphinx2\uttproc.c(1391): Samples histogram (002) (4/8/16/30/32K): 99.4%(21759) 0.6%(129) 0.0%(0) 0.0%(0) 0.0%(0); max: 7147
INFO: \Projects\RoomLine-Blackmore\Agents\sphinx2\src\libsphinx2\sc_vq.c(576): VQ-TIME= 0.3sec, SCR-TIME= 0.5sec (CPU)
INFO: \Projects\RoomLine-Blackmore\Agents\sphinx2\src\libsphinx2\live_norm.c(168): mean_norm_update: from < 10.46  0.19 -0.45 -0.10 -0.38 -0.13 -0.33 -0.11 -0.23 -0.14 -0.12 -0.16 -0.13 >
INFO: \Projects\RoomLine-Blackmore\Agents\sphinx2\src\libsphinx2\live_norm.c(185): mean_norm_update: to   < 10.31  0.18 -0.45 -0.09 -0.38 -0.13 -0.33 -0.11 -0.23 -0.15 -0.12 -0.16 -0.13 >
[21:01:01.352] Processing input...
[21:01:01.352] Received 20 bytes...
[21:01:01.352] Processing command: engine_proc_result 

[21:01:01.352] proc result
	SFrm Efrm        AScr       LScr   BSDiff TSDiffPF   Conf LatDen Word (FWDTREE) (002)
	---------------------------------------------------------------------
	   0   13    -2275411          0   -17462   -14780  -1.00      4 <s>
	  14   46    -5887025    -187670   -86239   -36058   0.29     13 NO
	  47   57    -2379030     -52986  -233429   -58300  -1.00     20 SIL
	  58   96    -6651561    -440273   -27047   -30684   0.42     14 LEAVING
	  97  132    -6594476     -93541   -13452   -39962   0.09     18 FROM
	 133  158    -5178511     -52986   -87356   -34112  -1.00     15 SIL
	 159  202    -7737641    -349442  -639522   -45295   0.18     50 WHERE(2)
	 203  264   -12993435     -63204 -1537703   -49943  -1.00     19 </s>
	---------------------------------------------------------------------
	   0  264   -49697090   -1240102 -1537703   -58300               002(TOTAL)
INFO: \Projects\RoomLine-Blackmore\Agents\sphinx2\src\libsphinx2\search.c(2756): FWDTREE: NO LEAVING FROM WHERE  (002 -50937192 (A=-49697090 L=-1240102))
INFO: \Projects\RoomLine-Blackmore\Agents\sphinx2\src\libsphinx2\search.c(2842):     4184 words recognized (16/fr)
INFO: \Projects\RoomLine-Blackmore\Agents\sphinx2\src\libsphinx2\search.c(2845):    10389 phones in topsen (39/fr)
INFO: \Projects\RoomLine-Blackmore\Agents\sphinx2\src\libsphinx2\search.c(2847):  1666850 senones evaluated (6290/fr)
INFO: \Projects\RoomLine-Blackmore\Agents\sphinx2\src\libsphinx2\search.c(2849):   475380 channels searched (1793/fr), 73935 1st, 64526 last
INFO: \Projects\RoomLine-Blackmore\Agents\sphinx2\src\libsphinx2\search.c(2853):     9296 words for which last channels evaluated (35/fr)
INFO: \Projects\RoomLine-Blackmore\Agents\sphinx2\src\libsphinx2\search.c(2855):    22205 candidate words for entering last phone (83/fr)
INFO: \Projects\RoomLine-Blackmore\Agents\sphinx2\src\libsphinx2\uttproc.c(517):   2.64 SoS,   2.77 sec elapsed,  1.05 xRT,   1.59 sec CPU,  0.60 xRT

[21:01:01.374] 264 frames

[21:01:01.374] Acoustic confidence: (-38871040 - -49697088.000000) / 264 = 41007.757813

[21:01:01.374] hyp: NO LEAVING FROM WHERE 

[21:01:01.374] Sending final hypotheses frame:
{c result :results ( {c hypothesis :hyp "NO LEAVING FROM WHERE " :confhyp "NO LEAVING FROM WHERE " :uttid "002" :engine_name "female" :nbest_index 0 :decoder_score -50937192.000000 :lm_score -1240102.000000 :am_score -49697088.000000 :frame_num 264 :acoustic_gap_norm 41007.757813 :avg_sphinxwordconf 0.228217 :min_sphinxwordconf 0.087281 :max_sphinxwordconf 0.419014 :avg_wordconf 0.958333 :min_wordconf 0.916667 :max_wordconf 1.000000 :avg_validwordconf 0.958333 :min_validwordconf 0.916667 :max_validwordconf 1.000000 :startframes "14 58 97 159" :endframes "46 96 132 202" :init_timestamp 217856 :end_timestamp 220496 }  ) }

[21:01:01.386] Processing input...
[21:01:01.386] Received 19 bytes...
[21:01:01.386] Processing command: engine_cancel_utt 

[21:01:01.476] Processing input...
[21:01:01.476] Received 28 bytes...
[21:01:01.476] Processing command: engine_begin_utt 003 240512

[21:01:01.476] begin utt: 003 (240512)
INFO: \Projects\RoomLine-Blackmore\Agents\sphinx2\src\libsphinx2\uttproc.c(1195): Livemode
[21:01:01.480] Processing input...
[21:01:01.480] Received 6678 bytes...
[21:01:01.480] Processing command: engine_proc_raw 6656 

[21:01:01.480] prepare to proc raw
[21:01:01.480] Processing raw data ...
[21:01:01.480] 6656 bytes raw data received
[21:01:01.662] Processing input...
[21:01:01.662] Received 1835 bytes...
[21:01:01.662] Processing command: engine_proc_raw 1792 

[21:01:01.662] prepare to proc raw
[21:01:01.662] Processing raw data ...
[21:01:01.662] 1792 bytes raw data received
[21:01:01.782] Processing command: engine_proc_partial 

[21:01:01.782] proc partial result (40): 
[21:01:01.928] Processing input...
[21:01:01.928] Received 22 bytes...
[21:01:01.928] Processing command: engine_proc_raw 5120 

[21:01:01.928] prepare to proc raw
[21:01:01.928] Processing input...
[21:01:01.928] Received 4320 bytes...
[21:01:01.929] Processing input...
[21:01:01.929] Received 821 bytes...
[21:01:01.929] Processing raw data ...
[21:01:01.929] 5120 bytes raw data received
[21:01:02.163] Processing command: engine_proc_partial 

[21:01:02.163] proc partial result (72): 
[21:01:02.165] Processing input...
[21:01:02.165] Received 27 bytes...
[21:01:02.165] Processing command: engine_set_lm first_query 

[21:01:02.165] Warning: set lm called during an utterance. Ignored.
[21:01:02.241] Processing input...
[21:01:02.241] Received 4907 bytes...
[21:01:02.241] Processing command: engine_proc_raw 4864 

[21:01:02.241] prepare to proc raw
[21:01:02.241] Processing raw data ...
[21:01:02.241] 4864 bytes raw data received
[21:01:02.390] Processing command: engine_proc_partial 

[21:01:02.390] proc partial result (102): 
[21:01:02.552] Processing input...
[21:01:02.553] Received 22 bytes...
[21:01:02.553] Processing command: engine_proc_raw 5120 

[21:01:02.553] prepare to proc raw
[21:01:02.553] Processing input...
[21:01:02.553] Received 5141 bytes...
[21:01:02.553] Processing raw data ...
[21:01:02.553] 5120 bytes raw data received
[21:01:02.826] Processing command: engine_proc_partial 

[21:01:02.826] proc partial result (134): JUST 
[21:01:02.826] Sending:
 {c properties 											:partial_hyp "JUST " 											:engine_name "female"											:start_timestamp "240512" 											:end_timestamp "241852" 											:frame_num "134" 										}
[21:01:02.827] Sent

[21:01:02.865] Processing input...
[21:01:02.865] Received 22 bytes...
[21:01:02.865] Processing command: engine_proc_raw 5120 

[21:01:02.865] prepare to proc raw
[21:01:02.866] Processing input...
[21:01:02.866] Received 5141 bytes...
[21:01:02.866] Processing raw data ...
[21:01:02.866] 5120 bytes raw data received
[21:01:03.205] Processing command: engine_proc_partial 

[21:01:03.206] proc partial result (166): JUST THE 
[21:01:03.206] Sending:
 {c properties 											:partial_hyp "JUST THE " 											:engine_name "female"											:start_timestamp "240512" 											:end_timestamp "242172" 											:frame_num "166" 										}
[21:01:03.206] Sent

[21:01:03.206] Processing input...
[21:01:03.206] Received 4907 bytes...
[21:01:03.206] Processing command: engine_proc_raw 4864 

[21:01:03.206] prepare to proc raw
[21:01:03.206] Processing raw data ...
[21:01:03.206] 4864 bytes raw data received
[21:01:03.330] Processing command: engine_proc_partial 

[21:01:03.331] proc partial result (197): FIFTH AT BIGELOW   
[21:01:03.331] Sending:
 {c properties 											:partial_hyp "FIFTH AT BIGELOW   " 											:engine_name "female"											:start_timestamp "240512" 											:end_timestamp "242482" 											:frame_num "197" 										}
[21:01:03.333] Sent

[21:01:03.498] Processing input...
[21:01:03.498] Received 22 bytes...
[21:01:03.498] Processing command: engine_proc_raw 5376 

[21:01:03.498] prepare to proc raw
[21:01:03.498] Processing input...
[21:01:03.498] Received 4320 bytes...
[21:01:03.498] Processing input...
[21:01:03.498] Received 1056 bytes...
[21:01:03.498] Processing raw data ...
[21:01:03.498] 5376 bytes raw data received
[21:01:03.642] Processing input...
[21:01:03.642] Received 21 bytes...
[21:01:03.642] Processing command: engine_proc_partial 

[21:01:03.643] proc partial result (230): FIFTH AT BIGELOW   
[21:01:03.643] Sending:
 {c properties 											:partial_hyp "FIFTH AT BIGELOW   " 											:engine_name "female"											:start_timestamp "240512" 											:end_timestamp "242812" 											:frame_num "230" 										}
[21:01:03.643] Sent

[21:01:03.833] Processing input...
[21:01:03.833] Received 16 bytes...
[21:01:03.833] Processing command: engine_end_utt 

[21:01:03.833] end utt: 003
INFO: \Projects\RoomLine-Blackmore\Agents\sphinx2\src\libsphinx2\uttproc.c(1391): Samples histogram (003) (4/8/16/30/32K): 95.1%(18500) 4.4%(859) 0.5%(97) 0.0%(0) 0.0%(0); max: 14406
INFO: \Projects\RoomLine-Blackmore\Agents\sphinx2\src\libsphinx2\sc_vq.c(576): VQ-TIME= 0.2sec, SCR-TIME= 0.3sec (CPU)
INFO: \Projects\RoomLine-Blackmore\Agents\sphinx2\src\libsphinx2\live_norm.c(168): mean_norm_update: from < 10.31  0.18 -0.45 -0.09 -0.38 -0.13 -0.33 -0.11 -0.23 -0.15 -0.12 -0.16 -0.13 >
INFO: \Projects\RoomLine-Blackmore\Agents\sphinx2\src\libsphinx2\live_norm.c(185): mean_norm_update: to   < 10.41  0.06 -0.47 -0.09 -0.38 -0.16 -0.32 -0.12 -0.24 -0.15 -0.10 -0.15 -0.11 >
[21:01:03.836] Processing input...
[21:01:03.836] Received 20 bytes...
[21:01:03.836] Processing command: engine_proc_result 

[21:01:03.836] proc result
	SFrm Efrm        AScr       LScr   BSDiff TSDiffPF   Conf LatDen Word (FWDTREE) (003)
	---------------------------------------------------------------------
	   0   20    -3392601          0   -46231   -13023  -1.00      6 <s>
	  21   96   -12630738    -230270   -12300   -12836  -1.00     10 ++BREATH++
	  97  103    -1150029     -52986   -17462   -16102  -1.00      8 SIL
	 104  209   -20103204    -826725  -800321   -53712   0.08     52 FIFTH_AT_BIGELOW:p
	 210  222    -2439803    -230270  -898107   -32265  -1.00     26 ++NOISE++
	 223  233    -1957531     -76864  -719771   -29849  -1.00      8 </s>
	---------------------------------------------------------------------
	   0  233   -41673906   -1417115  -898107   -53712               003(TOTAL)
INFO: \Projects\RoomLine-Blackmore\Agents\sphinx2\src\libsphinx2\search.c(2756): FWDTREE: FIFTH_AT_BIGELOW:p  (003 -43091021 (A=-41673906 L=-1417115))
INFO: \Projects\RoomLine-Blackmore\Agents\sphinx2\src\libsphinx2\search.c(2842):     4080 words recognized (17/fr)
INFO: \Projects\RoomLine-Blackmore\Agents\sphinx2\src\libsphinx2\search.c(2845):     8749 phones in topsen (37/fr)
INFO: \Projects\RoomLine-Blackmore\Agents\sphinx2\src\libsphinx2\search.c(2847):  1471860 senones evaluated (6290/fr)
INFO: \Projects\RoomLine-Blackmore\Agents\sphinx2\src\libsphinx2\search.c(2849):   430572 channels searched (1840/fr), 66440 1st, 75874 last
INFO: \Projects\RoomLine-Blackmore\Agents\sphinx2\src\libsphinx2\search.c(2853):     8916 words for which last channels evaluated (38/fr)
INFO: \Projects\RoomLine-Blackmore\Agents\sphinx2\src\libsphinx2\search.c(2855):    17090 candidate words for entering last phone (73/fr)
INFO: \Projects\RoomLine-Blackmore\Agents\sphinx2\src\libsphinx2\uttproc.c(517):   2.33 SoS,   2.38 sec elapsed,  1.02 xRT,   1.39 sec CPU,  0.60 xRT

[21:01:03.855] 233 frames

[21:01:03.855] Acoustic confidence: (-33722368 - -41673904.000000) / 233 = 34126.765625

[21:01:03.855] hyp: FIFTH AT BIGELOW 

[21:01:03.855] Sending final hypotheses frame:
{c result :results ( {c hypothesis :hyp "FIFTH AT BIGELOW " :confhyp "FIFTH AT BIGELOW " :uttid "003" :engine_name "female" :nbest_index 0 :decoder_score -43091020.000000 :lm_score -1417115.000000 :am_score -41673904.000000 :frame_num 233 :acoustic_gap_norm 34126.765625 :avg_sphinxwordconf 0.080830 :min_sphinxwordconf 0.080830 :max_sphinxwordconf 0.080830 :avg_wordconf 0.916667 :min_wordconf 0.916667 :max_wordconf 0.916667 :avg_validwordconf 0.916667 :min_validwordconf 0.916667 :max_validwordconf 0.916667 :startframes "104" :endframes "209" :init_timestamp 240512 :end_timestamp 242842 }  ) }

[21:01:03.862] Processing input...
[21:01:03.862] Received 19 bytes...
[21:01:03.862] Processing command: engine_cancel_utt 

[21:01:04.136] Processing input...
[21:01:04.136] Received 22 bytes...
[21:01:04.136] Processing command: engine_set_lm yes_no 

[21:01:04.136] set lm: yes_no
INFO: \Projects\RoomLine-Blackmore\Agents\sphinx2\src\libsphinx2\search.c(3619): Creating search tree
INFO: \Projects\RoomLine-Blackmore\Agents\sphinx2\src\libsphinx2\search.c(3742): 354 root, 50406 non-root channels, 35 single-phone words
INFO: \Projects\RoomLine-Blackmore\Agents\sphinx2\src\libsphinx2\uttproc.c(1752): LM= "yes_no"
[21:01:06.712] Processing input...
[21:01:06.712] Received 6706 bytes...
[21:01:06.712] Processing command: engine_begin_utt 004 284032

[21:01:06.712] begin utt: 004 (284032)
INFO: \Projects\RoomLine-Blackmore\Agents\sphinx2\src\libsphinx2\uttproc.c(1195): Livemode
[21:01:06.713] Processing command: engine_proc_raw 6656 

[21:01:06.713] prepare to proc raw
[21:01:06.713] Processing raw data ...
[21:01:06.713] 6656 bytes raw data received
[21:01:07.271] Processing input...
[21:01:07.271] Received 4907 bytes...
[21:01:07.271] Processing command: engine_proc_raw 4864 

[21:01:07.271] prepare to proc raw
[21:01:07.271] Processing raw data ...
[21:01:07.271] 4864 bytes raw data received
[21:01:07.439] Processing command: engine_proc_partial 

[21:01:07.440] proc partial result (59): HELP 
[21:01:07.440] Sending:
 {c properties 											:partial_hyp "HELP " 											:engine_name "female"											:start_timestamp "284032" 											:end_timestamp "284622" 											:frame_num "59" 										}
[21:01:07.440] Sent

[21:01:07.593] Processing input...
[21:01:07.593] Received 22 bytes...
[21:01:07.593] Processing command: engine_proc_raw 5120 

[21:01:07.593] prepare to proc raw
[21:01:07.593] Processing input...
[21:01:07.593] Received 4320 bytes...
[21:01:07.594] Processing input...
[21:01:07.594] Received 821 bytes...
[21:01:07.594] Processing raw data ...
[21:01:07.594] 5120 bytes raw data received
[21:01:07.900] Processing command: engine_proc_partial 

[21:01:07.900] proc partial result (91): HELP 
[21:01:07.900] Sending:
 {c properties 											:partial_hyp "HELP " 											:engine_name "female"											:start_timestamp "284032" 											:end_timestamp "284942" 											:frame_num "91" 										}
[21:01:07.900] Sent

[21:01:07.901] Processing input...
[21:01:07.901] Received 4907 bytes...
[21:01:07.901] Processing command: engine_proc_raw 4864 

[21:01:07.901] prepare to proc raw
[21:01:07.901] Processing raw data ...
[21:01:07.901] 4864 bytes raw data received
[21:01:08.233] Processing command: engine_proc_partial 

[21:01:08.233] proc partial result (121): HELP 
[21:01:08.233] Sending:
 {c properties 											:partial_hyp "HELP " 											:engine_name "female"											:start_timestamp "284032" 											:end_timestamp "285242" 											:frame_num "121" 										}
[21:01:08.233] Sent

[21:01:08.233] Processing input...
[21:01:08.234] Received 5931 bytes...
[21:01:08.234] Processing command: engine_proc_raw 5888 

[21:01:08.234] prepare to proc raw
[21:01:08.234] Processing raw data ...
[21:01:08.234] 5888 bytes raw data received
[21:01:08.455] Processing command: engine_proc_partial 

[21:01:08.455] proc partial result (158): HELP HELP 
[21:01:08.455] Sending:
 {c properties 											:partial_hyp "HELP HELP " 											:engine_name "female"											:start_timestamp "284032" 											:end_timestamp "285612" 											:frame_num "158" 										}
[21:01:08.456] Sent

[21:01:08.552] Processing input...
[21:01:08.552] Received 16 bytes...
[21:01:08.552] Processing command: engine_end_utt 

[21:01:08.552] end utt: 004
INFO: \Projects\RoomLine-Blackmore\Agents\sphinx2\src\libsphinx2\uttproc.c(1391): Samples histogram (004) (4/8/16/30/32K): 89.9%(12313) 5.9%(809) 3.6%(498) 0.6%(76) 0.0%(0); max: 19821
INFO: \Projects\RoomLine-Blackmore\Agents\sphinx2\src\libsphinx2\sc_vq.c(576): VQ-TIME= 0.1sec, SCR-TIME= 0.2sec (CPU)
INFO: \Projects\RoomLine-Blackmore\Agents\sphinx2\src\libsphinx2\live_norm.c(168): mean_norm_update: from < 10.26  0.05 -0.47 -0.09 -0.38 -0.15 -0.31 -0.12 -0.24 -0.15 -0.10 -0.15 -0.11 >
INFO: \Projects\RoomLine-Blackmore\Agents\sphinx2\src\libsphinx2\live_norm.c(185): mean_norm_update: to   < 10.29  0.09 -0.48 -0.14 -0.37 -0.17 -0.31 -0.09 -0.22 -0.16 -0.10 -0.15 -0.11 >
[21:01:08.555] Processing input...
[21:01:08.555] Received 20 bytes...
[21:01:08.555] Processing command: engine_proc_result 

[21:01:08.555] proc result
	SFrm Efrm        AScr       LScr   BSDiff TSDiffPF   Conf LatDen Word (FWDTREE) (004)
	---------------------------------------------------------------------
	   0   18    -3168197          0   -17462   -10721  -1.00      5 <s>
	  19   68    -7885428    -517138   -10792   -26923   0.24     24 HELP
	  69   86    -3340863     -52986   -17462   -25404  -1.00     11 SIL
	  87  104    -3561291     -52986   -74726   -31790  -1.00     14 SIL
	 105  146    -6769099    -306534   -12913   -26220   0.28     23 HELP
	 147  161    -3105845     -63204  -128712   -45537  -1.00     15 </s>
	---------------------------------------------------------------------
	   0  161   -27830723    -992848  -128712   -45537               004(TOTAL)
INFO: \Projects\RoomLine-Blackmore\Agents\sphinx2\src\libsphinx2\search.c(2756): FWDTREE: HELP HELP  (004 -28823571 (A=-27830723 L=-992848))
INFO: \Projects\RoomLine-Blackmore\Agents\sphinx2\src\libsphinx2\search.c(2842):     2467 words recognized (15/fr)
INFO: \Projects\RoomLine-Blackmore\Agents\sphinx2\src\libsphinx2\search.c(2845):     6224 phones in topsen (38/fr)
INFO: \Projects\RoomLine-Blackmore\Agents\sphinx2\src\libsphinx2\search.c(2847):  1018980 senones evaluated (6290/fr)
INFO: \Projects\RoomLine-Blackmore\Agents\sphinx2\src\libsphinx2\search.c(2849):   348322 channels searched (2150/fr), 52597 1st, 42134 last
INFO: \Projects\RoomLine-Blackmore\Agents\sphinx2\src\libsphinx2\search.c(2853):     6302 words for which last channels evaluated (38/fr)
INFO: \Projects\RoomLine-Blackmore\Agents\sphinx2\src\libsphinx2\search.c(2855):    21136 candidate words for entering last phone (130/fr)
INFO: \Projects\RoomLine-Blackmore\Agents\sphinx2\src\libsphinx2\uttproc.c(517):   1.61 SoS,   1.88 sec elapsed,  1.16 xRT,   1.17 sec CPU,  0.73 xRT

[21:01:08.593] 161 frames

[21:01:08.593] Acoustic confidence: (-23303168 - -27830724.000000) / 161 = 28121.466797

[21:01:08.593] hyp: HELP HELP 

[21:01:08.593] Sending final hypotheses frame:
{c result :results ( {c hypothesis :hyp "HELP HELP " :confhyp "HELP HELP " :uttid "004" :engine_name "female" :nbest_index 0 :decoder_score -28823572.000000 :lm_score -992848.000000 :am_score -27830724.000000 :frame_num 161 :acoustic_gap_norm 28121.466797 :avg_sphinxwordconf 0.261123 :min_sphinxwordconf 0.244327 :max_sphinxwordconf 0.277919 :avg_wordconf 0.916667 :min_wordconf 0.916667 :max_wordconf 0.916667 :avg_validwordconf 0.916667 :min_validwordconf 0.916667 :max_validwordconf 0.916667 :startframes "19 105" :endframes "68 146" :init_timestamp 284032 :end_timestamp 285642 }  ) }

[21:01:08.600] Processing input...
[21:01:08.600] Received 19 bytes...
[21:01:08.600] Processing command: engine_cancel_utt 

[21:01:09.111] Processing input...
[21:01:09.111] Received 22 bytes...
[21:01:09.111] Processing command: engine_set_lm yes_no 

[21:01:09.111] set lm: yes_no
INFO: \Projects\RoomLine-Blackmore\Agents\sphinx2\src\libsphinx2\search.c(3619): Creating search tree
INFO: \Projects\RoomLine-Blackmore\Agents\sphinx2\src\libsphinx2\search.c(3742): 354 root, 50406 non-root channels, 35 single-phone words
INFO: \Projects\RoomLine-Blackmore\Agents\sphinx2\src\libsphinx2\uttproc.c(1752): LM= "yes_no"
[21:01:12.969] Processing input...
[21:01:12.969] Received 28 bytes...
[21:01:12.969] Processing command: engine_begin_utt 005 333952

[21:01:12.969] begin utt: 005 (333952)
INFO: \Projects\RoomLine-Blackmore\Agents\sphinx2\src\libsphinx2\uttproc.c(1195): Livemode
[21:01:12.970] Processing input...
[21:01:12.970] Received 22 bytes...
[21:01:12.970] Processing command: engine_proc_raw 6656 

[21:01:12.970] prepare to proc raw
[21:01:12.972] Processing input...
[21:01:12.972] Received 6656 bytes...
[21:01:12.972] Processing raw data ...
[21:01:12.972] 6656 bytes raw data received
[21:01:13.521] Processing input...
[21:01:13.522] Received 7467 bytes...
[21:01:13.522] Processing command: engine_proc_raw 7424 

[21:01:13.522] prepare to proc raw
[21:01:13.522] Processing raw data ...
[21:01:13.522] 7424 bytes raw data received
[21:01:13.834] Processing command: engine_proc_partial 

[21:01:13.834] proc partial result (75): HELP 
[21:01:13.834] Sending:
 {c properties 											:partial_hyp "HELP " 											:engine_name "female"											:start_timestamp "333952" 											:end_timestamp "334702" 											:frame_num "75" 										}
[21:01:13.834] Sent

[21:01:13.848] Processing input...
[21:01:13.849] Received 36 bytes...
[21:01:13.849] Processing command: engine_end_utt 

[21:01:13.849] end utt: 005
INFO: \Projects\RoomLine-Blackmore\Agents\sphinx2\src\libsphinx2\uttproc.c(1391): Samples histogram (005) (4/8/16/30/32K): 88.7%(6241) 9.4%(664) 1.9%(135) 0.0%(0) 0.0%(0); max: 12925
INFO: \Projects\RoomLine-Blackmore\Agents\sphinx2\src\libsphinx2\sc_vq.c(576): VQ-TIME= 0.1sec, SCR-TIME= 0.0sec (CPU)
INFO: \Projects\RoomLine-Blackmore\Agents\sphinx2\src\libsphinx2\live_norm.c(168): mean_norm_update: from < 10.29  0.09 -0.48 -0.14 -0.37 -0.17 -0.31 -0.09 -0.22 -0.16 -0.10 -0.15 -0.11 >
INFO: \Projects\RoomLine-Blackmore\Agents\sphinx2\src\libsphinx2\live_norm.c(185): mean_norm_update: to   < 10.17  0.09 -0.48 -0.16 -0.37 -0.18 -0.30 -0.09 -0.21 -0.16 -0.09 -0.15 -0.12 >
[21:01:13.850] Processing command: engine_proc_result 

[21:01:13.850] proc result
	SFrm Efrm        AScr       LScr   BSDiff TSDiffPF   Conf LatDen Word (FWDTREE) (005)
	---------------------------------------------------------------------
	   0   16    -2790193          0   -17462   -10047  -1.00      5 <s>
	  17   68    -9036090    -517138  -225144   -31060   0.21     25 HELP
	  69   78    -1870753     -68211   -32687   -31427  -1.00      8 </s>
	---------------------------------------------------------------------
	   0   78   -13697036    -585349  -225144   -31427               005(TOTAL)
INFO: \Projects\RoomLine-Blackmore\Agents\sphinx2\src\libsphinx2\search.c(2756): FWDTREE: HELP  (005 -14282385 (A=-13697036 L=-585349))
INFO: \Projects\RoomLine-Blackmore\Agents\sphinx2\src\libsphinx2\search.c(2842):     1166 words recognized (15/fr)
INFO: \Projects\RoomLine-Blackmore\Agents\sphinx2\src\libsphinx2\search.c(2845):     3037 phones in topsen (38/fr)
INFO: \Projects\RoomLine-Blackmore\Agents\sphinx2\src\libsphinx2\search.c(2847):   496910 senones evaluated (6290/fr)
INFO: \Projects\RoomLine-Blackmore\Agents\sphinx2\src\libsphinx2\search.c(2849):   161593 channels searched (2045/fr), 26066 1st, 19472 last
INFO: \Projects\RoomLine-Blackmore\Agents\sphinx2\src\libsphinx2\search.c(2853):     2967 words for which last channels evaluated (37/fr)
INFO: \Projects\RoomLine-Blackmore\Agents\sphinx2\src\libsphinx2\search.c(2855):     9191 candidate words for entering last phone (116/fr)
INFO: \Projects\RoomLine-Blackmore\Agents\sphinx2\src\libsphinx2\uttproc.c(517):   0.78 SoS,   0.91 sec elapsed,  1.16 xRT,   0.45 sec CPU,  0.58 xRT

[21:01:13.871] 78 frames

[21:01:13.871] Acoustic confidence: (-11416576 - -13697036.000000) / 78 = 29236.666016

[21:01:13.871] hyp: HELP 

[21:01:13.871] Sending final hypotheses frame:
{c result :results ( {c hypothesis :hyp "HELP " :confhyp "HELP " :uttid "005" :engine_name "female" :nbest_index 0 :decoder_score -14282385.000000 :lm_score -585349.000000 :am_score -13697036.000000 :frame_num 78 :acoustic_gap_norm 29236.666016 :avg_sphinxwordconf 0.207675 :min_sphinxwordconf 0.207675 :max_sphinxwordconf 0.207675 :avg_wordconf 0.916667 :min_wordconf 0.916667 :max_wordconf 0.916667 :avg_validwordconf 0.916667 :min_validwordconf 0.916667 :max_validwordconf 0.916667 :startframes "17" :endframes "68" :init_timestamp 333952 :end_timestamp 334732 }  ) }

[21:01:14.037] Processing input...
[21:01:14.037] Received 19 bytes...
[21:01:14.037] Processing command: engine_cancel_utt 

[21:01:15.340] Processing input...
[21:01:15.340] Received 22 bytes...
[21:01:15.340] Processing command: engine_set_lm yes_no 

[21:01:15.340] set lm: yes_no
INFO: \Projects\RoomLine-Blackmore\Agents\sphinx2\src\libsphinx2\search.c(3619): Creating search tree
INFO: \Projects\RoomLine-Blackmore\Agents\sphinx2\src\libsphinx2\search.c(3742): 354 root, 50406 non-root channels, 35 single-phone words
INFO: \Projects\RoomLine-Blackmore\Agents\sphinx2\src\libsphinx2\uttproc.c(1752): LM= "yes_no"
[21:01:15.445] Processing input...
[21:01:15.445] Received 28 bytes...
[21:01:15.445] Processing command: engine_begin_utt 006 344064

[21:01:15.445] begin utt: 006 (344064)
INFO: \Projects\RoomLine-Blackmore\Agents\sphinx2\src\libsphinx2\uttproc.c(1195): Livemode
[21:01:15.449] Processing input...
[21:01:15.449] Received 8214 bytes...
[21:01:15.449] Processing command: engine_proc_raw 8192 

[21:01:15.449] prepare to proc raw
[21:01:15.449] Processing raw data ...
[21:01:15.449] 8192 bytes raw data received
[21:01:15.735] Processing input...
[21:01:15.735] Received 3919 bytes...
[21:01:15.735] Processing command: engine_proc_raw 3840 

[21:01:15.735] prepare to proc raw
[21:01:15.735] Processing raw data ...
[21:01:15.735] 3840 bytes raw data received
[21:01:15.871] Processing command: engine_proc_partial 

[21:01:15.871] proc partial result (62): NO 
[21:01:15.871] Sending:
 {c properties 											:partial_hyp "NO " 											:engine_name "female"											:start_timestamp "344064" 											:end_timestamp "344684" 											:frame_num "62" 										}
[21:01:15.872] Sent

[21:01:15.872] Processing command: engine_end_utt 

[21:01:15.872] end utt: 006
INFO: \Projects\RoomLine-Blackmore\Agents\sphinx2\src\libsphinx2\uttproc.c(1391): Samples histogram (006) (4/8/16/30/32K): 91.8%(5525) 8.0%(481) 0.2%(10) 0.0%(0) 0.0%(0); max: 9177
INFO: \Projects\RoomLine-Blackmore\Agents\sphinx2\src\libsphinx2\sc_vq.c(576): VQ-TIME= 0.0sec, SCR-TIME= 0.1sec (CPU)
INFO: \Projects\RoomLine-Blackmore\Agents\sphinx2\src\libsphinx2\live_norm.c(168): mean_norm_update: from < 10.17  0.09 -0.48 -0.16 -0.37 -0.18 -0.30 -0.09 -0.21 -0.16 -0.09 -0.15 -0.12 >
INFO: \Projects\RoomLine-Blackmore\Agents\sphinx2\src\libsphinx2\live_norm.c(185): mean_norm_update: to   < 10.09  0.09 -0.47 -0.16 -0.36 -0.19 -0.30 -0.08 -0.21 -0.17 -0.09 -0.14 -0.11 >
[21:01:15.875] Processing command: engine_proc_result 

[21:01:15.875] proc result
	SFrm Efrm        AScr       LScr   BSDiff TSDiffPF   Conf LatDen Word (FWDTREE) (006)
	---------------------------------------------------------------------
	   0   17    -3074427          0   -17462    -8781  -1.00      6 <s>
	  18   62    -7822680    -517138  -384515   -35574   0.18     26 HELP
	  63   65     -974866     -68211  -740246  -191152  -1.00     13 </s>
	---------------------------------------------------------------------
	   0   65   -11871973    -585349  -740246  -191152               006(TOTAL)
INFO: \Projects\RoomLine-Blackmore\Agents\sphinx2\src\libsphinx2\search.c(2756): FWDTREE: HELP  (006 -12457322 (A=-11871973 L=-585349))
INFO: \Projects\RoomLine-Blackmore\Agents\sphinx2\src\libsphinx2\search.c(2842):     1012 words recognized (15/fr)
INFO: \Projects\RoomLine-Blackmore\Agents\sphinx2\src\libsphinx2\search.c(2845):     2407 phones in topsen (36/fr)
INFO: \Projects\RoomLine-Blackmore\Agents\sphinx2\src\libsphinx2\search.c(2847):   415140 senones evaluated (6290/fr)
INFO: \Projects\RoomLine-Blackmore\Agents\sphinx2\src\libsphinx2\search.c(2849):   111200 channels searched (1684/fr), 20608 1st, 14891 last
INFO: \Projects\RoomLine-Blackmore\Agents\sphinx2\src\libsphinx2\search.c(2853):     2382 words for which last channels evaluated (36/fr)
INFO: \Projects\RoomLine-Blackmore\Agents\sphinx2\src\libsphinx2\search.c(2855):     6189 candidate words for entering last phone (93/fr)
INFO: \Projects\RoomLine-Blackmore\Agents\sphinx2\src\libsphinx2\uttproc.c(517):   0.65 SoS,   0.44 sec elapsed,  0.67 xRT,   0.38 sec CPU,  0.58 xRT

[21:01:15.888] 65 frames

[21:01:15.888] Acoustic confidence: (-9435136 - -11871973.000000) / 65 = 37489.800781

[21:01:15.888] hyp: HELP 

[21:01:15.888] Sending final hypotheses frame:
{c result :results ( {c hypothesis :hyp "HELP " :confhyp "HELP " :uttid "006" :engine_name "female" :nbest_index 0 :decoder_score -12457322.000000 :lm_score -585349.000000 :am_score -11871973.000000 :frame_num 65 :acoustic_gap_norm 37489.800781 :avg_sphinxwordconf 0.182655 :min_sphinxwordconf 0.182655 :max_sphinxwordconf 0.182655 :avg_wordconf 0.916667 :min_wordconf 0.916667 :max_wordconf 0.916667 :avg_validwordconf 0.916667 :min_validwordconf 0.916667 :max_validwordconf 0.916667 :startframes "18" :endframes "62" :init_timestamp 344064 :end_timestamp 344714 }  ) }

[21:01:15.974] Processing input...
[21:01:15.974] Received 19 bytes...
[21:01:15.974] Processing command: engine_cancel_utt 

[21:01:19.851] Processing input...
[21:01:19.851] Received 28 bytes...
[21:01:19.851] Processing command: engine_begin_utt 007 387456

[21:01:19.851] begin utt: 007 (387456)
INFO: \Projects\RoomLine-Blackmore\Agents\sphinx2\src\libsphinx2\uttproc.c(1195): Livemode
[21:01:19.853] Processing input...
[21:01:19.853] Received 22 bytes...
[21:01:19.853] Processing command: engine_proc_raw 6656 

[21:01:19.853] prepare to proc raw
[21:01:19.855] Processing input...
[21:01:19.855] Received 6656 bytes...
[21:01:19.855] Processing raw data ...
[21:01:19.855] 6656 bytes raw data received
[21:01:20.100] Processing input...
[21:01:20.100] Received 3115 bytes...
[21:01:20.100] Processing command: engine_proc_raw 3072 

[21:01:20.100] prepare to proc raw
[21:01:20.100] Processing raw data ...
[21:01:20.100] 3072 bytes raw data received
[21:01:20.317] Processing command: engine_proc_partial 

[21:01:20.318] proc partial result (48): I'M 
[21:01:20.318] Sending:
 {c properties 											:partial_hyp "I'M " 											:engine_name "female"											:start_timestamp "387456" 											:end_timestamp "387936" 											:frame_num "48" 										}
[21:01:20.318] Sent

[21:01:20.411] Processing input...
[21:01:20.411] Received 22 bytes...
[21:01:20.411] Processing command: engine_proc_raw 3328 

[21:01:20.411] prepare to proc raw
[21:01:20.412] Processing input...
[21:01:20.412] Received 3349 bytes...
[21:01:20.412] Processing raw data ...
[21:01:20.412] 3328 bytes raw data received
[21:01:20.701] Processing command: engine_proc_partial 

[21:01:20.701] proc partial result (69): 
[21:01:20.708] Processing input...
[21:01:20.708] Received 16 bytes...
[21:01:20.708] Processing command: engine_end_utt 

[21:01:20.708] end utt: 007
INFO: \Projects\RoomLine-Blackmore\Agents\sphinx2\src\libsphinx2\uttproc.c(1391): Samples histogram (007) (4/8/16/30/32K): 99.8%(6513) 0.2%(15) 0.0%(0) 0.0%(0) 0.0%(0); max: 5096
INFO: \Projects\RoomLine-Blackmore\Agents\sphinx2\src\libsphinx2\sc_vq.c(576): VQ-TIME= 0.1sec, SCR-TIME= 0.1sec (CPU)
INFO: \Projects\RoomLine-Blackmore\Agents\sphinx2\src\libsphinx2\live_norm.c(168): mean_norm_update: from < 10.07  0.09 -0.47 -0.16 -0.36 -0.19 -0.30 -0.08 -0.21 -0.17 -0.09 -0.14 -0.11 >
INFO: \Projects\RoomLine-Blackmore\Agents\sphinx2\src\libsphinx2\live_norm.c(185): mean_norm_update: to   <  9.89  0.13 -0.46 -0.16 -0.34 -0.20 -0.32 -0.10 -0.22 -0.18 -0.10 -0.12 -0.10 >
[21:01:20.713] Processing input...
[21:01:20.713] Received 20 bytes...
[21:01:20.713] Processing command: engine_proc_result 

[21:01:20.713] proc result
	SFrm Efrm        AScr       LScr   BSDiff TSDiffPF   Conf LatDen Word (FWDTREE) (007)
	---------------------------------------------------------------------
	   0   11    -1940415          0   -17462   -18426  -1.00      6 <s>
	  12   18    -1220068    -230270  -173980   -33861  -1.00     58 ++SMACK++
	  19   63    -8850953    -230270  -221487   -51575  -1.00     50 ++LAUGH++
	  64   72    -1849441    -237947  -404210   -49276  -1.00     10 </s>
	---------------------------------------------------------------------
	   0   72   -13860877    -698487  -404210   -51575               007(TOTAL)
INFO: \Projects\RoomLine-Blackmore\Agents\sphinx2\src\libsphinx2\search.c(2756): FWDTREE:  (007 -14559364 (A=-13860877 L=-698487))
INFO: \Projects\RoomLine-Blackmore\Agents\sphinx2\src\libsphinx2\search.c(2842):     1633 words recognized (22/fr)
INFO: \Projects\RoomLine-Blackmore\Agents\sphinx2\src\libsphinx2\search.c(2845):     2997 phones in topsen (41/fr)
INFO: \Projects\RoomLine-Blackmore\Agents\sphinx2\src\libsphinx2\search.c(2847):   459170 senones evaluated (6290/fr)
INFO: \Projects\RoomLine-Blackmore\Agents\sphinx2\src\libsphinx2\search.c(2849):   251918 channels searched (3450/fr), 24426 1st, 27583 last
INFO: \Projects\RoomLine-Blackmore\Agents\sphinx2\src\libsphinx2\search.c(2853):     3409 words for which last channels evaluated (46/fr)
INFO: \Projects\RoomLine-Blackmore\Agents\sphinx2\src\libsphinx2\search.c(2855):    13972 candidate words for entering last phone (191/fr)
INFO: \Projects\RoomLine-Blackmore\Agents\sphinx2\src\libsphinx2\uttproc.c(517):   0.72 SoS,   0.89 sec elapsed,  1.24 xRT,   0.72 sec CPU,  1.00 xRT

[21:01:20.751] 72 frames

[21:01:20.751] Acoustic confidence: (-10489856 - -13860877.000000) / 72 = 46819.734375

[21:01:20.751] hyp: 

[21:01:20.751] Sending final hypotheses frame:
{c result :results ( {c hypothesis :hyp "" :confhyp "" :uttid "007" :engine_name "female" :nbest_index 0 :decoder_score 0.000000 :lm_score 0.000000 :am_score 0.000000 :frame_num 72 :acoustic_gap_norm 0.000000 :avg_sphinxwordconf 0.000000 :min_sphinxwordconf 1.000000 :max_sphinxwordconf 0.000000 :avg_wordconf 0.000000 :min_wordconf 0.000000 :max_wordconf 0.000000 :avg_validwordconf 0.000000 :min_validwordconf 0.000000 :max_validwordconf 0.000000 :startframes "" :endframes "" :init_timestamp 387456 :end_timestamp 388176 }  ) }

[21:01:20.759] Processing input...
[21:01:20.759] Received 19 bytes...
[21:01:20.759] Processing command: engine_cancel_utt 

[21:01:28.257] Processing input...
[21:01:28.257] Received 28 bytes...
[21:01:28.257] Processing command: engine_begin_utt 008 454272

[21:01:28.257] begin utt: 008 (454272)
INFO: \Projects\RoomLine-Blackmore\Agents\sphinx2\src\libsphinx2\uttproc.c(1195): Livemode
[21:01:28.260] Processing input...
[21:01:28.260] Received 6678 bytes...
[21:01:28.260] Processing command: engine_proc_raw 6656 

[21:01:28.260] prepare to proc raw
[21:01:28.260] Processing raw data ...
[21:01:28.260] 6656 bytes raw data received
[21:01:28.505] Processing input...
[21:01:28.505] Received 22 bytes...
[21:01:28.505] Processing command: engine_proc_raw 4352 

[21:01:28.505] prepare to proc raw
[21:01:28.506] Processing input...
[21:01:28.506] Received 4320 bytes...
[21:01:28.507] Processing input...
[21:01:28.507] Received 53 bytes...
[21:01:28.507] Processing raw data ...
[21:01:28.507] 4352 bytes raw data received
[21:01:28.735] Processing command: engine_proc_partial 

[21:01:28.736] proc partial result (56): TO 
[21:01:28.736] Sending:
 {c properties 											:partial_hyp "TO " 											:engine_name "female"											:start_timestamp "454272" 											:end_timestamp "454832" 											:frame_num "56" 										}
[21:01:28.736] Sent

[21:01:28.818] Processing input...
[21:01:28.818] Received 7467 bytes...
[21:01:28.818] Processing command: engine_proc_raw 7424 

[21:01:28.818] prepare to proc raw
[21:01:28.818] Processing raw data ...
[21:01:28.818] 7424 bytes raw data received
[21:01:29.201] Processing command: engine_proc_partial 

[21:01:29.202] proc partial result (102): TO 
[21:01:29.202] Sending:
 {c properties 											:partial_hyp "TO " 											:engine_name "female"											:start_timestamp "454272" 											:end_timestamp "455292" 											:frame_num "102" 										}
[21:01:29.202] Sent

[21:01:29.202] Processing input...
[21:01:29.202] Received 36 bytes...
[21:01:29.202] Processing command: engine_end_utt 

[21:01:29.202] end utt: 008
INFO: \Projects\RoomLine-Blackmore\Agents\sphinx2\src\libsphinx2\uttproc.c(1391): Samples histogram (008) (4/8/16/30/32K): 100.0%(9216) 0.0%(0) 0.0%(0) 0.0%(0) 0.0%(0); max: 1095
INFO: \Projects\RoomLine-Blackmore\Agents\sphinx2\src\libsphinx2\sc_vq.c(576): VQ-TIME= 0.0sec, SCR-TIME= 0.1sec (CPU)
INFO: \Projects\RoomLine-Blackmore\Agents\sphinx2\src\libsphinx2\live_norm.c(168): mean_norm_update: from <  9.89  0.13 -0.46 -0.16 -0.34 -0.20 -0.32 -0.10 -0.22 -0.18 -0.10 -0.12 -0.10 >
INFO: \Projects\RoomLine-Blackmore\Agents\sphinx2\src\libsphinx2\live_norm.c(185): mean_norm_update: to   <  9.64  0.08 -0.46 -0.13 -0.34 -0.19 -0.33 -0.09 -0.20 -0.17 -0.09 -0.11 -0.10 >
[21:01:29.205] Processing command: engine_proc_result 

[21:01:29.206] proc result
	SFrm Efrm        AScr       LScr   BSDiff TSDiffPF   Conf LatDen Word (FWDTREE) (008)
	---------------------------------------------------------------------
	   0   18    -3494853          0   -17462   -24519  -1.00      8 <s>
	  19   67    -8773844    -638824  -361809   -38519   0.19     36 TOO
	  68  105    -7428567    -122160  -364656   -38870  -1.00     13 </s>
	---------------------------------------------------------------------
	   0  105   -19697264    -760984  -364656   -38870               008(TOTAL)
INFO: \Projects\RoomLine-Blackmore\Agents\sphinx2\src\libsphinx2\search.c(2756): FWDTREE: TOO  (008 -20458248 (A=-19697264 L=-760984))
INFO: \Projects\RoomLine-Blackmore\Agents\sphinx2\src\libsphinx2\search.c(2842):     2119 words recognized (20/fr)
INFO: \Projects\RoomLine-Blackmore\Agents\sphinx2\src\libsphinx2\search.c(2845):     4431 phones in topsen (41/fr)
INFO: \Projects\RoomLine-Blackmore\Agents\sphinx2\src\libsphinx2\search.c(2847):   666740 senones evaluated (6290/fr)
INFO: \Projects\RoomLine-Blackmore\Agents\sphinx2\src\libsphinx2\search.c(2849):   258209 channels searched (2435/fr), 36267 1st, 20738 last
INFO: \Projects\RoomLine-Blackmore\Agents\sphinx2\src\libsphinx2\search.c(2853):     4169 words for which last channels evaluated (39/fr)
INFO: \Projects\RoomLine-Blackmore\Agents\sphinx2\src\libsphinx2\search.c(2855):    14523 candidate words for entering last phone (137/fr)
INFO: \Projects\RoomLine-Blackmore\Agents\sphinx2\src\libsphinx2\uttproc.c(517):   1.05 SoS,   0.97 sec elapsed,  0.92 xRT,   0.78 sec CPU,  0.74 xRT

[21:01:29.230] 105 frames

[21:01:29.230] Acoustic confidence: (-15718400 - -19697264.000000) / 105 = 37893.941406

[21:01:29.230] hyp: TOO 

[21:01:29.230] Sending final hypotheses frame:
{c result :results ( {c hypothesis :hyp "TOO " :confhyp "TOO " :uttid "008" :engine_name "female" :nbest_index 0 :decoder_score -20458248.000000 :lm_score -760984.000000 :am_score -19697264.000000 :frame_num 105 :acoustic_gap_norm 37893.941406 :avg_sphinxwordconf 0.191769 :min_sphinxwordconf 0.191769 :max_sphinxwordconf 0.191769 :avg_wordconf 0.666667 :min_wordconf 0.666667 :max_wordconf 0.666667 :avg_validwordconf 0.666667 :min_validwordconf 0.666667 :max_validwordconf 0.666667 :startframes "19" :endframes "67" :init_timestamp 454272 :end_timestamp 455322 }  ) }

[21:01:29.350] Processing input...
[21:01:29.350] Received 19 bytes...
[21:01:29.350] Processing command: engine_cancel_utt 

[21:01:29.699] Processing input...
[21:01:29.699] Received 22 bytes...
[21:01:29.699] Processing command: engine_set_lm yes_no 

[21:01:29.699] set lm: yes_no
INFO: \Projects\RoomLine-Blackmore\Agents\sphinx2\src\libsphinx2\search.c(3619): Creating search tree
INFO: \Projects\RoomLine-Blackmore\Agents\sphinx2\src\libsphinx2\search.c(3742): 354 root, 50406 non-root channels, 35 single-phone words
INFO: \Projects\RoomLine-Blackmore\Agents\sphinx2\src\libsphinx2\uttproc.c(1752): LM= "yes_no"
[21:01:32.675] Processing input...
[21:01:32.675] Received 28 bytes...
[21:01:32.675] Processing command: engine_begin_utt 009 491392

[21:01:32.675] begin utt: 009 (491392)
INFO: \Projects\RoomLine-Blackmore\Agents\sphinx2\src\libsphinx2\uttproc.c(1195): Livemode
[21:01:32.678] Processing input...
[21:01:32.678] Received 6678 bytes...
[21:01:32.678] Processing command: engine_proc_raw 6656 

[21:01:32.678] prepare to proc raw
[21:01:32.678] Processing raw data ...
[21:01:32.678] 6656 bytes raw data received
[21:01:32.865] Processing input...
[21:01:32.865] Received 21 bytes...
[21:01:32.865] Processing command: engine_proc_raw 256 

[21:01:32.865] prepare to proc raw
[21:01:32.866] Processing input...
[21:01:32.866] Received 277 bytes...
[21:01:32.866] Processing raw data ...
[21:01:32.866] 256 bytes raw data received
[21:01:32.874] Processing command: engine_proc_partial 

[21:01:32.875] proc partial result (30): 
[21:01:33.177] Processing input...
[21:01:33.177] Received 4907 bytes...
[21:01:33.177] Processing command: engine_proc_raw 4864 

[21:01:33.177] prepare to proc raw
[21:01:33.177] Processing raw data ...
[21:01:33.177] 4864 bytes raw data received
[21:01:33.393] Processing command: engine_proc_partial 

[21:01:33.393] proc partial result (61): 
[21:01:33.505] Processing input...
[21:01:33.505] Received 22 bytes...
[21:01:33.505] Processing command: engine_proc_raw 5120 

[21:01:33.505] prepare to proc raw
[21:01:33.506] Processing input...
[21:01:33.506] Received 4320 bytes...
[21:01:33.506] Processing input...
[21:01:33.506] Received 821 bytes...
[21:01:33.506] Processing raw data ...
[21:01:33.506] 5120 bytes raw data received
[21:01:33.778] Processing command: engine_proc_partial 

[21:01:33.778] proc partial result (93): 
[21:01:33.818] Processing input...
[21:01:33.818] Received 4907 bytes...
[21:01:33.818] Processing command: engine_proc_raw 4864 

[21:01:33.818] prepare to proc raw
[21:01:33.818] Processing raw data ...
[21:01:33.818] 4864 bytes raw data received
[21:01:34.002] Processing command: engine_proc_partial 

[21:01:34.002] proc partial result (123): 
[21:01:34.131] Processing input...
[21:01:34.131] Received 22 bytes...
[21:01:34.131] Processing command: engine_proc_raw 5120 

[21:01:34.131] prepare to proc raw
[21:01:34.131] Processing input...
[21:01:34.131] Received 4320 bytes...
[21:01:34.132] Processing input...
[21:01:34.132] Received 821 bytes...
[21:01:34.132] Processing raw data ...
[21:01:34.132] 5120 bytes raw data received
[21:01:34.356] Processing command: engine_proc_partial 

[21:01:34.356] proc partial result (155): SOON 
[21:01:34.356] Sending:
 {c properties 											:partial_hyp "SOON " 											:engine_name "female"											:start_timestamp "491392" 											:end_timestamp "492942" 											:frame_num "155" 										}
[21:01:34.357] Sent

[21:01:34.444] Processing input...
[21:01:34.444] Received 22 bytes...
[21:01:34.444] Processing command: engine_proc_raw 4864 

[21:01:34.444] prepare to proc raw
[21:01:34.444] Processing input...
[21:01:34.444] Received 4320 bytes...
[21:01:34.445] Processing input...
[21:01:34.445] Received 565 bytes...
[21:01:34.445] Processing raw data ...
[21:01:34.445] 4864 bytes raw data received
[21:01:34.792] Processing command: engine_proc_partial 

[21:01:34.792] proc partial result (185): SOON 
[21:01:34.792] Sending:
 {c properties 											:partial_hyp "SOON " 											:engine_name "female"											:start_timestamp "491392" 											:end_timestamp "493242" 											:frame_num "185" 										}
[21:01:34.792] Sent

[21:01:34.792] Processing input...
[21:01:34.792] Received 5163 bytes...
[21:01:34.792] Processing command: engine_proc_raw 5120 

[21:01:34.792] prepare to proc raw
[21:01:34.792] Processing raw data ...
[21:01:34.792] 5120 bytes raw data received
[21:01:35.069] Processing command: engine_proc_partial 

[21:01:35.069] proc partial result (217): SOON FOR 
[21:01:35.069] Sending:
 {c properties 											:partial_hyp "SOON FOR " 											:engine_name "female"											:start_timestamp "491392" 											:end_timestamp "493562" 											:frame_num "217" 										}
[21:01:35.069] Sent

[21:01:35.070] Processing input...
[21:01:35.070] Received 22 bytes...
[21:01:35.070] Processing command: engine_proc_raw 3584 

[21:01:35.070] prepare to proc raw
[21:01:35.070] Processing input...
[21:01:35.071] Received 3584 bytes...
[21:01:35.071] Processing raw data ...
[21:01:35.071] 3584 bytes raw data received
[21:01:35.227] Processing input...
[21:01:35.227] Received 21 bytes...
[21:01:35.227] Processing command: engine_proc_partial 

[21:01:35.228] proc partial result (240): SOON PERSON 
[21:01:35.411] Processing input...
[21:01:35.411] Received 16 bytes...
[21:01:35.411] Processing command: engine_end_utt 

[21:01:35.411] end utt: 009
INFO: \Projects\RoomLine-Blackmore\Agents\sphinx2\src\libsphinx2\uttproc.c(1391): Samples histogram (009) (4/8/16/30/32K): 100.0%(20224) 0.0%(0) 0.0%(0) 0.0%(0) 0.0%(0); max: 1436
INFO: \Projects\RoomLine-Blackmore\Agents\sphinx2\src\libsphinx2\sc_vq.c(576): VQ-TIME= 0.1sec, SCR-TIME= 0.3sec (CPU)
INFO: \Projects\RoomLine-Blackmore\Agents\sphinx2\src\libsphinx2\live_norm.c(168): mean_norm_update: from <  9.43  0.05 -0.45 -0.09 -0.35 -0.19 -0.32 -0.09 -0.20 -0.17 -0.09 -0.10 -0.11 >
INFO: \Projects\RoomLine-Blackmore\Agents\sphinx2\src\libsphinx2\live_norm.c(185): mean_norm_update: to   <  9.20  0.05 -0.42 -0.06 -0.33 -0.19 -0.33 -0.09 -0.19 -0.16 -0.10 -0.10 -0.11 >
[21:01:35.415] Processing input...
[21:01:35.415] Received 20 bytes...
[21:01:35.415] Processing command: engine_proc_result 

[21:01:35.415] proc result
	SFrm Efrm        AScr       LScr   BSDiff TSDiffPF   Conf LatDen Word (FWDTREE) (009)
	---------------------------------------------------------------------
	   0   55   -10968993          0   -27474   -31376  -1.00     13 <s>
	  56   65    -1805773     -52986   -23526   -22062  -1.00     13 SIL
	  66   97    -5993997     -52986   -27474   -34768  -1.00     26 SIL
	  98  134    -7064294    -637540  -734538   -42889   0.14     48 SOON
	 135  145    -2029173     -52986  -365674   -29939  -1.00     33 SIL
	 146  163    -3121338    -230270  -150389   -32209  -1.00     44 ++UH++
	 164  172    -1608291    -230270  -505009   -57753  -1.00     39 ++OH++
	 173  188    -2651879     -52986  -469161   -16750  -1.00     20 SIL
	 189  240   -10083014    -655883  -466575   -45995   0.11     61 PERSON
	 241  243     -675621     -97689  -588962   -81505  -1.00     16 </s>
	---------------------------------------------------------------------
	   0  243   -46002373   -2063596  -734538   -81505               009(TOTAL)
INFO: \Projects\RoomLine-Blackmore\Agents\sphinx2\src\libsphinx2\search.c(2756): FWDTREE: SOON PERSON  (009 -48065969 (A=-46002373 L=-2063596))
INFO: \Projects\RoomLine-Blackmore\Agents\sphinx2\src\libsphinx2\search.c(2842):     5610 words recognized (23/fr)
INFO: \Projects\RoomLine-Blackmore\Agents\sphinx2\src\libsphinx2\search.c(2845):    10015 phones in topsen (41/fr)
INFO: \Projects\RoomLine-Blackmore\Agents\sphinx2\src\libsphinx2\search.c(2847):  1534760 senones evaluated (6290/fr)
INFO: \Projects\RoomLine-Blackmore\Agents\sphinx2\src\libsphinx2\search.c(2849):   636822 channels searched (2609/fr), 83476 1st, 85936 last
INFO: \Projects\RoomLine-Blackmore\Agents\sphinx2\src\libsphinx2\search.c(2853):    10914 words for which last channels evaluated (44/fr)
INFO: \Projects\RoomLine-Blackmore\Agents\sphinx2\src\libsphinx2\search.c(2855):    31276 candidate words for entering last phone (128/fr)
INFO: \Projects\RoomLine-Blackmore\Agents\sphinx2\src\libsphinx2\uttproc.c(517):   2.43 SoS,   2.78 sec elapsed,  1.14 xRT,   1.78 sec CPU,  0.73 xRT

[21:01:35.450] 243 frames

[21:01:35.450] Acoustic confidence: (-36858880 - -46002372.000000) / 243 = 37627.539063

[21:01:35.450] hyp: SOON PERSON 

[21:01:35.450] Sending final hypotheses frame:
{c result :results ( {c hypothesis :hyp "SOON PERSON " :confhyp ".?SOON?. PERSON " :uttid "009" :engine_name "female" :nbest_index 0 :decoder_score -48065968.000000 :lm_score -2063596.000000 :am_score -46002372.000000 :frame_num 243 :acoustic_gap_norm 37627.539063 :avg_sphinxwordconf 0.125715 :min_sphinxwordconf 0.112970 :max_sphinxwordconf 0.138461 :avg_wordconf 0.416667 :min_wordconf 0.333333 :max_wordconf 0.500000 :avg_validwordconf 0.500000 :min_validwordconf 0.500000 :max_validwordconf 0.500000 :startframes "98 189" :endframes "134 240" :init_timestamp 491392 :end_timestamp 493822 }  ) }

[21:01:35.454] Processing input...
[21:01:35.454] Received 19 bytes...
[21:01:35.454] Processing command: engine_cancel_utt 

[21:01:35.724] Processing input...
[21:01:35.724] Received 27 bytes...
[21:01:35.724] Processing command: engine_set_lm first_query 

[21:01:35.724] set lm: first_query
INFO: \Projects\RoomLine-Blackmore\Agents\sphinx2\src\libsphinx2\search.c(3619): Creating search tree
INFO: \Projects\RoomLine-Blackmore\Agents\sphinx2\src\libsphinx2\search.c(3742): 339 root, 50227 non-root channels, 30 single-phone words
INFO: \Projects\RoomLine-Blackmore\Agents\sphinx2\src\libsphinx2\uttproc.c(1752): LM= "first_query"
[21:01:36.370] Processing input...
[21:01:36.370] Received 28 bytes...
[21:01:36.370] Processing command: engine_begin_utt 010 519296

[21:01:36.370] begin utt: 010 (519296)
INFO: \Projects\RoomLine-Blackmore\Agents\sphinx2\src\libsphinx2\uttproc.c(1195): Livemode
[21:01:36.372] Processing input...
[21:01:36.372] Received 22 bytes...
[21:01:36.372] Processing command: engine_proc_raw 6656 

[21:01:36.373] prepare to proc raw
[21:01:36.374] Processing input...
[21:01:36.374] Received 6656 bytes...
[21:01:36.374] Processing raw data ...
[21:01:36.374] 6656 bytes raw data received
[21:01:36.615] Processing input...
[21:01:36.615] Received 22 bytes...
[21:01:36.615] Processing command: engine_proc_raw 4352 

[21:01:36.615] prepare to proc raw
[21:01:36.616] Processing input...
[21:01:36.616] Received 4373 bytes...
[21:01:36.616] Processing raw data ...
[21:01:36.616] 4352 bytes raw data received
[21:01:36.877] Processing command: engine_proc_partial 

[21:01:36.878] proc partial result (56): WOULD 
[21:01:36.878] Sending:
 {c properties 											:partial_hyp "WOULD " 											:engine_name "female"											:start_timestamp "519296" 											:end_timestamp "519856" 											:frame_num "56" 										}
[21:01:36.878] Sent

[21:01:36.927] Processing input...
[21:01:36.927] Received 4907 bytes...
[21:01:36.927] Processing command: engine_proc_raw 4864 

[21:01:36.927] prepare to proc raw
[21:01:36.927] Processing raw data ...
[21:01:36.927] 4864 bytes raw data received
[21:01:37.211] Processing command: engine_proc_partial 

[21:01:37.211] proc partial result (86): WHERE I'M 
[21:01:37.211] Sending:
 {c properties 											:partial_hyp "WHERE I'M " 											:engine_name "female"											:start_timestamp "519296" 											:end_timestamp "520156" 											:frame_num "86" 										}
[21:01:37.212] Sent

[21:01:37.257] Processing input...
[21:01:37.257] Received 22 bytes...
[21:01:37.257] Processing command: engine_proc_raw 5120 

[21:01:37.257] prepare to proc raw
[21:01:37.257] Processing input...
[21:01:37.257] Received 4320 bytes...
[21:01:37.257] Processing input...
[21:01:37.257] Received 821 bytes...
[21:01:37.257] Processing raw data ...
[21:01:37.257] 5120 bytes raw data received
[21:01:37.681] Processing command: engine_proc_partial 

[21:01:37.682] proc partial result (118): WHERE I'M 
[21:01:37.682] Sending:
 {c properties 											:partial_hyp "WHERE I'M " 											:engine_name "female"											:start_timestamp "519296" 											:end_timestamp "520476" 											:frame_num "118" 										}
[21:01:37.682] Sent

[21:01:37.682] Processing input...
[21:01:37.682] Received 5163 bytes...
[21:01:37.682] Processing command: engine_proc_raw 5120 

[21:01:37.682] prepare to proc raw
[21:01:37.682] Processing raw data ...
[21:01:37.682] 5120 bytes raw data received
[21:01:37.969] Processing command: engine_proc_partial 

[21:01:37.970] proc partial result (150): WHERE I'M AT FOR 
[21:01:37.970] Sending:
 {c properties 											:partial_hyp "WHERE I'M AT FOR " 											:engine_name "female"											:start_timestamp "519296" 											:end_timestamp "520796" 											:frame_num "150" 										}
[21:01:37.970] Sent

[21:01:37.970] Processing input...
[21:01:37.970] Received 4907 bytes...
[21:01:37.970] Processing command: engine_proc_raw 4864 

[21:01:37.970] prepare to proc raw
[21:01:37.970] Processing raw data ...
[21:01:37.971] 4864 bytes raw data received
[21:01:38.101] Processing command: engine_proc_partial 

[21:01:38.102] proc partial result (181): WHERE I'M AT FORBES   ALL 
[21:01:38.102] Sending:
 {c properties 											:partial_hyp "WHERE I'M AT FORBES   ALL " 											:engine_name "female"											:start_timestamp "519296" 											:end_timestamp "521106" 											:frame_num "181" 										}
[21:01:38.102] Sent

[21:01:38.231] Processing input...
[21:01:38.231] Received 22 bytes...
[21:01:38.231] Processing command: engine_proc_raw 5376 

[21:01:38.231] prepare to proc raw
[21:01:38.232] Processing input...
[21:01:38.232] Received 4320 bytes...
[21:01:38.232] Processing input...
[21:01:38.232] Received 1056 bytes...
[21:01:38.232] Processing raw data ...
[21:01:38.232] 5376 bytes raw data received
[21:01:38.350] Processing input...
[21:01:38.350] Received 21 bytes...
[21:01:38.350] Processing command: engine_proc_partial 

[21:01:38.351] proc partial result (214): WHERE I'M AT FOR HOMEWOOD   
[21:01:38.351] Sending:
 {c properties 											:partial_hyp "WHERE I'M AT FOR HOMEWOOD   " 											:engine_name "female"											:start_timestamp "519296" 											:end_timestamp "521436" 											:frame_num "214" 										}
[21:01:38.352] Sent

[21:01:38.552] Processing input...
[21:01:38.552] Received 16 bytes...
[21:01:38.552] Processing command: engine_end_utt 

[21:01:38.552] end utt: 010
INFO: \Projects\RoomLine-Blackmore\Agents\sphinx2\src\libsphinx2\uttproc.c(1391): Samples histogram (010) (4/8/16/30/32K): 99.9%(18155) 0.1%(21) 0.0%(0) 0.0%(0) 0.0%(0); max: 5039
INFO: \Projects\RoomLine-Blackmore\Agents\sphinx2\src\libsphinx2\sc_vq.c(576): VQ-TIME= 0.1sec, SCR-TIME= 0.3sec (CPU)
INFO: \Projects\RoomLine-Blackmore\Agents\sphinx2\src\libsphinx2\live_norm.c(168): mean_norm_update: from <  9.39  0.08 -0.42 -0.04 -0.34 -0.19 -0.32 -0.12 -0.22 -0.16 -0.10 -0.11 -0.11 >
INFO: \Projects\RoomLine-Blackmore\Agents\sphinx2\src\libsphinx2\live_norm.c(185): mean_norm_update: to   <  9.62  0.08 -0.44 -0.06 -0.35 -0.19 -0.35 -0.12 -0.22 -0.16 -0.10 -0.10 -0.10 >
[21:01:38.554] Processing input...
[21:01:38.554] Received 20 bytes...
[21:01:38.554] Processing command: engine_proc_result 

[21:01:38.554] proc result
	SFrm Efrm        AScr       LScr   BSDiff TSDiffPF   Conf LatDen Word (FWDTREE) (010)
	---------------------------------------------------------------------
	   0   17    -2912596          0   -17462    -9917  -1.00      6 <s>
	  18   38    -3624434    -607247  -562284   -32206   0.01     65 WHERE(2)
	  39   48    -1828968     -63204  -441215   -38205   0.28     47 I'M
	  49   72    -5003219    -230270  -466722   -37544  -1.00     42 ++BACKGROUND++
	  73  111    -7989256    -230270  -120285   -40723  -1.00     25 ++COUGH++
	 112  120    -2004685     -63204  -364658   -78131   0.02     53 AT
	 121  151    -5632315    -592873  -875824   -40805   0.17     37 FOR
	 152  211    -9703256    -607612  -696880   -38311   0.16     12 HOMEWOOD:n
	 212  217    -1228691     -63204  -470740   -46915  -1.00     22 </s>
	---------------------------------------------------------------------
	   0  217   -39927420   -2457884  -875824   -78131               010(TOTAL)
INFO: \Projects\RoomLine-Blackmore\Agents\sphinx2\src\libsphinx2\search.c(2756): FWDTREE: WHERE I'M AT FOR HOMEWOOD:n  (010 -42385304 (A=-39927420 L=-2457884))
INFO: \Projects\RoomLine-Blackmore\Agents\sphinx2\src\libsphinx2\search.c(2842):     4218 words recognized (19/fr)
INFO: \Projects\RoomLine-Blackmore\Agents\sphinx2\src\libsphinx2\search.c(2845):     8512 phones in topsen (39/fr)
INFO: \Projects\RoomLine-Blackmore\Agents\sphinx2\src\libsphinx2\search.c(2847):  1371220 senones evaluated (6290/fr)
INFO: \Projects\RoomLine-Blackmore\Agents\sphinx2\src\libsphinx2\search.c(2849):   497843 channels searched (2283/fr), 50820 1st, 61943 last
INFO: \Projects\RoomLine-Blackmore\Agents\sphinx2\src\libsphinx2\search.c(2853):     7025 words for which last channels evaluated (32/fr)
INFO: \Projects\RoomLine-Blackmore\Agents\sphinx2\src\libsphinx2\search.c(2855):    17157 candidate words for entering last phone (78/fr)
INFO: \Projects\RoomLine-Blackmore\Agents\sphinx2\src\libsphinx2\uttproc.c(517):   2.17 SoS,   2.20 sec elapsed,  1.02 xRT,   1.53 sec CPU,  0.71 xRT

[21:01:38.576] 217 frames

[21:01:38.576] Acoustic confidence: (-31477760 - -39927420.000000) / 217 = 38938.523438

[21:01:38.576] hyp: WHERE I'M AT FOR HOMEWOOD 

[21:01:38.576] Sending final hypotheses frame:
{c result :results ( {c hypothesis :hyp "WHERE I'M AT FOR HOMEWOOD " :confhyp "WHERE .?I'M?. .?AT?. FOR HOMEWOOD " :uttid "010" :engine_name "female" :nbest_index 0 :decoder_score -42385304.000000 :lm_score -2457884.000000 :am_score -39927420.000000 :frame_num 217 :acoustic_gap_norm 38938.523438 :avg_sphinxwordconf 0.147966 :min_sphinxwordconf 0.019531 :max_sphinxwordconf 0.277867 :avg_wordconf 0.583333 :min_wordconf 0.416667 :max_wordconf 0.750000 :avg_validwordconf 0.694444 :min_validwordconf 0.666667 :max_validwordconf 0.750000 :startframes "18 39 112 121 152" :endframes "38 48 120 151 211" :init_timestamp 519296 :end_timestamp 521466 }  ) }

[21:01:38.679] Processing input...
[21:01:38.679] Received 19 bytes...
[21:01:38.679] Processing command: engine_cancel_utt 

[21:01:38.798] Processing input...
[21:01:38.798] Received 28 bytes...
[21:01:38.798] Processing command: engine_begin_utt 011 538624

[21:01:38.798] begin utt: 011 (538624)
INFO: \Projects\RoomLine-Blackmore\Agents\sphinx2\src\libsphinx2\uttproc.c(1195): Livemode
[21:01:38.801] Processing input...
[21:01:38.801] Received 7446 bytes...
[21:01:38.801] Processing command: engine_proc_raw 7424 

[21:01:38.801] prepare to proc raw
[21:01:38.801] Processing raw data ...
[21:01:38.801] 7424 bytes raw data received
[21:01:39.045] Processing input...
[21:01:39.045] Received 21 bytes...
[21:01:39.045] Processing command: engine_set_lm place 

[21:01:39.045] Warning: set lm called during an utterance. Ignored.
[21:01:39.146] Processing input...
[21:01:39.147] Received 4907 bytes...
[21:01:39.147] Processing command: engine_proc_raw 4864 

[21:01:39.147] prepare to proc raw
[21:01:39.147] Processing raw data ...
[21:01:39.147] 4864 bytes raw data received
[21:01:39.422] Processing command: engine_proc_partial 

[21:01:39.422] proc partial result (64): 
[21:01:39.458] Processing input...
[21:01:39.459] Received 5163 bytes...
[21:01:39.459] Processing command: engine_proc_raw 5120 

[21:01:39.459] prepare to proc raw
[21:01:39.459] Processing raw data ...
[21:01:39.459] 5120 bytes raw data received
[21:01:39.711] Processing command: engine_proc_partial 

[21:01:39.711] proc partial result (96): 
[21:01:39.771] Processing input...
[21:01:39.772] Received 4907 bytes...
[21:01:39.772] Processing command: engine_proc_raw 4864 

[21:01:39.772] prepare to proc raw
[21:01:39.772] Processing raw data ...
[21:01:39.772] 4864 bytes raw data received
[21:01:39.982] Processing command: engine_proc_partial 

[21:01:39.983] proc partial result (126): 
[21:01:40.084] Processing input...
[21:01:40.084] Received 22 bytes...
[21:01:40.084] Processing command: engine_proc_raw 5120 

[21:01:40.084] prepare to proc raw
[21:01:40.085] Processing input...
[21:01:40.085] Received 5141 bytes...
[21:01:40.085] Processing raw data ...
[21:01:40.085] 5120 bytes raw data received
[21:01:40.324] Processing command: engine_proc_partial 

[21:01:40.324] proc partial result (158): 
[21:01:40.397] Processing input...
[21:01:40.397] Received 22 bytes...
[21:01:40.397] Processing command: engine_proc_raw 4864 

[21:01:40.397] prepare to proc raw
[21:01:40.398] Processing input...
[21:01:40.398] Received 4885 bytes...
[21:01:40.398] Processing raw data ...
[21:01:40.398] 4864 bytes raw data received
[21:01:40.669] Processing command: engine_proc_partial 

[21:01:40.669] proc partial result (189): 
[21:01:40.709] Processing input...
[21:01:40.709] Received 22 bytes...
[21:01:40.709] Processing command: engine_proc_raw 5120 

[21:01:40.709] prepare to proc raw
[21:01:40.710] Processing input...
[21:01:40.710] Received 5141 bytes...
[21:01:40.710] Processing raw data ...
[21:01:40.710] 5120 bytes raw data received
[21:01:41.048] Processing command: engine_proc_partial 

[21:01:41.048] proc partial result (221): 
[21:01:41.049] Processing input...
[21:01:41.049] Received 4907 bytes...
[21:01:41.049] Processing command: engine_proc_raw 4864 

[21:01:41.049] prepare to proc raw
[21:01:41.049] Processing raw data ...
[21:01:41.049] 4864 bytes raw data received
[21:01:41.264] Processing command: engine_proc_partial 

[21:01:41.265] proc partial result (251): SAYS 
[21:01:41.265] Sending:
 {c properties 											:partial_hyp "SAYS " 											:engine_name "female"											:start_timestamp "538624" 											:end_timestamp "541134" 											:frame_num "251" 										}
[21:01:41.265] Sent

[21:01:41.333] Processing input...
[21:01:41.333] Received 5163 bytes...
[21:01:41.333] Processing command: engine_proc_raw 5120 

[21:01:41.333] prepare to proc raw
[21:01:41.333] Processing raw data ...
[21:01:41.333] 5120 bytes raw data received
[21:01:41.531] Processing command: engine_proc_partial 

[21:01:41.531] proc partial result (283): 
[21:01:41.662] Processing input...
[21:01:41.663] Received 4907 bytes...
[21:01:41.663] Processing command: engine_proc_raw 4864 

[21:01:41.663] prepare to proc raw
[21:01:41.663] Processing raw data ...
[21:01:41.663] 4864 bytes raw data received
[21:01:41.868] Processing command: engine_proc_partial 

[21:01:41.868] proc partial result (313): 
[21:01:41.878] Processing input...
[21:01:41.878] Received 22 bytes...
[21:01:41.878] Processing command: engine_set_lm yes_no 

[21:01:41.878] Warning: set lm called during an utterance. Ignored.
[21:01:41.974] Processing input...
[21:01:41.975] Received 5163 bytes...
[21:01:41.975] Processing command: engine_proc_raw 5120 

[21:01:41.975] prepare to proc raw
[21:01:41.975] Processing raw data ...
[21:01:41.975] 5120 bytes raw data received
[21:01:42.266] Processing command: engine_proc_partial 

[21:01:42.266] proc partial result (345): 
[21:01:42.287] Processing input...
[21:01:42.287] Received 22 bytes...
[21:01:42.287] Processing command: engine_proc_raw 4864 

[21:01:42.287] prepare to proc raw
[21:01:42.288] Processing input...
[21:01:42.288] Received 4885 bytes...
[21:01:42.288] Processing raw data ...
[21:01:42.288] 4864 bytes raw data received
[21:01:42.701] Processing command: engine_proc_partial 

[21:01:42.701] proc partial result (376): THE 
[21:01:42.701] Sending:
 {c properties 											:partial_hyp "THE " 											:engine_name "female"											:start_timestamp "538624" 											:end_timestamp "542384" 											:frame_num "376" 										}
[21:01:42.701] Sent

[21:01:42.701] Processing input...
[21:01:42.702] Received 5163 bytes...
[21:01:42.702] Processing command: engine_proc_raw 5120 

[21:01:42.702] prepare to proc raw
[21:01:42.702] Processing raw data ...
[21:01:42.702] 5120 bytes raw data received
[21:01:43.142] Processing command: engine_proc_partial 

[21:01:43.142] proc partial result (408): 
[21:01:43.142] Processing input...
[21:01:43.142] Received 5163 bytes...
[21:01:43.142] Processing command: engine_proc_raw 5120 

[21:01:43.142] prepare to proc raw
[21:01:43.142] Processing raw data ...
[21:01:43.142] 5120 bytes raw data received
[21:01:43.402] Processing command: engine_proc_partial 

[21:01:43.402] proc partial result (440): 
[21:01:43.403] Processing input...
[21:01:43.403] Received 4907 bytes...
[21:01:43.403] Processing command: engine_proc_raw 4864 

[21:01:43.403] prepare to proc raw
[21:01:43.403] Processing raw data ...
[21:01:43.403] 4864 bytes raw data received
[21:01:43.746] Processing command: engine_proc_partial 

[21:01:43.746] proc partial result (470): 
[21:01:43.747] Processing input...
[21:01:43.747] Received 5675 bytes...
[21:01:43.747] Processing command: engine_proc_raw 5632 

[21:01:43.747] prepare to proc raw
[21:01:43.747] Processing raw data ...
[21:01:43.747] 5632 bytes raw data received
[21:01:44.026] Processing command: engine_proc_partial 

[21:01:44.026] proc partial result (505): 
[21:01:44.026] Processing input...
[21:01:44.026] Received 36 bytes...
[21:01:44.026] Processing command: engine_end_utt 

[21:01:44.026] end utt: 011
INFO: \Projects\RoomLine-Blackmore\Agents\sphinx2\src\libsphinx2\uttproc.c(1391): Samples histogram (011) (4/8/16/30/32K): 100.0%(41472) 0.0%(0) 0.0%(0) 0.0%(0) 0.0%(0); max: 2102
INFO: \Projects\RoomLine-Blackmore\Agents\sphinx2\src\libsphinx2\sc_vq.c(576): VQ-TIME= 0.3sec, SCR-TIME= 0.9sec (CPU)
INFO: \Projects\RoomLine-Blackmore\Agents\sphinx2\src\libsphinx2\live_norm.c(168): mean_norm_update: from <  9.21 -0.04 -0.48  0.01 -0.37 -0.16 -0.34 -0.11 -0.20 -0.16 -0.11 -0.10 -0.10 >
INFO: \Projects\RoomLine-Blackmore\Agents\sphinx2\src\libsphinx2\live_norm.c(185): mean_norm_update: to   <  9.07 -0.06 -0.44 -0.03 -0.36 -0.15 -0.35 -0.08 -0.21 -0.17 -0.09 -0.11 -0.10 >
[21:01:44.028] Processing command: engine_proc_result 

[21:01:44.028] proc result
	SFrm Efrm        AScr       LScr   BSDiff TSDiffPF   Conf LatDen Word (FWDTREE) (011)
	---------------------------------------------------------------------
	   0    4     -952556          0   -43934   -28309  -1.00      4 <s>
	   5   27    -4143548    -230270   -38853   -21523  -1.00     11 ++BREATH++
	  28   72    -8730886    -230270   -40509   -38303  -1.00     15 ++LAUGH++
	  73   98    -4938147    -230270   -14654   -29003  -1.00     12 ++BREATH++
	  99  153   -10837854    -230270   -84881   -30232  -1.00     11 ++BACKGROUND++
	 154  178    -5172965     -52986   -40934   -44102  -1.00     14 SIL
	 179  248   -14460542    -230270  -818590   -49614  -1.00     46 ++FEED++
	 249  361   -22315392    -230270   -82014   -37628  -1.00     24 ++FEED++
	 362  367    -1357673     -52986  -360474   -89233  -1.00     51 SIL
	 368  422   -10808835    -230270  -118425   -32740  -1.00     30 ++BACKGROUND++
	 423  445    -4890405    -230270  -376637   -61074  -1.00     42 ++FEED++
	 446  465    -3618975    -230270  -597337   -43988  -1.00     44 ++OH++
	 466  500    -7113036    -230270  -379949   -42871  -1.00     27 ++BACKGROUND++
	 501  508    -1505435    -241458  -616489   -35859  -1.00     12 </s>
	---------------------------------------------------------------------
	   0  508  -100846249   -2650130  -818590   -89233               011(TOTAL)
INFO: \Projects\RoomLine-Blackmore\Agents\sphinx2\src\libsphinx2\search.c(2756): FWDTREE:  (011 -103496379 (A=-100846249 L=-2650130))
INFO: \Projects\RoomLine-Blackmore\Agents\sphinx2\src\libsphinx2\search.c(2842):     9734 words recognized (19/fr)
INFO: \Projects\RoomLine-Blackmore\Agents\sphinx2\src\libsphinx2\search.c(2845):    21637 phones in topsen (42/fr)
INFO: \Projects\RoomLine-Blackmore\Agents\sphinx2\src\libsphinx2\search.c(2847):  3201610 senones evaluated (6290/fr)
INFO: \Projects\RoomLine-Blackmore\Agents\sphinx2\src\libsphinx2\search.c(2849):  1559539 channels searched (3063/fr), 170305 1st, 85167 last
INFO: \Projects\RoomLine-Blackmore\Agents\sphinx2\src\libsphinx2\search.c(2853):    17697 words for which last channels evaluated (34/fr)
INFO: \Projects\RoomLine-Blackmore\Agents\sphinx2\src\libsphinx2\search.c(2855):    71420 candidate words for entering last phone (140/fr)
INFO: \Projects\RoomLine-Blackmore\Agents\sphinx2\src\libsphinx2\uttproc.c(517):   5.08 SoS,   5.31 sec elapsed,  1.05 xRT,   4.34 sec CPU,  0.86 xRT

[21:01:44.101] 508 frames

[21:01:44.101] Acoustic confidence: (-80661504 - -100846248.000000) / 508 = 39733.746094

[21:01:44.101] hyp: 

[21:01:44.101] Sending final hypotheses frame:
{c result :results ( {c hypothesis :hyp "" :confhyp "" :uttid "011" :engine_name "female" :nbest_index 0 :decoder_score 0.000000 :lm_score 0.000000 :am_score 0.000000 :frame_num 508 :acoustic_gap_norm 0.000000 :avg_sphinxwordconf 0.000000 :min_sphinxwordconf 1.000000 :max_sphinxwordconf 0.000000 :avg_wordconf 0.000000 :min_wordconf 0.000000 :max_wordconf 0.000000 :avg_validwordconf 0.000000 :min_validwordconf 0.000000 :max_validwordconf 0.000000 :startframes "" :endframes "" :init_timestamp 538624 :end_timestamp 543704 }  ) }

[21:01:45.241] Processing input...
[21:01:45.241] Received 19 bytes...
[21:01:45.241] Processing command: engine_cancel_utt 

[21:01:45.602] Processing input...
[21:01:45.602] Received 22 bytes...
[21:01:45.602] Processing command: engine_set_lm yes_no 

[21:01:45.602] set lm: yes_no
INFO: \Projects\RoomLine-Blackmore\Agents\sphinx2\src\libsphinx2\search.c(3619): Creating search tree
INFO: \Projects\RoomLine-Blackmore\Agents\sphinx2\src\libsphinx2\search.c(3742): 354 root, 50406 non-root channels, 35 single-phone words
INFO: \Projects\RoomLine-Blackmore\Agents\sphinx2\src\libsphinx2\uttproc.c(1752): LM= "yes_no"
[21:14:15.594] Processing input...
[21:14:15.594] Received 82 bytes...
[21:14:15.594] Processing command: engine_new_session ..\..\logs\LetsGoPublic\20061122\018\LetsGoPublic-20061122-018

[21:14:15.594] new session
INFO: \Projects\RoomLine-Blackmore\Agents\sphinx2\src\libsphinx2\fbs_main.c(1186): uttproc_set_logfile(..\..\logs\LetsGoPublic\20061122\018\LetsGoPublic-20061122-018-sphinx_female.log)
