[STD@21:00:27.515] Adding buffer 0 to pool
[STD@21:00:27.516] Adding buffer 1 to pool
[STD@21:00:27.517] Adding buffer 2 to pool
[STD@21:00:27.517] Adding buffer 3 to pool
[STD@21:00:27.518] Adding buffer 4 to pool
[STD@21:00:27.518] Adding buffer 5 to pool
[STD@21:00:27.518] Adding buffer 6 to pool
[STD@21:00:27.518] Adding buffer 7 to pool
[STD@21:00:27.519] Adding buffer 8 to pool
[STD@21:00:27.519] Adding buffer 9 to pool
[STD@21:00:27.519] Adding buffer 10 to pool
[STD@21:00:27.521] Adding buffer 11 to pool
[STD@21:00:27.521] Adding buffer 12 to pool
[STD@21:00:27.522] Adding buffer 13 to pool
[STD@21:00:27.522] Adding buffer 14 to pool
[STD@21:00:27.523] Adding buffer 15 to pool
[STD@21:00:27.523] Opening audio file ..\..\logs\LetsGoPublic\20061122\017\LetsGoPublic-20061122-017-input_and_output.raw for output
[STD@21:00:27.525] Starting device
[DBG@21:00:27.786] Saving buffer 0.
[DBG@21:00:27.787] Saved 4096 bytes from buffer to file.
[DBG@21:00:27.787] Added buffer back to pool.
[DBG@21:00:28.045] Saving buffer 1.
[DBG@21:00:28.045] Saved 4096 bytes from buffer to file.
[DBG@21:00:28.171] Added buffer back to pool.
[DBG@21:00:28.295] Saving buffer 2.
[DBG@21:00:28.295] Saved 4096 bytes from buffer to file.
[DBG@21:00:28.296] Added buffer back to pool.
[DBG@21:00:28.555] Saving buffer 3.
[DBG@21:00:28.555] Saved 4096 bytes from buffer to file.
[DBG@21:00:28.556] Added buffer back to pool.
[DBG@21:00:28.805] Saving buffer 4.
[DBG@21:00:28.805] Saved 4096 bytes from buffer to file.
[DBG@21:00:28.806] Added buffer back to pool.
[DBG@21:00:29.065] Saving buffer 5.
[DBG@21:00:29.065] Saved 4096 bytes from buffer to file.
[DBG@21:00:29.066] Added buffer back to pool.
[DBG@21:00:29.325] Saving buffer 6.
[DBG@21:00:29.325] Saved 4096 bytes from buffer to file.
[DBG@21:00:29.326] Added buffer back to pool.
[DBG@21:00:29.575] Saving buffer 7.
[DBG@21:00:29.575] Saved 4096 bytes from buffer to file.
[DBG@21:00:29.575] Added buffer back to pool.
[DBG@21:00:29.835] Saving buffer 8.
[DBG@21:00:29.835] Saved 4096 bytes from buffer to file.
[DBG@21:00:29.835] Added buffer back to pool.
[DBG@21:00:30.085] Saving buffer 9.
[DBG@21:00:30.085] Saved 4096 bytes from buffer to file.
[DBG@21:00:30.086] Added buffer back to pool.
[DBG@21:00:30.345] Saving buffer 10.
[DBG@21:00:30.345] Saved 4096 bytes from buffer to file.
[DBG@21:00:30.345] Added buffer back to pool.
[DBG@21:00:30.605] Saving buffer 11.
[DBG@21:00:30.605] Saved 4096 bytes from buffer to file.
[DBG@21:00:30.605] Added buffer back to pool.
[DBG@21:00:30.855] Saving buffer 12.
[DBG@21:00:30.855] Saved 4096 bytes from buffer to file.
[DBG@21:00:30.855] Added buffer back to pool.
[DBG@21:00:31.115] Saving buffer 13.
[DBG@21:00:31.115] Saved 4096 bytes from buffer to file.
[DBG@21:00:31.115] Added buffer back to pool.
[DBG@21:00:31.366] Saving buffer 14.
[DBG@21:00:31.366] Saved 4096 bytes from buffer to file.
[DBG@21:00:31.366] Added buffer back to pool.
[DBG@21:00:31.625] Saving buffer 15.
[DBG@21:00:31.625] Saved 4096 bytes from buffer to file.
[DBG@21:00:31.625] Added buffer back to pool.
[DBG@21:00:31.885] Saving buffer 0.
[DBG@21:00:31.886] Saved 4096 bytes from buffer to file.
[DBG@21:00:31.886] Added buffer back to pool.
[DBG@21:00:32.135] Saving buffer 1.
[DBG@21:00:32.135] Saved 4096 bytes from buffer to file.
[DBG@21:00:32.135] Added buffer back to pool.
[DBG@21:00:32.395] Saving buffer 2.
[DBG@21:00:32.395] Saved 4096 bytes from buffer to file.
[DBG@21:00:32.396] Added buffer back to pool.
[DBG@21:00:32.645] Saving buffer 3.
[DBG@21:00:32.645] Saved 4096 bytes from buffer to file.
[DBG@21:00:32.645] Added buffer back to pool.
[DBG@21:00:32.905] Saving buffer 4.
[DBG@21:00:32.905] Saved 4096 bytes from buffer to file.
[DBG@21:00:32.905] Added buffer back to pool.
[DBG@21:00:33.165] Saving buffer 5.
[DBG@21:00:33.165] Saved 4096 bytes from buffer to file.
[DBG@21:00:33.165] Added buffer back to pool.
[DBG@21:00:33.415] Saving buffer 6.
[DBG@21:00:33.415] Saved 4096 bytes from buffer to file.
[DBG@21:00:33.416] Added buffer back to pool.
[DBG@21:00:33.675] Saving buffer 7.
[DBG@21:00:33.675] Saved 4096 bytes from buffer to file.
[DBG@21:00:33.675] Added buffer back to pool.
[DBG@21:00:33.925] Saving buffer 8.
[DBG@21:00:33.925] Saved 4096 bytes from buffer to file.
[DBG@21:00:33.925] Added buffer back to pool.
[DBG@21:00:34.185] Saving buffer 9.
[DBG@21:00:34.185] Saved 4096 bytes from buffer to file.
[DBG@21:00:34.185] Added buffer back to pool.
[DBG@21:00:34.445] Saving buffer 10.
[DBG@21:00:34.445] Saved 4096 bytes from buffer to file.
[DBG@21:00:34.445] Added buffer back to pool.
[DBG@21:00:34.695] Saving buffer 11.
[DBG@21:00:34.695] Saved 4096 bytes from buffer to file.
[DBG@21:00:34.695] Added buffer back to pool.
[DBG@21:00:34.955] Saving buffer 12.
[DBG@21:00:34.955] Saved 4096 bytes from buffer to file.
[DBG@21:00:34.955] Added buffer back to pool.
[DBG@21:00:35.205] Saving buffer 13.
[DBG@21:00:35.205] Saved 4096 bytes from buffer to file.
[DBG@21:00:35.205] Added buffer back to pool.
[DBG@21:00:35.465] Saving buffer 14.
[DBG@21:00:35.465] Saved 4096 bytes from buffer to file.
[DBG@21:00:35.465] Added buffer back to pool.
[DBG@21:00:35.725] Saving buffer 15.
[DBG@21:00:35.725] Saved 4096 bytes from buffer to file.
[DBG@21:00:35.725] Added buffer back to pool.
[DBG@21:00:35.975] Saving buffer 0.
[DBG@21:00:35.975] Saved 4096 bytes from buffer to file.
[DBG@21:00:35.976] Added buffer back to pool.
[DBG@21:00:36.235] Saving buffer 1.
[DBG@21:00:36.235] Saved 4096 bytes from buffer to file.
[DBG@21:00:36.235] Added buffer back to pool.
[DBG@21:00:36.485] Saving buffer 2.
[DBG@21:00:36.485] Saved 4096 bytes from buffer to file.
[DBG@21:00:36.485] Added buffer back to pool.
[DBG@21:00:36.745] Saving buffer 3.
[DBG@21:00:36.745] Saved 4096 bytes from buffer to file.
[DBG@21:00:36.745] Added buffer back to pool.
[DBG@21:00:37.005] Saving buffer 4.
[DBG@21:00:37.005] Saved 4096 bytes from buffer to file.
[DBG@21:00:37.005] Added buffer back to pool.
[DBG@21:00:37.255] Saving buffer 5.
[DBG@21:00:37.255] Saved 4096 bytes from buffer to file.
[DBG@21:00:37.255] Added buffer back to pool.
[DBG@21:00:37.515] Saving buffer 6.
[DBG@21:00:37.515] Saved 4096 bytes from buffer to file.
[DBG@21:00:37.515] Added buffer back to pool.
[DBG@21:00:37.765] Saving buffer 7.
[DBG@21:00:37.765] Saved 4096 bytes from buffer to file.
[DBG@21:00:37.765] Added buffer back to pool.
[DBG@21:00:38.025] Saving buffer 8.
[DBG@21:00:38.025] Saved 4096 bytes from buffer to file.
[DBG@21:00:38.025] Added buffer back to pool.
[DBG@21:00:38.285] Saving buffer 9.
[DBG@21:00:38.285] Saved 4096 bytes from buffer to file.
[DBG@21:00:38.285] Added buffer back to pool.
[DBG@21:00:38.535] Saving buffer 10.
[DBG@21:00:38.535] Saved 4096 bytes from buffer to file.
[DBG@21:00:38.535] Added buffer back to pool.
[DBG@21:00:38.795] Saving buffer 11.
[DBG@21:00:38.795] Saved 4096 bytes from buffer to file.
[DBG@21:00:38.795] Added buffer back to pool.
[DBG@21:00:39.045] Saving buffer 12.
[DBG@21:00:39.045] Saved 4096 bytes from buffer to file.
[DBG@21:00:39.045] Added buffer back to pool.
[DBG@21:00:39.305] Saving buffer 13.
[DBG@21:00:39.305] Saved 4096 bytes from buffer to file.
[DBG@21:00:39.305] Added buffer back to pool.
[DBG@21:00:39.565] Saving buffer 14.
[DBG@21:00:39.565] Saved 4096 bytes from buffer to file.
[DBG@21:00:39.565] Added buffer back to pool.
[DBG@21:00:39.815] Saving buffer 15.
[DBG@21:00:39.815] Saved 4096 bytes from buffer to file.
[DBG@21:00:39.815] Added buffer back to pool.
[DBG@21:00:40.075] Saving buffer 0.
[DBG@21:00:40.075] Saved 4096 bytes from buffer to file.
[DBG@21:00:40.075] Added buffer back to pool.
[DBG@21:00:40.325] Saving buffer 1.
[DBG@21:00:40.325] Saved 4096 bytes from buffer to file.
[DBG@21:00:40.325] Added buffer back to pool.
[DBG@21:00:40.585] Saving buffer 2.
[DBG@21:00:40.585] Saved 4096 bytes from buffer to file.
[DBG@21:00:40.585] Added buffer back to pool.
[DBG@21:00:40.845] Saving buffer 3.
[DBG@21:00:40.845] Saved 4096 bytes from buffer to file.
[DBG@21:00:40.845] Added buffer back to pool.
[DBG@21:00:41.095] Saving buffer 4.
[DBG@21:00:41.095] Saved 4096 bytes from buffer to file.
[DBG@21:00:41.095] Added buffer back to pool.
[DBG@21:00:41.355] Saving buffer 5.
[DBG@21:00:41.355] Saved 4096 bytes from buffer to file.
[DBG@21:00:41.355] Added buffer back to pool.
[DBG@21:00:41.605] Saving buffer 6.
[DBG@21:00:41.605] Saved 4096 bytes from buffer to file.
[DBG@21:00:41.605] Added buffer back to pool.
[DBG@21:00:41.865] Saving buffer 7.
[DBG@21:00:41.865] Saved 4096 bytes from buffer to file.
[DBG@21:00:41.865] Added buffer back to pool.
[DBG@21:00:42.125] Saving buffer 8.
[DBG@21:00:42.125] Saved 4096 bytes from buffer to file.
[DBG@21:00:42.125] Added buffer back to pool.
[DBG@21:00:42.375] Saving buffer 9.
[DBG@21:00:42.375] Saved 4096 bytes from buffer to file.
[DBG@21:00:42.375] Added buffer back to pool.
[DBG@21:00:42.635] Saving buffer 10.
[DBG@21:00:42.635] Saved 4096 bytes from buffer to file.
[DBG@21:00:42.635] Added buffer back to pool.
[DBG@21:00:42.885] Saving buffer 11.
[DBG@21:00:42.885] Saved 4096 bytes from buffer to file.
[DBG@21:00:42.885] Added buffer back to pool.
[DBG@21:00:43.145] Saving buffer 12.
[DBG@21:00:43.145] Saved 4096 bytes from buffer to file.
[DBG@21:00:43.145] Added buffer back to pool.
[DBG@21:00:43.405] Saving buffer 13.
[DBG@21:00:43.405] Saved 4096 bytes from buffer to file.
[DBG@21:00:43.405] Added buffer back to pool.
[DBG@21:00:43.655] Saving buffer 14.
[DBG@21:00:43.655] Saved 4096 bytes from buffer to file.
[DBG@21:00:43.655] Added buffer back to pool.
[DBG@21:00:43.915] Saving buffer 15.
[DBG@21:00:43.915] Saved 4096 bytes from buffer to file.
[DBG@21:00:43.915] Added buffer back to pool.
[DBG@21:00:44.165] Saving buffer 0.
[DBG@21:00:44.165] Saved 4096 bytes from buffer to file.
[DBG@21:00:44.165] Added buffer back to pool.
[DBG@21:00:44.425] Saving buffer 1.
[DBG@21:00:44.425] Saved 4096 bytes from buffer to file.
[DBG@21:00:44.425] Added buffer back to pool.
[DBG@21:00:44.685] Saving buffer 2.
[DBG@21:00:44.685] Saved 4096 bytes from buffer to file.
[DBG@21:00:44.685] Added buffer back to pool.
[DBG@21:00:44.935] Saving buffer 3.
[DBG@21:00:44.935] Saved 4096 bytes from buffer to file.
[DBG@21:00:44.935] Added buffer back to pool.
[DBG@21:00:45.195] Saving buffer 4.
[DBG@21:00:45.195] Saved 4096 bytes from buffer to file.
[DBG@21:00:45.195] Added buffer back to pool.
[DBG@21:00:45.445] Saving buffer 5.
[DBG@21:00:45.445] Saved 4096 bytes from buffer to file.
[DBG@21:00:45.445] Added buffer back to pool.
[DBG@21:00:45.705] Saving buffer 6.
[DBG@21:00:45.705] Saved 4096 bytes from buffer to file.
[DBG@21:00:45.705] Added buffer back to pool.
[DBG@21:00:45.965] Saving buffer 7.
[DBG@21:00:45.965] Saved 4096 bytes from buffer to file.
[DBG@21:00:45.965] Added buffer back to pool.
[DBG@21:00:46.215] Saving buffer 8.
[DBG@21:00:46.215] Saved 4096 bytes from buffer to file.
[DBG@21:00:46.215] Added buffer back to pool.
[DBG@21:00:46.475] Saving buffer 9.
[DBG@21:00:46.475] Saved 4096 bytes from buffer to file.
[DBG@21:00:46.475] Added buffer back to pool.
[DBG@21:00:46.725] Saving buffer 10.
[DBG@21:00:46.725] Saved 4096 bytes from buffer to file.
[DBG@21:00:46.725] Added buffer back to pool.
[DBG@21:00:46.985] Saving buffer 11.
[DBG@21:00:46.985] Saved 4096 bytes from buffer to file.
[DBG@21:00:46.985] Added buffer back to pool.
[DBG@21:00:47.245] Saving buffer 12.
[DBG@21:00:47.245] Saved 4096 bytes from buffer to file.
[DBG@21:00:47.245] Added buffer back to pool.
[DBG@21:00:47.495] Saving buffer 13.
[DBG@21:00:47.495] Saved 4096 bytes from buffer to file.
[DBG@21:00:47.495] Added buffer back to pool.
[DBG@21:00:47.755] Saving buffer 14.
[DBG@21:00:47.755] Saved 4096 bytes from buffer to file.
[DBG@21:00:47.755] Added buffer back to pool.
[DBG@21:00:48.005] Saving buffer 15.
[DBG@21:00:48.005] Saved 4096 bytes from buffer to file.
[DBG@21:00:48.005] Added buffer back to pool.
[DBG@21:00:48.264] Saving buffer 0.
[DBG@21:00:48.265] Saved 4096 bytes from buffer to file.
[DBG@21:00:48.265] Added buffer back to pool.
[DBG@21:00:48.525] Saving buffer 1.
[DBG@21:00:48.525] Saved 4096 bytes from buffer to file.
[DBG@21:00:48.525] Added buffer back to pool.
[DBG@21:00:48.774] Saving buffer 2.
[DBG@21:00:48.775] Saved 4096 bytes from buffer to file.
[DBG@21:00:48.775] Added buffer back to pool.
[DBG@21:00:49.034] Saving buffer 3.
[DBG@21:00:49.035] Saved 4096 bytes from buffer to file.
[DBG@21:00:49.035] Added buffer back to pool.
[DBG@21:00:49.284] Saving buffer 4.
[DBG@21:00:49.285] Saved 4096 bytes from buffer to file.
[DBG@21:00:49.285] Added buffer back to pool.
[DBG@21:00:49.544] Saving buffer 5.
[DBG@21:00:49.545] Saved 4096 bytes from buffer to file.
[DBG@21:00:49.545] Added buffer back to pool.
[DBG@21:00:49.804] Saving buffer 6.
[DBG@21:00:49.805] Saved 4096 bytes from buffer to file.
[DBG@21:00:49.805] Added buffer back to pool.
[DBG@21:00:50.054] Saving buffer 7.
[DBG@21:00:50.055] Saved 4096 bytes from buffer to file.
[DBG@21:00:50.055] Added buffer back to pool.
[DBG@21:00:50.314] Saving buffer 8.
[DBG@21:00:50.315] Saved 4096 bytes from buffer to file.
[DBG@21:00:50.315] Added buffer back to pool.
[DBG@21:00:50.564] Saving buffer 9.
[DBG@21:00:50.565] Saved 4096 bytes from buffer to file.
[DBG@21:00:50.565] Added buffer back to pool.
[DBG@21:00:50.824] Saving buffer 10.
[DBG@21:00:50.825] Saved 4096 bytes from buffer to file.
[DBG@21:00:50.825] Added buffer back to pool.
[DBG@21:00:51.084] Saving buffer 11.
[DBG@21:00:51.085] Saved 4096 bytes from buffer to file.
[DBG@21:00:51.085] Added buffer back to pool.
[DBG@21:00:51.334] Saving buffer 12.
[DBG@21:00:51.334] Saved 4096 bytes from buffer to file.
[DBG@21:00:51.335] Added buffer back to pool.
[DBG@21:00:51.594] Saving buffer 13.
[DBG@21:00:51.594] Saved 4096 bytes from buffer to file.
[DBG@21:00:51.595] Added buffer back to pool.
[DBG@21:00:51.844] Saving buffer 14.
[DBG@21:00:51.844] Saved 4096 bytes from buffer to file.
[DBG@21:00:51.845] Added buffer back to pool.
[DBG@21:00:52.104] Saving buffer 15.
[DBG@21:00:52.104] Saved 4096 bytes from buffer to file.
[DBG@21:00:52.105] Added buffer back to pool.
[DBG@21:00:52.364] Saving buffer 0.
[DBG@21:00:52.365] Saved 4096 bytes from buffer to file.
[DBG@21:00:52.365] Added buffer back to pool.
[DBG@21:00:52.614] Saving buffer 1.
[DBG@21:00:52.614] Saved 4096 bytes from buffer to file.
[DBG@21:00:52.615] Added buffer back to pool.
[DBG@21:00:52.874] Saving buffer 2.
[DBG@21:00:52.874] Saved 4096 bytes from buffer to file.
[DBG@21:00:52.875] Added buffer back to pool.
[DBG@21:00:53.124] Saving buffer 3.
[DBG@21:00:53.124] Saved 4096 bytes from buffer to file.
[DBG@21:00:53.125] Added buffer back to pool.
[DBG@21:00:53.384] Saving buffer 4.
[DBG@21:00:53.385] Saved 4096 bytes from buffer to file.
[DBG@21:00:53.385] Added buffer back to pool.
[DBG@21:00:53.644] Saving buffer 5.
[DBG@21:00:53.645] Saved 4096 bytes from buffer to file.
[DBG@21:00:53.645] Added buffer back to pool.
[DBG@21:00:53.894] Saving buffer 6.
[DBG@21:00:53.895] Saved 4096 bytes from buffer to file.
[DBG@21:00:53.895] Added buffer back to pool.
[DBG@21:00:54.154] Saving buffer 7.
[DBG@21:00:54.154] Saved 4096 bytes from buffer to file.
[DBG@21:00:54.155] Added buffer back to pool.
[DBG@21:00:54.404] Saving buffer 8.
[DBG@21:00:54.405] Saved 4096 bytes from buffer to file.
[DBG@21:00:54.405] Added buffer back to pool.
[DBG@21:00:54.664] Saving buffer 9.
[DBG@21:00:54.664] Saved 4096 bytes from buffer to file.
[DBG@21:00:54.665] Added buffer back to pool.
[DBG@21:00:54.924] Saving buffer 10.
[DBG@21:00:54.924] Saved 4096 bytes from buffer to file.
[DBG@21:00:54.925] Added buffer back to pool.
[DBG@21:00:55.174] Saving buffer 11.
[DBG@21:00:55.174] Saved 4096 bytes from buffer to file.
[DBG@21:00:55.175] Added buffer back to pool.
[DBG@21:00:55.434] Saving buffer 12.
[DBG@21:00:55.434] Saved 4096 bytes from buffer to file.
[DBG@21:00:55.434] Added buffer back to pool.
[DBG@21:00:55.684] Saving buffer 13.
[DBG@21:00:55.684] Saved 4096 bytes from buffer to file.
[DBG@21:00:55.684] Added buffer back to pool.
[DBG@21:00:55.944] Saving buffer 14.
[DBG@21:00:55.944] Saved 4096 bytes from buffer to file.
[DBG@21:00:55.944] Added buffer back to pool.
[DBG@21:00:56.204] Saving buffer 15.
[DBG@21:00:56.204] Saved 4096 bytes from buffer to file.
[DBG@21:00:56.204] Added buffer back to pool.
[DBG@21:00:56.454] Saving buffer 0.
[DBG@21:00:56.455] Saved 4096 bytes from buffer to file.
[DBG@21:00:56.455] Added buffer back to pool.
[DBG@21:00:56.714] Saving buffer 1.
[DBG@21:00:56.714] Saved 4096 bytes from buffer to file.
[DBG@21:00:56.714] Added buffer back to pool.
[DBG@21:00:56.964] Saving buffer 2.
[DBG@21:00:56.964] Saved 4096 bytes from buffer to file.
[DBG@21:00:56.964] Added buffer back to pool.
[DBG@21:00:57.224] Saving buffer 3.
[DBG@21:00:57.224] Saved 4096 bytes from buffer to file.
[DBG@21:00:57.224] Added buffer back to pool.
[DBG@21:00:57.484] Saving buffer 4.
[DBG@21:00:57.484] Saved 4096 bytes from buffer to file.
[DBG@21:00:57.484] Added buffer back to pool.
[DBG@21:00:57.734] Saving buffer 5.
[DBG@21:00:57.734] Saved 4096 bytes from buffer to file.
[DBG@21:00:57.734] Added buffer back to pool.
[DBG@21:00:57.994] Saving buffer 6.
[DBG@21:00:57.994] Saved 4096 bytes from buffer to file.
[DBG@21:00:57.994] Added buffer back to pool.
[DBG@21:00:58.244] Saving buffer 7.
[DBG@21:00:58.244] Saved 4096 bytes from buffer to file.
[DBG@21:00:58.244] Added buffer back to pool.
[DBG@21:00:58.504] Saving buffer 8.
[DBG@21:00:58.504] Saved 4096 bytes from buffer to file.
[DBG@21:00:58.504] Added buffer back to pool.
[DBG@21:00:58.764] Saving buffer 9.
[DBG@21:00:58.764] Saved 4096 bytes from buffer to file.
[DBG@21:00:58.764] Added buffer back to pool.
[DBG@21:00:59.014] Saving buffer 10.
[DBG@21:00:59.014] Saved 4096 bytes from buffer to file.
[DBG@21:00:59.014] Added buffer back to pool.
[DBG@21:00:59.274] Saving buffer 11.
[DBG@21:00:59.275] Saved 4096 bytes from buffer to file.
[DBG@21:00:59.275] Added buffer back to pool.
[DBG@21:00:59.524] Saving buffer 12.
[DBG@21:00:59.524] Saved 4096 bytes from buffer to file.
[DBG@21:00:59.525] Added buffer back to pool.
[DBG@21:00:59.784] Saving buffer 13.
[DBG@21:00:59.784] Saved 4096 bytes from buffer to file.
[DBG@21:00:59.785] Added buffer back to pool.
[DBG@21:01:00.044] Saving buffer 14.
[DBG@21:01:00.044] Saved 4096 bytes from buffer to file.
[DBG@21:01:00.044] Added buffer back to pool.
[DBG@21:01:00.294] Saving buffer 15.
[DBG@21:01:00.294] Saved 4096 bytes from buffer to file.
[DBG@21:01:00.294] Added buffer back to pool.
[DBG@21:01:00.554] Saving buffer 0.
[DBG@21:01:00.555] Saved 4096 bytes from buffer to file.
[DBG@21:01:00.555] Added buffer back to pool.
[DBG@21:01:00.804] Saving buffer 1.
[DBG@21:01:00.804] Saved 4096 bytes from buffer to file.
[DBG@21:01:00.804] Added buffer back to pool.
[DBG@21:01:01.064] Saving buffer 2.
[DBG@21:01:01.064] Saved 4096 bytes from buffer to file.
[DBG@21:01:01.064] Added buffer back to pool.
[DBG@21:01:01.324] Saving buffer 3.
[DBG@21:01:01.324] Saved 4096 bytes from buffer to file.
[DBG@21:01:01.324] Added buffer back to pool.
[DBG@21:01:01.574] Saving buffer 4.
[DBG@21:01:01.574] Saved 4096 bytes from buffer to file.
[DBG@21:01:01.575] Added buffer back to pool.
[DBG@21:01:01.834] Saving buffer 5.
[DBG@21:01:01.834] Saved 4096 bytes from buffer to file.
[DBG@21:01:01.834] Added buffer back to pool.
[DBG@21:01:02.084] Saving buffer 6.
[DBG@21:01:02.084] Saved 4096 bytes from buffer to file.
[DBG@21:01:02.084] Added buffer back to pool.
[DBG@21:01:02.344] Saving buffer 7.
[DBG@21:01:02.344] Saved 4096 bytes from buffer to file.
[DBG@21:01:02.344] Added buffer back to pool.
[DBG@21:01:02.604] Saving buffer 8.
[DBG@21:01:02.604] Saved 4096 bytes from buffer to file.
[DBG@21:01:02.605] Added buffer back to pool.
[DBG@21:01:02.854] Saving buffer 9.
[DBG@21:01:02.854] Saved 4096 bytes from buffer to file.
[DBG@21:01:02.854] Added buffer back to pool.
[DBG@21:01:03.114] Saving buffer 10.
[DBG@21:01:03.114] Saved 4096 bytes from buffer to file.
[DBG@21:01:03.114] Added buffer back to pool.
[DBG@21:01:03.364] Saving buffer 11.
[DBG@21:01:03.364] Saved 4096 bytes from buffer to file.
[DBG@21:01:03.365] Added buffer back to pool.
[DBG@21:01:03.624] Saving buffer 12.
[DBG@21:01:03.624] Saved 4096 bytes from buffer to file.
[DBG@21:01:03.624] Added buffer back to pool.
[DBG@21:01:03.884] Saving buffer 13.
[DBG@21:01:03.884] Saved 4096 bytes from buffer to file.
[DBG@21:01:03.884] Added buffer back to pool.
[DBG@21:01:04.134] Saving buffer 14.
[DBG@21:01:04.134] Saved 4096 bytes from buffer to file.
[DBG@21:01:04.134] Added buffer back to pool.
[DBG@21:01:04.394] Saving buffer 15.
[DBG@21:01:04.394] Saved 4096 bytes from buffer to file.
[DBG@21:01:04.394] Added buffer back to pool.
[DBG@21:01:04.644] Saving buffer 0.
[DBG@21:01:04.644] Saved 4096 bytes from buffer to file.
[DBG@21:01:04.644] Added buffer back to pool.
[DBG@21:01:04.904] Saving buffer 1.
[DBG@21:01:04.904] Saved 4096 bytes from buffer to file.
[DBG@21:01:04.904] Added buffer back to pool.
[DBG@21:01:05.164] Saving buffer 2.
[DBG@21:01:05.164] Saved 4096 bytes from buffer to file.
[DBG@21:01:05.164] Added buffer back to pool.
[DBG@21:01:05.414] Saving buffer 3.
[DBG@21:01:05.414] Saved 4096 bytes from buffer to file.
[DBG@21:01:05.414] Added buffer back to pool.
[DBG@21:01:05.674] Saving buffer 4.
[DBG@21:01:05.674] Saved 4096 bytes from buffer to file.
[DBG@21:01:05.674] Added buffer back to pool.
[DBG@21:01:05.924] Saving buffer 5.
[DBG@21:01:05.924] Saved 4096 bytes from buffer to file.
[DBG@21:01:05.924] Added buffer back to pool.
[DBG@21:01:06.184] Saving buffer 6.
[DBG@21:01:06.184] Saved 4096 bytes from buffer to file.
[DBG@21:01:06.184] Added buffer back to pool.
[DBG@21:01:06.444] Saving buffer 7.
[DBG@21:01:06.444] Saved 4096 bytes from buffer to file.
[DBG@21:01:06.444] Added buffer back to pool.
[DBG@21:01:06.694] Saving buffer 8.
[DBG@21:01:06.694] Saved 4096 bytes from buffer to file.
[DBG@21:01:06.694] Added buffer back to pool.
[DBG@21:01:06.954] Saving buffer 9.
[DBG@21:01:06.954] Saved 4096 bytes from buffer to file.
[DBG@21:01:06.954] Added buffer back to pool.
[DBG@21:01:07.204] Saving buffer 10.
[DBG@21:01:07.204] Saved 4096 bytes from buffer to file.
[DBG@21:01:07.204] Added buffer back to pool.
[DBG@21:01:07.464] Saving buffer 11.
[DBG@21:01:07.464] Saved 4096 bytes from buffer to file.
[DBG@21:01:07.464] Added buffer back to pool.
[DBG@21:01:07.724] Saving buffer 12.
[DBG@21:01:07.724] Saved 4096 bytes from buffer to file.
[DBG@21:01:07.724] Added buffer back to pool.
[DBG@21:01:07.974] Saving buffer 13.
[DBG@21:01:07.974] Saved 4096 bytes from buffer to file.
[DBG@21:01:07.974] Added buffer back to pool.
[DBG@21:01:08.234] Saving buffer 14.
[DBG@21:01:08.234] Saved 4096 bytes from buffer to file.
[DBG@21:01:08.234] Added buffer back to pool.
[DBG@21:01:08.484] Saving buffer 15.
[DBG@21:01:08.484] Saved 4096 bytes from buffer to file.
[DBG@21:01:08.484] Added buffer back to pool.
[DBG@21:01:08.744] Saving buffer 0.
[DBG@21:01:08.744] Saved 4096 bytes from buffer to file.
[DBG@21:01:08.744] Added buffer back to pool.
[DBG@21:01:09.004] Saving buffer 1.
[DBG@21:01:09.004] Saved 4096 bytes from buffer to file.
[DBG@21:01:09.004] Added buffer back to pool.
[DBG@21:01:09.254] Saving buffer 2.
[DBG@21:01:09.254] Saved 4096 bytes from buffer to file.
[DBG@21:01:09.254] Added buffer back to pool.
[DBG@21:01:09.514] Saving buffer 3.
[DBG@21:01:09.514] Saved 4096 bytes from buffer to file.
[DBG@21:01:09.514] Added buffer back to pool.
[DBG@21:01:09.764] Saving buffer 4.
[DBG@21:01:09.764] Saved 4096 bytes from buffer to file.
[DBG@21:01:09.764] Added buffer back to pool.
[DBG@21:01:10.024] Saving buffer 5.
[DBG@21:01:10.024] Saved 4096 bytes from buffer to file.
[DBG@21:01:10.024] Added buffer back to pool.
[DBG@21:01:10.284] Saving buffer 6.
[DBG@21:01:10.284] Saved 4096 bytes from buffer to file.
[DBG@21:01:10.284] Added buffer back to pool.
[DBG@21:01:10.534] Saving buffer 7.
[DBG@21:01:10.534] Saved 4096 bytes from buffer to file.
[DBG@21:01:10.534] Added buffer back to pool.
[DBG@21:01:10.794] Saving buffer 8.
[DBG@21:01:10.794] Saved 4096 bytes from buffer to file.
[DBG@21:01:10.794] Added buffer back to pool.
[DBG@21:01:11.044] Saving buffer 9.
[DBG@21:01:11.044] Saved 4096 bytes from buffer to file.
[DBG@21:01:11.044] Added buffer back to pool.
[DBG@21:01:11.304] Saving buffer 10.
[DBG@21:01:11.304] Saved 4096 bytes from buffer to file.
[DBG@21:01:11.304] Added buffer back to pool.
[DBG@21:01:11.564] Saving buffer 11.
[DBG@21:01:11.564] Saved 4096 bytes from buffer to file.
[DBG@21:01:11.564] Added buffer back to pool.
[DBG@21:01:11.814] Saving buffer 12.
[DBG@21:01:11.814] Saved 4096 bytes from buffer to file.
[DBG@21:01:11.814] Added buffer back to pool.
[DBG@21:01:12.074] Saving buffer 13.
[DBG@21:01:12.074] Saved 4096 bytes from buffer to file.
[DBG@21:01:12.074] Added buffer back to pool.
[DBG@21:01:12.324] Saving buffer 14.
[DBG@21:01:12.324] Saved 4096 bytes from buffer to file.
[DBG@21:01:12.324] Added buffer back to pool.
[DBG@21:01:12.584] Saving buffer 15.
[DBG@21:01:12.584] Saved 4096 bytes from buffer to file.
[DBG@21:01:12.584] Added buffer back to pool.
[DBG@21:01:12.844] Saving buffer 0.
[DBG@21:01:12.844] Saved 4096 bytes from buffer to file.
[DBG@21:01:12.844] Added buffer back to pool.
[DBG@21:01:13.094] Saving buffer 1.
[DBG@21:01:13.094] Saved 4096 bytes from buffer to file.
[DBG@21:01:13.094] Added buffer back to pool.
[DBG@21:01:13.353] Saving buffer 2.
[DBG@21:01:13.354] Saved 4096 bytes from buffer to file.
[DBG@21:01:13.354] Added buffer back to pool.
[DBG@21:01:13.604] Saving buffer 3.
[DBG@21:01:13.604] Saved 4096 bytes from buffer to file.
[DBG@21:01:13.604] Added buffer back to pool.
[DBG@21:01:13.864] Saving buffer 4.
[DBG@21:01:13.864] Saved 4096 bytes from buffer to file.
[DBG@21:01:13.864] Added buffer back to pool.
[DBG@21:01:14.123] Saving buffer 5.
[DBG@21:01:14.124] Saved 4096 bytes from buffer to file.
[DBG@21:01:14.124] Added buffer back to pool.
[DBG@21:01:14.373] Saving buffer 6.
[DBG@21:01:14.374] Saved 4096 bytes from buffer to file.
[DBG@21:01:14.374] Added buffer back to pool.
[DBG@21:01:14.633] Saving buffer 7.
[DBG@21:01:14.634] Saved 4096 bytes from buffer to file.
[DBG@21:01:14.634] Added buffer back to pool.
[DBG@21:01:14.883] Saving buffer 8.
[DBG@21:01:14.884] Saved 4096 bytes from buffer to file.
[DBG@21:01:14.884] Added buffer back to pool.
[DBG@21:01:15.143] Saving buffer 9.
[DBG@21:01:15.144] Saved 4096 bytes from buffer to file.
[DBG@21:01:15.144] Added buffer back to pool.
[DBG@21:01:15.404] Saving buffer 10.
[DBG@21:01:15.404] Saved 4096 bytes from buffer to file.
[DBG@21:01:15.404] Added buffer back to pool.
[DBG@21:01:15.654] Saving buffer 11.
[DBG@21:01:15.654] Saved 4096 bytes from buffer to file.
[DBG@21:01:15.654] Added buffer back to pool.
[DBG@21:01:15.913] Saving buffer 12.
[DBG@21:01:15.914] Saved 4096 bytes from buffer to file.
[DBG@21:01:15.914] Added buffer back to pool.
[DBG@21:01:16.163] Saving buffer 13.
[DBG@21:01:16.164] Saved 4096 bytes from buffer to file.
[DBG@21:01:16.164] Added buffer back to pool.
[DBG@21:01:16.423] Saving buffer 14.
[DBG@21:01:16.424] Saved 4096 bytes from buffer to file.
[DBG@21:01:16.424] Added buffer back to pool.
[DBG@21:01:16.683] Saving buffer 15.
[DBG@21:01:16.684] Saved 4096 bytes from buffer to file.
[DBG@21:01:16.684] Added buffer back to pool.
[DBG@21:01:16.933] Saving buffer 0.
[DBG@21:01:16.934] Saved 4096 bytes from buffer to file.
[DBG@21:01:16.934] Added buffer back to pool.
[DBG@21:01:17.193] Saving buffer 1.
[DBG@21:01:17.193] Saved 4096 bytes from buffer to file.
[DBG@21:01:17.194] Added buffer back to pool.
[DBG@21:01:17.443] Saving buffer 2.
[DBG@21:01:17.443] Saved 4096 bytes from buffer to file.
[DBG@21:01:17.444] Added buffer back to pool.
[DBG@21:01:17.703] Saving buffer 3.
[DBG@21:01:17.703] Saved 4096 bytes from buffer to file.
[DBG@21:01:17.704] Added buffer back to pool.
[DBG@21:01:17.963] Saving buffer 4.
[DBG@21:01:17.963] Saved 4096 bytes from buffer to file.
[DBG@21:01:17.964] Added buffer back to pool.
[DBG@21:01:18.213] Saving buffer 5.
[DBG@21:01:18.213] Saved 4096 bytes from buffer to file.
[DBG@21:01:18.214] Added buffer back to pool.
[DBG@21:01:18.473] Saving buffer 6.
[DBG@21:01:18.473] Saved 4096 bytes from buffer to file.
[DBG@21:01:18.474] Added buffer back to pool.
[DBG@21:01:18.723] Saving buffer 7.
[DBG@21:01:18.723] Saved 4096 bytes from buffer to file.
[DBG@21:01:18.724] Added buffer back to pool.
[DBG@21:01:18.983] Saving buffer 8.
[DBG@21:01:18.983] Saved 4096 bytes from buffer to file.
[DBG@21:01:18.984] Added buffer back to pool.
[DBG@21:01:19.243] Saving buffer 9.
[DBG@21:01:19.243] Saved 4096 bytes from buffer to file.
[DBG@21:01:19.244] Added buffer back to pool.
[DBG@21:01:19.493] Saving buffer 10.
[DBG@21:01:19.493] Saved 4096 bytes from buffer to file.
[DBG@21:01:19.494] Added buffer back to pool.
[DBG@21:01:19.753] Saving buffer 11.
[DBG@21:01:19.753] Saved 4096 bytes from buffer to file.
[DBG@21:01:19.753] Added buffer back to pool.
[DBG@21:01:20.003] Saving buffer 12.
[DBG@21:01:20.004] Saved 4096 bytes from buffer to file.
[DBG@21:01:20.004] Added buffer back to pool.
[DBG@21:01:20.263] Saving buffer 13.
[DBG@21:01:20.264] Saved 4096 bytes from buffer to file.
[DBG@21:01:20.264] Added buffer back to pool.
[DBG@21:01:20.523] Saving buffer 14.
[DBG@21:01:20.524] Saved 4096 bytes from buffer to file.
[DBG@21:01:20.524] Added buffer back to pool.
[DBG@21:01:20.773] Saving buffer 15.
[DBG@21:01:20.773] Saved 4096 bytes from buffer to file.
[DBG@21:01:20.773] Added buffer back to pool.
[DBG@21:01:21.033] Saving buffer 0.
[DBG@21:01:21.034] Saved 4096 bytes from buffer to file.
[DBG@21:01:21.034] Added buffer back to pool.
[DBG@21:01:21.283] Saving buffer 1.
[DBG@21:01:21.283] Saved 4096 bytes from buffer to file.
[DBG@21:01:21.283] Added buffer back to pool.
[DBG@21:01:21.543] Saving buffer 2.
[DBG@21:01:21.543] Saved 4096 bytes from buffer to file.
[DBG@21:01:21.543] Added buffer back to pool.
[DBG@21:01:21.803] Saving buffer 3.
[DBG@21:01:21.803] Saved 4096 bytes from buffer to file.
[DBG@21:01:21.803] Added buffer back to pool.
[DBG@21:01:22.053] Saving buffer 4.
[DBG@21:01:22.053] Saved 4096 bytes from buffer to file.
[DBG@21:01:22.053] Added buffer back to pool.
[DBG@21:01:22.313] Saving buffer 5.
[DBG@21:01:22.313] Saved 4096 bytes from buffer to file.
[DBG@21:01:22.313] Added buffer back to pool.
[DBG@21:01:22.563] Saving buffer 6.
[DBG@21:01:22.563] Saved 4096 bytes from buffer to file.
[DBG@21:01:22.563] Added buffer back to pool.
[DBG@21:01:22.823] Saving buffer 7.
[DBG@21:01:22.823] Saved 4096 bytes from buffer to file.
[DBG@21:01:22.823] Added buffer back to pool.
[DBG@21:01:23.083] Saving buffer 8.
[DBG@21:01:23.083] Saved 4096 bytes from buffer to file.
[DBG@21:01:23.083] Added buffer back to pool.
[DBG@21:01:23.333] Saving buffer 9.
[DBG@21:01:23.333] Saved 4096 bytes from buffer to file.
[DBG@21:01:23.333] Added buffer back to pool.
[DBG@21:01:23.593] Saving buffer 10.
[DBG@21:01:23.593] Saved 4096 bytes from buffer to file.
[DBG@21:01:23.593] Added buffer back to pool.
[DBG@21:01:23.843] Saving buffer 11.
[DBG@21:01:23.843] Saved 4096 bytes from buffer to file.
[DBG@21:01:23.843] Added buffer back to pool.
[DBG@21:01:24.103] Saving buffer 12.
[DBG@21:01:24.103] Saved 4096 bytes from buffer to file.
[DBG@21:01:24.103] Added buffer back to pool.
[DBG@21:01:24.363] Saving buffer 13.
[DBG@21:01:24.363] Saved 4096 bytes from buffer to file.
[DBG@21:01:24.364] Added buffer back to pool.
[DBG@21:01:24.613] Saving buffer 14.
[DBG@21:01:24.613] Saved 4096 bytes from buffer to file.
[DBG@21:01:24.613] Added buffer back to pool.
[DBG@21:01:24.873] Saving buffer 15.
[DBG@21:01:24.873] Saved 4096 bytes from buffer to file.
[DBG@21:01:24.873] Added buffer back to pool.
[DBG@21:01:25.123] Saving buffer 0.
[DBG@21:01:25.123] Saved 4096 bytes from buffer to file.
[DBG@21:01:25.124] Added buffer back to pool.
[DBG@21:01:25.383] Saving buffer 1.
[DBG@21:01:25.383] Saved 4096 bytes from buffer to file.
[DBG@21:01:25.383] Added buffer back to pool.
[DBG@21:01:25.643] Saving buffer 2.
[DBG@21:01:25.643] Saved 4096 bytes from buffer to file.
[DBG@21:01:25.643] Added buffer back to pool.
[DBG@21:01:25.893] Saving buffer 3.
[DBG@21:01:25.893] Saved 4096 bytes from buffer to file.
[DBG@21:01:25.893] Added buffer back to pool.
[DBG@21:01:26.153] Saving buffer 4.
[DBG@21:01:26.153] Saved 4096 bytes from buffer to file.
[DBG@21:01:26.153] Added buffer back to pool.
[DBG@21:01:26.403] Saving buffer 5.
[DBG@21:01:26.403] Saved 4096 bytes from buffer to file.
[DBG@21:01:26.403] Added buffer back to pool.
[DBG@21:01:26.663] Saving buffer 6.
[DBG@21:01:26.663] Saved 4096 bytes from buffer to file.
[DBG@21:01:26.663] Added buffer back to pool.
[DBG@21:01:26.923] Saving buffer 7.
[DBG@21:01:26.923] Saved 4096 bytes from buffer to file.
[DBG@21:01:26.923] Added buffer back to pool.
[DBG@21:01:27.173] Saving buffer 8.
[DBG@21:01:27.173] Saved 4096 bytes from buffer to file.
[DBG@21:01:27.173] Added buffer back to pool.
[DBG@21:01:27.433] Saving buffer 9.
[DBG@21:01:27.433] Saved 4096 bytes from buffer to file.
[DBG@21:01:27.433] Added buffer back to pool.
[DBG@21:01:27.683] Saving buffer 10.
[DBG@21:01:27.683] Saved 4096 bytes from buffer to file.
[DBG@21:01:27.683] Added buffer back to pool.
[DBG@21:01:27.943] Saving buffer 11.
[DBG@21:01:27.943] Saved 4096 bytes from buffer to file.
[DBG@21:01:27.943] Added buffer back to pool.
[DBG@21:01:28.203] Saving buffer 12.
[DBG@21:01:28.203] Saved 4096 bytes from buffer to file.
[DBG@21:01:28.203] Added buffer back to pool.
[DBG@21:01:28.453] Saving buffer 13.
[DBG@21:01:28.453] Saved 4096 bytes from buffer to file.
[DBG@21:01:28.454] Added buffer back to pool.
[DBG@21:01:28.713] Saving buffer 14.
[DBG@21:01:28.713] Saved 4096 bytes from buffer to file.
[DBG@21:01:28.713] Added buffer back to pool.
[DBG@21:01:28.963] Saving buffer 15.
[DBG@21:01:28.963] Saved 4096 bytes from buffer to file.
[DBG@21:01:28.963] Added buffer back to pool.
[DBG@21:01:29.223] Saving buffer 0.
[DBG@21:01:29.224] Saved 4096 bytes from buffer to file.
[DBG@21:01:29.224] Added buffer back to pool.
[DBG@21:01:29.483] Saving buffer 1.
[DBG@21:01:29.483] Saved 4096 bytes from buffer to file.
[DBG@21:01:29.483] Added buffer back to pool.
[DBG@21:01:29.733] Saving buffer 2.
[DBG@21:01:29.733] Saved 4096 bytes from buffer to file.
[DBG@21:01:29.734] Added buffer back to pool.
[DBG@21:01:29.993] Saving buffer 3.
[DBG@21:01:29.993] Saved 4096 bytes from buffer to file.
[DBG@21:01:29.993] Added buffer back to pool.
[DBG@21:01:30.243] Saving buffer 4.
[DBG@21:01:30.243] Saved 4096 bytes from buffer to file.
[DBG@21:01:30.243] Added buffer back to pool.
[DBG@21:01:30.503] Saving buffer 5.
[DBG@21:01:30.503] Saved 4096 bytes from buffer to file.
[DBG@21:01:30.503] Added buffer back to pool.
[DBG@21:01:30.763] Saving buffer 6.
[DBG@21:01:30.763] Saved 4096 bytes from buffer to file.
[DBG@21:01:30.763] Added buffer back to pool.
[DBG@21:01:31.013] Saving buffer 7.
[DBG@21:01:31.013] Saved 4096 bytes from buffer to file.
[DBG@21:01:31.013] Added buffer back to pool.
[DBG@21:01:31.273] Saving buffer 8.
[DBG@21:01:31.273] Saved 4096 bytes from buffer to file.
[DBG@21:01:31.273] Added buffer back to pool.
[DBG@21:01:31.523] Saving buffer 9.
[DBG@21:01:31.523] Saved 4096 bytes from buffer to file.
[DBG@21:01:31.523] Added buffer back to pool.
[DBG@21:01:31.783] Saving buffer 10.
[DBG@21:01:31.783] Saved 4096 bytes from buffer to file.
[DBG@21:01:31.783] Added buffer back to pool.
[DBG@21:01:32.043] Saving buffer 11.
[DBG@21:01:32.043] Saved 4096 bytes from buffer to file.
[DBG@21:01:32.043] Added buffer back to pool.
[DBG@21:01:32.293] Saving buffer 12.
[DBG@21:01:32.293] Saved 4096 bytes from buffer to file.
[DBG@21:01:32.293] Added buffer back to pool.
[DBG@21:01:32.553] Saving buffer 13.
[DBG@21:01:32.553] Saved 4096 bytes from buffer to file.
[DBG@21:01:32.553] Added buffer back to pool.
[DBG@21:01:32.803] Saving buffer 14.
[DBG@21:01:32.803] Saved 4096 bytes from buffer to file.
[DBG@21:01:32.803] Added buffer back to pool.
[DBG@21:01:33.063] Saving buffer 15.
[DBG@21:01:33.063] Saved 4096 bytes from buffer to file.
[DBG@21:01:33.063] Added buffer back to pool.
[DBG@21:01:33.323] Saving buffer 0.
[DBG@21:01:33.324] Saved 4096 bytes from buffer to file.
[DBG@21:01:33.324] Added buffer back to pool.
[DBG@21:01:33.573] Saving buffer 1.
[DBG@21:01:33.573] Saved 4096 bytes from buffer to file.
[DBG@21:01:33.573] Added buffer back to pool.
[DBG@21:01:33.833] Saving buffer 2.
[DBG@21:01:33.833] Saved 4096 bytes from buffer to file.
[DBG@21:01:33.833] Added buffer back to pool.
[DBG@21:01:34.083] Saving buffer 3.
[DBG@21:01:34.083] Saved 4096 bytes from buffer to file.
[DBG@21:01:34.083] Added buffer back to pool.
[DBG@21:01:34.343] Saving buffer 4.
[DBG@21:01:34.343] Saved 4096 bytes from buffer to file.
[DBG@21:01:34.343] Added buffer back to pool.
[DBG@21:01:34.603] Saving buffer 5.
[DBG@21:01:34.603] Saved 4096 bytes from buffer to file.
[DBG@21:01:34.603] Added buffer back to pool.
[DBG@21:01:34.853] Saving buffer 6.
[DBG@21:01:34.853] Saved 4096 bytes from buffer to file.
[DBG@21:01:34.853] Added buffer back to pool.
[DBG@21:01:35.113] Saving buffer 7.
[DBG@21:01:35.113] Saved 4096 bytes from buffer to file.
[DBG@21:01:35.113] Added buffer back to pool.
[DBG@21:01:35.363] Saving buffer 8.
[DBG@21:01:35.363] Saved 4096 bytes from buffer to file.
[DBG@21:01:35.363] Added buffer back to pool.
[DBG@21:01:35.623] Saving buffer 9.
[DBG@21:01:35.623] Saved 4096 bytes from buffer to file.
[DBG@21:01:35.623] Added buffer back to pool.
[DBG@21:01:35.883] Saving buffer 10.
[DBG@21:01:35.883] Saved 4096 bytes from buffer to file.
[DBG@21:01:35.883] Added buffer back to pool.
[DBG@21:01:36.133] Saving buffer 11.
[DBG@21:01:36.133] Saved 4096 bytes from buffer to file.
[DBG@21:01:36.133] Added buffer back to pool.
[DBG@21:01:36.393] Saving buffer 12.
[DBG@21:01:36.393] Saved 4096 bytes from buffer to file.
[DBG@21:01:36.393] Added buffer back to pool.
[DBG@21:01:36.643] Saving buffer 13.
[DBG@21:01:36.643] Saved 4096 bytes from buffer to file.
[DBG@21:01:36.643] Added buffer back to pool.
[DBG@21:01:36.903] Saving buffer 14.
[DBG@21:01:36.903] Saved 4096 bytes from buffer to file.
[DBG@21:01:36.903] Added buffer back to pool.
[DBG@21:01:37.163] Saving buffer 15.
[DBG@21:01:37.163] Saved 4096 bytes from buffer to file.
[DBG@21:01:37.163] Added buffer back to pool.
[DBG@21:01:37.413] Saving buffer 0.
[DBG@21:01:37.413] Saved 4096 bytes from buffer to file.
[DBG@21:01:37.413] Added buffer back to pool.
[DBG@21:01:37.673] Saving buffer 1.
[DBG@21:01:37.673] Saved 4096 bytes from buffer to file.
[DBG@21:01:37.673] Added buffer back to pool.
[DBG@21:01:37.923] Saving buffer 2.
[DBG@21:01:37.923] Saved 4096 bytes from buffer to file.
[DBG@21:01:37.923] Added buffer back to pool.
[DBG@21:01:38.183] Saving buffer 3.
[DBG@21:01:38.183] Saved 4096 bytes from buffer to file.
[DBG@21:01:38.183] Added buffer back to pool.
[DBG@21:01:38.442] Saving buffer 4.
[DBG@21:01:38.443] Saved 4096 bytes from buffer to file.
[DBG@21:01:38.443] Added buffer back to pool.
[DBG@21:01:38.693] Saving buffer 5.
[DBG@21:01:38.693] Saved 4096 bytes from buffer to file.
[DBG@21:01:38.693] Added buffer back to pool.
[DBG@21:01:38.953] Saving buffer 6.
[DBG@21:01:38.953] Saved 4096 bytes from buffer to file.
[DBG@21:01:38.974] Added buffer back to pool.
[DBG@21:01:39.203] Saving buffer 7.
[DBG@21:01:39.203] Saved 4096 bytes from buffer to file.
[DBG@21:01:39.203] Added buffer back to pool.
[DBG@21:01:39.463] Saving buffer 8.
[DBG@21:01:39.463] Saved 4096 bytes from buffer to file.
[DBG@21:01:39.463] Added buffer back to pool.
[DBG@21:01:39.723] Saving buffer 9.
[DBG@21:01:39.723] Saved 4096 bytes from buffer to file.
[DBG@21:01:39.723] Added buffer back to pool.
[DBG@21:01:39.973] Saving buffer 10.
[DBG@21:01:39.973] Saved 4096 bytes from buffer to file.
[DBG@21:01:39.973] Added buffer back to pool.
[DBG@21:01:40.233] Saving buffer 11.
[DBG@21:01:40.233] Saved 4096 bytes from buffer to file.
[DBG@21:01:40.233] Added buffer back to pool.
[DBG@21:01:40.483] Saving buffer 12.
[DBG@21:01:40.483] Saved 4096 bytes from buffer to file.
[DBG@21:01:40.483] Added buffer back to pool.
[DBG@21:01:40.742] Saving buffer 13.
[DBG@21:01:40.743] Saved 4096 bytes from buffer to file.
[DBG@21:01:40.743] Added buffer back to pool.
[DBG@21:01:41.002] Saving buffer 14.
[DBG@21:01:41.003] Saved 4096 bytes from buffer to file.
[DBG@21:01:41.003] Added buffer back to pool.
[DBG@21:01:41.253] Saving buffer 15.
[DBG@21:01:41.253] Saved 4096 bytes from buffer to file.
[DBG@21:01:41.253] Added buffer back to pool.
[DBG@21:01:41.513] Saving buffer 0.
[DBG@21:01:41.513] Saved 4096 bytes from buffer to file.
[DBG@21:01:41.513] Added buffer back to pool.
[DBG@21:01:41.762] Saving buffer 1.
[DBG@21:01:41.763] Saved 4096 bytes from buffer to file.
[DBG@21:01:41.865] Added buffer back to pool.
[DBG@21:01:42.022] Saving buffer 2.
[DBG@21:01:42.023] Saved 4096 bytes from buffer to file.
[DBG@21:01:42.023] Added buffer back to pool.
[DBG@21:01:42.282] Saving buffer 3.
[DBG@21:01:42.283] Saved 4096 bytes from buffer to file.
[DBG@21:01:42.286] Added buffer back to pool.
[DBG@21:01:42.533] Saving buffer 4.
[DBG@21:01:42.533] Saved 4096 bytes from buffer to file.
[DBG@21:01:42.533] Added buffer back to pool.
[DBG@21:01:42.792] Saving buffer 5.
[DBG@21:01:42.793] Saved 4096 bytes from buffer to file.
[DBG@21:01:42.793] Added buffer back to pool.
[DBG@21:01:43.042] Saving buffer 6.
[DBG@21:01:43.043] Saved 4096 bytes from buffer to file.
[DBG@21:01:43.043] Added buffer back to pool.
[DBG@21:01:43.302] Saving buffer 7.
[DBG@21:01:43.302] Saved 4096 bytes from buffer to file.
[DBG@21:01:43.303] Added buffer back to pool.
[DBG@21:01:43.562] Saving buffer 8.
[DBG@21:01:43.563] Saved 4096 bytes from buffer to file.
[DBG@21:01:43.563] Added buffer back to pool.
[DBG@21:01:43.812] Saving buffer 9.
[DBG@21:01:43.812] Saved 4096 bytes from buffer to file.
[DBG@21:01:43.813] Added buffer back to pool.
[DBG@21:01:44.072] Saving buffer 10.
[DBG@21:01:44.072] Saved 4096 bytes from buffer to file.
[DBG@21:01:44.073] Added buffer back to pool.
[DBG@21:01:44.322] Saving buffer 11.
[DBG@21:01:44.322] Saved 4096 bytes from buffer to file.
[DBG@21:01:44.323] Added buffer back to pool.
[DBG@21:01:44.582] Saving buffer 12.
[DBG@21:01:44.582] Saved 4096 bytes from buffer to file.
[DBG@21:01:44.583] Added buffer back to pool.
[DBG@21:01:44.842] Saving buffer 13.
[DBG@21:01:44.842] Saved 4096 bytes from buffer to file.
[DBG@21:01:44.842] Added buffer back to pool.
[DBG@21:01:45.092] Saving buffer 14.
[DBG@21:01:45.092] Saved 4096 bytes from buffer to file.
[DBG@21:01:45.093] Added buffer back to pool.
[DBG@21:01:45.352] Saving buffer 15.
[DBG@21:01:45.352] Saved 4096 bytes from buffer to file.
[DBG@21:01:45.352] Added buffer back to pool.
[DBG@21:01:45.602] Saving buffer 0.
[DBG@21:01:45.603] Saved 4096 bytes from buffer to file.
[DBG@21:01:45.603] Added buffer back to pool.
[DBG@21:01:45.862] Saving buffer 1.
[DBG@21:01:45.862] Saved 4096 bytes from buffer to file.
[DBG@21:01:45.862] Added buffer back to pool.
[STD@21:01:45.978] Stopping device
[DBG@21:01:45.978] Saving buffer 2.
[DBG@21:01:45.978] Saved 1824 bytes from buffer to file.
[DBG@21:01:45.978] Added buffer back to pool.
[DBG@21:01:45.979] waveInReset (0)
[STD@21:01:45.979] Closing wave file
