Begin utterance: 000
Received 3328 bytes of audio data...
Received 2048 bytes of audio data...
PARTIAL RESULT (000): 
End utterance: 000
FINAL RESULT (000): 
Abort utterance: 000
Begin utterance: 001
Received 3328 bytes of audio data...
Received 1280 bytes of audio data...
PARTIAL RESULT (001): 
End utterance: 001
FINAL RESULT (001): 
Abort utterance: 001
Begin utterance: 002
Received 3328 bytes of audio data...
Received 1408 bytes of audio data...
PARTIAL RESULT (002): 
Received 2560 bytes of audio data...
PARTIAL RESULT (002): 
End utterance: 002
FINAL RESULT (002): 
Abort utterance: 002
Begin utterance: 003
Received 3328 bytes of audio data...
Received 1408 bytes of audio data...
PARTIAL RESULT (003): 
End utterance: 003
FINAL RESULT (003): 
Abort utterance: 003
Begin utterance: 004
Received 3328 bytes of audio data...
Received 1408 bytes of audio data...
PARTIAL RESULT (004): 
Received 2816 bytes of audio data...
PARTIAL RESULT (004): 
End utterance: 004
FINAL RESULT (004): 
Abort utterance: 004
Begin utterance: 005
Received 3328 bytes of audio data...
Received 1280 bytes of audio data...
PARTIAL RESULT (005): 
End utterance: 005
FINAL RESULT (005): 
Abort utterance: 005
Begin utterance: 006
Received 3328 bytes of audio data...
Received 1024 bytes of audio data...
PARTIAL RESULT (006): 
Received 3072 bytes of audio data...
PARTIAL RESULT (006): 
End utterance: 006
FINAL RESULT (006): 
Abort utterance: 006
Begin utterance: 007
Received 3328 bytes of audio data...
Received 1280 bytes of audio data...
PARTIAL RESULT (007): 
End utterance: 007
FINAL RESULT (007): 
Abort utterance: 007
Begin utterance: 008
Received 3328 bytes of audio data...
Received 2304 bytes of audio data...
PARTIAL RESULT (008): 
Received 2432 bytes of audio data...
PARTIAL RESULT (008): 
Received 3072 bytes of audio data...
PARTIAL RESULT (008): 
End utterance: 008
FINAL RESULT (008): 
Abort utterance: 008
Begin utterance: 009
Received 3328 bytes of audio data...
Received 384 bytes of audio data...
PARTIAL RESULT (009): 
Received 2560 bytes of audio data...
PARTIAL RESULT (009): 
Received 2432 bytes of audio data...
PARTIAL RESULT (009): 
Received 1664 bytes of audio data...
PARTIAL RESULT (009): 
End utterance: 009
FINAL RESULT (009): 
Abort utterance: 009
Begin utterance: 010
Received 3328 bytes of audio data...
Received 2176 bytes of audio data...
PARTIAL RESULT (010): 
Received 2560 bytes of audio data...
PARTIAL RESULT (010): 
Received 2432 bytes of audio data...
PARTIAL RESULT (010): 
End utterance: 010
FINAL RESULT (010): 
Abort utterance: 010
Begin utterance: 011
Received 3328 bytes of audio data...
Received 896 bytes of audio data...
PARTIAL RESULT (011): 
Received 2560 bytes of audio data...
PARTIAL RESULT (011): 
Received 2432 bytes of audio data...
PARTIAL RESULT (011): 
Received 1408 bytes of audio data...
PARTIAL RESULT (011): 
End utterance: 011
FINAL RESULT (011): 
Abort utterance: 011
Begin utterance: 012
Received 3328 bytes of audio data...
Received 2048 bytes of audio data...
PARTIAL RESULT (012): 
Received 2432 bytes of audio data...
PARTIAL RESULT (012): 
Received 2048 bytes of audio data...
PARTIAL RESULT (012): 
End utterance: 012
FINAL RESULT (012): 
Abort utterance: 012
Begin utterance: 013
Received 3328 bytes of audio data...
Received 1152 bytes of audio data...
PARTIAL RESULT (013): 
Received 2560 bytes of audio data...
PARTIAL RESULT (013): 
Received 2688 bytes of audio data...
PARTIAL RESULT (013): 
End utterance: 013
FINAL RESULT (013): 
Abort utterance: 013
Begin utterance: 014
Received 3328 bytes of audio data...
Received 512 bytes of audio data...
PARTIAL RESULT (014): 
Received 2560 bytes of audio data...
PARTIAL RESULT (014): 
Received 3328 bytes of audio data...
PARTIAL RESULT (014): 
End utterance: 014
FINAL RESULT (014): 
Abort utterance: 014
Begin utterance: 015
Received 3328 bytes of audio data...
Received 1280 bytes of audio data...
PARTIAL RESULT (015): 
Received 2432 bytes of audio data...
PARTIAL RESULT (015): 
Received 2560 bytes of audio data...
PARTIAL RESULT (015): 
End utterance: 015
FINAL RESULT (015): 
Abort utterance: 015
Begin utterance: 016
Received 3328 bytes of audio data...
Received 1920 bytes of audio data...
PARTIAL RESULT (016): 
Received 2432 bytes of audio data...
PARTIAL RESULT (016): 
Received 2048 bytes of audio data...
PARTIAL RESULT (016): 
End utterance: 016
FINAL RESULT (016): 
Abort utterance: 016
Begin utterance: 017
Received 3328 bytes of audio data...
Received 256 bytes of audio data...
PARTIAL RESULT (017): 
Received 2560 bytes of audio data...
PARTIAL RESULT (017): 
Received 3584 bytes of audio data...
PARTIAL RESULT (017): 
End utterance: 017
FINAL RESULT (017): 
Abort utterance: 017
