[STD@19:28:51.267] Adding buffer 0 to pool
[STD@19:28:51.268] Adding buffer 1 to pool
[STD@19:28:51.268] Adding buffer 2 to pool
[STD@19:28:51.269] Adding buffer 3 to pool
[STD@19:28:51.269] Adding buffer 4 to pool
[STD@19:28:51.269] Adding buffer 5 to pool
[STD@19:28:51.270] Adding buffer 6 to pool
[STD@19:28:51.270] Adding buffer 7 to pool
[STD@19:28:51.270] Adding buffer 8 to pool
[STD@19:28:51.270] Adding buffer 9 to pool
[STD@19:28:51.271] Adding buffer 10 to pool
[STD@19:28:51.272] Adding buffer 11 to pool
[STD@19:28:51.273] Adding buffer 12 to pool
[STD@19:28:51.274] Adding buffer 13 to pool
[STD@19:28:51.274] Adding buffer 14 to pool
[STD@19:28:51.274] Adding buffer 15 to pool
[STD@19:28:51.274] Opening audio file ..\..\logs\LetsGoPublic\20061122\007\LetsGoPublic-20061122-007-input_and_output.raw for output
[STD@19:28:51.276] Starting device
[DBG@19:28:51.537] Saving buffer 0.
[DBG@19:28:51.538] Saved 4096 bytes from buffer to file.
[DBG@19:28:51.539] Added buffer back to pool.
[DBG@19:28:51.797] Saving buffer 1.
[DBG@19:28:51.797] Saved 4096 bytes from buffer to file.
[DBG@19:28:51.797] Added buffer back to pool.
[DBG@19:28:52.047] Saving buffer 2.
[DBG@19:28:52.047] Saved 4096 bytes from buffer to file.
[DBG@19:28:52.047] Added buffer back to pool.
[DBG@19:28:52.307] Saving buffer 3.
[DBG@19:28:52.307] Saved 4096 bytes from buffer to file.
[DBG@19:28:52.307] Added buffer back to pool.
[DBG@19:28:52.557] Saving buffer 4.
[DBG@19:28:52.557] Saved 4096 bytes from buffer to file.
[DBG@19:28:52.583] Added buffer back to pool.
[DBG@19:28:52.816] Saving buffer 5.
[DBG@19:28:52.817] Saved 4096 bytes from buffer to file.
[DBG@19:28:52.819] Added buffer back to pool.
[DBG@19:28:53.076] Saving buffer 6.
[DBG@19:28:53.077] Saved 4096 bytes from buffer to file.
[DBG@19:28:53.077] Added buffer back to pool.
[DBG@19:28:53.327] Saving buffer 7.
[DBG@19:28:53.327] Saved 4096 bytes from buffer to file.
[DBG@19:28:53.327] Added buffer back to pool.
[DBG@19:28:53.586] Saving buffer 8.
[DBG@19:28:53.587] Saved 4096 bytes from buffer to file.
[DBG@19:28:53.587] Added buffer back to pool.
[DBG@19:28:53.836] Saving buffer 9.
[DBG@19:28:53.837] Saved 4096 bytes from buffer to file.
[DBG@19:28:53.837] Added buffer back to pool.
[DBG@19:28:54.096] Saving buffer 10.
[DBG@19:28:54.097] Saved 4096 bytes from buffer to file.
[DBG@19:28:54.097] Added buffer back to pool.
[DBG@19:28:54.356] Saving buffer 11.
[DBG@19:28:54.357] Saved 4096 bytes from buffer to file.
[DBG@19:28:54.357] Added buffer back to pool.
[DBG@19:28:54.606] Saving buffer 12.
[DBG@19:28:54.607] Saved 4096 bytes from buffer to file.
[DBG@19:28:54.607] Added buffer back to pool.
[DBG@19:28:54.866] Saving buffer 13.
[DBG@19:28:54.867] Saved 4096 bytes from buffer to file.
[DBG@19:28:54.867] Added buffer back to pool.
[DBG@19:28:55.116] Saving buffer 14.
[DBG@19:28:55.117] Saved 4096 bytes from buffer to file.
[DBG@19:28:55.117] Added buffer back to pool.
[DBG@19:28:55.376] Saving buffer 15.
[DBG@19:28:55.377] Saved 4096 bytes from buffer to file.
[DBG@19:28:55.377] Added buffer back to pool.
[DBG@19:28:55.636] Saving buffer 0.
[DBG@19:28:55.637] Saved 4096 bytes from buffer to file.
[DBG@19:28:55.637] Added buffer back to pool.
[DBG@19:28:55.886] Saving buffer 1.
[DBG@19:28:55.887] Saved 4096 bytes from buffer to file.
[DBG@19:28:55.887] Added buffer back to pool.
[DBG@19:28:56.146] Saving buffer 2.
[DBG@19:28:56.147] Saved 4096 bytes from buffer to file.
[DBG@19:28:56.147] Added buffer back to pool.
[DBG@19:28:56.396] Saving buffer 3.
[DBG@19:28:56.397] Saved 4096 bytes from buffer to file.
[DBG@19:28:56.397] Added buffer back to pool.
[DBG@19:28:56.656] Saving buffer 4.
[DBG@19:28:56.656] Saved 4096 bytes from buffer to file.
[DBG@19:28:56.657] Added buffer back to pool.
[DBG@19:28:56.916] Saving buffer 5.
[DBG@19:28:56.916] Saved 4096 bytes from buffer to file.
[DBG@19:28:56.917] Added buffer back to pool.
[DBG@19:28:57.166] Saving buffer 6.
[DBG@19:28:57.166] Saved 4096 bytes from buffer to file.
[DBG@19:28:57.167] Added buffer back to pool.
[DBG@19:28:57.426] Saving buffer 7.
[DBG@19:28:57.426] Saved 4096 bytes from buffer to file.
[DBG@19:28:57.427] Added buffer back to pool.
[DBG@19:28:57.676] Saving buffer 8.
[DBG@19:28:57.676] Saved 4096 bytes from buffer to file.
[DBG@19:28:57.677] Added buffer back to pool.
[DBG@19:28:57.936] Saving buffer 9.
[DBG@19:28:57.936] Saved 4096 bytes from buffer to file.
[DBG@19:28:57.937] Added buffer back to pool.
[DBG@19:28:58.196] Saving buffer 10.
[DBG@19:28:58.196] Saved 4096 bytes from buffer to file.
[DBG@19:28:58.197] Added buffer back to pool.
[DBG@19:28:58.446] Saving buffer 11.
[DBG@19:28:58.446] Saved 4096 bytes from buffer to file.
[DBG@19:28:58.447] Added buffer back to pool.
[DBG@19:28:58.706] Saving buffer 12.
[DBG@19:28:58.706] Saved 4096 bytes from buffer to file.
[DBG@19:28:58.707] Added buffer back to pool.
[DBG@19:28:58.956] Saving buffer 13.
[DBG@19:28:58.956] Saved 4096 bytes from buffer to file.
[DBG@19:28:58.956] Added buffer back to pool.
[DBG@19:28:59.216] Saving buffer 14.
[DBG@19:28:59.216] Saved 4096 bytes from buffer to file.
[DBG@19:28:59.216] Added buffer back to pool.
[DBG@19:28:59.476] Saving buffer 15.
[DBG@19:28:59.476] Saved 4096 bytes from buffer to file.
[DBG@19:28:59.476] Added buffer back to pool.
[DBG@19:28:59.726] Saving buffer 0.
[DBG@19:28:59.727] Saved 4096 bytes from buffer to file.
[DBG@19:28:59.727] Added buffer back to pool.
[DBG@19:28:59.986] Saving buffer 1.
[DBG@19:28:59.986] Saved 4096 bytes from buffer to file.
[DBG@19:28:59.986] Added buffer back to pool.
[DBG@19:29:00.236] Saving buffer 2.
[DBG@19:29:00.236] Saved 4096 bytes from buffer to file.
[DBG@19:29:00.236] Added buffer back to pool.
[DBG@19:29:00.496] Saving buffer 3.
[DBG@19:29:00.496] Saved 4096 bytes from buffer to file.
[DBG@19:29:00.496] Added buffer back to pool.
[DBG@19:29:00.756] Saving buffer 4.
[DBG@19:29:00.756] Saved 4096 bytes from buffer to file.
[DBG@19:29:00.756] Added buffer back to pool.
[DBG@19:29:01.006] Saving buffer 5.
[DBG@19:29:01.006] Saved 4096 bytes from buffer to file.
[DBG@19:29:01.006] Added buffer back to pool.
[DBG@19:29:01.266] Saving buffer 6.
[DBG@19:29:01.266] Saved 4096 bytes from buffer to file.
[DBG@19:29:01.266] Added buffer back to pool.
[DBG@19:29:01.516] Saving buffer 7.
[DBG@19:29:01.516] Saved 4096 bytes from buffer to file.
[DBG@19:29:01.516] Added buffer back to pool.
[DBG@19:29:01.776] Saving buffer 8.
[DBG@19:29:01.776] Saved 4096 bytes from buffer to file.
[DBG@19:29:01.776] Added buffer back to pool.
[DBG@19:29:02.036] Saving buffer 9.
[DBG@19:29:02.036] Saved 4096 bytes from buffer to file.
[DBG@19:29:02.036] Added buffer back to pool.
[DBG@19:29:02.286] Saving buffer 10.
[DBG@19:29:02.286] Saved 4096 bytes from buffer to file.
[DBG@19:29:02.286] Added buffer back to pool.
[DBG@19:29:02.546] Saving buffer 11.
[DBG@19:29:02.546] Saved 4096 bytes from buffer to file.
[DBG@19:29:02.546] Added buffer back to pool.
[DBG@19:29:02.796] Saving buffer 12.
[DBG@19:29:02.796] Saved 4096 bytes from buffer to file.
[DBG@19:29:02.796] Added buffer back to pool.
[DBG@19:29:03.056] Saving buffer 13.
[DBG@19:29:03.056] Saved 4096 bytes from buffer to file.
[DBG@19:29:03.056] Added buffer back to pool.
[DBG@19:29:03.316] Saving buffer 14.
[DBG@19:29:03.316] Saved 4096 bytes from buffer to file.
[DBG@19:29:03.317] Added buffer back to pool.
[DBG@19:29:03.566] Saving buffer 15.
[DBG@19:29:03.567] Saved 4096 bytes from buffer to file.
[DBG@19:29:03.567] Added buffer back to pool.
[DBG@19:29:03.826] Saving buffer 0.
[DBG@19:29:03.827] Saved 4096 bytes from buffer to file.
[DBG@19:29:03.827] Added buffer back to pool.
[DBG@19:29:04.076] Saving buffer 1.
[DBG@19:29:04.076] Saved 4096 bytes from buffer to file.
[DBG@19:29:04.076] Added buffer back to pool.
[DBG@19:29:04.336] Saving buffer 2.
[DBG@19:29:04.336] Saved 4096 bytes from buffer to file.
[DBG@19:29:04.336] Added buffer back to pool.
[DBG@19:29:04.596] Saving buffer 3.
[DBG@19:29:04.597] Saved 4096 bytes from buffer to file.
[DBG@19:29:04.597] Added buffer back to pool.
[DBG@19:29:04.846] Saving buffer 4.
[DBG@19:29:04.846] Saved 4096 bytes from buffer to file.
[DBG@19:29:04.847] Added buffer back to pool.
[DBG@19:29:05.106] Saving buffer 5.
[DBG@19:29:05.106] Saved 4096 bytes from buffer to file.
[DBG@19:29:05.107] Added buffer back to pool.
[DBG@19:29:05.356] Saving buffer 6.
[DBG@19:29:05.356] Saved 4096 bytes from buffer to file.
[DBG@19:29:05.356] Added buffer back to pool.
[DBG@19:29:05.616] Saving buffer 7.
[DBG@19:29:05.616] Saved 4096 bytes from buffer to file.
[DBG@19:29:05.616] Added buffer back to pool.
[DBG@19:29:05.876] Saving buffer 8.
[DBG@19:29:05.876] Saved 4096 bytes from buffer to file.
[DBG@19:29:05.877] Added buffer back to pool.
[DBG@19:29:06.126] Saving buffer 9.
[DBG@19:29:06.126] Saved 4096 bytes from buffer to file.
[DBG@19:29:06.128] Added buffer back to pool.
[DBG@19:29:06.386] Saving buffer 10.
[DBG@19:29:06.386] Saved 4096 bytes from buffer to file.
[DBG@19:29:06.387] Added buffer back to pool.
[DBG@19:29:06.636] Saving buffer 11.
[DBG@19:29:06.636] Saved 4096 bytes from buffer to file.
[DBG@19:29:06.637] Added buffer back to pool.
[DBG@19:29:06.896] Saving buffer 12.
[DBG@19:29:06.896] Saved 4096 bytes from buffer to file.
[DBG@19:29:06.896] Added buffer back to pool.
[DBG@19:29:07.156] Saving buffer 13.
[DBG@19:29:07.156] Saved 4096 bytes from buffer to file.
[DBG@19:29:07.156] Added buffer back to pool.
[DBG@19:29:07.406] Saving buffer 14.
[DBG@19:29:07.406] Saved 4096 bytes from buffer to file.
[DBG@19:29:07.406] Added buffer back to pool.
[DBG@19:29:07.666] Saving buffer 15.
[DBG@19:29:07.666] Saved 4096 bytes from buffer to file.
[DBG@19:29:07.667] Added buffer back to pool.
[DBG@19:29:07.916] Saving buffer 0.
[DBG@19:29:07.917] Saved 4096 bytes from buffer to file.
[DBG@19:29:07.917] Added buffer back to pool.
[DBG@19:29:08.176] Saving buffer 1.
[DBG@19:29:08.176] Saved 4096 bytes from buffer to file.
[DBG@19:29:08.176] Added buffer back to pool.
[DBG@19:29:08.436] Saving buffer 2.
[DBG@19:29:08.436] Saved 4096 bytes from buffer to file.
[DBG@19:29:08.436] Added buffer back to pool.
[DBG@19:29:08.686] Saving buffer 3.
[DBG@19:29:08.686] Saved 4096 bytes from buffer to file.
[DBG@19:29:08.686] Added buffer back to pool.
[DBG@19:29:08.946] Saving buffer 4.
[DBG@19:29:08.946] Saved 4096 bytes from buffer to file.
[DBG@19:29:08.946] Added buffer back to pool.
[DBG@19:29:09.196] Saving buffer 5.
[DBG@19:29:09.196] Saved 4096 bytes from buffer to file.
[DBG@19:29:09.196] Added buffer back to pool.
[DBG@19:29:09.456] Saving buffer 6.
[DBG@19:29:09.456] Saved 4096 bytes from buffer to file.
[DBG@19:29:09.456] Added buffer back to pool.
[DBG@19:29:09.716] Saving buffer 7.
[DBG@19:29:09.716] Saved 4096 bytes from buffer to file.
[DBG@19:29:09.716] Added buffer back to pool.
[DBG@19:29:09.966] Saving buffer 8.
[DBG@19:29:09.966] Saved 4096 bytes from buffer to file.
[DBG@19:29:09.966] Added buffer back to pool.
[DBG@19:29:10.226] Saving buffer 9.
[DBG@19:29:10.226] Saved 4096 bytes from buffer to file.
[DBG@19:29:10.226] Added buffer back to pool.
[DBG@19:29:10.476] Saving buffer 10.
[DBG@19:29:10.476] Saved 4096 bytes from buffer to file.
[DBG@19:29:10.476] Added buffer back to pool.
[DBG@19:29:10.736] Saving buffer 11.
[DBG@19:29:10.736] Saved 4096 bytes from buffer to file.
[DBG@19:29:10.736] Added buffer back to pool.
[DBG@19:29:10.996] Saving buffer 12.
[DBG@19:29:10.996] Saved 4096 bytes from buffer to file.
[DBG@19:29:10.996] Added buffer back to pool.
[DBG@19:29:11.246] Saving buffer 13.
[DBG@19:29:11.246] Saved 4096 bytes from buffer to file.
[DBG@19:29:11.246] Added buffer back to pool.
[DBG@19:29:11.506] Saving buffer 14.
[DBG@19:29:11.506] Saved 4096 bytes from buffer to file.
[DBG@19:29:11.506] Added buffer back to pool.
[DBG@19:29:11.756] Saving buffer 15.
[DBG@19:29:11.756] Saved 4096 bytes from buffer to file.
[DBG@19:29:11.756] Added buffer back to pool.
[DBG@19:29:12.016] Saving buffer 0.
[DBG@19:29:12.017] Saved 4096 bytes from buffer to file.
[DBG@19:29:12.017] Added buffer back to pool.
[DBG@19:29:12.276] Saving buffer 1.
[DBG@19:29:12.276] Saved 4096 bytes from buffer to file.
[DBG@19:29:12.276] Added buffer back to pool.
[DBG@19:29:12.526] Saving buffer 2.
[DBG@19:29:12.526] Saved 4096 bytes from buffer to file.
[DBG@19:29:12.526] Added buffer back to pool.
[DBG@19:29:12.786] Saving buffer 3.
[DBG@19:29:12.786] Saved 4096 bytes from buffer to file.
[DBG@19:29:12.786] Added buffer back to pool.
[DBG@19:29:13.036] Saving buffer 4.
[DBG@19:29:13.036] Saved 4096 bytes from buffer to file.
[DBG@19:29:13.036] Added buffer back to pool.
[DBG@19:29:13.296] Saving buffer 5.
[DBG@19:29:13.296] Saved 4096 bytes from buffer to file.
[DBG@19:29:13.296] Added buffer back to pool.
[DBG@19:29:13.556] Saving buffer 6.
[DBG@19:29:13.556] Saved 4096 bytes from buffer to file.
[DBG@19:29:13.556] Added buffer back to pool.
[DBG@19:29:13.806] Saving buffer 7.
[DBG@19:29:13.806] Saved 4096 bytes from buffer to file.
[DBG@19:29:13.806] Added buffer back to pool.
[DBG@19:29:14.066] Saving buffer 8.
[DBG@19:29:14.066] Saved 4096 bytes from buffer to file.
[DBG@19:29:14.066] Added buffer back to pool.
[DBG@19:29:14.316] Saving buffer 9.
[DBG@19:29:14.316] Saved 4096 bytes from buffer to file.
[DBG@19:29:14.316] Added buffer back to pool.
[DBG@19:29:14.576] Saving buffer 10.
[DBG@19:29:14.576] Saved 4096 bytes from buffer to file.
[DBG@19:29:14.576] Added buffer back to pool.
[DBG@19:29:14.836] Saving buffer 11.
[DBG@19:29:14.836] Saved 4096 bytes from buffer to file.
[DBG@19:29:14.836] Added buffer back to pool.
[DBG@19:29:15.086] Saving buffer 12.
[DBG@19:29:15.086] Saved 4096 bytes from buffer to file.
[DBG@19:29:15.086] Added buffer back to pool.
[DBG@19:29:15.346] Saving buffer 13.
[DBG@19:29:15.346] Saved 4096 bytes from buffer to file.
[DBG@19:29:15.346] Added buffer back to pool.
[DBG@19:29:15.596] Saving buffer 14.
[DBG@19:29:15.596] Saved 4096 bytes from buffer to file.
[DBG@19:29:15.596] Added buffer back to pool.
[DBG@19:29:15.856] Saving buffer 15.
[DBG@19:29:15.856] Saved 4096 bytes from buffer to file.
[DBG@19:29:15.856] Added buffer back to pool.
[DBG@19:29:16.116] Saving buffer 0.
[DBG@19:29:16.116] Saved 4096 bytes from buffer to file.
[DBG@19:29:16.116] Added buffer back to pool.
[DBG@19:29:16.366] Saving buffer 1.
[DBG@19:29:16.366] Saved 4096 bytes from buffer to file.
[DBG@19:29:16.366] Added buffer back to pool.
[DBG@19:29:16.626] Saving buffer 2.
[DBG@19:29:16.626] Saved 4096 bytes from buffer to file.
[DBG@19:29:16.626] Added buffer back to pool.
[DBG@19:29:16.876] Saving buffer 3.
[DBG@19:29:16.876] Saved 4096 bytes from buffer to file.
[DBG@19:29:16.876] Added buffer back to pool.
[DBG@19:29:17.136] Saving buffer 4.
[DBG@19:29:17.136] Saved 4096 bytes from buffer to file.
[DBG@19:29:17.136] Added buffer back to pool.
[DBG@19:29:17.396] Saving buffer 5.
[DBG@19:29:17.396] Saved 4096 bytes from buffer to file.
[DBG@19:29:17.396] Added buffer back to pool.
[DBG@19:29:17.646] Saving buffer 6.
[DBG@19:29:17.646] Saved 4096 bytes from buffer to file.
[DBG@19:29:17.646] Added buffer back to pool.
[DBG@19:29:17.905] Saving buffer 7.
[DBG@19:29:17.906] Saved 4096 bytes from buffer to file.
[DBG@19:29:17.906] Added buffer back to pool.
[DBG@19:29:18.155] Saving buffer 8.
[DBG@19:29:18.156] Saved 4096 bytes from buffer to file.
[DBG@19:29:18.156] Added buffer back to pool.
[DBG@19:29:18.416] Saving buffer 9.
[DBG@19:29:18.416] Saved 4096 bytes from buffer to file.
[DBG@19:29:18.416] Added buffer back to pool.
[DBG@19:29:18.676] Saving buffer 10.
[DBG@19:29:18.676] Saved 4096 bytes from buffer to file.
[DBG@19:29:18.676] Added buffer back to pool.
[DBG@19:29:18.925] Saving buffer 11.
[DBG@19:29:18.926] Saved 4096 bytes from buffer to file.
[DBG@19:29:18.926] Added buffer back to pool.
[DBG@19:29:19.185] Saving buffer 12.
[DBG@19:29:19.186] Saved 4096 bytes from buffer to file.
[DBG@19:29:19.186] Added buffer back to pool.
[DBG@19:29:19.435] Saving buffer 13.
[DBG@19:29:19.436] Saved 4096 bytes from buffer to file.
[DBG@19:29:19.436] Added buffer back to pool.
[DBG@19:29:19.695] Saving buffer 14.
[DBG@19:29:19.696] Saved 4096 bytes from buffer to file.
[DBG@19:29:19.696] Added buffer back to pool.
[DBG@19:29:19.955] Saving buffer 15.
[DBG@19:29:19.956] Saved 4096 bytes from buffer to file.
[DBG@19:29:19.956] Added buffer back to pool.
[DBG@19:29:20.205] Saving buffer 0.
[DBG@19:29:20.206] Saved 4096 bytes from buffer to file.
[DBG@19:29:20.207] Added buffer back to pool.
[DBG@19:29:20.465] Saving buffer 1.
[DBG@19:29:20.466] Saved 4096 bytes from buffer to file.
[DBG@19:29:20.466] Added buffer back to pool.
[DBG@19:29:20.715] Saving buffer 2.
[DBG@19:29:20.715] Saved 4096 bytes from buffer to file.
[DBG@19:29:20.716] Added buffer back to pool.
[DBG@19:29:20.975] Saving buffer 3.
[DBG@19:29:20.976] Saved 4096 bytes from buffer to file.
[DBG@19:29:20.976] Added buffer back to pool.
[DBG@19:29:21.235] Saving buffer 4.
[DBG@19:29:21.235] Saved 4096 bytes from buffer to file.
[DBG@19:29:21.236] Added buffer back to pool.
[DBG@19:29:21.485] Saving buffer 5.
[DBG@19:29:21.485] Saved 4096 bytes from buffer to file.
[DBG@19:29:21.486] Added buffer back to pool.
[DBG@19:29:21.745] Saving buffer 6.
[DBG@19:29:21.745] Saved 4096 bytes from buffer to file.
[DBG@19:29:21.746] Added buffer back to pool.
[DBG@19:29:21.995] Saving buffer 7.
[DBG@19:29:21.995] Saved 4096 bytes from buffer to file.
[DBG@19:29:21.996] Added buffer back to pool.
[DBG@19:29:22.255] Saving buffer 8.
[DBG@19:29:22.255] Saved 4096 bytes from buffer to file.
[DBG@19:29:22.256] Added buffer back to pool.
[DBG@19:29:22.515] Saving buffer 9.
[DBG@19:29:22.515] Saved 4096 bytes from buffer to file.
[DBG@19:29:22.516] Added buffer back to pool.
[DBG@19:29:22.765] Saving buffer 10.
[DBG@19:29:22.765] Saved 4096 bytes from buffer to file.
[DBG@19:29:22.766] Added buffer back to pool.
[DBG@19:29:23.025] Saving buffer 11.
[DBG@19:29:23.025] Saved 4096 bytes from buffer to file.
[DBG@19:29:23.026] Added buffer back to pool.
[DBG@19:29:23.275] Saving buffer 12.
[DBG@19:29:23.275] Saved 4096 bytes from buffer to file.
[DBG@19:29:23.276] Added buffer back to pool.
[DBG@19:29:23.535] Saving buffer 13.
[DBG@19:29:23.536] Saved 4096 bytes from buffer to file.
[DBG@19:29:23.536] Added buffer back to pool.
[DBG@19:29:23.795] Saving buffer 14.
[DBG@19:29:23.795] Saved 4096 bytes from buffer to file.
[DBG@19:29:23.795] Added buffer back to pool.
[DBG@19:29:24.045] Saving buffer 15.
[DBG@19:29:24.045] Saved 4096 bytes from buffer to file.
[DBG@19:29:24.046] Added buffer back to pool.
[DBG@19:29:24.305] Saving buffer 0.
[DBG@19:29:24.307] Saved 4096 bytes from buffer to file.
[DBG@19:29:24.307] Added buffer back to pool.
[DBG@19:29:24.555] Saving buffer 1.
[DBG@19:29:24.556] Saved 4096 bytes from buffer to file.
[DBG@19:29:24.556] Added buffer back to pool.
[DBG@19:29:24.815] Saving buffer 2.
[DBG@19:29:24.816] Saved 4096 bytes from buffer to file.
[DBG@19:29:24.816] Added buffer back to pool.
[DBG@19:29:25.075] Saving buffer 3.
[DBG@19:29:25.075] Saved 4096 bytes from buffer to file.
[DBG@19:29:25.075] Added buffer back to pool.
[DBG@19:29:25.325] Saving buffer 4.
[DBG@19:29:25.325] Saved 4096 bytes from buffer to file.
[DBG@19:29:25.325] Added buffer back to pool.
[DBG@19:29:25.585] Saving buffer 5.
[DBG@19:29:25.585] Saved 4096 bytes from buffer to file.
[DBG@19:29:25.586] Added buffer back to pool.
[DBG@19:29:25.835] Saving buffer 6.
[DBG@19:29:25.836] Saved 4096 bytes from buffer to file.
[DBG@19:29:25.836] Added buffer back to pool.
[DBG@19:29:26.095] Saving buffer 7.
[DBG@19:29:26.095] Saved 4096 bytes from buffer to file.
[DBG@19:29:26.095] Added buffer back to pool.
[DBG@19:29:26.355] Saving buffer 8.
[DBG@19:29:26.355] Saved 4096 bytes from buffer to file.
[DBG@19:29:26.355] Added buffer back to pool.
[DBG@19:29:26.605] Saving buffer 9.
[DBG@19:29:26.605] Saved 4096 bytes from buffer to file.
[DBG@19:29:26.605] Added buffer back to pool.
[DBG@19:29:26.865] Saving buffer 10.
[DBG@19:29:26.865] Saved 4096 bytes from buffer to file.
[DBG@19:29:26.865] Added buffer back to pool.
[DBG@19:29:27.115] Saving buffer 11.
[DBG@19:29:27.115] Saved 4096 bytes from buffer to file.
[DBG@19:29:27.115] Added buffer back to pool.
[DBG@19:29:27.375] Saving buffer 12.
[DBG@19:29:27.375] Saved 4096 bytes from buffer to file.
[DBG@19:29:27.375] Added buffer back to pool.
[DBG@19:29:27.635] Saving buffer 13.
[DBG@19:29:27.635] Saved 4096 bytes from buffer to file.
[DBG@19:29:27.635] Added buffer back to pool.
[DBG@19:29:27.885] Saving buffer 14.
[DBG@19:29:27.885] Saved 4096 bytes from buffer to file.
[DBG@19:29:27.885] Added buffer back to pool.
[DBG@19:29:28.145] Saving buffer 15.
[DBG@19:29:28.145] Saved 4096 bytes from buffer to file.
[DBG@19:29:28.145] Added buffer back to pool.
[DBG@19:29:28.395] Saving buffer 0.
[DBG@19:29:28.397] Saved 4096 bytes from buffer to file.
[DBG@19:29:28.397] Added buffer back to pool.
[DBG@19:29:28.655] Saving buffer 1.
[DBG@19:29:28.655] Saved 4096 bytes from buffer to file.
[DBG@19:29:28.655] Added buffer back to pool.
[DBG@19:29:28.915] Saving buffer 2.
[DBG@19:29:28.915] Saved 4096 bytes from buffer to file.
[DBG@19:29:28.915] Added buffer back to pool.
[DBG@19:29:29.165] Saving buffer 3.
[DBG@19:29:29.165] Saved 4096 bytes from buffer to file.
[DBG@19:29:29.165] Added buffer back to pool.
[DBG@19:29:29.425] Saving buffer 4.
[DBG@19:29:29.425] Saved 4096 bytes from buffer to file.
[DBG@19:29:29.425] Added buffer back to pool.
[DBG@19:29:29.675] Saving buffer 5.
[DBG@19:29:29.675] Saved 4096 bytes from buffer to file.
[DBG@19:29:29.675] Added buffer back to pool.
[DBG@19:29:29.935] Saving buffer 6.
[DBG@19:29:29.935] Saved 4096 bytes from buffer to file.
[DBG@19:29:29.935] Added buffer back to pool.
[DBG@19:29:30.195] Saving buffer 7.
[DBG@19:29:30.195] Saved 4096 bytes from buffer to file.
[DBG@19:29:30.195] Added buffer back to pool.
[DBG@19:29:30.445] Saving buffer 8.
[DBG@19:29:30.445] Saved 4096 bytes from buffer to file.
[DBG@19:29:30.445] Added buffer back to pool.
[DBG@19:29:30.705] Saving buffer 9.
[DBG@19:29:30.705] Saved 4096 bytes from buffer to file.
[DBG@19:29:30.705] Added buffer back to pool.
[DBG@19:29:30.955] Saving buffer 10.
[DBG@19:29:30.955] Saved 4096 bytes from buffer to file.
[DBG@19:29:30.955] Added buffer back to pool.
[DBG@19:29:31.215] Saving buffer 11.
[DBG@19:29:31.215] Saved 4096 bytes from buffer to file.
[DBG@19:29:31.215] Added buffer back to pool.
[DBG@19:29:31.475] Saving buffer 12.
[DBG@19:29:31.475] Saved 4096 bytes from buffer to file.
[DBG@19:29:31.475] Added buffer back to pool.
[DBG@19:29:31.725] Saving buffer 13.
[DBG@19:29:31.725] Saved 4096 bytes from buffer to file.
[DBG@19:29:31.725] Added buffer back to pool.
[DBG@19:29:31.985] Saving buffer 14.
[DBG@19:29:31.985] Saved 4096 bytes from buffer to file.
[DBG@19:29:31.985] Added buffer back to pool.
[DBG@19:29:32.235] Saving buffer 15.
[DBG@19:29:32.235] Saved 4096 bytes from buffer to file.
[DBG@19:29:32.235] Added buffer back to pool.
[DBG@19:29:32.495] Saving buffer 0.
[DBG@19:29:32.496] Saved 4096 bytes from buffer to file.
[DBG@19:29:32.497] Added buffer back to pool.
[DBG@19:29:32.755] Saving buffer 1.
[DBG@19:29:32.755] Saved 4096 bytes from buffer to file.
[DBG@19:29:32.755] Added buffer back to pool.
[DBG@19:29:33.005] Saving buffer 2.
[DBG@19:29:33.006] Saved 4096 bytes from buffer to file.
[DBG@19:29:33.006] Added buffer back to pool.
[DBG@19:29:33.265] Saving buffer 3.
[DBG@19:29:33.265] Saved 4096 bytes from buffer to file.
[DBG@19:29:33.265] Added buffer back to pool.
[DBG@19:29:33.515] Saving buffer 4.
[DBG@19:29:33.515] Saved 4096 bytes from buffer to file.
[DBG@19:29:33.515] Added buffer back to pool.
[DBG@19:29:33.775] Saving buffer 5.
[DBG@19:29:33.775] Saved 4096 bytes from buffer to file.
[DBG@19:29:33.775] Added buffer back to pool.
[DBG@19:29:34.035] Saving buffer 6.
[DBG@19:29:34.035] Saved 4096 bytes from buffer to file.
[DBG@19:29:34.035] Added buffer back to pool.
[DBG@19:29:34.285] Saving buffer 7.
[DBG@19:29:34.285] Saved 4096 bytes from buffer to file.
[DBG@19:29:34.285] Added buffer back to pool.
[DBG@19:29:34.545] Saving buffer 8.
[DBG@19:29:34.545] Saved 4096 bytes from buffer to file.
[DBG@19:29:34.545] Added buffer back to pool.
[DBG@19:29:34.795] Saving buffer 9.
[DBG@19:29:34.795] Saved 4096 bytes from buffer to file.
[DBG@19:29:34.795] Added buffer back to pool.
[DBG@19:29:35.055] Saving buffer 10.
[DBG@19:29:35.055] Saved 4096 bytes from buffer to file.
[DBG@19:29:35.055] Added buffer back to pool.
[DBG@19:29:35.315] Saving buffer 11.
[DBG@19:29:35.315] Saved 4096 bytes from buffer to file.
[DBG@19:29:35.315] Added buffer back to pool.
[DBG@19:29:35.565] Saving buffer 12.
[DBG@19:29:35.565] Saved 4096 bytes from buffer to file.
[DBG@19:29:35.565] Added buffer back to pool.
[DBG@19:29:35.825] Saving buffer 13.
[DBG@19:29:35.825] Saved 4096 bytes from buffer to file.
[DBG@19:29:35.825] Added buffer back to pool.
[DBG@19:29:36.075] Saving buffer 14.
[DBG@19:29:36.075] Saved 4096 bytes from buffer to file.
[DBG@19:29:36.075] Added buffer back to pool.
[DBG@19:29:36.335] Saving buffer 15.
[DBG@19:29:36.335] Saved 4096 bytes from buffer to file.
[DBG@19:29:36.335] Added buffer back to pool.
[DBG@19:29:36.595] Saving buffer 0.
[DBG@19:29:36.596] Saved 4096 bytes from buffer to file.
[DBG@19:29:36.596] Added buffer back to pool.
[DBG@19:29:36.845] Saving buffer 1.
[DBG@19:29:36.845] Saved 4096 bytes from buffer to file.
[DBG@19:29:36.845] Added buffer back to pool.
[DBG@19:29:37.105] Saving buffer 2.
[DBG@19:29:37.105] Saved 4096 bytes from buffer to file.
[DBG@19:29:37.105] Added buffer back to pool.
[DBG@19:29:37.355] Saving buffer 3.
[DBG@19:29:37.355] Saved 4096 bytes from buffer to file.
[DBG@19:29:37.355] Added buffer back to pool.
[DBG@19:29:37.615] Saving buffer 4.
[DBG@19:29:37.615] Saved 4096 bytes from buffer to file.
[DBG@19:29:37.615] Added buffer back to pool.
[DBG@19:29:37.875] Saving buffer 5.
[DBG@19:29:37.875] Saved 4096 bytes from buffer to file.
[DBG@19:29:37.875] Added buffer back to pool.
[DBG@19:29:38.125] Saving buffer 6.
[DBG@19:29:38.125] Saved 4096 bytes from buffer to file.
[DBG@19:29:38.125] Added buffer back to pool.
[DBG@19:29:38.385] Saving buffer 7.
[DBG@19:29:38.385] Saved 4096 bytes from buffer to file.
[DBG@19:29:38.385] Added buffer back to pool.
[DBG@19:29:38.635] Saving buffer 8.
[DBG@19:29:38.635] Saved 4096 bytes from buffer to file.
[DBG@19:29:38.635] Added buffer back to pool.
[DBG@19:29:38.895] Saving buffer 9.
[DBG@19:29:38.895] Saved 4096 bytes from buffer to file.
[DBG@19:29:38.895] Added buffer back to pool.
[DBG@19:29:39.155] Saving buffer 10.
[DBG@19:29:39.155] Saved 4096 bytes from buffer to file.
[DBG@19:29:39.155] Added buffer back to pool.
[DBG@19:29:39.405] Saving buffer 11.
[DBG@19:29:39.405] Saved 4096 bytes from buffer to file.
[DBG@19:29:39.405] Added buffer back to pool.
[DBG@19:29:39.665] Saving buffer 12.
[DBG@19:29:39.665] Saved 4096 bytes from buffer to file.
[DBG@19:29:39.665] Added buffer back to pool.
[DBG@19:29:39.915] Saving buffer 13.
[DBG@19:29:39.915] Saved 4096 bytes from buffer to file.
[DBG@19:29:39.915] Added buffer back to pool.
[DBG@19:29:40.175] Saving buffer 14.
[DBG@19:29:40.175] Saved 4096 bytes from buffer to file.
[DBG@19:29:40.175] Added buffer back to pool.
[DBG@19:29:40.435] Saving buffer 15.
[DBG@19:29:40.435] Saved 4096 bytes from buffer to file.
[DBG@19:29:40.435] Added buffer back to pool.
[DBG@19:29:40.685] Saving buffer 0.
[DBG@19:29:40.685] Saved 4096 bytes from buffer to file.
[DBG@19:29:40.685] Added buffer back to pool.
[DBG@19:29:40.945] Saving buffer 1.
[DBG@19:29:40.945] Saved 4096 bytes from buffer to file.
[DBG@19:29:40.945] Added buffer back to pool.
[DBG@19:29:41.195] Saving buffer 2.
[DBG@19:29:41.195] Saved 4096 bytes from buffer to file.
[DBG@19:29:41.195] Added buffer back to pool.
[DBG@19:29:41.455] Saving buffer 3.
[DBG@19:29:41.455] Saved 4096 bytes from buffer to file.
[DBG@19:29:41.455] Added buffer back to pool.
[DBG@19:29:41.715] Saving buffer 4.
[DBG@19:29:41.715] Saved 4096 bytes from buffer to file.
[DBG@19:29:41.715] Added buffer back to pool.
[DBG@19:29:41.965] Saving buffer 5.
[DBG@19:29:41.965] Saved 4096 bytes from buffer to file.
[DBG@19:29:41.965] Added buffer back to pool.
[DBG@19:29:42.225] Saving buffer 6.
[DBG@19:29:42.225] Saved 4096 bytes from buffer to file.
[DBG@19:29:42.225] Added buffer back to pool.
[DBG@19:29:42.475] Saving buffer 7.
[DBG@19:29:42.475] Saved 4096 bytes from buffer to file.
[DBG@19:29:42.475] Added buffer back to pool.
[DBG@19:29:42.735] Saving buffer 8.
[DBG@19:29:42.735] Saved 4096 bytes from buffer to file.
[DBG@19:29:42.735] Added buffer back to pool.
[DBG@19:29:42.995] Saving buffer 9.
[DBG@19:29:42.995] Saved 4096 bytes from buffer to file.
[DBG@19:29:42.995] Added buffer back to pool.
[DBG@19:29:43.245] Saving buffer 10.
[DBG@19:29:43.245] Saved 4096 bytes from buffer to file.
[DBG@19:29:43.245] Added buffer back to pool.
[DBG@19:29:43.504] Saving buffer 11.
[DBG@19:29:43.505] Saved 4096 bytes from buffer to file.
[DBG@19:29:43.505] Added buffer back to pool.
[DBG@19:29:43.754] Saving buffer 12.
[DBG@19:29:43.755] Saved 4096 bytes from buffer to file.
[DBG@19:29:43.755] Added buffer back to pool.
[DBG@19:29:44.014] Saving buffer 13.
[DBG@19:29:44.015] Saved 4096 bytes from buffer to file.
[DBG@19:29:44.015] Added buffer back to pool.
[DBG@19:29:44.274] Saving buffer 14.
[DBG@19:29:44.275] Saved 4096 bytes from buffer to file.
[DBG@19:29:44.275] Added buffer back to pool.
[DBG@19:29:44.524] Saving buffer 15.
[DBG@19:29:44.525] Saved 4096 bytes from buffer to file.
[DBG@19:29:44.525] Added buffer back to pool.
[DBG@19:29:44.784] Saving buffer 0.
[DBG@19:29:44.785] Saved 4096 bytes from buffer to file.
[DBG@19:29:44.786] Added buffer back to pool.
[DBG@19:29:45.034] Saving buffer 1.
[DBG@19:29:45.035] Saved 4096 bytes from buffer to file.
[DBG@19:29:45.035] Added buffer back to pool.
[DBG@19:29:45.294] Saving buffer 2.
[DBG@19:29:45.295] Saved 4096 bytes from buffer to file.
[DBG@19:29:45.295] Added buffer back to pool.
[DBG@19:29:45.554] Saving buffer 3.
[DBG@19:29:45.555] Saved 4096 bytes from buffer to file.
[DBG@19:29:45.555] Added buffer back to pool.
[DBG@19:29:45.804] Saving buffer 4.
[DBG@19:29:45.804] Saved 4096 bytes from buffer to file.
[DBG@19:29:45.805] Added buffer back to pool.
[DBG@19:29:46.064] Saving buffer 5.
[DBG@19:29:46.064] Saved 4096 bytes from buffer to file.
[DBG@19:29:46.065] Added buffer back to pool.
[DBG@19:29:46.314] Saving buffer 6.
[DBG@19:29:46.314] Saved 4096 bytes from buffer to file.
[DBG@19:29:46.315] Added buffer back to pool.
[DBG@19:29:46.574] Saving buffer 7.
[DBG@19:29:46.575] Saved 4096 bytes from buffer to file.
[DBG@19:29:46.575] Added buffer back to pool.
[DBG@19:29:46.834] Saving buffer 8.
[DBG@19:29:46.834] Saved 4096 bytes from buffer to file.
[DBG@19:29:46.835] Added buffer back to pool.
[DBG@19:29:47.084] Saving buffer 9.
[DBG@19:29:47.084] Saved 4096 bytes from buffer to file.
[DBG@19:29:47.085] Added buffer back to pool.
[DBG@19:29:47.344] Saving buffer 10.
[DBG@19:29:47.344] Saved 4096 bytes from buffer to file.
[DBG@19:29:47.345] Added buffer back to pool.
[DBG@19:29:47.594] Saving buffer 11.
[DBG@19:29:47.594] Saved 4096 bytes from buffer to file.
[DBG@19:29:47.594] Added buffer back to pool.
[DBG@19:29:47.854] Saving buffer 12.
[DBG@19:29:47.854] Saved 4096 bytes from buffer to file.
[DBG@19:29:47.855] Added buffer back to pool.
[DBG@19:29:48.114] Saving buffer 13.
[DBG@19:29:48.114] Saved 4096 bytes from buffer to file.
[DBG@19:29:48.115] Added buffer back to pool.
[DBG@19:29:48.364] Saving buffer 14.
[DBG@19:29:48.365] Saved 4096 bytes from buffer to file.
[DBG@19:29:48.365] Added buffer back to pool.
[DBG@19:29:48.624] Saving buffer 15.
[DBG@19:29:48.624] Saved 4096 bytes from buffer to file.
[DBG@19:29:48.625] Added buffer back to pool.
[DBG@19:29:48.874] Saving buffer 0.
[DBG@19:29:48.875] Saved 4096 bytes from buffer to file.
[DBG@19:29:48.875] Added buffer back to pool.
[DBG@19:29:49.134] Saving buffer 1.
[DBG@19:29:49.134] Saved 4096 bytes from buffer to file.
[DBG@19:29:49.134] Added buffer back to pool.
[DBG@19:29:49.394] Saving buffer 2.
[DBG@19:29:49.394] Saved 4096 bytes from buffer to file.
[DBG@19:29:49.394] Added buffer back to pool.
[DBG@19:29:49.644] Saving buffer 3.
[DBG@19:29:49.644] Saved 4096 bytes from buffer to file.
[DBG@19:29:49.644] Added buffer back to pool.
[DBG@19:29:49.904] Saving buffer 4.
[DBG@19:29:49.904] Saved 4096 bytes from buffer to file.
[DBG@19:29:49.904] Added buffer back to pool.
[DBG@19:29:50.154] Saving buffer 5.
[DBG@19:29:50.154] Saved 4096 bytes from buffer to file.
[DBG@19:29:50.155] Added buffer back to pool.
[DBG@19:29:50.414] Saving buffer 6.
[DBG@19:29:50.414] Saved 4096 bytes from buffer to file.
[DBG@19:29:50.414] Added buffer back to pool.
[DBG@19:29:50.674] Saving buffer 7.
[DBG@19:29:50.675] Saved 4096 bytes from buffer to file.
[DBG@19:29:50.675] Added buffer back to pool.
[DBG@19:29:50.924] Saving buffer 8.
[DBG@19:29:50.924] Saved 4096 bytes from buffer to file.
[DBG@19:29:50.924] Added buffer back to pool.
[DBG@19:29:51.184] Saving buffer 9.
[DBG@19:29:51.184] Saved 4096 bytes from buffer to file.
[DBG@19:29:51.185] Added buffer back to pool.
[DBG@19:29:51.434] Saving buffer 10.
[DBG@19:29:51.434] Saved 4096 bytes from buffer to file.
[DBG@19:29:51.434] Added buffer back to pool.
[DBG@19:29:51.694] Saving buffer 11.
[DBG@19:29:51.694] Saved 4096 bytes from buffer to file.
[DBG@19:29:51.694] Added buffer back to pool.
[DBG@19:29:51.954] Saving buffer 12.
[DBG@19:29:51.954] Saved 4096 bytes from buffer to file.
[DBG@19:29:51.954] Added buffer back to pool.
[DBG@19:29:52.204] Saving buffer 13.
[DBG@19:29:52.204] Saved 4096 bytes from buffer to file.
[DBG@19:29:52.204] Added buffer back to pool.
[DBG@19:29:52.464] Saving buffer 14.
[DBG@19:29:52.464] Saved 4096 bytes from buffer to file.
[DBG@19:29:52.464] Added buffer back to pool.
[DBG@19:29:52.714] Saving buffer 15.
[DBG@19:29:52.714] Saved 4096 bytes from buffer to file.
[DBG@19:29:52.714] Added buffer back to pool.
[DBG@19:29:52.974] Saving buffer 0.
[DBG@19:29:52.975] Saved 4096 bytes from buffer to file.
[DBG@19:29:52.975] Added buffer back to pool.
[DBG@19:29:53.234] Saving buffer 1.
[DBG@19:29:53.234] Saved 4096 bytes from buffer to file.
[DBG@19:29:53.234] Added buffer back to pool.
[DBG@19:29:53.484] Saving buffer 2.
[DBG@19:29:53.484] Saved 4096 bytes from buffer to file.
[DBG@19:29:53.484] Added buffer back to pool.
[DBG@19:29:53.744] Saving buffer 3.
[DBG@19:29:53.744] Saved 4096 bytes from buffer to file.
[DBG@19:29:53.744] Added buffer back to pool.
[DBG@19:29:53.994] Saving buffer 4.
[DBG@19:29:53.994] Saved 4096 bytes from buffer to file.
[DBG@19:29:53.994] Added buffer back to pool.
[DBG@19:29:54.254] Saving buffer 5.
[DBG@19:29:54.254] Saved 4096 bytes from buffer to file.
[DBG@19:29:54.254] Added buffer back to pool.
[DBG@19:29:54.514] Saving buffer 6.
[DBG@19:29:54.514] Saved 4096 bytes from buffer to file.
[DBG@19:29:54.514] Added buffer back to pool.
[DBG@19:29:54.764] Saving buffer 7.
[DBG@19:29:54.764] Saved 4096 bytes from buffer to file.
[DBG@19:29:54.764] Added buffer back to pool.
[DBG@19:29:55.024] Saving buffer 8.
[DBG@19:29:55.024] Saved 4096 bytes from buffer to file.
[DBG@19:29:55.024] Added buffer back to pool.
[DBG@19:29:55.274] Saving buffer 9.
[DBG@19:29:55.274] Saved 4096 bytes from buffer to file.
[DBG@19:29:55.274] Added buffer back to pool.
[DBG@19:29:55.534] Saving buffer 10.
[DBG@19:29:55.534] Saved 4096 bytes from buffer to file.
[DBG@19:29:55.534] Added buffer back to pool.
[DBG@19:29:55.794] Saving buffer 11.
[DBG@19:29:55.794] Saved 4096 bytes from buffer to file.
[DBG@19:29:55.794] Added buffer back to pool.
[DBG@19:29:56.044] Saving buffer 12.
[DBG@19:29:56.044] Saved 4096 bytes from buffer to file.
[DBG@19:29:56.044] Added buffer back to pool.
[DBG@19:29:56.304] Saving buffer 13.
[DBG@19:29:56.304] Saved 4096 bytes from buffer to file.
[DBG@19:29:56.304] Added buffer back to pool.
[DBG@19:29:56.554] Saving buffer 14.
[DBG@19:29:56.554] Saved 4096 bytes from buffer to file.
[DBG@19:29:56.554] Added buffer back to pool.
[DBG@19:29:56.814] Saving buffer 15.
[DBG@19:29:56.814] Saved 4096 bytes from buffer to file.
[DBG@19:29:56.814] Added buffer back to pool.
[DBG@19:29:57.074] Saving buffer 0.
[DBG@19:29:57.075] Saved 4096 bytes from buffer to file.
[DBG@19:29:57.075] Added buffer back to pool.
[DBG@19:29:57.324] Saving buffer 1.
[DBG@19:29:57.324] Saved 4096 bytes from buffer to file.
[DBG@19:29:57.324] Added buffer back to pool.
[DBG@19:29:57.584] Saving buffer 2.
[DBG@19:29:57.584] Saved 4096 bytes from buffer to file.
[DBG@19:29:57.584] Added buffer back to pool.
[DBG@19:29:57.834] Saving buffer 3.
[DBG@19:29:57.834] Saved 4096 bytes from buffer to file.
[DBG@19:29:57.834] Added buffer back to pool.
[DBG@19:29:58.094] Saving buffer 4.
[DBG@19:29:58.094] Saved 4096 bytes from buffer to file.
[DBG@19:29:58.094] Added buffer back to pool.
[DBG@19:29:58.354] Saving buffer 5.
[DBG@19:29:58.354] Saved 4096 bytes from buffer to file.
[DBG@19:29:58.354] Added buffer back to pool.
[DBG@19:29:58.604] Saving buffer 6.
[DBG@19:29:58.604] Saved 4096 bytes from buffer to file.
[DBG@19:29:58.604] Added buffer back to pool.
[DBG@19:29:58.864] Saving buffer 7.
[DBG@19:29:58.864] Saved 4096 bytes from buffer to file.
[DBG@19:29:58.864] Added buffer back to pool.
[DBG@19:29:59.114] Saving buffer 8.
[DBG@19:29:59.114] Saved 4096 bytes from buffer to file.
[DBG@19:29:59.114] Added buffer back to pool.
[DBG@19:29:59.374] Saving buffer 9.
[DBG@19:29:59.374] Saved 4096 bytes from buffer to file.
[DBG@19:29:59.374] Added buffer back to pool.
[DBG@19:29:59.634] Saving buffer 10.
[DBG@19:29:59.634] Saved 4096 bytes from buffer to file.
[DBG@19:29:59.634] Added buffer back to pool.
[DBG@19:29:59.884] Saving buffer 11.
[DBG@19:29:59.884] Saved 4096 bytes from buffer to file.
[DBG@19:29:59.884] Added buffer back to pool.
[DBG@19:30:00.144] Saving buffer 12.
[DBG@19:30:00.144] Saved 4096 bytes from buffer to file.
[DBG@19:30:00.144] Added buffer back to pool.
[DBG@19:30:00.394] Saving buffer 13.
[DBG@19:30:00.394] Saved 4096 bytes from buffer to file.
[DBG@19:30:00.394] Added buffer back to pool.
[DBG@19:30:00.654] Saving buffer 14.
[DBG@19:30:00.654] Saved 4096 bytes from buffer to file.
[DBG@19:30:00.654] Added buffer back to pool.
[DBG@19:30:00.914] Saving buffer 15.
[DBG@19:30:00.914] Saved 4096 bytes from buffer to file.
[DBG@19:30:00.914] Added buffer back to pool.
[DBG@19:30:01.164] Saving buffer 0.
[DBG@19:30:01.165] Saved 4096 bytes from buffer to file.
[DBG@19:30:01.165] Added buffer back to pool.
[DBG@19:30:01.424] Saving buffer 1.
[DBG@19:30:01.424] Saved 4096 bytes from buffer to file.
[DBG@19:30:01.424] Added buffer back to pool.
[DBG@19:30:01.674] Saving buffer 2.
[DBG@19:30:01.674] Saved 4096 bytes from buffer to file.
[DBG@19:30:01.674] Added buffer back to pool.
[DBG@19:30:01.934] Saving buffer 3.
[DBG@19:30:01.934] Saved 4096 bytes from buffer to file.
[DBG@19:30:01.934] Added buffer back to pool.
[DBG@19:30:02.194] Saving buffer 4.
[DBG@19:30:02.194] Saved 4096 bytes from buffer to file.
[DBG@19:30:02.194] Added buffer back to pool.
[DBG@19:30:02.444] Saving buffer 5.
[DBG@19:30:02.444] Saved 4096 bytes from buffer to file.
[DBG@19:30:02.444] Added buffer back to pool.
[DBG@19:30:02.704] Saving buffer 6.
[DBG@19:30:02.704] Saved 4096 bytes from buffer to file.
[DBG@19:30:02.704] Added buffer back to pool.
[DBG@19:30:02.954] Saving buffer 7.
[DBG@19:30:02.954] Saved 4096 bytes from buffer to file.
[DBG@19:30:02.954] Added buffer back to pool.
[DBG@19:30:03.214] Saving buffer 8.
[DBG@19:30:03.214] Saved 4096 bytes from buffer to file.
[DBG@19:30:03.214] Added buffer back to pool.
[DBG@19:30:03.474] Saving buffer 9.
[DBG@19:30:03.474] Saved 4096 bytes from buffer to file.
[DBG@19:30:03.474] Added buffer back to pool.
[DBG@19:30:03.724] Saving buffer 10.
[DBG@19:30:03.724] Saved 4096 bytes from buffer to file.
[DBG@19:30:03.724] Added buffer back to pool.
[DBG@19:30:03.984] Saving buffer 11.
[DBG@19:30:03.984] Saved 4096 bytes from buffer to file.
[DBG@19:30:03.984] Added buffer back to pool.
[DBG@19:30:04.234] Saving buffer 12.
[DBG@19:30:04.234] Saved 4096 bytes from buffer to file.
[DBG@19:30:04.234] Added buffer back to pool.
[DBG@19:30:04.494] Saving buffer 13.
[DBG@19:30:04.494] Saved 4096 bytes from buffer to file.
[DBG@19:30:04.494] Added buffer back to pool.
[DBG@19:30:04.754] Saving buffer 14.
[DBG@19:30:04.754] Saved 4096 bytes from buffer to file.
[DBG@19:30:04.754] Added buffer back to pool.
[DBG@19:30:05.004] Saving buffer 15.
[DBG@19:30:05.004] Saved 4096 bytes from buffer to file.
[DBG@19:30:05.004] Added buffer back to pool.
[DBG@19:30:05.264] Saving buffer 0.
[DBG@19:30:05.264] Saved 4096 bytes from buffer to file.
[DBG@19:30:05.264] Added buffer back to pool.
[DBG@19:30:05.514] Saving buffer 1.
[DBG@19:30:05.514] Saved 4096 bytes from buffer to file.
[DBG@19:30:05.514] Added buffer back to pool.
[DBG@19:30:05.774] Saving buffer 2.
[DBG@19:30:05.774] Saved 4096 bytes from buffer to file.
[DBG@19:30:05.774] Added buffer back to pool.
[STD@19:30:05.902] Stopping device
[DBG@19:30:05.902] Saving buffer 3.
[DBG@19:30:05.902] Saved 1984 bytes from buffer to file.
[DBG@19:30:05.902] Added buffer back to pool.
[DBG@19:30:05.902] waveInReset (0)
[STD@19:30:05.903] Closing wave file
