[STD@19:08:57.263] Adding buffer 0 to pool
[STD@19:08:57.264] Adding buffer 1 to pool
[STD@19:08:57.264] Adding buffer 2 to pool
[STD@19:08:57.265] Adding buffer 3 to pool
[STD@19:08:57.265] Adding buffer 4 to pool
[STD@19:08:57.265] Adding buffer 5 to pool
[STD@19:08:57.266] Adding buffer 6 to pool
[STD@19:08:57.266] Adding buffer 7 to pool
[STD@19:08:57.266] Adding buffer 8 to pool
[STD@19:08:57.266] Adding buffer 9 to pool
[STD@19:08:57.267] Adding buffer 10 to pool
[STD@19:08:57.267] Adding buffer 11 to pool
[STD@19:08:57.267] Adding buffer 12 to pool
[STD@19:08:57.268] Adding buffer 13 to pool
[STD@19:08:57.268] Adding buffer 14 to pool
[STD@19:08:57.269] Adding buffer 15 to pool
[STD@19:08:57.269] Opening audio file ..\..\logs\LetsGoPublic\20061122\004\LetsGoPublic-20061122-004-input_and_output.raw for output
[STD@19:08:57.271] Starting device
[DBG@19:08:57.532] Saving buffer 0.
[DBG@19:08:57.533] Saved 4096 bytes from buffer to file.
[DBG@19:08:57.534] Added buffer back to pool.
[DBG@19:08:57.791] Saving buffer 1.
[DBG@19:08:57.791] Saved 4096 bytes from buffer to file.
[DBG@19:08:57.791] Added buffer back to pool.
[DBG@19:08:58.041] Saving buffer 2.
[DBG@19:08:58.041] Saved 4096 bytes from buffer to file.
[DBG@19:08:58.185] Added buffer back to pool.
[DBG@19:08:58.301] Saving buffer 3.
[DBG@19:08:58.301] Saved 4096 bytes from buffer to file.
[DBG@19:08:58.301] Added buffer back to pool.
[DBG@19:08:58.551] Saving buffer 4.
[DBG@19:08:58.551] Saved 4096 bytes from buffer to file.
[DBG@19:08:58.556] Added buffer back to pool.
[DBG@19:08:58.811] Saving buffer 5.
[DBG@19:08:58.811] Saved 4096 bytes from buffer to file.
[DBG@19:08:58.811] Added buffer back to pool.
[DBG@19:08:59.071] Saving buffer 6.
[DBG@19:08:59.071] Saved 4096 bytes from buffer to file.
[DBG@19:08:59.071] Added buffer back to pool.
[DBG@19:08:59.321] Saving buffer 7.
[DBG@19:08:59.321] Saved 4096 bytes from buffer to file.
[DBG@19:08:59.321] Added buffer back to pool.
[DBG@19:08:59.581] Saving buffer 8.
[DBG@19:08:59.581] Saved 4096 bytes from buffer to file.
[DBG@19:08:59.581] Added buffer back to pool.
[DBG@19:08:59.831] Saving buffer 9.
[DBG@19:08:59.831] Saved 4096 bytes from buffer to file.
[DBG@19:08:59.831] Added buffer back to pool.
[DBG@19:09:00.091] Saving buffer 10.
[DBG@19:09:00.091] Saved 4096 bytes from buffer to file.
[DBG@19:09:00.091] Added buffer back to pool.
[DBG@19:09:00.351] Saving buffer 11.
[DBG@19:09:00.351] Saved 4096 bytes from buffer to file.
[DBG@19:09:00.351] Added buffer back to pool.
[DBG@19:09:00.601] Saving buffer 12.
[DBG@19:09:00.601] Saved 4096 bytes from buffer to file.
[DBG@19:09:00.601] Added buffer back to pool.
[DBG@19:09:00.861] Saving buffer 13.
[DBG@19:09:00.861] Saved 4096 bytes from buffer to file.
[DBG@19:09:00.861] Added buffer back to pool.
[DBG@19:09:01.111] Saving buffer 14.
[DBG@19:09:01.111] Saved 4096 bytes from buffer to file.
[DBG@19:09:01.111] Added buffer back to pool.
[DBG@19:09:01.371] Saving buffer 15.
[DBG@19:09:01.371] Saved 4096 bytes from buffer to file.
[DBG@19:09:01.371] Added buffer back to pool.
[DBG@19:09:01.631] Saving buffer 0.
[DBG@19:09:01.632] Saved 4096 bytes from buffer to file.
[DBG@19:09:01.632] Added buffer back to pool.
[DBG@19:09:01.881] Saving buffer 1.
[DBG@19:09:01.881] Saved 4096 bytes from buffer to file.
[DBG@19:09:01.881] Added buffer back to pool.
[DBG@19:09:02.141] Saving buffer 2.
[DBG@19:09:02.141] Saved 4096 bytes from buffer to file.
[DBG@19:09:02.141] Added buffer back to pool.
[DBG@19:09:02.391] Saving buffer 3.
[DBG@19:09:02.391] Saved 4096 bytes from buffer to file.
[DBG@19:09:02.391] Added buffer back to pool.
[DBG@19:09:02.651] Saving buffer 4.
[DBG@19:09:02.651] Saved 4096 bytes from buffer to file.
[DBG@19:09:02.651] Added buffer back to pool.
[DBG@19:09:02.911] Saving buffer 5.
[DBG@19:09:02.911] Saved 4096 bytes from buffer to file.
[DBG@19:09:02.911] Added buffer back to pool.
[DBG@19:09:03.161] Saving buffer 6.
[DBG@19:09:03.161] Saved 4096 bytes from buffer to file.
[DBG@19:09:03.162] Added buffer back to pool.
[DBG@19:09:03.421] Saving buffer 7.
[DBG@19:09:03.421] Saved 4096 bytes from buffer to file.
[DBG@19:09:03.421] Added buffer back to pool.
[DBG@19:09:03.671] Saving buffer 8.
[DBG@19:09:03.671] Saved 4096 bytes from buffer to file.
[DBG@19:09:03.671] Added buffer back to pool.
[DBG@19:09:03.931] Saving buffer 9.
[DBG@19:09:03.931] Saved 4096 bytes from buffer to file.
[DBG@19:09:03.931] Added buffer back to pool.
[DBG@19:09:04.191] Saving buffer 10.
[DBG@19:09:04.191] Saved 4096 bytes from buffer to file.
[DBG@19:09:04.191] Added buffer back to pool.
[DBG@19:09:04.441] Saving buffer 11.
[DBG@19:09:04.441] Saved 4096 bytes from buffer to file.
[DBG@19:09:04.441] Added buffer back to pool.
[DBG@19:09:04.701] Saving buffer 12.
[DBG@19:09:04.701] Saved 4096 bytes from buffer to file.
[DBG@19:09:04.701] Added buffer back to pool.
[DBG@19:09:04.951] Saving buffer 13.
[DBG@19:09:04.951] Saved 4096 bytes from buffer to file.
[DBG@19:09:04.951] Added buffer back to pool.
[DBG@19:09:05.211] Saving buffer 14.
[DBG@19:09:05.211] Saved 4096 bytes from buffer to file.
[DBG@19:09:05.211] Added buffer back to pool.
[DBG@19:09:05.471] Saving buffer 15.
[DBG@19:09:05.471] Saved 4096 bytes from buffer to file.
[DBG@19:09:05.471] Added buffer back to pool.
[DBG@19:09:05.721] Saving buffer 0.
[DBG@19:09:05.722] Saved 4096 bytes from buffer to file.
[DBG@19:09:05.722] Added buffer back to pool.
[DBG@19:09:05.981] Saving buffer 1.
[DBG@19:09:05.981] Saved 4096 bytes from buffer to file.
[DBG@19:09:05.981] Added buffer back to pool.
[DBG@19:09:06.231] Saving buffer 2.
[DBG@19:09:06.231] Saved 4096 bytes from buffer to file.
[DBG@19:09:06.231] Added buffer back to pool.
[DBG@19:09:06.491] Saving buffer 3.
[DBG@19:09:06.491] Saved 4096 bytes from buffer to file.
[DBG@19:09:06.491] Added buffer back to pool.
[DBG@19:09:06.751] Saving buffer 4.
[DBG@19:09:06.751] Saved 4096 bytes from buffer to file.
[DBG@19:09:06.751] Added buffer back to pool.
[DBG@19:09:07.001] Saving buffer 5.
[DBG@19:09:07.001] Saved 4096 bytes from buffer to file.
[DBG@19:09:07.001] Added buffer back to pool.
[DBG@19:09:07.261] Saving buffer 6.
[DBG@19:09:07.261] Saved 4096 bytes from buffer to file.
[DBG@19:09:07.261] Added buffer back to pool.
[DBG@19:09:07.511] Saving buffer 7.
[DBG@19:09:07.511] Saved 4096 bytes from buffer to file.
[DBG@19:09:07.511] Added buffer back to pool.
[DBG@19:09:07.771] Saving buffer 8.
[DBG@19:09:07.771] Saved 4096 bytes from buffer to file.
[DBG@19:09:07.771] Added buffer back to pool.
[DBG@19:09:08.031] Saving buffer 9.
[DBG@19:09:08.031] Saved 4096 bytes from buffer to file.
[DBG@19:09:08.031] Added buffer back to pool.
[DBG@19:09:08.281] Saving buffer 10.
[DBG@19:09:08.281] Saved 4096 bytes from buffer to file.
[DBG@19:09:08.281] Added buffer back to pool.
[DBG@19:09:08.541] Saving buffer 11.
[DBG@19:09:08.541] Saved 4096 bytes from buffer to file.
[DBG@19:09:08.541] Added buffer back to pool.
[DBG@19:09:08.791] Saving buffer 12.
[DBG@19:09:08.791] Saved 4096 bytes from buffer to file.
[DBG@19:09:08.791] Added buffer back to pool.
[DBG@19:09:09.051] Saving buffer 13.
[DBG@19:09:09.051] Saved 4096 bytes from buffer to file.
[DBG@19:09:09.051] Added buffer back to pool.
[DBG@19:09:09.311] Saving buffer 14.
[DBG@19:09:09.311] Saved 4096 bytes from buffer to file.
[DBG@19:09:09.311] Added buffer back to pool.
[DBG@19:09:09.561] Saving buffer 15.
[DBG@19:09:09.561] Saved 4096 bytes from buffer to file.
[DBG@19:09:09.561] Added buffer back to pool.
[DBG@19:09:09.821] Saving buffer 0.
[DBG@19:09:09.822] Saved 4096 bytes from buffer to file.
[DBG@19:09:09.822] Added buffer back to pool.
[DBG@19:09:10.071] Saving buffer 1.
[DBG@19:09:10.071] Saved 4096 bytes from buffer to file.
[DBG@19:09:10.071] Added buffer back to pool.
[DBG@19:09:10.331] Saving buffer 2.
[DBG@19:09:10.331] Saved 4096 bytes from buffer to file.
[DBG@19:09:10.331] Added buffer back to pool.
[DBG@19:09:10.591] Saving buffer 3.
[DBG@19:09:10.591] Saved 4096 bytes from buffer to file.
[DBG@19:09:10.591] Added buffer back to pool.
[DBG@19:09:10.841] Saving buffer 4.
[DBG@19:09:10.841] Saved 4096 bytes from buffer to file.
[DBG@19:09:10.841] Added buffer back to pool.
[DBG@19:09:11.101] Saving buffer 5.
[DBG@19:09:11.101] Saved 4096 bytes from buffer to file.
[DBG@19:09:11.101] Added buffer back to pool.
[DBG@19:09:11.351] Saving buffer 6.
[DBG@19:09:11.351] Saved 4096 bytes from buffer to file.
[DBG@19:09:11.351] Added buffer back to pool.
[DBG@19:09:11.611] Saving buffer 7.
[DBG@19:09:11.611] Saved 4096 bytes from buffer to file.
[DBG@19:09:11.611] Added buffer back to pool.
[DBG@19:09:11.871] Saving buffer 8.
[DBG@19:09:11.871] Saved 4096 bytes from buffer to file.
[DBG@19:09:11.871] Added buffer back to pool.
[DBG@19:09:12.121] Saving buffer 9.
[DBG@19:09:12.121] Saved 4096 bytes from buffer to file.
[DBG@19:09:12.121] Added buffer back to pool.
[DBG@19:09:12.381] Saving buffer 10.
[DBG@19:09:12.381] Saved 4096 bytes from buffer to file.
[DBG@19:09:12.381] Added buffer back to pool.
[DBG@19:09:12.631] Saving buffer 11.
[DBG@19:09:12.631] Saved 4096 bytes from buffer to file.
[DBG@19:09:12.631] Added buffer back to pool.
[DBG@19:09:12.891] Saving buffer 12.
[DBG@19:09:12.891] Saved 4096 bytes from buffer to file.
[DBG@19:09:12.891] Added buffer back to pool.
[DBG@19:09:13.151] Saving buffer 13.
[DBG@19:09:13.151] Saved 4096 bytes from buffer to file.
[DBG@19:09:13.151] Added buffer back to pool.
[DBG@19:09:13.401] Saving buffer 14.
[DBG@19:09:13.401] Saved 4096 bytes from buffer to file.
[DBG@19:09:13.401] Added buffer back to pool.
[DBG@19:09:13.661] Saving buffer 15.
[DBG@19:09:13.661] Saved 4096 bytes from buffer to file.
[DBG@19:09:13.661] Added buffer back to pool.
[DBG@19:09:13.911] Saving buffer 0.
[DBG@19:09:13.911] Saved 4096 bytes from buffer to file.
[DBG@19:09:13.911] Added buffer back to pool.
[DBG@19:09:14.171] Saving buffer 1.
[DBG@19:09:14.171] Saved 4096 bytes from buffer to file.
[DBG@19:09:14.171] Added buffer back to pool.
[DBG@19:09:14.431] Saving buffer 2.
[DBG@19:09:14.431] Saved 4096 bytes from buffer to file.
[DBG@19:09:14.431] Added buffer back to pool.
[DBG@19:09:14.681] Saving buffer 3.
[DBG@19:09:14.681] Saved 4096 bytes from buffer to file.
[DBG@19:09:14.681] Added buffer back to pool.
[DBG@19:09:14.941] Saving buffer 4.
[DBG@19:09:14.941] Saved 4096 bytes from buffer to file.
[DBG@19:09:14.941] Added buffer back to pool.
[DBG@19:09:15.191] Saving buffer 5.
[DBG@19:09:15.191] Saved 4096 bytes from buffer to file.
[DBG@19:09:15.191] Added buffer back to pool.
[DBG@19:09:15.451] Saving buffer 6.
[DBG@19:09:15.451] Saved 4096 bytes from buffer to file.
[DBG@19:09:15.451] Added buffer back to pool.
[DBG@19:09:15.711] Saving buffer 7.
[DBG@19:09:15.711] Saved 4096 bytes from buffer to file.
[DBG@19:09:15.711] Added buffer back to pool.
[DBG@19:09:15.961] Saving buffer 8.
[DBG@19:09:15.961] Saved 4096 bytes from buffer to file.
[DBG@19:09:15.961] Added buffer back to pool.
[DBG@19:09:16.221] Saving buffer 9.
[DBG@19:09:16.221] Saved 4096 bytes from buffer to file.
[DBG@19:09:16.221] Added buffer back to pool.
[DBG@19:09:16.470] Saving buffer 10.
[DBG@19:09:16.471] Saved 4096 bytes from buffer to file.
[DBG@19:09:16.471] Added buffer back to pool.
[DBG@19:09:16.731] Saving buffer 11.
[DBG@19:09:16.731] Saved 4096 bytes from buffer to file.
[DBG@19:09:16.731] Added buffer back to pool.
[DBG@19:09:16.990] Saving buffer 12.
[DBG@19:09:16.991] Saved 4096 bytes from buffer to file.
[DBG@19:09:16.991] Added buffer back to pool.
[DBG@19:09:17.240] Saving buffer 13.
[DBG@19:09:17.241] Saved 4096 bytes from buffer to file.
[DBG@19:09:17.241] Added buffer back to pool.
[DBG@19:09:17.501] Saving buffer 14.
[DBG@19:09:17.501] Saved 4096 bytes from buffer to file.
[DBG@19:09:17.501] Added buffer back to pool.
[DBG@19:09:17.750] Saving buffer 15.
[DBG@19:09:17.751] Saved 4096 bytes from buffer to file.
[DBG@19:09:17.751] Added buffer back to pool.
[DBG@19:09:18.011] Saving buffer 0.
[DBG@19:09:18.013] Saved 4096 bytes from buffer to file.
[DBG@19:09:18.013] Added buffer back to pool.
[DBG@19:09:18.270] Saving buffer 1.
[DBG@19:09:18.271] Saved 4096 bytes from buffer to file.
[DBG@19:09:18.271] Added buffer back to pool.
[DBG@19:09:18.521] Saving buffer 2.
[DBG@19:09:18.521] Saved 4096 bytes from buffer to file.
[DBG@19:09:18.521] Added buffer back to pool.
[DBG@19:09:18.781] Saving buffer 3.
[DBG@19:09:18.781] Saved 4096 bytes from buffer to file.
[DBG@19:09:18.781] Added buffer back to pool.
[DBG@19:09:19.031] Saving buffer 4.
[DBG@19:09:19.031] Saved 4096 bytes from buffer to file.
[DBG@19:09:19.075] Added buffer back to pool.
[DBG@19:09:19.290] Saving buffer 5.
[DBG@19:09:19.291] Saved 4096 bytes from buffer to file.
[DBG@19:09:19.291] Added buffer back to pool.
[DBG@19:09:19.551] Saving buffer 6.
[DBG@19:09:19.551] Saved 4096 bytes from buffer to file.
[DBG@19:09:19.551] Added buffer back to pool.
[DBG@19:09:19.800] Saving buffer 7.
[DBG@19:09:19.801] Saved 4096 bytes from buffer to file.
[DBG@19:09:19.801] Added buffer back to pool.
[DBG@19:09:20.060] Saving buffer 8.
[DBG@19:09:20.061] Saved 4096 bytes from buffer to file.
[DBG@19:09:20.061] Added buffer back to pool.
[DBG@19:09:20.310] Saving buffer 9.
[DBG@19:09:20.311] Saved 4096 bytes from buffer to file.
[DBG@19:09:20.360] Added buffer back to pool.
[DBG@19:09:20.570] Saving buffer 10.
[DBG@19:09:20.570] Saved 4096 bytes from buffer to file.
[DBG@19:09:20.571] Added buffer back to pool.
[DBG@19:09:20.831] Saving buffer 11.
[DBG@19:09:20.831] Saved 4096 bytes from buffer to file.
[DBG@19:09:20.831] Added buffer back to pool.
[DBG@19:09:21.080] Saving buffer 12.
[DBG@19:09:21.080] Saved 4096 bytes from buffer to file.
[DBG@19:09:21.080] Added buffer back to pool.
[DBG@19:09:21.340] Saving buffer 13.
[DBG@19:09:21.340] Saved 4096 bytes from buffer to file.
[DBG@19:09:21.341] Added buffer back to pool.
[DBG@19:09:21.590] Saving buffer 14.
[DBG@19:09:21.590] Saved 4096 bytes from buffer to file.
[DBG@19:09:21.591] Added buffer back to pool.
[DBG@19:09:21.850] Saving buffer 15.
[DBG@19:09:21.850] Saved 4096 bytes from buffer to file.
[DBG@19:09:21.850] Added buffer back to pool.
[DBG@19:09:22.110] Saving buffer 0.
[DBG@19:09:22.111] Saved 4096 bytes from buffer to file.
[DBG@19:09:22.111] Added buffer back to pool.
[DBG@19:09:22.360] Saving buffer 1.
[DBG@19:09:22.360] Saved 4096 bytes from buffer to file.
[DBG@19:09:22.360] Added buffer back to pool.
[DBG@19:09:22.620] Saving buffer 2.
[DBG@19:09:22.620] Saved 4096 bytes from buffer to file.
[DBG@19:09:22.620] Added buffer back to pool.
[DBG@19:09:22.870] Saving buffer 3.
[DBG@19:09:22.870] Saved 4096 bytes from buffer to file.
[DBG@19:09:22.870] Added buffer back to pool.
[DBG@19:09:23.130] Saving buffer 4.
[DBG@19:09:23.130] Saved 4096 bytes from buffer to file.
[DBG@19:09:23.130] Added buffer back to pool.
[DBG@19:09:23.390] Saving buffer 5.
[DBG@19:09:23.390] Saved 4096 bytes from buffer to file.
[DBG@19:09:23.390] Added buffer back to pool.
[DBG@19:09:23.640] Saving buffer 6.
[DBG@19:09:23.640] Saved 4096 bytes from buffer to file.
[DBG@19:09:23.640] Added buffer back to pool.
[DBG@19:09:23.900] Saving buffer 7.
[DBG@19:09:23.900] Saved 4096 bytes from buffer to file.
[DBG@19:09:23.900] Added buffer back to pool.
[DBG@19:09:24.150] Saving buffer 8.
[DBG@19:09:24.150] Saved 4096 bytes from buffer to file.
[DBG@19:09:24.150] Added buffer back to pool.
[DBG@19:09:24.410] Saving buffer 9.
[DBG@19:09:24.411] Saved 4096 bytes from buffer to file.
[DBG@19:09:24.411] Added buffer back to pool.
[DBG@19:09:24.670] Saving buffer 10.
[DBG@19:09:24.670] Saved 4096 bytes from buffer to file.
[DBG@19:09:24.670] Added buffer back to pool.
[DBG@19:09:24.920] Saving buffer 11.
[DBG@19:09:24.920] Saved 4096 bytes from buffer to file.
[DBG@19:09:24.921] Added buffer back to pool.
[DBG@19:09:25.180] Saving buffer 12.
[DBG@19:09:25.180] Saved 4096 bytes from buffer to file.
[DBG@19:09:25.181] Added buffer back to pool.
[DBG@19:09:25.430] Saving buffer 13.
[DBG@19:09:25.430] Saved 4096 bytes from buffer to file.
[DBG@19:09:25.430] Added buffer back to pool.
[DBG@19:09:25.690] Saving buffer 14.
[DBG@19:09:25.690] Saved 4096 bytes from buffer to file.
[DBG@19:09:25.690] Added buffer back to pool.
[DBG@19:09:25.950] Saving buffer 15.
[DBG@19:09:25.950] Saved 4096 bytes from buffer to file.
[DBG@19:09:25.950] Added buffer back to pool.
[DBG@19:09:26.200] Saving buffer 0.
[DBG@19:09:26.201] Saved 4096 bytes from buffer to file.
[DBG@19:09:26.201] Added buffer back to pool.
[DBG@19:09:26.460] Saving buffer 1.
[DBG@19:09:26.460] Saved 4096 bytes from buffer to file.
[DBG@19:09:26.460] Added buffer back to pool.
[DBG@19:09:26.710] Saving buffer 2.
[DBG@19:09:26.710] Saved 4096 bytes from buffer to file.
[DBG@19:09:26.710] Added buffer back to pool.
[DBG@19:09:26.970] Saving buffer 3.
[DBG@19:09:26.970] Saved 4096 bytes from buffer to file.
[DBG@19:09:26.970] Added buffer back to pool.
[DBG@19:09:27.230] Saving buffer 4.
[DBG@19:09:27.230] Saved 4096 bytes from buffer to file.
[DBG@19:09:27.230] Added buffer back to pool.
[DBG@19:09:27.480] Saving buffer 5.
[DBG@19:09:27.480] Saved 4096 bytes from buffer to file.
[DBG@19:09:27.480] Added buffer back to pool.
[DBG@19:09:27.740] Saving buffer 6.
[DBG@19:09:27.740] Saved 4096 bytes from buffer to file.
[DBG@19:09:27.740] Added buffer back to pool.
[DBG@19:09:27.990] Saving buffer 7.
[DBG@19:09:27.990] Saved 4096 bytes from buffer to file.
[DBG@19:09:27.990] Added buffer back to pool.
[DBG@19:09:28.250] Saving buffer 8.
[DBG@19:09:28.250] Saved 4096 bytes from buffer to file.
[DBG@19:09:28.250] Added buffer back to pool.
[DBG@19:09:28.510] Saving buffer 9.
[DBG@19:09:28.510] Saved 4096 bytes from buffer to file.
[DBG@19:09:28.510] Added buffer back to pool.
[DBG@19:09:28.760] Saving buffer 10.
[DBG@19:09:28.760] Saved 4096 bytes from buffer to file.
[DBG@19:09:28.760] Added buffer back to pool.
[DBG@19:09:29.020] Saving buffer 11.
[DBG@19:09:29.020] Saved 4096 bytes from buffer to file.
[DBG@19:09:29.020] Added buffer back to pool.
[DBG@19:09:29.270] Saving buffer 12.
[DBG@19:09:29.270] Saved 4096 bytes from buffer to file.
[DBG@19:09:29.270] Added buffer back to pool.
[DBG@19:09:29.530] Saving buffer 13.
[DBG@19:09:29.530] Saved 4096 bytes from buffer to file.
[DBG@19:09:29.530] Added buffer back to pool.
[DBG@19:09:29.790] Saving buffer 14.
[DBG@19:09:29.790] Saved 4096 bytes from buffer to file.
[DBG@19:09:29.790] Added buffer back to pool.
[DBG@19:09:30.040] Saving buffer 15.
[DBG@19:09:30.040] Saved 4096 bytes from buffer to file.
[DBG@19:09:30.041] Added buffer back to pool.
[DBG@19:09:30.300] Saving buffer 0.
[DBG@19:09:30.301] Saved 4096 bytes from buffer to file.
[DBG@19:09:30.301] Added buffer back to pool.
[DBG@19:09:30.550] Saving buffer 1.
[DBG@19:09:30.550] Saved 4096 bytes from buffer to file.
[DBG@19:09:30.551] Added buffer back to pool.
[DBG@19:09:30.810] Saving buffer 2.
[DBG@19:09:30.810] Saved 4096 bytes from buffer to file.
[DBG@19:09:30.810] Added buffer back to pool.
[DBG@19:09:31.070] Saving buffer 3.
[DBG@19:09:31.070] Saved 4096 bytes from buffer to file.
[DBG@19:09:31.070] Added buffer back to pool.
[DBG@19:09:31.320] Saving buffer 4.
[DBG@19:09:31.320] Saved 4096 bytes from buffer to file.
[DBG@19:09:31.320] Added buffer back to pool.
[DBG@19:09:31.580] Saving buffer 5.
[DBG@19:09:31.580] Saved 4096 bytes from buffer to file.
[DBG@19:09:31.580] Added buffer back to pool.
[DBG@19:09:31.830] Saving buffer 6.
[DBG@19:09:31.830] Saved 4096 bytes from buffer to file.
[DBG@19:09:31.830] Added buffer back to pool.
[DBG@19:09:32.090] Saving buffer 7.
[DBG@19:09:32.090] Saved 4096 bytes from buffer to file.
[DBG@19:09:32.090] Added buffer back to pool.
[DBG@19:09:32.350] Saving buffer 8.
[DBG@19:09:32.350] Saved 4096 bytes from buffer to file.
[DBG@19:09:32.350] Added buffer back to pool.
[DBG@19:09:32.600] Saving buffer 9.
[DBG@19:09:32.600] Saved 4096 bytes from buffer to file.
[DBG@19:09:32.600] Added buffer back to pool.
[DBG@19:09:32.860] Saving buffer 10.
[DBG@19:09:32.860] Saved 4096 bytes from buffer to file.
[DBG@19:09:32.860] Added buffer back to pool.
[DBG@19:09:33.110] Saving buffer 11.
[DBG@19:09:33.110] Saved 4096 bytes from buffer to file.
[DBG@19:09:33.110] Added buffer back to pool.
[DBG@19:09:33.370] Saving buffer 12.
[DBG@19:09:33.370] Saved 4096 bytes from buffer to file.
[DBG@19:09:33.370] Added buffer back to pool.
[DBG@19:09:33.630] Saving buffer 13.
[DBG@19:09:33.630] Saved 4096 bytes from buffer to file.
[DBG@19:09:33.630] Added buffer back to pool.
[DBG@19:09:33.880] Saving buffer 14.
[DBG@19:09:33.880] Saved 4096 bytes from buffer to file.
[DBG@19:09:33.880] Added buffer back to pool.
[DBG@19:09:34.140] Saving buffer 15.
[DBG@19:09:34.140] Saved 4096 bytes from buffer to file.
[DBG@19:09:34.140] Added buffer back to pool.
[DBG@19:09:34.390] Saving buffer 0.
[DBG@19:09:34.391] Saved 4096 bytes from buffer to file.
[DBG@19:09:34.391] Added buffer back to pool.
[DBG@19:09:34.650] Saving buffer 1.
[DBG@19:09:34.650] Saved 4096 bytes from buffer to file.
[DBG@19:09:34.650] Added buffer back to pool.
[DBG@19:09:34.910] Saving buffer 2.
[DBG@19:09:34.910] Saved 4096 bytes from buffer to file.
[DBG@19:09:34.910] Added buffer back to pool.
[DBG@19:09:35.160] Saving buffer 3.
[DBG@19:09:35.160] Saved 4096 bytes from buffer to file.
[DBG@19:09:35.160] Added buffer back to pool.
[DBG@19:09:35.420] Saving buffer 4.
[DBG@19:09:35.420] Saved 4096 bytes from buffer to file.
[DBG@19:09:35.420] Added buffer back to pool.
[DBG@19:09:35.670] Saving buffer 5.
[DBG@19:09:35.670] Saved 4096 bytes from buffer to file.
[DBG@19:09:35.670] Added buffer back to pool.
[DBG@19:09:35.930] Saving buffer 6.
[DBG@19:09:35.930] Saved 4096 bytes from buffer to file.
[DBG@19:09:35.930] Added buffer back to pool.
[DBG@19:09:36.190] Saving buffer 7.
[DBG@19:09:36.190] Saved 4096 bytes from buffer to file.
[DBG@19:09:36.190] Added buffer back to pool.
[DBG@19:09:36.440] Saving buffer 8.
[DBG@19:09:36.440] Saved 4096 bytes from buffer to file.
[DBG@19:09:36.440] Added buffer back to pool.
[DBG@19:09:36.700] Saving buffer 9.
[DBG@19:09:36.700] Saved 4096 bytes from buffer to file.
[DBG@19:09:36.700] Added buffer back to pool.
[DBG@19:09:36.950] Saving buffer 10.
[DBG@19:09:36.950] Saved 4096 bytes from buffer to file.
[DBG@19:09:36.950] Added buffer back to pool.
[DBG@19:09:37.210] Saving buffer 11.
[DBG@19:09:37.210] Saved 4096 bytes from buffer to file.
[DBG@19:09:37.210] Added buffer back to pool.
[DBG@19:09:37.470] Saving buffer 12.
[DBG@19:09:37.470] Saved 4096 bytes from buffer to file.
[DBG@19:09:37.470] Added buffer back to pool.
[DBG@19:09:37.720] Saving buffer 13.
[DBG@19:09:37.720] Saved 4096 bytes from buffer to file.
[DBG@19:09:37.720] Added buffer back to pool.
[DBG@19:09:37.980] Saving buffer 14.
[DBG@19:09:37.980] Saved 4096 bytes from buffer to file.
[DBG@19:09:37.980] Added buffer back to pool.
[DBG@19:09:38.230] Saving buffer 15.
[DBG@19:09:38.230] Saved 4096 bytes from buffer to file.
[DBG@19:09:38.248] Added buffer back to pool.
[DBG@19:09:38.490] Saving buffer 0.
[DBG@19:09:38.491] Saved 4096 bytes from buffer to file.
[DBG@19:09:38.491] Added buffer back to pool.
[DBG@19:09:38.750] Saving buffer 1.
[DBG@19:09:38.750] Saved 4096 bytes from buffer to file.
[DBG@19:09:38.752] Added buffer back to pool.
[DBG@19:09:39.000] Saving buffer 2.
[DBG@19:09:39.000] Saved 4096 bytes from buffer to file.
[DBG@19:09:39.000] Added buffer back to pool.
[DBG@19:09:39.260] Saving buffer 3.
[DBG@19:09:39.260] Saved 4096 bytes from buffer to file.
[DBG@19:09:39.260] Added buffer back to pool.
[DBG@19:09:39.510] Saving buffer 4.
[DBG@19:09:39.510] Saved 4096 bytes from buffer to file.
[DBG@19:09:39.510] Added buffer back to pool.
[DBG@19:09:39.770] Saving buffer 5.
[DBG@19:09:39.770] Saved 4096 bytes from buffer to file.
[DBG@19:09:39.770] Added buffer back to pool.
[DBG@19:09:40.030] Saving buffer 6.
[DBG@19:09:40.030] Saved 4096 bytes from buffer to file.
[DBG@19:09:40.030] Added buffer back to pool.
[DBG@19:09:40.280] Saving buffer 7.
[DBG@19:09:40.280] Saved 4096 bytes from buffer to file.
[DBG@19:09:40.280] Added buffer back to pool.
[DBG@19:09:40.540] Saving buffer 8.
[DBG@19:09:40.540] Saved 4096 bytes from buffer to file.
[DBG@19:09:40.540] Added buffer back to pool.
[DBG@19:09:40.789] Saving buffer 9.
[DBG@19:09:40.790] Saved 4096 bytes from buffer to file.
[DBG@19:09:40.790] Added buffer back to pool.
[DBG@19:09:41.049] Saving buffer 10.
[DBG@19:09:41.050] Saved 4096 bytes from buffer to file.
[DBG@19:09:41.050] Added buffer back to pool.
[DBG@19:09:41.309] Saving buffer 11.
[DBG@19:09:41.310] Saved 4096 bytes from buffer to file.
[DBG@19:09:41.310] Added buffer back to pool.
[DBG@19:09:41.559] Saving buffer 12.
[DBG@19:09:41.560] Saved 4096 bytes from buffer to file.
[DBG@19:09:41.560] Added buffer back to pool.
[DBG@19:09:41.819] Saving buffer 13.
[DBG@19:09:41.820] Saved 4096 bytes from buffer to file.
[DBG@19:09:41.820] Added buffer back to pool.
[DBG@19:09:42.069] Saving buffer 14.
[DBG@19:09:42.070] Saved 4096 bytes from buffer to file.
[DBG@19:09:42.070] Added buffer back to pool.
[DBG@19:09:42.329] Saving buffer 15.
[DBG@19:09:42.330] Saved 4096 bytes from buffer to file.
[DBG@19:09:42.330] Added buffer back to pool.
[DBG@19:09:42.589] Saving buffer 0.
[DBG@19:09:42.591] Saved 4096 bytes from buffer to file.
[DBG@19:09:42.591] Added buffer back to pool.
[DBG@19:09:42.839] Saving buffer 1.
[DBG@19:09:42.839] Saved 4096 bytes from buffer to file.
[DBG@19:09:42.840] Added buffer back to pool.
[DBG@19:09:43.099] Saving buffer 2.
[DBG@19:09:43.099] Saved 4096 bytes from buffer to file.
[DBG@19:09:43.100] Added buffer back to pool.
[DBG@19:09:43.349] Saving buffer 3.
[DBG@19:09:43.349] Saved 4096 bytes from buffer to file.
[DBG@19:09:43.350] Added buffer back to pool.
[DBG@19:09:43.609] Saving buffer 4.
[DBG@19:09:43.609] Saved 4096 bytes from buffer to file.
[DBG@19:09:43.610] Added buffer back to pool.
[DBG@19:09:43.869] Saving buffer 5.
[DBG@19:09:43.869] Saved 4096 bytes from buffer to file.
[DBG@19:09:43.870] Added buffer back to pool.
[DBG@19:09:44.119] Saving buffer 6.
[DBG@19:09:44.119] Saved 4096 bytes from buffer to file.
[DBG@19:09:44.120] Added buffer back to pool.
[DBG@19:09:44.379] Saving buffer 7.
[DBG@19:09:44.379] Saved 4096 bytes from buffer to file.
[DBG@19:09:44.380] Added buffer back to pool.
[DBG@19:09:44.629] Saving buffer 8.
[DBG@19:09:44.629] Saved 4096 bytes from buffer to file.
[DBG@19:09:44.630] Added buffer back to pool.
[DBG@19:09:44.889] Saving buffer 9.
[DBG@19:09:44.889] Saved 4096 bytes from buffer to file.
[DBG@19:09:44.890] Added buffer back to pool.
[DBG@19:09:45.149] Saving buffer 10.
[DBG@19:09:45.149] Saved 4096 bytes from buffer to file.
[DBG@19:09:45.150] Added buffer back to pool.
[DBG@19:09:45.399] Saving buffer 11.
[DBG@19:09:45.399] Saved 4096 bytes from buffer to file.
[DBG@19:09:45.400] Added buffer back to pool.
[DBG@19:09:45.659] Saving buffer 12.
[DBG@19:09:45.659] Saved 4096 bytes from buffer to file.
[DBG@19:09:45.660] Added buffer back to pool.
[DBG@19:09:45.909] Saving buffer 13.
[DBG@19:09:45.909] Saved 4096 bytes from buffer to file.
[DBG@19:09:45.910] Added buffer back to pool.
[DBG@19:09:46.169] Saving buffer 14.
[DBG@19:09:46.169] Saved 4096 bytes from buffer to file.
[DBG@19:09:46.170] Added buffer back to pool.
[DBG@19:09:46.429] Saving buffer 15.
[DBG@19:09:46.429] Saved 4096 bytes from buffer to file.
[DBG@19:09:46.429] Added buffer back to pool.
[DBG@19:09:46.679] Saving buffer 0.
[DBG@19:09:46.680] Saved 4096 bytes from buffer to file.
[DBG@19:09:46.680] Added buffer back to pool.
[DBG@19:09:46.939] Saving buffer 1.
[DBG@19:09:46.939] Saved 4096 bytes from buffer to file.
[DBG@19:09:46.939] Added buffer back to pool.
[DBG@19:09:47.189] Saving buffer 2.
[DBG@19:09:47.189] Saved 4096 bytes from buffer to file.
[DBG@19:09:47.189] Added buffer back to pool.
[DBG@19:09:47.449] Saving buffer 3.
[DBG@19:09:47.449] Saved 4096 bytes from buffer to file.
[DBG@19:09:47.450] Added buffer back to pool.
[DBG@19:09:47.709] Saving buffer 4.
[DBG@19:09:47.709] Saved 4096 bytes from buffer to file.
[DBG@19:09:47.710] Added buffer back to pool.
[DBG@19:09:47.959] Saving buffer 5.
[DBG@19:09:47.959] Saved 4096 bytes from buffer to file.
[DBG@19:09:47.959] Added buffer back to pool.
[DBG@19:09:48.219] Saving buffer 6.
[DBG@19:09:48.219] Saved 4096 bytes from buffer to file.
[DBG@19:09:48.219] Added buffer back to pool.
[DBG@19:09:48.469] Saving buffer 7.
[DBG@19:09:48.469] Saved 4096 bytes from buffer to file.
[DBG@19:09:48.469] Added buffer back to pool.
[DBG@19:09:48.729] Saving buffer 8.
[DBG@19:09:48.729] Saved 4096 bytes from buffer to file.
[DBG@19:09:48.729] Added buffer back to pool.
[DBG@19:09:48.989] Saving buffer 9.
[DBG@19:09:48.989] Saved 4096 bytes from buffer to file.
[DBG@19:09:48.989] Added buffer back to pool.
[DBG@19:09:49.239] Saving buffer 10.
[DBG@19:09:49.239] Saved 4096 bytes from buffer to file.
[DBG@19:09:49.239] Added buffer back to pool.
[DBG@19:09:49.499] Saving buffer 11.
[DBG@19:09:49.499] Saved 4096 bytes from buffer to file.
[DBG@19:09:49.499] Added buffer back to pool.
[DBG@19:09:49.749] Saving buffer 12.
[DBG@19:09:49.749] Saved 4096 bytes from buffer to file.
[DBG@19:09:49.749] Added buffer back to pool.
[DBG@19:09:50.009] Saving buffer 13.
[DBG@19:09:50.009] Saved 4096 bytes from buffer to file.
[DBG@19:09:50.009] Added buffer back to pool.
[DBG@19:09:50.269] Saving buffer 14.
[DBG@19:09:50.269] Saved 4096 bytes from buffer to file.
[DBG@19:09:50.270] Added buffer back to pool.
[DBG@19:09:50.519] Saving buffer 15.
[DBG@19:09:50.519] Saved 4096 bytes from buffer to file.
[DBG@19:09:50.520] Added buffer back to pool.
[DBG@19:09:50.779] Saving buffer 0.
[DBG@19:09:50.780] Saved 4096 bytes from buffer to file.
[DBG@19:09:50.780] Added buffer back to pool.
[DBG@19:09:51.029] Saving buffer 1.
[DBG@19:09:51.029] Saved 4096 bytes from buffer to file.
[DBG@19:09:51.029] Added buffer back to pool.
[DBG@19:09:51.289] Saving buffer 2.
[DBG@19:09:51.289] Saved 4096 bytes from buffer to file.
[DBG@19:09:51.289] Added buffer back to pool.
[DBG@19:09:51.549] Saving buffer 3.
[DBG@19:09:51.549] Saved 4096 bytes from buffer to file.
[DBG@19:09:51.550] Added buffer back to pool.
[DBG@19:09:51.799] Saving buffer 4.
[DBG@19:09:51.799] Saved 4096 bytes from buffer to file.
[DBG@19:09:51.799] Added buffer back to pool.
[DBG@19:09:52.059] Saving buffer 5.
[DBG@19:09:52.059] Saved 4096 bytes from buffer to file.
[DBG@19:09:52.060] Added buffer back to pool.
[DBG@19:09:52.309] Saving buffer 6.
[DBG@19:09:52.309] Saved 4096 bytes from buffer to file.
[DBG@19:09:52.309] Added buffer back to pool.
[DBG@19:09:52.569] Saving buffer 7.
[DBG@19:09:52.569] Saved 4096 bytes from buffer to file.
[DBG@19:09:52.570] Added buffer back to pool.
[DBG@19:09:52.829] Saving buffer 8.
[DBG@19:09:52.829] Saved 4096 bytes from buffer to file.
[DBG@19:09:52.829] Added buffer back to pool.
[DBG@19:09:53.079] Saving buffer 9.
[DBG@19:09:53.079] Saved 4096 bytes from buffer to file.
[DBG@19:09:53.079] Added buffer back to pool.
[DBG@19:09:53.339] Saving buffer 10.
[DBG@19:09:53.339] Saved 4096 bytes from buffer to file.
[DBG@19:09:53.339] Added buffer back to pool.
[DBG@19:09:53.589] Saving buffer 11.
[DBG@19:09:53.589] Saved 4096 bytes from buffer to file.
[DBG@19:09:53.589] Added buffer back to pool.
[DBG@19:09:53.849] Saving buffer 12.
[DBG@19:09:53.849] Saved 4096 bytes from buffer to file.
[DBG@19:09:53.849] Added buffer back to pool.
[DBG@19:09:54.109] Saving buffer 13.
[DBG@19:09:54.109] Saved 4096 bytes from buffer to file.
[DBG@19:09:54.109] Added buffer back to pool.
[DBG@19:09:54.359] Saving buffer 14.
[DBG@19:09:54.359] Saved 4096 bytes from buffer to file.
[DBG@19:09:54.359] Added buffer back to pool.
[DBG@19:09:54.619] Saving buffer 15.
[DBG@19:09:54.619] Saved 4096 bytes from buffer to file.
[DBG@19:09:54.619] Added buffer back to pool.
[DBG@19:09:54.869] Saving buffer 0.
[DBG@19:09:54.870] Saved 4096 bytes from buffer to file.
[DBG@19:09:54.870] Added buffer back to pool.
[DBG@19:09:55.129] Saving buffer 1.
[DBG@19:09:55.129] Saved 4096 bytes from buffer to file.
[DBG@19:09:55.129] Added buffer back to pool.
[DBG@19:09:55.389] Saving buffer 2.
[DBG@19:09:55.389] Saved 4096 bytes from buffer to file.
[DBG@19:09:55.389] Added buffer back to pool.
[DBG@19:09:55.639] Saving buffer 3.
[DBG@19:09:55.639] Saved 4096 bytes from buffer to file.
[DBG@19:09:55.639] Added buffer back to pool.
[DBG@19:09:55.899] Saving buffer 4.
[DBG@19:09:55.899] Saved 4096 bytes from buffer to file.
[DBG@19:09:55.899] Added buffer back to pool.
[DBG@19:09:56.149] Saving buffer 5.
[DBG@19:09:56.149] Saved 4096 bytes from buffer to file.
[DBG@19:09:56.149] Added buffer back to pool.
[DBG@19:09:56.409] Saving buffer 6.
[DBG@19:09:56.409] Saved 4096 bytes from buffer to file.
[DBG@19:09:56.409] Added buffer back to pool.
[DBG@19:09:56.669] Saving buffer 7.
[DBG@19:09:56.669] Saved 4096 bytes from buffer to file.
[DBG@19:09:56.669] Added buffer back to pool.
[DBG@19:09:56.919] Saving buffer 8.
[DBG@19:09:56.919] Saved 4096 bytes from buffer to file.
[DBG@19:09:56.919] Added buffer back to pool.
[DBG@19:09:57.179] Saving buffer 9.
[DBG@19:09:57.179] Saved 4096 bytes from buffer to file.
[DBG@19:09:57.179] Added buffer back to pool.
[DBG@19:09:57.429] Saving buffer 10.
[DBG@19:09:57.429] Saved 4096 bytes from buffer to file.
[DBG@19:09:57.430] Added buffer back to pool.
[DBG@19:09:57.689] Saving buffer 11.
[DBG@19:09:57.689] Saved 4096 bytes from buffer to file.
[DBG@19:09:57.689] Added buffer back to pool.
[DBG@19:09:57.949] Saving buffer 12.
[DBG@19:09:57.949] Saved 4096 bytes from buffer to file.
[DBG@19:09:57.949] Added buffer back to pool.
[DBG@19:09:58.199] Saving buffer 13.
[DBG@19:09:58.199] Saved 4096 bytes from buffer to file.
[DBG@19:09:58.199] Added buffer back to pool.
[DBG@19:09:58.459] Saving buffer 14.
[DBG@19:09:58.459] Saved 4096 bytes from buffer to file.
[DBG@19:09:58.460] Added buffer back to pool.
[DBG@19:09:58.709] Saving buffer 15.
[DBG@19:09:58.709] Saved 4096 bytes from buffer to file.
[DBG@19:09:58.709] Added buffer back to pool.
[DBG@19:09:58.969] Saving buffer 0.
[DBG@19:09:58.970] Saved 4096 bytes from buffer to file.
[DBG@19:09:58.971] Added buffer back to pool.
[DBG@19:09:59.229] Saving buffer 1.
[DBG@19:09:59.229] Saved 4096 bytes from buffer to file.
[DBG@19:09:59.229] Added buffer back to pool.
[DBG@19:09:59.479] Saving buffer 2.
[DBG@19:09:59.479] Saved 4096 bytes from buffer to file.
[DBG@19:09:59.479] Added buffer back to pool.
[DBG@19:09:59.739] Saving buffer 3.
[DBG@19:09:59.739] Saved 4096 bytes from buffer to file.
[DBG@19:09:59.739] Added buffer back to pool.
[DBG@19:09:59.989] Saving buffer 4.
[DBG@19:09:59.989] Saved 4096 bytes from buffer to file.
[DBG@19:09:59.989] Added buffer back to pool.
[DBG@19:10:00.249] Saving buffer 5.
[DBG@19:10:00.249] Saved 4096 bytes from buffer to file.
[DBG@19:10:00.249] Added buffer back to pool.
[DBG@19:10:00.509] Saving buffer 6.
[DBG@19:10:00.509] Saved 4096 bytes from buffer to file.
[DBG@19:10:00.509] Added buffer back to pool.
[DBG@19:10:00.759] Saving buffer 7.
[DBG@19:10:00.759] Saved 4096 bytes from buffer to file.
[DBG@19:10:00.759] Added buffer back to pool.
[DBG@19:10:01.019] Saving buffer 8.
[DBG@19:10:01.019] Saved 4096 bytes from buffer to file.
[DBG@19:10:01.019] Added buffer back to pool.
[DBG@19:10:01.269] Saving buffer 9.
[DBG@19:10:01.269] Saved 4096 bytes from buffer to file.
[DBG@19:10:01.269] Added buffer back to pool.
[DBG@19:10:01.529] Saving buffer 10.
[DBG@19:10:01.529] Saved 4096 bytes from buffer to file.
[DBG@19:10:01.529] Added buffer back to pool.
[DBG@19:10:01.789] Saving buffer 11.
[DBG@19:10:01.789] Saved 4096 bytes from buffer to file.
[DBG@19:10:01.789] Added buffer back to pool.
[DBG@19:10:02.039] Saving buffer 12.
[DBG@19:10:02.039] Saved 4096 bytes from buffer to file.
[DBG@19:10:02.039] Added buffer back to pool.
[DBG@19:10:02.299] Saving buffer 13.
[DBG@19:10:02.299] Saved 4096 bytes from buffer to file.
[DBG@19:10:02.299] Added buffer back to pool.
[DBG@19:10:02.549] Saving buffer 14.
[DBG@19:10:02.549] Saved 4096 bytes from buffer to file.
[DBG@19:10:02.549] Added buffer back to pool.
[DBG@19:10:02.809] Saving buffer 15.
[DBG@19:10:02.809] Saved 4096 bytes from buffer to file.
[DBG@19:10:02.809] Added buffer back to pool.
[DBG@19:10:03.069] Saving buffer 0.
[DBG@19:10:03.070] Saved 4096 bytes from buffer to file.
[DBG@19:10:03.070] Added buffer back to pool.
[DBG@19:10:03.319] Saving buffer 1.
[DBG@19:10:03.319] Saved 4096 bytes from buffer to file.
[DBG@19:10:03.319] Added buffer back to pool.
[DBG@19:10:03.579] Saving buffer 2.
[DBG@19:10:03.579] Saved 4096 bytes from buffer to file.
[DBG@19:10:03.579] Added buffer back to pool.
[DBG@19:10:03.829] Saving buffer 3.
[DBG@19:10:03.829] Saved 4096 bytes from buffer to file.
[DBG@19:10:03.829] Added buffer back to pool.
[DBG@19:10:04.089] Saving buffer 4.
[DBG@19:10:04.089] Saved 4096 bytes from buffer to file.
[DBG@19:10:04.089] Added buffer back to pool.
[DBG@19:10:04.349] Saving buffer 5.
[DBG@19:10:04.349] Saved 4096 bytes from buffer to file.
[DBG@19:10:04.349] Added buffer back to pool.
[DBG@19:10:04.599] Saving buffer 6.
[DBG@19:10:04.599] Saved 4096 bytes from buffer to file.
[DBG@19:10:04.599] Added buffer back to pool.
[DBG@19:10:04.859] Saving buffer 7.
[DBG@19:10:04.859] Saved 4096 bytes from buffer to file.
[DBG@19:10:04.859] Added buffer back to pool.
[DBG@19:10:05.109] Saving buffer 8.
[DBG@19:10:05.109] Saved 4096 bytes from buffer to file.
[DBG@19:10:05.109] Added buffer back to pool.
[DBG@19:10:05.369] Saving buffer 9.
[DBG@19:10:05.369] Saved 4096 bytes from buffer to file.
[DBG@19:10:05.369] Added buffer back to pool.
[DBG@19:10:05.629] Saving buffer 10.
[DBG@19:10:05.629] Saved 4096 bytes from buffer to file.
[DBG@19:10:05.629] Added buffer back to pool.
[DBG@19:10:05.879] Saving buffer 11.
[DBG@19:10:05.879] Saved 4096 bytes from buffer to file.
[DBG@19:10:05.879] Added buffer back to pool.
[DBG@19:10:06.139] Saving buffer 12.
[DBG@19:10:06.139] Saved 4096 bytes from buffer to file.
[DBG@19:10:06.139] Added buffer back to pool.
[DBG@19:10:06.388] Saving buffer 13.
[DBG@19:10:06.389] Saved 4096 bytes from buffer to file.
[DBG@19:10:06.389] Added buffer back to pool.
[DBG@19:10:06.648] Saving buffer 14.
[DBG@19:10:06.649] Saved 4096 bytes from buffer to file.
[DBG@19:10:06.649] Added buffer back to pool.
[DBG@19:10:06.908] Saving buffer 15.
[DBG@19:10:06.909] Saved 4096 bytes from buffer to file.
[DBG@19:10:06.909] Added buffer back to pool.
[DBG@19:10:07.158] Saving buffer 0.
[DBG@19:10:07.160] Saved 4096 bytes from buffer to file.
[DBG@19:10:07.160] Added buffer back to pool.
[DBG@19:10:07.418] Saving buffer 1.
[DBG@19:10:07.419] Saved 4096 bytes from buffer to file.
[DBG@19:10:07.419] Added buffer back to pool.
[DBG@19:10:07.668] Saving buffer 2.
[DBG@19:10:07.669] Saved 4096 bytes from buffer to file.
[DBG@19:10:07.669] Added buffer back to pool.
[DBG@19:10:07.928] Saving buffer 3.
[DBG@19:10:07.929] Saved 4096 bytes from buffer to file.
[DBG@19:10:07.929] Added buffer back to pool.
[DBG@19:10:08.188] Saving buffer 4.
[DBG@19:10:08.188] Saved 4096 bytes from buffer to file.
[DBG@19:10:08.189] Added buffer back to pool.
[DBG@19:10:08.438] Saving buffer 5.
[DBG@19:10:08.439] Saved 4096 bytes from buffer to file.
[DBG@19:10:08.439] Added buffer back to pool.
[DBG@19:10:08.698] Saving buffer 6.
[DBG@19:10:08.699] Saved 4096 bytes from buffer to file.
[DBG@19:10:08.699] Added buffer back to pool.
[DBG@19:10:08.948] Saving buffer 7.
[DBG@19:10:08.948] Saved 4096 bytes from buffer to file.
[DBG@19:10:08.949] Added buffer back to pool.
[DBG@19:10:09.208] Saving buffer 8.
[DBG@19:10:09.208] Saved 4096 bytes from buffer to file.
[DBG@19:10:09.209] Added buffer back to pool.
[DBG@19:10:09.468] Saving buffer 9.
[DBG@19:10:09.468] Saved 4096 bytes from buffer to file.
[DBG@19:10:09.469] Added buffer back to pool.
[DBG@19:10:09.718] Saving buffer 10.
[DBG@19:10:09.718] Saved 4096 bytes from buffer to file.
[DBG@19:10:09.719] Added buffer back to pool.
[DBG@19:10:09.978] Saving buffer 11.
[DBG@19:10:09.978] Saved 4096 bytes from buffer to file.
[DBG@19:10:09.979] Added buffer back to pool.
[DBG@19:10:10.228] Saving buffer 12.
[DBG@19:10:10.228] Saved 4096 bytes from buffer to file.
[DBG@19:10:10.228] Added buffer back to pool.
[DBG@19:10:10.488] Saving buffer 13.
[DBG@19:10:10.488] Saved 4096 bytes from buffer to file.
[DBG@19:10:10.488] Added buffer back to pool.
[DBG@19:10:10.748] Saving buffer 14.
[DBG@19:10:10.748] Saved 4096 bytes from buffer to file.
[DBG@19:10:10.749] Added buffer back to pool.
[DBG@19:10:10.998] Saving buffer 15.
[DBG@19:10:10.999] Saved 4096 bytes from buffer to file.
[DBG@19:10:10.999] Added buffer back to pool.
[DBG@19:10:11.258] Saving buffer 0.
[DBG@19:10:11.259] Saved 4096 bytes from buffer to file.
[DBG@19:10:11.259] Added buffer back to pool.
[DBG@19:10:11.508] Saving buffer 1.
[DBG@19:10:11.509] Saved 4096 bytes from buffer to file.
[DBG@19:10:11.509] Added buffer back to pool.
[DBG@19:10:11.768] Saving buffer 2.
[DBG@19:10:11.769] Saved 4096 bytes from buffer to file.
[DBG@19:10:11.769] Added buffer back to pool.
[DBG@19:10:12.028] Saving buffer 3.
[DBG@19:10:12.028] Saved 4096 bytes from buffer to file.
[DBG@19:10:12.029] Added buffer back to pool.
[DBG@19:10:12.278] Saving buffer 4.
[DBG@19:10:12.278] Saved 4096 bytes from buffer to file.
[DBG@19:10:12.278] Added buffer back to pool.
[DBG@19:10:12.538] Saving buffer 5.
[DBG@19:10:12.538] Saved 4096 bytes from buffer to file.
[DBG@19:10:12.538] Added buffer back to pool.
[DBG@19:10:12.788] Saving buffer 6.
[DBG@19:10:12.789] Saved 4096 bytes from buffer to file.
[DBG@19:10:12.789] Added buffer back to pool.
[DBG@19:10:13.048] Saving buffer 7.
[DBG@19:10:13.048] Saved 4096 bytes from buffer to file.
[DBG@19:10:13.049] Added buffer back to pool.
[DBG@19:10:13.308] Saving buffer 8.
[DBG@19:10:13.308] Saved 4096 bytes from buffer to file.
[DBG@19:10:13.309] Added buffer back to pool.
[DBG@19:10:13.558] Saving buffer 9.
[DBG@19:10:13.558] Saved 4096 bytes from buffer to file.
[DBG@19:10:13.558] Added buffer back to pool.
[DBG@19:10:13.818] Saving buffer 10.
[DBG@19:10:13.818] Saved 4096 bytes from buffer to file.
[DBG@19:10:13.818] Added buffer back to pool.
[DBG@19:10:14.068] Saving buffer 11.
[DBG@19:10:14.068] Saved 4096 bytes from buffer to file.
[DBG@19:10:14.068] Added buffer back to pool.
[DBG@19:10:14.328] Saving buffer 12.
[DBG@19:10:14.328] Saved 4096 bytes from buffer to file.
[DBG@19:10:14.328] Added buffer back to pool.
[DBG@19:10:14.588] Saving buffer 13.
[DBG@19:10:14.588] Saved 4096 bytes from buffer to file.
[DBG@19:10:14.589] Added buffer back to pool.
[DBG@19:10:14.838] Saving buffer 14.
[DBG@19:10:14.838] Saved 4096 bytes from buffer to file.
[DBG@19:10:14.839] Added buffer back to pool.
[DBG@19:10:15.098] Saving buffer 15.
[DBG@19:10:15.098] Saved 4096 bytes from buffer to file.
[DBG@19:10:15.098] Added buffer back to pool.
[DBG@19:10:15.348] Saving buffer 0.
[DBG@19:10:15.349] Saved 4096 bytes from buffer to file.
[DBG@19:10:15.349] Added buffer back to pool.
[DBG@19:10:15.608] Saving buffer 1.
[DBG@19:10:15.608] Saved 4096 bytes from buffer to file.
[DBG@19:10:15.608] Added buffer back to pool.
[DBG@19:10:15.868] Saving buffer 2.
[DBG@19:10:15.868] Saved 4096 bytes from buffer to file.
[DBG@19:10:15.868] Added buffer back to pool.
[DBG@19:10:16.118] Saving buffer 3.
[DBG@19:10:16.118] Saved 4096 bytes from buffer to file.
[DBG@19:10:16.118] Added buffer back to pool.
[DBG@19:10:16.378] Saving buffer 4.
[DBG@19:10:16.378] Saved 4096 bytes from buffer to file.
[DBG@19:10:16.378] Added buffer back to pool.
[DBG@19:10:16.628] Saving buffer 5.
[DBG@19:10:16.628] Saved 4096 bytes from buffer to file.
[DBG@19:10:16.628] Added buffer back to pool.
[DBG@19:10:16.888] Saving buffer 6.
[DBG@19:10:16.888] Saved 4096 bytes from buffer to file.
[DBG@19:10:16.888] Added buffer back to pool.
[DBG@19:10:17.148] Saving buffer 7.
[DBG@19:10:17.148] Saved 4096 bytes from buffer to file.
[DBG@19:10:17.148] Added buffer back to pool.
[DBG@19:10:17.398] Saving buffer 8.
[DBG@19:10:17.398] Saved 4096 bytes from buffer to file.
[DBG@19:10:17.398] Added buffer back to pool.
[DBG@19:10:17.658] Saving buffer 9.
[DBG@19:10:17.658] Saved 4096 bytes from buffer to file.
[DBG@19:10:17.658] Added buffer back to pool.
[DBG@19:10:17.908] Saving buffer 10.
[DBG@19:10:17.908] Saved 4096 bytes from buffer to file.
[DBG@19:10:17.908] Added buffer back to pool.
[DBG@19:10:18.168] Saving buffer 11.
[DBG@19:10:18.168] Saved 4096 bytes from buffer to file.
[DBG@19:10:18.168] Added buffer back to pool.
[DBG@19:10:18.428] Saving buffer 12.
[DBG@19:10:18.428] Saved 4096 bytes from buffer to file.
[DBG@19:10:18.428] Added buffer back to pool.
[DBG@19:10:18.678] Saving buffer 13.
[DBG@19:10:18.678] Saved 4096 bytes from buffer to file.
[DBG@19:10:18.678] Added buffer back to pool.
[DBG@19:10:18.938] Saving buffer 14.
[DBG@19:10:18.938] Saved 4096 bytes from buffer to file.
[DBG@19:10:18.938] Added buffer back to pool.
[DBG@19:10:19.188] Saving buffer 15.
[DBG@19:10:19.188] Saved 4096 bytes from buffer to file.
[DBG@19:10:19.188] Added buffer back to pool.
[DBG@19:10:19.448] Saving buffer 0.
[DBG@19:10:19.449] Saved 4096 bytes from buffer to file.
[DBG@19:10:19.449] Added buffer back to pool.
[DBG@19:10:19.708] Saving buffer 1.
[DBG@19:10:19.708] Saved 4096 bytes from buffer to file.
[DBG@19:10:19.708] Added buffer back to pool.
[DBG@19:10:19.958] Saving buffer 2.
[DBG@19:10:19.958] Saved 4096 bytes from buffer to file.
[DBG@19:10:19.958] Added buffer back to pool.
[DBG@19:10:20.218] Saving buffer 3.
[DBG@19:10:20.218] Saved 4096 bytes from buffer to file.
[DBG@19:10:20.218] Added buffer back to pool.
[DBG@19:10:20.468] Saving buffer 4.
[DBG@19:10:20.468] Saved 4096 bytes from buffer to file.
[DBG@19:10:20.468] Added buffer back to pool.
[DBG@19:10:20.728] Saving buffer 5.
[DBG@19:10:20.728] Saved 4096 bytes from buffer to file.
[DBG@19:10:20.728] Added buffer back to pool.
[DBG@19:10:20.988] Saving buffer 6.
[DBG@19:10:20.988] Saved 4096 bytes from buffer to file.
[DBG@19:10:20.988] Added buffer back to pool.
[DBG@19:10:21.238] Saving buffer 7.
[DBG@19:10:21.238] Saved 4096 bytes from buffer to file.
[DBG@19:10:21.238] Added buffer back to pool.
[DBG@19:10:21.498] Saving buffer 8.
[DBG@19:10:21.498] Saved 4096 bytes from buffer to file.
[DBG@19:10:21.498] Added buffer back to pool.
[DBG@19:10:21.748] Saving buffer 9.
[DBG@19:10:21.748] Saved 4096 bytes from buffer to file.
[DBG@19:10:21.748] Added buffer back to pool.
[DBG@19:10:22.008] Saving buffer 10.
[DBG@19:10:22.008] Saved 4096 bytes from buffer to file.
[DBG@19:10:22.008] Added buffer back to pool.
[DBG@19:10:22.268] Saving buffer 11.
[DBG@19:10:22.268] Saved 4096 bytes from buffer to file.
[DBG@19:10:22.268] Added buffer back to pool.
[DBG@19:10:22.518] Saving buffer 12.
[DBG@19:10:22.518] Saved 4096 bytes from buffer to file.
[DBG@19:10:22.518] Added buffer back to pool.
[DBG@19:10:22.778] Saving buffer 13.
[DBG@19:10:22.778] Saved 4096 bytes from buffer to file.
[DBG@19:10:22.778] Added buffer back to pool.
[DBG@19:10:23.028] Saving buffer 14.
[DBG@19:10:23.028] Saved 4096 bytes from buffer to file.
[DBG@19:10:23.028] Added buffer back to pool.
[DBG@19:10:23.288] Saving buffer 15.
[DBG@19:10:23.288] Saved 4096 bytes from buffer to file.
[DBG@19:10:23.288] Added buffer back to pool.
[DBG@19:10:23.548] Saving buffer 0.
[DBG@19:10:23.549] Saved 4096 bytes from buffer to file.
[DBG@19:10:23.549] Added buffer back to pool.
[DBG@19:10:23.798] Saving buffer 1.
[DBG@19:10:23.798] Saved 4096 bytes from buffer to file.
[DBG@19:10:23.798] Added buffer back to pool.
[DBG@19:10:24.058] Saving buffer 2.
[DBG@19:10:24.058] Saved 4096 bytes from buffer to file.
[DBG@19:10:24.058] Added buffer back to pool.
[DBG@19:10:24.308] Saving buffer 3.
[DBG@19:10:24.308] Saved 4096 bytes from buffer to file.
[DBG@19:10:24.309] Added buffer back to pool.
[DBG@19:10:24.568] Saving buffer 4.
[DBG@19:10:24.568] Saved 4096 bytes from buffer to file.
[DBG@19:10:24.568] Added buffer back to pool.
[DBG@19:10:24.828] Saving buffer 5.
[DBG@19:10:24.828] Saved 4096 bytes from buffer to file.
[DBG@19:10:24.828] Added buffer back to pool.
[DBG@19:10:25.078] Saving buffer 6.
[DBG@19:10:25.078] Saved 4096 bytes from buffer to file.
[DBG@19:10:25.078] Added buffer back to pool.
[DBG@19:10:25.338] Saving buffer 7.
[DBG@19:10:25.338] Saved 4096 bytes from buffer to file.
[DBG@19:10:25.338] Added buffer back to pool.
[DBG@19:10:25.588] Saving buffer 8.
[DBG@19:10:25.588] Saved 4096 bytes from buffer to file.
[DBG@19:10:25.588] Added buffer back to pool.
[DBG@19:10:25.848] Saving buffer 9.
[DBG@19:10:25.848] Saved 4096 bytes from buffer to file.
[DBG@19:10:25.848] Added buffer back to pool.
[DBG@19:10:26.108] Saving buffer 10.
[DBG@19:10:26.108] Saved 4096 bytes from buffer to file.
[DBG@19:10:26.108] Added buffer back to pool.
[DBG@19:10:26.358] Saving buffer 11.
[DBG@19:10:26.358] Saved 4096 bytes from buffer to file.
[DBG@19:10:26.358] Added buffer back to pool.
[DBG@19:10:26.618] Saving buffer 12.
[DBG@19:10:26.618] Saved 4096 bytes from buffer to file.
[DBG@19:10:26.618] Added buffer back to pool.
[DBG@19:10:26.868] Saving buffer 13.
[DBG@19:10:26.868] Saved 4096 bytes from buffer to file.
[DBG@19:10:26.868] Added buffer back to pool.
[DBG@19:10:27.128] Saving buffer 14.
[DBG@19:10:27.128] Saved 4096 bytes from buffer to file.
[DBG@19:10:27.128] Added buffer back to pool.
[DBG@19:10:27.388] Saving buffer 15.
[DBG@19:10:27.388] Saved 4096 bytes from buffer to file.
[DBG@19:10:27.388] Added buffer back to pool.
[DBG@19:10:27.638] Saving buffer 0.
[DBG@19:10:27.638] Saved 4096 bytes from buffer to file.
[DBG@19:10:27.638] Added buffer back to pool.
[DBG@19:10:27.898] Saving buffer 1.
[DBG@19:10:27.898] Saved 4096 bytes from buffer to file.
[DBG@19:10:27.898] Added buffer back to pool.
[DBG@19:10:28.148] Saving buffer 2.
[DBG@19:10:28.148] Saved 4096 bytes from buffer to file.
[DBG@19:10:28.148] Added buffer back to pool.
[DBG@19:10:28.408] Saving buffer 3.
[DBG@19:10:28.408] Saved 4096 bytes from buffer to file.
[DBG@19:10:28.408] Added buffer back to pool.
[DBG@19:10:28.668] Saving buffer 4.
[DBG@19:10:28.668] Saved 4096 bytes from buffer to file.
[DBG@19:10:28.668] Added buffer back to pool.
[DBG@19:10:28.918] Saving buffer 5.
[DBG@19:10:28.918] Saved 4096 bytes from buffer to file.
[DBG@19:10:28.918] Added buffer back to pool.
[DBG@19:10:29.178] Saving buffer 6.
[DBG@19:10:29.178] Saved 4096 bytes from buffer to file.
[DBG@19:10:29.178] Added buffer back to pool.
[DBG@19:10:29.428] Saving buffer 7.
[DBG@19:10:29.428] Saved 4096 bytes from buffer to file.
[DBG@19:10:29.428] Added buffer back to pool.
[DBG@19:10:29.688] Saving buffer 8.
[DBG@19:10:29.688] Saved 4096 bytes from buffer to file.
[DBG@19:10:29.688] Added buffer back to pool.
[DBG@19:10:29.947] Saving buffer 9.
[DBG@19:10:29.948] Saved 4096 bytes from buffer to file.
[DBG@19:10:29.948] Added buffer back to pool.
[DBG@19:10:30.197] Saving buffer 10.
[DBG@19:10:30.198] Saved 4096 bytes from buffer to file.
[DBG@19:10:30.198] Added buffer back to pool.
[DBG@19:10:30.457] Saving buffer 11.
[DBG@19:10:30.458] Saved 4096 bytes from buffer to file.
[DBG@19:10:30.458] Added buffer back to pool.
[DBG@19:10:30.708] Saving buffer 12.
[DBG@19:10:30.708] Saved 4096 bytes from buffer to file.
[DBG@19:10:30.708] Added buffer back to pool.
[DBG@19:10:30.967] Saving buffer 13.
[DBG@19:10:30.968] Saved 4096 bytes from buffer to file.
[DBG@19:10:30.968] Added buffer back to pool.
[DBG@19:10:31.228] Saving buffer 14.
[DBG@19:10:31.228] Saved 4096 bytes from buffer to file.
[DBG@19:10:31.228] Added buffer back to pool.
[DBG@19:10:31.478] Saving buffer 15.
[DBG@19:10:31.478] Saved 4096 bytes from buffer to file.
[DBG@19:10:31.478] Added buffer back to pool.
[DBG@19:10:31.737] Saving buffer 0.
[DBG@19:10:31.738] Saved 4096 bytes from buffer to file.
[DBG@19:10:31.739] Added buffer back to pool.
[DBG@19:10:31.987] Saving buffer 1.
[DBG@19:10:31.988] Saved 4096 bytes from buffer to file.
[DBG@19:10:31.988] Added buffer back to pool.
[DBG@19:10:32.247] Saving buffer 2.
[DBG@19:10:32.248] Saved 4096 bytes from buffer to file.
[DBG@19:10:32.248] Added buffer back to pool.
[DBG@19:10:32.508] Saving buffer 3.
[DBG@19:10:32.508] Saved 4096 bytes from buffer to file.
[DBG@19:10:32.508] Added buffer back to pool.
[DBG@19:10:32.757] Saving buffer 4.
[DBG@19:10:32.758] Saved 4096 bytes from buffer to file.
[DBG@19:10:32.758] Added buffer back to pool.
[DBG@19:10:33.017] Saving buffer 5.
[DBG@19:10:33.017] Saved 4096 bytes from buffer to file.
[DBG@19:10:33.018] Added buffer back to pool.
[DBG@19:10:33.267] Saving buffer 6.
[DBG@19:10:33.267] Saved 4096 bytes from buffer to file.
[DBG@19:10:33.268] Added buffer back to pool.
[DBG@19:10:33.527] Saving buffer 7.
[DBG@19:10:33.528] Saved 4096 bytes from buffer to file.
[DBG@19:10:33.528] Added buffer back to pool.
[DBG@19:10:33.787] Saving buffer 8.
[DBG@19:10:33.787] Saved 4096 bytes from buffer to file.
[DBG@19:10:33.788] Added buffer back to pool.
[DBG@19:10:34.037] Saving buffer 9.
[DBG@19:10:34.038] Saved 4096 bytes from buffer to file.
[DBG@19:10:34.038] Added buffer back to pool.
[DBG@19:10:34.297] Saving buffer 10.
[DBG@19:10:34.298] Saved 4096 bytes from buffer to file.
[DBG@19:10:34.298] Added buffer back to pool.
[DBG@19:10:34.547] Saving buffer 11.
[DBG@19:10:34.548] Saved 4096 bytes from buffer to file.
[DBG@19:10:34.548] Added buffer back to pool.
[DBG@19:10:34.807] Saving buffer 12.
[DBG@19:10:34.807] Saved 4096 bytes from buffer to file.
[DBG@19:10:34.808] Added buffer back to pool.
[DBG@19:10:35.067] Saving buffer 13.
[DBG@19:10:35.067] Saved 4096 bytes from buffer to file.
[DBG@19:10:35.067] Added buffer back to pool.
[DBG@19:10:35.317] Saving buffer 14.
[DBG@19:10:35.317] Saved 4096 bytes from buffer to file.
[DBG@19:10:35.318] Added buffer back to pool.
[DBG@19:10:35.577] Saving buffer 15.
[DBG@19:10:35.577] Saved 4096 bytes from buffer to file.
[DBG@19:10:35.578] Added buffer back to pool.
[DBG@19:10:35.827] Saving buffer 0.
[DBG@19:10:35.828] Saved 4096 bytes from buffer to file.
[DBG@19:10:35.829] Added buffer back to pool.
[DBG@19:10:36.087] Saving buffer 1.
[DBG@19:10:36.088] Saved 4096 bytes from buffer to file.
[DBG@19:10:36.088] Added buffer back to pool.
[DBG@19:10:36.347] Saving buffer 2.
[DBG@19:10:36.347] Saved 4096 bytes from buffer to file.
[DBG@19:10:36.347] Added buffer back to pool.
[DBG@19:10:36.597] Saving buffer 3.
[DBG@19:10:36.598] Saved 4096 bytes from buffer to file.
[DBG@19:10:36.598] Added buffer back to pool.
[DBG@19:10:36.857] Saving buffer 4.
[DBG@19:10:36.858] Saved 4096 bytes from buffer to file.
[DBG@19:10:36.858] Added buffer back to pool.
[DBG@19:10:37.107] Saving buffer 5.
[DBG@19:10:37.107] Saved 4096 bytes from buffer to file.
[DBG@19:10:37.108] Added buffer back to pool.
[DBG@19:10:37.367] Saving buffer 6.
[DBG@19:10:37.368] Saved 4096 bytes from buffer to file.
[DBG@19:10:37.368] Added buffer back to pool.
[DBG@19:10:37.627] Saving buffer 7.
[DBG@19:10:37.628] Saved 4096 bytes from buffer to file.
[DBG@19:10:37.628] Added buffer back to pool.
[DBG@19:10:37.877] Saving buffer 8.
[DBG@19:10:37.877] Saved 4096 bytes from buffer to file.
[DBG@19:10:37.878] Added buffer back to pool.
[DBG@19:10:38.137] Saving buffer 9.
[DBG@19:10:38.138] Saved 4096 bytes from buffer to file.
[DBG@19:10:38.138] Added buffer back to pool.
[DBG@19:10:38.387] Saving buffer 10.
[DBG@19:10:38.387] Saved 4096 bytes from buffer to file.
[DBG@19:10:38.388] Added buffer back to pool.
[DBG@19:10:38.647] Saving buffer 11.
[DBG@19:10:38.647] Saved 4096 bytes from buffer to file.
[DBG@19:10:38.669] Added buffer back to pool.
[DBG@19:10:38.907] Saving buffer 12.
[DBG@19:10:38.907] Saved 4096 bytes from buffer to file.
[DBG@19:10:38.907] Added buffer back to pool.
[DBG@19:10:39.157] Saving buffer 13.
[DBG@19:10:39.157] Saved 4096 bytes from buffer to file.
[DBG@19:10:39.157] Added buffer back to pool.
[DBG@19:10:39.417] Saving buffer 14.
[DBG@19:10:39.417] Saved 4096 bytes from buffer to file.
[DBG@19:10:39.417] Added buffer back to pool.
[DBG@19:10:39.667] Saving buffer 15.
[DBG@19:10:39.667] Saved 4096 bytes from buffer to file.
[DBG@19:10:39.667] Added buffer back to pool.
[DBG@19:10:39.927] Saving buffer 0.
[DBG@19:10:39.928] Saved 4096 bytes from buffer to file.
[DBG@19:10:39.929] Added buffer back to pool.
[DBG@19:10:40.187] Saving buffer 1.
[DBG@19:10:40.187] Saved 4096 bytes from buffer to file.
[DBG@19:10:40.187] Added buffer back to pool.
[DBG@19:10:40.437] Saving buffer 2.
[DBG@19:10:40.437] Saved 4096 bytes from buffer to file.
[DBG@19:10:40.437] Added buffer back to pool.
[DBG@19:10:40.697] Saving buffer 3.
[DBG@19:10:40.697] Saved 4096 bytes from buffer to file.
[DBG@19:10:40.697] Added buffer back to pool.
[DBG@19:10:40.947] Saving buffer 4.
[DBG@19:10:40.947] Saved 4096 bytes from buffer to file.
[DBG@19:10:40.947] Added buffer back to pool.
[DBG@19:10:41.207] Saving buffer 5.
[DBG@19:10:41.207] Saved 4096 bytes from buffer to file.
[DBG@19:10:41.207] Added buffer back to pool.
[DBG@19:10:41.467] Saving buffer 6.
[DBG@19:10:41.467] Saved 4096 bytes from buffer to file.
[DBG@19:10:41.467] Added buffer back to pool.
[DBG@19:10:41.717] Saving buffer 7.
[DBG@19:10:41.717] Saved 4096 bytes from buffer to file.
[DBG@19:10:41.717] Added buffer back to pool.
[DBG@19:10:41.977] Saving buffer 8.
[DBG@19:10:41.977] Saved 4096 bytes from buffer to file.
[DBG@19:10:41.977] Added buffer back to pool.
[DBG@19:10:42.227] Saving buffer 9.
[DBG@19:10:42.227] Saved 4096 bytes from buffer to file.
[DBG@19:10:42.227] Added buffer back to pool.
[DBG@19:10:42.487] Saving buffer 10.
[DBG@19:10:42.487] Saved 4096 bytes from buffer to file.
[DBG@19:10:42.488] Added buffer back to pool.
[DBG@19:10:42.747] Saving buffer 11.
[DBG@19:10:42.747] Saved 4096 bytes from buffer to file.
[DBG@19:10:42.747] Added buffer back to pool.
[DBG@19:10:42.997] Saving buffer 12.
[DBG@19:10:42.997] Saved 4096 bytes from buffer to file.
[DBG@19:10:42.997] Added buffer back to pool.
[DBG@19:10:43.257] Saving buffer 13.
[DBG@19:10:43.257] Saved 4096 bytes from buffer to file.
[DBG@19:10:43.258] Added buffer back to pool.
[DBG@19:10:43.507] Saving buffer 14.
[DBG@19:10:43.507] Saved 4096 bytes from buffer to file.
[DBG@19:10:43.507] Added buffer back to pool.
[DBG@19:10:43.767] Saving buffer 15.
[DBG@19:10:43.767] Saved 4096 bytes from buffer to file.
[DBG@19:10:43.767] Added buffer back to pool.
[DBG@19:10:44.027] Saving buffer 0.
[DBG@19:10:44.028] Saved 4096 bytes from buffer to file.
[DBG@19:10:44.028] Added buffer back to pool.
[DBG@19:10:44.277] Saving buffer 1.
[DBG@19:10:44.277] Saved 4096 bytes from buffer to file.
[DBG@19:10:44.277] Added buffer back to pool.
[DBG@19:10:44.537] Saving buffer 2.
[DBG@19:10:44.537] Saved 4096 bytes from buffer to file.
[DBG@19:10:44.537] Added buffer back to pool.
[DBG@19:10:44.787] Saving buffer 3.
[DBG@19:10:44.787] Saved 4096 bytes from buffer to file.
[DBG@19:10:44.787] Added buffer back to pool.
[DBG@19:10:45.047] Saving buffer 4.
[DBG@19:10:45.047] Saved 4096 bytes from buffer to file.
[DBG@19:10:45.047] Added buffer back to pool.
[DBG@19:10:45.307] Saving buffer 5.
[DBG@19:10:45.307] Saved 4096 bytes from buffer to file.
[DBG@19:10:45.307] Added buffer back to pool.
[DBG@19:10:45.557] Saving buffer 6.
[DBG@19:10:45.557] Saved 4096 bytes from buffer to file.
[DBG@19:10:45.557] Added buffer back to pool.
[DBG@19:10:45.817] Saving buffer 7.
[DBG@19:10:45.818] Saved 4096 bytes from buffer to file.
[DBG@19:10:45.818] Added buffer back to pool.
[DBG@19:10:46.067] Saving buffer 8.
[DBG@19:10:46.067] Saved 4096 bytes from buffer to file.
[DBG@19:10:46.067] Added buffer back to pool.
[DBG@19:10:46.327] Saving buffer 9.
[DBG@19:10:46.327] Saved 4096 bytes from buffer to file.
[DBG@19:10:46.327] Added buffer back to pool.
[DBG@19:10:46.587] Saving buffer 10.
[DBG@19:10:46.587] Saved 4096 bytes from buffer to file.
[DBG@19:10:46.587] Added buffer back to pool.
[DBG@19:10:46.837] Saving buffer 11.
[DBG@19:10:46.837] Saved 4096 bytes from buffer to file.
[DBG@19:10:46.837] Added buffer back to pool.
[DBG@19:10:47.097] Saving buffer 12.
[DBG@19:10:47.097] Saved 4096 bytes from buffer to file.
[DBG@19:10:47.097] Added buffer back to pool.
[DBG@19:10:47.347] Saving buffer 13.
[DBG@19:10:47.347] Saved 4096 bytes from buffer to file.
[DBG@19:10:47.347] Added buffer back to pool.
[DBG@19:10:47.607] Saving buffer 14.
[DBG@19:10:47.607] Saved 4096 bytes from buffer to file.
[DBG@19:10:47.607] Added buffer back to pool.
[DBG@19:10:47.867] Saving buffer 15.
[DBG@19:10:47.867] Saved 4096 bytes from buffer to file.
[DBG@19:10:47.867] Added buffer back to pool.
[DBG@19:10:48.117] Saving buffer 0.
[DBG@19:10:48.117] Saved 4096 bytes from buffer to file.
[DBG@19:10:48.118] Added buffer back to pool.
[DBG@19:10:48.377] Saving buffer 1.
[DBG@19:10:48.377] Saved 4096 bytes from buffer to file.
[DBG@19:10:48.377] Added buffer back to pool.
[DBG@19:10:48.627] Saving buffer 2.
[DBG@19:10:48.627] Saved 4096 bytes from buffer to file.
[DBG@19:10:48.627] Added buffer back to pool.
[DBG@19:10:48.887] Saving buffer 3.
[DBG@19:10:48.887] Saved 4096 bytes from buffer to file.
[DBG@19:10:48.888] Added buffer back to pool.
[DBG@19:10:49.147] Saving buffer 4.
[DBG@19:10:49.147] Saved 4096 bytes from buffer to file.
[DBG@19:10:49.147] Added buffer back to pool.
[DBG@19:10:49.397] Saving buffer 5.
[DBG@19:10:49.397] Saved 4096 bytes from buffer to file.
[DBG@19:10:49.397] Added buffer back to pool.
[DBG@19:10:49.657] Saving buffer 6.
[DBG@19:10:49.657] Saved 4096 bytes from buffer to file.
[DBG@19:10:49.657] Added buffer back to pool.
[DBG@19:10:49.907] Saving buffer 7.
[DBG@19:10:49.907] Saved 4096 bytes from buffer to file.
[DBG@19:10:49.907] Added buffer back to pool.
[DBG@19:10:50.167] Saving buffer 8.
[DBG@19:10:50.167] Saved 4096 bytes from buffer to file.
[DBG@19:10:50.167] Added buffer back to pool.
[DBG@19:10:50.427] Saving buffer 9.
[DBG@19:10:50.427] Saved 4096 bytes from buffer to file.
[DBG@19:10:50.427] Added buffer back to pool.
[DBG@19:10:50.677] Saving buffer 10.
[DBG@19:10:50.677] Saved 4096 bytes from buffer to file.
[DBG@19:10:50.677] Added buffer back to pool.
[DBG@19:10:50.937] Saving buffer 11.
[DBG@19:10:50.937] Saved 4096 bytes from buffer to file.
[DBG@19:10:50.937] Added buffer back to pool.
[DBG@19:10:51.187] Saving buffer 12.
[DBG@19:10:51.187] Saved 4096 bytes from buffer to file.
[DBG@19:10:51.187] Added buffer back to pool.
[DBG@19:10:51.447] Saving buffer 13.
[DBG@19:10:51.447] Saved 4096 bytes from buffer to file.
[DBG@19:10:51.447] Added buffer back to pool.
[DBG@19:10:51.707] Saving buffer 14.
[DBG@19:10:51.707] Saved 4096 bytes from buffer to file.
[DBG@19:10:51.707] Added buffer back to pool.
[DBG@19:10:51.957] Saving buffer 15.
[DBG@19:10:51.957] Saved 4096 bytes from buffer to file.
[DBG@19:10:52.028] Added buffer back to pool.
[DBG@19:10:52.217] Saving buffer 0.
[DBG@19:10:52.218] Saved 4096 bytes from buffer to file.
[DBG@19:10:52.218] Added buffer back to pool.
[DBG@19:10:52.467] Saving buffer 1.
[DBG@19:10:52.467] Saved 4096 bytes from buffer to file.
[DBG@19:10:52.467] Added buffer back to pool.
[DBG@19:10:52.727] Saving buffer 2.
[DBG@19:10:52.727] Saved 4096 bytes from buffer to file.
[DBG@19:10:52.727] Added buffer back to pool.
[DBG@19:10:52.987] Saving buffer 3.
[DBG@19:10:52.987] Saved 4096 bytes from buffer to file.
[DBG@19:10:52.987] Added buffer back to pool.
[DBG@19:10:53.237] Saving buffer 4.
[DBG@19:10:53.237] Saved 4096 bytes from buffer to file.
[DBG@19:10:53.237] Added buffer back to pool.
[DBG@19:10:53.497] Saving buffer 5.
[DBG@19:10:53.497] Saved 4096 bytes from buffer to file.
[DBG@19:10:53.497] Added buffer back to pool.
[DBG@19:10:53.747] Saving buffer 6.
[DBG@19:10:53.747] Saved 4096 bytes from buffer to file.
[DBG@19:10:53.747] Added buffer back to pool.
[DBG@19:10:54.007] Saving buffer 7.
[DBG@19:10:54.007] Saved 4096 bytes from buffer to file.
[DBG@19:10:54.007] Added buffer back to pool.
[DBG@19:10:54.266] Saving buffer 8.
[DBG@19:10:54.267] Saved 4096 bytes from buffer to file.
[DBG@19:10:54.267] Added buffer back to pool.
[DBG@19:10:54.516] Saving buffer 9.
[DBG@19:10:54.517] Saved 4096 bytes from buffer to file.
[DBG@19:10:54.517] Added buffer back to pool.
[DBG@19:10:54.776] Saving buffer 10.
[DBG@19:10:54.777] Saved 4096 bytes from buffer to file.
[DBG@19:10:54.777] Added buffer back to pool.
[DBG@19:10:55.026] Saving buffer 11.
[DBG@19:10:55.027] Saved 4096 bytes from buffer to file.
[DBG@19:10:55.027] Added buffer back to pool.
[DBG@19:10:55.286] Saving buffer 12.
[DBG@19:10:55.287] Saved 4096 bytes from buffer to file.
[DBG@19:10:55.287] Added buffer back to pool.
[DBG@19:10:55.546] Saving buffer 13.
[DBG@19:10:55.547] Saved 4096 bytes from buffer to file.
[DBG@19:10:55.547] Added buffer back to pool.
[DBG@19:10:55.796] Saving buffer 14.
[DBG@19:10:55.797] Saved 4096 bytes from buffer to file.
[DBG@19:10:55.797] Added buffer back to pool.
[DBG@19:10:56.056] Saving buffer 15.
[DBG@19:10:56.057] Saved 4096 bytes from buffer to file.
[DBG@19:10:56.057] Added buffer back to pool.
[DBG@19:10:56.306] Saving buffer 0.
[DBG@19:10:56.307] Saved 4096 bytes from buffer to file.
[DBG@19:10:56.307] Added buffer back to pool.
[DBG@19:10:56.566] Saving buffer 1.
[DBG@19:10:56.567] Saved 4096 bytes from buffer to file.
[DBG@19:10:56.567] Added buffer back to pool.
[DBG@19:10:56.826] Saving buffer 2.
[DBG@19:10:56.827] Saved 4096 bytes from buffer to file.
[DBG@19:10:56.827] Added buffer back to pool.
[DBG@19:10:57.076] Saving buffer 3.
[DBG@19:10:57.077] Saved 4096 bytes from buffer to file.
[DBG@19:10:57.077] Added buffer back to pool.
[DBG@19:10:57.336] Saving buffer 4.
[DBG@19:10:57.336] Saved 4096 bytes from buffer to file.
[DBG@19:10:57.337] Added buffer back to pool.
[DBG@19:10:57.586] Saving buffer 5.
[DBG@19:10:57.586] Saved 4096 bytes from buffer to file.
[DBG@19:10:57.587] Added buffer back to pool.
[DBG@19:10:57.846] Saving buffer 6.
[DBG@19:10:57.846] Saved 4096 bytes from buffer to file.
[DBG@19:10:57.847] Added buffer back to pool.
[DBG@19:10:58.106] Saving buffer 7.
[DBG@19:10:58.106] Saved 4096 bytes from buffer to file.
[DBG@19:10:58.107] Added buffer back to pool.
[DBG@19:10:58.356] Saving buffer 8.
[DBG@19:10:58.356] Saved 4096 bytes from buffer to file.
[DBG@19:10:58.357] Added buffer back to pool.
[DBG@19:10:58.616] Saving buffer 9.
[DBG@19:10:58.616] Saved 4096 bytes from buffer to file.
[DBG@19:10:58.617] Added buffer back to pool.
[DBG@19:10:58.866] Saving buffer 10.
[DBG@19:10:58.866] Saved 4096 bytes from buffer to file.
[DBG@19:10:58.867] Added buffer back to pool.
[DBG@19:10:59.126] Saving buffer 11.
[DBG@19:10:59.126] Saved 4096 bytes from buffer to file.
[DBG@19:10:59.127] Added buffer back to pool.
[DBG@19:10:59.386] Saving buffer 12.
[DBG@19:10:59.387] Saved 4096 bytes from buffer to file.
[DBG@19:10:59.387] Added buffer back to pool.
[DBG@19:10:59.636] Saving buffer 13.
[DBG@19:10:59.637] Saved 4096 bytes from buffer to file.
[DBG@19:10:59.637] Added buffer back to pool.
[DBG@19:10:59.896] Saving buffer 14.
[DBG@19:10:59.896] Saved 4096 bytes from buffer to file.
[DBG@19:10:59.896] Added buffer back to pool.
[DBG@19:11:00.146] Saving buffer 15.
[DBG@19:11:00.146] Saved 4096 bytes from buffer to file.
[DBG@19:11:00.147] Added buffer back to pool.
[DBG@19:11:00.406] Saving buffer 0.
[DBG@19:11:00.407] Saved 4096 bytes from buffer to file.
[DBG@19:11:00.407] Added buffer back to pool.
[DBG@19:11:00.666] Saving buffer 1.
[DBG@19:11:00.666] Saved 4096 bytes from buffer to file.
[DBG@19:11:00.666] Added buffer back to pool.
[DBG@19:11:00.916] Saving buffer 2.
[DBG@19:11:00.916] Saved 4096 bytes from buffer to file.
[DBG@19:11:00.916] Added buffer back to pool.
[DBG@19:11:01.176] Saving buffer 3.
[DBG@19:11:01.176] Saved 4096 bytes from buffer to file.
[DBG@19:11:01.176] Added buffer back to pool.
[DBG@19:11:01.426] Saving buffer 4.
[DBG@19:11:01.426] Saved 4096 bytes from buffer to file.
[DBG@19:11:01.426] Added buffer back to pool.
[DBG@19:11:01.686] Saving buffer 5.
[DBG@19:11:01.686] Saved 4096 bytes from buffer to file.
[DBG@19:11:01.687] Added buffer back to pool.
[DBG@19:11:01.946] Saving buffer 6.
[DBG@19:11:01.946] Saved 4096 bytes from buffer to file.
[DBG@19:11:01.946] Added buffer back to pool.
[DBG@19:11:02.196] Saving buffer 7.
[DBG@19:11:02.196] Saved 4096 bytes from buffer to file.
[DBG@19:11:02.196] Added buffer back to pool.
[DBG@19:11:02.456] Saving buffer 8.
[DBG@19:11:02.456] Saved 4096 bytes from buffer to file.
[DBG@19:11:02.456] Added buffer back to pool.
[DBG@19:11:02.706] Saving buffer 9.
[DBG@19:11:02.706] Saved 4096 bytes from buffer to file.
[DBG@19:11:02.707] Added buffer back to pool.
[DBG@19:11:02.966] Saving buffer 10.
[DBG@19:11:02.966] Saved 4096 bytes from buffer to file.
[DBG@19:11:02.966] Added buffer back to pool.
[DBG@19:11:03.226] Saving buffer 11.
[DBG@19:11:03.226] Saved 4096 bytes from buffer to file.
[DBG@19:11:03.226] Added buffer back to pool.
[DBG@19:11:03.476] Saving buffer 12.
[DBG@19:11:03.476] Saved 4096 bytes from buffer to file.
[DBG@19:11:03.476] Added buffer back to pool.
[DBG@19:11:03.736] Saving buffer 13.
[DBG@19:11:03.736] Saved 4096 bytes from buffer to file.
[DBG@19:11:03.736] Added buffer back to pool.
[DBG@19:11:03.986] Saving buffer 14.
[DBG@19:11:03.986] Saved 4096 bytes from buffer to file.
[DBG@19:11:03.986] Added buffer back to pool.
[DBG@19:11:04.246] Saving buffer 15.
[DBG@19:11:04.246] Saved 4096 bytes from buffer to file.
[DBG@19:11:04.246] Added buffer back to pool.
[DBG@19:11:04.506] Saving buffer 0.
[DBG@19:11:04.507] Saved 4096 bytes from buffer to file.
[DBG@19:11:04.507] Added buffer back to pool.
[DBG@19:11:04.756] Saving buffer 1.
[DBG@19:11:04.756] Saved 4096 bytes from buffer to file.
[DBG@19:11:04.756] Added buffer back to pool.
[DBG@19:11:05.016] Saving buffer 2.
[DBG@19:11:05.016] Saved 4096 bytes from buffer to file.
[DBG@19:11:05.016] Added buffer back to pool.
[DBG@19:11:05.266] Saving buffer 3.
[DBG@19:11:05.266] Saved 4096 bytes from buffer to file.
[DBG@19:11:05.266] Added buffer back to pool.
[DBG@19:11:05.526] Saving buffer 4.
[DBG@19:11:05.526] Saved 4096 bytes from buffer to file.
[DBG@19:11:05.526] Added buffer back to pool.
[DBG@19:11:05.786] Saving buffer 5.
[DBG@19:11:05.786] Saved 4096 bytes from buffer to file.
[DBG@19:11:05.786] Added buffer back to pool.
[DBG@19:11:06.036] Saving buffer 6.
[DBG@19:11:06.036] Saved 4096 bytes from buffer to file.
[DBG@19:11:06.036] Added buffer back to pool.
[DBG@19:11:06.296] Saving buffer 7.
[DBG@19:11:06.296] Saved 4096 bytes from buffer to file.
[DBG@19:11:06.296] Added buffer back to pool.
[DBG@19:11:06.546] Saving buffer 8.
[DBG@19:11:06.546] Saved 4096 bytes from buffer to file.
[DBG@19:11:06.546] Added buffer back to pool.
[DBG@19:11:06.806] Saving buffer 9.
[DBG@19:11:06.806] Saved 4096 bytes from buffer to file.
[DBG@19:11:06.806] Added buffer back to pool.
[DBG@19:11:07.066] Saving buffer 10.
[DBG@19:11:07.066] Saved 4096 bytes from buffer to file.
[DBG@19:11:07.066] Added buffer back to pool.
[DBG@19:11:07.316] Saving buffer 11.
[DBG@19:11:07.316] Saved 4096 bytes from buffer to file.
[DBG@19:11:07.316] Added buffer back to pool.
[DBG@19:11:07.576] Saving buffer 12.
[DBG@19:11:07.576] Saved 4096 bytes from buffer to file.
[DBG@19:11:07.576] Added buffer back to pool.
[DBG@19:11:07.826] Saving buffer 13.
[DBG@19:11:07.826] Saved 4096 bytes from buffer to file.
[DBG@19:11:07.826] Added buffer back to pool.
[DBG@19:11:08.086] Saving buffer 14.
[DBG@19:11:08.086] Saved 4096 bytes from buffer to file.
[DBG@19:11:08.086] Added buffer back to pool.
[DBG@19:11:08.346] Saving buffer 15.
[DBG@19:11:08.346] Saved 4096 bytes from buffer to file.
[DBG@19:11:08.346] Added buffer back to pool.
[DBG@19:11:08.596] Saving buffer 0.
[DBG@19:11:08.597] Saved 4096 bytes from buffer to file.
[DBG@19:11:08.597] Added buffer back to pool.
[DBG@19:11:08.856] Saving buffer 1.
[DBG@19:11:08.856] Saved 4096 bytes from buffer to file.
[DBG@19:11:08.856] Added buffer back to pool.
[DBG@19:11:09.106] Saving buffer 2.
[DBG@19:11:09.106] Saved 4096 bytes from buffer to file.
[DBG@19:11:09.106] Added buffer back to pool.
[DBG@19:11:09.366] Saving buffer 3.
[DBG@19:11:09.366] Saved 4096 bytes from buffer to file.
[DBG@19:11:09.366] Added buffer back to pool.
[DBG@19:11:09.626] Saving buffer 4.
[DBG@19:11:09.626] Saved 4096 bytes from buffer to file.
[DBG@19:11:09.626] Added buffer back to pool.
[DBG@19:11:09.876] Saving buffer 5.
[DBG@19:11:09.876] Saved 4096 bytes from buffer to file.
[DBG@19:11:09.876] Added buffer back to pool.
[DBG@19:11:10.136] Saving buffer 6.
[DBG@19:11:10.136] Saved 4096 bytes from buffer to file.
[DBG@19:11:10.136] Added buffer back to pool.
[DBG@19:11:10.386] Saving buffer 7.
[DBG@19:11:10.386] Saved 4096 bytes from buffer to file.
[DBG@19:11:10.386] Added buffer back to pool.
[DBG@19:11:10.646] Saving buffer 8.
[DBG@19:11:10.646] Saved 4096 bytes from buffer to file.
[DBG@19:11:10.646] Added buffer back to pool.
[DBG@19:11:10.906] Saving buffer 9.
[DBG@19:11:10.906] Saved 4096 bytes from buffer to file.
[DBG@19:11:10.906] Added buffer back to pool.
[DBG@19:11:11.156] Saving buffer 10.
[DBG@19:11:11.156] Saved 4096 bytes from buffer to file.
[DBG@19:11:11.156] Added buffer back to pool.
[DBG@19:11:11.416] Saving buffer 11.
[DBG@19:11:11.416] Saved 4096 bytes from buffer to file.
[DBG@19:11:11.416] Added buffer back to pool.
[DBG@19:11:11.666] Saving buffer 12.
[DBG@19:11:11.666] Saved 4096 bytes from buffer to file.
[DBG@19:11:11.666] Added buffer back to pool.
[DBG@19:11:11.926] Saving buffer 13.
[DBG@19:11:11.926] Saved 4096 bytes from buffer to file.
[DBG@19:11:11.926] Added buffer back to pool.
[DBG@19:11:12.186] Saving buffer 14.
[DBG@19:11:12.186] Saved 4096 bytes from buffer to file.
[DBG@19:11:12.186] Added buffer back to pool.
[DBG@19:11:12.436] Saving buffer 15.
[DBG@19:11:12.436] Saved 4096 bytes from buffer to file.
[DBG@19:11:12.436] Added buffer back to pool.
[DBG@19:11:12.696] Saving buffer 0.
[DBG@19:11:12.697] Saved 4096 bytes from buffer to file.
[DBG@19:11:12.697] Added buffer back to pool.
[DBG@19:11:12.946] Saving buffer 1.
[DBG@19:11:12.946] Saved 4096 bytes from buffer to file.
[DBG@19:11:12.946] Added buffer back to pool.
[DBG@19:11:13.206] Saving buffer 2.
[DBG@19:11:13.206] Saved 4096 bytes from buffer to file.
[DBG@19:11:13.206] Added buffer back to pool.
[DBG@19:11:13.466] Saving buffer 3.
[DBG@19:11:13.466] Saved 4096 bytes from buffer to file.
[DBG@19:11:13.466] Added buffer back to pool.
[DBG@19:11:13.716] Saving buffer 4.
[DBG@19:11:13.716] Saved 4096 bytes from buffer to file.
[DBG@19:11:13.716] Added buffer back to pool.
[DBG@19:11:13.976] Saving buffer 5.
[DBG@19:11:13.976] Saved 4096 bytes from buffer to file.
[DBG@19:11:13.976] Added buffer back to pool.
[DBG@19:11:14.226] Saving buffer 6.
[DBG@19:11:14.226] Saved 4096 bytes from buffer to file.
[DBG@19:11:14.226] Added buffer back to pool.
[DBG@19:11:14.486] Saving buffer 7.
[DBG@19:11:14.486] Saved 4096 bytes from buffer to file.
[DBG@19:11:14.486] Added buffer back to pool.
[DBG@19:11:14.746] Saving buffer 8.
[DBG@19:11:14.746] Saved 4096 bytes from buffer to file.
[DBG@19:11:14.746] Added buffer back to pool.
[DBG@19:11:14.996] Saving buffer 9.
[DBG@19:11:14.996] Saved 4096 bytes from buffer to file.
[DBG@19:11:14.996] Added buffer back to pool.
[DBG@19:11:15.256] Saving buffer 10.
[DBG@19:11:15.256] Saved 4096 bytes from buffer to file.
[DBG@19:11:15.256] Added buffer back to pool.
[DBG@19:11:15.506] Saving buffer 11.
[DBG@19:11:15.506] Saved 4096 bytes from buffer to file.
[DBG@19:11:15.506] Added buffer back to pool.
[DBG@19:11:15.766] Saving buffer 12.
[DBG@19:11:15.766] Saved 4096 bytes from buffer to file.
[DBG@19:11:15.766] Added buffer back to pool.
[DBG@19:11:16.026] Saving buffer 13.
[DBG@19:11:16.026] Saved 4096 bytes from buffer to file.
[DBG@19:11:16.026] Added buffer back to pool.
[DBG@19:11:16.276] Saving buffer 14.
[DBG@19:11:16.276] Saved 4096 bytes from buffer to file.
[DBG@19:11:16.276] Added buffer back to pool.
[DBG@19:11:16.536] Saving buffer 15.
[DBG@19:11:16.536] Saved 4096 bytes from buffer to file.
[DBG@19:11:16.536] Added buffer back to pool.
[DBG@19:11:16.786] Saving buffer 0.
[DBG@19:11:16.786] Saved 4096 bytes from buffer to file.
[DBG@19:11:16.786] Added buffer back to pool.
[DBG@19:11:17.046] Saving buffer 1.
[DBG@19:11:17.046] Saved 4096 bytes from buffer to file.
[DBG@19:11:17.046] Added buffer back to pool.
[DBG@19:11:17.306] Saving buffer 2.
[DBG@19:11:17.306] Saved 4096 bytes from buffer to file.
[DBG@19:11:17.306] Added buffer back to pool.
[DBG@19:11:17.556] Saving buffer 3.
[DBG@19:11:17.556] Saved 4096 bytes from buffer to file.
[DBG@19:11:17.556] Added buffer back to pool.
[DBG@19:11:17.816] Saving buffer 4.
[DBG@19:11:17.816] Saved 4096 bytes from buffer to file.
[DBG@19:11:17.816] Added buffer back to pool.
[DBG@19:11:18.066] Saving buffer 5.
[DBG@19:11:18.066] Saved 4096 bytes from buffer to file.
[DBG@19:11:18.066] Added buffer back to pool.
[DBG@19:11:18.326] Saving buffer 6.
[DBG@19:11:18.326] Saved 4096 bytes from buffer to file.
[DBG@19:11:18.326] Added buffer back to pool.
[DBG@19:11:18.585] Saving buffer 7.
[DBG@19:11:18.586] Saved 4096 bytes from buffer to file.
[DBG@19:11:18.586] Added buffer back to pool.
[DBG@19:11:18.836] Saving buffer 8.
[DBG@19:11:18.836] Saved 4096 bytes from buffer to file.
[DBG@19:11:18.836] Added buffer back to pool.
[DBG@19:11:19.095] Saving buffer 9.
[DBG@19:11:19.096] Saved 4096 bytes from buffer to file.
[DBG@19:11:19.096] Added buffer back to pool.
[DBG@19:11:19.345] Saving buffer 10.
[DBG@19:11:19.346] Saved 4096 bytes from buffer to file.
[DBG@19:11:19.346] Added buffer back to pool.
[DBG@19:11:19.605] Saving buffer 11.
[DBG@19:11:19.606] Saved 4096 bytes from buffer to file.
[DBG@19:11:19.606] Added buffer back to pool.
[DBG@19:11:19.865] Saving buffer 12.
[DBG@19:11:19.866] Saved 4096 bytes from buffer to file.
[DBG@19:11:19.866] Added buffer back to pool.
[DBG@19:11:20.115] Saving buffer 13.
[DBG@19:11:20.116] Saved 4096 bytes from buffer to file.
[DBG@19:11:20.116] Added buffer back to pool.
[DBG@19:11:20.375] Saving buffer 14.
[DBG@19:11:20.376] Saved 4096 bytes from buffer to file.
[DBG@19:11:20.376] Added buffer back to pool.
[DBG@19:11:20.625] Saving buffer 15.
[DBG@19:11:20.626] Saved 4096 bytes from buffer to file.
[DBG@19:11:20.626] Added buffer back to pool.
[DBG@19:11:20.885] Saving buffer 0.
[DBG@19:11:20.886] Saved 4096 bytes from buffer to file.
[DBG@19:11:20.886] Added buffer back to pool.
[DBG@19:11:21.145] Saving buffer 1.
[DBG@19:11:21.146] Saved 4096 bytes from buffer to file.
[DBG@19:11:21.146] Added buffer back to pool.
[DBG@19:11:21.395] Saving buffer 2.
[DBG@19:11:21.396] Saved 4096 bytes from buffer to file.
[DBG@19:11:21.396] Added buffer back to pool.
[DBG@19:11:21.655] Saving buffer 3.
[DBG@19:11:21.656] Saved 4096 bytes from buffer to file.
[DBG@19:11:21.656] Added buffer back to pool.
[DBG@19:11:21.905] Saving buffer 4.
[DBG@19:11:21.906] Saved 4096 bytes from buffer to file.
[DBG@19:11:21.906] Added buffer back to pool.
[DBG@19:11:22.165] Saving buffer 5.
[DBG@19:11:22.166] Saved 4096 bytes from buffer to file.
[DBG@19:11:22.166] Added buffer back to pool.
[DBG@19:11:22.425] Saving buffer 6.
[DBG@19:11:22.426] Saved 4096 bytes from buffer to file.
[DBG@19:11:22.426] Added buffer back to pool.
[DBG@19:11:22.676] Saving buffer 7.
[DBG@19:11:22.676] Saved 4096 bytes from buffer to file.
[DBG@19:11:22.676] Added buffer back to pool.
[DBG@19:11:22.935] Saving buffer 8.
[DBG@19:11:22.936] Saved 4096 bytes from buffer to file.
[DBG@19:11:22.936] Added buffer back to pool.
[DBG@19:11:23.185] Saving buffer 9.
[DBG@19:11:23.186] Saved 4096 bytes from buffer to file.
[DBG@19:11:23.186] Added buffer back to pool.
[DBG@19:11:23.446] Saving buffer 10.
[DBG@19:11:23.446] Saved 4096 bytes from buffer to file.
[DBG@19:11:23.446] Added buffer back to pool.
[DBG@19:11:23.705] Saving buffer 11.
[DBG@19:11:23.706] Saved 4096 bytes from buffer to file.
[DBG@19:11:23.706] Added buffer back to pool.
[DBG@19:11:23.955] Saving buffer 12.
[DBG@19:11:23.956] Saved 4096 bytes from buffer to file.
[DBG@19:11:23.956] Added buffer back to pool.
[DBG@19:11:24.215] Saving buffer 13.
[DBG@19:11:24.215] Saved 4096 bytes from buffer to file.
[DBG@19:11:24.216] Added buffer back to pool.
[DBG@19:11:24.465] Saving buffer 14.
[DBG@19:11:24.466] Saved 4096 bytes from buffer to file.
[DBG@19:11:24.466] Added buffer back to pool.
[DBG@19:11:24.725] Saving buffer 15.
[DBG@19:11:24.725] Saved 4096 bytes from buffer to file.
[DBG@19:11:24.726] Added buffer back to pool.
[DBG@19:11:24.985] Saving buffer 0.
[DBG@19:11:24.987] Saved 4096 bytes from buffer to file.
[DBG@19:11:24.987] Added buffer back to pool.
[DBG@19:11:25.235] Saving buffer 1.
[DBG@19:11:25.236] Saved 4096 bytes from buffer to file.
[DBG@19:11:25.236] Added buffer back to pool.
[DBG@19:11:25.495] Saving buffer 2.
[DBG@19:11:25.496] Saved 4096 bytes from buffer to file.
[DBG@19:11:25.497] Added buffer back to pool.
[DBG@19:11:25.745] Saving buffer 3.
[DBG@19:11:25.746] Saved 4096 bytes from buffer to file.
[DBG@19:11:25.746] Added buffer back to pool.
[DBG@19:11:26.005] Saving buffer 4.
[DBG@19:11:26.005] Saved 4096 bytes from buffer to file.
[DBG@19:11:26.005] Added buffer back to pool.
[DBG@19:11:26.265] Saving buffer 5.
[DBG@19:11:26.265] Saved 4096 bytes from buffer to file.
[DBG@19:11:26.265] Added buffer back to pool.
[DBG@19:11:26.515] Saving buffer 6.
[DBG@19:11:26.515] Saved 4096 bytes from buffer to file.
[DBG@19:11:26.515] Added buffer back to pool.
[DBG@19:11:26.775] Saving buffer 7.
[DBG@19:11:26.775] Saved 4096 bytes from buffer to file.
[DBG@19:11:26.775] Added buffer back to pool.
[DBG@19:11:27.025] Saving buffer 8.
[DBG@19:11:27.025] Saved 4096 bytes from buffer to file.
[DBG@19:11:27.025] Added buffer back to pool.
[DBG@19:11:27.285] Saving buffer 9.
[DBG@19:11:27.285] Saved 4096 bytes from buffer to file.
[DBG@19:11:27.285] Added buffer back to pool.
[DBG@19:11:27.545] Saving buffer 10.
[DBG@19:11:27.545] Saved 4096 bytes from buffer to file.
[DBG@19:11:27.545] Added buffer back to pool.
[DBG@19:11:27.795] Saving buffer 11.
[DBG@19:11:27.795] Saved 4096 bytes from buffer to file.
[DBG@19:11:27.795] Added buffer back to pool.
[DBG@19:11:28.055] Saving buffer 12.
[DBG@19:11:28.055] Saved 4096 bytes from buffer to file.
[DBG@19:11:28.055] Added buffer back to pool.
[DBG@19:11:28.305] Saving buffer 13.
[DBG@19:11:28.305] Saved 4096 bytes from buffer to file.
[DBG@19:11:28.305] Added buffer back to pool.
[DBG@19:11:28.565] Saving buffer 14.
[DBG@19:11:28.565] Saved 4096 bytes from buffer to file.
[DBG@19:11:28.565] Added buffer back to pool.
[DBG@19:11:28.825] Saving buffer 15.
[DBG@19:11:28.825] Saved 4096 bytes from buffer to file.
[DBG@19:11:28.826] Added buffer back to pool.
[DBG@19:11:29.075] Saving buffer 0.
[DBG@19:11:29.076] Saved 4096 bytes from buffer to file.
[DBG@19:11:29.076] Added buffer back to pool.
[DBG@19:11:29.335] Saving buffer 1.
[DBG@19:11:29.335] Saved 4096 bytes from buffer to file.
[DBG@19:11:29.335] Added buffer back to pool.
[DBG@19:11:29.585] Saving buffer 2.
[DBG@19:11:29.585] Saved 4096 bytes from buffer to file.
[DBG@19:11:29.585] Added buffer back to pool.
[DBG@19:11:29.845] Saving buffer 3.
[DBG@19:11:29.845] Saved 4096 bytes from buffer to file.
[DBG@19:11:29.845] Added buffer back to pool.
[DBG@19:11:30.105] Saving buffer 4.
[DBG@19:11:30.105] Saved 4096 bytes from buffer to file.
[DBG@19:11:30.105] Added buffer back to pool.
[DBG@19:11:30.355] Saving buffer 5.
[DBG@19:11:30.355] Saved 4096 bytes from buffer to file.
[DBG@19:11:30.355] Added buffer back to pool.
[DBG@19:11:30.615] Saving buffer 6.
[DBG@19:11:30.615] Saved 4096 bytes from buffer to file.
[DBG@19:11:30.615] Added buffer back to pool.
[DBG@19:11:30.865] Saving buffer 7.
[DBG@19:11:30.865] Saved 4096 bytes from buffer to file.
[DBG@19:11:30.865] Added buffer back to pool.
[DBG@19:11:31.125] Saving buffer 8.
[DBG@19:11:31.125] Saved 4096 bytes from buffer to file.
[DBG@19:11:31.125] Added buffer back to pool.
[DBG@19:11:31.385] Saving buffer 9.
[DBG@19:11:31.385] Saved 4096 bytes from buffer to file.
[DBG@19:11:31.385] Added buffer back to pool.
[DBG@19:11:31.635] Saving buffer 10.
[DBG@19:11:31.635] Saved 4096 bytes from buffer to file.
[DBG@19:11:31.635] Added buffer back to pool.
[DBG@19:11:31.895] Saving buffer 11.
[DBG@19:11:31.895] Saved 4096 bytes from buffer to file.
[DBG@19:11:31.895] Added buffer back to pool.
[DBG@19:11:32.145] Saving buffer 12.
[DBG@19:11:32.145] Saved 4096 bytes from buffer to file.
[DBG@19:11:32.145] Added buffer back to pool.
[DBG@19:11:32.405] Saving buffer 13.
[DBG@19:11:32.405] Saved 4096 bytes from buffer to file.
[DBG@19:11:32.405] Added buffer back to pool.
[DBG@19:11:32.665] Saving buffer 14.
[DBG@19:11:32.665] Saved 4096 bytes from buffer to file.
[DBG@19:11:32.665] Added buffer back to pool.
[DBG@19:11:32.915] Saving buffer 15.
[DBG@19:11:32.915] Saved 4096 bytes from buffer to file.
[DBG@19:11:32.915] Added buffer back to pool.
[DBG@19:11:33.175] Saving buffer 0.
[DBG@19:11:33.176] Saved 4096 bytes from buffer to file.
[DBG@19:11:33.176] Added buffer back to pool.
[DBG@19:11:33.425] Saving buffer 1.
[DBG@19:11:33.425] Saved 4096 bytes from buffer to file.
[DBG@19:11:33.425] Added buffer back to pool.
[DBG@19:11:33.685] Saving buffer 2.
[DBG@19:11:33.685] Saved 4096 bytes from buffer to file.
[DBG@19:11:33.685] Added buffer back to pool.
[DBG@19:11:33.945] Saving buffer 3.
[DBG@19:11:33.945] Saved 4096 bytes from buffer to file.
[DBG@19:11:33.945] Added buffer back to pool.
[DBG@19:11:34.195] Saving buffer 4.
[DBG@19:11:34.195] Saved 4096 bytes from buffer to file.
[DBG@19:11:34.195] Added buffer back to pool.
[DBG@19:11:34.455] Saving buffer 5.
[DBG@19:11:34.455] Saved 4096 bytes from buffer to file.
[DBG@19:11:34.455] Added buffer back to pool.
[DBG@19:11:34.705] Saving buffer 6.
[DBG@19:11:34.705] Saved 4096 bytes from buffer to file.
[DBG@19:11:34.705] Added buffer back to pool.
[DBG@19:11:34.965] Saving buffer 7.
[DBG@19:11:34.965] Saved 4096 bytes from buffer to file.
[DBG@19:11:34.965] Added buffer back to pool.
[DBG@19:11:35.225] Saving buffer 8.
[DBG@19:11:35.225] Saved 4096 bytes from buffer to file.
[DBG@19:11:35.225] Added buffer back to pool.
[DBG@19:11:35.475] Saving buffer 9.
[DBG@19:11:35.475] Saved 4096 bytes from buffer to file.
[DBG@19:11:35.475] Added buffer back to pool.
[DBG@19:11:35.735] Saving buffer 10.
[DBG@19:11:35.735] Saved 4096 bytes from buffer to file.
[DBG@19:11:35.735] Added buffer back to pool.
[DBG@19:11:35.985] Saving buffer 11.
[DBG@19:11:35.985] Saved 4096 bytes from buffer to file.
[DBG@19:11:35.985] Added buffer back to pool.
[DBG@19:11:36.245] Saving buffer 12.
[DBG@19:11:36.245] Saved 4096 bytes from buffer to file.
[DBG@19:11:36.245] Added buffer back to pool.
[DBG@19:11:36.505] Saving buffer 13.
[DBG@19:11:36.505] Saved 4096 bytes from buffer to file.
[DBG@19:11:36.505] Added buffer back to pool.
[DBG@19:11:36.755] Saving buffer 14.
[DBG@19:11:36.755] Saved 4096 bytes from buffer to file.
[DBG@19:11:36.755] Added buffer back to pool.
[DBG@19:11:37.015] Saving buffer 15.
[DBG@19:11:37.015] Saved 4096 bytes from buffer to file.
[DBG@19:11:37.015] Added buffer back to pool.
[DBG@19:11:37.265] Saving buffer 0.
[DBG@19:11:37.265] Saved 4096 bytes from buffer to file.
[DBG@19:11:37.266] Added buffer back to pool.
[DBG@19:11:37.525] Saving buffer 1.
[DBG@19:11:37.525] Saved 4096 bytes from buffer to file.
[DBG@19:11:37.525] Added buffer back to pool.
[DBG@19:11:37.785] Saving buffer 2.
[DBG@19:11:37.785] Saved 4096 bytes from buffer to file.
[DBG@19:11:37.785] Added buffer back to pool.
[DBG@19:11:38.035] Saving buffer 3.
[DBG@19:11:38.035] Saved 4096 bytes from buffer to file.
[DBG@19:11:38.035] Added buffer back to pool.
[DBG@19:11:38.295] Saving buffer 4.
[DBG@19:11:38.295] Saved 4096 bytes from buffer to file.
[DBG@19:11:38.295] Added buffer back to pool.
[DBG@19:11:38.545] Saving buffer 5.
[DBG@19:11:38.545] Saved 4096 bytes from buffer to file.
[DBG@19:11:38.545] Added buffer back to pool.
[DBG@19:11:38.805] Saving buffer 6.
[DBG@19:11:38.805] Saved 4096 bytes from buffer to file.
[DBG@19:11:38.805] Added buffer back to pool.
[STD@19:11:38.830] Stopping device
[DBG@19:11:38.831] Saving buffer 7.
[DBG@19:11:38.831] Saved 384 bytes from buffer to file.
[DBG@19:11:38.831] Added buffer back to pool.
[DBG@19:11:38.831] waveInReset (0)
[STD@19:11:38.831] Closing wave file
