[STD@19:20:15.255] Adding buffer 0 to pool
[STD@19:20:15.255] Adding buffer 1 to pool
[STD@19:20:15.256] Adding buffer 2 to pool
[STD@19:20:15.256] Adding buffer 3 to pool
[STD@19:20:15.256] Adding buffer 4 to pool
[STD@19:20:15.257] Adding buffer 5 to pool
[STD@19:20:15.257] Adding buffer 6 to pool
[STD@19:20:15.257] Adding buffer 7 to pool
[STD@19:20:15.257] Adding buffer 8 to pool
[STD@19:20:15.258] Adding buffer 9 to pool
[STD@19:20:15.258] Adding buffer 10 to pool
[STD@19:20:15.259] Adding buffer 11 to pool
[STD@19:20:15.260] Adding buffer 12 to pool
[STD@19:20:15.261] Adding buffer 13 to pool
[STD@19:20:15.261] Adding buffer 14 to pool
[STD@19:20:15.261] Adding buffer 15 to pool
[STD@19:20:15.261] Opening audio file ..\..\logs\LetsGoPublic\20061122\006\LetsGoPublic-20061122-006-input_and_output.raw for output
[STD@19:20:15.263] Starting device
[DBG@19:20:15.525] Saving buffer 0.
[DBG@19:20:15.527] Saved 4096 bytes from buffer to file.
[DBG@19:20:15.527] Added buffer back to pool.
[DBG@19:20:15.784] Saving buffer 1.
[DBG@19:20:15.784] Saved 4096 bytes from buffer to file.
[DBG@19:20:15.784] Added buffer back to pool.
[DBG@19:20:16.034] Saving buffer 2.
[DBG@19:20:16.034] Saved 4096 bytes from buffer to file.
[DBG@19:20:16.034] Added buffer back to pool.
[DBG@19:20:16.294] Saving buffer 3.
[DBG@19:20:16.294] Saved 4096 bytes from buffer to file.
[DBG@19:20:16.294] Added buffer back to pool.
[DBG@19:20:16.544] Saving buffer 4.
[DBG@19:20:16.544] Saved 4096 bytes from buffer to file.
[DBG@19:20:16.544] Added buffer back to pool.
[DBG@19:20:16.804] Saving buffer 5.
[DBG@19:20:16.804] Saved 4096 bytes from buffer to file.
[DBG@19:20:16.804] Added buffer back to pool.
[DBG@19:20:17.064] Saving buffer 6.
[DBG@19:20:17.064] Saved 4096 bytes from buffer to file.
[DBG@19:20:17.064] Added buffer back to pool.
[DBG@19:20:17.314] Saving buffer 7.
[DBG@19:20:17.314] Saved 4096 bytes from buffer to file.
[DBG@19:20:17.314] Added buffer back to pool.
[DBG@19:20:17.574] Saving buffer 8.
[DBG@19:20:17.574] Saved 4096 bytes from buffer to file.
[DBG@19:20:17.574] Added buffer back to pool.
[DBG@19:20:17.824] Saving buffer 9.
[DBG@19:20:17.824] Saved 4096 bytes from buffer to file.
[DBG@19:20:17.824] Added buffer back to pool.
[DBG@19:20:18.084] Saving buffer 10.
[DBG@19:20:18.084] Saved 4096 bytes from buffer to file.
[DBG@19:20:18.084] Added buffer back to pool.
[DBG@19:20:18.344] Saving buffer 11.
[DBG@19:20:18.344] Saved 4096 bytes from buffer to file.
[DBG@19:20:18.344] Added buffer back to pool.
[DBG@19:20:18.594] Saving buffer 12.
[DBG@19:20:18.594] Saved 4096 bytes from buffer to file.
[DBG@19:20:18.594] Added buffer back to pool.
[DBG@19:20:18.854] Saving buffer 13.
[DBG@19:20:18.854] Saved 4096 bytes from buffer to file.
[DBG@19:20:18.854] Added buffer back to pool.
[DBG@19:20:19.104] Saving buffer 14.
[DBG@19:20:19.104] Saved 4096 bytes from buffer to file.
[DBG@19:20:19.104] Added buffer back to pool.
[DBG@19:20:19.364] Saving buffer 15.
[DBG@19:20:19.364] Saved 4096 bytes from buffer to file.
[DBG@19:20:19.364] Added buffer back to pool.
[DBG@19:20:19.624] Saving buffer 0.
[DBG@19:20:19.625] Saved 4096 bytes from buffer to file.
[DBG@19:20:19.625] Added buffer back to pool.
[DBG@19:20:19.874] Saving buffer 1.
[DBG@19:20:19.874] Saved 4096 bytes from buffer to file.
[DBG@19:20:19.874] Added buffer back to pool.
[DBG@19:20:20.134] Saving buffer 2.
[DBG@19:20:20.134] Saved 4096 bytes from buffer to file.
[DBG@19:20:20.134] Added buffer back to pool.
[DBG@19:20:20.384] Saving buffer 3.
[DBG@19:20:20.384] Saved 4096 bytes from buffer to file.
[DBG@19:20:20.384] Added buffer back to pool.
[DBG@19:20:20.644] Saving buffer 4.
[DBG@19:20:20.644] Saved 4096 bytes from buffer to file.
[DBG@19:20:20.644] Added buffer back to pool.
[DBG@19:20:20.904] Saving buffer 5.
[DBG@19:20:20.904] Saved 4096 bytes from buffer to file.
[DBG@19:20:20.904] Added buffer back to pool.
[DBG@19:20:21.154] Saving buffer 6.
[DBG@19:20:21.154] Saved 4096 bytes from buffer to file.
[DBG@19:20:21.154] Added buffer back to pool.
[DBG@19:20:21.414] Saving buffer 7.
[DBG@19:20:21.414] Saved 4096 bytes from buffer to file.
[DBG@19:20:21.414] Added buffer back to pool.
[DBG@19:20:21.664] Saving buffer 8.
[DBG@19:20:21.664] Saved 4096 bytes from buffer to file.
[DBG@19:20:21.664] Added buffer back to pool.
[DBG@19:20:21.924] Saving buffer 9.
[DBG@19:20:21.924] Saved 4096 bytes from buffer to file.
[DBG@19:20:21.924] Added buffer back to pool.
[DBG@19:20:22.184] Saving buffer 10.
[DBG@19:20:22.184] Saved 4096 bytes from buffer to file.
[DBG@19:20:22.184] Added buffer back to pool.
[DBG@19:20:22.434] Saving buffer 11.
[DBG@19:20:22.434] Saved 4096 bytes from buffer to file.
[DBG@19:20:22.434] Added buffer back to pool.
[DBG@19:20:22.694] Saving buffer 12.
[DBG@19:20:22.694] Saved 4096 bytes from buffer to file.
[DBG@19:20:22.694] Added buffer back to pool.
[DBG@19:20:22.944] Saving buffer 13.
[DBG@19:20:22.944] Saved 4096 bytes from buffer to file.
[DBG@19:20:22.944] Added buffer back to pool.
[DBG@19:20:23.204] Saving buffer 14.
[DBG@19:20:23.204] Saved 4096 bytes from buffer to file.
[DBG@19:20:23.204] Added buffer back to pool.
[DBG@19:20:23.464] Saving buffer 15.
[DBG@19:20:23.464] Saved 4096 bytes from buffer to file.
[DBG@19:20:23.464] Added buffer back to pool.
[DBG@19:20:23.714] Saving buffer 0.
[DBG@19:20:23.714] Saved 4096 bytes from buffer to file.
[DBG@19:20:23.714] Added buffer back to pool.
[DBG@19:20:23.974] Saving buffer 1.
[DBG@19:20:23.974] Saved 4096 bytes from buffer to file.
[DBG@19:20:23.974] Added buffer back to pool.
[DBG@19:20:24.224] Saving buffer 2.
[DBG@19:20:24.224] Saved 4096 bytes from buffer to file.
[DBG@19:20:24.224] Added buffer back to pool.
[DBG@19:20:24.484] Saving buffer 3.
[DBG@19:20:24.484] Saved 4096 bytes from buffer to file.
[DBG@19:20:24.484] Added buffer back to pool.
[DBG@19:20:24.744] Saving buffer 4.
[DBG@19:20:24.744] Saved 4096 bytes from buffer to file.
[DBG@19:20:24.744] Added buffer back to pool.
[DBG@19:20:24.994] Saving buffer 5.
[DBG@19:20:24.994] Saved 4096 bytes from buffer to file.
[DBG@19:20:24.994] Added buffer back to pool.
[DBG@19:20:25.254] Saving buffer 6.
[DBG@19:20:25.254] Saved 4096 bytes from buffer to file.
[DBG@19:20:25.254] Added buffer back to pool.
[DBG@19:20:25.504] Saving buffer 7.
[DBG@19:20:25.504] Saved 4096 bytes from buffer to file.
[DBG@19:20:25.504] Added buffer back to pool.
[DBG@19:20:25.764] Saving buffer 8.
[DBG@19:20:25.764] Saved 4096 bytes from buffer to file.
[DBG@19:20:25.916] Added buffer back to pool.
[DBG@19:20:26.024] Saving buffer 9.
[DBG@19:20:26.024] Saved 4096 bytes from buffer to file.
[DBG@19:20:26.024] Added buffer back to pool.
[DBG@19:20:26.274] Saving buffer 10.
[DBG@19:20:26.274] Saved 4096 bytes from buffer to file.
[DBG@19:20:26.274] Added buffer back to pool.
[DBG@19:20:26.533] Saving buffer 11.
[DBG@19:20:26.534] Saved 4096 bytes from buffer to file.
[DBG@19:20:26.534] Added buffer back to pool.
[DBG@19:20:26.783] Saving buffer 12.
[DBG@19:20:26.784] Saved 4096 bytes from buffer to file.
[DBG@19:20:26.784] Added buffer back to pool.
[DBG@19:20:27.043] Saving buffer 13.
[DBG@19:20:27.044] Saved 4096 bytes from buffer to file.
[DBG@19:20:27.044] Added buffer back to pool.
[DBG@19:20:27.303] Saving buffer 14.
[DBG@19:20:27.304] Saved 4096 bytes from buffer to file.
[DBG@19:20:27.304] Added buffer back to pool.
[DBG@19:20:27.553] Saving buffer 15.
[DBG@19:20:27.554] Saved 4096 bytes from buffer to file.
[DBG@19:20:27.554] Added buffer back to pool.
[DBG@19:20:27.813] Saving buffer 0.
[DBG@19:20:27.815] Saved 4096 bytes from buffer to file.
[DBG@19:20:27.815] Added buffer back to pool.
[DBG@19:20:28.063] Saving buffer 1.
[DBG@19:20:28.064] Saved 4096 bytes from buffer to file.
[DBG@19:20:28.064] Added buffer back to pool.
[DBG@19:20:28.323] Saving buffer 2.
[DBG@19:20:28.323] Saved 4096 bytes from buffer to file.
[DBG@19:20:28.324] Added buffer back to pool.
[DBG@19:20:28.583] Saving buffer 3.
[DBG@19:20:28.583] Saved 4096 bytes from buffer to file.
[DBG@19:20:28.584] Added buffer back to pool.
[DBG@19:20:28.833] Saving buffer 4.
[DBG@19:20:28.833] Saved 4096 bytes from buffer to file.
[DBG@19:20:28.834] Added buffer back to pool.
[DBG@19:20:29.093] Saving buffer 5.
[DBG@19:20:29.093] Saved 4096 bytes from buffer to file.
[DBG@19:20:29.094] Added buffer back to pool.
[DBG@19:20:29.343] Saving buffer 6.
[DBG@19:20:29.343] Saved 4096 bytes from buffer to file.
[DBG@19:20:29.344] Added buffer back to pool.
[DBG@19:20:29.603] Saving buffer 7.
[DBG@19:20:29.604] Saved 4096 bytes from buffer to file.
[DBG@19:20:29.604] Added buffer back to pool.
[DBG@19:20:29.863] Saving buffer 8.
[DBG@19:20:29.863] Saved 4096 bytes from buffer to file.
[DBG@19:20:29.864] Added buffer back to pool.
[DBG@19:20:30.113] Saving buffer 9.
[DBG@19:20:30.114] Saved 4096 bytes from buffer to file.
[DBG@19:20:30.114] Added buffer back to pool.
[DBG@19:20:30.373] Saving buffer 10.
[DBG@19:20:30.374] Saved 4096 bytes from buffer to file.
[DBG@19:20:30.374] Added buffer back to pool.
[DBG@19:20:30.623] Saving buffer 11.
[DBG@19:20:30.624] Saved 4096 bytes from buffer to file.
[DBG@19:20:30.624] Added buffer back to pool.
[DBG@19:20:30.883] Saving buffer 12.
[DBG@19:20:30.883] Saved 4096 bytes from buffer to file.
[DBG@19:20:30.884] Added buffer back to pool.
[DBG@19:20:31.143] Saving buffer 13.
[DBG@19:20:31.143] Saved 4096 bytes from buffer to file.
[DBG@19:20:31.143] Added buffer back to pool.
[DBG@19:20:31.393] Saving buffer 14.
[DBG@19:20:31.393] Saved 4096 bytes from buffer to file.
[DBG@19:20:31.393] Added buffer back to pool.
[DBG@19:20:31.653] Saving buffer 15.
[DBG@19:20:31.653] Saved 4096 bytes from buffer to file.
[DBG@19:20:31.653] Added buffer back to pool.
[DBG@19:20:31.903] Saving buffer 0.
[DBG@19:20:31.904] Saved 4096 bytes from buffer to file.
[DBG@19:20:31.904] Added buffer back to pool.
[DBG@19:20:32.163] Saving buffer 1.
[DBG@19:20:32.163] Saved 4096 bytes from buffer to file.
[DBG@19:20:32.163] Added buffer back to pool.
[DBG@19:20:32.423] Saving buffer 2.
[DBG@19:20:32.423] Saved 4096 bytes from buffer to file.
[DBG@19:20:32.423] Added buffer back to pool.
[DBG@19:20:32.673] Saving buffer 3.
[DBG@19:20:32.673] Saved 4096 bytes from buffer to file.
[DBG@19:20:32.673] Added buffer back to pool.
[DBG@19:20:32.933] Saving buffer 4.
[DBG@19:20:32.933] Saved 4096 bytes from buffer to file.
[DBG@19:20:32.933] Added buffer back to pool.
[DBG@19:20:33.183] Saving buffer 5.
[DBG@19:20:33.183] Saved 4096 bytes from buffer to file.
[DBG@19:20:33.183] Added buffer back to pool.
[DBG@19:20:33.443] Saving buffer 6.
[DBG@19:20:33.443] Saved 4096 bytes from buffer to file.
[DBG@19:20:33.443] Added buffer back to pool.
[DBG@19:20:33.703] Saving buffer 7.
[DBG@19:20:33.703] Saved 4096 bytes from buffer to file.
[DBG@19:20:33.703] Added buffer back to pool.
[DBG@19:20:33.953] Saving buffer 8.
[DBG@19:20:33.953] Saved 4096 bytes from buffer to file.
[DBG@19:20:33.953] Added buffer back to pool.
[DBG@19:20:34.213] Saving buffer 9.
[DBG@19:20:34.213] Saved 4096 bytes from buffer to file.
[DBG@19:20:34.213] Added buffer back to pool.
[DBG@19:20:34.463] Saving buffer 10.
[DBG@19:20:34.463] Saved 4096 bytes from buffer to file.
[DBG@19:20:34.463] Added buffer back to pool.
[DBG@19:20:34.723] Saving buffer 11.
[DBG@19:20:34.723] Saved 4096 bytes from buffer to file.
[DBG@19:20:34.723] Added buffer back to pool.
[DBG@19:20:34.983] Saving buffer 12.
[DBG@19:20:34.983] Saved 4096 bytes from buffer to file.
[DBG@19:20:34.983] Added buffer back to pool.
[DBG@19:20:35.233] Saving buffer 13.
[DBG@19:20:35.233] Saved 4096 bytes from buffer to file.
[DBG@19:20:35.233] Added buffer back to pool.
[DBG@19:20:35.493] Saving buffer 14.
[DBG@19:20:35.493] Saved 4096 bytes from buffer to file.
[DBG@19:20:35.493] Added buffer back to pool.
[DBG@19:20:35.743] Saving buffer 15.
[DBG@19:20:35.743] Saved 4096 bytes from buffer to file.
[DBG@19:20:35.743] Added buffer back to pool.
[DBG@19:20:36.003] Saving buffer 0.
[DBG@19:20:36.004] Saved 4096 bytes from buffer to file.
[DBG@19:20:36.004] Added buffer back to pool.
[DBG@19:20:36.263] Saving buffer 1.
[DBG@19:20:36.263] Saved 4096 bytes from buffer to file.
[DBG@19:20:36.263] Added buffer back to pool.
[DBG@19:20:36.513] Saving buffer 2.
[DBG@19:20:36.513] Saved 4096 bytes from buffer to file.
[DBG@19:20:36.513] Added buffer back to pool.
[DBG@19:20:36.773] Saving buffer 3.
[DBG@19:20:36.773] Saved 4096 bytes from buffer to file.
[DBG@19:20:36.773] Added buffer back to pool.
[DBG@19:20:37.023] Saving buffer 4.
[DBG@19:20:37.023] Saved 4096 bytes from buffer to file.
[DBG@19:20:37.023] Added buffer back to pool.
[DBG@19:20:37.283] Saving buffer 5.
[DBG@19:20:37.283] Saved 4096 bytes from buffer to file.
[DBG@19:20:37.283] Added buffer back to pool.
[DBG@19:20:37.543] Saving buffer 6.
[DBG@19:20:37.543] Saved 4096 bytes from buffer to file.
[DBG@19:20:37.543] Added buffer back to pool.
[DBG@19:20:37.793] Saving buffer 7.
[DBG@19:20:37.793] Saved 4096 bytes from buffer to file.
[DBG@19:20:37.793] Added buffer back to pool.
[DBG@19:20:38.053] Saving buffer 8.
[DBG@19:20:38.053] Saved 4096 bytes from buffer to file.
[DBG@19:20:38.053] Added buffer back to pool.
[DBG@19:20:38.303] Saving buffer 9.
[DBG@19:20:38.303] Saved 4096 bytes from buffer to file.
[DBG@19:20:38.303] Added buffer back to pool.
[DBG@19:20:38.563] Saving buffer 10.
[DBG@19:20:38.563] Saved 4096 bytes from buffer to file.
[DBG@19:20:38.563] Added buffer back to pool.
[DBG@19:20:38.823] Saving buffer 11.
[DBG@19:20:38.823] Saved 4096 bytes from buffer to file.
[DBG@19:20:38.823] Added buffer back to pool.
[DBG@19:20:39.073] Saving buffer 12.
[DBG@19:20:39.073] Saved 4096 bytes from buffer to file.
[DBG@19:20:39.073] Added buffer back to pool.
[DBG@19:20:39.333] Saving buffer 13.
[DBG@19:20:39.333] Saved 4096 bytes from buffer to file.
[DBG@19:20:39.333] Added buffer back to pool.
[DBG@19:20:39.583] Saving buffer 14.
[DBG@19:20:39.583] Saved 4096 bytes from buffer to file.
[DBG@19:20:39.583] Added buffer back to pool.
[DBG@19:20:39.843] Saving buffer 15.
[DBG@19:20:39.843] Saved 4096 bytes from buffer to file.
[DBG@19:20:39.843] Added buffer back to pool.
[DBG@19:20:40.103] Saving buffer 0.
[DBG@19:20:40.103] Saved 4096 bytes from buffer to file.
[DBG@19:20:40.104] Added buffer back to pool.
[DBG@19:20:40.353] Saving buffer 1.
[DBG@19:20:40.353] Saved 4096 bytes from buffer to file.
[DBG@19:20:40.353] Added buffer back to pool.
[DBG@19:20:40.613] Saving buffer 2.
[DBG@19:20:40.613] Saved 4096 bytes from buffer to file.
[DBG@19:20:40.613] Added buffer back to pool.
[DBG@19:20:40.863] Saving buffer 3.
[DBG@19:20:40.863] Saved 4096 bytes from buffer to file.
[DBG@19:20:40.863] Added buffer back to pool.
[DBG@19:20:41.123] Saving buffer 4.
[DBG@19:20:41.123] Saved 4096 bytes from buffer to file.
[DBG@19:20:41.123] Added buffer back to pool.
[DBG@19:20:41.383] Saving buffer 5.
[DBG@19:20:41.383] Saved 4096 bytes from buffer to file.
[DBG@19:20:41.383] Added buffer back to pool.
[DBG@19:20:41.633] Saving buffer 6.
[DBG@19:20:41.633] Saved 4096 bytes from buffer to file.
[DBG@19:20:41.633] Added buffer back to pool.
[DBG@19:20:41.893] Saving buffer 7.
[DBG@19:20:41.893] Saved 4096 bytes from buffer to file.
[DBG@19:20:41.893] Added buffer back to pool.
[DBG@19:20:42.143] Saving buffer 8.
[DBG@19:20:42.143] Saved 4096 bytes from buffer to file.
[DBG@19:20:42.143] Added buffer back to pool.
[DBG@19:20:42.403] Saving buffer 9.
[DBG@19:20:42.403] Saved 4096 bytes from buffer to file.
[DBG@19:20:42.403] Added buffer back to pool.
[DBG@19:20:42.663] Saving buffer 10.
[DBG@19:20:42.663] Saved 4096 bytes from buffer to file.
[DBG@19:20:42.663] Added buffer back to pool.
[DBG@19:20:42.913] Saving buffer 11.
[DBG@19:20:42.913] Saved 4096 bytes from buffer to file.
[DBG@19:20:42.913] Added buffer back to pool.
[DBG@19:20:43.173] Saving buffer 12.
[DBG@19:20:43.173] Saved 4096 bytes from buffer to file.
[DBG@19:20:43.173] Added buffer back to pool.
[DBG@19:20:43.423] Saving buffer 13.
[DBG@19:20:43.423] Saved 4096 bytes from buffer to file.
[DBG@19:20:43.423] Added buffer back to pool.
[DBG@19:20:43.683] Saving buffer 14.
[DBG@19:20:43.683] Saved 4096 bytes from buffer to file.
[DBG@19:20:43.683] Added buffer back to pool.
[DBG@19:20:43.943] Saving buffer 15.
[DBG@19:20:43.943] Saved 4096 bytes from buffer to file.
[DBG@19:20:43.943] Added buffer back to pool.
[DBG@19:20:44.193] Saving buffer 0.
[DBG@19:20:44.195] Saved 4096 bytes from buffer to file.
[DBG@19:20:44.195] Added buffer back to pool.
[DBG@19:20:44.453] Saving buffer 1.
[DBG@19:20:44.453] Saved 4096 bytes from buffer to file.
[DBG@19:20:44.453] Added buffer back to pool.
[DBG@19:20:44.703] Saving buffer 2.
[DBG@19:20:44.703] Saved 4096 bytes from buffer to file.
[DBG@19:20:44.703] Added buffer back to pool.
[DBG@19:20:44.963] Saving buffer 3.
[DBG@19:20:44.963] Saved 4096 bytes from buffer to file.
[DBG@19:20:44.963] Added buffer back to pool.
[DBG@19:20:45.223] Saving buffer 4.
[DBG@19:20:45.223] Saved 4096 bytes from buffer to file.
[DBG@19:20:45.223] Added buffer back to pool.
[DBG@19:20:45.473] Saving buffer 5.
[DBG@19:20:45.473] Saved 4096 bytes from buffer to file.
[DBG@19:20:45.473] Added buffer back to pool.
[DBG@19:20:45.733] Saving buffer 6.
[DBG@19:20:45.733] Saved 4096 bytes from buffer to file.
[DBG@19:20:45.733] Added buffer back to pool.
[DBG@19:20:45.983] Saving buffer 7.
[DBG@19:20:45.983] Saved 4096 bytes from buffer to file.
[DBG@19:20:45.983] Added buffer back to pool.
[DBG@19:20:46.243] Saving buffer 8.
[DBG@19:20:46.243] Saved 4096 bytes from buffer to file.
[DBG@19:20:46.243] Added buffer back to pool.
[DBG@19:20:46.503] Saving buffer 9.
[DBG@19:20:46.503] Saved 4096 bytes from buffer to file.
[DBG@19:20:46.505] Added buffer back to pool.
[DBG@19:20:46.753] Saving buffer 10.
[DBG@19:20:46.753] Saved 4096 bytes from buffer to file.
[DBG@19:20:46.753] Added buffer back to pool.
[DBG@19:20:47.013] Saving buffer 11.
[DBG@19:20:47.013] Saved 4096 bytes from buffer to file.
[DBG@19:20:47.013] Added buffer back to pool.
[DBG@19:20:47.263] Saving buffer 12.
[DBG@19:20:47.263] Saved 4096 bytes from buffer to file.
[DBG@19:20:47.263] Added buffer back to pool.
[DBG@19:20:47.523] Saving buffer 13.
[DBG@19:20:47.523] Saved 4096 bytes from buffer to file.
[DBG@19:20:47.523] Added buffer back to pool.
[DBG@19:20:47.783] Saving buffer 14.
[DBG@19:20:47.783] Saved 4096 bytes from buffer to file.
[DBG@19:20:47.783] Added buffer back to pool.
[DBG@19:20:48.033] Saving buffer 15.
[DBG@19:20:48.033] Saved 4096 bytes from buffer to file.
[DBG@19:20:48.033] Added buffer back to pool.
[DBG@19:20:48.293] Saving buffer 0.
[DBG@19:20:48.294] Saved 4096 bytes from buffer to file.
[DBG@19:20:48.295] Added buffer back to pool.
[DBG@19:20:48.543] Saving buffer 1.
[DBG@19:20:48.543] Saved 4096 bytes from buffer to file.
[DBG@19:20:48.543] Added buffer back to pool.
[DBG@19:20:48.803] Saving buffer 2.
[DBG@19:20:48.803] Saved 4096 bytes from buffer to file.
[DBG@19:20:48.806] Added buffer back to pool.
[DBG@19:20:49.063] Saving buffer 3.
[DBG@19:20:49.063] Saved 4096 bytes from buffer to file.
[DBG@19:20:49.063] Added buffer back to pool.
[DBG@19:20:49.313] Saving buffer 4.
[DBG@19:20:49.313] Saved 4096 bytes from buffer to file.
[DBG@19:20:49.313] Added buffer back to pool.
[DBG@19:20:49.573] Saving buffer 5.
[DBG@19:20:49.573] Saved 4096 bytes from buffer to file.
[DBG@19:20:49.573] Added buffer back to pool.
[DBG@19:20:49.823] Saving buffer 6.
[DBG@19:20:49.823] Saved 4096 bytes from buffer to file.
[DBG@19:20:49.823] Added buffer back to pool.
[DBG@19:20:50.083] Saving buffer 7.
[DBG@19:20:50.083] Saved 4096 bytes from buffer to file.
[DBG@19:20:50.083] Added buffer back to pool.
[DBG@19:20:50.343] Saving buffer 8.
[DBG@19:20:50.343] Saved 4096 bytes from buffer to file.
[DBG@19:20:50.343] Added buffer back to pool.
[DBG@19:20:50.593] Saving buffer 9.
[DBG@19:20:50.593] Saved 4096 bytes from buffer to file.
[DBG@19:20:50.612] Added buffer back to pool.
[DBG@19:20:50.853] Saving buffer 10.
[DBG@19:20:50.853] Saved 4096 bytes from buffer to file.
[DBG@19:20:50.854] Added buffer back to pool.
[DBG@19:20:51.102] Saving buffer 11.
[DBG@19:20:51.103] Saved 4096 bytes from buffer to file.
[DBG@19:20:51.103] Added buffer back to pool.
[DBG@19:20:51.362] Saving buffer 12.
[DBG@19:20:51.363] Saved 4096 bytes from buffer to file.
[DBG@19:20:51.363] Added buffer back to pool.
[DBG@19:20:51.622] Saving buffer 13.
[DBG@19:20:51.623] Saved 4096 bytes from buffer to file.
[DBG@19:20:51.623] Added buffer back to pool.
[DBG@19:20:51.872] Saving buffer 14.
[DBG@19:20:51.873] Saved 4096 bytes from buffer to file.
[DBG@19:20:51.873] Added buffer back to pool.
[DBG@19:20:52.132] Saving buffer 15.
[DBG@19:20:52.132] Saved 4096 bytes from buffer to file.
[DBG@19:20:52.133] Added buffer back to pool.
[DBG@19:20:52.382] Saving buffer 0.
[DBG@19:20:52.384] Saved 4096 bytes from buffer to file.
[DBG@19:20:52.384] Added buffer back to pool.
[DBG@19:20:52.643] Saving buffer 1.
[DBG@19:20:52.643] Saved 4096 bytes from buffer to file.
[DBG@19:20:52.643] Added buffer back to pool.
[DBG@19:20:52.902] Saving buffer 2.
[DBG@19:20:52.902] Saved 4096 bytes from buffer to file.
[DBG@19:20:52.903] Added buffer back to pool.
[DBG@19:20:53.152] Saving buffer 3.
[DBG@19:20:53.152] Saved 4096 bytes from buffer to file.
[DBG@19:20:53.153] Added buffer back to pool.
[DBG@19:20:53.412] Saving buffer 4.
[DBG@19:20:53.412] Saved 4096 bytes from buffer to file.
[DBG@19:20:53.413] Added buffer back to pool.
[DBG@19:20:53.662] Saving buffer 5.
[DBG@19:20:53.662] Saved 4096 bytes from buffer to file.
[DBG@19:20:53.663] Added buffer back to pool.
[DBG@19:20:53.922] Saving buffer 6.
[DBG@19:20:53.922] Saved 4096 bytes from buffer to file.
[DBG@19:20:53.923] Added buffer back to pool.
[DBG@19:20:54.182] Saving buffer 7.
[DBG@19:20:54.182] Saved 4096 bytes from buffer to file.
[DBG@19:20:54.183] Added buffer back to pool.
[DBG@19:20:54.432] Saving buffer 8.
[DBG@19:20:54.432] Saved 4096 bytes from buffer to file.
[DBG@19:20:54.433] Added buffer back to pool.
[DBG@19:20:54.692] Saving buffer 9.
[DBG@19:20:54.692] Saved 4096 bytes from buffer to file.
[DBG@19:20:54.692] Added buffer back to pool.
[DBG@19:20:54.942] Saving buffer 10.
[DBG@19:20:54.942] Saved 4096 bytes from buffer to file.
[DBG@19:20:54.943] Added buffer back to pool.
[DBG@19:20:55.202] Saving buffer 11.
[DBG@19:20:55.202] Saved 4096 bytes from buffer to file.
[DBG@19:20:55.202] Added buffer back to pool.
[DBG@19:20:55.462] Saving buffer 12.
[DBG@19:20:55.462] Saved 4096 bytes from buffer to file.
[DBG@19:20:55.463] Added buffer back to pool.
[DBG@19:20:55.712] Saving buffer 13.
[DBG@19:20:55.712] Saved 4096 bytes from buffer to file.
[DBG@19:20:55.712] Added buffer back to pool.
[DBG@19:20:55.972] Saving buffer 14.
[DBG@19:20:55.972] Saved 4096 bytes from buffer to file.
[DBG@19:20:55.972] Added buffer back to pool.
[DBG@19:20:56.222] Saving buffer 15.
[DBG@19:20:56.222] Saved 4096 bytes from buffer to file.
[DBG@19:20:56.222] Added buffer back to pool.
[DBG@19:20:56.482] Saving buffer 0.
[DBG@19:20:56.483] Saved 4096 bytes from buffer to file.
[DBG@19:20:56.483] Added buffer back to pool.
[DBG@19:20:56.742] Saving buffer 1.
[DBG@19:20:56.743] Saved 4096 bytes from buffer to file.
[DBG@19:20:56.743] Added buffer back to pool.
[DBG@19:20:56.993] Saving buffer 2.
[DBG@19:20:56.993] Saved 4096 bytes from buffer to file.
[DBG@19:20:56.993] Added buffer back to pool.
[DBG@19:20:57.252] Saving buffer 3.
[DBG@19:20:57.253] Saved 4096 bytes from buffer to file.
[DBG@19:20:57.253] Added buffer back to pool.
[DBG@19:20:57.502] Saving buffer 4.
[DBG@19:20:57.502] Saved 4096 bytes from buffer to file.
[DBG@19:20:57.502] Added buffer back to pool.
[DBG@19:20:57.762] Saving buffer 5.
[DBG@19:20:57.762] Saved 4096 bytes from buffer to file.
[DBG@19:20:57.763] Added buffer back to pool.
[DBG@19:20:58.022] Saving buffer 6.
[DBG@19:20:58.022] Saved 4096 bytes from buffer to file.
[DBG@19:20:58.022] Added buffer back to pool.
[DBG@19:20:58.272] Saving buffer 7.
[DBG@19:20:58.272] Saved 4096 bytes from buffer to file.
[DBG@19:20:58.272] Added buffer back to pool.
[DBG@19:20:58.532] Saving buffer 8.
[DBG@19:20:58.532] Saved 4096 bytes from buffer to file.
[DBG@19:20:58.532] Added buffer back to pool.
[DBG@19:20:58.782] Saving buffer 9.
[DBG@19:20:58.782] Saved 4096 bytes from buffer to file.
[DBG@19:20:58.782] Added buffer back to pool.
[DBG@19:20:59.042] Saving buffer 10.
[DBG@19:20:59.042] Saved 4096 bytes from buffer to file.
[DBG@19:20:59.042] Added buffer back to pool.
[DBG@19:20:59.302] Saving buffer 11.
[DBG@19:20:59.302] Saved 4096 bytes from buffer to file.
[DBG@19:20:59.302] Added buffer back to pool.
[DBG@19:20:59.552] Saving buffer 12.
[DBG@19:20:59.552] Saved 4096 bytes from buffer to file.
[DBG@19:20:59.552] Added buffer back to pool.
[DBG@19:20:59.812] Saving buffer 13.
[DBG@19:20:59.812] Saved 4096 bytes from buffer to file.
[DBG@19:20:59.813] Added buffer back to pool.
[DBG@19:21:00.062] Saving buffer 14.
[DBG@19:21:00.062] Saved 4096 bytes from buffer to file.
[DBG@19:21:00.063] Added buffer back to pool.
[DBG@19:21:00.322] Saving buffer 15.
[DBG@19:21:00.322] Saved 4096 bytes from buffer to file.
[DBG@19:21:00.322] Added buffer back to pool.
[DBG@19:21:00.582] Saving buffer 0.
[DBG@19:21:00.584] Saved 4096 bytes from buffer to file.
[DBG@19:21:00.584] Added buffer back to pool.
[DBG@19:21:00.832] Saving buffer 1.
[DBG@19:21:00.832] Saved 4096 bytes from buffer to file.
[DBG@19:21:00.833] Added buffer back to pool.
[DBG@19:21:01.092] Saving buffer 2.
[DBG@19:21:01.092] Saved 4096 bytes from buffer to file.
[DBG@19:21:01.093] Added buffer back to pool.
[DBG@19:21:01.342] Saving buffer 3.
[DBG@19:21:01.342] Saved 4096 bytes from buffer to file.
[DBG@19:21:01.343] Added buffer back to pool.
[DBG@19:21:01.602] Saving buffer 4.
[DBG@19:21:01.602] Saved 4096 bytes from buffer to file.
[DBG@19:21:01.603] Added buffer back to pool.
[DBG@19:21:01.862] Saving buffer 5.
[DBG@19:21:01.862] Saved 4096 bytes from buffer to file.
[DBG@19:21:01.862] Added buffer back to pool.
[DBG@19:21:02.112] Saving buffer 6.
[DBG@19:21:02.113] Saved 4096 bytes from buffer to file.
[DBG@19:21:02.113] Added buffer back to pool.
[DBG@19:21:02.372] Saving buffer 7.
[DBG@19:21:02.372] Saved 4096 bytes from buffer to file.
[DBG@19:21:02.372] Added buffer back to pool.
[DBG@19:21:02.622] Saving buffer 8.
[DBG@19:21:02.622] Saved 4096 bytes from buffer to file.
[DBG@19:21:02.622] Added buffer back to pool.
[DBG@19:21:02.882] Saving buffer 9.
[DBG@19:21:02.882] Saved 4096 bytes from buffer to file.
[DBG@19:21:02.883] Added buffer back to pool.
[DBG@19:21:03.142] Saving buffer 10.
[DBG@19:21:03.142] Saved 4096 bytes from buffer to file.
[DBG@19:21:03.142] Added buffer back to pool.
[DBG@19:21:03.392] Saving buffer 11.
[DBG@19:21:03.392] Saved 4096 bytes from buffer to file.
[DBG@19:21:03.392] Added buffer back to pool.
[DBG@19:21:03.652] Saving buffer 12.
[DBG@19:21:03.652] Saved 4096 bytes from buffer to file.
[DBG@19:21:03.652] Added buffer back to pool.
[DBG@19:21:03.902] Saving buffer 13.
[DBG@19:21:03.902] Saved 4096 bytes from buffer to file.
[DBG@19:21:03.902] Added buffer back to pool.
[DBG@19:21:04.162] Saving buffer 14.
[DBG@19:21:04.162] Saved 4096 bytes from buffer to file.
[DBG@19:21:04.162] Added buffer back to pool.
[DBG@19:21:04.422] Saving buffer 15.
[DBG@19:21:04.422] Saved 4096 bytes from buffer to file.
[DBG@19:21:04.423] Added buffer back to pool.
[DBG@19:21:04.672] Saving buffer 0.
[DBG@19:21:04.673] Saved 4096 bytes from buffer to file.
[DBG@19:21:04.673] Added buffer back to pool.
[DBG@19:21:04.932] Saving buffer 1.
[DBG@19:21:04.932] Saved 4096 bytes from buffer to file.
[DBG@19:21:04.933] Added buffer back to pool.
[DBG@19:21:05.182] Saving buffer 2.
[DBG@19:21:05.182] Saved 4096 bytes from buffer to file.
[DBG@19:21:05.182] Added buffer back to pool.
[DBG@19:21:05.442] Saving buffer 3.
[DBG@19:21:05.442] Saved 4096 bytes from buffer to file.
[DBG@19:21:05.442] Added buffer back to pool.
[DBG@19:21:05.702] Saving buffer 4.
[DBG@19:21:05.702] Saved 4096 bytes from buffer to file.
[DBG@19:21:05.702] Added buffer back to pool.
[DBG@19:21:05.952] Saving buffer 5.
[DBG@19:21:05.952] Saved 4096 bytes from buffer to file.
[DBG@19:21:05.952] Added buffer back to pool.
[DBG@19:21:06.212] Saving buffer 6.
[DBG@19:21:06.212] Saved 4096 bytes from buffer to file.
[DBG@19:21:06.212] Added buffer back to pool.
[DBG@19:21:06.462] Saving buffer 7.
[DBG@19:21:06.462] Saved 4096 bytes from buffer to file.
[DBG@19:21:06.462] Added buffer back to pool.
[DBG@19:21:06.722] Saving buffer 8.
[DBG@19:21:06.722] Saved 4096 bytes from buffer to file.
[DBG@19:21:06.722] Added buffer back to pool.
[DBG@19:21:06.982] Saving buffer 9.
[DBG@19:21:06.982] Saved 4096 bytes from buffer to file.
[DBG@19:21:06.982] Added buffer back to pool.
[DBG@19:21:07.232] Saving buffer 10.
[DBG@19:21:07.232] Saved 4096 bytes from buffer to file.
[DBG@19:21:07.232] Added buffer back to pool.
[DBG@19:21:07.492] Saving buffer 11.
[DBG@19:21:07.492] Saved 4096 bytes from buffer to file.
[DBG@19:21:07.492] Added buffer back to pool.
[DBG@19:21:07.742] Saving buffer 12.
[DBG@19:21:07.742] Saved 4096 bytes from buffer to file.
[DBG@19:21:07.742] Added buffer back to pool.
[DBG@19:21:08.002] Saving buffer 13.
[DBG@19:21:08.002] Saved 4096 bytes from buffer to file.
[DBG@19:21:08.002] Added buffer back to pool.
[DBG@19:21:08.262] Saving buffer 14.
[DBG@19:21:08.262] Saved 4096 bytes from buffer to file.
[DBG@19:21:08.262] Added buffer back to pool.
[DBG@19:21:08.512] Saving buffer 15.
[DBG@19:21:08.512] Saved 4096 bytes from buffer to file.
[DBG@19:21:08.512] Added buffer back to pool.
[DBG@19:21:08.772] Saving buffer 0.
[DBG@19:21:08.773] Saved 4096 bytes from buffer to file.
[DBG@19:21:08.774] Added buffer back to pool.
[DBG@19:21:09.022] Saving buffer 1.
[DBG@19:21:09.022] Saved 4096 bytes from buffer to file.
[DBG@19:21:09.022] Added buffer back to pool.
[DBG@19:21:09.282] Saving buffer 2.
[DBG@19:21:09.282] Saved 4096 bytes from buffer to file.
[DBG@19:21:09.282] Added buffer back to pool.
[DBG@19:21:09.542] Saving buffer 3.
[DBG@19:21:09.542] Saved 4096 bytes from buffer to file.
[DBG@19:21:09.542] Added buffer back to pool.
[DBG@19:21:09.792] Saving buffer 4.
[DBG@19:21:09.792] Saved 4096 bytes from buffer to file.
[DBG@19:21:09.792] Added buffer back to pool.
[DBG@19:21:10.052] Saving buffer 5.
[DBG@19:21:10.052] Saved 4096 bytes from buffer to file.
[DBG@19:21:10.052] Added buffer back to pool.
[DBG@19:21:10.302] Saving buffer 6.
[DBG@19:21:10.302] Saved 4096 bytes from buffer to file.
[DBG@19:21:10.302] Added buffer back to pool.
[DBG@19:21:10.562] Saving buffer 7.
[DBG@19:21:10.562] Saved 4096 bytes from buffer to file.
[DBG@19:21:10.562] Added buffer back to pool.
[DBG@19:21:10.822] Saving buffer 8.
[DBG@19:21:10.822] Saved 4096 bytes from buffer to file.
[DBG@19:21:10.822] Added buffer back to pool.
[DBG@19:21:11.072] Saving buffer 9.
[DBG@19:21:11.072] Saved 4096 bytes from buffer to file.
[DBG@19:21:11.072] Added buffer back to pool.
[DBG@19:21:11.332] Saving buffer 10.
[DBG@19:21:11.332] Saved 4096 bytes from buffer to file.
[DBG@19:21:11.332] Added buffer back to pool.
[DBG@19:21:11.582] Saving buffer 11.
[DBG@19:21:11.582] Saved 4096 bytes from buffer to file.
[DBG@19:21:11.582] Added buffer back to pool.
[DBG@19:21:11.842] Saving buffer 12.
[DBG@19:21:11.842] Saved 4096 bytes from buffer to file.
[DBG@19:21:11.842] Added buffer back to pool.
[DBG@19:21:12.102] Saving buffer 13.
[DBG@19:21:12.102] Saved 4096 bytes from buffer to file.
[DBG@19:21:12.102] Added buffer back to pool.
[DBG@19:21:12.352] Saving buffer 14.
[DBG@19:21:12.352] Saved 4096 bytes from buffer to file.
[DBG@19:21:12.352] Added buffer back to pool.
[DBG@19:21:12.612] Saving buffer 15.
[DBG@19:21:12.612] Saved 4096 bytes from buffer to file.
[DBG@19:21:12.612] Added buffer back to pool.
[DBG@19:21:12.862] Saving buffer 0.
[DBG@19:21:12.862] Saved 4096 bytes from buffer to file.
[DBG@19:21:12.862] Added buffer back to pool.
[DBG@19:21:13.122] Saving buffer 1.
[DBG@19:21:13.122] Saved 4096 bytes from buffer to file.
[DBG@19:21:13.122] Added buffer back to pool.
[DBG@19:21:13.382] Saving buffer 2.
[DBG@19:21:13.382] Saved 4096 bytes from buffer to file.
[DBG@19:21:13.382] Added buffer back to pool.
[DBG@19:21:13.631] Saving buffer 3.
[DBG@19:21:13.632] Saved 4096 bytes from buffer to file.
[DBG@19:21:13.632] Added buffer back to pool.
[DBG@19:21:13.892] Saving buffer 4.
[DBG@19:21:13.892] Saved 4096 bytes from buffer to file.
[DBG@19:21:13.892] Added buffer back to pool.
[DBG@19:21:14.141] Saving buffer 5.
[DBG@19:21:14.142] Saved 4096 bytes from buffer to file.
[DBG@19:21:14.142] Added buffer back to pool.
[DBG@19:21:14.401] Saving buffer 6.
[DBG@19:21:14.402] Saved 4096 bytes from buffer to file.
[DBG@19:21:14.402] Added buffer back to pool.
[DBG@19:21:14.661] Saving buffer 7.
[DBG@19:21:14.662] Saved 4096 bytes from buffer to file.
[DBG@19:21:14.662] Added buffer back to pool.
[DBG@19:21:14.911] Saving buffer 8.
[DBG@19:21:14.912] Saved 4096 bytes from buffer to file.
[DBG@19:21:14.912] Added buffer back to pool.
[DBG@19:21:15.171] Saving buffer 9.
[DBG@19:21:15.172] Saved 4096 bytes from buffer to file.
[DBG@19:21:15.172] Added buffer back to pool.
[DBG@19:21:15.421] Saving buffer 10.
[DBG@19:21:15.422] Saved 4096 bytes from buffer to file.
[DBG@19:21:15.422] Added buffer back to pool.
[DBG@19:21:15.681] Saving buffer 11.
[DBG@19:21:15.682] Saved 4096 bytes from buffer to file.
[DBG@19:21:15.682] Added buffer back to pool.
[DBG@19:21:15.941] Saving buffer 12.
[DBG@19:21:15.942] Saved 4096 bytes from buffer to file.
[DBG@19:21:15.942] Added buffer back to pool.
[DBG@19:21:16.191] Saving buffer 13.
[DBG@19:21:16.192] Saved 4096 bytes from buffer to file.
[DBG@19:21:16.192] Added buffer back to pool.
[DBG@19:21:16.451] Saving buffer 14.
[DBG@19:21:16.452] Saved 4096 bytes from buffer to file.
[DBG@19:21:16.452] Added buffer back to pool.
[DBG@19:21:16.701] Saving buffer 15.
[DBG@19:21:16.702] Saved 4096 bytes from buffer to file.
[DBG@19:21:16.702] Added buffer back to pool.
[DBG@19:21:16.961] Saving buffer 0.
[DBG@19:21:16.963] Saved 4096 bytes from buffer to file.
[DBG@19:21:16.963] Added buffer back to pool.
[DBG@19:21:17.222] Saving buffer 1.
[DBG@19:21:17.222] Saved 4096 bytes from buffer to file.
[DBG@19:21:17.222] Added buffer back to pool.
[DBG@19:21:17.471] Saving buffer 2.
[DBG@19:21:17.471] Saved 4096 bytes from buffer to file.
[DBG@19:21:17.472] Added buffer back to pool.
[DBG@19:21:17.732] Saving buffer 3.
[DBG@19:21:17.732] Saved 4096 bytes from buffer to file.
[DBG@19:21:17.732] Added buffer back to pool.
[DBG@19:21:17.981] Saving buffer 4.
[DBG@19:21:17.982] Saved 4096 bytes from buffer to file.
[DBG@19:21:17.982] Added buffer back to pool.
[DBG@19:21:18.242] Saving buffer 5.
[DBG@19:21:18.242] Saved 4096 bytes from buffer to file.
[DBG@19:21:18.242] Added buffer back to pool.
[DBG@19:21:18.501] Saving buffer 6.
[DBG@19:21:18.502] Saved 4096 bytes from buffer to file.
[DBG@19:21:18.502] Added buffer back to pool.
[DBG@19:21:18.751] Saving buffer 7.
[DBG@19:21:18.752] Saved 4096 bytes from buffer to file.
[DBG@19:21:18.752] Added buffer back to pool.
[DBG@19:21:19.011] Saving buffer 8.
[DBG@19:21:19.011] Saved 4096 bytes from buffer to file.
[DBG@19:21:19.012] Added buffer back to pool.
[DBG@19:21:19.261] Saving buffer 9.
[DBG@19:21:19.262] Saved 4096 bytes from buffer to file.
[DBG@19:21:19.297] Added buffer back to pool.
[DBG@19:21:19.521] Saving buffer 10.
[DBG@19:21:19.521] Saved 4096 bytes from buffer to file.
[DBG@19:21:19.522] Added buffer back to pool.
[DBG@19:21:19.781] Saving buffer 11.
[DBG@19:21:19.781] Saved 4096 bytes from buffer to file.
[DBG@19:21:19.781] Added buffer back to pool.
[DBG@19:21:20.031] Saving buffer 12.
[DBG@19:21:20.031] Saved 4096 bytes from buffer to file.
[DBG@19:21:20.032] Added buffer back to pool.
[DBG@19:21:20.291] Saving buffer 13.
[DBG@19:21:20.291] Saved 4096 bytes from buffer to file.
[DBG@19:21:20.291] Added buffer back to pool.
[DBG@19:21:20.541] Saving buffer 14.
[DBG@19:21:20.542] Saved 4096 bytes from buffer to file.
[DBG@19:21:20.542] Added buffer back to pool.
[DBG@19:21:20.801] Saving buffer 15.
[DBG@19:21:20.802] Saved 4096 bytes from buffer to file.
[DBG@19:21:20.802] Added buffer back to pool.
[DBG@19:21:21.061] Saving buffer 0.
[DBG@19:21:21.063] Saved 4096 bytes from buffer to file.
[DBG@19:21:21.063] Added buffer back to pool.
[DBG@19:21:21.311] Saving buffer 1.
[DBG@19:21:21.312] Saved 4096 bytes from buffer to file.
[DBG@19:21:21.312] Added buffer back to pool.
[DBG@19:21:21.571] Saving buffer 2.
[DBG@19:21:21.571] Saved 4096 bytes from buffer to file.
[DBG@19:21:21.572] Added buffer back to pool.
[DBG@19:21:21.821] Saving buffer 3.
[DBG@19:21:21.821] Saved 4096 bytes from buffer to file.
[DBG@19:21:21.822] Added buffer back to pool.
[DBG@19:21:22.081] Saving buffer 4.
[DBG@19:21:22.081] Saved 4096 bytes from buffer to file.
[DBG@19:21:22.082] Added buffer back to pool.
[DBG@19:21:22.341] Saving buffer 5.
[DBG@19:21:22.342] Saved 4096 bytes from buffer to file.
[DBG@19:21:22.342] Added buffer back to pool.
[DBG@19:21:22.591] Saving buffer 6.
[DBG@19:21:22.591] Saved 4096 bytes from buffer to file.
[DBG@19:21:22.591] Added buffer back to pool.
[DBG@19:21:22.851] Saving buffer 7.
[DBG@19:21:22.851] Saved 4096 bytes from buffer to file.
[DBG@19:21:22.851] Added buffer back to pool.
[DBG@19:21:23.101] Saving buffer 8.
[DBG@19:21:23.101] Saved 4096 bytes from buffer to file.
[DBG@19:21:23.101] Added buffer back to pool.
[DBG@19:21:23.361] Saving buffer 9.
[DBG@19:21:23.361] Saved 4096 bytes from buffer to file.
[DBG@19:21:23.361] Added buffer back to pool.
[DBG@19:21:23.621] Saving buffer 10.
[DBG@19:21:23.622] Saved 4096 bytes from buffer to file.
[DBG@19:21:23.622] Added buffer back to pool.
[DBG@19:21:23.871] Saving buffer 11.
[DBG@19:21:23.872] Saved 4096 bytes from buffer to file.
[DBG@19:21:23.872] Added buffer back to pool.
[DBG@19:21:24.131] Saving buffer 12.
[DBG@19:21:24.132] Saved 4096 bytes from buffer to file.
[DBG@19:21:24.132] Added buffer back to pool.
[DBG@19:21:24.381] Saving buffer 13.
[DBG@19:21:24.381] Saved 4096 bytes from buffer to file.
[DBG@19:21:24.382] Added buffer back to pool.
[DBG@19:21:24.641] Saving buffer 14.
[DBG@19:21:24.641] Saved 4096 bytes from buffer to file.
[DBG@19:21:24.642] Added buffer back to pool.
[DBG@19:21:24.901] Saving buffer 15.
[DBG@19:21:24.901] Saved 4096 bytes from buffer to file.
[DBG@19:21:24.901] Added buffer back to pool.
[DBG@19:21:25.151] Saving buffer 0.
[DBG@19:21:25.153] Saved 4096 bytes from buffer to file.
[DBG@19:21:25.153] Added buffer back to pool.
[DBG@19:21:25.411] Saving buffer 1.
[DBG@19:21:25.521] Saved 4096 bytes from buffer to file.
[DBG@19:21:25.521] Added buffer back to pool.
[DBG@19:21:25.661] Saving buffer 2.
[DBG@19:21:25.661] Saved 4096 bytes from buffer to file.
[DBG@19:21:25.661] Added buffer back to pool.
[DBG@19:21:25.921] Saving buffer 3.
[DBG@19:21:25.921] Saved 4096 bytes from buffer to file.
[DBG@19:21:25.921] Added buffer back to pool.
[DBG@19:21:26.181] Saving buffer 4.
[DBG@19:21:26.181] Saved 4096 bytes from buffer to file.
[DBG@19:21:26.182] Added buffer back to pool.
[DBG@19:21:26.431] Saving buffer 5.
[DBG@19:21:26.431] Saved 4096 bytes from buffer to file.
[DBG@19:21:26.432] Added buffer back to pool.
[DBG@19:21:26.691] Saving buffer 6.
[DBG@19:21:26.691] Saved 4096 bytes from buffer to file.
[DBG@19:21:26.692] Added buffer back to pool.
[DBG@19:21:26.941] Saving buffer 7.
[DBG@19:21:26.941] Saved 4096 bytes from buffer to file.
[DBG@19:21:26.942] Added buffer back to pool.
[STD@19:21:27.015] Stopping device
[DBG@19:21:27.015] Saving buffer 8.
[DBG@19:21:27.015] Saved 1120 bytes from buffer to file.
[DBG@19:21:27.015] Added buffer back to pool.
[DBG@19:21:27.016] waveInReset (0)
[STD@19:21:27.016] Closing wave file
