INFO: \Projects\RoomLine-Blackmore\Agents\sphinx2\src\libsphinx2\fbs_main.c(1210): Previous logfile: '..\..\logs\LetsGoPublic\20061122\004\LetsGoPublic-20061122-004-sphinx_female.log'
sphinx_client \
 -live TRUE \
 -normmean TRUE \
 -nmprior TRUE \
 -samp 8000 \
 -topsenfrm 4 \
 -topsenthresh \
 -80000 \
 -fwdflat FALSE \
 -compallsen TRUE \
 -bestpath FALSE \
 -latsize 500000 \
 -top 4 \
 -fillpen 1e-10 \
 -nwpen 0.01 \
 -silpen 0.005 \
 -inspen 0.65 \
 -langwt 8.5 \
 -ugwt 0.7 \
 -beam 2e-6 \
 -npbeam 2e-6 \
 -nwbeam 5e-4 \
 -lpbeam 2e-5 \
 -lponlybeam 5e-4 \
 -fwdflatbeam 1e-8 \
 -fwdflatnwbeam 3e-4 \
 -rescorelw 9.5 \
 -lmctlfn LanguageModel/LetsGoPublic2.371/LetsGoPublic_LM.ctl \
 -dictfn Dictionary/LetsGoPublic2.371/vocab.dic \
 -ndictfn Dictionary/LetsGoPublic2.371/noise.dic \
 -phnfn adapted\LetsGoPublic2.615\female.sphinx2\phone \
 -mapfn adapted\LetsGoPublic2.615\female.sphinx2\map \
 -sendumpfn adapted\LetsGoPublic2.615\female.sphinx2\sendump \
 -hmmdir adapted\LetsGoPublic2.615\female.sphinx2 \
 -hmmdirlist adapted\LetsGoPublic2.615\female.sphinx2 \
 -cbdir adapted\LetsGoPublic2.615\female.sphinx2 \
 -8bsen TRUE \
 -logfn .\sphinx_female.log \
 -argfile female-phone.arg 

[19:13:57.455] Processing input...
[19:13:57.455] Received 27 bytes...
[19:13:57.455] Processing command: engine_set_lm first_query 

[19:13:57.455] set lm: first_query
INFO: \Projects\RoomLine-Blackmore\Agents\sphinx2\src\libsphinx2\search.c(3619): Creating search tree
INFO: \Projects\RoomLine-Blackmore\Agents\sphinx2\src\libsphinx2\search.c(3742): 339 root, 50227 non-root channels, 30 single-phone words
INFO: \Projects\RoomLine-Blackmore\Agents\sphinx2\src\libsphinx2\uttproc.c(1752): LM= "first_query"
[19:20:15.277] Processing input...
[19:20:15.277] Received 82 bytes...
[19:20:15.277] Processing command: engine_new_session ..\..\logs\LetsGoPublic\20061122\006\LetsGoPublic-20061122-006

[19:20:15.277] new session
INFO: \Projects\RoomLine-Blackmore\Agents\sphinx2\src\libsphinx2\fbs_main.c(1186): uttproc_set_logfile(..\..\logs\LetsGoPublic\20061122\006\LetsGoPublic-20061122-006-sphinx_female.log)
